<?xml version="1.0" encoding="UTF-8"?>
<testsuite xmlns:xsi="http://www.w3.org/2001/XMLSchema-instance" xsi:noNamespaceSchemaLocation="https://maven.apache.org/surefire/maven-surefire-plugin/xsd/surefire-test-report-3.0.xsd" version="3.0" name="runners.CucumberRunner" time="170.798" tests="10" errors="0" skipped="0" failures="0">
  <properties>
    <property name="java.specification.version" value="17"/>
    <property name="webdriver.chrome.driver" value="C:\Users\yasemin\.cache\selenium\chromedriver\win32\97.0.4692.71\chromedriver.exe"/>
    <property name="sun.cpu.isalist" value="amd64"/>
    <property name="sun.jnu.encoding" value="Cp1252"/>
    <property name="java.class.path" value="C:\Users\yasemin\Desktop\n11-bootcamp\n11TestAutomationCase1\target\test-classes;C:\Users\yasemin\Desktop\n11-bootcamp\n11TestAutomationCase1\target\classes;C:\Users\yasemin\.m2\repository\net\serenity-bdd\serenity-core\3.1.20\serenity-core-3.1.20.jar;C:\Users\yasemin\.m2\repository\net\serenity-bdd\serenity-model\3.1.20\serenity-model-3.1.20.jar;C:\Users\yasemin\.m2\repository\org\apache\commons\commons-text\1.9\commons-text-1.9.jar;C:\Users\yasemin\.m2\repository\commons-net\commons-net\3.6\commons-net-3.6.jar;C:\Users\yasemin\.m2\repository\com\google\guava\guava\31.0.1-jre\guava-31.0.1-jre.jar;C:\Users\yasemin\.m2\repository\com\google\guava\failureaccess\1.0.1\failureaccess-1.0.1.jar;C:\Users\yasemin\.m2\repository\com\google\guava\listenablefuture\9999.0-empty-to-avoid-conflict-with-guava\listenablefuture-9999.0-empty-to-avoid-conflict-with-guava.jar;C:\Users\yasemin\.m2\repository\com\google\code\findbugs\jsr305\3.0.2\jsr305-3.0.2.jar;C:\Users\yasemin\.m2\repository\org\checkerframework\checker-qual\3.12.0\checker-qual-3.12.0.jar;C:\Users\yasemin\.m2\repository\com\google\errorprone\error_prone_annotations\2.7.1\error_prone_annotations-2.7.1.jar;C:\Users\yasemin\.m2\repository\com\google\j2objc\j2objc-annotations\1.3\j2objc-annotations-1.3.jar;C:\Users\yasemin\.m2\repository\com\google\inject\guice\5.0.1\guice-5.0.1.jar;C:\Users\yasemin\.m2\repository\javax\inject\javax.inject\1\javax.inject-1.jar;C:\Users\yasemin\.m2\repository\aopalliance\aopalliance\1.0\aopalliance-1.0.jar;C:\Users\yasemin\.m2\repository\com\thoughtworks\xstream\xstream\1.4.18\xstream-1.4.18.jar;C:\Users\yasemin\.m2\repository\io\github\x-stream\mxparser\1.2.2\mxparser-1.2.2.jar;C:\Users\yasemin\.m2\repository\xmlpull\xmlpull\1.1.3.1\xmlpull-1.1.3.1.jar;C:\Users\yasemin\.m2\repository\io\cucumber\cucumber-java\7.1.0\cucumber-java-7.1.0.jar;C:\Users\yasemin\.m2\repository\com\typesafe\config\1.3.1\config-1.3.1.jar;C:\Users\yasemin\.m2\repository\org\imgscalr\imgscalr-lib\4.2\imgscalr-lib-4.2.jar;C:\Users\yasemin\.m2\repository\org\awaitility\awaitility\4.1.0\awaitility-4.1.0.jar;C:\Users\yasemin\.m2\repository\org\freemarker\freemarker\2.3.31\freemarker-2.3.31.jar;C:\Users\yasemin\.m2\repository\io\github\classgraph\classgraph\4.8.138\classgraph-4.8.138.jar;C:\Users\yasemin\.m2\repository\net\sourceforge\jexcelapi\jxl\2.6.12\jxl-2.6.12.jar;C:\Users\yasemin\.m2\repository\net\bytebuddy\byte-buddy\1.12.3\byte-buddy-1.12.3.jar;C:\Users\yasemin\.m2\repository\net\bytebuddy\byte-buddy-agent\1.12.3\byte-buddy-agent-1.12.3.jar;C:\Users\yasemin\.m2\repository\org\objenesis\objenesis\3.1\objenesis-3.1.jar;C:\Users\yasemin\.m2\repository\net\serenity-bdd\serenity-reports\3.1.20\serenity-reports-3.1.20.jar;C:\Users\yasemin\.m2\repository\com\vladsch\flexmark\flexmark-all\0.34.30\flexmark-all-0.34.30.jar;C:\Users\yasemin\.m2\repository\com\vladsch\flexmark\flexmark\0.34.30\flexmark-0.34.30.jar;C:\Users\yasemin\.m2\repository\com\vladsch\flexmark\flexmark-ext-abbreviation\0.34.30\flexmark-ext-abbreviation-0.34.30.jar;C:\Users\yasemin\.m2\repository\com\vladsch\flexmark\flexmark-ext-admonition\0.34.30\flexmark-ext-admonition-0.34.30.jar;C:\Users\yasemin\.m2\repository\com\vladsch\flexmark\flexmark-ext-anchorlink\0.34.30\flexmark-ext-anchorlink-0.34.30.jar;C:\Users\yasemin\.m2\repository\com\vladsch\flexmark\flexmark-ext-aside\0.34.30\flexmark-ext-aside-0.34.30.jar;C:\Users\yasemin\.m2\repository\com\vladsch\flexmark\flexmark-ext-attributes\0.34.30\flexmark-ext-attributes-0.34.30.jar;C:\Users\yasemin\.m2\repository\com\vladsch\flexmark\flexmark-ext-autolink\0.34.30\flexmark-ext-autolink-0.34.30.jar;C:\Users\yasemin\.m2\repository\org\nibor\autolink\autolink\0.6.0\autolink-0.6.0.jar;C:\Users\yasemin\.m2\repository\com\vladsch\flexmark\flexmark-ext-definition\0.34.30\flexmark-ext-definition-0.34.30.jar;C:\Users\yasemin\.m2\repository\com\vladsch\flexmark\flexmark-ext-emoji\0.34.30\flexmark-ext-emoji-0.34.30.jar;C:\Users\yasemin\.m2\repository\com\vladsch\flexmark\flexmark-ext-enumerated-reference\0.34.30\flexmark-ext-enumerated-reference-0.34.30.jar;C:\Users\yasemin\.m2\repository\com\vladsch\flexmark\flexmark-ext-escaped-character\0.34.30\flexmark-ext-escaped-character-0.34.30.jar;C:\Users\yasemin\.m2\repository\com\vladsch\flexmark\flexmark-ext-footnotes\0.34.30\flexmark-ext-footnotes-0.34.30.jar;C:\Users\yasemin\.m2\repository\com\vladsch\flexmark\flexmark-ext-gfm-issues\0.34.30\flexmark-ext-gfm-issues-0.34.30.jar;C:\Users\yasemin\.m2\repository\com\vladsch\flexmark\flexmark-ext-gfm-strikethrough\0.34.30\flexmark-ext-gfm-strikethrough-0.34.30.jar;C:\Users\yasemin\.m2\repository\com\vladsch\flexmark\flexmark-ext-gfm-tables\0.34.30\flexmark-ext-gfm-tables-0.34.30.jar;C:\Users\yasemin\.m2\repository\com\vladsch\flexmark\flexmark-ext-gfm-tasklist\0.34.30\flexmark-ext-gfm-tasklist-0.34.30.jar;C:\Users\yasemin\.m2\repository\com\vladsch\flexmark\flexmark-ext-gfm-users\0.34.30\flexmark-ext-gfm-users-0.34.30.jar;C:\Users\yasemin\.m2\repository\com\vladsch\flexmark\flexmark-ext-gitlab\0.34.30\flexmark-ext-gitlab-0.34.30.jar;C:\Users\yasemin\.m2\repository\com\vladsch\flexmark\flexmark-ext-jekyll-front-matter\0.34.30\flexmark-ext-jekyll-front-matter-0.34.30.jar;C:\Users\yasemin\.m2\repository\com\vladsch\flexmark\flexmark-ext-jekyll-tag\0.34.30\flexmark-ext-jekyll-tag-0.34.30.jar;C:\Users\yasemin\.m2\repository\com\vladsch\flexmark\flexmark-ext-media-tags\0.34.30\flexmark-ext-media-tags-0.34.30.jar;C:\Users\yasemin\.m2\repository\com\vladsch\flexmark\flexmark-test-util\0.34.30\flexmark-test-util-0.34.30.jar;C:\Users\yasemin\.m2\repository\com\vladsch\flexmark\flexmark-ext-ins\0.34.30\flexmark-ext-ins-0.34.30.jar;C:\Users\yasemin\.m2\repository\com\vladsch\flexmark\flexmark-ext-xwiki-macros\0.34.30\flexmark-ext-xwiki-macros-0.34.30.jar;C:\Users\yasemin\.m2\repository\com\vladsch\flexmark\flexmark-ext-superscript\0.34.30\flexmark-ext-superscript-0.34.30.jar;C:\Users\yasemin\.m2\repository\com\vladsch\flexmark\flexmark-ext-tables\0.34.30\flexmark-ext-tables-0.34.30.jar;C:\Users\yasemin\.m2\repository\com\vladsch\flexmark\flexmark-ext-toc\0.34.30\flexmark-ext-toc-0.34.30.jar;C:\Users\yasemin\.m2\repository\com\vladsch\flexmark\flexmark-ext-typographic\0.34.30\flexmark-ext-typographic-0.34.30.jar;C:\Users\yasemin\.m2\repository\com\vladsch\flexmark\flexmark-ext-wikilink\0.34.30\flexmark-ext-wikilink-0.34.30.jar;C:\Users\yasemin\.m2\repository\com\vladsch\flexmark\flexmark-ext-yaml-front-matter\0.34.30\flexmark-ext-yaml-front-matter-0.34.30.jar;C:\Users\yasemin\.m2\repository\com\vladsch\flexmark\flexmark-ext-youtube-embedded\0.34.30\flexmark-ext-youtube-embedded-0.34.30.jar;C:\Users\yasemin\.m2\repository\com\vladsch\flexmark\flexmark-formatter\0.34.30\flexmark-formatter-0.34.30.jar;C:\Users\yasemin\.m2\repository\com\vladsch\flexmark\flexmark-html-parser\0.34.30\flexmark-html-parser-0.34.30.jar;C:\Users\yasemin\.m2\repository\com\vladsch\flexmark\flexmark-jira-converter\0.34.30\flexmark-jira-converter-0.34.30.jar;C:\Users\yasemin\.m2\repository\com\vladsch\flexmark\flexmark-pdf-converter\0.34.30\flexmark-pdf-converter-0.34.30.jar;C:\Users\yasemin\.m2\repository\com\openhtmltopdf\openhtmltopdf-core\0.0.1-RC13\openhtmltopdf-core-0.0.1-RC13.jar;C:\Users\yasemin\.m2\repository\com\openhtmltopdf\openhtmltopdf-pdfbox\0.0.1-RC13\openhtmltopdf-pdfbox-0.0.1-RC13.jar;C:\Users\yasemin\.m2\repository\org\apache\pdfbox\pdfbox\2.0.8\pdfbox-2.0.8.jar;C:\Users\yasemin\.m2\repository\org\apache\pdfbox\fontbox\2.0.8\fontbox-2.0.8.jar;C:\Users\yasemin\.m2\repository\commons-logging\commons-logging\1.2\commons-logging-1.2.jar;C:\Users\yasemin\.m2\repository\org\apache\pdfbox\xmpbox\2.0.8\xmpbox-2.0.8.jar;C:\Users\yasemin\.m2\repository\de\rototor\pdfbox\graphics2d\0.12\graphics2d-0.12.jar;C:\Users\yasemin\.m2\repository\com\openhtmltopdf\openhtmltopdf-rtl-support\0.0.1-RC13\openhtmltopdf-rtl-support-0.0.1-RC13.jar;C:\Users\yasemin\.m2\repository\com\ibm\icu\icu4j\59.1\icu4j-59.1.jar;C:\Users\yasemin\.m2\repository\com\openhtmltopdf\openhtmltopdf-jsoup-dom-converter\0.0.1-RC13\openhtmltopdf-jsoup-dom-converter-0.0.1-RC13.jar;C:\Users\yasemin\.m2\repository\com\vladsch\flexmark\flexmark-profile-pegdown\0.34.30\flexmark-profile-pegdown-0.34.30.jar;C:\Users\yasemin\.m2\repository\com\vladsch\flexmark\flexmark-util\0.34.30\flexmark-util-0.34.30.jar;C:\Users\yasemin\.m2\repository\com\vladsch\flexmark\flexmark-youtrack-converter\0.34.30\flexmark-youtrack-converter-0.34.30.jar;C:\Users\yasemin\.m2\repository\es\nitaur\markdown\txtmark\0.16\txtmark-0.16.jar;C:\Users\yasemin\.m2\repository\net\serenity-bdd\serenity-report-resources\3.1.20\serenity-report-resources-3.1.20.jar;C:\Users\yasemin\.m2\repository\com\google\code\gson\gson\2.8.8\gson-2.8.8.jar;C:\Users\yasemin\.m2\repository\com\fasterxml\jackson\core\jackson-core\2.12.4\jackson-core-2.12.4.jar;C:\Users\yasemin\.m2\repository\com\fasterxml\jackson\core\jackson-databind\2.12.4\jackson-databind-2.12.4.jar;C:\Users\yasemin\.m2\repository\com\fasterxml\jackson\core\jackson-annotations\2.12.4\jackson-annotations-2.12.4.jar;C:\Users\yasemin\.m2\repository\commons-codec\commons-codec\1.15\commons-codec-1.15.jar;C:\Users\yasemin\.m2\repository\commons-io\commons-io\2.8.0\commons-io-2.8.0.jar;C:\Users\yasemin\.m2\repository\org\seleniumhq\selenium\selenium-java\4.1.2\selenium-java-4.1.2.jar;C:\Users\yasemin\.m2\repository\org\seleniumhq\selenium\selenium-devtools-v85\4.1.2\selenium-devtools-v85-4.1.2.jar;C:\Users\yasemin\.m2\repository\org\seleniumhq\selenium\selenium-devtools-v95\4.1.2\selenium-devtools-v95-4.1.2.jar;C:\Users\yasemin\.m2\repository\org\seleniumhq\selenium\selenium-devtools-v96\4.1.2\selenium-devtools-v96-4.1.2.jar;C:\Users\yasemin\.m2\repository\org\seleniumhq\selenium\selenium-devtools-v97\4.1.2\selenium-devtools-v97-4.1.2.jar;C:\Users\yasemin\.m2\repository\org\seleniumhq\selenium\selenium-firefox-xpi-driver\4.1.2\selenium-firefox-xpi-driver-4.1.2.jar;C:\Users\yasemin\.m2\repository\org\seleniumhq\selenium\selenium-opera-driver\4.1.2\selenium-opera-driver-4.1.2.jar;C:\Users\yasemin\.m2\repository\org\seleniumhq\selenium\selenium-remote-driver\4.1.2\selenium-remote-driver-4.1.2.jar;C:\Users\yasemin\.m2\repository\com\beust\jcommander\1.82\jcommander-1.82.jar;C:\Users\yasemin\.m2\repository\io\netty\netty-buffer\4.1.73.Final\netty-buffer-4.1.73.Final.jar;C:\Users\yasemin\.m2\repository\io\netty\netty-codec-http\4.1.73.Final\netty-codec-http-4.1.73.Final.jar;C:\Users\yasemin\.m2\repository\io\netty\netty-codec\4.1.73.Final\netty-codec-4.1.73.Final.jar;C:\Users\yasemin\.m2\repository\io\netty\netty-handler\4.1.73.Final\netty-handler-4.1.73.Final.jar;C:\Users\yasemin\.m2\repository\io\netty\netty-tcnative-classes\2.0.46.Final\netty-tcnative-classes-2.0.46.Final.jar;C:\Users\yasemin\.m2\repository\io\netty\netty-common\4.1.73.Final\netty-common-4.1.73.Final.jar;C:\Users\yasemin\.m2\repository\io\netty\netty-transport-classes-epoll\4.1.73.Final\netty-transport-classes-epoll-4.1.73.Final.jar;C:\Users\yasemin\.m2\repository\io\netty\netty-transport-classes-kqueue\4.1.73.Final\netty-transport-classes-kqueue-4.1.73.Final.jar;C:\Users\yasemin\.m2\repository\io\netty\netty-transport-native-epoll\4.1.73.Final\netty-transport-native-epoll-4.1.73.Final.jar;C:\Users\yasemin\.m2\repository\io\netty\netty-transport-native-kqueue\4.1.73.Final\netty-transport-native-kqueue-4.1.73.Final.jar;C:\Users\yasemin\.m2\repository\io\netty\netty-transport-native-unix-common\4.1.73.Final\netty-transport-native-unix-common-4.1.73.Final.jar;C:\Users\yasemin\.m2\repository\io\netty\netty-transport\4.1.73.Final\netty-transport-4.1.73.Final.jar;C:\Users\yasemin\.m2\repository\io\netty\netty-resolver\4.1.73.Final\netty-resolver-4.1.73.Final.jar;C:\Users\yasemin\.m2\repository\io\opentelemetry\opentelemetry-api\1.10.1\opentelemetry-api-1.10.1.jar;C:\Users\yasemin\.m2\repository\io\opentelemetry\opentelemetry-context\1.10.1\opentelemetry-context-1.10.1.jar;C:\Users\yasemin\.m2\repository\io\opentelemetry\opentelemetry-exporter-logging\1.10.1\opentelemetry-exporter-logging-1.10.1.jar;C:\Users\yasemin\.m2\repository\io\opentelemetry\opentelemetry-sdk-metrics\1.10.1-alpha\opentelemetry-sdk-metrics-1.10.1-alpha.jar;C:\Users\yasemin\.m2\repository\io\opentelemetry\opentelemetry-sdk-logs\1.10.1-alpha\opentelemetry-sdk-logs-1.10.1-alpha.jar;C:\Users\yasemin\.m2\repository\io\opentelemetry\opentelemetry-sdk-common\1.10.1\opentelemetry-sdk-common-1.10.1.jar;C:\Users\yasemin\.m2\repository\io\opentelemetry\opentelemetry-sdk-extension-autoconfigure-spi\1.10.1\opentelemetry-sdk-extension-autoconfigure-spi-1.10.1.jar;C:\Users\yasemin\.m2\repository\io\opentelemetry\opentelemetry-sdk-extension-autoconfigure\1.10.1-alpha\opentelemetry-sdk-extension-autoconfigure-1.10.1-alpha.jar;C:\Users\yasemin\.m2\repository\io\opentelemetry\opentelemetry-sdk-trace\1.10.1\opentelemetry-sdk-trace-1.10.1.jar;C:\Users\yasemin\.m2\repository\io\opentelemetry\opentelemetry-sdk\1.10.1\opentelemetry-sdk-1.10.1.jar;C:\Users\yasemin\.m2\repository\io\opentelemetry\opentelemetry-semconv\1.10.1-alpha\opentelemetry-semconv-1.10.1-alpha.jar;C:\Users\yasemin\.m2\repository\io\ous\jtoml\2.0.0\jtoml-2.0.0.jar;C:\Users\yasemin\.m2\repository\org\apache\commons\commons-exec\1.3\commons-exec-1.3.jar;C:\Users\yasemin\.m2\repository\org\asynchttpclient\async-http-client\2.12.3\async-http-client-2.12.3.jar;C:\Users\yasemin\.m2\repository\org\asynchttpclient\async-http-client-netty-utils\2.12.3\async-http-client-netty-utils-2.12.3.jar;C:\Users\yasemin\.m2\repository\io\netty\netty-codec-socks\4.1.60.Final\netty-codec-socks-4.1.60.Final.jar;C:\Users\yasemin\.m2\repository\io\netty\netty-handler-proxy\4.1.60.Final\netty-handler-proxy-4.1.60.Final.jar;C:\Users\yasemin\.m2\repository\io\netty\netty-transport-native-epoll\4.1.60.Final\netty-transport-native-epoll-4.1.60.Final-linux-x86_64.jar;C:\Users\yasemin\.m2\repository\io\netty\netty-transport-native-kqueue\4.1.60.Final\netty-transport-native-kqueue-4.1.60.Final-osx-x86_64.jar;C:\Users\yasemin\.m2\repository\org\reactivestreams\reactive-streams\1.0.3\reactive-streams-1.0.3.jar;C:\Users\yasemin\.m2\repository\com\typesafe\netty\netty-reactive-streams\2.0.4\netty-reactive-streams-2.0.4.jar;C:\Users\yasemin\.m2\repository\org\seleniumhq\selenium\selenium-http\4.1.2\selenium-http-4.1.2.jar;C:\Users\yasemin\.m2\repository\net\jodah\failsafe\2.4.4\failsafe-2.4.4.jar;C:\Users\yasemin\.m2\repository\org\seleniumhq\selenium\selenium-safari-driver\4.1.2\selenium-safari-driver-4.1.2.jar;C:\Users\yasemin\.m2\repository\org\seleniumhq\selenium\selenium-api\4.1.2\selenium-api-4.1.2.jar;C:\Users\yasemin\.m2\repository\org\seleniumhq\selenium\selenium-support\4.1.2\selenium-support-4.1.2.jar;C:\Users\yasemin\.m2\repository\com\google\auto\service\auto-service-annotations\1.0.1\auto-service-annotations-1.0.1.jar;C:\Users\yasemin\.m2\repository\com\google\auto\service\auto-service\1.0.1\auto-service-1.0.1.jar;C:\Users\yasemin\.m2\repository\com\google\auto\auto-common\1.2\auto-common-1.2.jar;C:\Users\yasemin\.m2\repository\org\seleniumhq\selenium\selenium-json\4.1.2\selenium-json-4.1.2.jar;C:\Users\yasemin\.m2\repository\org\seleniumhq\selenium\selenium-chrome-driver\4.1.2\selenium-chrome-driver-4.1.2.jar;C:\Users\yasemin\.m2\repository\org\seleniumhq\selenium\selenium-chromium-driver\4.1.2\selenium-chromium-driver-4.1.2.jar;C:\Users\yasemin\.m2\repository\org\seleniumhq\selenium\selenium-firefox-driver\4.1.2\selenium-firefox-driver-4.1.2.jar;C:\Users\yasemin\.m2\repository\org\seleniumhq\selenium\selenium-edge-driver\4.1.2\selenium-edge-driver-4.1.2.jar;C:\Users\yasemin\.m2\repository\org\seleniumhq\selenium\selenium-ie-driver\4.1.2\selenium-ie-driver-4.1.2.jar;C:\Users\yasemin\.m2\repository\org\projectlombok\lombok\1.18.20\lombok-1.18.20.jar;C:\Users\yasemin\.m2\repository\io\appium\java-client\8.0.0-beta2\java-client-8.0.0-beta2.jar;C:\Users\yasemin\.m2\repository\commons-validator\commons-validator\1.7\commons-validator-1.7.jar;C:\Users\yasemin\.m2\repository\commons-digester\commons-digester\2.1\commons-digester-2.1.jar;C:\Users\yasemin\.m2\repository\org\aspectj\aspectjweaver\1.9.7\aspectjweaver-1.9.7.jar;C:\Users\yasemin\.m2\repository\org\codehaus\groovy\groovy\3.0.9\groovy-3.0.9.jar;C:\Users\yasemin\.m2\repository\net\sf\opencsv\opencsv\2.0\opencsv-2.0.jar;C:\Users\yasemin\.m2\repository\commons-beanutils\commons-beanutils\1.9.4\commons-beanutils-1.9.4.jar;C:\Users\yasemin\.m2\repository\org\apache\commons\commons-lang3\3.11\commons-lang3-3.11.jar;C:\Users\yasemin\.m2\repository\commons-collections\commons-collections\3.2.2\commons-collections-3.2.2.jar;C:\Users\yasemin\.m2\repository\org\fluentlenium\fluentlenium-core\0.10.2\fluentlenium-core-0.10.2.jar;C:\Users\yasemin\.m2\repository\io\github\bonigarcia\webdrivermanager\5.0.3\webdrivermanager-5.0.3.jar;C:\Users\yasemin\.m2\repository\com\github\docker-java\docker-java\3.2.12\docker-java-3.2.12.jar;C:\Users\yasemin\.m2\repository\com\github\docker-java\docker-java-core\3.2.12\docker-java-core-3.2.12.jar;C:\Users\yasemin\.m2\repository\com\github\docker-java\docker-java-api\3.2.12\docker-java-api-3.2.12.jar;C:\Users\yasemin\.m2\repository\commons-lang\commons-lang\2.6\commons-lang-2.6.jar;C:\Users\yasemin\.m2\repository\org\bouncycastle\bcpkix-jdk15on\1.64\bcpkix-jdk15on-1.64.jar;C:\Users\yasemin\.m2\repository\org\bouncycastle\bcprov-jdk15on\1.64\bcprov-jdk15on-1.64.jar;C:\Users\yasemin\.m2\repository\org\slf4j\jcl-over-slf4j\1.7.30\jcl-over-slf4j-1.7.30.jar;C:\Users\yasemin\.m2\repository\com\github\docker-java\docker-java-transport-httpclient5\3.2.12\docker-java-transport-httpclient5-3.2.12.jar;C:\Users\yasemin\.m2\repository\com\github\docker-java\docker-java-transport\3.2.12\docker-java-transport-3.2.12.jar;C:\Users\yasemin\.m2\repository\org\apache\httpcomponents\client5\httpclient5\5.0.3\httpclient5-5.0.3.jar;C:\Users\yasemin\.m2\repository\org\apache\httpcomponents\core5\httpcore5\5.0.2\httpcore5-5.0.2.jar;C:\Users\yasemin\.m2\repository\net\java\dev\jna\jna\5.8.0\jna-5.8.0.jar;C:\Users\yasemin\.m2\repository\org\brotli\dec\0.1.2\dec-0.1.2.jar;C:\Users\yasemin\.m2\repository\com\jhlabs\filters\2.0.235\filters-2.0.235.jar;C:\Users\yasemin\.m2\repository\com\paulhammant\ngwebdriver\1.1.5\ngwebdriver-1.1.5.jar;C:\Users\yasemin\.m2\repository\joda-time\joda-time\2.8.2\joda-time-2.8.2.jar;C:\Users\yasemin\.m2\repository\org\hamcrest\hamcrest\2.2\hamcrest-2.2.jar;C:\Users\yasemin\.m2\repository\com\google\jimfs\jimfs\1.1\jimfs-1.1.jar;C:\Users\yasemin\.m2\repository\org\mockito\mockito-core\3.3.3\mockito-core-3.3.3.jar;C:\Users\yasemin\.m2\repository\javax\xml\bind\jaxb-api\2.3.1\jaxb-api-2.3.1.jar;C:\Users\yasemin\.m2\repository\javax\activation\javax.activation-api\1.2.0\javax.activation-api-1.2.0.jar;C:\Users\yasemin\.m2\repository\com\sun\xml\bind\jaxb-core\2.3.0.1\jaxb-core-2.3.0.1.jar;C:\Users\yasemin\.m2\repository\com\sun\xml\bind\jaxb-impl\2.3.3\jaxb-impl-2.3.3.jar;C:\Users\yasemin\.m2\repository\jakarta\xml\bind\jakarta.xml.bind-api\2.3.3\jakarta.xml.bind-api-2.3.3.jar;C:\Users\yasemin\.m2\repository\com\sun\activation\jakarta.activation\1.2.2\jakarta.activation-1.2.2.jar;C:\Users\yasemin\.m2\repository\javax\activation\activation\1.1.1\activation-1.1.1.jar;C:\Users\yasemin\.m2\repository\net\serenity-bdd\serenity-cucumber\3.1.20\serenity-cucumber-3.1.20.jar;C:\Users\yasemin\.m2\repository\io\cucumber\cucumber-core\7.1.0\cucumber-core-7.1.0.jar;C:\Users\yasemin\.m2\repository\io\cucumber\cucumber-gherkin\7.1.0\cucumber-gherkin-7.1.0.jar;C:\Users\yasemin\.m2\repository\io\cucumber\cucumber-gherkin-messages\7.1.0\cucumber-gherkin-messages-7.1.0.jar;C:\Users\yasemin\.m2\repository\io\cucumber\messages\17.1.1\messages-17.1.1.jar;C:\Users\yasemin\.m2\repository\io\cucumber\tag-expressions\4.1.0\tag-expressions-4.1.0.jar;C:\Users\yasemin\.m2\repository\io\cucumber\cucumber-expressions\13.0.1\cucumber-expressions-13.0.1.jar;C:\Users\yasemin\.m2\repository\io\cucumber\datatable\7.1.0\datatable-7.1.0.jar;C:\Users\yasemin\.m2\repository\io\cucumber\cucumber-plugin\7.1.0\cucumber-plugin-7.1.0.jar;C:\Users\yasemin\.m2\repository\io\cucumber\docstring\7.1.0\docstring-7.1.0.jar;C:\Users\yasemin\.m2\repository\io\cucumber\html-formatter\17.0.0\html-formatter-17.0.0.jar;C:\Users\yasemin\.m2\repository\io\cucumber\create-meta\6.0.4\create-meta-6.0.4.jar;C:\Users\yasemin\.m2\repository\io\cucumber\cucumber-junit\7.1.0\cucumber-junit-7.1.0.jar;C:\Users\yasemin\.m2\repository\org\apache\commons\commons-csv\1.5\commons-csv-1.5.jar;C:\Users\yasemin\.m2\repository\net\serenity-bdd\serenity-screenplay\3.1.20\serenity-screenplay-3.1.20.jar;C:\Users\yasemin\.m2\repository\net\serenity-bdd\serenity-screenplay-webdriver\3.1.20\serenity-screenplay-webdriver-3.1.20.jar;C:\Users\yasemin\.m2\repository\net\serenity-bdd\serenity-ensure\3.1.20\serenity-ensure-3.1.20.jar;C:\Users\yasemin\.m2\repository\net\serenity-bdd\serenity-junit\3.1.20\serenity-junit-3.1.20.jar;C:\Users\yasemin\.m2\repository\org\jetbrains\kotlin\kotlin-stdlib\1.6.0\kotlin-stdlib-1.6.0.jar;C:\Users\yasemin\.m2\repository\org\jetbrains\annotations\13.0\annotations-13.0.jar;C:\Users\yasemin\.m2\repository\org\jetbrains\kotlin\kotlin-stdlib-common\1.6.0\kotlin-stdlib-common-1.6.0.jar;C:\Users\yasemin\.m2\repository\net\serenity-bdd\serenity-navigator-report\3.1.20\serenity-navigator-report-3.1.20.jar;C:\Users\yasemin\.m2\repository\net\serenity-bdd\serenity-stats\3.1.20\serenity-stats-3.1.20.jar;C:\Users\yasemin\.m2\repository\org\apache\commons\commons-compress\1.21\commons-compress-1.21.jar;C:\Users\yasemin\.m2\repository\org\jetbrains\kotlin\kotlin-stdlib-jdk8\1.6.0\kotlin-stdlib-jdk8-1.6.0.jar;C:\Users\yasemin\.m2\repository\org\jetbrains\kotlin\kotlin-stdlib-jdk7\1.6.0\kotlin-stdlib-jdk7-1.6.0.jar;C:\Users\yasemin\.m2\repository\org\jsoup\jsoup\1.14.3\jsoup-1.14.3.jar;C:\Users\yasemin\.m2\repository\net\serenity-bdd\serenity-single-page-report\3.1.20\serenity-single-page-report-3.1.20.jar;C:\Users\yasemin\.m2\repository\net\serenity-bdd\serenity-reports-configuration\3.1.20\serenity-reports-configuration-3.1.20.jar;C:\Users\yasemin\.m2\repository\org\thymeleaf\thymeleaf\3.0.14.RELEASE\thymeleaf-3.0.14.RELEASE.jar;C:\Users\yasemin\.m2\repository\ognl\ognl\3.1.26\ognl-3.1.26.jar;C:\Users\yasemin\.m2\repository\org\attoparser\attoparser\2.0.5.RELEASE\attoparser-2.0.5.RELEASE.jar;C:\Users\yasemin\.m2\repository\org\unbescape\unbescape\1.1.6.RELEASE\unbescape-1.1.6.RELEASE.jar;C:\Users\yasemin\.m2\repository\org\javassist\javassist\3.28.0-GA\javassist-3.28.0-GA.jar;C:\Users\yasemin\.m2\repository\org\knowm\xchart\xchart\3.5.2\xchart-3.5.2.jar;C:\Users\yasemin\.m2\repository\de\erichseifert\vectorgraphics2d\VectorGraphics2D\0.13\VectorGraphics2D-0.13.jar;C:\Users\yasemin\.m2\repository\org\thymeleaf\extras\thymeleaf-extras-java8time\3.0.4.RELEASE\thymeleaf-extras-java8time-3.0.4.RELEASE.jar;C:\Users\yasemin\.m2\repository\org\junit\platform\junit-platform-launcher\1.8.2\junit-platform-launcher-1.8.2.jar;C:\Users\yasemin\.m2\repository\org\junit\platform\junit-platform-engine\1.8.2\junit-platform-engine-1.8.2.jar;C:\Users\yasemin\.m2\repository\org\opentest4j\opentest4j\1.2.0\opentest4j-1.2.0.jar;C:\Users\yasemin\.m2\repository\org\junit\platform\junit-platform-commons\1.8.2\junit-platform-commons-1.8.2.jar;C:\Users\yasemin\.m2\repository\org\apiguardian\apiguardian-api\1.1.2\apiguardian-api-1.1.2.jar;C:\Users\yasemin\.m2\repository\org\junit\jupiter\junit-jupiter-engine\5.8.2\junit-jupiter-engine-5.8.2.jar;C:\Users\yasemin\.m2\repository\org\junit\jupiter\junit-jupiter-api\5.8.2\junit-jupiter-api-5.8.2.jar;C:\Users\yasemin\.m2\repository\org\junit\vintage\junit-vintage-engine\5.8.2\junit-vintage-engine-5.8.2.jar;C:\Users\yasemin\.m2\repository\junit\junit\4.13.2\junit-4.13.2.jar;C:\Users\yasemin\.m2\repository\org\hamcrest\hamcrest-core\1.3\hamcrest-core-1.3.jar;C:\Users\yasemin\.m2\repository\ch\qos\logback\logback-classic\1.2.10\logback-classic-1.2.10.jar;C:\Users\yasemin\.m2\repository\ch\qos\logback\logback-core\1.2.10\logback-core-1.2.10.jar;C:\Users\yasemin\.m2\repository\org\slf4j\slf4j-api\1.7.32\slf4j-api-1.7.32.jar;C:\Users\yasemin\.m2\repository\org\assertj\assertj-core\3.22.0\assertj-core-3.22.0.jar;C:\Users\yasemin\.m2\repository\org\apache\poi\poi-ooxml\5.2.0\poi-ooxml-5.2.0.jar;C:\Users\yasemin\.m2\repository\org\apache\poi\poi\5.2.0\poi-5.2.0.jar;C:\Users\yasemin\.m2\repository\org\apache\commons\commons-math3\3.6.1\commons-math3-3.6.1.jar;C:\Users\yasemin\.m2\repository\com\zaxxer\SparseBitSet\1.2\SparseBitSet-1.2.jar;C:\Users\yasemin\.m2\repository\org\apache\poi\poi-ooxml-lite\5.2.0\poi-ooxml-lite-5.2.0.jar;C:\Users\yasemin\.m2\repository\org\apache\xmlbeans\xmlbeans\5.0.3\xmlbeans-5.0.3.jar;C:\Users\yasemin\.m2\repository\com\github\virtuald\curvesapi\1.06\curvesapi-1.06.jar;C:\Users\yasemin\.m2\repository\org\apache\logging\log4j\log4j-api\2.17.1\log4j-api-2.17.1.jar;C:\Users\yasemin\.m2\repository\org\apache\commons\commons-collections4\4.4\commons-collections4-4.4.jar;"/>
    <property name="java.vm.vendor" value="Eclipse Adoptium"/>
    <property name="sun.arch.data.model" value="64"/>
    <property name="user.variant" value=""/>
    <property name="java.vendor.url" value="https://adoptium.net/"/>
    <property name="user.timezone" value="Europe/Istanbul"/>
    <property name="log4j2.formatMsgNoLookups" value="true"/>
    <property name="os.name" value="Windows 10"/>
    <property name="java.vm.specification.version" value="17"/>
    <property name="sun.java.launcher" value="SUN_STANDARD"/>
    <property name="user.country" value="US"/>
    <property name="sun.boot.library.path" value="C:\Program Files\Eclipse Adoptium\jdk-17.0.1.12-hotspot\bin"/>
    <property name="sun.java.command" value="C:\Users\yasemin\AppData\Local\Temp\surefire3091706495078477608\surefirebooter226204691648238194.jar C:\Users\yasemin\AppData\Local\Temp\surefire3091706495078477608 2022-02-05T22-25-14_666-jvmRun1 surefire11957473166847073412tmp surefire_04111070105499329160tmp"/>
    <property name="jdk.debug" value="release"/>
    <property name="surefire.test.class.path" value="C:\Users\yasemin\Desktop\n11-bootcamp\n11TestAutomationCase1\target\test-classes;C:\Users\yasemin\Desktop\n11-bootcamp\n11TestAutomationCase1\target\classes;C:\Users\yasemin\.m2\repository\net\serenity-bdd\serenity-core\3.1.20\serenity-core-3.1.20.jar;C:\Users\yasemin\.m2\repository\net\serenity-bdd\serenity-model\3.1.20\serenity-model-3.1.20.jar;C:\Users\yasemin\.m2\repository\org\apache\commons\commons-text\1.9\commons-text-1.9.jar;C:\Users\yasemin\.m2\repository\commons-net\commons-net\3.6\commons-net-3.6.jar;C:\Users\yasemin\.m2\repository\com\google\guava\guava\31.0.1-jre\guava-31.0.1-jre.jar;C:\Users\yasemin\.m2\repository\com\google\guava\failureaccess\1.0.1\failureaccess-1.0.1.jar;C:\Users\yasemin\.m2\repository\com\google\guava\listenablefuture\9999.0-empty-to-avoid-conflict-with-guava\listenablefuture-9999.0-empty-to-avoid-conflict-with-guava.jar;C:\Users\yasemin\.m2\repository\com\google\code\findbugs\jsr305\3.0.2\jsr305-3.0.2.jar;C:\Users\yasemin\.m2\repository\org\checkerframework\checker-qual\3.12.0\checker-qual-3.12.0.jar;C:\Users\yasemin\.m2\repository\com\google\errorprone\error_prone_annotations\2.7.1\error_prone_annotations-2.7.1.jar;C:\Users\yasemin\.m2\repository\com\google\j2objc\j2objc-annotations\1.3\j2objc-annotations-1.3.jar;C:\Users\yasemin\.m2\repository\com\google\inject\guice\5.0.1\guice-5.0.1.jar;C:\Users\yasemin\.m2\repository\javax\inject\javax.inject\1\javax.inject-1.jar;C:\Users\yasemin\.m2\repository\aopalliance\aopalliance\1.0\aopalliance-1.0.jar;C:\Users\yasemin\.m2\repository\com\thoughtworks\xstream\xstream\1.4.18\xstream-1.4.18.jar;C:\Users\yasemin\.m2\repository\io\github\x-stream\mxparser\1.2.2\mxparser-1.2.2.jar;C:\Users\yasemin\.m2\repository\xmlpull\xmlpull\1.1.3.1\xmlpull-1.1.3.1.jar;C:\Users\yasemin\.m2\repository\io\cucumber\cucumber-java\7.1.0\cucumber-java-7.1.0.jar;C:\Users\yasemin\.m2\repository\com\typesafe\config\1.3.1\config-1.3.1.jar;C:\Users\yasemin\.m2\repository\org\imgscalr\imgscalr-lib\4.2\imgscalr-lib-4.2.jar;C:\Users\yasemin\.m2\repository\org\awaitility\awaitility\4.1.0\awaitility-4.1.0.jar;C:\Users\yasemin\.m2\repository\org\freemarker\freemarker\2.3.31\freemarker-2.3.31.jar;C:\Users\yasemin\.m2\repository\io\github\classgraph\classgraph\4.8.138\classgraph-4.8.138.jar;C:\Users\yasemin\.m2\repository\net\sourceforge\jexcelapi\jxl\2.6.12\jxl-2.6.12.jar;C:\Users\yasemin\.m2\repository\net\bytebuddy\byte-buddy\1.12.3\byte-buddy-1.12.3.jar;C:\Users\yasemin\.m2\repository\net\bytebuddy\byte-buddy-agent\1.12.3\byte-buddy-agent-1.12.3.jar;C:\Users\yasemin\.m2\repository\org\objenesis\objenesis\3.1\objenesis-3.1.jar;C:\Users\yasemin\.m2\repository\net\serenity-bdd\serenity-reports\3.1.20\serenity-reports-3.1.20.jar;C:\Users\yasemin\.m2\repository\com\vladsch\flexmark\flexmark-all\0.34.30\flexmark-all-0.34.30.jar;C:\Users\yasemin\.m2\repository\com\vladsch\flexmark\flexmark\0.34.30\flexmark-0.34.30.jar;C:\Users\yasemin\.m2\repository\com\vladsch\flexmark\flexmark-ext-abbreviation\0.34.30\flexmark-ext-abbreviation-0.34.30.jar;C:\Users\yasemin\.m2\repository\com\vladsch\flexmark\flexmark-ext-admonition\0.34.30\flexmark-ext-admonition-0.34.30.jar;C:\Users\yasemin\.m2\repository\com\vladsch\flexmark\flexmark-ext-anchorlink\0.34.30\flexmark-ext-anchorlink-0.34.30.jar;C:\Users\yasemin\.m2\repository\com\vladsch\flexmark\flexmark-ext-aside\0.34.30\flexmark-ext-aside-0.34.30.jar;C:\Users\yasemin\.m2\repository\com\vladsch\flexmark\flexmark-ext-attributes\0.34.30\flexmark-ext-attributes-0.34.30.jar;C:\Users\yasemin\.m2\repository\com\vladsch\flexmark\flexmark-ext-autolink\0.34.30\flexmark-ext-autolink-0.34.30.jar;C:\Users\yasemin\.m2\repository\org\nibor\autolink\autolink\0.6.0\autolink-0.6.0.jar;C:\Users\yasemin\.m2\repository\com\vladsch\flexmark\flexmark-ext-definition\0.34.30\flexmark-ext-definition-0.34.30.jar;C:\Users\yasemin\.m2\repository\com\vladsch\flexmark\flexmark-ext-emoji\0.34.30\flexmark-ext-emoji-0.34.30.jar;C:\Users\yasemin\.m2\repository\com\vladsch\flexmark\flexmark-ext-enumerated-reference\0.34.30\flexmark-ext-enumerated-reference-0.34.30.jar;C:\Users\yasemin\.m2\repository\com\vladsch\flexmark\flexmark-ext-escaped-character\0.34.30\flexmark-ext-escaped-character-0.34.30.jar;C:\Users\yasemin\.m2\repository\com\vladsch\flexmark\flexmark-ext-footnotes\0.34.30\flexmark-ext-footnotes-0.34.30.jar;C:\Users\yasemin\.m2\repository\com\vladsch\flexmark\flexmark-ext-gfm-issues\0.34.30\flexmark-ext-gfm-issues-0.34.30.jar;C:\Users\yasemin\.m2\repository\com\vladsch\flexmark\flexmark-ext-gfm-strikethrough\0.34.30\flexmark-ext-gfm-strikethrough-0.34.30.jar;C:\Users\yasemin\.m2\repository\com\vladsch\flexmark\flexmark-ext-gfm-tables\0.34.30\flexmark-ext-gfm-tables-0.34.30.jar;C:\Users\yasemin\.m2\repository\com\vladsch\flexmark\flexmark-ext-gfm-tasklist\0.34.30\flexmark-ext-gfm-tasklist-0.34.30.jar;C:\Users\yasemin\.m2\repository\com\vladsch\flexmark\flexmark-ext-gfm-users\0.34.30\flexmark-ext-gfm-users-0.34.30.jar;C:\Users\yasemin\.m2\repository\com\vladsch\flexmark\flexmark-ext-gitlab\0.34.30\flexmark-ext-gitlab-0.34.30.jar;C:\Users\yasemin\.m2\repository\com\vladsch\flexmark\flexmark-ext-jekyll-front-matter\0.34.30\flexmark-ext-jekyll-front-matter-0.34.30.jar;C:\Users\yasemin\.m2\repository\com\vladsch\flexmark\flexmark-ext-jekyll-tag\0.34.30\flexmark-ext-jekyll-tag-0.34.30.jar;C:\Users\yasemin\.m2\repository\com\vladsch\flexmark\flexmark-ext-media-tags\0.34.30\flexmark-ext-media-tags-0.34.30.jar;C:\Users\yasemin\.m2\repository\com\vladsch\flexmark\flexmark-test-util\0.34.30\flexmark-test-util-0.34.30.jar;C:\Users\yasemin\.m2\repository\com\vladsch\flexmark\flexmark-ext-ins\0.34.30\flexmark-ext-ins-0.34.30.jar;C:\Users\yasemin\.m2\repository\com\vladsch\flexmark\flexmark-ext-xwiki-macros\0.34.30\flexmark-ext-xwiki-macros-0.34.30.jar;C:\Users\yasemin\.m2\repository\com\vladsch\flexmark\flexmark-ext-superscript\0.34.30\flexmark-ext-superscript-0.34.30.jar;C:\Users\yasemin\.m2\repository\com\vladsch\flexmark\flexmark-ext-tables\0.34.30\flexmark-ext-tables-0.34.30.jar;C:\Users\yasemin\.m2\repository\com\vladsch\flexmark\flexmark-ext-toc\0.34.30\flexmark-ext-toc-0.34.30.jar;C:\Users\yasemin\.m2\repository\com\vladsch\flexmark\flexmark-ext-typographic\0.34.30\flexmark-ext-typographic-0.34.30.jar;C:\Users\yasemin\.m2\repository\com\vladsch\flexmark\flexmark-ext-wikilink\0.34.30\flexmark-ext-wikilink-0.34.30.jar;C:\Users\yasemin\.m2\repository\com\vladsch\flexmark\flexmark-ext-yaml-front-matter\0.34.30\flexmark-ext-yaml-front-matter-0.34.30.jar;C:\Users\yasemin\.m2\repository\com\vladsch\flexmark\flexmark-ext-youtube-embedded\0.34.30\flexmark-ext-youtube-embedded-0.34.30.jar;C:\Users\yasemin\.m2\repository\com\vladsch\flexmark\flexmark-formatter\0.34.30\flexmark-formatter-0.34.30.jar;C:\Users\yasemin\.m2\repository\com\vladsch\flexmark\flexmark-html-parser\0.34.30\flexmark-html-parser-0.34.30.jar;C:\Users\yasemin\.m2\repository\com\vladsch\flexmark\flexmark-jira-converter\0.34.30\flexmark-jira-converter-0.34.30.jar;C:\Users\yasemin\.m2\repository\com\vladsch\flexmark\flexmark-pdf-converter\0.34.30\flexmark-pdf-converter-0.34.30.jar;C:\Users\yasemin\.m2\repository\com\openhtmltopdf\openhtmltopdf-core\0.0.1-RC13\openhtmltopdf-core-0.0.1-RC13.jar;C:\Users\yasemin\.m2\repository\com\openhtmltopdf\openhtmltopdf-pdfbox\0.0.1-RC13\openhtmltopdf-pdfbox-0.0.1-RC13.jar;C:\Users\yasemin\.m2\repository\org\apache\pdfbox\pdfbox\2.0.8\pdfbox-2.0.8.jar;C:\Users\yasemin\.m2\repository\org\apache\pdfbox\fontbox\2.0.8\fontbox-2.0.8.jar;C:\Users\yasemin\.m2\repository\commons-logging\commons-logging\1.2\commons-logging-1.2.jar;C:\Users\yasemin\.m2\repository\org\apache\pdfbox\xmpbox\2.0.8\xmpbox-2.0.8.jar;C:\Users\yasemin\.m2\repository\de\rototor\pdfbox\graphics2d\0.12\graphics2d-0.12.jar;C:\Users\yasemin\.m2\repository\com\openhtmltopdf\openhtmltopdf-rtl-support\0.0.1-RC13\openhtmltopdf-rtl-support-0.0.1-RC13.jar;C:\Users\yasemin\.m2\repository\com\ibm\icu\icu4j\59.1\icu4j-59.1.jar;C:\Users\yasemin\.m2\repository\com\openhtmltopdf\openhtmltopdf-jsoup-dom-converter\0.0.1-RC13\openhtmltopdf-jsoup-dom-converter-0.0.1-RC13.jar;C:\Users\yasemin\.m2\repository\com\vladsch\flexmark\flexmark-profile-pegdown\0.34.30\flexmark-profile-pegdown-0.34.30.jar;C:\Users\yasemin\.m2\repository\com\vladsch\flexmark\flexmark-util\0.34.30\flexmark-util-0.34.30.jar;C:\Users\yasemin\.m2\repository\com\vladsch\flexmark\flexmark-youtrack-converter\0.34.30\flexmark-youtrack-converter-0.34.30.jar;C:\Users\yasemin\.m2\repository\es\nitaur\markdown\txtmark\0.16\txtmark-0.16.jar;C:\Users\yasemin\.m2\repository\net\serenity-bdd\serenity-report-resources\3.1.20\serenity-report-resources-3.1.20.jar;C:\Users\yasemin\.m2\repository\com\google\code\gson\gson\2.8.8\gson-2.8.8.jar;C:\Users\yasemin\.m2\repository\com\fasterxml\jackson\core\jackson-core\2.12.4\jackson-core-2.12.4.jar;C:\Users\yasemin\.m2\repository\com\fasterxml\jackson\core\jackson-databind\2.12.4\jackson-databind-2.12.4.jar;C:\Users\yasemin\.m2\repository\com\fasterxml\jackson\core\jackson-annotations\2.12.4\jackson-annotations-2.12.4.jar;C:\Users\yasemin\.m2\repository\commons-codec\commons-codec\1.15\commons-codec-1.15.jar;C:\Users\yasemin\.m2\repository\commons-io\commons-io\2.8.0\commons-io-2.8.0.jar;C:\Users\yasemin\.m2\repository\org\seleniumhq\selenium\selenium-java\4.1.2\selenium-java-4.1.2.jar;C:\Users\yasemin\.m2\repository\org\seleniumhq\selenium\selenium-devtools-v85\4.1.2\selenium-devtools-v85-4.1.2.jar;C:\Users\yasemin\.m2\repository\org\seleniumhq\selenium\selenium-devtools-v95\4.1.2\selenium-devtools-v95-4.1.2.jar;C:\Users\yasemin\.m2\repository\org\seleniumhq\selenium\selenium-devtools-v96\4.1.2\selenium-devtools-v96-4.1.2.jar;C:\Users\yasemin\.m2\repository\org\seleniumhq\selenium\selenium-devtools-v97\4.1.2\selenium-devtools-v97-4.1.2.jar;C:\Users\yasemin\.m2\repository\org\seleniumhq\selenium\selenium-firefox-xpi-driver\4.1.2\selenium-firefox-xpi-driver-4.1.2.jar;C:\Users\yasemin\.m2\repository\org\seleniumhq\selenium\selenium-opera-driver\4.1.2\selenium-opera-driver-4.1.2.jar;C:\Users\yasemin\.m2\repository\org\seleniumhq\selenium\selenium-remote-driver\4.1.2\selenium-remote-driver-4.1.2.jar;C:\Users\yasemin\.m2\repository\com\beust\jcommander\1.82\jcommander-1.82.jar;C:\Users\yasemin\.m2\repository\io\netty\netty-buffer\4.1.73.Final\netty-buffer-4.1.73.Final.jar;C:\Users\yasemin\.m2\repository\io\netty\netty-codec-http\4.1.73.Final\netty-codec-http-4.1.73.Final.jar;C:\Users\yasemin\.m2\repository\io\netty\netty-codec\4.1.73.Final\netty-codec-4.1.73.Final.jar;C:\Users\yasemin\.m2\repository\io\netty\netty-handler\4.1.73.Final\netty-handler-4.1.73.Final.jar;C:\Users\yasemin\.m2\repository\io\netty\netty-tcnative-classes\2.0.46.Final\netty-tcnative-classes-2.0.46.Final.jar;C:\Users\yasemin\.m2\repository\io\netty\netty-common\4.1.73.Final\netty-common-4.1.73.Final.jar;C:\Users\yasemin\.m2\repository\io\netty\netty-transport-classes-epoll\4.1.73.Final\netty-transport-classes-epoll-4.1.73.Final.jar;C:\Users\yasemin\.m2\repository\io\netty\netty-transport-classes-kqueue\4.1.73.Final\netty-transport-classes-kqueue-4.1.73.Final.jar;C:\Users\yasemin\.m2\repository\io\netty\netty-transport-native-epoll\4.1.73.Final\netty-transport-native-epoll-4.1.73.Final.jar;C:\Users\yasemin\.m2\repository\io\netty\netty-transport-native-kqueue\4.1.73.Final\netty-transport-native-kqueue-4.1.73.Final.jar;C:\Users\yasemin\.m2\repository\io\netty\netty-transport-native-unix-common\4.1.73.Final\netty-transport-native-unix-common-4.1.73.Final.jar;C:\Users\yasemin\.m2\repository\io\netty\netty-transport\4.1.73.Final\netty-transport-4.1.73.Final.jar;C:\Users\yasemin\.m2\repository\io\netty\netty-resolver\4.1.73.Final\netty-resolver-4.1.73.Final.jar;C:\Users\yasemin\.m2\repository\io\opentelemetry\opentelemetry-api\1.10.1\opentelemetry-api-1.10.1.jar;C:\Users\yasemin\.m2\repository\io\opentelemetry\opentelemetry-context\1.10.1\opentelemetry-context-1.10.1.jar;C:\Users\yasemin\.m2\repository\io\opentelemetry\opentelemetry-exporter-logging\1.10.1\opentelemetry-exporter-logging-1.10.1.jar;C:\Users\yasemin\.m2\repository\io\opentelemetry\opentelemetry-sdk-metrics\1.10.1-alpha\opentelemetry-sdk-metrics-1.10.1-alpha.jar;C:\Users\yasemin\.m2\repository\io\opentelemetry\opentelemetry-sdk-logs\1.10.1-alpha\opentelemetry-sdk-logs-1.10.1-alpha.jar;C:\Users\yasemin\.m2\repository\io\opentelemetry\opentelemetry-sdk-common\1.10.1\opentelemetry-sdk-common-1.10.1.jar;C:\Users\yasemin\.m2\repository\io\opentelemetry\opentelemetry-sdk-extension-autoconfigure-spi\1.10.1\opentelemetry-sdk-extension-autoconfigure-spi-1.10.1.jar;C:\Users\yasemin\.m2\repository\io\opentelemetry\opentelemetry-sdk-extension-autoconfigure\1.10.1-alpha\opentelemetry-sdk-extension-autoconfigure-1.10.1-alpha.jar;C:\Users\yasemin\.m2\repository\io\opentelemetry\opentelemetry-sdk-trace\1.10.1\opentelemetry-sdk-trace-1.10.1.jar;C:\Users\yasemin\.m2\repository\io\opentelemetry\opentelemetry-sdk\1.10.1\opentelemetry-sdk-1.10.1.jar;C:\Users\yasemin\.m2\repository\io\opentelemetry\opentelemetry-semconv\1.10.1-alpha\opentelemetry-semconv-1.10.1-alpha.jar;C:\Users\yasemin\.m2\repository\io\ous\jtoml\2.0.0\jtoml-2.0.0.jar;C:\Users\yasemin\.m2\repository\org\apache\commons\commons-exec\1.3\commons-exec-1.3.jar;C:\Users\yasemin\.m2\repository\org\asynchttpclient\async-http-client\2.12.3\async-http-client-2.12.3.jar;C:\Users\yasemin\.m2\repository\org\asynchttpclient\async-http-client-netty-utils\2.12.3\async-http-client-netty-utils-2.12.3.jar;C:\Users\yasemin\.m2\repository\io\netty\netty-codec-socks\4.1.60.Final\netty-codec-socks-4.1.60.Final.jar;C:\Users\yasemin\.m2\repository\io\netty\netty-handler-proxy\4.1.60.Final\netty-handler-proxy-4.1.60.Final.jar;C:\Users\yasemin\.m2\repository\io\netty\netty-transport-native-epoll\4.1.60.Final\netty-transport-native-epoll-4.1.60.Final-linux-x86_64.jar;C:\Users\yasemin\.m2\repository\io\netty\netty-transport-native-kqueue\4.1.60.Final\netty-transport-native-kqueue-4.1.60.Final-osx-x86_64.jar;C:\Users\yasemin\.m2\repository\org\reactivestreams\reactive-streams\1.0.3\reactive-streams-1.0.3.jar;C:\Users\yasemin\.m2\repository\com\typesafe\netty\netty-reactive-streams\2.0.4\netty-reactive-streams-2.0.4.jar;C:\Users\yasemin\.m2\repository\org\seleniumhq\selenium\selenium-http\4.1.2\selenium-http-4.1.2.jar;C:\Users\yasemin\.m2\repository\net\jodah\failsafe\2.4.4\failsafe-2.4.4.jar;C:\Users\yasemin\.m2\repository\org\seleniumhq\selenium\selenium-safari-driver\4.1.2\selenium-safari-driver-4.1.2.jar;C:\Users\yasemin\.m2\repository\org\seleniumhq\selenium\selenium-api\4.1.2\selenium-api-4.1.2.jar;C:\Users\yasemin\.m2\repository\org\seleniumhq\selenium\selenium-support\4.1.2\selenium-support-4.1.2.jar;C:\Users\yasemin\.m2\repository\com\google\auto\service\auto-service-annotations\1.0.1\auto-service-annotations-1.0.1.jar;C:\Users\yasemin\.m2\repository\com\google\auto\service\auto-service\1.0.1\auto-service-1.0.1.jar;C:\Users\yasemin\.m2\repository\com\google\auto\auto-common\1.2\auto-common-1.2.jar;C:\Users\yasemin\.m2\repository\org\seleniumhq\selenium\selenium-json\4.1.2\selenium-json-4.1.2.jar;C:\Users\yasemin\.m2\repository\org\seleniumhq\selenium\selenium-chrome-driver\4.1.2\selenium-chrome-driver-4.1.2.jar;C:\Users\yasemin\.m2\repository\org\seleniumhq\selenium\selenium-chromium-driver\4.1.2\selenium-chromium-driver-4.1.2.jar;C:\Users\yasemin\.m2\repository\org\seleniumhq\selenium\selenium-firefox-driver\4.1.2\selenium-firefox-driver-4.1.2.jar;C:\Users\yasemin\.m2\repository\org\seleniumhq\selenium\selenium-edge-driver\4.1.2\selenium-edge-driver-4.1.2.jar;C:\Users\yasemin\.m2\repository\org\seleniumhq\selenium\selenium-ie-driver\4.1.2\selenium-ie-driver-4.1.2.jar;C:\Users\yasemin\.m2\repository\org\projectlombok\lombok\1.18.20\lombok-1.18.20.jar;C:\Users\yasemin\.m2\repository\io\appium\java-client\8.0.0-beta2\java-client-8.0.0-beta2.jar;C:\Users\yasemin\.m2\repository\commons-validator\commons-validator\1.7\commons-validator-1.7.jar;C:\Users\yasemin\.m2\repository\commons-digester\commons-digester\2.1\commons-digester-2.1.jar;C:\Users\yasemin\.m2\repository\org\aspectj\aspectjweaver\1.9.7\aspectjweaver-1.9.7.jar;C:\Users\yasemin\.m2\repository\org\codehaus\groovy\groovy\3.0.9\groovy-3.0.9.jar;C:\Users\yasemin\.m2\repository\net\sf\opencsv\opencsv\2.0\opencsv-2.0.jar;C:\Users\yasemin\.m2\repository\commons-beanutils\commons-beanutils\1.9.4\commons-beanutils-1.9.4.jar;C:\Users\yasemin\.m2\repository\org\apache\commons\commons-lang3\3.11\commons-lang3-3.11.jar;C:\Users\yasemin\.m2\repository\commons-collections\commons-collections\3.2.2\commons-collections-3.2.2.jar;C:\Users\yasemin\.m2\repository\org\fluentlenium\fluentlenium-core\0.10.2\fluentlenium-core-0.10.2.jar;C:\Users\yasemin\.m2\repository\io\github\bonigarcia\webdrivermanager\5.0.3\webdrivermanager-5.0.3.jar;C:\Users\yasemin\.m2\repository\com\github\docker-java\docker-java\3.2.12\docker-java-3.2.12.jar;C:\Users\yasemin\.m2\repository\com\github\docker-java\docker-java-core\3.2.12\docker-java-core-3.2.12.jar;C:\Users\yasemin\.m2\repository\com\github\docker-java\docker-java-api\3.2.12\docker-java-api-3.2.12.jar;C:\Users\yasemin\.m2\repository\commons-lang\commons-lang\2.6\commons-lang-2.6.jar;C:\Users\yasemin\.m2\repository\org\bouncycastle\bcpkix-jdk15on\1.64\bcpkix-jdk15on-1.64.jar;C:\Users\yasemin\.m2\repository\org\bouncycastle\bcprov-jdk15on\1.64\bcprov-jdk15on-1.64.jar;C:\Users\yasemin\.m2\repository\org\slf4j\jcl-over-slf4j\1.7.30\jcl-over-slf4j-1.7.30.jar;C:\Users\yasemin\.m2\repository\com\github\docker-java\docker-java-transport-httpclient5\3.2.12\docker-java-transport-httpclient5-3.2.12.jar;C:\Users\yasemin\.m2\repository\com\github\docker-java\docker-java-transport\3.2.12\docker-java-transport-3.2.12.jar;C:\Users\yasemin\.m2\repository\org\apache\httpcomponents\client5\httpclient5\5.0.3\httpclient5-5.0.3.jar;C:\Users\yasemin\.m2\repository\org\apache\httpcomponents\core5\httpcore5\5.0.2\httpcore5-5.0.2.jar;C:\Users\yasemin\.m2\repository\net\java\dev\jna\jna\5.8.0\jna-5.8.0.jar;C:\Users\yasemin\.m2\repository\org\brotli\dec\0.1.2\dec-0.1.2.jar;C:\Users\yasemin\.m2\repository\com\jhlabs\filters\2.0.235\filters-2.0.235.jar;C:\Users\yasemin\.m2\repository\com\paulhammant\ngwebdriver\1.1.5\ngwebdriver-1.1.5.jar;C:\Users\yasemin\.m2\repository\joda-time\joda-time\2.8.2\joda-time-2.8.2.jar;C:\Users\yasemin\.m2\repository\org\hamcrest\hamcrest\2.2\hamcrest-2.2.jar;C:\Users\yasemin\.m2\repository\com\google\jimfs\jimfs\1.1\jimfs-1.1.jar;C:\Users\yasemin\.m2\repository\org\mockito\mockito-core\3.3.3\mockito-core-3.3.3.jar;C:\Users\yasemin\.m2\repository\javax\xml\bind\jaxb-api\2.3.1\jaxb-api-2.3.1.jar;C:\Users\yasemin\.m2\repository\javax\activation\javax.activation-api\1.2.0\javax.activation-api-1.2.0.jar;C:\Users\yasemin\.m2\repository\com\sun\xml\bind\jaxb-core\2.3.0.1\jaxb-core-2.3.0.1.jar;C:\Users\yasemin\.m2\repository\com\sun\xml\bind\jaxb-impl\2.3.3\jaxb-impl-2.3.3.jar;C:\Users\yasemin\.m2\repository\jakarta\xml\bind\jakarta.xml.bind-api\2.3.3\jakarta.xml.bind-api-2.3.3.jar;C:\Users\yasemin\.m2\repository\com\sun\activation\jakarta.activation\1.2.2\jakarta.activation-1.2.2.jar;C:\Users\yasemin\.m2\repository\javax\activation\activation\1.1.1\activation-1.1.1.jar;C:\Users\yasemin\.m2\repository\net\serenity-bdd\serenity-cucumber\3.1.20\serenity-cucumber-3.1.20.jar;C:\Users\yasemin\.m2\repository\io\cucumber\cucumber-core\7.1.0\cucumber-core-7.1.0.jar;C:\Users\yasemin\.m2\repository\io\cucumber\cucumber-gherkin\7.1.0\cucumber-gherkin-7.1.0.jar;C:\Users\yasemin\.m2\repository\io\cucumber\cucumber-gherkin-messages\7.1.0\cucumber-gherkin-messages-7.1.0.jar;C:\Users\yasemin\.m2\repository\io\cucumber\messages\17.1.1\messages-17.1.1.jar;C:\Users\yasemin\.m2\repository\io\cucumber\tag-expressions\4.1.0\tag-expressions-4.1.0.jar;C:\Users\yasemin\.m2\repository\io\cucumber\cucumber-expressions\13.0.1\cucumber-expressions-13.0.1.jar;C:\Users\yasemin\.m2\repository\io\cucumber\datatable\7.1.0\datatable-7.1.0.jar;C:\Users\yasemin\.m2\repository\io\cucumber\cucumber-plugin\7.1.0\cucumber-plugin-7.1.0.jar;C:\Users\yasemin\.m2\repository\io\cucumber\docstring\7.1.0\docstring-7.1.0.jar;C:\Users\yasemin\.m2\repository\io\cucumber\html-formatter\17.0.0\html-formatter-17.0.0.jar;C:\Users\yasemin\.m2\repository\io\cucumber\create-meta\6.0.4\create-meta-6.0.4.jar;C:\Users\yasemin\.m2\repository\io\cucumber\cucumber-junit\7.1.0\cucumber-junit-7.1.0.jar;C:\Users\yasemin\.m2\repository\org\apache\commons\commons-csv\1.5\commons-csv-1.5.jar;C:\Users\yasemin\.m2\repository\net\serenity-bdd\serenity-screenplay\3.1.20\serenity-screenplay-3.1.20.jar;C:\Users\yasemin\.m2\repository\net\serenity-bdd\serenity-screenplay-webdriver\3.1.20\serenity-screenplay-webdriver-3.1.20.jar;C:\Users\yasemin\.m2\repository\net\serenity-bdd\serenity-ensure\3.1.20\serenity-ensure-3.1.20.jar;C:\Users\yasemin\.m2\repository\net\serenity-bdd\serenity-junit\3.1.20\serenity-junit-3.1.20.jar;C:\Users\yasemin\.m2\repository\org\jetbrains\kotlin\kotlin-stdlib\1.6.0\kotlin-stdlib-1.6.0.jar;C:\Users\yasemin\.m2\repository\org\jetbrains\annotations\13.0\annotations-13.0.jar;C:\Users\yasemin\.m2\repository\org\jetbrains\kotlin\kotlin-stdlib-common\1.6.0\kotlin-stdlib-common-1.6.0.jar;C:\Users\yasemin\.m2\repository\net\serenity-bdd\serenity-navigator-report\3.1.20\serenity-navigator-report-3.1.20.jar;C:\Users\yasemin\.m2\repository\net\serenity-bdd\serenity-stats\3.1.20\serenity-stats-3.1.20.jar;C:\Users\yasemin\.m2\repository\org\apache\commons\commons-compress\1.21\commons-compress-1.21.jar;C:\Users\yasemin\.m2\repository\org\jetbrains\kotlin\kotlin-stdlib-jdk8\1.6.0\kotlin-stdlib-jdk8-1.6.0.jar;C:\Users\yasemin\.m2\repository\org\jetbrains\kotlin\kotlin-stdlib-jdk7\1.6.0\kotlin-stdlib-jdk7-1.6.0.jar;C:\Users\yasemin\.m2\repository\org\jsoup\jsoup\1.14.3\jsoup-1.14.3.jar;C:\Users\yasemin\.m2\repository\net\serenity-bdd\serenity-single-page-report\3.1.20\serenity-single-page-report-3.1.20.jar;C:\Users\yasemin\.m2\repository\net\serenity-bdd\serenity-reports-configuration\3.1.20\serenity-reports-configuration-3.1.20.jar;C:\Users\yasemin\.m2\repository\org\thymeleaf\thymeleaf\3.0.14.RELEASE\thymeleaf-3.0.14.RELEASE.jar;C:\Users\yasemin\.m2\repository\ognl\ognl\3.1.26\ognl-3.1.26.jar;C:\Users\yasemin\.m2\repository\org\attoparser\attoparser\2.0.5.RELEASE\attoparser-2.0.5.RELEASE.jar;C:\Users\yasemin\.m2\repository\org\unbescape\unbescape\1.1.6.RELEASE\unbescape-1.1.6.RELEASE.jar;C:\Users\yasemin\.m2\repository\org\javassist\javassist\3.28.0-GA\javassist-3.28.0-GA.jar;C:\Users\yasemin\.m2\repository\org\knowm\xchart\xchart\3.5.2\xchart-3.5.2.jar;C:\Users\yasemin\.m2\repository\de\erichseifert\vectorgraphics2d\VectorGraphics2D\0.13\VectorGraphics2D-0.13.jar;C:\Users\yasemin\.m2\repository\org\thymeleaf\extras\thymeleaf-extras-java8time\3.0.4.RELEASE\thymeleaf-extras-java8time-3.0.4.RELEASE.jar;C:\Users\yasemin\.m2\repository\org\junit\platform\junit-platform-launcher\1.8.2\junit-platform-launcher-1.8.2.jar;C:\Users\yasemin\.m2\repository\org\junit\platform\junit-platform-engine\1.8.2\junit-platform-engine-1.8.2.jar;C:\Users\yasemin\.m2\repository\org\opentest4j\opentest4j\1.2.0\opentest4j-1.2.0.jar;C:\Users\yasemin\.m2\repository\org\junit\platform\junit-platform-commons\1.8.2\junit-platform-commons-1.8.2.jar;C:\Users\yasemin\.m2\repository\org\apiguardian\apiguardian-api\1.1.2\apiguardian-api-1.1.2.jar;C:\Users\yasemin\.m2\repository\org\junit\jupiter\junit-jupiter-engine\5.8.2\junit-jupiter-engine-5.8.2.jar;C:\Users\yasemin\.m2\repository\org\junit\jupiter\junit-jupiter-api\5.8.2\junit-jupiter-api-5.8.2.jar;C:\Users\yasemin\.m2\repository\org\junit\vintage\junit-vintage-engine\5.8.2\junit-vintage-engine-5.8.2.jar;C:\Users\yasemin\.m2\repository\junit\junit\4.13.2\junit-4.13.2.jar;C:\Users\yasemin\.m2\repository\org\hamcrest\hamcrest-core\1.3\hamcrest-core-1.3.jar;C:\Users\yasemin\.m2\repository\ch\qos\logback\logback-classic\1.2.10\logback-classic-1.2.10.jar;C:\Users\yasemin\.m2\repository\ch\qos\logback\logback-core\1.2.10\logback-core-1.2.10.jar;C:\Users\yasemin\.m2\repository\org\slf4j\slf4j-api\1.7.32\slf4j-api-1.7.32.jar;C:\Users\yasemin\.m2\repository\org\assertj\assertj-core\3.22.0\assertj-core-3.22.0.jar;C:\Users\yasemin\.m2\repository\org\apache\poi\poi-ooxml\5.2.0\poi-ooxml-5.2.0.jar;C:\Users\yasemin\.m2\repository\org\apache\poi\poi\5.2.0\poi-5.2.0.jar;C:\Users\yasemin\.m2\repository\org\apache\commons\commons-math3\3.6.1\commons-math3-3.6.1.jar;C:\Users\yasemin\.m2\repository\com\zaxxer\SparseBitSet\1.2\SparseBitSet-1.2.jar;C:\Users\yasemin\.m2\repository\org\apache\poi\poi-ooxml-lite\5.2.0\poi-ooxml-lite-5.2.0.jar;C:\Users\yasemin\.m2\repository\org\apache\xmlbeans\xmlbeans\5.0.3\xmlbeans-5.0.3.jar;C:\Users\yasemin\.m2\repository\com\github\virtuald\curvesapi\1.06\curvesapi-1.06.jar;C:\Users\yasemin\.m2\repository\org\apache\logging\log4j\log4j-api\2.17.1\log4j-api-2.17.1.jar;C:\Users\yasemin\.m2\repository\org\apache\commons\commons-collections4\4.4\commons-collections4-4.4.jar;"/>
    <property name="sun.cpu.endian" value="little"/>
    <property name="user.home" value="C:\Users\yasemin"/>
    <property name="user.language" value="en"/>
    <property name="java.specification.vendor" value="Oracle Corporation"/>
    <property name="java.version.date" value="2021-10-19"/>
    <property name="java.home" value="C:\Program Files\Eclipse Adoptium\jdk-17.0.1.12-hotspot"/>
    <property name="file.separator" value="\"/>
    <property name="basedir" value="C:\Users\yasemin\Desktop\n11-bootcamp\n11TestAutomationCase1"/>
    <property name="java.vm.compressedOopsMode" value="32-bit"/>
    <property name="line.separator" value="&#10;"/>
    <property name="java.vm.specification.vendor" value="Oracle Corporation"/>
    <property name="java.specification.name" value="Java Platform API Specification"/>
    <property name="surefire.real.class.path" value="C:\Users\yasemin\AppData\Local\Temp\surefire3091706495078477608\surefirebooter226204691648238194.jar"/>
    <property name="user.script" value=""/>
    <property name="java.protocol.handler.pkgs" value="com.google.common"/>
    <property name="sun.management.compiler" value="HotSpot 64-Bit Tiered Compilers"/>
    <property name="java.runtime.version" value="17.0.1+12"/>
    <property name="user.name" value="yasemin"/>
    <property name="path.separator" value=";"/>
    <property name="os.version" value="10.0"/>
    <property name="java.runtime.name" value="OpenJDK Runtime Environment"/>
    <property name="file.encoding" value="Cp1252"/>
    <property name="java.vm.name" value="OpenJDK 64-Bit Server VM"/>
    <property name="java.vendor.version" value="Temurin-17.0.1+12"/>
    <property name="localRepository" value="C:\Users\yasemin\.m2\repository"/>
    <property name="java.vendor.url.bug" value="https://github.com/adoptium/adoptium-support/issues"/>
    <property name="java.io.tmpdir" value="C:\Users\yasemin\AppData\Local\Temp\"/>
    <property name="java.version" value="17.0.1"/>
    <property name="user.dir" value="C:\Users\yasemin\Desktop\n11-bootcamp\n11TestAutomationCase1"/>
    <property name="os.arch" value="amd64"/>
    <property name="java.vm.specification.name" value="Java Virtual Machine Specification"/>
    <property name="sun.os.patch.level" value=""/>
    <property name="native.encoding" value="Cp1252"/>
    <property name="java.library.path" value="C:\Program Files\Eclipse Adoptium\jdk-17.0.1.12-hotspot\bin;C:\WINDOWS\Sun\Java\bin;C:\WINDOWS\system32;C:\WINDOWS;C:\Program Files\Eclipse Adoptium\jdk-17.0.1.12-hotspot\bin;C:\Program Files (x86)\VMware\VMware Player\bin\;C:\Program Files (x86)\Common Files\Oracle\Java\javapath;C:\ProgramData\Oracle\Java\javapath;C:\Program Files (x86)\Intel\iCLS Client\;C:\Program Files\Intel\iCLS Client\;C:\WINDOWS\system32;C:\WINDOWS;C:\WINDOWS\System32\Wbem;C:\WINDOWS\System32\WindowsPowerShell\v1.0\;C:\Program Files (x86)\Intel\Intel(R) Management Engine Components\DAL;C:\Program Files\Intel\Intel(R) Management Engine Components\DAL;C:\Program Files (x86)\Intel\Intel(R) Management Engine Components\IPT;C:\Program Files\Intel\Intel(R) Management Engine Components\IPT;C:\WINDOWS\System32\OpenSSH\;C:\Program Files\Eclipse Adoptium\jdk-17.0.1.12-hotspot\bin;C:\Program Files (x86)\IVI Foundation\VISA\WinNT\Bin\;C:\Program Files\IVI Foundation\VISA\Win64\Bin\;C:\ffmpeg\bin;C:\Program Files\Microsoft SQL Server\130\Tools\Binn\;C:\Program Files\dotnet\;C:\Users\yasemin\AppData\Local\Android\Sdk\tools;C:\Users\yasemin\AppData\Local\Android\Sdk\platform-tools;C:\Program Files\nodejs\;C:\Program Files\Docker\Docker\resources\bin;C:\ProgramData\DockerDesktop\version-bin;C:\Program Files\Apache Software Foundation\apache-maven-3.8.4\bin;C:\Users\yasemin\AppData\Roaming\npm;C:\Users\yasemin\AppData\Local\Programs\Microsoft VS Code\bin;."/>
    <property name="java.vm.info" value="mixed mode, sharing"/>
    <property name="java.vendor" value="Eclipse Adoptium"/>
    <property name="java.vm.version" value="17.0.1+12"/>
    <property name="sun.io.unicode.encoding" value="UnicodeLittle"/>
    <property name="java.class.version" value="61.0"/>
  </properties>
  <testcase name="User clicks on category and obtains the list of campaigns #1" classname="List all campaigns" time="28.412">
    <system-out><![CDATA[22:25:18.078 [main] INFO io.cucumber.core.plugin.SerenityReporter - Running feature from file:///C:/Users/yasemin/Desktop/n11-bootcamp/n11TestAutomationCase1/src/test/resources/features/campaigns.feature
22:25:18.278 [main] INFO  - 

-------------------------------------------------------------------------------------
     _______. _______ .______       _______ .__   __.  __  .___________.____    ____ 
    /       ||   ____||   _  \     |   ____||  \ |  | |  | |           |\   \  /   / 
   |   (----`|  |__   |  |_)  |    |  |__   |   \|  | |  | `---|  |----` \   \/   /  
    \   \    |   __|  |      /     |   __|  |  . `  | |  |     |  |       \_    _/   
.----)   |   |  |____ |  |\  \----.|  |____ |  |\   | |  |     |  |         |  |     
|_______/    |_______|| _| `._____||_______||__| \__| |__|     |__|         |__|    
                                                                                     
 News and tutorials at http://www.serenity-bdd.info                                  
 Documentation at https://wakaleo.gitbooks.io/the-serenity-book/content/             
 Join the Serenity Community on Gitter: https://gitter.im/serenity-bdd/serenity-core 
 Serenity BDD Support and Training at http://serenity-bdd.info/#/trainingandsupport  
-------------------------------------------------------------------------------------

22:25:18.278 [main] DEBUG net.thucydides.core.steps.StepEventBus - Test suite started for story net.thucydides.core.model.Story@21e7e523
22:25:18.278 [main] INFO  - Test Suite Started: List all campaigns
22:25:18.338 [main] INFO io.cucumber.core.plugin.SerenityReporter - Running feature from file:///C:/Users/yasemin/Desktop/n11-bootcamp/n11TestAutomationCase1/src/test/resources/features/campaigns.feature
22:25:18.338 [main] DEBUG net.thucydides.core.steps.StepEventBus - Test suite started for story net.thucydides.core.model.Story@21e7e523
22:25:18.338 [main] INFO  - Test Suite Started: List all campaigns

Scenario Outline: User clicks on category and obtains the list of campaigns &amp#27;[90m# src/test/resources/features/campaigns.feature:8&amp#27;[0m
22:25:18.523 [main] INFO io.cucumber.core.plugin.SerenityReporter - Running feature from file:///C:/Users/yasemin/Desktop/n11-bootcamp/n11TestAutomationCase1/src/test/resources/features/campaigns.feature
22:25:18.713 [main] INFO  - 
  _____   ___   ___   _____     ___   _____     _     ___   _____   ___   ___  
 |_   _| | __| / __| |_   _|   / __| |_   _|   /_\   | _ \ |_   _| | __| |   \ 
   | |   | _|  \__ \   | |     \__ \   | |    / _ \  |   /   | |   | _|  | |) |
   |_|   |___| |___/   |_|     |___/   |_|   /_/ \_\ |_|_\   |_|   |___| |___/ 

User clicks on category and obtains the list of campaigns(list-all-campaigns;user-clicks-on-category-and-obtains-the-list-of-campaigns)
--------------------------------------------------------------------------------
22:25:19.423 [main] DEBUG net.thucydides.core.steps.StepInterceptor - STARTING STEP: CampaignsStepDefinitions.userOpensThePage - !#title
22:25:19.463 [main] DEBUG net.thucydides.core.steps.StepInterceptor - STARTING STEP: CampaignsStepDefinitions.userOpensThePage - {0} opens the #targetPageName
22:25:19.543 [main] INFO net.serenitybdd.core.webdriver.driverproviders.ChromeDriverProvider - Using automatically driver download
22:25:20.513 [main] DEBUG io.github.bonigarcia.wdm.cache.ResolutionCache - Resolution chrome=97 in cache (valid until 22:28:40 05/02/2022 TRT)
22:25:20.513 [main] DEBUG io.github.bonigarcia.wdm.cache.ResolutionCache - Resolution chrome97=97.0.4692.71 in cache (valid until 00:08:14 06/02/2022 TRT)
22:25:20.513 [main] INFO io.github.bonigarcia.wdm.WebDriverManager - Using chromedriver 97.0.4692.71 (resolved driver for Chrome 97)
22:25:20.523 [main] DEBUG io.github.bonigarcia.wdm.WebDriverManager - Driver chromedriver 97.0.4692.71 found in cache
22:25:20.523 [main] INFO io.github.bonigarcia.wdm.WebDriverManager - Exporting webdriver.chrome.driver as C:\Users\yasemin\.cache\selenium\chromedriver\win32\97.0.4692.71\chromedriver.exe
22:25:21.503 [main] DEBUG net.thucydides.core.reflection.ClassFinder - Could not load class .pages.CampaignPage
22:25:21.503 [main] DEBUG net.thucydides.core.reflection.ClassFinder - Could not load class .pages.N11CampaignsMainPage
22:25:21.503 [main] DEBUG net.thucydides.core.reflection.ClassFinder - Could not load class .questions.CheckDriver
22:25:21.503 [main] DEBUG net.thucydides.core.reflection.ClassFinder - Could not load class .runners.CucumberRunner
22:25:21.503 [main] DEBUG net.thucydides.core.reflection.ClassFinder - Could not load class .stepdefinitions.CampaignsStepDefinitions
22:25:21.503 [main] DEBUG net.thucydides.core.reflection.ClassFinder - Could not load class .tasks.CheckNumOfCampaigns
22:25:21.503 [main] DEBUG net.thucydides.core.reflection.ClassFinder - Could not load class .tasks.ClickCategory
22:25:21.503 [main] DEBUG net.thucydides.core.reflection.ClassFinder - Could not load class .tasks.NavigateTo
22:25:21.503 [main] DEBUG net.thucydides.core.reflection.ClassFinder - Could not load class .tasks.WriteURLsExcel
22:25:21.503 [main] DEBUG net.thucydides.core.reflection.ClassFinder - Could not load class META-INF.versions.9.com.sun.istack.logging.StackHelper
22:25:21.503 [main] DEBUG net.thucydides.core.reflection.ClassFinder - Could not load class META-INF.versions.9.com.sun.xml.bind.v2.runtime.reflect.opt.AccessorInjector
22:25:21.503 [main] DEBUG net.thucydides.core.reflection.ClassFinder - Could not load class META-INF.versions.9.com.sun.xml.bind.v2.runtime.reflect.opt.Injector
22:25:21.513 [main] DEBUG net.thucydides.core.reflection.ClassFinder - Could not load class META-INF.versions.9.com.sun.xml.bind.v2.runtime.reflect.opt.OptimizedAccessorFactory
22:25:21.513 [main] DEBUG net.thucydides.core.reflection.ClassFinder - Could not load class META-INF.versions.9.com.sun.xml.bind.v2.runtime.reflect.opt.OptimizedTransducedAccessorFactory
22:25:21.513 [main] DEBUG net.thucydides.core.reflection.ClassFinder - Could not load class META-INF.versions.9.io.opentelemetry.sdk.internal.CurrentJavaVersionSpecific
22:25:21.513 [main] DEBUG net.thucydides.core.reflection.ClassFinder - Could not load class META-INF.versions.9.io.opentelemetry.sdk.internal.Java9VersionSpecific
22:25:21.513 [main] DEBUG net.thucydides.core.reflection.ClassFinder - Could not load class META-INF.versions.9.javax.xml.bind.ModuleUtil
22:25:21.513 [main] DEBUG net.thucydides.core.reflection.ClassFinder - Could not load class META-INF.versions.9.module-info
22:25:21.513 [main] DEBUG net.thucydides.core.reflection.ClassFinder - Could not load class META-INF.versions.9.org.apache.logging.log4j.util.Base64Util
22:25:21.513 [main] DEBUG net.thucydides.core.reflection.ClassFinder - Could not load class META-INF.versions.9.org.apache.logging.log4j.util.ProcessIdUtil
22:25:21.513 [main] DEBUG net.thucydides.core.reflection.ClassFinder - Could not load class META-INF.versions.9.org.apache.logging.log4j.util.StackLocator
22:25:21.513 [main] DEBUG net.thucydides.core.reflection.ClassFinder - Could not load class META-INF.versions.9.org.apache.logging.log4j.util.internal.DefaultObjectInputFilter
22:25:21.513 [main] DEBUG net.thucydides.core.reflection.ClassFinder - Could not load class META-INF.versions.9.org.apache.xmlbeans.impl.tool.MavenPluginResolver
22:25:21.513 [main] DEBUG net.thucydides.core.reflection.ClassFinder - Could not load class META-INF.versions.9.org.junit.platform.commons.util.ModuleUtils
22:25:21.873 [main] DEBUG net.thucydides.core.reflection.ClassFinder - Could not load class com.microsoft.schemas.office.office.STOLEUpdateMode
22:25:21.873 [main] DEBUG net.thucydides.core.reflection.ClassFinder - Could not load class com.microsoft.schemas.office.office.STScreenSize
22:25:21.923 [main] DEBUG net.thucydides.core.reflection.ClassFinder - Could not load class com.microsoft.schemas.office.visio.x2012.main.SheetType
22:25:21.973 [main] DEBUG net.thucydides.core.reflection.ClassFinder - Could not load class com.microsoft.schemas.office.word.STHorizontalAnchor
22:25:21.973 [main] DEBUG net.thucydides.core.reflection.ClassFinder - Could not load class com.microsoft.schemas.office.word.STVerticalAnchor
22:25:21.973 [main] DEBUG net.thucydides.core.reflection.ClassFinder - Could not load class com.microsoft.schemas.office.word.STWrapSide
22:25:22.063 [main] DEBUG net.thucydides.core.reflection.ClassFinder - Could not load class com.microsoft.schemas.vml.STImageAspect
22:25:22.063 [main] DEBUG net.thucydides.core.reflection.ClassFinder - Could not load class com.microsoft.schemas.vml.STStrokeArrowLength
22:25:22.063 [main] DEBUG net.thucydides.core.reflection.ClassFinder - Could not load class com.microsoft.schemas.vml.STStrokeArrowWidth
22:25:22.063 [main] DEBUG net.thucydides.core.reflection.ClassFinder - Could not load class com.microsoft.schemas.vml.STStrokeEndCap
22:25:22.063 [main] DEBUG net.thucydides.core.reflection.ClassFinder - Could not load class com.microsoft.schemas.vml.STStrokeLineStyle
22:25:22.433 [main] DEBUG net.thucydides.core.reflection.ClassFinder - Could not load class com.sun.xml.bind.v2.runtime.output.FastInfosetStreamWriterOutput
22:25:23.033 [main] DEBUG net.thucydides.core.reflection.ClassFinder - Could not load class module-info
22:25:23.373 [main] DEBUG net.thucydides.core.reflection.ClassFinder - Could not load class org.apache.logging.log4j.util.Activator
22:25:25.171 [main] DEBUG net.thucydides.core.reflection.ClassFinder - Could not load class org.apache.poi.xslf.draw.SVGImageRenderer
22:25:25.181 [main] DEBUG net.thucydides.core.reflection.ClassFinder - Could not load class org.apache.poi.xslf.draw.SVGPOIGraphics2D
22:25:25.181 [main] DEBUG net.thucydides.core.reflection.ClassFinder - Could not load class org.apache.poi.xslf.draw.SVGRenderExtension
22:25:25.181 [main] DEBUG net.thucydides.core.reflection.ClassFinder - Could not load class org.apache.poi.xslf.draw.SVGUserAgent
22:25:25.251 [main] DEBUG net.thucydides.core.reflection.ClassFinder - Could not load class org.apache.poi.xslf.util.SVGFormat
22:25:25.691 [main] DEBUG net.thucydides.core.reflection.ClassFinder - Could not load class org.apache.xmlbeans.impl.schema.TypeSystemHolder
22:25:25.731 [main] DEBUG net.thucydides.core.reflection.ClassFinder - Could not load class org.apache.xmlbeans.impl.tool.MavenPlugin
22:25:25.731 [main] DEBUG net.thucydides.core.reflection.ClassFinder - Could not load class org.apache.xmlbeans.impl.tool.MavenPluginHelp
22:25:25.741 [main] DEBUG net.thucydides.core.reflection.ClassFinder - Could not load class org.apache.xmlbeans.impl.tool.XMLBean
22:25:25.942 [main] DEBUG net.thucydides.core.reflection.ClassFinder - Could not load class org.apache.xmlbeans.impl.xpath.saxon.SaxonXPath
22:25:25.942 [main] DEBUG net.thucydides.core.reflection.ClassFinder - Could not load class org.apache.xmlbeans.impl.xpath.saxon.SaxonXQuery
22:25:28.541 [main] DEBUG net.thucydides.core.reflection.ClassFinder - Could not load class org.etsi.uri.x01903.v13.GenericTimeStampType
22:25:28.541 [main] DEBUG net.thucydides.core.reflection.ClassFinder - Could not load class org.etsi.uri.x01903.v13.QualifierType
22:25:29.511 [main] DEBUG io.netty.util.internal.logging.InternalLoggerFactory - Using SLF4J as the default logging framework
22:25:29.521 [main] DEBUG io.netty.util.ResourceLeakDetector - -Dio.netty.leakDetection.level: simple
22:25:29.521 [main] DEBUG io.netty.util.ResourceLeakDetector - -Dio.netty.leakDetection.targetRecords: 4
22:25:29.521 [main] DEBUG io.netty.util.ResourceLeakDetectorFactory - Loaded default ResourceLeakDetector: io.netty.util.ResourceLeakDetector@143ad42d
22:25:29.551 [main] DEBUG io.netty.util.internal.PlatformDependent0 - -Dio.netty.noUnsafe: false
22:25:29.551 [main] DEBUG io.netty.util.internal.PlatformDependent0 - Java version: 17
22:25:29.551 [main] DEBUG io.netty.util.internal.PlatformDependent0 - sun.misc.Unsafe.theUnsafe: available
22:25:29.551 [main] DEBUG io.netty.util.internal.PlatformDependent0 - sun.misc.Unsafe.copyMemory: available
22:25:29.551 [main] DEBUG io.netty.util.internal.PlatformDependent0 - java.nio.Buffer.address: available
22:25:29.551 [main] DEBUG io.netty.util.internal.PlatformDependent0 - direct buffer constructor: unavailable: Reflective setAccessible(true) disabled
22:25:29.551 [main] DEBUG io.netty.util.internal.PlatformDependent0 - java.nio.Bits.unaligned: available, true
22:25:29.551 [main] DEBUG io.netty.util.internal.PlatformDependent0 - jdk.internal.misc.Unsafe.allocateUninitializedArray(int): unavailable: class io.netty.util.internal.PlatformDependent0$6 cannot access class jdk.internal.misc.Unsafe (in module java.base) because module java.base does not export jdk.internal.misc to unnamed module @6f3b5d16
22:25:29.561 [main] DEBUG io.netty.util.internal.PlatformDependent0 - java.nio.DirectByteBuffer.<init>(long, int): unavailable
22:25:29.561 [main] DEBUG io.netty.util.internal.PlatformDependent - sun.misc.Unsafe: available
22:25:29.561 [main] DEBUG io.netty.util.internal.PlatformDependent - maxDirectMemory: 2122317824 bytes (maybe)
22:25:29.561 [main] DEBUG io.netty.util.internal.PlatformDependent - -Dio.netty.tmpdir: C:\Users\yasemin\AppData\Local\Temp (java.io.tmpdir)
22:25:29.561 [main] DEBUG io.netty.util.internal.PlatformDependent - -Dio.netty.bitMode: 64 (sun.arch.data.model)
22:25:29.561 [main] DEBUG io.netty.util.internal.PlatformDependent - Platform: Windows
22:25:29.561 [main] DEBUG io.netty.util.internal.PlatformDependent - -Dio.netty.maxDirectMemory: -1 bytes
22:25:29.561 [main] DEBUG io.netty.util.internal.PlatformDependent - -Dio.netty.uninitializedArrayAllocationThreshold: -1
22:25:29.561 [main] DEBUG io.netty.util.internal.CleanerJava9 - java.nio.ByteBuffer.cleaner(): available
22:25:29.561 [main] DEBUG io.netty.util.internal.PlatformDependent - -Dio.netty.noPreferDirect: false
22:25:29.571 [main] DEBUG io.netty.util.internal.PlatformDependent - org.jctools-core.MpscChunkedArrayQueue: available
22:25:29.591 [main] DEBUG io.netty.util.internal.InternalThreadLocalMap - -Dio.netty.threadLocalMap.stringBuilder.initialSize: 1024
22:25:29.591 [main] DEBUG io.netty.util.internal.InternalThreadLocalMap - -Dio.netty.threadLocalMap.stringBuilder.maxSize: 4096
22:25:29.691 [main] DEBUG io.netty.handler.ssl.JdkSslContext - Default protocols (JDK): [TLSv1.3, TLSv1.2] 
22:25:29.691 [main] DEBUG io.netty.handler.ssl.JdkSslContext - Default cipher suites (JDK): [TLS_ECDHE_ECDSA_WITH_AES_256_GCM_SHA384, TLS_ECDHE_ECDSA_WITH_AES_128_GCM_SHA256, TLS_ECDHE_RSA_WITH_AES_128_GCM_SHA256, TLS_ECDHE_RSA_WITH_AES_256_GCM_SHA384, TLS_ECDHE_RSA_WITH_AES_128_CBC_SHA, TLS_ECDHE_RSA_WITH_AES_256_CBC_SHA, TLS_RSA_WITH_AES_128_GCM_SHA256, TLS_RSA_WITH_AES_128_CBC_SHA, TLS_RSA_WITH_AES_256_CBC_SHA, TLS_AES_128_GCM_SHA256, TLS_AES_256_GCM_SHA384]
22:25:29.731 [main] DEBUG io.netty.channel.MultithreadEventLoopGroup - -Dio.netty.eventLoopThreads: 8
22:25:29.741 [main] DEBUG io.netty.channel.nio.NioEventLoop - -Dio.netty.noKeySetOptimization: false
22:25:29.741 [main] DEBUG io.netty.channel.nio.NioEventLoop - -Dio.netty.selectorAutoRebuildThreshold: 512
22:25:29.811 [main] DEBUG io.netty.buffer.PooledByteBufAllocator - -Dio.netty.allocator.numHeapArenas: 8
22:25:29.811 [main] DEBUG io.netty.buffer.PooledByteBufAllocator - -Dio.netty.allocator.numDirectArenas: 8
22:25:29.811 [main] DEBUG io.netty.buffer.PooledByteBufAllocator - -Dio.netty.allocator.pageSize: 8192
22:25:29.811 [main] DEBUG io.netty.buffer.PooledByteBufAllocator - -Dio.netty.allocator.maxOrder: 11
22:25:29.811 [main] DEBUG io.netty.buffer.PooledByteBufAllocator - -Dio.netty.allocator.chunkSize: 16777216
22:25:29.811 [main] DEBUG io.netty.buffer.PooledByteBufAllocator - -Dio.netty.allocator.smallCacheSize: 256
22:25:29.811 [main] DEBUG io.netty.buffer.PooledByteBufAllocator - -Dio.netty.allocator.normalCacheSize: 64
22:25:29.811 [main] DEBUG io.netty.buffer.PooledByteBufAllocator - -Dio.netty.allocator.maxCachedBufferCapacity: 32768
22:25:29.811 [main] DEBUG io.netty.buffer.PooledByteBufAllocator - -Dio.netty.allocator.cacheTrimInterval: 8192
22:25:29.811 [main] DEBUG io.netty.buffer.PooledByteBufAllocator - -Dio.netty.allocator.cacheTrimIntervalMillis: 0
22:25:29.811 [main] DEBUG io.netty.buffer.PooledByteBufAllocator - -Dio.netty.allocator.useCacheForAllThreads: true
22:25:29.811 [main] DEBUG io.netty.buffer.PooledByteBufAllocator - -Dio.netty.allocator.maxCachedByteBuffersPerChunk: 1023
22:25:29.821 [main] DEBUG io.netty.buffer.ByteBufUtil - -Dio.netty.allocator.type: pooled
22:25:29.821 [main] DEBUG io.netty.buffer.ByteBufUtil - -Dio.netty.threadLocalDirectBufferSize: 0
22:25:29.821 [main] DEBUG io.netty.buffer.ByteBufUtil - -Dio.netty.maxThreadLocalCharBufferSize: 16384
22:25:29.970 [main] DEBUG net.thucydides.core.reflection.ClassFinder - Could not load class org.openxmlformats.schemas.drawingml.x2006.chart.CTSerAx
22:25:29.990 [main] DEBUG net.thucydides.core.reflection.ClassFinder - Could not load class org.openxmlformats.schemas.drawingml.x2006.chart.STDepthPercentUShort
22:25:29.990 [main] DEBUG net.thucydides.core.reflection.ClassFinder - Could not load class org.openxmlformats.schemas.drawingml.x2006.chart.STDepthPercentWithSymbol
22:25:29.990 [main] DEBUG net.thucydides.core.reflection.ClassFinder - Could not load class org.openxmlformats.schemas.drawingml.x2006.chart.STHPercentUShort
22:25:29.990 [main] DEBUG net.thucydides.core.reflection.ClassFinder - Could not load class org.openxmlformats.schemas.drawingml.x2006.chart.STHPercentWithSymbol
22:25:29.990 [main] DEBUG net.thucydides.core.reflection.ClassFinder - Could not load class org.openxmlformats.schemas.drawingml.x2006.chart.STHoleSizePercent
22:25:29.990 [main] DEBUG net.thucydides.core.reflection.ClassFinder - Could not load class org.openxmlformats.schemas.drawingml.x2006.chart.STHoleSizeUByte
22:25:29.990 [main] DEBUG net.thucydides.core.reflection.ClassFinder - Could not load class org.openxmlformats.schemas.drawingml.x2006.chart.STOverlapByte
22:25:29.990 [main] DEBUG net.thucydides.core.reflection.ClassFinder - Could not load class org.openxmlformats.schemas.drawingml.x2006.chart.STOverlapPercent
22:25:29.990 [main] DEBUG net.thucydides.core.reflection.ClassFinder - Could not load class org.openxmlformats.schemas.drawingml.x2006.chart.STPageSetupOrientation
22:25:30.090 [main] DEBUG net.thucydides.core.reflection.ClassFinder - Could not load class org.openxmlformats.schemas.drawingml.x2006.main.CTGroupFillProperties
22:25:30.120 [main] DEBUG net.thucydides.core.reflection.ClassFinder - Could not load class org.openxmlformats.schemas.drawingml.x2006.main.CTPath2DQuadBezierTo
22:25:30.170 [main] DEBUG net.thucydides.core.reflection.ClassFinder - Could not load class org.openxmlformats.schemas.drawingml.x2006.main.STEffectContainerType
22:25:30.181 [main] DEBUG net.thucydides.core.reflection.ClassFinder - Could not load class org.openxmlformats.schemas.drawingml.x2006.main.STPresetMaterialType
22:25:30.370 [main] DEBUG net.thucydides.core.reflection.ClassFinder - Could not load class org.openxmlformats.schemas.drawingml.x2006.wordprocessingDrawing.STAlignH
22:25:30.370 [main] DEBUG net.thucydides.core.reflection.ClassFinder - Could not load class org.openxmlformats.schemas.drawingml.x2006.wordprocessingDrawing.STAlignV
22:25:30.391 [main] DEBUG net.thucydides.core.reflection.ClassFinder - Could not load class org.openxmlformats.schemas.officeDocument.x2006.docPropsVTypes.STVectorBaseType
22:25:30.441 [main] DEBUG net.thucydides.core.reflection.ClassFinder - Could not load class org.openxmlformats.schemas.officeDocument.x2006.sharedTypes.STConformanceClass
22:25:30.510 [main] DEBUG net.thucydides.core.reflection.ClassFinder - Could not load class org.openxmlformats.schemas.presentationml.x2006.main.STDirection
22:25:30.520 [main] DEBUG net.thucydides.core.reflection.ClassFinder - Could not load class org.openxmlformats.schemas.presentationml.x2006.main.STTLTimeNodeMasterRelation
22:25:30.520 [main] DEBUG net.thucydides.core.reflection.ClassFinder - Could not load class org.openxmlformats.schemas.presentationml.x2006.main.STTLTimeNodePresetClassType
22:25:30.520 [main] DEBUG net.thucydides.core.reflection.ClassFinder - Could not load class org.openxmlformats.schemas.presentationml.x2006.main.STTLTimeNodeSyncType
22:25:30.520 [main] DEBUG net.thucydides.core.reflection.ClassFinder - Could not load class org.openxmlformats.schemas.presentationml.x2006.main.STTLTriggerEvent
22:25:30.720 [main] DEBUG net.thucydides.core.reflection.ClassFinder - Could not load class org.openxmlformats.schemas.spreadsheetml.x2006.main.STComments
22:25:30.720 [main] DEBUG net.thucydides.core.reflection.ClassFinder - Could not load class org.openxmlformats.schemas.spreadsheetml.x2006.main.STDataValidationImeMode
22:25:30.730 [main] DEBUG net.thucydides.core.reflection.ClassFinder - Could not load class org.openxmlformats.schemas.spreadsheetml.x2006.main.STFieldSortType
22:25:30.740 [main] DEBUG net.thucydides.core.reflection.ClassFinder - Could not load class org.openxmlformats.schemas.spreadsheetml.x2006.main.STOleUpdate
22:25:30.740 [main] DEBUG net.thucydides.core.reflection.ClassFinder - Could not load class org.openxmlformats.schemas.spreadsheetml.x2006.main.STPhoneticAlignment
22:25:30.750 [main] DEBUG net.thucydides.core.reflection.ClassFinder - Could not load class org.openxmlformats.schemas.spreadsheetml.x2006.main.STShowDataAs
22:25:30.750 [main] DEBUG net.thucydides.core.reflection.ClassFinder - Could not load class org.openxmlformats.schemas.spreadsheetml.x2006.main.STSortBy
22:25:30.750 [main] DEBUG net.thucydides.core.reflection.ClassFinder - Could not load class org.openxmlformats.schemas.spreadsheetml.x2006.main.STSortMethod
22:25:30.750 [main] DEBUG net.thucydides.core.reflection.ClassFinder - Could not load class org.openxmlformats.schemas.spreadsheetml.x2006.main.STTableType
22:25:30.750 [main] DEBUG net.thucydides.core.reflection.ClassFinder - Could not load class org.openxmlformats.schemas.spreadsheetml.x2006.main.STTargetScreenSize
22:25:30.750 [main] DEBUG net.thucydides.core.reflection.ClassFinder - Could not load class org.openxmlformats.schemas.spreadsheetml.x2006.main.STTotalsRowFunction
22:25:30.910 [main] DEBUG net.thucydides.core.reflection.ClassFinder - Could not load class org.openxmlformats.schemas.wordprocessingml.x2006.main.CTBookmarkRange
22:25:30.930 [main] DEBUG net.thucydides.core.reflection.ClassFinder - Could not load class org.openxmlformats.schemas.wordprocessingml.x2006.main.CTDocumentBase
22:25:30.970 [main] DEBUG net.thucydides.core.reflection.ClassFinder - Could not load class org.openxmlformats.schemas.wordprocessingml.x2006.main.CTPPrBase
22:25:31.050 [main] DEBUG net.thucydides.core.reflection.ClassFinder - Could not load class org.openxmlformats.schemas.wordprocessingml.x2006.main.CTTblGridBase
22:25:31.050 [main] DEBUG net.thucydides.core.reflection.ClassFinder - Could not load class org.openxmlformats.schemas.wordprocessingml.x2006.main.CTTblPrBase
22:25:31.060 [main] DEBUG net.thucydides.core.reflection.ClassFinder - Could not load class org.openxmlformats.schemas.wordprocessingml.x2006.main.CTTblPrExBase
22:25:31.060 [main] DEBUG net.thucydides.core.reflection.ClassFinder - Could not load class org.openxmlformats.schemas.wordprocessingml.x2006.main.CTTcPrBase
22:25:31.060 [main] DEBUG net.thucydides.core.reflection.ClassFinder - Could not load class org.openxmlformats.schemas.wordprocessingml.x2006.main.CTTcPrInner
22:25:31.070 [main] DEBUG net.thucydides.core.reflection.ClassFinder - Could not load class org.openxmlformats.schemas.wordprocessingml.x2006.main.CTTrPrBase
22:25:31.080 [main] DEBUG net.thucydides.core.reflection.ClassFinder - Could not load class org.openxmlformats.schemas.wordprocessingml.x2006.main.STChapterSep
22:25:31.090 [main] DEBUG net.thucydides.core.reflection.ClassFinder - Could not load class org.openxmlformats.schemas.wordprocessingml.x2006.main.STDropCap
22:25:31.110 [main] DEBUG net.thucydides.core.reflection.ClassFinder - Could not load class org.openxmlformats.schemas.wordprocessingml.x2006.main.STPTabAlignment
22:25:31.110 [main] DEBUG net.thucydides.core.reflection.ClassFinder - Could not load class org.openxmlformats.schemas.wordprocessingml.x2006.main.STPTabLeader
22:25:31.110 [main] DEBUG net.thucydides.core.reflection.ClassFinder - Could not load class org.openxmlformats.schemas.wordprocessingml.x2006.main.STPTabRelativeTo
22:25:31.110 [main] DEBUG net.thucydides.core.reflection.ClassFinder - Could not load class org.openxmlformats.schemas.wordprocessingml.x2006.main.STPageBorderZOrder
22:25:31.140 [main] DEBUG net.thucydides.core.reflection.ClassFinder - Could not load class org.openxmlformats.schemas.wordprocessingml.x2006.main.STZoom
22:25:31.500 [main] DEBUG net.serenitybdd.core.webdriver.driverproviders.ProvideNewDriver - Instantiating driver
22:25:31.500 [main] DEBUG net.serenitybdd.core.webdriver.driverproviders.ProvideNewDriver - Driver capabilities: Capabilities {acceptInsecureCerts: false, browserName: chrome, goog:chromeOptions: {args: [--start-maximized, --test-type, --no-sandbox, --ignore-certificate-errors, \r\n                       ..., --disable-default-apps, --disable-extensions-file-a..., \r\n                       ..., --disable-infobars,--disabl...], extensions: []}}
22:25:31.770 [Forwarding newSession on session null to remote] DEBUG io.netty.channel.DefaultChannelId - -Dio.netty.processId: 4584 (auto-detected)
22:25:31.780 [Forwarding newSession on session null to remote] DEBUG io.netty.util.NetUtil - -Djava.net.preferIPv4Stack: false
22:25:31.780 [Forwarding newSession on session null to remote] DEBUG io.netty.util.NetUtil - -Djava.net.preferIPv6Addresses: false
22:25:31.800 [Forwarding newSession on session null to remote] DEBUG io.netty.util.NetUtilInitializations - Loopback interface: lo (Software Loopback Interface 1, 127.0.0.1)
22:25:31.810 [Forwarding newSession on session null to remote] DEBUG io.netty.util.NetUtil - Failed to get SOMAXCONN from sysctl and file \proc\sys\net\core\somaxconn. Default: 200
22:25:31.870 [Forwarding newSession on session null to remote] DEBUG io.netty.channel.DefaultChannelId - -Dio.netty.machineId: f8:34:41:ff:fe:2c:70:86 (auto-detected)
22:25:31.951 [AsyncHttpClient-1-2] DEBUG io.netty.buffer.AbstractByteBuf - -Dio.netty.buffer.checkAccessible: true
22:25:31.951 [AsyncHttpClient-1-2] DEBUG io.netty.buffer.AbstractByteBuf - -Dio.netty.buffer.checkBounds: true
22:25:31.951 [AsyncHttpClient-1-2] DEBUG io.netty.util.ResourceLeakDetectorFactory - Loaded default ResourceLeakDetector: io.netty.util.ResourceLeakDetector@dc1a4ff
22:25:31.960 [AsyncHttpClient-1-2] DEBUG org.asynchttpclient.netty.channel.NettyConnectListener - Using new Channel '[id: 0x91d3d97b, L:/127.0.0.1:61411 - R:localhost/127.0.0.1:64041]' for 'POST' to '/session'
22:25:31.990 [AsyncHttpClient-1-2] DEBUG io.netty.util.Recycler - -Dio.netty.recycler.maxCapacityPerThread: 4096
22:25:31.990 [AsyncHttpClient-1-2] DEBUG io.netty.util.Recycler - -Dio.netty.recycler.ratio: 8
22:25:31.990 [AsyncHttpClient-1-2] DEBUG io.netty.util.Recycler - -Dio.netty.recycler.chunkSize: 32
22:25:31.990 [AsyncHttpClient-1-2] DEBUG io.netty.util.Recycler - -Dio.netty.recycler.blocking: false
22:25:33.378 [AsyncHttpClient-1-2] DEBUG io.netty.handler.codec.compression.Brotli - brotli4j not in the classpath; Brotli support will be unavailable.
22:25:33.378 [AsyncHttpClient-1-2] DEBUG org.asynchttpclient.netty.handler.HttpHandler - 

Request DefaultHttpRequest(decodeResult: success, version: HTTP/1.1)
POST /session HTTP/1.1
User-Agent: selenium/4.1.2 (java windows)
Content-Length: 1191
Content-Type: application/json; charset=utf-8
host: localhost:64041
accept: */*

Response DefaultHttpResponse(decodeResult: success, version: HTTP/1.1)
HTTP/1.1 200 OK
Content-Type: application/json; charset=utf-8
cache-control: no-cache
content-length: 790

22:25:33.397 [AsyncHttpClient-1-2] DEBUG org.asynchttpclient.netty.channel.ChannelManager - Adding key: http://localhost:64041 for channel [id: 0x91d3d97b, L:/127.0.0.1:61411 - R:localhost/127.0.0.1:64041]
22:25:33.491 [AsyncHttpClient-1-3] DEBUG org.asynchttpclient.netty.channel.NettyConnectListener - Using new Channel '[id: 0x6cd1274d, L:/127.0.0.1:61418 - R:localhost/127.0.0.1:61412]' for 'GET' to '/json/version'
22:25:33.500 [AsyncHttpClient-1-3] DEBUG org.asynchttpclient.netty.handler.HttpHandler - 

Request DefaultFullHttpRequest(decodeResult: success, version: HTTP/1.1, content: EmptyByteBufBE)
GET /json/version HTTP/1.1
User-Agent: selenium/4.1.2 (java windows)
host: localhost:61412
accept: */*

Response DefaultHttpResponse(decodeResult: success, version: HTTP/1.1)
HTTP/1.1 200 OK
Content-Type: application/json; charset=UTF-8
content-length: 424

22:25:33.503 [AsyncHttpClient-1-3] DEBUG org.asynchttpclient.netty.channel.ChannelManager - Adding key: http://localhost:61412 for channel [id: 0x6cd1274d, L:/127.0.0.1:61418 - R:localhost/127.0.0.1:61412]
22:25:33.529 [main] DEBUG io.netty.util.internal.ThreadLocalRandom - -Dio.netty.initialSeedUniquifier: 0x84135b2caa19daf2
22:25:33.539 [AsyncHttpClient-1-4] DEBUG org.asynchttpclient.netty.channel.NettyConnectListener - Using new Channel '[id: 0x59c6d90c, L:/127.0.0.1:61420 - R:localhost/127.0.0.1:61412]' for 'GET' to '/devtools/browser/d720d893-311f-4833-a3f8-204d93231ddf'
22:25:33.558 [AsyncHttpClient-1-4] DEBUG org.asynchttpclient.netty.handler.WebSocketHandler - 

Request DefaultFullHttpRequest(decodeResult: success, version: HTTP/1.1, content: EmptyByteBufBE)
GET /devtools/browser/d720d893-311f-4833-a3f8-204d93231ddf HTTP/1.1
upgrade: websocket
connection: upgrade
sec-websocket-key: /2Key8tNgGmznSZy5/GfPg==
sec-websocket-version: 13
origin: http://localhost:61412
host: localhost:61412
accept: */*
user-agent: AHC/2.1

Response DefaultHttpResponse(decodeResult: success, version: HTTP/1.1)
HTTP/1.1 101 WebSocket Protocol Handshake
Upgrade: WebSocket
Connection: Upgrade
Sec-WebSocket-Accept: ddJL29toq0lrjr5Yeuz9TzZTQDg=

22:25:33.614 [Forwarding maximizeCurrentWindow on session 345ede9e5b6286ee51b57e3e10978a31 to remote] DEBUG org.asynchttpclient.netty.request.NettyRequestSender - Using pooled Channel '[id: 0x91d3d97b, L:/127.0.0.1:61411 - R:localhost/127.0.0.1:64041]' for 'POST' to 'http://localhost:64041/session/345ede9e5b6286ee51b57e3e10978a31/window/maximize'
22:25:33.615 [Forwarding maximizeCurrentWindow on session 345ede9e5b6286ee51b57e3e10978a31 to remote] DEBUG org.asynchttpclient.netty.request.NettyRequestSender - Using open Channel [id: 0x91d3d97b, L:/127.0.0.1:61411 - R:localhost/127.0.0.1:64041] for POST '/session/345ede9e5b6286ee51b57e3e10978a31/window/maximize'
22:25:33.630 [AsyncHttpClient-1-2] DEBUG org.asynchttpclient.netty.handler.HttpHandler - 

Request DefaultHttpRequest(decodeResult: success, version: HTTP/1.1)
POST /session/345ede9e5b6286ee51b57e3e10978a31/window/maximize HTTP/1.1
User-Agent: selenium/4.1.2 (java windows)
Content-Length: 3
Content-Type: application/json; charset=utf-8
host: localhost:64041
accept: */*

Response DefaultHttpResponse(decodeResult: success, version: HTTP/1.1)
HTTP/1.1 200 OK
Content-Type: application/json; charset=utf-8
cache-control: no-cache
content-length: 51

22:25:33.631 [AsyncHttpClient-1-2] DEBUG org.asynchttpclient.netty.channel.ChannelManager - Adding key: http://localhost:64041 for channel [id: 0x91d3d97b, L:/127.0.0.1:61411 - R:localhost/127.0.0.1:64041]
22:25:34.080 [AsyncHttpClient-1-1] DEBUG org.asynchttpclient.netty.channel.DefaultChannelPool - Entry count for : http://localhost:64041 : 1
22:25:34.080 [AsyncHttpClient-1-1] DEBUG org.asynchttpclient.netty.channel.DefaultChannelPool - Entry count for : http://localhost:61412 : 1
22:25:34.720 [main] DEBUG net.thucydides.core.reflection.ClassFinder - Could not load class .pages.CampaignPage
22:25:34.720 [main] DEBUG net.thucydides.core.reflection.ClassFinder - Could not load class .pages.N11CampaignsMainPage
22:25:34.720 [main] DEBUG net.thucydides.core.reflection.ClassFinder - Could not load class .questions.CheckDriver
22:25:34.720 [main] DEBUG net.thucydides.core.reflection.ClassFinder - Could not load class .runners.CucumberRunner
22:25:34.720 [main] DEBUG net.thucydides.core.reflection.ClassFinder - Could not load class .stepdefinitions.CampaignsStepDefinitions
22:25:34.720 [main] DEBUG net.thucydides.core.reflection.ClassFinder - Could not load class .tasks.CheckNumOfCampaigns
22:25:34.720 [main] DEBUG net.thucydides.core.reflection.ClassFinder - Could not load class .tasks.ClickCategory
22:25:34.720 [main] DEBUG net.thucydides.core.reflection.ClassFinder - Could not load class .tasks.NavigateTo
22:25:34.720 [main] DEBUG net.thucydides.core.reflection.ClassFinder - Could not load class .tasks.WriteURLsExcel
22:25:34.720 [main] DEBUG net.thucydides.core.reflection.ClassFinder - Could not load class META-INF.versions.9.com.sun.istack.logging.StackHelper
22:25:34.720 [main] DEBUG net.thucydides.core.reflection.ClassFinder - Could not load class META-INF.versions.9.com.sun.xml.bind.v2.runtime.reflect.opt.AccessorInjector
22:25:34.720 [main] DEBUG net.thucydides.core.reflection.ClassFinder - Could not load class META-INF.versions.9.com.sun.xml.bind.v2.runtime.reflect.opt.Injector
22:25:34.730 [main] DEBUG net.thucydides.core.reflection.ClassFinder - Could not load class META-INF.versions.9.com.sun.xml.bind.v2.runtime.reflect.opt.OptimizedAccessorFactory
22:25:34.730 [main] DEBUG net.thucydides.core.reflection.ClassFinder - Could not load class META-INF.versions.9.com.sun.xml.bind.v2.runtime.reflect.opt.OptimizedTransducedAccessorFactory
22:25:34.730 [main] DEBUG net.thucydides.core.reflection.ClassFinder - Could not load class META-INF.versions.9.io.opentelemetry.sdk.internal.CurrentJavaVersionSpecific
22:25:34.730 [main] DEBUG net.thucydides.core.reflection.ClassFinder - Could not load class META-INF.versions.9.io.opentelemetry.sdk.internal.Java9VersionSpecific
22:25:34.730 [main] DEBUG net.thucydides.core.reflection.ClassFinder - Could not load class META-INF.versions.9.javax.xml.bind.ModuleUtil
22:25:34.730 [main] DEBUG net.thucydides.core.reflection.ClassFinder - Could not load class META-INF.versions.9.module-info
22:25:34.730 [main] DEBUG net.thucydides.core.reflection.ClassFinder - Could not load class META-INF.versions.9.org.apache.logging.log4j.util.Base64Util
22:25:34.730 [main] DEBUG net.thucydides.core.reflection.ClassFinder - Could not load class META-INF.versions.9.org.apache.logging.log4j.util.ProcessIdUtil
22:25:34.730 [main] DEBUG net.thucydides.core.reflection.ClassFinder - Could not load class META-INF.versions.9.org.apache.logging.log4j.util.StackLocator
22:25:34.730 [main] DEBUG net.thucydides.core.reflection.ClassFinder - Could not load class META-INF.versions.9.org.apache.logging.log4j.util.internal.DefaultObjectInputFilter
22:25:34.730 [main] DEBUG net.thucydides.core.reflection.ClassFinder - Could not load class META-INF.versions.9.org.apache.xmlbeans.impl.tool.MavenPluginResolver
22:25:34.730 [main] DEBUG net.thucydides.core.reflection.ClassFinder - Could not load class META-INF.versions.9.org.junit.platform.commons.util.ModuleUtils
22:25:34.730 [main] DEBUG net.thucydides.core.reflection.ClassFinder - Could not load class com.microsoft.schemas.office.office.STOLEUpdateMode
22:25:34.730 [main] DEBUG net.thucydides.core.reflection.ClassFinder - Could not load class com.microsoft.schemas.office.office.STScreenSize
22:25:34.730 [main] DEBUG net.thucydides.core.reflection.ClassFinder - Could not load class com.microsoft.schemas.office.visio.x2012.main.SheetType
22:25:34.730 [main] DEBUG net.thucydides.core.reflection.ClassFinder - Could not load class com.microsoft.schemas.office.word.STHorizontalAnchor
22:25:34.730 [main] DEBUG net.thucydides.core.reflection.ClassFinder - Could not load class com.microsoft.schemas.office.word.STVerticalAnchor
22:25:34.730 [main] DEBUG net.thucydides.core.reflection.ClassFinder - Could not load class com.microsoft.schemas.office.word.STWrapSide
22:25:34.730 [main] DEBUG net.thucydides.core.reflection.ClassFinder - Could not load class com.microsoft.schemas.vml.STImageAspect
22:25:34.730 [main] DEBUG net.thucydides.core.reflection.ClassFinder - Could not load class com.microsoft.schemas.vml.STStrokeArrowLength
22:25:34.730 [main] DEBUG net.thucydides.core.reflection.ClassFinder - Could not load class com.microsoft.schemas.vml.STStrokeArrowWidth
22:25:34.730 [main] DEBUG net.thucydides.core.reflection.ClassFinder - Could not load class com.microsoft.schemas.vml.STStrokeEndCap
22:25:34.730 [main] DEBUG net.thucydides.core.reflection.ClassFinder - Could not load class com.microsoft.schemas.vml.STStrokeLineStyle
22:25:34.740 [main] DEBUG net.thucydides.core.reflection.ClassFinder - Could not load class com.sun.xml.bind.v2.runtime.output.FastInfosetStreamWriterOutput
22:25:34.740 [main] DEBUG net.thucydides.core.reflection.ClassFinder - Could not load class module-info
22:25:34.740 [main] DEBUG net.thucydides.core.reflection.ClassFinder - Could not load class org.apache.logging.log4j.util.Activator
22:25:34.740 [main] DEBUG net.thucydides.core.reflection.ClassFinder - Could not load class org.apache.poi.xslf.draw.SVGImageRenderer
22:25:34.750 [main] DEBUG net.thucydides.core.reflection.ClassFinder - Could not load class org.apache.poi.xslf.draw.SVGPOIGraphics2D
22:25:34.750 [main] DEBUG net.thucydides.core.reflection.ClassFinder - Could not load class org.apache.poi.xslf.draw.SVGRenderExtension
22:25:34.750 [main] DEBUG net.thucydides.core.reflection.ClassFinder - Could not load class org.apache.poi.xslf.draw.SVGUserAgent
22:25:34.750 [main] DEBUG net.thucydides.core.reflection.ClassFinder - Could not load class org.apache.poi.xslf.util.SVGFormat
22:25:34.750 [main] DEBUG net.thucydides.core.reflection.ClassFinder - Could not load class org.apache.xmlbeans.impl.schema.TypeSystemHolder
22:25:34.750 [main] DEBUG net.thucydides.core.reflection.ClassFinder - Could not load class org.apache.xmlbeans.impl.tool.MavenPlugin
22:25:34.750 [main] DEBUG net.thucydides.core.reflection.ClassFinder - Could not load class org.apache.xmlbeans.impl.tool.MavenPluginHelp
22:25:34.760 [main] DEBUG net.thucydides.core.reflection.ClassFinder - Could not load class org.apache.xmlbeans.impl.tool.XMLBean
22:25:34.760 [main] DEBUG net.thucydides.core.reflection.ClassFinder - Could not load class org.apache.xmlbeans.impl.xpath.saxon.SaxonXPath
22:25:34.760 [main] DEBUG net.thucydides.core.reflection.ClassFinder - Could not load class org.apache.xmlbeans.impl.xpath.saxon.SaxonXQuery
22:25:34.770 [main] DEBUG net.thucydides.core.reflection.ClassFinder - Could not load class org.etsi.uri.x01903.v13.GenericTimeStampType
22:25:34.770 [main] DEBUG net.thucydides.core.reflection.ClassFinder - Could not load class org.etsi.uri.x01903.v13.QualifierType
22:25:34.780 [main] DEBUG net.thucydides.core.reflection.ClassFinder - Could not load class org.openxmlformats.schemas.drawingml.x2006.chart.CTSerAx
22:25:34.780 [main] DEBUG net.thucydides.core.reflection.ClassFinder - Could not load class org.openxmlformats.schemas.drawingml.x2006.chart.STDepthPercentUShort
22:25:34.780 [main] DEBUG net.thucydides.core.reflection.ClassFinder - Could not load class org.openxmlformats.schemas.drawingml.x2006.chart.STDepthPercentWithSymbol
22:25:34.780 [main] DEBUG net.thucydides.core.reflection.ClassFinder - Could not load class org.openxmlformats.schemas.drawingml.x2006.chart.STHPercentUShort
22:25:34.780 [main] DEBUG net.thucydides.core.reflection.ClassFinder - Could not load class org.openxmlformats.schemas.drawingml.x2006.chart.STHPercentWithSymbol
22:25:34.780 [main] DEBUG net.thucydides.core.reflection.ClassFinder - Could not load class org.openxmlformats.schemas.drawingml.x2006.chart.STHoleSizePercent
22:25:34.780 [main] DEBUG net.thucydides.core.reflection.ClassFinder - Could not load class org.openxmlformats.schemas.drawingml.x2006.chart.STHoleSizeUByte
22:25:34.780 [main] DEBUG net.thucydides.core.reflection.ClassFinder - Could not load class org.openxmlformats.schemas.drawingml.x2006.chart.STOverlapByte
22:25:34.780 [main] DEBUG net.thucydides.core.reflection.ClassFinder - Could not load class org.openxmlformats.schemas.drawingml.x2006.chart.STOverlapPercent
22:25:34.780 [main] DEBUG net.thucydides.core.reflection.ClassFinder - Could not load class org.openxmlformats.schemas.drawingml.x2006.chart.STPageSetupOrientation
22:25:34.780 [main] DEBUG net.thucydides.core.reflection.ClassFinder - Could not load class org.openxmlformats.schemas.drawingml.x2006.main.CTGroupFillProperties
22:25:34.780 [main] DEBUG net.thucydides.core.reflection.ClassFinder - Could not load class org.openxmlformats.schemas.drawingml.x2006.main.CTPath2DQuadBezierTo
22:25:34.780 [main] DEBUG net.thucydides.core.reflection.ClassFinder - Could not load class org.openxmlformats.schemas.drawingml.x2006.main.STEffectContainerType
22:25:34.780 [main] DEBUG net.thucydides.core.reflection.ClassFinder - Could not load class org.openxmlformats.schemas.drawingml.x2006.main.STPresetMaterialType
22:25:34.780 [main] DEBUG net.thucydides.core.reflection.ClassFinder - Could not load class org.openxmlformats.schemas.drawingml.x2006.wordprocessingDrawing.STAlignH
22:25:34.780 [main] DEBUG net.thucydides.core.reflection.ClassFinder - Could not load class org.openxmlformats.schemas.drawingml.x2006.wordprocessingDrawing.STAlignV
22:25:34.780 [main] DEBUG net.thucydides.core.reflection.ClassFinder - Could not load class org.openxmlformats.schemas.officeDocument.x2006.docPropsVTypes.STVectorBaseType
22:25:34.780 [main] DEBUG net.thucydides.core.reflection.ClassFinder - Could not load class org.openxmlformats.schemas.officeDocument.x2006.sharedTypes.STConformanceClass
22:25:34.780 [main] DEBUG net.thucydides.core.reflection.ClassFinder - Could not load class org.openxmlformats.schemas.presentationml.x2006.main.STDirection
22:25:34.780 [main] DEBUG net.thucydides.core.reflection.ClassFinder - Could not load class org.openxmlformats.schemas.presentationml.x2006.main.STTLTimeNodeMasterRelation
22:25:34.780 [main] DEBUG net.thucydides.core.reflection.ClassFinder - Could not load class org.openxmlformats.schemas.presentationml.x2006.main.STTLTimeNodePresetClassType
22:25:34.780 [main] DEBUG net.thucydides.core.reflection.ClassFinder - Could not load class org.openxmlformats.schemas.presentationml.x2006.main.STTLTimeNodeSyncType
22:25:34.780 [main] DEBUG net.thucydides.core.reflection.ClassFinder - Could not load class org.openxmlformats.schemas.presentationml.x2006.main.STTLTriggerEvent
22:25:34.780 [main] DEBUG net.thucydides.core.reflection.ClassFinder - Could not load class org.openxmlformats.schemas.spreadsheetml.x2006.main.STComments
22:25:34.780 [main] DEBUG net.thucydides.core.reflection.ClassFinder - Could not load class org.openxmlformats.schemas.spreadsheetml.x2006.main.STDataValidationImeMode
22:25:34.780 [main] DEBUG net.thucydides.core.reflection.ClassFinder - Could not load class org.openxmlformats.schemas.spreadsheetml.x2006.main.STFieldSortType
22:25:34.780 [main] DEBUG net.thucydides.core.reflection.ClassFinder - Could not load class org.openxmlformats.schemas.spreadsheetml.x2006.main.STOleUpdate
22:25:34.780 [main] DEBUG net.thucydides.core.reflection.ClassFinder - Could not load class org.openxmlformats.schemas.spreadsheetml.x2006.main.STPhoneticAlignment
22:25:34.780 [main] DEBUG net.thucydides.core.reflection.ClassFinder - Could not load class org.openxmlformats.schemas.spreadsheetml.x2006.main.STShowDataAs
22:25:34.780 [main] DEBUG net.thucydides.core.reflection.ClassFinder - Could not load class org.openxmlformats.schemas.spreadsheetml.x2006.main.STSortBy
22:25:34.780 [main] DEBUG net.thucydides.core.reflection.ClassFinder - Could not load class org.openxmlformats.schemas.spreadsheetml.x2006.main.STSortMethod
22:25:34.790 [main] DEBUG net.thucydides.core.reflection.ClassFinder - Could not load class org.openxmlformats.schemas.spreadsheetml.x2006.main.STTableType
22:25:34.790 [main] DEBUG net.thucydides.core.reflection.ClassFinder - Could not load class org.openxmlformats.schemas.spreadsheetml.x2006.main.STTargetScreenSize
22:25:34.790 [main] DEBUG net.thucydides.core.reflection.ClassFinder - Could not load class org.openxmlformats.schemas.spreadsheetml.x2006.main.STTotalsRowFunction
22:25:34.790 [main] DEBUG net.thucydides.core.reflection.ClassFinder - Could not load class org.openxmlformats.schemas.wordprocessingml.x2006.main.CTBookmarkRange
22:25:34.790 [main] DEBUG net.thucydides.core.reflection.ClassFinder - Could not load class org.openxmlformats.schemas.wordprocessingml.x2006.main.CTDocumentBase
22:25:34.790 [main] DEBUG net.thucydides.core.reflection.ClassFinder - Could not load class org.openxmlformats.schemas.wordprocessingml.x2006.main.CTPPrBase
22:25:34.790 [main] DEBUG net.thucydides.core.reflection.ClassFinder - Could not load class org.openxmlformats.schemas.wordprocessingml.x2006.main.CTTblGridBase
22:25:34.790 [main] DEBUG net.thucydides.core.reflection.ClassFinder - Could not load class org.openxmlformats.schemas.wordprocessingml.x2006.main.CTTblPrBase
22:25:34.790 [main] DEBUG net.thucydides.core.reflection.ClassFinder - Could not load class org.openxmlformats.schemas.wordprocessingml.x2006.main.CTTblPrExBase
22:25:34.790 [main] DEBUG net.thucydides.core.reflection.ClassFinder - Could not load class org.openxmlformats.schemas.wordprocessingml.x2006.main.CTTcPrBase
22:25:34.790 [main] DEBUG net.thucydides.core.reflection.ClassFinder - Could not load class org.openxmlformats.schemas.wordprocessingml.x2006.main.CTTcPrInner
22:25:34.790 [main] DEBUG net.thucydides.core.reflection.ClassFinder - Could not load class org.openxmlformats.schemas.wordprocessingml.x2006.main.CTTrPrBase
22:25:34.790 [main] DEBUG net.thucydides.core.reflection.ClassFinder - Could not load class org.openxmlformats.schemas.wordprocessingml.x2006.main.STChapterSep
22:25:34.790 [main] DEBUG net.thucydides.core.reflection.ClassFinder - Could not load class org.openxmlformats.schemas.wordprocessingml.x2006.main.STDropCap
22:25:34.790 [main] DEBUG net.thucydides.core.reflection.ClassFinder - Could not load class org.openxmlformats.schemas.wordprocessingml.x2006.main.STPTabAlignment
22:25:34.790 [main] DEBUG net.thucydides.core.reflection.ClassFinder - Could not load class org.openxmlformats.schemas.wordprocessingml.x2006.main.STPTabLeader
22:25:34.790 [main] DEBUG net.thucydides.core.reflection.ClassFinder - Could not load class org.openxmlformats.schemas.wordprocessingml.x2006.main.STPTabRelativeTo
22:25:34.790 [main] DEBUG net.thucydides.core.reflection.ClassFinder - Could not load class org.openxmlformats.schemas.wordprocessingml.x2006.main.STPageBorderZOrder
22:25:34.790 [main] DEBUG net.thucydides.core.reflection.ClassFinder - Could not load class org.openxmlformats.schemas.wordprocessingml.x2006.main.STZoom
22:25:34.800 [Forwarding get on session 345ede9e5b6286ee51b57e3e10978a31 to remote] DEBUG org.asynchttpclient.netty.request.NettyRequestSender - Using pooled Channel '[id: 0x91d3d97b, L:/127.0.0.1:61411 - R:localhost/127.0.0.1:64041]' for 'POST' to 'http://localhost:64041/session/345ede9e5b6286ee51b57e3e10978a31/url'
22:25:34.800 [Forwarding get on session 345ede9e5b6286ee51b57e3e10978a31 to remote] DEBUG org.asynchttpclient.netty.request.NettyRequestSender - Using open Channel [id: 0x91d3d97b, L:/127.0.0.1:61411 - R:localhost/127.0.0.1:64041] for POST '/session/345ede9e5b6286ee51b57e3e10978a31/url'
22:25:35.185 [AsyncHttpClient-1-1] DEBUG org.asynchttpclient.netty.channel.DefaultChannelPool - Entry count for : http://localhost:61412 : 1
22:25:36.283 [AsyncHttpClient-1-1] DEBUG org.asynchttpclient.netty.channel.DefaultChannelPool - Entry count for : http://localhost:61412 : 1
22:25:37.393 [AsyncHttpClient-1-1] DEBUG org.asynchttpclient.netty.channel.DefaultChannelPool - Entry count for : http://localhost:61412 : 1
22:25:38.489 [AsyncHttpClient-1-1] DEBUG org.asynchttpclient.netty.channel.DefaultChannelPool - Entry count for : http://localhost:61412 : 1
22:25:39.196 [AsyncHttpClient-1-2] DEBUG org.asynchttpclient.netty.handler.HttpHandler - 

Request DefaultHttpRequest(decodeResult: success, version: HTTP/1.1)
POST /session/345ede9e5b6286ee51b57e3e10978a31/url HTTP/1.1
User-Agent: selenium/4.1.2 (java windows)
Content-Length: 61
Content-Type: application/json; charset=utf-8
host: localhost:64041
accept: */*

Response DefaultHttpResponse(decodeResult: success, version: HTTP/1.1)
HTTP/1.1 200 OK
Content-Type: application/json; charset=utf-8
cache-control: no-cache
content-length: 14

22:25:39.197 [AsyncHttpClient-1-2] DEBUG org.asynchttpclient.netty.channel.ChannelManager - Adding key: http://localhost:64041 for channel [id: 0x91d3d97b, L:/127.0.0.1:61411 - R:localhost/127.0.0.1:64041]
22:25:39.207 [Forwarding setTimeout on session 345ede9e5b6286ee51b57e3e10978a31 to remote] DEBUG org.asynchttpclient.netty.request.NettyRequestSender - Using pooled Channel '[id: 0x91d3d97b, L:/127.0.0.1:61411 - R:localhost/127.0.0.1:64041]' for 'POST' to 'http://localhost:64041/session/345ede9e5b6286ee51b57e3e10978a31/timeouts'
22:25:39.207 [Forwarding setTimeout on session 345ede9e5b6286ee51b57e3e10978a31 to remote] DEBUG org.asynchttpclient.netty.request.NettyRequestSender - Using open Channel [id: 0x91d3d97b, L:/127.0.0.1:61411 - R:localhost/127.0.0.1:64041] for POST '/session/345ede9e5b6286ee51b57e3e10978a31/timeouts'
22:25:39.210 [AsyncHttpClient-1-2] DEBUG org.asynchttpclient.netty.handler.HttpHandler - 

Request DefaultHttpRequest(decodeResult: success, version: HTTP/1.1)
POST /session/345ede9e5b6286ee51b57e3e10978a31/timeouts HTTP/1.1
User-Agent: selenium/4.1.2 (java windows)
Content-Length: 22
Content-Type: application/json; charset=utf-8
host: localhost:64041
accept: */*

Response DefaultHttpResponse(decodeResult: success, version: HTTP/1.1)
HTTP/1.1 200 OK
Content-Type: application/json; charset=utf-8
cache-control: no-cache
content-length: 14

22:25:39.210 [AsyncHttpClient-1-2] DEBUG org.asynchttpclient.netty.channel.ChannelManager - Adding key: http://localhost:64041 for channel [id: 0x91d3d97b, L:/127.0.0.1:61411 - R:localhost/127.0.0.1:64041]
22:25:39.217 [Forwarding getCurrentUrl on session 345ede9e5b6286ee51b57e3e10978a31 to remote] DEBUG org.asynchttpclient.netty.request.NettyRequestSender - Using pooled Channel '[id: 0x91d3d97b, L:/127.0.0.1:61411 - R:localhost/127.0.0.1:64041]' for 'GET' to 'http://localhost:64041/session/345ede9e5b6286ee51b57e3e10978a31/url'
22:25:39.217 [Forwarding getCurrentUrl on session 345ede9e5b6286ee51b57e3e10978a31 to remote] DEBUG org.asynchttpclient.netty.request.NettyRequestSender - Using open Channel [id: 0x91d3d97b, L:/127.0.0.1:61411 - R:localhost/127.0.0.1:64041] for GET '/session/345ede9e5b6286ee51b57e3e10978a31/url'
22:25:39.224 [AsyncHttpClient-1-2] DEBUG org.asynchttpclient.netty.handler.HttpHandler - 

Request DefaultFullHttpRequest(decodeResult: success, version: HTTP/1.1, content: EmptyByteBufBE)
GET /session/345ede9e5b6286ee51b57e3e10978a31/url HTTP/1.1
User-Agent: selenium/4.1.2 (java windows)
Cache-Control: no-cache
Content-Type: application/json; charset=utf-8
host: localhost:64041
accept: */*

Response DefaultHttpResponse(decodeResult: success, version: HTTP/1.1)
HTTP/1.1 200 OK
Content-Type: application/json; charset=utf-8
cache-control: no-cache
content-length: 43

22:25:39.224 [AsyncHttpClient-1-2] DEBUG org.asynchttpclient.netty.channel.ChannelManager - Adding key: http://localhost:64041 for channel [id: 0x91d3d97b, L:/127.0.0.1:61411 - R:localhost/127.0.0.1:64041]
22:25:39.229 [Forwarding getCurrentUrl on session 345ede9e5b6286ee51b57e3e10978a31 to remote] DEBUG org.asynchttpclient.netty.request.NettyRequestSender - Using pooled Channel '[id: 0x91d3d97b, L:/127.0.0.1:61411 - R:localhost/127.0.0.1:64041]' for 'GET' to 'http://localhost:64041/session/345ede9e5b6286ee51b57e3e10978a31/url'
22:25:39.229 [Forwarding getCurrentUrl on session 345ede9e5b6286ee51b57e3e10978a31 to remote] DEBUG org.asynchttpclient.netty.request.NettyRequestSender - Using open Channel [id: 0x91d3d97b, L:/127.0.0.1:61411 - R:localhost/127.0.0.1:64041] for GET '/session/345ede9e5b6286ee51b57e3e10978a31/url'
22:25:39.240 [AsyncHttpClient-1-2] DEBUG org.asynchttpclient.netty.handler.HttpHandler - 

Request DefaultFullHttpRequest(decodeResult: success, version: HTTP/1.1, content: EmptyByteBufBE)
GET /session/345ede9e5b6286ee51b57e3e10978a31/url HTTP/1.1
User-Agent: selenium/4.1.2 (java windows)
Cache-Control: no-cache
Content-Type: application/json; charset=utf-8
host: localhost:64041
accept: */*

Response DefaultHttpResponse(decodeResult: success, version: HTTP/1.1)
HTTP/1.1 200 OK
Content-Type: application/json; charset=utf-8
cache-control: no-cache
content-length: 43

22:25:39.241 [AsyncHttpClient-1-2] DEBUG org.asynchttpclient.netty.channel.ChannelManager - Adding key: http://localhost:64041 for channel [id: 0x91d3d97b, L:/127.0.0.1:61411 - R:localhost/127.0.0.1:64041]
22:25:39.268 [main] DEBUG net.serenitybdd.core.photography.Darkroom - Opening darkroom
22:25:39.268 [Darkroom Processing Line] DEBUG net.serenitybdd.core.photography.DarkroomProcessingLine - Darkroom processing line starting up
22:25:39.269 [Forwarding screenshot on session 345ede9e5b6286ee51b57e3e10978a31 to remote] DEBUG org.asynchttpclient.netty.request.NettyRequestSender - Using pooled Channel '[id: 0x91d3d97b, L:/127.0.0.1:61411 - R:localhost/127.0.0.1:64041]' for 'GET' to 'http://localhost:64041/session/345ede9e5b6286ee51b57e3e10978a31/screenshot'
22:25:39.269 [Forwarding screenshot on session 345ede9e5b6286ee51b57e3e10978a31 to remote] DEBUG org.asynchttpclient.netty.request.NettyRequestSender - Using open Channel [id: 0x91d3d97b, L:/127.0.0.1:61411 - R:localhost/127.0.0.1:64041] for GET '/session/345ede9e5b6286ee51b57e3e10978a31/screenshot'
22:25:39.556 [AsyncHttpClient-1-2] DEBUG org.asynchttpclient.netty.handler.HttpHandler - 

Request DefaultFullHttpRequest(decodeResult: success, version: HTTP/1.1, content: EmptyByteBufBE)
GET /session/345ede9e5b6286ee51b57e3e10978a31/screenshot HTTP/1.1
User-Agent: selenium/4.1.2 (java windows)
Cache-Control: no-cache
Content-Type: application/json; charset=utf-8
host: localhost:64041
accept: */*

Response DefaultHttpResponse(decodeResult: success, version: HTTP/1.1)
HTTP/1.1 200 OK
Content-Type: application/json; charset=utf-8
cache-control: no-cache
content-length: 716148

22:25:39.562 [AsyncHttpClient-1-2] DEBUG org.asynchttpclient.netty.channel.ChannelManager - Adding key: http://localhost:64041 for channel [id: 0x91d3d97b, L:/127.0.0.1:61411 - R:localhost/127.0.0.1:64041]
22:25:39.582 [AsyncHttpClient-1-1] DEBUG org.asynchttpclient.netty.channel.DefaultChannelPool - Entry count for : http://localhost:64041 : 1
22:25:39.582 [AsyncHttpClient-1-1] DEBUG org.asynchttpclient.netty.channel.DefaultChannelPool - Entry count for : http://localhost:61412 : 1
22:25:39.688 [main] DEBUG net.serenitybdd.core.photography.Darkroom - Send negative for processing for target\site\serenity\0b663212aae285cd7e928c04715213693ec5aec7e300b9c9e8ddf126ebdfce52.png
22:25:39.688 [Darkroom Processing Line] DEBUG net.serenitybdd.core.photography.DarkroomProcessingLine - Processing screenshot image in /var/screenshots/screenshot-5648232442263411282
22:25:39.688 [Darkroom Processing Line] DEBUG net.serenitybdd.core.photography.DarkroomProcessingLine - Saving screenshot to target\site\serenity\0b663212aae285cd7e928c04715213693ec5aec7e300b9c9e8ddf126ebdfce52.png
22:25:39.692 [main] DEBUG net.thucydides.core.steps.StepInterceptor - STEP DONE: {0} opens the #targetPageName
22:25:39.726 [main] DEBUG net.thucydides.core.steps.StepInterceptor - STEP DONE: !#title
  &amp#27;[32mGiven &amp#27;[0m&amp#27;[32muser opens the page&amp#27;[0m                                                 &amp#27;[90m# stepdefinitions.CampaignsStepDefinitions.userOpensThePage()&amp#27;[0m
22:25:39.747 [Forwarding screenshot on session 345ede9e5b6286ee51b57e3e10978a31 to remote] DEBUG org.asynchttpclient.netty.request.NettyRequestSender - Using pooled Channel '[id: 0x91d3d97b, L:/127.0.0.1:61411 - R:localhost/127.0.0.1:64041]' for 'GET' to 'http://localhost:64041/session/345ede9e5b6286ee51b57e3e10978a31/screenshot'
22:25:39.747 [Forwarding screenshot on session 345ede9e5b6286ee51b57e3e10978a31 to remote] DEBUG org.asynchttpclient.netty.request.NettyRequestSender - Using open Channel [id: 0x91d3d97b, L:/127.0.0.1:61411 - R:localhost/127.0.0.1:64041] for GET '/session/345ede9e5b6286ee51b57e3e10978a31/screenshot'
22:25:40.050 [AsyncHttpClient-1-2] DEBUG org.asynchttpclient.netty.handler.HttpHandler - 

Request DefaultFullHttpRequest(decodeResult: success, version: HTTP/1.1, content: EmptyByteBufBE)
GET /session/345ede9e5b6286ee51b57e3e10978a31/screenshot HTTP/1.1
User-Agent: selenium/4.1.2 (java windows)
Cache-Control: no-cache
Content-Type: application/json; charset=utf-8
host: localhost:64041
accept: */*

Response DefaultHttpResponse(decodeResult: success, version: HTTP/1.1)
HTTP/1.1 200 OK
Content-Type: application/json; charset=utf-8
cache-control: no-cache
content-length: 716148

22:25:40.057 [AsyncHttpClient-1-2] DEBUG org.asynchttpclient.netty.channel.ChannelManager - Adding key: http://localhost:64041 for channel [id: 0x91d3d97b, L:/127.0.0.1:61411 - R:localhost/127.0.0.1:64041]
22:25:40.077 [main] DEBUG net.serenitybdd.core.photography.Darkroom - Send negative for processing for target\site\serenity\0b663212aae285cd7e928c04715213693ec5aec7e300b9c9e8ddf126ebdfce52.png
22:25:40.110 [main] DEBUG net.thucydides.core.steps.StepInterceptor - STARTING STEP: CampaignsStepDefinitions.userClicksOnACategory - {0} clicks on #target
22:25:40.111 [main] DEBUG net.serenitybdd.screenplay.targets.IFrameSwitcher - default content already selected for Location pop-up close
22:25:40.139 [Forwarding findElement on session 345ede9e5b6286ee51b57e3e10978a31 to remote] DEBUG org.asynchttpclient.netty.request.NettyRequestSender - Using pooled Channel '[id: 0x91d3d97b, L:/127.0.0.1:61411 - R:localhost/127.0.0.1:64041]' for 'POST' to 'http://localhost:64041/session/345ede9e5b6286ee51b57e3e10978a31/element'
22:25:40.139 [Forwarding findElement on session 345ede9e5b6286ee51b57e3e10978a31 to remote] DEBUG org.asynchttpclient.netty.request.NettyRequestSender - Using open Channel [id: 0x91d3d97b, L:/127.0.0.1:61411 - R:localhost/127.0.0.1:64041] for POST '/session/345ede9e5b6286ee51b57e3e10978a31/element'
22:25:40.165 [AsyncHttpClient-1-2] DEBUG org.asynchttpclient.netty.handler.HttpHandler - 

Request DefaultHttpRequest(decodeResult: success, version: HTTP/1.1)
POST /session/345ede9e5b6286ee51b57e3e10978a31/element HTTP/1.1
User-Agent: selenium/4.1.2 (java windows)
Content-Length: 66
Content-Type: application/json; charset=utf-8
host: localhost:64041
accept: */*

Response DefaultHttpResponse(decodeResult: success, version: HTTP/1.1)
HTTP/1.1 200 OK
Content-Type: application/json; charset=utf-8
cache-control: no-cache
content-length: 88

22:25:40.165 [AsyncHttpClient-1-2] DEBUG org.asynchttpclient.netty.channel.ChannelManager - Adding key: http://localhost:64041 for channel [id: 0x91d3d97b, L:/127.0.0.1:61411 - R:localhost/127.0.0.1:64041]
22:25:40.175 [Forwarding isElementDisplayed on session 345ede9e5b6286ee51b57e3e10978a31 to remote] DEBUG org.asynchttpclient.netty.request.NettyRequestSender - Using pooled Channel '[id: 0x91d3d97b, L:/127.0.0.1:61411 - R:localhost/127.0.0.1:64041]' for 'POST' to 'http://localhost:64041/session/345ede9e5b6286ee51b57e3e10978a31/execute/sync'
22:25:40.175 [Forwarding isElementDisplayed on session 345ede9e5b6286ee51b57e3e10978a31 to remote] DEBUG org.asynchttpclient.netty.request.NettyRequestSender - Using open Channel [id: 0x91d3d97b, L:/127.0.0.1:61411 - R:localhost/127.0.0.1:64041] for POST '/session/345ede9e5b6286ee51b57e3e10978a31/execute/sync'
22:25:40.209 [AsyncHttpClient-1-2] DEBUG org.asynchttpclient.netty.handler.HttpHandler - 

Request DefaultHttpRequest(decodeResult: success, version: HTTP/1.1)
POST /session/345ede9e5b6286ee51b57e3e10978a31/execute/sync HTTP/1.1
User-Agent: selenium/4.1.2 (java windows)
Content-Length: 48780
Content-Type: application/json; charset=utf-8
host: localhost:64041
accept: */*

Response DefaultHttpResponse(decodeResult: success, version: HTTP/1.1)
HTTP/1.1 200 OK
Content-Type: application/json; charset=utf-8
cache-control: no-cache
content-length: 14

22:25:40.209 [AsyncHttpClient-1-2] DEBUG org.asynchttpclient.netty.channel.ChannelManager - Adding key: http://localhost:64041 for channel [id: 0x91d3d97b, L:/127.0.0.1:61411 - R:localhost/127.0.0.1:64041]
22:25:40.214 [Forwarding findElement on session 345ede9e5b6286ee51b57e3e10978a31 to remote] DEBUG org.asynchttpclient.netty.request.NettyRequestSender - Using pooled Channel '[id: 0x91d3d97b, L:/127.0.0.1:61411 - R:localhost/127.0.0.1:64041]' for 'POST' to 'http://localhost:64041/session/345ede9e5b6286ee51b57e3e10978a31/element'
22:25:40.214 [Forwarding findElement on session 345ede9e5b6286ee51b57e3e10978a31 to remote] DEBUG org.asynchttpclient.netty.request.NettyRequestSender - Using open Channel [id: 0x91d3d97b, L:/127.0.0.1:61411 - R:localhost/127.0.0.1:64041] for POST '/session/345ede9e5b6286ee51b57e3e10978a31/element'
22:25:40.238 [AsyncHttpClient-1-2] DEBUG org.asynchttpclient.netty.handler.HttpHandler - 

Request DefaultHttpRequest(decodeResult: success, version: HTTP/1.1)
POST /session/345ede9e5b6286ee51b57e3e10978a31/element HTTP/1.1
User-Agent: selenium/4.1.2 (java windows)
Content-Length: 66
Content-Type: application/json; charset=utf-8
host: localhost:64041
accept: */*

Response DefaultHttpResponse(decodeResult: success, version: HTTP/1.1)
HTTP/1.1 200 OK
Content-Type: application/json; charset=utf-8
cache-control: no-cache
content-length: 88

22:25:40.238 [AsyncHttpClient-1-2] DEBUG org.asynchttpclient.netty.channel.ChannelManager - Adding key: http://localhost:64041 for channel [id: 0x91d3d97b, L:/127.0.0.1:61411 - R:localhost/127.0.0.1:64041]
22:25:40.241 [Forwarding clickElement on session 345ede9e5b6286ee51b57e3e10978a31 to remote] DEBUG org.asynchttpclient.netty.request.NettyRequestSender - Using pooled Channel '[id: 0x91d3d97b, L:/127.0.0.1:61411 - R:localhost/127.0.0.1:64041]' for 'POST' to 'http://localhost:64041/session/345ede9e5b6286ee51b57e3e10978a31/element/a10adccf-f78a-4908-bffe-4a6b45cc7cab/click'
22:25:40.241 [Forwarding clickElement on session 345ede9e5b6286ee51b57e3e10978a31 to remote] DEBUG org.asynchttpclient.netty.request.NettyRequestSender - Using open Channel [id: 0x91d3d97b, L:/127.0.0.1:61411 - R:localhost/127.0.0.1:64041] for POST '/session/345ede9e5b6286ee51b57e3e10978a31/element/a10adccf-f78a-4908-bffe-4a6b45cc7cab/click'
22:25:40.359 [AsyncHttpClient-1-2] DEBUG org.asynchttpclient.netty.handler.HttpHandler - 

Request DefaultHttpRequest(decodeResult: success, version: HTTP/1.1)
POST /session/345ede9e5b6286ee51b57e3e10978a31/element/a10adccf-f78a-4908-bffe-4a6b45cc7cab/click HTTP/1.1
User-Agent: selenium/4.1.2 (java windows)
Content-Length: 50
Content-Type: application/json; charset=utf-8
host: localhost:64041
accept: */*

Response DefaultHttpResponse(decodeResult: success, version: HTTP/1.1)
HTTP/1.1 200 OK
Content-Type: application/json; charset=utf-8
cache-control: no-cache
content-length: 14

22:25:40.360 [AsyncHttpClient-1-2] DEBUG org.asynchttpclient.netty.channel.ChannelManager - Adding key: http://localhost:64041 for channel [id: 0x91d3d97b, L:/127.0.0.1:61411 - R:localhost/127.0.0.1:64041]
22:25:40.380 [Forwarding screenshot on session 345ede9e5b6286ee51b57e3e10978a31 to remote] DEBUG org.asynchttpclient.netty.request.NettyRequestSender - Using pooled Channel '[id: 0x91d3d97b, L:/127.0.0.1:61411 - R:localhost/127.0.0.1:64041]' for 'GET' to 'http://localhost:64041/session/345ede9e5b6286ee51b57e3e10978a31/screenshot'
22:25:40.381 [Forwarding screenshot on session 345ede9e5b6286ee51b57e3e10978a31 to remote] DEBUG org.asynchttpclient.netty.request.NettyRequestSender - Using open Channel [id: 0x91d3d97b, L:/127.0.0.1:61411 - R:localhost/127.0.0.1:64041] for GET '/session/345ede9e5b6286ee51b57e3e10978a31/screenshot'
22:25:40.683 [AsyncHttpClient-1-1] DEBUG org.asynchttpclient.netty.channel.DefaultChannelPool - Entry count for : http://localhost:61412 : 1
22:25:40.813 [AsyncHttpClient-1-2] DEBUG org.asynchttpclient.netty.handler.HttpHandler - 

Request DefaultFullHttpRequest(decodeResult: success, version: HTTP/1.1, content: EmptyByteBufBE)
GET /session/345ede9e5b6286ee51b57e3e10978a31/screenshot HTTP/1.1
User-Agent: selenium/4.1.2 (java windows)
Cache-Control: no-cache
Content-Type: application/json; charset=utf-8
host: localhost:64041
accept: */*

Response DefaultHttpResponse(decodeResult: success, version: HTTP/1.1)
HTTP/1.1 200 OK
Content-Type: application/json; charset=utf-8
cache-control: no-cache
content-length: 730380

22:25:40.819 [AsyncHttpClient-1-2] DEBUG org.asynchttpclient.netty.channel.ChannelManager - Adding key: http://localhost:64041 for channel [id: 0x91d3d97b, L:/127.0.0.1:61411 - R:localhost/127.0.0.1:64041]
22:25:40.849 [main] DEBUG net.serenitybdd.core.photography.Darkroom - Send negative for processing for target\site\serenity\b09aa8ab39dacaf2e850ef2bc4c2362c80a8712576f5103f4a2dcaff642e65a6.png
22:25:40.849 [main] DEBUG net.thucydides.core.steps.StepInterceptor - STEP DONE: {0} clicks on #target
22:25:40.849 [Darkroom Processing Line] DEBUG net.serenitybdd.core.photography.DarkroomProcessingLine - Processing screenshot image in /var/screenshots/screenshot-4323140884625516528
22:25:40.849 [Darkroom Processing Line] DEBUG net.serenitybdd.core.photography.DarkroomProcessingLine - Saving screenshot to target\site\serenity\b09aa8ab39dacaf2e850ef2bc4c2362c80a8712576f5103f4a2dcaff642e65a6.png
22:25:40.890 [main] DEBUG net.thucydides.core.steps.StepInterceptor - STARTING STEP: CampaignsStepDefinitions.userClicksOnACategory - {0} clicks on #category
22:25:40.964 [main] DEBUG net.serenitybdd.screenplay.targets.IFrameSwitcher - default content already selected for Moda category
22:25:40.973 [Forwarding findElements on session 345ede9e5b6286ee51b57e3e10978a31 to remote] DEBUG org.asynchttpclient.netty.request.NettyRequestSender - Using pooled Channel '[id: 0x91d3d97b, L:/127.0.0.1:61411 - R:localhost/127.0.0.1:64041]' for 'POST' to 'http://localhost:64041/session/345ede9e5b6286ee51b57e3e10978a31/elements'
22:25:40.974 [Forwarding findElements on session 345ede9e5b6286ee51b57e3e10978a31 to remote] DEBUG org.asynchttpclient.netty.request.NettyRequestSender - Using open Channel [id: 0x91d3d97b, L:/127.0.0.1:61411 - R:localhost/127.0.0.1:64041] for POST '/session/345ede9e5b6286ee51b57e3e10978a31/elements'
22:25:40.995 [AsyncHttpClient-1-2] DEBUG org.asynchttpclient.netty.handler.HttpHandler - 

Request DefaultHttpRequest(decodeResult: success, version: HTTP/1.1)
POST /session/345ede9e5b6286ee51b57e3e10978a31/elements HTTP/1.1
User-Agent: selenium/4.1.2 (java windows)
Content-Length: 74
Content-Type: application/json; charset=utf-8
host: localhost:64041
accept: */*

Response DefaultHttpResponse(decodeResult: success, version: HTTP/1.1)
HTTP/1.1 200 OK
Content-Type: application/json; charset=utf-8
cache-control: no-cache
content-length: 90

22:25:40.995 [AsyncHttpClient-1-2] DEBUG org.asynchttpclient.netty.channel.ChannelManager - Adding key: http://localhost:64041 for channel [id: 0x91d3d97b, L:/127.0.0.1:61411 - R:localhost/127.0.0.1:64041]
22:25:41.038 [Forwarding isElementDisplayed on session 345ede9e5b6286ee51b57e3e10978a31 to remote] DEBUG org.asynchttpclient.netty.request.NettyRequestSender - Using pooled Channel '[id: 0x91d3d97b, L:/127.0.0.1:61411 - R:localhost/127.0.0.1:64041]' for 'POST' to 'http://localhost:64041/session/345ede9e5b6286ee51b57e3e10978a31/execute/sync'
22:25:41.038 [Forwarding isElementDisplayed on session 345ede9e5b6286ee51b57e3e10978a31 to remote] DEBUG org.asynchttpclient.netty.request.NettyRequestSender - Using open Channel [id: 0x91d3d97b, L:/127.0.0.1:61411 - R:localhost/127.0.0.1:64041] for POST '/session/345ede9e5b6286ee51b57e3e10978a31/execute/sync'
22:25:41.058 [AsyncHttpClient-1-2] DEBUG org.asynchttpclient.netty.handler.HttpHandler - 

Request DefaultHttpRequest(decodeResult: success, version: HTTP/1.1)
POST /session/345ede9e5b6286ee51b57e3e10978a31/execute/sync HTTP/1.1
User-Agent: selenium/4.1.2 (java windows)
Content-Length: 48780
Content-Type: application/json; charset=utf-8
host: localhost:64041
accept: */*

Response DefaultHttpResponse(decodeResult: success, version: HTTP/1.1)
HTTP/1.1 200 OK
Content-Type: application/json; charset=utf-8
cache-control: no-cache
content-length: 14

22:25:41.058 [AsyncHttpClient-1-2] DEBUG org.asynchttpclient.netty.channel.ChannelManager - Adding key: http://localhost:64041 for channel [id: 0x91d3d97b, L:/127.0.0.1:61411 - R:localhost/127.0.0.1:64041]
22:25:41.068 [Forwarding isElementEnabled on session 345ede9e5b6286ee51b57e3e10978a31 to remote] DEBUG org.asynchttpclient.netty.request.NettyRequestSender - Using pooled Channel '[id: 0x91d3d97b, L:/127.0.0.1:61411 - R:localhost/127.0.0.1:64041]' for 'GET' to 'http://localhost:64041/session/345ede9e5b6286ee51b57e3e10978a31/element/b7272529-276e-4db3-b602-7856c83e7428/enabled'
22:25:41.068 [Forwarding isElementEnabled on session 345ede9e5b6286ee51b57e3e10978a31 to remote] DEBUG org.asynchttpclient.netty.request.NettyRequestSender - Using open Channel [id: 0x91d3d97b, L:/127.0.0.1:61411 - R:localhost/127.0.0.1:64041] for GET '/session/345ede9e5b6286ee51b57e3e10978a31/element/b7272529-276e-4db3-b602-7856c83e7428/enabled'
22:25:41.111 [AsyncHttpClient-1-2] DEBUG org.asynchttpclient.netty.handler.HttpHandler - 

Request DefaultFullHttpRequest(decodeResult: success, version: HTTP/1.1, content: EmptyByteBufBE)
GET /session/345ede9e5b6286ee51b57e3e10978a31/element/b7272529-276e-4db3-b602-7856c83e7428/enabled HTTP/1.1
User-Agent: selenium/4.1.2 (java windows)
Cache-Control: no-cache
Content-Type: application/json; charset=utf-8
host: localhost:64041
accept: */*

Response DefaultHttpResponse(decodeResult: success, version: HTTP/1.1)
HTTP/1.1 200 OK
Content-Type: application/json; charset=utf-8
cache-control: no-cache
content-length: 14

22:25:41.111 [AsyncHttpClient-1-2] DEBUG org.asynchttpclient.netty.channel.ChannelManager - Adding key: http://localhost:64041 for channel [id: 0x91d3d97b, L:/127.0.0.1:61411 - R:localhost/127.0.0.1:64041]
22:25:41.129 [main] DEBUG net.thucydides.core.steps.StepInterceptor - STARTING STEP: ClickCategory.performAs - {0} clicks on #target
22:25:41.129 [main] DEBUG net.serenitybdd.screenplay.targets.IFrameSwitcher - default content already selected for Moda category
22:25:41.139 [Forwarding findElement on session 345ede9e5b6286ee51b57e3e10978a31 to remote] DEBUG org.asynchttpclient.netty.request.NettyRequestSender - Using pooled Channel '[id: 0x91d3d97b, L:/127.0.0.1:61411 - R:localhost/127.0.0.1:64041]' for 'POST' to 'http://localhost:64041/session/345ede9e5b6286ee51b57e3e10978a31/element'
22:25:41.139 [Forwarding findElement on session 345ede9e5b6286ee51b57e3e10978a31 to remote] DEBUG org.asynchttpclient.netty.request.NettyRequestSender - Using open Channel [id: 0x91d3d97b, L:/127.0.0.1:61411 - R:localhost/127.0.0.1:64041] for POST '/session/345ede9e5b6286ee51b57e3e10978a31/element'
22:25:41.165 [AsyncHttpClient-1-2] DEBUG org.asynchttpclient.netty.handler.HttpHandler - 

Request DefaultHttpRequest(decodeResult: success, version: HTTP/1.1)
POST /session/345ede9e5b6286ee51b57e3e10978a31/element HTTP/1.1
User-Agent: selenium/4.1.2 (java windows)
Content-Length: 74
Content-Type: application/json; charset=utf-8
host: localhost:64041
accept: */*

Response DefaultHttpResponse(decodeResult: success, version: HTTP/1.1)
HTTP/1.1 200 OK
Content-Type: application/json; charset=utf-8
cache-control: no-cache
content-length: 88

22:25:41.165 [AsyncHttpClient-1-2] DEBUG org.asynchttpclient.netty.channel.ChannelManager - Adding key: http://localhost:64041 for channel [id: 0x91d3d97b, L:/127.0.0.1:61411 - R:localhost/127.0.0.1:64041]
22:25:41.175 [Forwarding isElementDisplayed on session 345ede9e5b6286ee51b57e3e10978a31 to remote] DEBUG org.asynchttpclient.netty.request.NettyRequestSender - Using pooled Channel '[id: 0x91d3d97b, L:/127.0.0.1:61411 - R:localhost/127.0.0.1:64041]' for 'POST' to 'http://localhost:64041/session/345ede9e5b6286ee51b57e3e10978a31/execute/sync'
22:25:41.175 [Forwarding isElementDisplayed on session 345ede9e5b6286ee51b57e3e10978a31 to remote] DEBUG org.asynchttpclient.netty.request.NettyRequestSender - Using open Channel [id: 0x91d3d97b, L:/127.0.0.1:61411 - R:localhost/127.0.0.1:64041] for POST '/session/345ede9e5b6286ee51b57e3e10978a31/execute/sync'
22:25:41.198 [AsyncHttpClient-1-2] DEBUG org.asynchttpclient.netty.handler.HttpHandler - 

Request DefaultHttpRequest(decodeResult: success, version: HTTP/1.1)
POST /session/345ede9e5b6286ee51b57e3e10978a31/execute/sync HTTP/1.1
User-Agent: selenium/4.1.2 (java windows)
Content-Length: 48780
Content-Type: application/json; charset=utf-8
host: localhost:64041
accept: */*

Response DefaultHttpResponse(decodeResult: success, version: HTTP/1.1)
HTTP/1.1 200 OK
Content-Type: application/json; charset=utf-8
cache-control: no-cache
content-length: 14

22:25:41.198 [AsyncHttpClient-1-2] DEBUG org.asynchttpclient.netty.channel.ChannelManager - Adding key: http://localhost:64041 for channel [id: 0x91d3d97b, L:/127.0.0.1:61411 - R:localhost/127.0.0.1:64041]
22:25:41.208 [Forwarding findElement on session 345ede9e5b6286ee51b57e3e10978a31 to remote] DEBUG org.asynchttpclient.netty.request.NettyRequestSender - Using pooled Channel '[id: 0x91d3d97b, L:/127.0.0.1:61411 - R:localhost/127.0.0.1:64041]' for 'POST' to 'http://localhost:64041/session/345ede9e5b6286ee51b57e3e10978a31/element'
22:25:41.208 [Forwarding findElement on session 345ede9e5b6286ee51b57e3e10978a31 to remote] DEBUG org.asynchttpclient.netty.request.NettyRequestSender - Using open Channel [id: 0x91d3d97b, L:/127.0.0.1:61411 - R:localhost/127.0.0.1:64041] for POST '/session/345ede9e5b6286ee51b57e3e10978a31/element'
22:25:41.228 [AsyncHttpClient-1-2] DEBUG org.asynchttpclient.netty.handler.HttpHandler - 

Request DefaultHttpRequest(decodeResult: success, version: HTTP/1.1)
POST /session/345ede9e5b6286ee51b57e3e10978a31/element HTTP/1.1
User-Agent: selenium/4.1.2 (java windows)
Content-Length: 74
Content-Type: application/json; charset=utf-8
host: localhost:64041
accept: */*

Response DefaultHttpResponse(decodeResult: success, version: HTTP/1.1)
HTTP/1.1 200 OK
Content-Type: application/json; charset=utf-8
cache-control: no-cache
content-length: 88

22:25:41.228 [AsyncHttpClient-1-2] DEBUG org.asynchttpclient.netty.channel.ChannelManager - Adding key: http://localhost:64041 for channel [id: 0x91d3d97b, L:/127.0.0.1:61411 - R:localhost/127.0.0.1:64041]
22:25:41.228 [Forwarding clickElement on session 345ede9e5b6286ee51b57e3e10978a31 to remote] DEBUG org.asynchttpclient.netty.request.NettyRequestSender - Using pooled Channel '[id: 0x91d3d97b, L:/127.0.0.1:61411 - R:localhost/127.0.0.1:64041]' for 'POST' to 'http://localhost:64041/session/345ede9e5b6286ee51b57e3e10978a31/element/b7272529-276e-4db3-b602-7856c83e7428/click'
22:25:41.228 [Forwarding clickElement on session 345ede9e5b6286ee51b57e3e10978a31 to remote] DEBUG org.asynchttpclient.netty.request.NettyRequestSender - Using open Channel [id: 0x91d3d97b, L:/127.0.0.1:61411 - R:localhost/127.0.0.1:64041] for POST '/session/345ede9e5b6286ee51b57e3e10978a31/element/b7272529-276e-4db3-b602-7856c83e7428/click'
22:25:41.349 [AsyncHttpClient-1-2] DEBUG org.asynchttpclient.netty.handler.HttpHandler - 

Request DefaultHttpRequest(decodeResult: success, version: HTTP/1.1)
POST /session/345ede9e5b6286ee51b57e3e10978a31/element/b7272529-276e-4db3-b602-7856c83e7428/click HTTP/1.1
User-Agent: selenium/4.1.2 (java windows)
Content-Length: 50
Content-Type: application/json; charset=utf-8
host: localhost:64041
accept: */*

Response DefaultHttpResponse(decodeResult: success, version: HTTP/1.1)
HTTP/1.1 200 OK
Content-Type: application/json; charset=utf-8
cache-control: no-cache
content-length: 14

22:25:41.349 [AsyncHttpClient-1-2] DEBUG org.asynchttpclient.netty.channel.ChannelManager - Adding key: http://localhost:64041 for channel [id: 0x91d3d97b, L:/127.0.0.1:61411 - R:localhost/127.0.0.1:64041]
22:25:41.369 [Forwarding screenshot on session 345ede9e5b6286ee51b57e3e10978a31 to remote] DEBUG org.asynchttpclient.netty.request.NettyRequestSender - Using pooled Channel '[id: 0x91d3d97b, L:/127.0.0.1:61411 - R:localhost/127.0.0.1:64041]' for 'GET' to 'http://localhost:64041/session/345ede9e5b6286ee51b57e3e10978a31/screenshot'
22:25:41.369 [Forwarding screenshot on session 345ede9e5b6286ee51b57e3e10978a31 to remote] DEBUG org.asynchttpclient.netty.request.NettyRequestSender - Using open Channel [id: 0x91d3d97b, L:/127.0.0.1:61411 - R:localhost/127.0.0.1:64041] for GET '/session/345ede9e5b6286ee51b57e3e10978a31/screenshot'
22:25:41.794 [AsyncHttpClient-1-1] DEBUG org.asynchttpclient.netty.channel.DefaultChannelPool - Entry count for : http://localhost:61412 : 1
22:25:42.057 [AsyncHttpClient-1-2] DEBUG org.asynchttpclient.netty.handler.HttpHandler - 

Request DefaultFullHttpRequest(decodeResult: success, version: HTTP/1.1, content: EmptyByteBufBE)
GET /session/345ede9e5b6286ee51b57e3e10978a31/screenshot HTTP/1.1
User-Agent: selenium/4.1.2 (java windows)
Cache-Control: no-cache
Content-Type: application/json; charset=utf-8
host: localhost:64041
accept: */*

Response DefaultHttpResponse(decodeResult: success, version: HTTP/1.1)
HTTP/1.1 200 OK
Content-Type: application/json; charset=utf-8
cache-control: no-cache
content-length: 1421452

22:25:42.066 [AsyncHttpClient-1-2] DEBUG org.asynchttpclient.netty.channel.ChannelManager - Adding key: http://localhost:64041 for channel [id: 0x91d3d97b, L:/127.0.0.1:61411 - R:localhost/127.0.0.1:64041]
22:25:42.153 [main] DEBUG net.serenitybdd.core.photography.Darkroom - Send negative for processing for target\site\serenity\e5278b1dd8558402807b9d44b13c6f612c865da925a281c6083c045aadf9f035.png
22:25:42.153 [main] DEBUG net.thucydides.core.steps.StepInterceptor - STEP DONE: {0} clicks on #target
22:25:42.153 [Darkroom Processing Line] DEBUG net.serenitybdd.core.photography.DarkroomProcessingLine - Processing screenshot image in /var/screenshots/screenshot-12545601592003682610
22:25:42.153 [Darkroom Processing Line] DEBUG net.serenitybdd.core.photography.DarkroomProcessingLine - Saving screenshot to target\site\serenity\e5278b1dd8558402807b9d44b13c6f612c865da925a281c6083c045aadf9f035.png
22:25:42.163 [main] DEBUG net.thucydides.core.steps.StepInterceptor - STEP DONE: {0} clicks on #category
  &amp#27;[32mWhen &amp#27;[0m&amp#27;[32muser clicks on &amp#27;[0m&amp#27;[32m&amp#27;[1m"giyim-ayakkabi"&amp#27;[0m                                      &amp#27;[90m# stepdefinitions.CampaignsStepDefinitions.userClicksOnACategory(java.lang.String)&amp#27;[0m
22:25:42.263 [Forwarding findElements on session 345ede9e5b6286ee51b57e3e10978a31 to remote] DEBUG org.asynchttpclient.netty.request.NettyRequestSender - Using pooled Channel '[id: 0x91d3d97b, L:/127.0.0.1:61411 - R:localhost/127.0.0.1:64041]' for 'POST' to 'http://localhost:64041/session/345ede9e5b6286ee51b57e3e10978a31/elements'
22:25:42.263 [Forwarding findElements on session 345ede9e5b6286ee51b57e3e10978a31 to remote] DEBUG org.asynchttpclient.netty.request.NettyRequestSender - Using open Channel [id: 0x91d3d97b, L:/127.0.0.1:61411 - R:localhost/127.0.0.1:64041] for POST '/session/345ede9e5b6286ee51b57e3e10978a31/elements'
22:25:42.280 [AsyncHttpClient-1-2] DEBUG org.asynchttpclient.netty.handler.HttpHandler - 

Request DefaultHttpRequest(decodeResult: success, version: HTTP/1.1)
POST /session/345ede9e5b6286ee51b57e3e10978a31/elements HTTP/1.1
User-Agent: selenium/4.1.2 (java windows)
Content-Length: 84
Content-Type: application/json; charset=utf-8
host: localhost:64041
accept: */*

Response DefaultHttpResponse(decodeResult: success, version: HTTP/1.1)
HTTP/1.1 200 OK
Content-Type: application/json; charset=utf-8
cache-control: no-cache
content-length: 6489

22:25:42.280 [AsyncHttpClient-1-2] DEBUG org.asynchttpclient.netty.channel.ChannelManager - Adding key: http://localhost:64041 for channel [id: 0x91d3d97b, L:/127.0.0.1:61411 - R:localhost/127.0.0.1:64041]
22:25:42.280 [Forwarding findElement on session 345ede9e5b6286ee51b57e3e10978a31 to remote] DEBUG org.asynchttpclient.netty.request.NettyRequestSender - Using pooled Channel '[id: 0x91d3d97b, L:/127.0.0.1:61411 - R:localhost/127.0.0.1:64041]' for 'POST' to 'http://localhost:64041/session/345ede9e5b6286ee51b57e3e10978a31/element'
22:25:42.280 [Forwarding findElement on session 345ede9e5b6286ee51b57e3e10978a31 to remote] DEBUG org.asynchttpclient.netty.request.NettyRequestSender - Using open Channel [id: 0x91d3d97b, L:/127.0.0.1:61411 - R:localhost/127.0.0.1:64041] for POST '/session/345ede9e5b6286ee51b57e3e10978a31/element'
22:25:42.300 [AsyncHttpClient-1-2] DEBUG org.asynchttpclient.netty.handler.HttpHandler - 

Request DefaultHttpRequest(decodeResult: success, version: HTTP/1.1)
POST /session/345ede9e5b6286ee51b57e3e10978a31/element HTTP/1.1
User-Agent: selenium/4.1.2 (java windows)
Content-Length: 74
Content-Type: application/json; charset=utf-8
host: localhost:64041
accept: */*

Response DefaultHttpResponse(decodeResult: success, version: HTTP/1.1)
HTTP/1.1 200 OK
Content-Type: application/json; charset=utf-8
cache-control: no-cache
content-length: 88

22:25:42.300 [AsyncHttpClient-1-2] DEBUG org.asynchttpclient.netty.channel.ChannelManager - Adding key: http://localhost:64041 for channel [id: 0x91d3d97b, L:/127.0.0.1:61411 - R:localhost/127.0.0.1:64041]
22:25:42.300 [Forwarding getElementAttribute on session 345ede9e5b6286ee51b57e3e10978a31 to remote] DEBUG org.asynchttpclient.netty.request.NettyRequestSender - Using pooled Channel '[id: 0x91d3d97b, L:/127.0.0.1:61411 - R:localhost/127.0.0.1:64041]' for 'POST' to 'http://localhost:64041/session/345ede9e5b6286ee51b57e3e10978a31/execute/sync'
22:25:42.300 [Forwarding getElementAttribute on session 345ede9e5b6286ee51b57e3e10978a31 to remote] DEBUG org.asynchttpclient.netty.request.NettyRequestSender - Using open Channel [id: 0x91d3d97b, L:/127.0.0.1:61411 - R:localhost/127.0.0.1:64041] for POST '/session/345ede9e5b6286ee51b57e3e10978a31/execute/sync'
22:25:42.324 [AsyncHttpClient-1-2] DEBUG org.asynchttpclient.netty.handler.HttpHandler - 

Request DefaultHttpRequest(decodeResult: success, version: HTTP/1.1)
POST /session/345ede9e5b6286ee51b57e3e10978a31/execute/sync HTTP/1.1
User-Agent: selenium/4.1.2 (java windows)
Content-Length: 47339
Content-Type: application/json; charset=utf-8
host: localhost:64041
accept: */*

Response DefaultHttpResponse(decodeResult: success, version: HTTP/1.1)
HTTP/1.1 200 OK
Content-Type: application/json; charset=utf-8
cache-control: no-cache
content-length: 92

22:25:42.324 [AsyncHttpClient-1-2] DEBUG org.asynchttpclient.netty.channel.ChannelManager - Adding key: http://localhost:64041 for channel [id: 0x91d3d97b, L:/127.0.0.1:61411 - R:localhost/127.0.0.1:64041]
22:25:42.329 [Forwarding getElementAttribute on session 345ede9e5b6286ee51b57e3e10978a31 to remote] DEBUG org.asynchttpclient.netty.request.NettyRequestSender - Using pooled Channel '[id: 0x91d3d97b, L:/127.0.0.1:61411 - R:localhost/127.0.0.1:64041]' for 'POST' to 'http://localhost:64041/session/345ede9e5b6286ee51b57e3e10978a31/execute/sync'
22:25:42.329 [Forwarding getElementAttribute on session 345ede9e5b6286ee51b57e3e10978a31 to remote] DEBUG org.asynchttpclient.netty.request.NettyRequestSender - Using open Channel [id: 0x91d3d97b, L:/127.0.0.1:61411 - R:localhost/127.0.0.1:64041] for POST '/session/345ede9e5b6286ee51b57e3e10978a31/execute/sync'
22:25:42.343 [AsyncHttpClient-1-2] DEBUG org.asynchttpclient.netty.handler.HttpHandler - 

Request DefaultHttpRequest(decodeResult: success, version: HTTP/1.1)
POST /session/345ede9e5b6286ee51b57e3e10978a31/execute/sync HTTP/1.1
User-Agent: selenium/4.1.2 (java windows)
Content-Length: 47339
Content-Type: application/json; charset=utf-8
host: localhost:64041
accept: */*

Response DefaultHttpResponse(decodeResult: success, version: HTTP/1.1)
HTTP/1.1 200 OK
Content-Type: application/json; charset=utf-8
cache-control: no-cache
content-length: 83

22:25:42.343 [AsyncHttpClient-1-2] DEBUG org.asynchttpclient.netty.channel.ChannelManager - Adding key: http://localhost:64041 for channel [id: 0x91d3d97b, L:/127.0.0.1:61411 - R:localhost/127.0.0.1:64041]
22:25:42.343 [Forwarding getElementAttribute on session 345ede9e5b6286ee51b57e3e10978a31 to remote] DEBUG org.asynchttpclient.netty.request.NettyRequestSender - Using pooled Channel '[id: 0x91d3d97b, L:/127.0.0.1:61411 - R:localhost/127.0.0.1:64041]' for 'POST' to 'http://localhost:64041/session/345ede9e5b6286ee51b57e3e10978a31/execute/sync'
22:25:42.343 [Forwarding getElementAttribute on session 345ede9e5b6286ee51b57e3e10978a31 to remote] DEBUG org.asynchttpclient.netty.request.NettyRequestSender - Using open Channel [id: 0x91d3d97b, L:/127.0.0.1:61411 - R:localhost/127.0.0.1:64041] for POST '/session/345ede9e5b6286ee51b57e3e10978a31/execute/sync'
22:25:42.355 [AsyncHttpClient-1-2] DEBUG org.asynchttpclient.netty.handler.HttpHandler - 

Request DefaultHttpRequest(decodeResult: success, version: HTTP/1.1)
POST /session/345ede9e5b6286ee51b57e3e10978a31/execute/sync HTTP/1.1
User-Agent: selenium/4.1.2 (java windows)
Content-Length: 47339
Content-Type: application/json; charset=utf-8
host: localhost:64041
accept: */*

Response DefaultHttpResponse(decodeResult: success, version: HTTP/1.1)
HTTP/1.1 200 OK
Content-Type: application/json; charset=utf-8
cache-control: no-cache
content-length: 80

22:25:42.355 [AsyncHttpClient-1-2] DEBUG org.asynchttpclient.netty.channel.ChannelManager - Adding key: http://localhost:64041 for channel [id: 0x91d3d97b, L:/127.0.0.1:61411 - R:localhost/127.0.0.1:64041]
22:25:42.358 [Forwarding getElementAttribute on session 345ede9e5b6286ee51b57e3e10978a31 to remote] DEBUG org.asynchttpclient.netty.request.NettyRequestSender - Using pooled Channel '[id: 0x91d3d97b, L:/127.0.0.1:61411 - R:localhost/127.0.0.1:64041]' for 'POST' to 'http://localhost:64041/session/345ede9e5b6286ee51b57e3e10978a31/execute/sync'
22:25:42.359 [Forwarding getElementAttribute on session 345ede9e5b6286ee51b57e3e10978a31 to remote] DEBUG org.asynchttpclient.netty.request.NettyRequestSender - Using open Channel [id: 0x91d3d97b, L:/127.0.0.1:61411 - R:localhost/127.0.0.1:64041] for POST '/session/345ede9e5b6286ee51b57e3e10978a31/execute/sync'
22:25:42.362 [AsyncHttpClient-1-2] DEBUG org.asynchttpclient.netty.handler.HttpHandler - 

Request DefaultHttpRequest(decodeResult: success, version: HTTP/1.1)
POST /session/345ede9e5b6286ee51b57e3e10978a31/execute/sync HTTP/1.1
User-Agent: selenium/4.1.2 (java windows)
Content-Length: 47339
Content-Type: application/json; charset=utf-8
host: localhost:64041
accept: */*

Response DefaultHttpResponse(decodeResult: success, version: HTTP/1.1)
HTTP/1.1 200 OK
Content-Type: application/json; charset=utf-8
cache-control: no-cache
content-length: 105

22:25:42.362 [AsyncHttpClient-1-2] DEBUG org.asynchttpclient.netty.channel.ChannelManager - Adding key: http://localhost:64041 for channel [id: 0x91d3d97b, L:/127.0.0.1:61411 - R:localhost/127.0.0.1:64041]
22:25:42.372 [Forwarding getElementAttribute on session 345ede9e5b6286ee51b57e3e10978a31 to remote] DEBUG org.asynchttpclient.netty.request.NettyRequestSender - Using pooled Channel '[id: 0x91d3d97b, L:/127.0.0.1:61411 - R:localhost/127.0.0.1:64041]' for 'POST' to 'http://localhost:64041/session/345ede9e5b6286ee51b57e3e10978a31/execute/sync'
22:25:42.372 [Forwarding getElementAttribute on session 345ede9e5b6286ee51b57e3e10978a31 to remote] DEBUG org.asynchttpclient.netty.request.NettyRequestSender - Using open Channel [id: 0x91d3d97b, L:/127.0.0.1:61411 - R:localhost/127.0.0.1:64041] for POST '/session/345ede9e5b6286ee51b57e3e10978a31/execute/sync'
22:25:42.382 [AsyncHttpClient-1-2] DEBUG org.asynchttpclient.netty.handler.HttpHandler - 

Request DefaultHttpRequest(decodeResult: success, version: HTTP/1.1)
POST /session/345ede9e5b6286ee51b57e3e10978a31/execute/sync HTTP/1.1
User-Agent: selenium/4.1.2 (java windows)
Content-Length: 47339
Content-Type: application/json; charset=utf-8
host: localhost:64041
accept: */*

Response DefaultHttpResponse(decodeResult: success, version: HTTP/1.1)
HTTP/1.1 200 OK
Content-Type: application/json; charset=utf-8
cache-control: no-cache
content-length: 102

22:25:42.382 [AsyncHttpClient-1-2] DEBUG org.asynchttpclient.netty.channel.ChannelManager - Adding key: http://localhost:64041 for channel [id: 0x91d3d97b, L:/127.0.0.1:61411 - R:localhost/127.0.0.1:64041]
22:25:42.382 [Forwarding getElementAttribute on session 345ede9e5b6286ee51b57e3e10978a31 to remote] DEBUG org.asynchttpclient.netty.request.NettyRequestSender - Using pooled Channel '[id: 0x91d3d97b, L:/127.0.0.1:61411 - R:localhost/127.0.0.1:64041]' for 'POST' to 'http://localhost:64041/session/345ede9e5b6286ee51b57e3e10978a31/execute/sync'
22:25:42.382 [Forwarding getElementAttribute on session 345ede9e5b6286ee51b57e3e10978a31 to remote] DEBUG org.asynchttpclient.netty.request.NettyRequestSender - Using open Channel [id: 0x91d3d97b, L:/127.0.0.1:61411 - R:localhost/127.0.0.1:64041] for POST '/session/345ede9e5b6286ee51b57e3e10978a31/execute/sync'
22:25:42.398 [AsyncHttpClient-1-2] DEBUG org.asynchttpclient.netty.handler.HttpHandler - 

Request DefaultHttpRequest(decodeResult: success, version: HTTP/1.1)
POST /session/345ede9e5b6286ee51b57e3e10978a31/execute/sync HTTP/1.1
User-Agent: selenium/4.1.2 (java windows)
Content-Length: 47339
Content-Type: application/json; charset=utf-8
host: localhost:64041
accept: */*

Response DefaultHttpResponse(decodeResult: success, version: HTTP/1.1)
HTTP/1.1 200 OK
Content-Type: application/json; charset=utf-8
cache-control: no-cache
content-length: 82

22:25:42.398 [AsyncHttpClient-1-2] DEBUG org.asynchttpclient.netty.channel.ChannelManager - Adding key: http://localhost:64041 for channel [id: 0x91d3d97b, L:/127.0.0.1:61411 - R:localhost/127.0.0.1:64041]
22:25:42.401 [Forwarding getElementAttribute on session 345ede9e5b6286ee51b57e3e10978a31 to remote] DEBUG org.asynchttpclient.netty.request.NettyRequestSender - Using pooled Channel '[id: 0x91d3d97b, L:/127.0.0.1:61411 - R:localhost/127.0.0.1:64041]' for 'POST' to 'http://localhost:64041/session/345ede9e5b6286ee51b57e3e10978a31/execute/sync'
22:25:42.401 [Forwarding getElementAttribute on session 345ede9e5b6286ee51b57e3e10978a31 to remote] DEBUG org.asynchttpclient.netty.request.NettyRequestSender - Using open Channel [id: 0x91d3d97b, L:/127.0.0.1:61411 - R:localhost/127.0.0.1:64041] for POST '/session/345ede9e5b6286ee51b57e3e10978a31/execute/sync'
22:25:42.410 [AsyncHttpClient-1-2] DEBUG org.asynchttpclient.netty.handler.HttpHandler - 

Request DefaultHttpRequest(decodeResult: success, version: HTTP/1.1)
POST /session/345ede9e5b6286ee51b57e3e10978a31/execute/sync HTTP/1.1
User-Agent: selenium/4.1.2 (java windows)
Content-Length: 47339
Content-Type: application/json; charset=utf-8
host: localhost:64041
accept: */*

Response DefaultHttpResponse(decodeResult: success, version: HTTP/1.1)
HTTP/1.1 200 OK
Content-Type: application/json; charset=utf-8
cache-control: no-cache
content-length: 99

22:25:42.410 [AsyncHttpClient-1-2] DEBUG org.asynchttpclient.netty.channel.ChannelManager - Adding key: http://localhost:64041 for channel [id: 0x91d3d97b, L:/127.0.0.1:61411 - R:localhost/127.0.0.1:64041]
22:25:42.410 [Forwarding getElementAttribute on session 345ede9e5b6286ee51b57e3e10978a31 to remote] DEBUG org.asynchttpclient.netty.request.NettyRequestSender - Using pooled Channel '[id: 0x91d3d97b, L:/127.0.0.1:61411 - R:localhost/127.0.0.1:64041]' for 'POST' to 'http://localhost:64041/session/345ede9e5b6286ee51b57e3e10978a31/execute/sync'
22:25:42.410 [Forwarding getElementAttribute on session 345ede9e5b6286ee51b57e3e10978a31 to remote] DEBUG org.asynchttpclient.netty.request.NettyRequestSender - Using open Channel [id: 0x91d3d97b, L:/127.0.0.1:61411 - R:localhost/127.0.0.1:64041] for POST '/session/345ede9e5b6286ee51b57e3e10978a31/execute/sync'
22:25:42.420 [AsyncHttpClient-1-2] DEBUG org.asynchttpclient.netty.handler.HttpHandler - 

Request DefaultHttpRequest(decodeResult: success, version: HTTP/1.1)
POST /session/345ede9e5b6286ee51b57e3e10978a31/execute/sync HTTP/1.1
User-Agent: selenium/4.1.2 (java windows)
Content-Length: 47339
Content-Type: application/json; charset=utf-8
host: localhost:64041
accept: */*

Response DefaultHttpResponse(decodeResult: success, version: HTTP/1.1)
HTTP/1.1 200 OK
Content-Type: application/json; charset=utf-8
cache-control: no-cache
content-length: 65

22:25:42.420 [AsyncHttpClient-1-2] DEBUG org.asynchttpclient.netty.channel.ChannelManager - Adding key: http://localhost:64041 for channel [id: 0x91d3d97b, L:/127.0.0.1:61411 - R:localhost/127.0.0.1:64041]
22:25:42.430 [Forwarding getElementAttribute on session 345ede9e5b6286ee51b57e3e10978a31 to remote] DEBUG org.asynchttpclient.netty.request.NettyRequestSender - Using pooled Channel '[id: 0x91d3d97b, L:/127.0.0.1:61411 - R:localhost/127.0.0.1:64041]' for 'POST' to 'http://localhost:64041/session/345ede9e5b6286ee51b57e3e10978a31/execute/sync'
22:25:42.430 [Forwarding getElementAttribute on session 345ede9e5b6286ee51b57e3e10978a31 to remote] DEBUG org.asynchttpclient.netty.request.NettyRequestSender - Using open Channel [id: 0x91d3d97b, L:/127.0.0.1:61411 - R:localhost/127.0.0.1:64041] for POST '/session/345ede9e5b6286ee51b57e3e10978a31/execute/sync'
22:25:42.446 [AsyncHttpClient-1-2] DEBUG org.asynchttpclient.netty.handler.HttpHandler - 

Request DefaultHttpRequest(decodeResult: success, version: HTTP/1.1)
POST /session/345ede9e5b6286ee51b57e3e10978a31/execute/sync HTTP/1.1
User-Agent: selenium/4.1.2 (java windows)
Content-Length: 47339
Content-Type: application/json; charset=utf-8
host: localhost:64041
accept: */*

Response DefaultHttpResponse(decodeResult: success, version: HTTP/1.1)
HTTP/1.1 200 OK
Content-Type: application/json; charset=utf-8
cache-control: no-cache
content-length: 103

22:25:42.446 [AsyncHttpClient-1-2] DEBUG org.asynchttpclient.netty.channel.ChannelManager - Adding key: http://localhost:64041 for channel [id: 0x91d3d97b, L:/127.0.0.1:61411 - R:localhost/127.0.0.1:64041]
22:25:42.449 [Forwarding getElementAttribute on session 345ede9e5b6286ee51b57e3e10978a31 to remote] DEBUG org.asynchttpclient.netty.request.NettyRequestSender - Using pooled Channel '[id: 0x91d3d97b, L:/127.0.0.1:61411 - R:localhost/127.0.0.1:64041]' for 'POST' to 'http://localhost:64041/session/345ede9e5b6286ee51b57e3e10978a31/execute/sync'
22:25:42.449 [Forwarding getElementAttribute on session 345ede9e5b6286ee51b57e3e10978a31 to remote] DEBUG org.asynchttpclient.netty.request.NettyRequestSender - Using open Channel [id: 0x91d3d97b, L:/127.0.0.1:61411 - R:localhost/127.0.0.1:64041] for POST '/session/345ede9e5b6286ee51b57e3e10978a31/execute/sync'
22:25:42.461 [AsyncHttpClient-1-2] DEBUG org.asynchttpclient.netty.handler.HttpHandler - 

Request DefaultHttpRequest(decodeResult: success, version: HTTP/1.1)
POST /session/345ede9e5b6286ee51b57e3e10978a31/execute/sync HTTP/1.1
User-Agent: selenium/4.1.2 (java windows)
Content-Length: 47339
Content-Type: application/json; charset=utf-8
host: localhost:64041
accept: */*

Response DefaultHttpResponse(decodeResult: success, version: HTTP/1.1)
HTTP/1.1 200 OK
Content-Type: application/json; charset=utf-8
cache-control: no-cache
content-length: 68

22:25:42.461 [AsyncHttpClient-1-2] DEBUG org.asynchttpclient.netty.channel.ChannelManager - Adding key: http://localhost:64041 for channel [id: 0x91d3d97b, L:/127.0.0.1:61411 - R:localhost/127.0.0.1:64041]
22:25:42.464 [Forwarding getElementAttribute on session 345ede9e5b6286ee51b57e3e10978a31 to remote] DEBUG org.asynchttpclient.netty.request.NettyRequestSender - Using pooled Channel '[id: 0x91d3d97b, L:/127.0.0.1:61411 - R:localhost/127.0.0.1:64041]' for 'POST' to 'http://localhost:64041/session/345ede9e5b6286ee51b57e3e10978a31/execute/sync'
22:25:42.464 [Forwarding getElementAttribute on session 345ede9e5b6286ee51b57e3e10978a31 to remote] DEBUG org.asynchttpclient.netty.request.NettyRequestSender - Using open Channel [id: 0x91d3d97b, L:/127.0.0.1:61411 - R:localhost/127.0.0.1:64041] for POST '/session/345ede9e5b6286ee51b57e3e10978a31/execute/sync'
22:25:42.474 [AsyncHttpClient-1-2] DEBUG org.asynchttpclient.netty.handler.HttpHandler - 

Request DefaultHttpRequest(decodeResult: success, version: HTTP/1.1)
POST /session/345ede9e5b6286ee51b57e3e10978a31/execute/sync HTTP/1.1
User-Agent: selenium/4.1.2 (java windows)
Content-Length: 47339
Content-Type: application/json; charset=utf-8
host: localhost:64041
accept: */*

Response DefaultHttpResponse(decodeResult: success, version: HTTP/1.1)
HTTP/1.1 200 OK
Content-Type: application/json; charset=utf-8
cache-control: no-cache
content-length: 62

22:25:42.474 [AsyncHttpClient-1-2] DEBUG org.asynchttpclient.netty.channel.ChannelManager - Adding key: http://localhost:64041 for channel [id: 0x91d3d97b, L:/127.0.0.1:61411 - R:localhost/127.0.0.1:64041]
22:25:42.479 [Forwarding getElementAttribute on session 345ede9e5b6286ee51b57e3e10978a31 to remote] DEBUG org.asynchttpclient.netty.request.NettyRequestSender - Using pooled Channel '[id: 0x91d3d97b, L:/127.0.0.1:61411 - R:localhost/127.0.0.1:64041]' for 'POST' to 'http://localhost:64041/session/345ede9e5b6286ee51b57e3e10978a31/execute/sync'
22:25:42.479 [Forwarding getElementAttribute on session 345ede9e5b6286ee51b57e3e10978a31 to remote] DEBUG org.asynchttpclient.netty.request.NettyRequestSender - Using open Channel [id: 0x91d3d97b, L:/127.0.0.1:61411 - R:localhost/127.0.0.1:64041] for POST '/session/345ede9e5b6286ee51b57e3e10978a31/execute/sync'
22:25:42.490 [AsyncHttpClient-1-2] DEBUG org.asynchttpclient.netty.handler.HttpHandler - 

Request DefaultHttpRequest(decodeResult: success, version: HTTP/1.1)
POST /session/345ede9e5b6286ee51b57e3e10978a31/execute/sync HTTP/1.1
User-Agent: selenium/4.1.2 (java windows)
Content-Length: 47339
Content-Type: application/json; charset=utf-8
host: localhost:64041
accept: */*

Response DefaultHttpResponse(decodeResult: success, version: HTTP/1.1)
HTTP/1.1 200 OK
Content-Type: application/json; charset=utf-8
cache-control: no-cache
content-length: 107

22:25:42.490 [AsyncHttpClient-1-2] DEBUG org.asynchttpclient.netty.channel.ChannelManager - Adding key: http://localhost:64041 for channel [id: 0x91d3d97b, L:/127.0.0.1:61411 - R:localhost/127.0.0.1:64041]
22:25:42.490 [Forwarding getElementAttribute on session 345ede9e5b6286ee51b57e3e10978a31 to remote] DEBUG org.asynchttpclient.netty.request.NettyRequestSender - Using pooled Channel '[id: 0x91d3d97b, L:/127.0.0.1:61411 - R:localhost/127.0.0.1:64041]' for 'POST' to 'http://localhost:64041/session/345ede9e5b6286ee51b57e3e10978a31/execute/sync'
22:25:42.490 [Forwarding getElementAttribute on session 345ede9e5b6286ee51b57e3e10978a31 to remote] DEBUG org.asynchttpclient.netty.request.NettyRequestSender - Using open Channel [id: 0x91d3d97b, L:/127.0.0.1:61411 - R:localhost/127.0.0.1:64041] for POST '/session/345ede9e5b6286ee51b57e3e10978a31/execute/sync'
22:25:42.500 [AsyncHttpClient-1-2] DEBUG org.asynchttpclient.netty.handler.HttpHandler - 

Request DefaultHttpRequest(decodeResult: success, version: HTTP/1.1)
POST /session/345ede9e5b6286ee51b57e3e10978a31/execute/sync HTTP/1.1
User-Agent: selenium/4.1.2 (java windows)
Content-Length: 47339
Content-Type: application/json; charset=utf-8
host: localhost:64041
accept: */*

Response DefaultHttpResponse(decodeResult: success, version: HTTP/1.1)
HTTP/1.1 200 OK
Content-Type: application/json; charset=utf-8
cache-control: no-cache
content-length: 104

22:25:42.500 [AsyncHttpClient-1-2] DEBUG org.asynchttpclient.netty.channel.ChannelManager - Adding key: http://localhost:64041 for channel [id: 0x91d3d97b, L:/127.0.0.1:61411 - R:localhost/127.0.0.1:64041]
22:25:42.500 [Forwarding getElementAttribute on session 345ede9e5b6286ee51b57e3e10978a31 to remote] DEBUG org.asynchttpclient.netty.request.NettyRequestSender - Using pooled Channel '[id: 0x91d3d97b, L:/127.0.0.1:61411 - R:localhost/127.0.0.1:64041]' for 'POST' to 'http://localhost:64041/session/345ede9e5b6286ee51b57e3e10978a31/execute/sync'
22:25:42.500 [Forwarding getElementAttribute on session 345ede9e5b6286ee51b57e3e10978a31 to remote] DEBUG org.asynchttpclient.netty.request.NettyRequestSender - Using open Channel [id: 0x91d3d97b, L:/127.0.0.1:61411 - R:localhost/127.0.0.1:64041] for POST '/session/345ede9e5b6286ee51b57e3e10978a31/execute/sync'
22:25:42.510 [AsyncHttpClient-1-2] DEBUG org.asynchttpclient.netty.handler.HttpHandler - 

Request DefaultHttpRequest(decodeResult: success, version: HTTP/1.1)
POST /session/345ede9e5b6286ee51b57e3e10978a31/execute/sync HTTP/1.1
User-Agent: selenium/4.1.2 (java windows)
Content-Length: 47339
Content-Type: application/json; charset=utf-8
host: localhost:64041
accept: */*

Response DefaultHttpResponse(decodeResult: success, version: HTTP/1.1)
HTTP/1.1 200 OK
Content-Type: application/json; charset=utf-8
cache-control: no-cache
content-length: 121

22:25:42.510 [AsyncHttpClient-1-2] DEBUG org.asynchttpclient.netty.channel.ChannelManager - Adding key: http://localhost:64041 for channel [id: 0x91d3d97b, L:/127.0.0.1:61411 - R:localhost/127.0.0.1:64041]
22:25:42.520 [Forwarding getElementAttribute on session 345ede9e5b6286ee51b57e3e10978a31 to remote] DEBUG org.asynchttpclient.netty.request.NettyRequestSender - Using pooled Channel '[id: 0x91d3d97b, L:/127.0.0.1:61411 - R:localhost/127.0.0.1:64041]' for 'POST' to 'http://localhost:64041/session/345ede9e5b6286ee51b57e3e10978a31/execute/sync'
22:25:42.520 [Forwarding getElementAttribute on session 345ede9e5b6286ee51b57e3e10978a31 to remote] DEBUG org.asynchttpclient.netty.request.NettyRequestSender - Using open Channel [id: 0x91d3d97b, L:/127.0.0.1:61411 - R:localhost/127.0.0.1:64041] for POST '/session/345ede9e5b6286ee51b57e3e10978a31/execute/sync'
22:25:42.530 [AsyncHttpClient-1-2] DEBUG org.asynchttpclient.netty.handler.HttpHandler - 

Request DefaultHttpRequest(decodeResult: success, version: HTTP/1.1)
POST /session/345ede9e5b6286ee51b57e3e10978a31/execute/sync HTTP/1.1
User-Agent: selenium/4.1.2 (java windows)
Content-Length: 47339
Content-Type: application/json; charset=utf-8
host: localhost:64041
accept: */*

Response DefaultHttpResponse(decodeResult: success, version: HTTP/1.1)
HTTP/1.1 200 OK
Content-Type: application/json; charset=utf-8
cache-control: no-cache
content-length: 64

22:25:42.530 [AsyncHttpClient-1-2] DEBUG org.asynchttpclient.netty.channel.ChannelManager - Adding key: http://localhost:64041 for channel [id: 0x91d3d97b, L:/127.0.0.1:61411 - R:localhost/127.0.0.1:64041]
22:25:42.530 [Forwarding getElementAttribute on session 345ede9e5b6286ee51b57e3e10978a31 to remote] DEBUG org.asynchttpclient.netty.request.NettyRequestSender - Using pooled Channel '[id: 0x91d3d97b, L:/127.0.0.1:61411 - R:localhost/127.0.0.1:64041]' for 'POST' to 'http://localhost:64041/session/345ede9e5b6286ee51b57e3e10978a31/execute/sync'
22:25:42.530 [Forwarding getElementAttribute on session 345ede9e5b6286ee51b57e3e10978a31 to remote] DEBUG org.asynchttpclient.netty.request.NettyRequestSender - Using open Channel [id: 0x91d3d97b, L:/127.0.0.1:61411 - R:localhost/127.0.0.1:64041] for POST '/session/345ede9e5b6286ee51b57e3e10978a31/execute/sync'
22:25:42.540 [AsyncHttpClient-1-2] DEBUG org.asynchttpclient.netty.handler.HttpHandler - 

Request DefaultHttpRequest(decodeResult: success, version: HTTP/1.1)
POST /session/345ede9e5b6286ee51b57e3e10978a31/execute/sync HTTP/1.1
User-Agent: selenium/4.1.2 (java windows)
Content-Length: 47339
Content-Type: application/json; charset=utf-8
host: localhost:64041
accept: */*

Response DefaultHttpResponse(decodeResult: success, version: HTTP/1.1)
HTTP/1.1 200 OK
Content-Type: application/json; charset=utf-8
cache-control: no-cache
content-length: 87

22:25:42.540 [AsyncHttpClient-1-2] DEBUG org.asynchttpclient.netty.channel.ChannelManager - Adding key: http://localhost:64041 for channel [id: 0x91d3d97b, L:/127.0.0.1:61411 - R:localhost/127.0.0.1:64041]
22:25:42.550 [Forwarding getElementAttribute on session 345ede9e5b6286ee51b57e3e10978a31 to remote] DEBUG org.asynchttpclient.netty.request.NettyRequestSender - Using pooled Channel '[id: 0x91d3d97b, L:/127.0.0.1:61411 - R:localhost/127.0.0.1:64041]' for 'POST' to 'http://localhost:64041/session/345ede9e5b6286ee51b57e3e10978a31/execute/sync'
22:25:42.550 [Forwarding getElementAttribute on session 345ede9e5b6286ee51b57e3e10978a31 to remote] DEBUG org.asynchttpclient.netty.request.NettyRequestSender - Using open Channel [id: 0x91d3d97b, L:/127.0.0.1:61411 - R:localhost/127.0.0.1:64041] for POST '/session/345ede9e5b6286ee51b57e3e10978a31/execute/sync'
22:25:42.560 [AsyncHttpClient-1-2] DEBUG org.asynchttpclient.netty.handler.HttpHandler - 

Request DefaultHttpRequest(decodeResult: success, version: HTTP/1.1)
POST /session/345ede9e5b6286ee51b57e3e10978a31/execute/sync HTTP/1.1
User-Agent: selenium/4.1.2 (java windows)
Content-Length: 47339
Content-Type: application/json; charset=utf-8
host: localhost:64041
accept: */*

Response DefaultHttpResponse(decodeResult: success, version: HTTP/1.1)
HTTP/1.1 200 OK
Content-Type: application/json; charset=utf-8
cache-control: no-cache
content-length: 61

22:25:42.560 [AsyncHttpClient-1-2] DEBUG org.asynchttpclient.netty.channel.ChannelManager - Adding key: http://localhost:64041 for channel [id: 0x91d3d97b, L:/127.0.0.1:61411 - R:localhost/127.0.0.1:64041]
22:25:42.560 [Forwarding getElementAttribute on session 345ede9e5b6286ee51b57e3e10978a31 to remote] DEBUG org.asynchttpclient.netty.request.NettyRequestSender - Using pooled Channel '[id: 0x91d3d97b, L:/127.0.0.1:61411 - R:localhost/127.0.0.1:64041]' for 'POST' to 'http://localhost:64041/session/345ede9e5b6286ee51b57e3e10978a31/execute/sync'
22:25:42.560 [Forwarding getElementAttribute on session 345ede9e5b6286ee51b57e3e10978a31 to remote] DEBUG org.asynchttpclient.netty.request.NettyRequestSender - Using open Channel [id: 0x91d3d97b, L:/127.0.0.1:61411 - R:localhost/127.0.0.1:64041] for POST '/session/345ede9e5b6286ee51b57e3e10978a31/execute/sync'
22:25:42.574 [AsyncHttpClient-1-2] DEBUG org.asynchttpclient.netty.handler.HttpHandler - 

Request DefaultHttpRequest(decodeResult: success, version: HTTP/1.1)
POST /session/345ede9e5b6286ee51b57e3e10978a31/execute/sync HTTP/1.1
User-Agent: selenium/4.1.2 (java windows)
Content-Length: 47339
Content-Type: application/json; charset=utf-8
host: localhost:64041
accept: */*

Response DefaultHttpResponse(decodeResult: success, version: HTTP/1.1)
HTTP/1.1 200 OK
Content-Type: application/json; charset=utf-8
cache-control: no-cache
content-length: 112

22:25:42.575 [AsyncHttpClient-1-2] DEBUG org.asynchttpclient.netty.channel.ChannelManager - Adding key: http://localhost:64041 for channel [id: 0x91d3d97b, L:/127.0.0.1:61411 - R:localhost/127.0.0.1:64041]
22:25:42.579 [Forwarding getElementAttribute on session 345ede9e5b6286ee51b57e3e10978a31 to remote] DEBUG org.asynchttpclient.netty.request.NettyRequestSender - Using pooled Channel '[id: 0x91d3d97b, L:/127.0.0.1:61411 - R:localhost/127.0.0.1:64041]' for 'POST' to 'http://localhost:64041/session/345ede9e5b6286ee51b57e3e10978a31/execute/sync'
22:25:42.579 [Forwarding getElementAttribute on session 345ede9e5b6286ee51b57e3e10978a31 to remote] DEBUG org.asynchttpclient.netty.request.NettyRequestSender - Using open Channel [id: 0x91d3d97b, L:/127.0.0.1:61411 - R:localhost/127.0.0.1:64041] for POST '/session/345ede9e5b6286ee51b57e3e10978a31/execute/sync'
22:25:42.588 [AsyncHttpClient-1-2] DEBUG org.asynchttpclient.netty.handler.HttpHandler - 

Request DefaultHttpRequest(decodeResult: success, version: HTTP/1.1)
POST /session/345ede9e5b6286ee51b57e3e10978a31/execute/sync HTTP/1.1
User-Agent: selenium/4.1.2 (java windows)
Content-Length: 47339
Content-Type: application/json; charset=utf-8
host: localhost:64041
accept: */*

Response DefaultHttpResponse(decodeResult: success, version: HTTP/1.1)
HTTP/1.1 200 OK
Content-Type: application/json; charset=utf-8
cache-control: no-cache
content-length: 98

22:25:42.588 [AsyncHttpClient-1-2] DEBUG org.asynchttpclient.netty.channel.ChannelManager - Adding key: http://localhost:64041 for channel [id: 0x91d3d97b, L:/127.0.0.1:61411 - R:localhost/127.0.0.1:64041]
22:25:42.592 [Forwarding getElementAttribute on session 345ede9e5b6286ee51b57e3e10978a31 to remote] DEBUG org.asynchttpclient.netty.request.NettyRequestSender - Using pooled Channel '[id: 0x91d3d97b, L:/127.0.0.1:61411 - R:localhost/127.0.0.1:64041]' for 'POST' to 'http://localhost:64041/session/345ede9e5b6286ee51b57e3e10978a31/execute/sync'
22:25:42.592 [Forwarding getElementAttribute on session 345ede9e5b6286ee51b57e3e10978a31 to remote] DEBUG org.asynchttpclient.netty.request.NettyRequestSender - Using open Channel [id: 0x91d3d97b, L:/127.0.0.1:61411 - R:localhost/127.0.0.1:64041] for POST '/session/345ede9e5b6286ee51b57e3e10978a31/execute/sync'
22:25:42.602 [AsyncHttpClient-1-2] DEBUG org.asynchttpclient.netty.handler.HttpHandler - 

Request DefaultHttpRequest(decodeResult: success, version: HTTP/1.1)
POST /session/345ede9e5b6286ee51b57e3e10978a31/execute/sync HTTP/1.1
User-Agent: selenium/4.1.2 (java windows)
Content-Length: 47339
Content-Type: application/json; charset=utf-8
host: localhost:64041
accept: */*

Response DefaultHttpResponse(decodeResult: success, version: HTTP/1.1)
HTTP/1.1 200 OK
Content-Type: application/json; charset=utf-8
cache-control: no-cache
content-length: 75

22:25:42.602 [AsyncHttpClient-1-2] DEBUG org.asynchttpclient.netty.channel.ChannelManager - Adding key: http://localhost:64041 for channel [id: 0x91d3d97b, L:/127.0.0.1:61411 - R:localhost/127.0.0.1:64041]
22:25:42.602 [Forwarding getElementAttribute on session 345ede9e5b6286ee51b57e3e10978a31 to remote] DEBUG org.asynchttpclient.netty.request.NettyRequestSender - Using pooled Channel '[id: 0x91d3d97b, L:/127.0.0.1:61411 - R:localhost/127.0.0.1:64041]' for 'POST' to 'http://localhost:64041/session/345ede9e5b6286ee51b57e3e10978a31/execute/sync'
22:25:42.602 [Forwarding getElementAttribute on session 345ede9e5b6286ee51b57e3e10978a31 to remote] DEBUG org.asynchttpclient.netty.request.NettyRequestSender - Using open Channel [id: 0x91d3d97b, L:/127.0.0.1:61411 - R:localhost/127.0.0.1:64041] for POST '/session/345ede9e5b6286ee51b57e3e10978a31/execute/sync'
22:25:42.610 [AsyncHttpClient-1-2] DEBUG org.asynchttpclient.netty.handler.HttpHandler - 

Request DefaultHttpRequest(decodeResult: success, version: HTTP/1.1)
POST /session/345ede9e5b6286ee51b57e3e10978a31/execute/sync HTTP/1.1
User-Agent: selenium/4.1.2 (java windows)
Content-Length: 47339
Content-Type: application/json; charset=utf-8
host: localhost:64041
accept: */*

Response DefaultHttpResponse(decodeResult: success, version: HTTP/1.1)
HTTP/1.1 200 OK
Content-Type: application/json; charset=utf-8
cache-control: no-cache
content-length: 80

22:25:42.610 [AsyncHttpClient-1-2] DEBUG org.asynchttpclient.netty.channel.ChannelManager - Adding key: http://localhost:64041 for channel [id: 0x91d3d97b, L:/127.0.0.1:61411 - R:localhost/127.0.0.1:64041]
22:25:42.620 [Forwarding getElementAttribute on session 345ede9e5b6286ee51b57e3e10978a31 to remote] DEBUG org.asynchttpclient.netty.request.NettyRequestSender - Using pooled Channel '[id: 0x91d3d97b, L:/127.0.0.1:61411 - R:localhost/127.0.0.1:64041]' for 'POST' to 'http://localhost:64041/session/345ede9e5b6286ee51b57e3e10978a31/execute/sync'
22:25:42.620 [Forwarding getElementAttribute on session 345ede9e5b6286ee51b57e3e10978a31 to remote] DEBUG org.asynchttpclient.netty.request.NettyRequestSender - Using open Channel [id: 0x91d3d97b, L:/127.0.0.1:61411 - R:localhost/127.0.0.1:64041] for POST '/session/345ede9e5b6286ee51b57e3e10978a31/execute/sync'
22:25:42.630 [AsyncHttpClient-1-2] DEBUG org.asynchttpclient.netty.handler.HttpHandler - 

Request DefaultHttpRequest(decodeResult: success, version: HTTP/1.1)
POST /session/345ede9e5b6286ee51b57e3e10978a31/execute/sync HTTP/1.1
User-Agent: selenium/4.1.2 (java windows)
Content-Length: 47339
Content-Type: application/json; charset=utf-8
host: localhost:64041
accept: */*

Response DefaultHttpResponse(decodeResult: success, version: HTTP/1.1)
HTTP/1.1 200 OK
Content-Type: application/json; charset=utf-8
cache-control: no-cache
content-length: 93

22:25:42.630 [AsyncHttpClient-1-2] DEBUG org.asynchttpclient.netty.channel.ChannelManager - Adding key: http://localhost:64041 for channel [id: 0x91d3d97b, L:/127.0.0.1:61411 - R:localhost/127.0.0.1:64041]
22:25:42.630 [Forwarding getElementAttribute on session 345ede9e5b6286ee51b57e3e10978a31 to remote] DEBUG org.asynchttpclient.netty.request.NettyRequestSender - Using pooled Channel '[id: 0x91d3d97b, L:/127.0.0.1:61411 - R:localhost/127.0.0.1:64041]' for 'POST' to 'http://localhost:64041/session/345ede9e5b6286ee51b57e3e10978a31/execute/sync'
22:25:42.630 [Forwarding getElementAttribute on session 345ede9e5b6286ee51b57e3e10978a31 to remote] DEBUG org.asynchttpclient.netty.request.NettyRequestSender - Using open Channel [id: 0x91d3d97b, L:/127.0.0.1:61411 - R:localhost/127.0.0.1:64041] for POST '/session/345ede9e5b6286ee51b57e3e10978a31/execute/sync'
22:25:42.647 [AsyncHttpClient-1-2] DEBUG org.asynchttpclient.netty.handler.HttpHandler - 

Request DefaultHttpRequest(decodeResult: success, version: HTTP/1.1)
POST /session/345ede9e5b6286ee51b57e3e10978a31/execute/sync HTTP/1.1
User-Agent: selenium/4.1.2 (java windows)
Content-Length: 47339
Content-Type: application/json; charset=utf-8
host: localhost:64041
accept: */*

Response DefaultHttpResponse(decodeResult: success, version: HTTP/1.1)
HTTP/1.1 200 OK
Content-Type: application/json; charset=utf-8
cache-control: no-cache
content-length: 76

22:25:42.647 [AsyncHttpClient-1-2] DEBUG org.asynchttpclient.netty.channel.ChannelManager - Adding key: http://localhost:64041 for channel [id: 0x91d3d97b, L:/127.0.0.1:61411 - R:localhost/127.0.0.1:64041]
22:25:42.657 [Forwarding getElementAttribute on session 345ede9e5b6286ee51b57e3e10978a31 to remote] DEBUG org.asynchttpclient.netty.request.NettyRequestSender - Using pooled Channel '[id: 0x91d3d97b, L:/127.0.0.1:61411 - R:localhost/127.0.0.1:64041]' for 'POST' to 'http://localhost:64041/session/345ede9e5b6286ee51b57e3e10978a31/execute/sync'
22:25:42.657 [Forwarding getElementAttribute on session 345ede9e5b6286ee51b57e3e10978a31 to remote] DEBUG org.asynchttpclient.netty.request.NettyRequestSender - Using open Channel [id: 0x91d3d97b, L:/127.0.0.1:61411 - R:localhost/127.0.0.1:64041] for POST '/session/345ede9e5b6286ee51b57e3e10978a31/execute/sync'
22:25:42.673 [AsyncHttpClient-1-2] DEBUG org.asynchttpclient.netty.handler.HttpHandler - 

Request DefaultHttpRequest(decodeResult: success, version: HTTP/1.1)
POST /session/345ede9e5b6286ee51b57e3e10978a31/execute/sync HTTP/1.1
User-Agent: selenium/4.1.2 (java windows)
Content-Length: 47339
Content-Type: application/json; charset=utf-8
host: localhost:64041
accept: */*

Response DefaultHttpResponse(decodeResult: success, version: HTTP/1.1)
HTTP/1.1 200 OK
Content-Type: application/json; charset=utf-8
cache-control: no-cache
content-length: 60

22:25:42.673 [AsyncHttpClient-1-2] DEBUG org.asynchttpclient.netty.channel.ChannelManager - Adding key: http://localhost:64041 for channel [id: 0x91d3d97b, L:/127.0.0.1:61411 - R:localhost/127.0.0.1:64041]
22:25:42.678 [Forwarding getElementAttribute on session 345ede9e5b6286ee51b57e3e10978a31 to remote] DEBUG org.asynchttpclient.netty.request.NettyRequestSender - Using pooled Channel '[id: 0x91d3d97b, L:/127.0.0.1:61411 - R:localhost/127.0.0.1:64041]' for 'POST' to 'http://localhost:64041/session/345ede9e5b6286ee51b57e3e10978a31/execute/sync'
22:25:42.678 [Forwarding getElementAttribute on session 345ede9e5b6286ee51b57e3e10978a31 to remote] DEBUG org.asynchttpclient.netty.request.NettyRequestSender - Using open Channel [id: 0x91d3d97b, L:/127.0.0.1:61411 - R:localhost/127.0.0.1:64041] for POST '/session/345ede9e5b6286ee51b57e3e10978a31/execute/sync'
22:25:42.688 [AsyncHttpClient-1-2] DEBUG org.asynchttpclient.netty.handler.HttpHandler - 

Request DefaultHttpRequest(decodeResult: success, version: HTTP/1.1)
POST /session/345ede9e5b6286ee51b57e3e10978a31/execute/sync HTTP/1.1
User-Agent: selenium/4.1.2 (java windows)
Content-Length: 47339
Content-Type: application/json; charset=utf-8
host: localhost:64041
accept: */*

Response DefaultHttpResponse(decodeResult: success, version: HTTP/1.1)
HTTP/1.1 200 OK
Content-Type: application/json; charset=utf-8
cache-control: no-cache
content-length: 79

22:25:42.688 [AsyncHttpClient-1-2] DEBUG org.asynchttpclient.netty.channel.ChannelManager - Adding key: http://localhost:64041 for channel [id: 0x91d3d97b, L:/127.0.0.1:61411 - R:localhost/127.0.0.1:64041]
22:25:42.698 [Forwarding getElementAttribute on session 345ede9e5b6286ee51b57e3e10978a31 to remote] DEBUG org.asynchttpclient.netty.request.NettyRequestSender - Using pooled Channel '[id: 0x91d3d97b, L:/127.0.0.1:61411 - R:localhost/127.0.0.1:64041]' for 'POST' to 'http://localhost:64041/session/345ede9e5b6286ee51b57e3e10978a31/execute/sync'
22:25:42.698 [Forwarding getElementAttribute on session 345ede9e5b6286ee51b57e3e10978a31 to remote] DEBUG org.asynchttpclient.netty.request.NettyRequestSender - Using open Channel [id: 0x91d3d97b, L:/127.0.0.1:61411 - R:localhost/127.0.0.1:64041] for POST '/session/345ede9e5b6286ee51b57e3e10978a31/execute/sync'
22:25:42.710 [AsyncHttpClient-1-2] DEBUG org.asynchttpclient.netty.handler.HttpHandler - 

Request DefaultHttpRequest(decodeResult: success, version: HTTP/1.1)
POST /session/345ede9e5b6286ee51b57e3e10978a31/execute/sync HTTP/1.1
User-Agent: selenium/4.1.2 (java windows)
Content-Length: 47339
Content-Type: application/json; charset=utf-8
host: localhost:64041
accept: */*

Response DefaultHttpResponse(decodeResult: success, version: HTTP/1.1)
HTTP/1.1 200 OK
Content-Type: application/json; charset=utf-8
cache-control: no-cache
content-length: 97

22:25:42.710 [AsyncHttpClient-1-2] DEBUG org.asynchttpclient.netty.channel.ChannelManager - Adding key: http://localhost:64041 for channel [id: 0x91d3d97b, L:/127.0.0.1:61411 - R:localhost/127.0.0.1:64041]
22:25:42.710 [Forwarding getElementAttribute on session 345ede9e5b6286ee51b57e3e10978a31 to remote] DEBUG org.asynchttpclient.netty.request.NettyRequestSender - Using pooled Channel '[id: 0x91d3d97b, L:/127.0.0.1:61411 - R:localhost/127.0.0.1:64041]' for 'POST' to 'http://localhost:64041/session/345ede9e5b6286ee51b57e3e10978a31/execute/sync'
22:25:42.710 [Forwarding getElementAttribute on session 345ede9e5b6286ee51b57e3e10978a31 to remote] DEBUG org.asynchttpclient.netty.request.NettyRequestSender - Using open Channel [id: 0x91d3d97b, L:/127.0.0.1:61411 - R:localhost/127.0.0.1:64041] for POST '/session/345ede9e5b6286ee51b57e3e10978a31/execute/sync'
22:25:42.730 [AsyncHttpClient-1-2] DEBUG org.asynchttpclient.netty.handler.HttpHandler - 

Request DefaultHttpRequest(decodeResult: success, version: HTTP/1.1)
POST /session/345ede9e5b6286ee51b57e3e10978a31/execute/sync HTTP/1.1
User-Agent: selenium/4.1.2 (java windows)
Content-Length: 47339
Content-Type: application/json; charset=utf-8
host: localhost:64041
accept: */*

Response DefaultHttpResponse(decodeResult: success, version: HTTP/1.1)
HTTP/1.1 200 OK
Content-Type: application/json; charset=utf-8
cache-control: no-cache
content-length: 88

22:25:42.730 [AsyncHttpClient-1-2] DEBUG org.asynchttpclient.netty.channel.ChannelManager - Adding key: http://localhost:64041 for channel [id: 0x91d3d97b, L:/127.0.0.1:61411 - R:localhost/127.0.0.1:64041]
22:25:42.740 [Forwarding getElementAttribute on session 345ede9e5b6286ee51b57e3e10978a31 to remote] DEBUG org.asynchttpclient.netty.request.NettyRequestSender - Using pooled Channel '[id: 0x91d3d97b, L:/127.0.0.1:61411 - R:localhost/127.0.0.1:64041]' for 'POST' to 'http://localhost:64041/session/345ede9e5b6286ee51b57e3e10978a31/execute/sync'
22:25:42.740 [Forwarding getElementAttribute on session 345ede9e5b6286ee51b57e3e10978a31 to remote] DEBUG org.asynchttpclient.netty.request.NettyRequestSender - Using open Channel [id: 0x91d3d97b, L:/127.0.0.1:61411 - R:localhost/127.0.0.1:64041] for POST '/session/345ede9e5b6286ee51b57e3e10978a31/execute/sync'
22:25:42.750 [AsyncHttpClient-1-2] DEBUG org.asynchttpclient.netty.handler.HttpHandler - 

Request DefaultHttpRequest(decodeResult: success, version: HTTP/1.1)
POST /session/345ede9e5b6286ee51b57e3e10978a31/execute/sync HTTP/1.1
User-Agent: selenium/4.1.2 (java windows)
Content-Length: 47339
Content-Type: application/json; charset=utf-8
host: localhost:64041
accept: */*

Response DefaultHttpResponse(decodeResult: success, version: HTTP/1.1)
HTTP/1.1 200 OK
Content-Type: application/json; charset=utf-8
cache-control: no-cache
content-length: 74

22:25:42.750 [AsyncHttpClient-1-2] DEBUG org.asynchttpclient.netty.channel.ChannelManager - Adding key: http://localhost:64041 for channel [id: 0x91d3d97b, L:/127.0.0.1:61411 - R:localhost/127.0.0.1:64041]
22:25:42.750 [Forwarding getElementAttribute on session 345ede9e5b6286ee51b57e3e10978a31 to remote] DEBUG org.asynchttpclient.netty.request.NettyRequestSender - Using pooled Channel '[id: 0x91d3d97b, L:/127.0.0.1:61411 - R:localhost/127.0.0.1:64041]' for 'POST' to 'http://localhost:64041/session/345ede9e5b6286ee51b57e3e10978a31/execute/sync'
22:25:42.750 [Forwarding getElementAttribute on session 345ede9e5b6286ee51b57e3e10978a31 to remote] DEBUG org.asynchttpclient.netty.request.NettyRequestSender - Using open Channel [id: 0x91d3d97b, L:/127.0.0.1:61411 - R:localhost/127.0.0.1:64041] for POST '/session/345ede9e5b6286ee51b57e3e10978a31/execute/sync'
22:25:42.770 [AsyncHttpClient-1-2] DEBUG org.asynchttpclient.netty.handler.HttpHandler - 

Request DefaultHttpRequest(decodeResult: success, version: HTTP/1.1)
POST /session/345ede9e5b6286ee51b57e3e10978a31/execute/sync HTTP/1.1
User-Agent: selenium/4.1.2 (java windows)
Content-Length: 47339
Content-Type: application/json; charset=utf-8
host: localhost:64041
accept: */*

Response DefaultHttpResponse(decodeResult: success, version: HTTP/1.1)
HTTP/1.1 200 OK
Content-Type: application/json; charset=utf-8
cache-control: no-cache
content-length: 111

22:25:42.770 [AsyncHttpClient-1-2] DEBUG org.asynchttpclient.netty.channel.ChannelManager - Adding key: http://localhost:64041 for channel [id: 0x91d3d97b, L:/127.0.0.1:61411 - R:localhost/127.0.0.1:64041]
22:25:42.770 [Forwarding getElementAttribute on session 345ede9e5b6286ee51b57e3e10978a31 to remote] DEBUG org.asynchttpclient.netty.request.NettyRequestSender - Using pooled Channel '[id: 0x91d3d97b, L:/127.0.0.1:61411 - R:localhost/127.0.0.1:64041]' for 'POST' to 'http://localhost:64041/session/345ede9e5b6286ee51b57e3e10978a31/execute/sync'
22:25:42.770 [Forwarding getElementAttribute on session 345ede9e5b6286ee51b57e3e10978a31 to remote] DEBUG org.asynchttpclient.netty.request.NettyRequestSender - Using open Channel [id: 0x91d3d97b, L:/127.0.0.1:61411 - R:localhost/127.0.0.1:64041] for POST '/session/345ede9e5b6286ee51b57e3e10978a31/execute/sync'
22:25:42.780 [AsyncHttpClient-1-2] DEBUG org.asynchttpclient.netty.handler.HttpHandler - 

Request DefaultHttpRequest(decodeResult: success, version: HTTP/1.1)
POST /session/345ede9e5b6286ee51b57e3e10978a31/execute/sync HTTP/1.1
User-Agent: selenium/4.1.2 (java windows)
Content-Length: 47339
Content-Type: application/json; charset=utf-8
host: localhost:64041
accept: */*

Response DefaultHttpResponse(decodeResult: success, version: HTTP/1.1)
HTTP/1.1 200 OK
Content-Type: application/json; charset=utf-8
cache-control: no-cache
content-length: 85

22:25:42.780 [AsyncHttpClient-1-2] DEBUG org.asynchttpclient.netty.channel.ChannelManager - Adding key: http://localhost:64041 for channel [id: 0x91d3d97b, L:/127.0.0.1:61411 - R:localhost/127.0.0.1:64041]
22:25:42.790 [Forwarding getElementAttribute on session 345ede9e5b6286ee51b57e3e10978a31 to remote] DEBUG org.asynchttpclient.netty.request.NettyRequestSender - Using pooled Channel '[id: 0x91d3d97b, L:/127.0.0.1:61411 - R:localhost/127.0.0.1:64041]' for 'POST' to 'http://localhost:64041/session/345ede9e5b6286ee51b57e3e10978a31/execute/sync'
22:25:42.790 [Forwarding getElementAttribute on session 345ede9e5b6286ee51b57e3e10978a31 to remote] DEBUG org.asynchttpclient.netty.request.NettyRequestSender - Using open Channel [id: 0x91d3d97b, L:/127.0.0.1:61411 - R:localhost/127.0.0.1:64041] for POST '/session/345ede9e5b6286ee51b57e3e10978a31/execute/sync'
22:25:42.805 [AsyncHttpClient-1-2] DEBUG org.asynchttpclient.netty.handler.HttpHandler - 

Request DefaultHttpRequest(decodeResult: success, version: HTTP/1.1)
POST /session/345ede9e5b6286ee51b57e3e10978a31/execute/sync HTTP/1.1
User-Agent: selenium/4.1.2 (java windows)
Content-Length: 47339
Content-Type: application/json; charset=utf-8
host: localhost:64041
accept: */*

Response DefaultHttpResponse(decodeResult: success, version: HTTP/1.1)
HTTP/1.1 200 OK
Content-Type: application/json; charset=utf-8
cache-control: no-cache
content-length: 49

22:25:42.805 [AsyncHttpClient-1-2] DEBUG org.asynchttpclient.netty.channel.ChannelManager - Adding key: http://localhost:64041 for channel [id: 0x91d3d97b, L:/127.0.0.1:61411 - R:localhost/127.0.0.1:64041]
22:25:42.805 [Forwarding getElementAttribute on session 345ede9e5b6286ee51b57e3e10978a31 to remote] DEBUG org.asynchttpclient.netty.request.NettyRequestSender - Using pooled Channel '[id: 0x91d3d97b, L:/127.0.0.1:61411 - R:localhost/127.0.0.1:64041]' for 'POST' to 'http://localhost:64041/session/345ede9e5b6286ee51b57e3e10978a31/execute/sync'
22:25:42.805 [Forwarding getElementAttribute on session 345ede9e5b6286ee51b57e3e10978a31 to remote] DEBUG org.asynchttpclient.netty.request.NettyRequestSender - Using open Channel [id: 0x91d3d97b, L:/127.0.0.1:61411 - R:localhost/127.0.0.1:64041] for POST '/session/345ede9e5b6286ee51b57e3e10978a31/execute/sync'
22:25:42.825 [AsyncHttpClient-1-2] DEBUG org.asynchttpclient.netty.handler.HttpHandler - 

Request DefaultHttpRequest(decodeResult: success, version: HTTP/1.1)
POST /session/345ede9e5b6286ee51b57e3e10978a31/execute/sync HTTP/1.1
User-Agent: selenium/4.1.2 (java windows)
Content-Length: 47339
Content-Type: application/json; charset=utf-8
host: localhost:64041
accept: */*

Response DefaultHttpResponse(decodeResult: success, version: HTTP/1.1)
HTTP/1.1 200 OK
Content-Type: application/json; charset=utf-8
cache-control: no-cache
content-length: 43

22:25:42.825 [AsyncHttpClient-1-2] DEBUG org.asynchttpclient.netty.channel.ChannelManager - Adding key: http://localhost:64041 for channel [id: 0x91d3d97b, L:/127.0.0.1:61411 - R:localhost/127.0.0.1:64041]
22:25:42.825 [Forwarding getElementAttribute on session 345ede9e5b6286ee51b57e3e10978a31 to remote] DEBUG org.asynchttpclient.netty.request.NettyRequestSender - Using pooled Channel '[id: 0x91d3d97b, L:/127.0.0.1:61411 - R:localhost/127.0.0.1:64041]' for 'POST' to 'http://localhost:64041/session/345ede9e5b6286ee51b57e3e10978a31/execute/sync'
22:25:42.825 [Forwarding getElementAttribute on session 345ede9e5b6286ee51b57e3e10978a31 to remote] DEBUG org.asynchttpclient.netty.request.NettyRequestSender - Using open Channel [id: 0x91d3d97b, L:/127.0.0.1:61411 - R:localhost/127.0.0.1:64041] for POST '/session/345ede9e5b6286ee51b57e3e10978a31/execute/sync'
22:25:42.843 [AsyncHttpClient-1-2] DEBUG org.asynchttpclient.netty.handler.HttpHandler - 

Request DefaultHttpRequest(decodeResult: success, version: HTTP/1.1)
POST /session/345ede9e5b6286ee51b57e3e10978a31/execute/sync HTTP/1.1
User-Agent: selenium/4.1.2 (java windows)
Content-Length: 47339
Content-Type: application/json; charset=utf-8
host: localhost:64041
accept: */*

Response DefaultHttpResponse(decodeResult: success, version: HTTP/1.1)
HTTP/1.1 200 OK
Content-Type: application/json; charset=utf-8
cache-control: no-cache
content-length: 48

22:25:42.843 [AsyncHttpClient-1-2] DEBUG org.asynchttpclient.netty.channel.ChannelManager - Adding key: http://localhost:64041 for channel [id: 0x91d3d97b, L:/127.0.0.1:61411 - R:localhost/127.0.0.1:64041]
22:25:42.853 [Forwarding getElementAttribute on session 345ede9e5b6286ee51b57e3e10978a31 to remote] DEBUG org.asynchttpclient.netty.request.NettyRequestSender - Using pooled Channel '[id: 0x91d3d97b, L:/127.0.0.1:61411 - R:localhost/127.0.0.1:64041]' for 'POST' to 'http://localhost:64041/session/345ede9e5b6286ee51b57e3e10978a31/execute/sync'
22:25:42.853 [Forwarding getElementAttribute on session 345ede9e5b6286ee51b57e3e10978a31 to remote] DEBUG org.asynchttpclient.netty.request.NettyRequestSender - Using open Channel [id: 0x91d3d97b, L:/127.0.0.1:61411 - R:localhost/127.0.0.1:64041] for POST '/session/345ede9e5b6286ee51b57e3e10978a31/execute/sync'
22:25:42.863 [AsyncHttpClient-1-2] DEBUG org.asynchttpclient.netty.handler.HttpHandler - 

Request DefaultHttpRequest(decodeResult: success, version: HTTP/1.1)
POST /session/345ede9e5b6286ee51b57e3e10978a31/execute/sync HTTP/1.1
User-Agent: selenium/4.1.2 (java windows)
Content-Length: 47339
Content-Type: application/json; charset=utf-8
host: localhost:64041
accept: */*

Response DefaultHttpResponse(decodeResult: success, version: HTTP/1.1)
HTTP/1.1 200 OK
Content-Type: application/json; charset=utf-8
cache-control: no-cache
content-length: 45

22:25:42.863 [AsyncHttpClient-1-2] DEBUG org.asynchttpclient.netty.channel.ChannelManager - Adding key: http://localhost:64041 for channel [id: 0x91d3d97b, L:/127.0.0.1:61411 - R:localhost/127.0.0.1:64041]
22:25:42.873 [Forwarding getElementAttribute on session 345ede9e5b6286ee51b57e3e10978a31 to remote] DEBUG org.asynchttpclient.netty.request.NettyRequestSender - Using pooled Channel '[id: 0x91d3d97b, L:/127.0.0.1:61411 - R:localhost/127.0.0.1:64041]' for 'POST' to 'http://localhost:64041/session/345ede9e5b6286ee51b57e3e10978a31/execute/sync'
22:25:42.873 [Forwarding getElementAttribute on session 345ede9e5b6286ee51b57e3e10978a31 to remote] DEBUG org.asynchttpclient.netty.request.NettyRequestSender - Using open Channel [id: 0x91d3d97b, L:/127.0.0.1:61411 - R:localhost/127.0.0.1:64041] for POST '/session/345ede9e5b6286ee51b57e3e10978a31/execute/sync'
22:25:42.881 [AsyncHttpClient-1-1] DEBUG org.asynchttpclient.netty.channel.DefaultChannelPool - Entry count for : http://localhost:61412 : 1
22:25:42.881 [AsyncHttpClient-1-2] DEBUG org.asynchttpclient.netty.handler.HttpHandler - 

Request DefaultHttpRequest(decodeResult: success, version: HTTP/1.1)
POST /session/345ede9e5b6286ee51b57e3e10978a31/execute/sync HTTP/1.1
User-Agent: selenium/4.1.2 (java windows)
Content-Length: 47339
Content-Type: application/json; charset=utf-8
host: localhost:64041
accept: */*

Response DefaultHttpResponse(decodeResult: success, version: HTTP/1.1)
HTTP/1.1 200 OK
Content-Type: application/json; charset=utf-8
cache-control: no-cache
content-length: 117

22:25:42.881 [AsyncHttpClient-1-2] DEBUG org.asynchttpclient.netty.channel.ChannelManager - Adding key: http://localhost:64041 for channel [id: 0x91d3d97b, L:/127.0.0.1:61411 - R:localhost/127.0.0.1:64041]
22:25:42.891 [Forwarding getElementAttribute on session 345ede9e5b6286ee51b57e3e10978a31 to remote] DEBUG org.asynchttpclient.netty.request.NettyRequestSender - Using pooled Channel '[id: 0x91d3d97b, L:/127.0.0.1:61411 - R:localhost/127.0.0.1:64041]' for 'POST' to 'http://localhost:64041/session/345ede9e5b6286ee51b57e3e10978a31/execute/sync'
22:25:42.891 [Forwarding getElementAttribute on session 345ede9e5b6286ee51b57e3e10978a31 to remote] DEBUG org.asynchttpclient.netty.request.NettyRequestSender - Using open Channel [id: 0x91d3d97b, L:/127.0.0.1:61411 - R:localhost/127.0.0.1:64041] for POST '/session/345ede9e5b6286ee51b57e3e10978a31/execute/sync'
22:25:42.901 [AsyncHttpClient-1-2] DEBUG org.asynchttpclient.netty.handler.HttpHandler - 

Request DefaultHttpRequest(decodeResult: success, version: HTTP/1.1)
POST /session/345ede9e5b6286ee51b57e3e10978a31/execute/sync HTTP/1.1
User-Agent: selenium/4.1.2 (java windows)
Content-Length: 47339
Content-Type: application/json; charset=utf-8
host: localhost:64041
accept: */*

Response DefaultHttpResponse(decodeResult: success, version: HTTP/1.1)
HTTP/1.1 200 OK
Content-Type: application/json; charset=utf-8
cache-control: no-cache
content-length: 92

22:25:42.901 [AsyncHttpClient-1-2] DEBUG org.asynchttpclient.netty.channel.ChannelManager - Adding key: http://localhost:64041 for channel [id: 0x91d3d97b, L:/127.0.0.1:61411 - R:localhost/127.0.0.1:64041]
22:25:42.901 [Forwarding getElementAttribute on session 345ede9e5b6286ee51b57e3e10978a31 to remote] DEBUG org.asynchttpclient.netty.request.NettyRequestSender - Using pooled Channel '[id: 0x91d3d97b, L:/127.0.0.1:61411 - R:localhost/127.0.0.1:64041]' for 'POST' to 'http://localhost:64041/session/345ede9e5b6286ee51b57e3e10978a31/execute/sync'
22:25:42.901 [Forwarding getElementAttribute on session 345ede9e5b6286ee51b57e3e10978a31 to remote] DEBUG org.asynchttpclient.netty.request.NettyRequestSender - Using open Channel [id: 0x91d3d97b, L:/127.0.0.1:61411 - R:localhost/127.0.0.1:64041] for POST '/session/345ede9e5b6286ee51b57e3e10978a31/execute/sync'
22:25:42.928 [AsyncHttpClient-1-2] DEBUG org.asynchttpclient.netty.handler.HttpHandler - 

Request DefaultHttpRequest(decodeResult: success, version: HTTP/1.1)
POST /session/345ede9e5b6286ee51b57e3e10978a31/execute/sync HTTP/1.1
User-Agent: selenium/4.1.2 (java windows)
Content-Length: 47339
Content-Type: application/json; charset=utf-8
host: localhost:64041
accept: */*

Response DefaultHttpResponse(decodeResult: success, version: HTTP/1.1)
HTTP/1.1 200 OK
Content-Type: application/json; charset=utf-8
cache-control: no-cache
content-length: 117

22:25:42.928 [AsyncHttpClient-1-2] DEBUG org.asynchttpclient.netty.channel.ChannelManager - Adding key: http://localhost:64041 for channel [id: 0x91d3d97b, L:/127.0.0.1:61411 - R:localhost/127.0.0.1:64041]
22:25:42.943 [Forwarding getElementAttribute on session 345ede9e5b6286ee51b57e3e10978a31 to remote] DEBUG org.asynchttpclient.netty.request.NettyRequestSender - Using pooled Channel '[id: 0x91d3d97b, L:/127.0.0.1:61411 - R:localhost/127.0.0.1:64041]' for 'POST' to 'http://localhost:64041/session/345ede9e5b6286ee51b57e3e10978a31/execute/sync'
22:25:42.944 [Forwarding getElementAttribute on session 345ede9e5b6286ee51b57e3e10978a31 to remote] DEBUG org.asynchttpclient.netty.request.NettyRequestSender - Using open Channel [id: 0x91d3d97b, L:/127.0.0.1:61411 - R:localhost/127.0.0.1:64041] for POST '/session/345ede9e5b6286ee51b57e3e10978a31/execute/sync'
22:25:42.959 [AsyncHttpClient-1-2] DEBUG org.asynchttpclient.netty.handler.HttpHandler - 

Request DefaultHttpRequest(decodeResult: success, version: HTTP/1.1)
POST /session/345ede9e5b6286ee51b57e3e10978a31/execute/sync HTTP/1.1
User-Agent: selenium/4.1.2 (java windows)
Content-Length: 47339
Content-Type: application/json; charset=utf-8
host: localhost:64041
accept: */*

Response DefaultHttpResponse(decodeResult: success, version: HTTP/1.1)
HTTP/1.1 200 OK
Content-Type: application/json; charset=utf-8
cache-control: no-cache
content-length: 105

22:25:42.959 [AsyncHttpClient-1-2] DEBUG org.asynchttpclient.netty.channel.ChannelManager - Adding key: http://localhost:64041 for channel [id: 0x91d3d97b, L:/127.0.0.1:61411 - R:localhost/127.0.0.1:64041]
22:25:42.965 [Forwarding getElementAttribute on session 345ede9e5b6286ee51b57e3e10978a31 to remote] DEBUG org.asynchttpclient.netty.request.NettyRequestSender - Using pooled Channel '[id: 0x91d3d97b, L:/127.0.0.1:61411 - R:localhost/127.0.0.1:64041]' for 'POST' to 'http://localhost:64041/session/345ede9e5b6286ee51b57e3e10978a31/execute/sync'
22:25:42.966 [Forwarding getElementAttribute on session 345ede9e5b6286ee51b57e3e10978a31 to remote] DEBUG org.asynchttpclient.netty.request.NettyRequestSender - Using open Channel [id: 0x91d3d97b, L:/127.0.0.1:61411 - R:localhost/127.0.0.1:64041] for POST '/session/345ede9e5b6286ee51b57e3e10978a31/execute/sync'
22:25:42.988 [AsyncHttpClient-1-2] DEBUG org.asynchttpclient.netty.handler.HttpHandler - 

Request DefaultHttpRequest(decodeResult: success, version: HTTP/1.1)
POST /session/345ede9e5b6286ee51b57e3e10978a31/execute/sync HTTP/1.1
User-Agent: selenium/4.1.2 (java windows)
Content-Length: 47339
Content-Type: application/json; charset=utf-8
host: localhost:64041
accept: */*

Response DefaultHttpResponse(decodeResult: success, version: HTTP/1.1)
HTTP/1.1 200 OK
Content-Type: application/json; charset=utf-8
cache-control: no-cache
content-length: 63

22:25:42.988 [AsyncHttpClient-1-2] DEBUG org.asynchttpclient.netty.channel.ChannelManager - Adding key: http://localhost:64041 for channel [id: 0x91d3d97b, L:/127.0.0.1:61411 - R:localhost/127.0.0.1:64041]
22:25:42.994 [Forwarding getElementAttribute on session 345ede9e5b6286ee51b57e3e10978a31 to remote] DEBUG org.asynchttpclient.netty.request.NettyRequestSender - Using pooled Channel '[id: 0x91d3d97b, L:/127.0.0.1:61411 - R:localhost/127.0.0.1:64041]' for 'POST' to 'http://localhost:64041/session/345ede9e5b6286ee51b57e3e10978a31/execute/sync'
22:25:42.995 [Forwarding getElementAttribute on session 345ede9e5b6286ee51b57e3e10978a31 to remote] DEBUG org.asynchttpclient.netty.request.NettyRequestSender - Using open Channel [id: 0x91d3d97b, L:/127.0.0.1:61411 - R:localhost/127.0.0.1:64041] for POST '/session/345ede9e5b6286ee51b57e3e10978a31/execute/sync'
22:25:43.007 [AsyncHttpClient-1-2] DEBUG org.asynchttpclient.netty.handler.HttpHandler - 

Request DefaultHttpRequest(decodeResult: success, version: HTTP/1.1)
POST /session/345ede9e5b6286ee51b57e3e10978a31/execute/sync HTTP/1.1
User-Agent: selenium/4.1.2 (java windows)
Content-Length: 47339
Content-Type: application/json; charset=utf-8
host: localhost:64041
accept: */*

Response DefaultHttpResponse(decodeResult: success, version: HTTP/1.1)
HTTP/1.1 200 OK
Content-Type: application/json; charset=utf-8
cache-control: no-cache
content-length: 74

22:25:43.008 [AsyncHttpClient-1-2] DEBUG org.asynchttpclient.netty.channel.ChannelManager - Adding key: http://localhost:64041 for channel [id: 0x91d3d97b, L:/127.0.0.1:61411 - R:localhost/127.0.0.1:64041]
22:25:43.014 [Forwarding getElementAttribute on session 345ede9e5b6286ee51b57e3e10978a31 to remote] DEBUG org.asynchttpclient.netty.request.NettyRequestSender - Using pooled Channel '[id: 0x91d3d97b, L:/127.0.0.1:61411 - R:localhost/127.0.0.1:64041]' for 'POST' to 'http://localhost:64041/session/345ede9e5b6286ee51b57e3e10978a31/execute/sync'
22:25:43.014 [Forwarding getElementAttribute on session 345ede9e5b6286ee51b57e3e10978a31 to remote] DEBUG org.asynchttpclient.netty.request.NettyRequestSender - Using open Channel [id: 0x91d3d97b, L:/127.0.0.1:61411 - R:localhost/127.0.0.1:64041] for POST '/session/345ede9e5b6286ee51b57e3e10978a31/execute/sync'
22:25:43.026 [AsyncHttpClient-1-2] DEBUG org.asynchttpclient.netty.handler.HttpHandler - 

Request DefaultHttpRequest(decodeResult: success, version: HTTP/1.1)
POST /session/345ede9e5b6286ee51b57e3e10978a31/execute/sync HTTP/1.1
User-Agent: selenium/4.1.2 (java windows)
Content-Length: 47339
Content-Type: application/json; charset=utf-8
host: localhost:64041
accept: */*

Response DefaultHttpResponse(decodeResult: success, version: HTTP/1.1)
HTTP/1.1 200 OK
Content-Type: application/json; charset=utf-8
cache-control: no-cache
content-length: 76

22:25:43.026 [AsyncHttpClient-1-2] DEBUG org.asynchttpclient.netty.channel.ChannelManager - Adding key: http://localhost:64041 for channel [id: 0x91d3d97b, L:/127.0.0.1:61411 - R:localhost/127.0.0.1:64041]
22:25:43.028 [Forwarding getElementAttribute on session 345ede9e5b6286ee51b57e3e10978a31 to remote] DEBUG org.asynchttpclient.netty.request.NettyRequestSender - Using pooled Channel '[id: 0x91d3d97b, L:/127.0.0.1:61411 - R:localhost/127.0.0.1:64041]' for 'POST' to 'http://localhost:64041/session/345ede9e5b6286ee51b57e3e10978a31/execute/sync'
22:25:43.028 [Forwarding getElementAttribute on session 345ede9e5b6286ee51b57e3e10978a31 to remote] DEBUG org.asynchttpclient.netty.request.NettyRequestSender - Using open Channel [id: 0x91d3d97b, L:/127.0.0.1:61411 - R:localhost/127.0.0.1:64041] for POST '/session/345ede9e5b6286ee51b57e3e10978a31/execute/sync'
22:25:43.046 [AsyncHttpClient-1-2] DEBUG org.asynchttpclient.netty.handler.HttpHandler - 

Request DefaultHttpRequest(decodeResult: success, version: HTTP/1.1)
POST /session/345ede9e5b6286ee51b57e3e10978a31/execute/sync HTTP/1.1
User-Agent: selenium/4.1.2 (java windows)
Content-Length: 47339
Content-Type: application/json; charset=utf-8
host: localhost:64041
accept: */*

Response DefaultHttpResponse(decodeResult: success, version: HTTP/1.1)
HTTP/1.1 200 OK
Content-Type: application/json; charset=utf-8
cache-control: no-cache
content-length: 110

22:25:43.046 [AsyncHttpClient-1-2] DEBUG org.asynchttpclient.netty.channel.ChannelManager - Adding key: http://localhost:64041 for channel [id: 0x91d3d97b, L:/127.0.0.1:61411 - R:localhost/127.0.0.1:64041]
22:25:43.048 [Forwarding getElementAttribute on session 345ede9e5b6286ee51b57e3e10978a31 to remote] DEBUG org.asynchttpclient.netty.request.NettyRequestSender - Using pooled Channel '[id: 0x91d3d97b, L:/127.0.0.1:61411 - R:localhost/127.0.0.1:64041]' for 'POST' to 'http://localhost:64041/session/345ede9e5b6286ee51b57e3e10978a31/execute/sync'
22:25:43.048 [Forwarding getElementAttribute on session 345ede9e5b6286ee51b57e3e10978a31 to remote] DEBUG org.asynchttpclient.netty.request.NettyRequestSender - Using open Channel [id: 0x91d3d97b, L:/127.0.0.1:61411 - R:localhost/127.0.0.1:64041] for POST '/session/345ede9e5b6286ee51b57e3e10978a31/execute/sync'
22:25:43.066 [AsyncHttpClient-1-2] DEBUG org.asynchttpclient.netty.handler.HttpHandler - 

Request DefaultHttpRequest(decodeResult: success, version: HTTP/1.1)
POST /session/345ede9e5b6286ee51b57e3e10978a31/execute/sync HTTP/1.1
User-Agent: selenium/4.1.2 (java windows)
Content-Length: 47339
Content-Type: application/json; charset=utf-8
host: localhost:64041
accept: */*

Response DefaultHttpResponse(decodeResult: success, version: HTTP/1.1)
HTTP/1.1 200 OK
Content-Type: application/json; charset=utf-8
cache-control: no-cache
content-length: 71

22:25:43.068 [AsyncHttpClient-1-2] DEBUG org.asynchttpclient.netty.channel.ChannelManager - Adding key: http://localhost:64041 for channel [id: 0x91d3d97b, L:/127.0.0.1:61411 - R:localhost/127.0.0.1:64041]
22:25:43.068 [Forwarding getElementAttribute on session 345ede9e5b6286ee51b57e3e10978a31 to remote] DEBUG org.asynchttpclient.netty.request.NettyRequestSender - Using pooled Channel '[id: 0x91d3d97b, L:/127.0.0.1:61411 - R:localhost/127.0.0.1:64041]' for 'POST' to 'http://localhost:64041/session/345ede9e5b6286ee51b57e3e10978a31/execute/sync'
22:25:43.068 [Forwarding getElementAttribute on session 345ede9e5b6286ee51b57e3e10978a31 to remote] DEBUG org.asynchttpclient.netty.request.NettyRequestSender - Using open Channel [id: 0x91d3d97b, L:/127.0.0.1:61411 - R:localhost/127.0.0.1:64041] for POST '/session/345ede9e5b6286ee51b57e3e10978a31/execute/sync'
22:25:43.087 [AsyncHttpClient-1-2] DEBUG org.asynchttpclient.netty.handler.HttpHandler - 

Request DefaultHttpRequest(decodeResult: success, version: HTTP/1.1)
POST /session/345ede9e5b6286ee51b57e3e10978a31/execute/sync HTTP/1.1
User-Agent: selenium/4.1.2 (java windows)
Content-Length: 47339
Content-Type: application/json; charset=utf-8
host: localhost:64041
accept: */*

Response DefaultHttpResponse(decodeResult: success, version: HTTP/1.1)
HTTP/1.1 200 OK
Content-Type: application/json; charset=utf-8
cache-control: no-cache
content-length: 86

22:25:43.087 [AsyncHttpClient-1-2] DEBUG org.asynchttpclient.netty.channel.ChannelManager - Adding key: http://localhost:64041 for channel [id: 0x91d3d97b, L:/127.0.0.1:61411 - R:localhost/127.0.0.1:64041]
22:25:43.089 [Forwarding getElementAttribute on session 345ede9e5b6286ee51b57e3e10978a31 to remote] DEBUG org.asynchttpclient.netty.request.NettyRequestSender - Using pooled Channel '[id: 0x91d3d97b, L:/127.0.0.1:61411 - R:localhost/127.0.0.1:64041]' for 'POST' to 'http://localhost:64041/session/345ede9e5b6286ee51b57e3e10978a31/execute/sync'
22:25:43.089 [Forwarding getElementAttribute on session 345ede9e5b6286ee51b57e3e10978a31 to remote] DEBUG org.asynchttpclient.netty.request.NettyRequestSender - Using open Channel [id: 0x91d3d97b, L:/127.0.0.1:61411 - R:localhost/127.0.0.1:64041] for POST '/session/345ede9e5b6286ee51b57e3e10978a31/execute/sync'
22:25:43.107 [AsyncHttpClient-1-2] DEBUG org.asynchttpclient.netty.handler.HttpHandler - 

Request DefaultHttpRequest(decodeResult: success, version: HTTP/1.1)
POST /session/345ede9e5b6286ee51b57e3e10978a31/execute/sync HTTP/1.1
User-Agent: selenium/4.1.2 (java windows)
Content-Length: 47339
Content-Type: application/json; charset=utf-8
host: localhost:64041
accept: */*

Response DefaultHttpResponse(decodeResult: success, version: HTTP/1.1)
HTTP/1.1 200 OK
Content-Type: application/json; charset=utf-8
cache-control: no-cache
content-length: 102

22:25:43.107 [AsyncHttpClient-1-2] DEBUG org.asynchttpclient.netty.channel.ChannelManager - Adding key: http://localhost:64041 for channel [id: 0x91d3d97b, L:/127.0.0.1:61411 - R:localhost/127.0.0.1:64041]
22:25:43.109 [Forwarding getElementAttribute on session 345ede9e5b6286ee51b57e3e10978a31 to remote] DEBUG org.asynchttpclient.netty.request.NettyRequestSender - Using pooled Channel '[id: 0x91d3d97b, L:/127.0.0.1:61411 - R:localhost/127.0.0.1:64041]' for 'POST' to 'http://localhost:64041/session/345ede9e5b6286ee51b57e3e10978a31/execute/sync'
22:25:43.109 [Forwarding getElementAttribute on session 345ede9e5b6286ee51b57e3e10978a31 to remote] DEBUG org.asynchttpclient.netty.request.NettyRequestSender - Using open Channel [id: 0x91d3d97b, L:/127.0.0.1:61411 - R:localhost/127.0.0.1:64041] for POST '/session/345ede9e5b6286ee51b57e3e10978a31/execute/sync'
22:25:43.119 [AsyncHttpClient-1-2] DEBUG org.asynchttpclient.netty.handler.HttpHandler - 

Request DefaultHttpRequest(decodeResult: success, version: HTTP/1.1)
POST /session/345ede9e5b6286ee51b57e3e10978a31/execute/sync HTTP/1.1
User-Agent: selenium/4.1.2 (java windows)
Content-Length: 47339
Content-Type: application/json; charset=utf-8
host: localhost:64041
accept: */*

Response DefaultHttpResponse(decodeResult: success, version: HTTP/1.1)
HTTP/1.1 200 OK
Content-Type: application/json; charset=utf-8
cache-control: no-cache
content-length: 84

22:25:43.119 [AsyncHttpClient-1-2] DEBUG org.asynchttpclient.netty.channel.ChannelManager - Adding key: http://localhost:64041 for channel [id: 0x91d3d97b, L:/127.0.0.1:61411 - R:localhost/127.0.0.1:64041]
22:25:43.127 [Forwarding getElementAttribute on session 345ede9e5b6286ee51b57e3e10978a31 to remote] DEBUG org.asynchttpclient.netty.request.NettyRequestSender - Using pooled Channel '[id: 0x91d3d97b, L:/127.0.0.1:61411 - R:localhost/127.0.0.1:64041]' for 'POST' to 'http://localhost:64041/session/345ede9e5b6286ee51b57e3e10978a31/execute/sync'
22:25:43.127 [Forwarding getElementAttribute on session 345ede9e5b6286ee51b57e3e10978a31 to remote] DEBUG org.asynchttpclient.netty.request.NettyRequestSender - Using open Channel [id: 0x91d3d97b, L:/127.0.0.1:61411 - R:localhost/127.0.0.1:64041] for POST '/session/345ede9e5b6286ee51b57e3e10978a31/execute/sync'
22:25:43.137 [AsyncHttpClient-1-2] DEBUG org.asynchttpclient.netty.handler.HttpHandler - 

Request DefaultHttpRequest(decodeResult: success, version: HTTP/1.1)
POST /session/345ede9e5b6286ee51b57e3e10978a31/execute/sync HTTP/1.1
User-Agent: selenium/4.1.2 (java windows)
Content-Length: 47339
Content-Type: application/json; charset=utf-8
host: localhost:64041
accept: */*

Response DefaultHttpResponse(decodeResult: success, version: HTTP/1.1)
HTTP/1.1 200 OK
Content-Type: application/json; charset=utf-8
cache-control: no-cache
content-length: 89

22:25:43.137 [AsyncHttpClient-1-2] DEBUG org.asynchttpclient.netty.channel.ChannelManager - Adding key: http://localhost:64041 for channel [id: 0x91d3d97b, L:/127.0.0.1:61411 - R:localhost/127.0.0.1:64041]
22:25:43.137 [Forwarding getElementAttribute on session 345ede9e5b6286ee51b57e3e10978a31 to remote] DEBUG org.asynchttpclient.netty.request.NettyRequestSender - Using pooled Channel '[id: 0x91d3d97b, L:/127.0.0.1:61411 - R:localhost/127.0.0.1:64041]' for 'POST' to 'http://localhost:64041/session/345ede9e5b6286ee51b57e3e10978a31/execute/sync'
22:25:43.137 [Forwarding getElementAttribute on session 345ede9e5b6286ee51b57e3e10978a31 to remote] DEBUG org.asynchttpclient.netty.request.NettyRequestSender - Using open Channel [id: 0x91d3d97b, L:/127.0.0.1:61411 - R:localhost/127.0.0.1:64041] for POST '/session/345ede9e5b6286ee51b57e3e10978a31/execute/sync'
22:25:43.147 [AsyncHttpClient-1-2] DEBUG org.asynchttpclient.netty.handler.HttpHandler - 

Request DefaultHttpRequest(decodeResult: success, version: HTTP/1.1)
POST /session/345ede9e5b6286ee51b57e3e10978a31/execute/sync HTTP/1.1
User-Agent: selenium/4.1.2 (java windows)
Content-Length: 47339
Content-Type: application/json; charset=utf-8
host: localhost:64041
accept: */*

Response DefaultHttpResponse(decodeResult: success, version: HTTP/1.1)
HTTP/1.1 200 OK
Content-Type: application/json; charset=utf-8
cache-control: no-cache
content-length: 78

22:25:43.147 [AsyncHttpClient-1-2] DEBUG org.asynchttpclient.netty.channel.ChannelManager - Adding key: http://localhost:64041 for channel [id: 0x91d3d97b, L:/127.0.0.1:61411 - R:localhost/127.0.0.1:64041]
22:25:43.157 [Forwarding getElementAttribute on session 345ede9e5b6286ee51b57e3e10978a31 to remote] DEBUG org.asynchttpclient.netty.request.NettyRequestSender - Using pooled Channel '[id: 0x91d3d97b, L:/127.0.0.1:61411 - R:localhost/127.0.0.1:64041]' for 'POST' to 'http://localhost:64041/session/345ede9e5b6286ee51b57e3e10978a31/execute/sync'
22:25:43.157 [Forwarding getElementAttribute on session 345ede9e5b6286ee51b57e3e10978a31 to remote] DEBUG org.asynchttpclient.netty.request.NettyRequestSender - Using open Channel [id: 0x91d3d97b, L:/127.0.0.1:61411 - R:localhost/127.0.0.1:64041] for POST '/session/345ede9e5b6286ee51b57e3e10978a31/execute/sync'
22:25:43.167 [AsyncHttpClient-1-2] DEBUG org.asynchttpclient.netty.handler.HttpHandler - 

Request DefaultHttpRequest(decodeResult: success, version: HTTP/1.1)
POST /session/345ede9e5b6286ee51b57e3e10978a31/execute/sync HTTP/1.1
User-Agent: selenium/4.1.2 (java windows)
Content-Length: 47339
Content-Type: application/json; charset=utf-8
host: localhost:64041
accept: */*

Response DefaultHttpResponse(decodeResult: success, version: HTTP/1.1)
HTTP/1.1 200 OK
Content-Type: application/json; charset=utf-8
cache-control: no-cache
content-length: 78

22:25:43.167 [AsyncHttpClient-1-2] DEBUG org.asynchttpclient.netty.channel.ChannelManager - Adding key: http://localhost:64041 for channel [id: 0x91d3d97b, L:/127.0.0.1:61411 - R:localhost/127.0.0.1:64041]
22:25:43.167 [Forwarding getElementAttribute on session 345ede9e5b6286ee51b57e3e10978a31 to remote] DEBUG org.asynchttpclient.netty.request.NettyRequestSender - Using pooled Channel '[id: 0x91d3d97b, L:/127.0.0.1:61411 - R:localhost/127.0.0.1:64041]' for 'POST' to 'http://localhost:64041/session/345ede9e5b6286ee51b57e3e10978a31/execute/sync'
22:25:43.167 [Forwarding getElementAttribute on session 345ede9e5b6286ee51b57e3e10978a31 to remote] DEBUG org.asynchttpclient.netty.request.NettyRequestSender - Using open Channel [id: 0x91d3d97b, L:/127.0.0.1:61411 - R:localhost/127.0.0.1:64041] for POST '/session/345ede9e5b6286ee51b57e3e10978a31/execute/sync'
22:25:43.187 [AsyncHttpClient-1-2] DEBUG org.asynchttpclient.netty.handler.HttpHandler - 

Request DefaultHttpRequest(decodeResult: success, version: HTTP/1.1)
POST /session/345ede9e5b6286ee51b57e3e10978a31/execute/sync HTTP/1.1
User-Agent: selenium/4.1.2 (java windows)
Content-Length: 47339
Content-Type: application/json; charset=utf-8
host: localhost:64041
accept: */*

Response DefaultHttpResponse(decodeResult: success, version: HTTP/1.1)
HTTP/1.1 200 OK
Content-Type: application/json; charset=utf-8
cache-control: no-cache
content-length: 82

22:25:43.187 [AsyncHttpClient-1-2] DEBUG org.asynchttpclient.netty.channel.ChannelManager - Adding key: http://localhost:64041 for channel [id: 0x91d3d97b, L:/127.0.0.1:61411 - R:localhost/127.0.0.1:64041]
22:25:43.187 [Forwarding getElementAttribute on session 345ede9e5b6286ee51b57e3e10978a31 to remote] DEBUG org.asynchttpclient.netty.request.NettyRequestSender - Using pooled Channel '[id: 0x91d3d97b, L:/127.0.0.1:61411 - R:localhost/127.0.0.1:64041]' for 'POST' to 'http://localhost:64041/session/345ede9e5b6286ee51b57e3e10978a31/execute/sync'
22:25:43.187 [Forwarding getElementAttribute on session 345ede9e5b6286ee51b57e3e10978a31 to remote] DEBUG org.asynchttpclient.netty.request.NettyRequestSender - Using open Channel [id: 0x91d3d97b, L:/127.0.0.1:61411 - R:localhost/127.0.0.1:64041] for POST '/session/345ede9e5b6286ee51b57e3e10978a31/execute/sync'
22:25:43.197 [AsyncHttpClient-1-2] DEBUG org.asynchttpclient.netty.handler.HttpHandler - 

Request DefaultHttpRequest(decodeResult: success, version: HTTP/1.1)
POST /session/345ede9e5b6286ee51b57e3e10978a31/execute/sync HTTP/1.1
User-Agent: selenium/4.1.2 (java windows)
Content-Length: 47339
Content-Type: application/json; charset=utf-8
host: localhost:64041
accept: */*

Response DefaultHttpResponse(decodeResult: success, version: HTTP/1.1)
HTTP/1.1 200 OK
Content-Type: application/json; charset=utf-8
cache-control: no-cache
content-length: 76

22:25:43.197 [AsyncHttpClient-1-2] DEBUG org.asynchttpclient.netty.channel.ChannelManager - Adding key: http://localhost:64041 for channel [id: 0x91d3d97b, L:/127.0.0.1:61411 - R:localhost/127.0.0.1:64041]
22:25:43.207 [Forwarding getElementAttribute on session 345ede9e5b6286ee51b57e3e10978a31 to remote] DEBUG org.asynchttpclient.netty.request.NettyRequestSender - Using pooled Channel '[id: 0x91d3d97b, L:/127.0.0.1:61411 - R:localhost/127.0.0.1:64041]' for 'POST' to 'http://localhost:64041/session/345ede9e5b6286ee51b57e3e10978a31/execute/sync'
22:25:43.207 [Forwarding getElementAttribute on session 345ede9e5b6286ee51b57e3e10978a31 to remote] DEBUG org.asynchttpclient.netty.request.NettyRequestSender - Using open Channel [id: 0x91d3d97b, L:/127.0.0.1:61411 - R:localhost/127.0.0.1:64041] for POST '/session/345ede9e5b6286ee51b57e3e10978a31/execute/sync'
22:25:43.207 [AsyncHttpClient-1-2] DEBUG org.asynchttpclient.netty.handler.HttpHandler - 

Request DefaultHttpRequest(decodeResult: success, version: HTTP/1.1)
POST /session/345ede9e5b6286ee51b57e3e10978a31/execute/sync HTTP/1.1
User-Agent: selenium/4.1.2 (java windows)
Content-Length: 47339
Content-Type: application/json; charset=utf-8
host: localhost:64041
accept: */*

Response DefaultHttpResponse(decodeResult: success, version: HTTP/1.1)
HTTP/1.1 200 OK
Content-Type: application/json; charset=utf-8
cache-control: no-cache
content-length: 75

22:25:43.207 [AsyncHttpClient-1-2] DEBUG org.asynchttpclient.netty.channel.ChannelManager - Adding key: http://localhost:64041 for channel [id: 0x91d3d97b, L:/127.0.0.1:61411 - R:localhost/127.0.0.1:64041]
22:25:43.217 [Forwarding getElementAttribute on session 345ede9e5b6286ee51b57e3e10978a31 to remote] DEBUG org.asynchttpclient.netty.request.NettyRequestSender - Using pooled Channel '[id: 0x91d3d97b, L:/127.0.0.1:61411 - R:localhost/127.0.0.1:64041]' for 'POST' to 'http://localhost:64041/session/345ede9e5b6286ee51b57e3e10978a31/execute/sync'
22:25:43.217 [Forwarding getElementAttribute on session 345ede9e5b6286ee51b57e3e10978a31 to remote] DEBUG org.asynchttpclient.netty.request.NettyRequestSender - Using open Channel [id: 0x91d3d97b, L:/127.0.0.1:61411 - R:localhost/127.0.0.1:64041] for POST '/session/345ede9e5b6286ee51b57e3e10978a31/execute/sync'
22:25:43.227 [AsyncHttpClient-1-2] DEBUG org.asynchttpclient.netty.handler.HttpHandler - 

Request DefaultHttpRequest(decodeResult: success, version: HTTP/1.1)
POST /session/345ede9e5b6286ee51b57e3e10978a31/execute/sync HTTP/1.1
User-Agent: selenium/4.1.2 (java windows)
Content-Length: 47339
Content-Type: application/json; charset=utf-8
host: localhost:64041
accept: */*

Response DefaultHttpResponse(decodeResult: success, version: HTTP/1.1)
HTTP/1.1 200 OK
Content-Type: application/json; charset=utf-8
cache-control: no-cache
content-length: 92

22:25:43.227 [AsyncHttpClient-1-2] DEBUG org.asynchttpclient.netty.channel.ChannelManager - Adding key: http://localhost:64041 for channel [id: 0x91d3d97b, L:/127.0.0.1:61411 - R:localhost/127.0.0.1:64041]
22:25:43.237 [Forwarding getElementAttribute on session 345ede9e5b6286ee51b57e3e10978a31 to remote] DEBUG org.asynchttpclient.netty.request.NettyRequestSender - Using pooled Channel '[id: 0x91d3d97b, L:/127.0.0.1:61411 - R:localhost/127.0.0.1:64041]' for 'POST' to 'http://localhost:64041/session/345ede9e5b6286ee51b57e3e10978a31/execute/sync'
22:25:43.237 [Forwarding getElementAttribute on session 345ede9e5b6286ee51b57e3e10978a31 to remote] DEBUG org.asynchttpclient.netty.request.NettyRequestSender - Using open Channel [id: 0x91d3d97b, L:/127.0.0.1:61411 - R:localhost/127.0.0.1:64041] for POST '/session/345ede9e5b6286ee51b57e3e10978a31/execute/sync'
22:25:43.247 [AsyncHttpClient-1-2] DEBUG org.asynchttpclient.netty.handler.HttpHandler - 

Request DefaultHttpRequest(decodeResult: success, version: HTTP/1.1)
POST /session/345ede9e5b6286ee51b57e3e10978a31/execute/sync HTTP/1.1
User-Agent: selenium/4.1.2 (java windows)
Content-Length: 47339
Content-Type: application/json; charset=utf-8
host: localhost:64041
accept: */*

Response DefaultHttpResponse(decodeResult: success, version: HTTP/1.1)
HTTP/1.1 200 OK
Content-Type: application/json; charset=utf-8
cache-control: no-cache
content-length: 72

22:25:43.247 [AsyncHttpClient-1-2] DEBUG org.asynchttpclient.netty.channel.ChannelManager - Adding key: http://localhost:64041 for channel [id: 0x91d3d97b, L:/127.0.0.1:61411 - R:localhost/127.0.0.1:64041]
22:25:43.247 [Forwarding getElementAttribute on session 345ede9e5b6286ee51b57e3e10978a31 to remote] DEBUG org.asynchttpclient.netty.request.NettyRequestSender - Using pooled Channel '[id: 0x91d3d97b, L:/127.0.0.1:61411 - R:localhost/127.0.0.1:64041]' for 'POST' to 'http://localhost:64041/session/345ede9e5b6286ee51b57e3e10978a31/execute/sync'
22:25:43.247 [Forwarding getElementAttribute on session 345ede9e5b6286ee51b57e3e10978a31 to remote] DEBUG org.asynchttpclient.netty.request.NettyRequestSender - Using open Channel [id: 0x91d3d97b, L:/127.0.0.1:61411 - R:localhost/127.0.0.1:64041] for POST '/session/345ede9e5b6286ee51b57e3e10978a31/execute/sync'
22:25:43.257 [AsyncHttpClient-1-2] DEBUG org.asynchttpclient.netty.handler.HttpHandler - 

Request DefaultHttpRequest(decodeResult: success, version: HTTP/1.1)
POST /session/345ede9e5b6286ee51b57e3e10978a31/execute/sync HTTP/1.1
User-Agent: selenium/4.1.2 (java windows)
Content-Length: 47339
Content-Type: application/json; charset=utf-8
host: localhost:64041
accept: */*

Response DefaultHttpResponse(decodeResult: success, version: HTTP/1.1)
HTTP/1.1 200 OK
Content-Type: application/json; charset=utf-8
cache-control: no-cache
content-length: 84

22:25:43.257 [AsyncHttpClient-1-2] DEBUG org.asynchttpclient.netty.channel.ChannelManager - Adding key: http://localhost:64041 for channel [id: 0x91d3d97b, L:/127.0.0.1:61411 - R:localhost/127.0.0.1:64041]
22:25:43.269 [Forwarding getElementAttribute on session 345ede9e5b6286ee51b57e3e10978a31 to remote] DEBUG org.asynchttpclient.netty.request.NettyRequestSender - Using pooled Channel '[id: 0x91d3d97b, L:/127.0.0.1:61411 - R:localhost/127.0.0.1:64041]' for 'POST' to 'http://localhost:64041/session/345ede9e5b6286ee51b57e3e10978a31/execute/sync'
22:25:43.269 [Forwarding getElementAttribute on session 345ede9e5b6286ee51b57e3e10978a31 to remote] DEBUG org.asynchttpclient.netty.request.NettyRequestSender - Using open Channel [id: 0x91d3d97b, L:/127.0.0.1:61411 - R:localhost/127.0.0.1:64041] for POST '/session/345ede9e5b6286ee51b57e3e10978a31/execute/sync'
22:25:43.279 [AsyncHttpClient-1-2] DEBUG org.asynchttpclient.netty.handler.HttpHandler - 

Request DefaultHttpRequest(decodeResult: success, version: HTTP/1.1)
POST /session/345ede9e5b6286ee51b57e3e10978a31/execute/sync HTTP/1.1
User-Agent: selenium/4.1.2 (java windows)
Content-Length: 47339
Content-Type: application/json; charset=utf-8
host: localhost:64041
accept: */*

Response DefaultHttpResponse(decodeResult: success, version: HTTP/1.1)
HTTP/1.1 200 OK
Content-Type: application/json; charset=utf-8
cache-control: no-cache
content-length: 75

22:25:43.279 [AsyncHttpClient-1-2] DEBUG org.asynchttpclient.netty.channel.ChannelManager - Adding key: http://localhost:64041 for channel [id: 0x91d3d97b, L:/127.0.0.1:61411 - R:localhost/127.0.0.1:64041]
22:25:43.280 [Forwarding getElementAttribute on session 345ede9e5b6286ee51b57e3e10978a31 to remote] DEBUG org.asynchttpclient.netty.request.NettyRequestSender - Using pooled Channel '[id: 0x91d3d97b, L:/127.0.0.1:61411 - R:localhost/127.0.0.1:64041]' for 'POST' to 'http://localhost:64041/session/345ede9e5b6286ee51b57e3e10978a31/execute/sync'
22:25:43.280 [Forwarding getElementAttribute on session 345ede9e5b6286ee51b57e3e10978a31 to remote] DEBUG org.asynchttpclient.netty.request.NettyRequestSender - Using open Channel [id: 0x91d3d97b, L:/127.0.0.1:61411 - R:localhost/127.0.0.1:64041] for POST '/session/345ede9e5b6286ee51b57e3e10978a31/execute/sync'
22:25:43.295 [AsyncHttpClient-1-2] DEBUG org.asynchttpclient.netty.handler.HttpHandler - 

Request DefaultHttpRequest(decodeResult: success, version: HTTP/1.1)
POST /session/345ede9e5b6286ee51b57e3e10978a31/execute/sync HTTP/1.1
User-Agent: selenium/4.1.2 (java windows)
Content-Length: 47339
Content-Type: application/json; charset=utf-8
host: localhost:64041
accept: */*

Response DefaultHttpResponse(decodeResult: success, version: HTTP/1.1)
HTTP/1.1 200 OK
Content-Type: application/json; charset=utf-8
cache-control: no-cache
content-length: 77

22:25:43.295 [AsyncHttpClient-1-2] DEBUG org.asynchttpclient.netty.channel.ChannelManager - Adding key: http://localhost:64041 for channel [id: 0x91d3d97b, L:/127.0.0.1:61411 - R:localhost/127.0.0.1:64041]
22:25:43.295 [Forwarding getElementAttribute on session 345ede9e5b6286ee51b57e3e10978a31 to remote] DEBUG org.asynchttpclient.netty.request.NettyRequestSender - Using pooled Channel '[id: 0x91d3d97b, L:/127.0.0.1:61411 - R:localhost/127.0.0.1:64041]' for 'POST' to 'http://localhost:64041/session/345ede9e5b6286ee51b57e3e10978a31/execute/sync'
22:25:43.295 [Forwarding getElementAttribute on session 345ede9e5b6286ee51b57e3e10978a31 to remote] DEBUG org.asynchttpclient.netty.request.NettyRequestSender - Using open Channel [id: 0x91d3d97b, L:/127.0.0.1:61411 - R:localhost/127.0.0.1:64041] for POST '/session/345ede9e5b6286ee51b57e3e10978a31/execute/sync'
22:25:43.305 [AsyncHttpClient-1-2] DEBUG org.asynchttpclient.netty.handler.HttpHandler - 

Request DefaultHttpRequest(decodeResult: success, version: HTTP/1.1)
POST /session/345ede9e5b6286ee51b57e3e10978a31/execute/sync HTTP/1.1
User-Agent: selenium/4.1.2 (java windows)
Content-Length: 47339
Content-Type: application/json; charset=utf-8
host: localhost:64041
accept: */*

Response DefaultHttpResponse(decodeResult: success, version: HTTP/1.1)
HTTP/1.1 200 OK
Content-Type: application/json; charset=utf-8
cache-control: no-cache
content-length: 75

22:25:43.305 [AsyncHttpClient-1-2] DEBUG org.asynchttpclient.netty.channel.ChannelManager - Adding key: http://localhost:64041 for channel [id: 0x91d3d97b, L:/127.0.0.1:61411 - R:localhost/127.0.0.1:64041]
22:25:43.305 [Forwarding getElementAttribute on session 345ede9e5b6286ee51b57e3e10978a31 to remote] DEBUG org.asynchttpclient.netty.request.NettyRequestSender - Using pooled Channel '[id: 0x91d3d97b, L:/127.0.0.1:61411 - R:localhost/127.0.0.1:64041]' for 'POST' to 'http://localhost:64041/session/345ede9e5b6286ee51b57e3e10978a31/execute/sync'
22:25:43.305 [Forwarding getElementAttribute on session 345ede9e5b6286ee51b57e3e10978a31 to remote] DEBUG org.asynchttpclient.netty.request.NettyRequestSender - Using open Channel [id: 0x91d3d97b, L:/127.0.0.1:61411 - R:localhost/127.0.0.1:64041] for POST '/session/345ede9e5b6286ee51b57e3e10978a31/execute/sync'
22:25:43.315 [AsyncHttpClient-1-2] DEBUG org.asynchttpclient.netty.handler.HttpHandler - 

Request DefaultHttpRequest(decodeResult: success, version: HTTP/1.1)
POST /session/345ede9e5b6286ee51b57e3e10978a31/execute/sync HTTP/1.1
User-Agent: selenium/4.1.2 (java windows)
Content-Length: 47339
Content-Type: application/json; charset=utf-8
host: localhost:64041
accept: */*

Response DefaultHttpResponse(decodeResult: success, version: HTTP/1.1)
HTTP/1.1 200 OK
Content-Type: application/json; charset=utf-8
cache-control: no-cache
content-length: 74

22:25:43.315 [AsyncHttpClient-1-2] DEBUG org.asynchttpclient.netty.channel.ChannelManager - Adding key: http://localhost:64041 for channel [id: 0x91d3d97b, L:/127.0.0.1:61411 - R:localhost/127.0.0.1:64041]
22:25:43.325 [Forwarding getElementAttribute on session 345ede9e5b6286ee51b57e3e10978a31 to remote] DEBUG org.asynchttpclient.netty.request.NettyRequestSender - Using pooled Channel '[id: 0x91d3d97b, L:/127.0.0.1:61411 - R:localhost/127.0.0.1:64041]' for 'POST' to 'http://localhost:64041/session/345ede9e5b6286ee51b57e3e10978a31/execute/sync'
22:25:43.325 [Forwarding getElementAttribute on session 345ede9e5b6286ee51b57e3e10978a31 to remote] DEBUG org.asynchttpclient.netty.request.NettyRequestSender - Using open Channel [id: 0x91d3d97b, L:/127.0.0.1:61411 - R:localhost/127.0.0.1:64041] for POST '/session/345ede9e5b6286ee51b57e3e10978a31/execute/sync'
22:25:43.335 [AsyncHttpClient-1-2] DEBUG org.asynchttpclient.netty.handler.HttpHandler - 

Request DefaultHttpRequest(decodeResult: success, version: HTTP/1.1)
POST /session/345ede9e5b6286ee51b57e3e10978a31/execute/sync HTTP/1.1
User-Agent: selenium/4.1.2 (java windows)
Content-Length: 47339
Content-Type: application/json; charset=utf-8
host: localhost:64041
accept: */*

Response DefaultHttpResponse(decodeResult: success, version: HTTP/1.1)
HTTP/1.1 200 OK
Content-Type: application/json; charset=utf-8
cache-control: no-cache
content-length: 91

22:25:43.335 [AsyncHttpClient-1-2] DEBUG org.asynchttpclient.netty.channel.ChannelManager - Adding key: http://localhost:64041 for channel [id: 0x91d3d97b, L:/127.0.0.1:61411 - R:localhost/127.0.0.1:64041]
22:25:43.335 [Forwarding getElementAttribute on session 345ede9e5b6286ee51b57e3e10978a31 to remote] DEBUG org.asynchttpclient.netty.request.NettyRequestSender - Using pooled Channel '[id: 0x91d3d97b, L:/127.0.0.1:61411 - R:localhost/127.0.0.1:64041]' for 'POST' to 'http://localhost:64041/session/345ede9e5b6286ee51b57e3e10978a31/execute/sync'
22:25:43.335 [Forwarding getElementAttribute on session 345ede9e5b6286ee51b57e3e10978a31 to remote] DEBUG org.asynchttpclient.netty.request.NettyRequestSender - Using open Channel [id: 0x91d3d97b, L:/127.0.0.1:61411 - R:localhost/127.0.0.1:64041] for POST '/session/345ede9e5b6286ee51b57e3e10978a31/execute/sync'
22:25:43.345 [AsyncHttpClient-1-2] DEBUG org.asynchttpclient.netty.handler.HttpHandler - 

Request DefaultHttpRequest(decodeResult: success, version: HTTP/1.1)
POST /session/345ede9e5b6286ee51b57e3e10978a31/execute/sync HTTP/1.1
User-Agent: selenium/4.1.2 (java windows)
Content-Length: 47339
Content-Type: application/json; charset=utf-8
host: localhost:64041
accept: */*

Response DefaultHttpResponse(decodeResult: success, version: HTTP/1.1)
HTTP/1.1 200 OK
Content-Type: application/json; charset=utf-8
cache-control: no-cache
content-length: 88

22:25:43.345 [AsyncHttpClient-1-2] DEBUG org.asynchttpclient.netty.channel.ChannelManager - Adding key: http://localhost:64041 for channel [id: 0x91d3d97b, L:/127.0.0.1:61411 - R:localhost/127.0.0.1:64041]
22:25:43.355 [Forwarding getElementAttribute on session 345ede9e5b6286ee51b57e3e10978a31 to remote] DEBUG org.asynchttpclient.netty.request.NettyRequestSender - Using pooled Channel '[id: 0x91d3d97b, L:/127.0.0.1:61411 - R:localhost/127.0.0.1:64041]' for 'POST' to 'http://localhost:64041/session/345ede9e5b6286ee51b57e3e10978a31/execute/sync'
22:25:43.355 [Forwarding getElementAttribute on session 345ede9e5b6286ee51b57e3e10978a31 to remote] DEBUG org.asynchttpclient.netty.request.NettyRequestSender - Using open Channel [id: 0x91d3d97b, L:/127.0.0.1:61411 - R:localhost/127.0.0.1:64041] for POST '/session/345ede9e5b6286ee51b57e3e10978a31/execute/sync'
22:25:43.365 [AsyncHttpClient-1-2] DEBUG org.asynchttpclient.netty.handler.HttpHandler - 

Request DefaultHttpRequest(decodeResult: success, version: HTTP/1.1)
POST /session/345ede9e5b6286ee51b57e3e10978a31/execute/sync HTTP/1.1
User-Agent: selenium/4.1.2 (java windows)
Content-Length: 47339
Content-Type: application/json; charset=utf-8
host: localhost:64041
accept: */*

Response DefaultHttpResponse(decodeResult: success, version: HTTP/1.1)
HTTP/1.1 200 OK
Content-Type: application/json; charset=utf-8
cache-control: no-cache
content-length: 79

22:25:43.365 [AsyncHttpClient-1-2] DEBUG org.asynchttpclient.netty.channel.ChannelManager - Adding key: http://localhost:64041 for channel [id: 0x91d3d97b, L:/127.0.0.1:61411 - R:localhost/127.0.0.1:64041]
22:25:43.365 [Forwarding getElementAttribute on session 345ede9e5b6286ee51b57e3e10978a31 to remote] DEBUG org.asynchttpclient.netty.request.NettyRequestSender - Using pooled Channel '[id: 0x91d3d97b, L:/127.0.0.1:61411 - R:localhost/127.0.0.1:64041]' for 'POST' to 'http://localhost:64041/session/345ede9e5b6286ee51b57e3e10978a31/execute/sync'
22:25:43.365 [Forwarding getElementAttribute on session 345ede9e5b6286ee51b57e3e10978a31 to remote] DEBUG org.asynchttpclient.netty.request.NettyRequestSender - Using open Channel [id: 0x91d3d97b, L:/127.0.0.1:61411 - R:localhost/127.0.0.1:64041] for POST '/session/345ede9e5b6286ee51b57e3e10978a31/execute/sync'
22:25:43.379 [AsyncHttpClient-1-2] DEBUG org.asynchttpclient.netty.handler.HttpHandler - 

Request DefaultHttpRequest(decodeResult: success, version: HTTP/1.1)
POST /session/345ede9e5b6286ee51b57e3e10978a31/execute/sync HTTP/1.1
User-Agent: selenium/4.1.2 (java windows)
Content-Length: 47339
Content-Type: application/json; charset=utf-8
host: localhost:64041
accept: */*

Response DefaultHttpResponse(decodeResult: success, version: HTTP/1.1)
HTTP/1.1 200 OK
Content-Type: application/json; charset=utf-8
cache-control: no-cache
content-length: 79

22:25:43.379 [AsyncHttpClient-1-2] DEBUG org.asynchttpclient.netty.channel.ChannelManager - Adding key: http://localhost:64041 for channel [id: 0x91d3d97b, L:/127.0.0.1:61411 - R:localhost/127.0.0.1:64041]
22:25:43.380 [Forwarding getElementAttribute on session 345ede9e5b6286ee51b57e3e10978a31 to remote] DEBUG org.asynchttpclient.netty.request.NettyRequestSender - Using pooled Channel '[id: 0x91d3d97b, L:/127.0.0.1:61411 - R:localhost/127.0.0.1:64041]' for 'POST' to 'http://localhost:64041/session/345ede9e5b6286ee51b57e3e10978a31/execute/sync'
22:25:43.380 [Forwarding getElementAttribute on session 345ede9e5b6286ee51b57e3e10978a31 to remote] DEBUG org.asynchttpclient.netty.request.NettyRequestSender - Using open Channel [id: 0x91d3d97b, L:/127.0.0.1:61411 - R:localhost/127.0.0.1:64041] for POST '/session/345ede9e5b6286ee51b57e3e10978a31/execute/sync'
22:25:43.390 [AsyncHttpClient-1-2] DEBUG org.asynchttpclient.netty.handler.HttpHandler - 

Request DefaultHttpRequest(decodeResult: success, version: HTTP/1.1)
POST /session/345ede9e5b6286ee51b57e3e10978a31/execute/sync HTTP/1.1
User-Agent: selenium/4.1.2 (java windows)
Content-Length: 47339
Content-Type: application/json; charset=utf-8
host: localhost:64041
accept: */*

Response DefaultHttpResponse(decodeResult: success, version: HTTP/1.1)
HTTP/1.1 200 OK
Content-Type: application/json; charset=utf-8
cache-control: no-cache
content-length: 79

22:25:43.390 [AsyncHttpClient-1-2] DEBUG org.asynchttpclient.netty.channel.ChannelManager - Adding key: http://localhost:64041 for channel [id: 0x91d3d97b, L:/127.0.0.1:61411 - R:localhost/127.0.0.1:64041]
22:25:43.390 [Forwarding getElementAttribute on session 345ede9e5b6286ee51b57e3e10978a31 to remote] DEBUG org.asynchttpclient.netty.request.NettyRequestSender - Using pooled Channel '[id: 0x91d3d97b, L:/127.0.0.1:61411 - R:localhost/127.0.0.1:64041]' for 'POST' to 'http://localhost:64041/session/345ede9e5b6286ee51b57e3e10978a31/execute/sync'
22:25:43.390 [Forwarding getElementAttribute on session 345ede9e5b6286ee51b57e3e10978a31 to remote] DEBUG org.asynchttpclient.netty.request.NettyRequestSender - Using open Channel [id: 0x91d3d97b, L:/127.0.0.1:61411 - R:localhost/127.0.0.1:64041] for POST '/session/345ede9e5b6286ee51b57e3e10978a31/execute/sync'
22:25:43.400 [AsyncHttpClient-1-2] DEBUG org.asynchttpclient.netty.handler.HttpHandler - 

Request DefaultHttpRequest(decodeResult: success, version: HTTP/1.1)
POST /session/345ede9e5b6286ee51b57e3e10978a31/execute/sync HTTP/1.1
User-Agent: selenium/4.1.2 (java windows)
Content-Length: 47339
Content-Type: application/json; charset=utf-8
host: localhost:64041
accept: */*

Response DefaultHttpResponse(decodeResult: success, version: HTTP/1.1)
HTTP/1.1 200 OK
Content-Type: application/json; charset=utf-8
cache-control: no-cache
content-length: 88

22:25:43.400 [AsyncHttpClient-1-2] DEBUG org.asynchttpclient.netty.channel.ChannelManager - Adding key: http://localhost:64041 for channel [id: 0x91d3d97b, L:/127.0.0.1:61411 - R:localhost/127.0.0.1:64041]
22:25:43.410 [Forwarding getElementAttribute on session 345ede9e5b6286ee51b57e3e10978a31 to remote] DEBUG org.asynchttpclient.netty.request.NettyRequestSender - Using pooled Channel '[id: 0x91d3d97b, L:/127.0.0.1:61411 - R:localhost/127.0.0.1:64041]' for 'POST' to 'http://localhost:64041/session/345ede9e5b6286ee51b57e3e10978a31/execute/sync'
22:25:43.410 [Forwarding getElementAttribute on session 345ede9e5b6286ee51b57e3e10978a31 to remote] DEBUG org.asynchttpclient.netty.request.NettyRequestSender - Using open Channel [id: 0x91d3d97b, L:/127.0.0.1:61411 - R:localhost/127.0.0.1:64041] for POST '/session/345ede9e5b6286ee51b57e3e10978a31/execute/sync'
22:25:43.422 [AsyncHttpClient-1-2] DEBUG org.asynchttpclient.netty.handler.HttpHandler - 

Request DefaultHttpRequest(decodeResult: success, version: HTTP/1.1)
POST /session/345ede9e5b6286ee51b57e3e10978a31/execute/sync HTTP/1.1
User-Agent: selenium/4.1.2 (java windows)
Content-Length: 47339
Content-Type: application/json; charset=utf-8
host: localhost:64041
accept: */*

Response DefaultHttpResponse(decodeResult: success, version: HTTP/1.1)
HTTP/1.1 200 OK
Content-Type: application/json; charset=utf-8
cache-control: no-cache
content-length: 85

22:25:43.422 [AsyncHttpClient-1-2] DEBUG org.asynchttpclient.netty.channel.ChannelManager - Adding key: http://localhost:64041 for channel [id: 0x91d3d97b, L:/127.0.0.1:61411 - R:localhost/127.0.0.1:64041]
22:25:43.422 [Forwarding getElementAttribute on session 345ede9e5b6286ee51b57e3e10978a31 to remote] DEBUG org.asynchttpclient.netty.request.NettyRequestSender - Using pooled Channel '[id: 0x91d3d97b, L:/127.0.0.1:61411 - R:localhost/127.0.0.1:64041]' for 'POST' to 'http://localhost:64041/session/345ede9e5b6286ee51b57e3e10978a31/execute/sync'
22:25:43.422 [Forwarding getElementAttribute on session 345ede9e5b6286ee51b57e3e10978a31 to remote] DEBUG org.asynchttpclient.netty.request.NettyRequestSender - Using open Channel [id: 0x91d3d97b, L:/127.0.0.1:61411 - R:localhost/127.0.0.1:64041] for POST '/session/345ede9e5b6286ee51b57e3e10978a31/execute/sync'
22:25:43.432 [AsyncHttpClient-1-2] DEBUG org.asynchttpclient.netty.handler.HttpHandler - 

Request DefaultHttpRequest(decodeResult: success, version: HTTP/1.1)
POST /session/345ede9e5b6286ee51b57e3e10978a31/execute/sync HTTP/1.1
User-Agent: selenium/4.1.2 (java windows)
Content-Length: 47339
Content-Type: application/json; charset=utf-8
host: localhost:64041
accept: */*

Response DefaultHttpResponse(decodeResult: success, version: HTTP/1.1)
HTTP/1.1 200 OK
Content-Type: application/json; charset=utf-8
cache-control: no-cache
content-length: 85

22:25:43.432 [AsyncHttpClient-1-2] DEBUG org.asynchttpclient.netty.channel.ChannelManager - Adding key: http://localhost:64041 for channel [id: 0x91d3d97b, L:/127.0.0.1:61411 - R:localhost/127.0.0.1:64041]
22:25:43.442 [Forwarding getElementAttribute on session 345ede9e5b6286ee51b57e3e10978a31 to remote] DEBUG org.asynchttpclient.netty.request.NettyRequestSender - Using pooled Channel '[id: 0x91d3d97b, L:/127.0.0.1:61411 - R:localhost/127.0.0.1:64041]' for 'POST' to 'http://localhost:64041/session/345ede9e5b6286ee51b57e3e10978a31/execute/sync'
22:25:43.442 [Forwarding getElementAttribute on session 345ede9e5b6286ee51b57e3e10978a31 to remote] DEBUG org.asynchttpclient.netty.request.NettyRequestSender - Using open Channel [id: 0x91d3d97b, L:/127.0.0.1:61411 - R:localhost/127.0.0.1:64041] for POST '/session/345ede9e5b6286ee51b57e3e10978a31/execute/sync'
22:25:43.452 [AsyncHttpClient-1-2] DEBUG org.asynchttpclient.netty.handler.HttpHandler - 

Request DefaultHttpRequest(decodeResult: success, version: HTTP/1.1)
POST /session/345ede9e5b6286ee51b57e3e10978a31/execute/sync HTTP/1.1
User-Agent: selenium/4.1.2 (java windows)
Content-Length: 47339
Content-Type: application/json; charset=utf-8
host: localhost:64041
accept: */*

Response DefaultHttpResponse(decodeResult: success, version: HTTP/1.1)
HTTP/1.1 200 OK
Content-Type: application/json; charset=utf-8
cache-control: no-cache
content-length: 91

22:25:43.452 [AsyncHttpClient-1-2] DEBUG org.asynchttpclient.netty.channel.ChannelManager - Adding key: http://localhost:64041 for channel [id: 0x91d3d97b, L:/127.0.0.1:61411 - R:localhost/127.0.0.1:64041]
22:25:43.452 [Forwarding getElementAttribute on session 345ede9e5b6286ee51b57e3e10978a31 to remote] DEBUG org.asynchttpclient.netty.request.NettyRequestSender - Using pooled Channel '[id: 0x91d3d97b, L:/127.0.0.1:61411 - R:localhost/127.0.0.1:64041]' for 'POST' to 'http://localhost:64041/session/345ede9e5b6286ee51b57e3e10978a31/execute/sync'
22:25:43.452 [Forwarding getElementAttribute on session 345ede9e5b6286ee51b57e3e10978a31 to remote] DEBUG org.asynchttpclient.netty.request.NettyRequestSender - Using open Channel [id: 0x91d3d97b, L:/127.0.0.1:61411 - R:localhost/127.0.0.1:64041] for POST '/session/345ede9e5b6286ee51b57e3e10978a31/execute/sync'
22:25:43.462 [AsyncHttpClient-1-2] DEBUG org.asynchttpclient.netty.handler.HttpHandler - 

Request DefaultHttpRequest(decodeResult: success, version: HTTP/1.1)
POST /session/345ede9e5b6286ee51b57e3e10978a31/execute/sync HTTP/1.1
User-Agent: selenium/4.1.2 (java windows)
Content-Length: 47339
Content-Type: application/json; charset=utf-8
host: localhost:64041
accept: */*

Response DefaultHttpResponse(decodeResult: success, version: HTTP/1.1)
HTTP/1.1 200 OK
Content-Type: application/json; charset=utf-8
cache-control: no-cache
content-length: 103

22:25:43.462 [AsyncHttpClient-1-2] DEBUG org.asynchttpclient.netty.channel.ChannelManager - Adding key: http://localhost:64041 for channel [id: 0x91d3d97b, L:/127.0.0.1:61411 - R:localhost/127.0.0.1:64041]
22:25:43.472 [Forwarding getElementAttribute on session 345ede9e5b6286ee51b57e3e10978a31 to remote] DEBUG org.asynchttpclient.netty.request.NettyRequestSender - Using pooled Channel '[id: 0x91d3d97b, L:/127.0.0.1:61411 - R:localhost/127.0.0.1:64041]' for 'POST' to 'http://localhost:64041/session/345ede9e5b6286ee51b57e3e10978a31/execute/sync'
22:25:43.472 [Forwarding getElementAttribute on session 345ede9e5b6286ee51b57e3e10978a31 to remote] DEBUG org.asynchttpclient.netty.request.NettyRequestSender - Using open Channel [id: 0x91d3d97b, L:/127.0.0.1:61411 - R:localhost/127.0.0.1:64041] for POST '/session/345ede9e5b6286ee51b57e3e10978a31/execute/sync'
22:25:43.484 [AsyncHttpClient-1-2] DEBUG org.asynchttpclient.netty.handler.HttpHandler - 

Request DefaultHttpRequest(decodeResult: success, version: HTTP/1.1)
POST /session/345ede9e5b6286ee51b57e3e10978a31/execute/sync HTTP/1.1
User-Agent: selenium/4.1.2 (java windows)
Content-Length: 47339
Content-Type: application/json; charset=utf-8
host: localhost:64041
accept: */*

Response DefaultHttpResponse(decodeResult: success, version: HTTP/1.1)
HTTP/1.1 200 OK
Content-Type: application/json; charset=utf-8
cache-control: no-cache
content-length: 91

22:25:43.484 [AsyncHttpClient-1-2] DEBUG org.asynchttpclient.netty.channel.ChannelManager - Adding key: http://localhost:64041 for channel [id: 0x91d3d97b, L:/127.0.0.1:61411 - R:localhost/127.0.0.1:64041]
22:25:43.484 [Forwarding getElementAttribute on session 345ede9e5b6286ee51b57e3e10978a31 to remote] DEBUG org.asynchttpclient.netty.request.NettyRequestSender - Using pooled Channel '[id: 0x91d3d97b, L:/127.0.0.1:61411 - R:localhost/127.0.0.1:64041]' for 'POST' to 'http://localhost:64041/session/345ede9e5b6286ee51b57e3e10978a31/execute/sync'
22:25:43.484 [Forwarding getElementAttribute on session 345ede9e5b6286ee51b57e3e10978a31 to remote] DEBUG org.asynchttpclient.netty.request.NettyRequestSender - Using open Channel [id: 0x91d3d97b, L:/127.0.0.1:61411 - R:localhost/127.0.0.1:64041] for POST '/session/345ede9e5b6286ee51b57e3e10978a31/execute/sync'
22:25:43.494 [AsyncHttpClient-1-2] DEBUG org.asynchttpclient.netty.handler.HttpHandler - 

Request DefaultHttpRequest(decodeResult: success, version: HTTP/1.1)
POST /session/345ede9e5b6286ee51b57e3e10978a31/execute/sync HTTP/1.1
User-Agent: selenium/4.1.2 (java windows)
Content-Length: 47339
Content-Type: application/json; charset=utf-8
host: localhost:64041
accept: */*

Response DefaultHttpResponse(decodeResult: success, version: HTTP/1.1)
HTTP/1.1 200 OK
Content-Type: application/json; charset=utf-8
cache-control: no-cache
content-length: 101

22:25:43.494 [AsyncHttpClient-1-2] DEBUG org.asynchttpclient.netty.channel.ChannelManager - Adding key: http://localhost:64041 for channel [id: 0x91d3d97b, L:/127.0.0.1:61411 - R:localhost/127.0.0.1:64041]
22:25:43.494 [Forwarding getElementAttribute on session 345ede9e5b6286ee51b57e3e10978a31 to remote] DEBUG org.asynchttpclient.netty.request.NettyRequestSender - Using pooled Channel '[id: 0x91d3d97b, L:/127.0.0.1:61411 - R:localhost/127.0.0.1:64041]' for 'POST' to 'http://localhost:64041/session/345ede9e5b6286ee51b57e3e10978a31/execute/sync'
22:25:43.494 [Forwarding getElementAttribute on session 345ede9e5b6286ee51b57e3e10978a31 to remote] DEBUG org.asynchttpclient.netty.request.NettyRequestSender - Using open Channel [id: 0x91d3d97b, L:/127.0.0.1:61411 - R:localhost/127.0.0.1:64041] for POST '/session/345ede9e5b6286ee51b57e3e10978a31/execute/sync'
22:25:43.504 [AsyncHttpClient-1-2] DEBUG org.asynchttpclient.netty.handler.HttpHandler - 

Request DefaultHttpRequest(decodeResult: success, version: HTTP/1.1)
POST /session/345ede9e5b6286ee51b57e3e10978a31/execute/sync HTTP/1.1
User-Agent: selenium/4.1.2 (java windows)
Content-Length: 47339
Content-Type: application/json; charset=utf-8
host: localhost:64041
accept: */*

Response DefaultHttpResponse(decodeResult: success, version: HTTP/1.1)
HTTP/1.1 200 OK
Content-Type: application/json; charset=utf-8
cache-control: no-cache
content-length: 105

22:25:43.504 [AsyncHttpClient-1-2] DEBUG org.asynchttpclient.netty.channel.ChannelManager - Adding key: http://localhost:64041 for channel [id: 0x91d3d97b, L:/127.0.0.1:61411 - R:localhost/127.0.0.1:64041]
22:25:43.514 [Forwarding getElementAttribute on session 345ede9e5b6286ee51b57e3e10978a31 to remote] DEBUG org.asynchttpclient.netty.request.NettyRequestSender - Using pooled Channel '[id: 0x91d3d97b, L:/127.0.0.1:61411 - R:localhost/127.0.0.1:64041]' for 'POST' to 'http://localhost:64041/session/345ede9e5b6286ee51b57e3e10978a31/execute/sync'
22:25:43.514 [Forwarding getElementAttribute on session 345ede9e5b6286ee51b57e3e10978a31 to remote] DEBUG org.asynchttpclient.netty.request.NettyRequestSender - Using open Channel [id: 0x91d3d97b, L:/127.0.0.1:61411 - R:localhost/127.0.0.1:64041] for POST '/session/345ede9e5b6286ee51b57e3e10978a31/execute/sync'
22:25:43.524 [AsyncHttpClient-1-2] DEBUG org.asynchttpclient.netty.handler.HttpHandler - 

Request DefaultHttpRequest(decodeResult: success, version: HTTP/1.1)
POST /session/345ede9e5b6286ee51b57e3e10978a31/execute/sync HTTP/1.1
User-Agent: selenium/4.1.2 (java windows)
Content-Length: 47339
Content-Type: application/json; charset=utf-8
host: localhost:64041
accept: */*

Response DefaultHttpResponse(decodeResult: success, version: HTTP/1.1)
HTTP/1.1 200 OK
Content-Type: application/json; charset=utf-8
cache-control: no-cache
content-length: 90

22:25:43.524 [AsyncHttpClient-1-2] DEBUG org.asynchttpclient.netty.channel.ChannelManager - Adding key: http://localhost:64041 for channel [id: 0x91d3d97b, L:/127.0.0.1:61411 - R:localhost/127.0.0.1:64041]
22:25:43.524 [Forwarding getElementAttribute on session 345ede9e5b6286ee51b57e3e10978a31 to remote] DEBUG org.asynchttpclient.netty.request.NettyRequestSender - Using pooled Channel '[id: 0x91d3d97b, L:/127.0.0.1:61411 - R:localhost/127.0.0.1:64041]' for 'POST' to 'http://localhost:64041/session/345ede9e5b6286ee51b57e3e10978a31/execute/sync'
22:25:43.524 [Forwarding getElementAttribute on session 345ede9e5b6286ee51b57e3e10978a31 to remote] DEBUG org.asynchttpclient.netty.request.NettyRequestSender - Using open Channel [id: 0x91d3d97b, L:/127.0.0.1:61411 - R:localhost/127.0.0.1:64041] for POST '/session/345ede9e5b6286ee51b57e3e10978a31/execute/sync'
22:25:43.534 [AsyncHttpClient-1-2] DEBUG org.asynchttpclient.netty.handler.HttpHandler - 

Request DefaultHttpRequest(decodeResult: success, version: HTTP/1.1)
POST /session/345ede9e5b6286ee51b57e3e10978a31/execute/sync HTTP/1.1
User-Agent: selenium/4.1.2 (java windows)
Content-Length: 47339
Content-Type: application/json; charset=utf-8
host: localhost:64041
accept: */*

Response DefaultHttpResponse(decodeResult: success, version: HTTP/1.1)
HTTP/1.1 200 OK
Content-Type: application/json; charset=utf-8
cache-control: no-cache
content-length: 95

22:25:43.534 [AsyncHttpClient-1-2] DEBUG org.asynchttpclient.netty.channel.ChannelManager - Adding key: http://localhost:64041 for channel [id: 0x91d3d97b, L:/127.0.0.1:61411 - R:localhost/127.0.0.1:64041]
22:25:43.534 [Forwarding getElementAttribute on session 345ede9e5b6286ee51b57e3e10978a31 to remote] DEBUG org.asynchttpclient.netty.request.NettyRequestSender - Using pooled Channel '[id: 0x91d3d97b, L:/127.0.0.1:61411 - R:localhost/127.0.0.1:64041]' for 'POST' to 'http://localhost:64041/session/345ede9e5b6286ee51b57e3e10978a31/execute/sync'
22:25:43.534 [Forwarding getElementAttribute on session 345ede9e5b6286ee51b57e3e10978a31 to remote] DEBUG org.asynchttpclient.netty.request.NettyRequestSender - Using open Channel [id: 0x91d3d97b, L:/127.0.0.1:61411 - R:localhost/127.0.0.1:64041] for POST '/session/345ede9e5b6286ee51b57e3e10978a31/execute/sync'
22:25:43.552 [AsyncHttpClient-1-2] DEBUG org.asynchttpclient.netty.handler.HttpHandler - 

Request DefaultHttpRequest(decodeResult: success, version: HTTP/1.1)
POST /session/345ede9e5b6286ee51b57e3e10978a31/execute/sync HTTP/1.1
User-Agent: selenium/4.1.2 (java windows)
Content-Length: 47339
Content-Type: application/json; charset=utf-8
host: localhost:64041
accept: */*

Response DefaultHttpResponse(decodeResult: success, version: HTTP/1.1)
HTTP/1.1 200 OK
Content-Type: application/json; charset=utf-8
cache-control: no-cache
content-length: 79

22:25:43.552 [AsyncHttpClient-1-2] DEBUG org.asynchttpclient.netty.channel.ChannelManager - Adding key: http://localhost:64041 for channel [id: 0x91d3d97b, L:/127.0.0.1:61411 - R:localhost/127.0.0.1:64041]
22:25:43.552 [Forwarding getElementAttribute on session 345ede9e5b6286ee51b57e3e10978a31 to remote] DEBUG org.asynchttpclient.netty.request.NettyRequestSender - Using pooled Channel '[id: 0x91d3d97b, L:/127.0.0.1:61411 - R:localhost/127.0.0.1:64041]' for 'POST' to 'http://localhost:64041/session/345ede9e5b6286ee51b57e3e10978a31/execute/sync'
22:25:43.552 [Forwarding getElementAttribute on session 345ede9e5b6286ee51b57e3e10978a31 to remote] DEBUG org.asynchttpclient.netty.request.NettyRequestSender - Using open Channel [id: 0x91d3d97b, L:/127.0.0.1:61411 - R:localhost/127.0.0.1:64041] for POST '/session/345ede9e5b6286ee51b57e3e10978a31/execute/sync'
22:25:43.562 [AsyncHttpClient-1-2] DEBUG org.asynchttpclient.netty.handler.HttpHandler - 

Request DefaultHttpRequest(decodeResult: success, version: HTTP/1.1)
POST /session/345ede9e5b6286ee51b57e3e10978a31/execute/sync HTTP/1.1
User-Agent: selenium/4.1.2 (java windows)
Content-Length: 47339
Content-Type: application/json; charset=utf-8
host: localhost:64041
accept: */*

Response DefaultHttpResponse(decodeResult: success, version: HTTP/1.1)
HTTP/1.1 200 OK
Content-Type: application/json; charset=utf-8
cache-control: no-cache
content-length: 65

22:25:43.562 [AsyncHttpClient-1-2] DEBUG org.asynchttpclient.netty.channel.ChannelManager - Adding key: http://localhost:64041 for channel [id: 0x91d3d97b, L:/127.0.0.1:61411 - R:localhost/127.0.0.1:64041]
22:25:43.562 [Forwarding getElementAttribute on session 345ede9e5b6286ee51b57e3e10978a31 to remote] DEBUG org.asynchttpclient.netty.request.NettyRequestSender - Using pooled Channel '[id: 0x91d3d97b, L:/127.0.0.1:61411 - R:localhost/127.0.0.1:64041]' for 'POST' to 'http://localhost:64041/session/345ede9e5b6286ee51b57e3e10978a31/execute/sync'
22:25:43.562 [Forwarding getElementAttribute on session 345ede9e5b6286ee51b57e3e10978a31 to remote] DEBUG org.asynchttpclient.netty.request.NettyRequestSender - Using open Channel [id: 0x91d3d97b, L:/127.0.0.1:61411 - R:localhost/127.0.0.1:64041] for POST '/session/345ede9e5b6286ee51b57e3e10978a31/execute/sync'
22:25:43.572 [AsyncHttpClient-1-2] DEBUG org.asynchttpclient.netty.handler.HttpHandler - 

Request DefaultHttpRequest(decodeResult: success, version: HTTP/1.1)
POST /session/345ede9e5b6286ee51b57e3e10978a31/execute/sync HTTP/1.1
User-Agent: selenium/4.1.2 (java windows)
Content-Length: 47339
Content-Type: application/json; charset=utf-8
host: localhost:64041
accept: */*

Response DefaultHttpResponse(decodeResult: success, version: HTTP/1.1)
HTTP/1.1 200 OK
Content-Type: application/json; charset=utf-8
cache-control: no-cache
content-length: 101

22:25:43.572 [AsyncHttpClient-1-2] DEBUG org.asynchttpclient.netty.channel.ChannelManager - Adding key: http://localhost:64041 for channel [id: 0x91d3d97b, L:/127.0.0.1:61411 - R:localhost/127.0.0.1:64041]
22:25:43.572 [Forwarding getElementAttribute on session 345ede9e5b6286ee51b57e3e10978a31 to remote] DEBUG org.asynchttpclient.netty.request.NettyRequestSender - Using pooled Channel '[id: 0x91d3d97b, L:/127.0.0.1:61411 - R:localhost/127.0.0.1:64041]' for 'POST' to 'http://localhost:64041/session/345ede9e5b6286ee51b57e3e10978a31/execute/sync'
22:25:43.572 [Forwarding getElementAttribute on session 345ede9e5b6286ee51b57e3e10978a31 to remote] DEBUG org.asynchttpclient.netty.request.NettyRequestSender - Using open Channel [id: 0x91d3d97b, L:/127.0.0.1:61411 - R:localhost/127.0.0.1:64041] for POST '/session/345ede9e5b6286ee51b57e3e10978a31/execute/sync'
22:25:43.592 [AsyncHttpClient-1-2] DEBUG org.asynchttpclient.netty.handler.HttpHandler - 

Request DefaultHttpRequest(decodeResult: success, version: HTTP/1.1)
POST /session/345ede9e5b6286ee51b57e3e10978a31/execute/sync HTTP/1.1
User-Agent: selenium/4.1.2 (java windows)
Content-Length: 47339
Content-Type: application/json; charset=utf-8
host: localhost:64041
accept: */*

Response DefaultHttpResponse(decodeResult: success, version: HTTP/1.1)
HTTP/1.1 200 OK
Content-Type: application/json; charset=utf-8
cache-control: no-cache
content-length: 99

22:25:43.592 [AsyncHttpClient-1-2] DEBUG org.asynchttpclient.netty.channel.ChannelManager - Adding key: http://localhost:64041 for channel [id: 0x91d3d97b, L:/127.0.0.1:61411 - R:localhost/127.0.0.1:64041]
22:25:43.592 [Forwarding getElementAttribute on session 345ede9e5b6286ee51b57e3e10978a31 to remote] DEBUG org.asynchttpclient.netty.request.NettyRequestSender - Using pooled Channel '[id: 0x91d3d97b, L:/127.0.0.1:61411 - R:localhost/127.0.0.1:64041]' for 'POST' to 'http://localhost:64041/session/345ede9e5b6286ee51b57e3e10978a31/execute/sync'
22:25:43.592 [Forwarding getElementAttribute on session 345ede9e5b6286ee51b57e3e10978a31 to remote] DEBUG org.asynchttpclient.netty.request.NettyRequestSender - Using open Channel [id: 0x91d3d97b, L:/127.0.0.1:61411 - R:localhost/127.0.0.1:64041] for POST '/session/345ede9e5b6286ee51b57e3e10978a31/execute/sync'
22:25:43.602 [AsyncHttpClient-1-2] DEBUG org.asynchttpclient.netty.handler.HttpHandler - 

Request DefaultHttpRequest(decodeResult: success, version: HTTP/1.1)
POST /session/345ede9e5b6286ee51b57e3e10978a31/execute/sync HTTP/1.1
User-Agent: selenium/4.1.2 (java windows)
Content-Length: 47339
Content-Type: application/json; charset=utf-8
host: localhost:64041
accept: */*

Response DefaultHttpResponse(decodeResult: success, version: HTTP/1.1)
HTTP/1.1 200 OK
Content-Type: application/json; charset=utf-8
cache-control: no-cache
content-length: 45

22:25:43.602 [AsyncHttpClient-1-2] DEBUG org.asynchttpclient.netty.channel.ChannelManager - Adding key: http://localhost:64041 for channel [id: 0x91d3d97b, L:/127.0.0.1:61411 - R:localhost/127.0.0.1:64041]
22:25:43.602 [Forwarding getElementAttribute on session 345ede9e5b6286ee51b57e3e10978a31 to remote] DEBUG org.asynchttpclient.netty.request.NettyRequestSender - Using pooled Channel '[id: 0x91d3d97b, L:/127.0.0.1:61411 - R:localhost/127.0.0.1:64041]' for 'POST' to 'http://localhost:64041/session/345ede9e5b6286ee51b57e3e10978a31/execute/sync'
22:25:43.602 [Forwarding getElementAttribute on session 345ede9e5b6286ee51b57e3e10978a31 to remote] DEBUG org.asynchttpclient.netty.request.NettyRequestSender - Using open Channel [id: 0x91d3d97b, L:/127.0.0.1:61411 - R:localhost/127.0.0.1:64041] for POST '/session/345ede9e5b6286ee51b57e3e10978a31/execute/sync'
22:25:43.612 [AsyncHttpClient-1-2] DEBUG org.asynchttpclient.netty.handler.HttpHandler - 

Request DefaultHttpRequest(decodeResult: success, version: HTTP/1.1)
POST /session/345ede9e5b6286ee51b57e3e10978a31/execute/sync HTTP/1.1
User-Agent: selenium/4.1.2 (java windows)
Content-Length: 47339
Content-Type: application/json; charset=utf-8
host: localhost:64041
accept: */*

Response DefaultHttpResponse(decodeResult: success, version: HTTP/1.1)
HTTP/1.1 200 OK
Content-Type: application/json; charset=utf-8
cache-control: no-cache
content-length: 69

22:25:43.612 [AsyncHttpClient-1-2] DEBUG org.asynchttpclient.netty.channel.ChannelManager - Adding key: http://localhost:64041 for channel [id: 0x91d3d97b, L:/127.0.0.1:61411 - R:localhost/127.0.0.1:64041]
22:25:43.612 [Forwarding getElementAttribute on session 345ede9e5b6286ee51b57e3e10978a31 to remote] DEBUG org.asynchttpclient.netty.request.NettyRequestSender - Using pooled Channel '[id: 0x91d3d97b, L:/127.0.0.1:61411 - R:localhost/127.0.0.1:64041]' for 'POST' to 'http://localhost:64041/session/345ede9e5b6286ee51b57e3e10978a31/execute/sync'
22:25:43.612 [Forwarding getElementAttribute on session 345ede9e5b6286ee51b57e3e10978a31 to remote] DEBUG org.asynchttpclient.netty.request.NettyRequestSender - Using open Channel [id: 0x91d3d97b, L:/127.0.0.1:61411 - R:localhost/127.0.0.1:64041] for POST '/session/345ede9e5b6286ee51b57e3e10978a31/execute/sync'
22:25:43.622 [AsyncHttpClient-1-2] DEBUG org.asynchttpclient.netty.handler.HttpHandler - 

Request DefaultHttpRequest(decodeResult: success, version: HTTP/1.1)
POST /session/345ede9e5b6286ee51b57e3e10978a31/execute/sync HTTP/1.1
User-Agent: selenium/4.1.2 (java windows)
Content-Length: 47339
Content-Type: application/json; charset=utf-8
host: localhost:64041
accept: */*

Response DefaultHttpResponse(decodeResult: success, version: HTTP/1.1)
HTTP/1.1 200 OK
Content-Type: application/json; charset=utf-8
cache-control: no-cache
content-length: 100

22:25:43.622 [AsyncHttpClient-1-2] DEBUG org.asynchttpclient.netty.channel.ChannelManager - Adding key: http://localhost:64041 for channel [id: 0x91d3d97b, L:/127.0.0.1:61411 - R:localhost/127.0.0.1:64041]
22:25:43.632 [Forwarding getElementAttribute on session 345ede9e5b6286ee51b57e3e10978a31 to remote] DEBUG org.asynchttpclient.netty.request.NettyRequestSender - Using pooled Channel '[id: 0x91d3d97b, L:/127.0.0.1:61411 - R:localhost/127.0.0.1:64041]' for 'POST' to 'http://localhost:64041/session/345ede9e5b6286ee51b57e3e10978a31/execute/sync'
22:25:43.632 [Forwarding getElementAttribute on session 345ede9e5b6286ee51b57e3e10978a31 to remote] DEBUG org.asynchttpclient.netty.request.NettyRequestSender - Using open Channel [id: 0x91d3d97b, L:/127.0.0.1:61411 - R:localhost/127.0.0.1:64041] for POST '/session/345ede9e5b6286ee51b57e3e10978a31/execute/sync'
22:25:43.642 [AsyncHttpClient-1-2] DEBUG org.asynchttpclient.netty.handler.HttpHandler - 

Request DefaultHttpRequest(decodeResult: success, version: HTTP/1.1)
POST /session/345ede9e5b6286ee51b57e3e10978a31/execute/sync HTTP/1.1
User-Agent: selenium/4.1.2 (java windows)
Content-Length: 47339
Content-Type: application/json; charset=utf-8
host: localhost:64041
accept: */*

Response DefaultHttpResponse(decodeResult: success, version: HTTP/1.1)
HTTP/1.1 200 OK
Content-Type: application/json; charset=utf-8
cache-control: no-cache
content-length: 116

22:25:43.642 [AsyncHttpClient-1-2] DEBUG org.asynchttpclient.netty.channel.ChannelManager - Adding key: http://localhost:64041 for channel [id: 0x91d3d97b, L:/127.0.0.1:61411 - R:localhost/127.0.0.1:64041]
22:25:43.642 [Forwarding getElementAttribute on session 345ede9e5b6286ee51b57e3e10978a31 to remote] DEBUG org.asynchttpclient.netty.request.NettyRequestSender - Using pooled Channel '[id: 0x91d3d97b, L:/127.0.0.1:61411 - R:localhost/127.0.0.1:64041]' for 'POST' to 'http://localhost:64041/session/345ede9e5b6286ee51b57e3e10978a31/execute/sync'
22:25:43.642 [Forwarding getElementAttribute on session 345ede9e5b6286ee51b57e3e10978a31 to remote] DEBUG org.asynchttpclient.netty.request.NettyRequestSender - Using open Channel [id: 0x91d3d97b, L:/127.0.0.1:61411 - R:localhost/127.0.0.1:64041] for POST '/session/345ede9e5b6286ee51b57e3e10978a31/execute/sync'
22:25:43.652 [AsyncHttpClient-1-2] DEBUG org.asynchttpclient.netty.handler.HttpHandler - 

Request DefaultHttpRequest(decodeResult: success, version: HTTP/1.1)
POST /session/345ede9e5b6286ee51b57e3e10978a31/execute/sync HTTP/1.1
User-Agent: selenium/4.1.2 (java windows)
Content-Length: 47339
Content-Type: application/json; charset=utf-8
host: localhost:64041
accept: */*

Response DefaultHttpResponse(decodeResult: success, version: HTTP/1.1)
HTTP/1.1 200 OK
Content-Type: application/json; charset=utf-8
cache-control: no-cache
content-length: 85

22:25:43.652 [AsyncHttpClient-1-2] DEBUG org.asynchttpclient.netty.channel.ChannelManager - Adding key: http://localhost:64041 for channel [id: 0x91d3d97b, L:/127.0.0.1:61411 - R:localhost/127.0.0.1:64041]
22:25:43.962 [Forwarding findElements on session 345ede9e5b6286ee51b57e3e10978a31 to remote] DEBUG org.asynchttpclient.netty.request.NettyRequestSender - Using pooled Channel '[id: 0x91d3d97b, L:/127.0.0.1:61411 - R:localhost/127.0.0.1:64041]' for 'POST' to 'http://localhost:64041/session/345ede9e5b6286ee51b57e3e10978a31/elements'
22:25:43.962 [Forwarding findElements on session 345ede9e5b6286ee51b57e3e10978a31 to remote] DEBUG org.asynchttpclient.netty.request.NettyRequestSender - Using open Channel [id: 0x91d3d97b, L:/127.0.0.1:61411 - R:localhost/127.0.0.1:64041] for POST '/session/345ede9e5b6286ee51b57e3e10978a31/elements'
22:25:43.975 [AsyncHttpClient-1-2] DEBUG org.asynchttpclient.netty.handler.HttpHandler - 

Request DefaultHttpRequest(decodeResult: success, version: HTTP/1.1)
POST /session/345ede9e5b6286ee51b57e3e10978a31/elements HTTP/1.1
User-Agent: selenium/4.1.2 (java windows)
Content-Length: 84
Content-Type: application/json; charset=utf-8
host: localhost:64041
accept: */*

Response DefaultHttpResponse(decodeResult: success, version: HTTP/1.1)
HTTP/1.1 200 OK
Content-Type: application/json; charset=utf-8
cache-control: no-cache
content-length: 6489

22:25:43.976 [AsyncHttpClient-1-2] DEBUG org.asynchttpclient.netty.channel.ChannelManager - Adding key: http://localhost:64041 for channel [id: 0x91d3d97b, L:/127.0.0.1:61411 - R:localhost/127.0.0.1:64041]
22:25:43.980 [Forwarding findElement on session 345ede9e5b6286ee51b57e3e10978a31 to remote] DEBUG org.asynchttpclient.netty.request.NettyRequestSender - Using pooled Channel '[id: 0x91d3d97b, L:/127.0.0.1:61411 - R:localhost/127.0.0.1:64041]' for 'POST' to 'http://localhost:64041/session/345ede9e5b6286ee51b57e3e10978a31/element'
22:25:43.980 [Forwarding findElement on session 345ede9e5b6286ee51b57e3e10978a31 to remote] DEBUG org.asynchttpclient.netty.request.NettyRequestSender - Using open Channel [id: 0x91d3d97b, L:/127.0.0.1:61411 - R:localhost/127.0.0.1:64041] for POST '/session/345ede9e5b6286ee51b57e3e10978a31/element'
22:25:43.981 [AsyncHttpClient-1-1] DEBUG org.asynchttpclient.netty.channel.DefaultChannelPool - Entry count for : http://localhost:61412 : 1
22:25:43.981 [AsyncHttpClient-1-2] DEBUG org.asynchttpclient.netty.handler.HttpHandler - 

Request DefaultHttpRequest(decodeResult: success, version: HTTP/1.1)
POST /session/345ede9e5b6286ee51b57e3e10978a31/element HTTP/1.1
User-Agent: selenium/4.1.2 (java windows)
Content-Length: 74
Content-Type: application/json; charset=utf-8
host: localhost:64041
accept: */*

Response DefaultHttpResponse(decodeResult: success, version: HTTP/1.1)
HTTP/1.1 200 OK
Content-Type: application/json; charset=utf-8
cache-control: no-cache
content-length: 88

22:25:43.981 [AsyncHttpClient-1-2] DEBUG org.asynchttpclient.netty.channel.ChannelManager - Adding key: http://localhost:64041 for channel [id: 0x91d3d97b, L:/127.0.0.1:61411 - R:localhost/127.0.0.1:64041]
22:25:43.991 [Forwarding getElementAttribute on session 345ede9e5b6286ee51b57e3e10978a31 to remote] DEBUG org.asynchttpclient.netty.request.NettyRequestSender - Using pooled Channel '[id: 0x91d3d97b, L:/127.0.0.1:61411 - R:localhost/127.0.0.1:64041]' for 'POST' to 'http://localhost:64041/session/345ede9e5b6286ee51b57e3e10978a31/execute/sync'
22:25:43.991 [Forwarding getElementAttribute on session 345ede9e5b6286ee51b57e3e10978a31 to remote] DEBUG org.asynchttpclient.netty.request.NettyRequestSender - Using open Channel [id: 0x91d3d97b, L:/127.0.0.1:61411 - R:localhost/127.0.0.1:64041] for POST '/session/345ede9e5b6286ee51b57e3e10978a31/execute/sync'
22:25:44.001 [AsyncHttpClient-1-2] DEBUG org.asynchttpclient.netty.handler.HttpHandler - 

Request DefaultHttpRequest(decodeResult: success, version: HTTP/1.1)
POST /session/345ede9e5b6286ee51b57e3e10978a31/execute/sync HTTP/1.1
User-Agent: selenium/4.1.2 (java windows)
Content-Length: 47339
Content-Type: application/json; charset=utf-8
host: localhost:64041
accept: */*

Response DefaultHttpResponse(decodeResult: success, version: HTTP/1.1)
HTTP/1.1 200 OK
Content-Type: application/json; charset=utf-8
cache-control: no-cache
content-length: 92

22:25:44.001 [AsyncHttpClient-1-2] DEBUG org.asynchttpclient.netty.channel.ChannelManager - Adding key: http://localhost:64041 for channel [id: 0x91d3d97b, L:/127.0.0.1:61411 - R:localhost/127.0.0.1:64041]
22:25:44.001 [Forwarding getElementAttribute on session 345ede9e5b6286ee51b57e3e10978a31 to remote] DEBUG org.asynchttpclient.netty.request.NettyRequestSender - Using pooled Channel '[id: 0x91d3d97b, L:/127.0.0.1:61411 - R:localhost/127.0.0.1:64041]' for 'POST' to 'http://localhost:64041/session/345ede9e5b6286ee51b57e3e10978a31/execute/sync'
22:25:44.001 [Forwarding getElementAttribute on session 345ede9e5b6286ee51b57e3e10978a31 to remote] DEBUG org.asynchttpclient.netty.request.NettyRequestSender - Using open Channel [id: 0x91d3d97b, L:/127.0.0.1:61411 - R:localhost/127.0.0.1:64041] for POST '/session/345ede9e5b6286ee51b57e3e10978a31/execute/sync'
22:25:44.011 [AsyncHttpClient-1-2] DEBUG org.asynchttpclient.netty.handler.HttpHandler - 

Request DefaultHttpRequest(decodeResult: success, version: HTTP/1.1)
POST /session/345ede9e5b6286ee51b57e3e10978a31/execute/sync HTTP/1.1
User-Agent: selenium/4.1.2 (java windows)
Content-Length: 47339
Content-Type: application/json; charset=utf-8
host: localhost:64041
accept: */*

Response DefaultHttpResponse(decodeResult: success, version: HTTP/1.1)
HTTP/1.1 200 OK
Content-Type: application/json; charset=utf-8
cache-control: no-cache
content-length: 83

22:25:44.011 [AsyncHttpClient-1-2] DEBUG org.asynchttpclient.netty.channel.ChannelManager - Adding key: http://localhost:64041 for channel [id: 0x91d3d97b, L:/127.0.0.1:61411 - R:localhost/127.0.0.1:64041]
22:25:44.021 [Forwarding getElementAttribute on session 345ede9e5b6286ee51b57e3e10978a31 to remote] DEBUG org.asynchttpclient.netty.request.NettyRequestSender - Using pooled Channel '[id: 0x91d3d97b, L:/127.0.0.1:61411 - R:localhost/127.0.0.1:64041]' for 'POST' to 'http://localhost:64041/session/345ede9e5b6286ee51b57e3e10978a31/execute/sync'
22:25:44.021 [Forwarding getElementAttribute on session 345ede9e5b6286ee51b57e3e10978a31 to remote] DEBUG org.asynchttpclient.netty.request.NettyRequestSender - Using open Channel [id: 0x91d3d97b, L:/127.0.0.1:61411 - R:localhost/127.0.0.1:64041] for POST '/session/345ede9e5b6286ee51b57e3e10978a31/execute/sync'
22:25:44.031 [AsyncHttpClient-1-2] DEBUG org.asynchttpclient.netty.handler.HttpHandler - 

Request DefaultHttpRequest(decodeResult: success, version: HTTP/1.1)
POST /session/345ede9e5b6286ee51b57e3e10978a31/execute/sync HTTP/1.1
User-Agent: selenium/4.1.2 (java windows)
Content-Length: 47339
Content-Type: application/json; charset=utf-8
host: localhost:64041
accept: */*

Response DefaultHttpResponse(decodeResult: success, version: HTTP/1.1)
HTTP/1.1 200 OK
Content-Type: application/json; charset=utf-8
cache-control: no-cache
content-length: 80

22:25:44.031 [AsyncHttpClient-1-2] DEBUG org.asynchttpclient.netty.channel.ChannelManager - Adding key: http://localhost:64041 for channel [id: 0x91d3d97b, L:/127.0.0.1:61411 - R:localhost/127.0.0.1:64041]
22:25:44.031 [Forwarding getElementAttribute on session 345ede9e5b6286ee51b57e3e10978a31 to remote] DEBUG org.asynchttpclient.netty.request.NettyRequestSender - Using pooled Channel '[id: 0x91d3d97b, L:/127.0.0.1:61411 - R:localhost/127.0.0.1:64041]' for 'POST' to 'http://localhost:64041/session/345ede9e5b6286ee51b57e3e10978a31/execute/sync'
22:25:44.031 [Forwarding getElementAttribute on session 345ede9e5b6286ee51b57e3e10978a31 to remote] DEBUG org.asynchttpclient.netty.request.NettyRequestSender - Using open Channel [id: 0x91d3d97b, L:/127.0.0.1:61411 - R:localhost/127.0.0.1:64041] for POST '/session/345ede9e5b6286ee51b57e3e10978a31/execute/sync'
22:25:44.041 [AsyncHttpClient-1-2] DEBUG org.asynchttpclient.netty.handler.HttpHandler - 

Request DefaultHttpRequest(decodeResult: success, version: HTTP/1.1)
POST /session/345ede9e5b6286ee51b57e3e10978a31/execute/sync HTTP/1.1
User-Agent: selenium/4.1.2 (java windows)
Content-Length: 47339
Content-Type: application/json; charset=utf-8
host: localhost:64041
accept: */*

Response DefaultHttpResponse(decodeResult: success, version: HTTP/1.1)
HTTP/1.1 200 OK
Content-Type: application/json; charset=utf-8
cache-control: no-cache
content-length: 105

22:25:44.041 [AsyncHttpClient-1-2] DEBUG org.asynchttpclient.netty.channel.ChannelManager - Adding key: http://localhost:64041 for channel [id: 0x91d3d97b, L:/127.0.0.1:61411 - R:localhost/127.0.0.1:64041]
22:25:44.051 [Forwarding getElementAttribute on session 345ede9e5b6286ee51b57e3e10978a31 to remote] DEBUG org.asynchttpclient.netty.request.NettyRequestSender - Using pooled Channel '[id: 0x91d3d97b, L:/127.0.0.1:61411 - R:localhost/127.0.0.1:64041]' for 'POST' to 'http://localhost:64041/session/345ede9e5b6286ee51b57e3e10978a31/execute/sync'
22:25:44.051 [Forwarding getElementAttribute on session 345ede9e5b6286ee51b57e3e10978a31 to remote] DEBUG org.asynchttpclient.netty.request.NettyRequestSender - Using open Channel [id: 0x91d3d97b, L:/127.0.0.1:61411 - R:localhost/127.0.0.1:64041] for POST '/session/345ede9e5b6286ee51b57e3e10978a31/execute/sync'
22:25:44.061 [AsyncHttpClient-1-2] DEBUG org.asynchttpclient.netty.handler.HttpHandler - 

Request DefaultHttpRequest(decodeResult: success, version: HTTP/1.1)
POST /session/345ede9e5b6286ee51b57e3e10978a31/execute/sync HTTP/1.1
User-Agent: selenium/4.1.2 (java windows)
Content-Length: 47339
Content-Type: application/json; charset=utf-8
host: localhost:64041
accept: */*

Response DefaultHttpResponse(decodeResult: success, version: HTTP/1.1)
HTTP/1.1 200 OK
Content-Type: application/json; charset=utf-8
cache-control: no-cache
content-length: 102

22:25:44.061 [AsyncHttpClient-1-2] DEBUG org.asynchttpclient.netty.channel.ChannelManager - Adding key: http://localhost:64041 for channel [id: 0x91d3d97b, L:/127.0.0.1:61411 - R:localhost/127.0.0.1:64041]
22:25:44.062 [Forwarding getElementAttribute on session 345ede9e5b6286ee51b57e3e10978a31 to remote] DEBUG org.asynchttpclient.netty.request.NettyRequestSender - Using pooled Channel '[id: 0x91d3d97b, L:/127.0.0.1:61411 - R:localhost/127.0.0.1:64041]' for 'POST' to 'http://localhost:64041/session/345ede9e5b6286ee51b57e3e10978a31/execute/sync'
22:25:44.062 [Forwarding getElementAttribute on session 345ede9e5b6286ee51b57e3e10978a31 to remote] DEBUG org.asynchttpclient.netty.request.NettyRequestSender - Using open Channel [id: 0x91d3d97b, L:/127.0.0.1:61411 - R:localhost/127.0.0.1:64041] for POST '/session/345ede9e5b6286ee51b57e3e10978a31/execute/sync'
22:25:44.075 [AsyncHttpClient-1-2] DEBUG org.asynchttpclient.netty.handler.HttpHandler - 

Request DefaultHttpRequest(decodeResult: success, version: HTTP/1.1)
POST /session/345ede9e5b6286ee51b57e3e10978a31/execute/sync HTTP/1.1
User-Agent: selenium/4.1.2 (java windows)
Content-Length: 47339
Content-Type: application/json; charset=utf-8
host: localhost:64041
accept: */*

Response DefaultHttpResponse(decodeResult: success, version: HTTP/1.1)
HTTP/1.1 200 OK
Content-Type: application/json; charset=utf-8
cache-control: no-cache
content-length: 82

22:25:44.075 [AsyncHttpClient-1-2] DEBUG org.asynchttpclient.netty.channel.ChannelManager - Adding key: http://localhost:64041 for channel [id: 0x91d3d97b, L:/127.0.0.1:61411 - R:localhost/127.0.0.1:64041]
22:25:44.079 [Forwarding getElementAttribute on session 345ede9e5b6286ee51b57e3e10978a31 to remote] DEBUG org.asynchttpclient.netty.request.NettyRequestSender - Using pooled Channel '[id: 0x91d3d97b, L:/127.0.0.1:61411 - R:localhost/127.0.0.1:64041]' for 'POST' to 'http://localhost:64041/session/345ede9e5b6286ee51b57e3e10978a31/execute/sync'
22:25:44.079 [Forwarding getElementAttribute on session 345ede9e5b6286ee51b57e3e10978a31 to remote] DEBUG org.asynchttpclient.netty.request.NettyRequestSender - Using open Channel [id: 0x91d3d97b, L:/127.0.0.1:61411 - R:localhost/127.0.0.1:64041] for POST '/session/345ede9e5b6286ee51b57e3e10978a31/execute/sync'
22:25:44.080 [AsyncHttpClient-1-2] DEBUG org.asynchttpclient.netty.handler.HttpHandler - 

Request DefaultHttpRequest(decodeResult: success, version: HTTP/1.1)
POST /session/345ede9e5b6286ee51b57e3e10978a31/execute/sync HTTP/1.1
User-Agent: selenium/4.1.2 (java windows)
Content-Length: 47339
Content-Type: application/json; charset=utf-8
host: localhost:64041
accept: */*

Response DefaultHttpResponse(decodeResult: success, version: HTTP/1.1)
HTTP/1.1 200 OK
Content-Type: application/json; charset=utf-8
cache-control: no-cache
content-length: 99

22:25:44.080 [AsyncHttpClient-1-2] DEBUG org.asynchttpclient.netty.channel.ChannelManager - Adding key: http://localhost:64041 for channel [id: 0x91d3d97b, L:/127.0.0.1:61411 - R:localhost/127.0.0.1:64041]
22:25:44.090 [Forwarding getElementAttribute on session 345ede9e5b6286ee51b57e3e10978a31 to remote] DEBUG org.asynchttpclient.netty.request.NettyRequestSender - Using pooled Channel '[id: 0x91d3d97b, L:/127.0.0.1:61411 - R:localhost/127.0.0.1:64041]' for 'POST' to 'http://localhost:64041/session/345ede9e5b6286ee51b57e3e10978a31/execute/sync'
22:25:44.090 [Forwarding getElementAttribute on session 345ede9e5b6286ee51b57e3e10978a31 to remote] DEBUG org.asynchttpclient.netty.request.NettyRequestSender - Using open Channel [id: 0x91d3d97b, L:/127.0.0.1:61411 - R:localhost/127.0.0.1:64041] for POST '/session/345ede9e5b6286ee51b57e3e10978a31/execute/sync'
22:25:44.100 [AsyncHttpClient-1-2] DEBUG org.asynchttpclient.netty.handler.HttpHandler - 

Request DefaultHttpRequest(decodeResult: success, version: HTTP/1.1)
POST /session/345ede9e5b6286ee51b57e3e10978a31/execute/sync HTTP/1.1
User-Agent: selenium/4.1.2 (java windows)
Content-Length: 47339
Content-Type: application/json; charset=utf-8
host: localhost:64041
accept: */*

Response DefaultHttpResponse(decodeResult: success, version: HTTP/1.1)
HTTP/1.1 200 OK
Content-Type: application/json; charset=utf-8
cache-control: no-cache
content-length: 65

22:25:44.100 [AsyncHttpClient-1-2] DEBUG org.asynchttpclient.netty.channel.ChannelManager - Adding key: http://localhost:64041 for channel [id: 0x91d3d97b, L:/127.0.0.1:61411 - R:localhost/127.0.0.1:64041]
22:25:44.100 [Forwarding getElementAttribute on session 345ede9e5b6286ee51b57e3e10978a31 to remote] DEBUG org.asynchttpclient.netty.request.NettyRequestSender - Using pooled Channel '[id: 0x91d3d97b, L:/127.0.0.1:61411 - R:localhost/127.0.0.1:64041]' for 'POST' to 'http://localhost:64041/session/345ede9e5b6286ee51b57e3e10978a31/execute/sync'
22:25:44.100 [Forwarding getElementAttribute on session 345ede9e5b6286ee51b57e3e10978a31 to remote] DEBUG org.asynchttpclient.netty.request.NettyRequestSender - Using open Channel [id: 0x91d3d97b, L:/127.0.0.1:61411 - R:localhost/127.0.0.1:64041] for POST '/session/345ede9e5b6286ee51b57e3e10978a31/execute/sync'
22:25:44.110 [AsyncHttpClient-1-2] DEBUG org.asynchttpclient.netty.handler.HttpHandler - 

Request DefaultHttpRequest(decodeResult: success, version: HTTP/1.1)
POST /session/345ede9e5b6286ee51b57e3e10978a31/execute/sync HTTP/1.1
User-Agent: selenium/4.1.2 (java windows)
Content-Length: 47339
Content-Type: application/json; charset=utf-8
host: localhost:64041
accept: */*

Response DefaultHttpResponse(decodeResult: success, version: HTTP/1.1)
HTTP/1.1 200 OK
Content-Type: application/json; charset=utf-8
cache-control: no-cache
content-length: 103

22:25:44.110 [AsyncHttpClient-1-2] DEBUG org.asynchttpclient.netty.channel.ChannelManager - Adding key: http://localhost:64041 for channel [id: 0x91d3d97b, L:/127.0.0.1:61411 - R:localhost/127.0.0.1:64041]
22:25:44.120 [Forwarding getElementAttribute on session 345ede9e5b6286ee51b57e3e10978a31 to remote] DEBUG org.asynchttpclient.netty.request.NettyRequestSender - Using pooled Channel '[id: 0x91d3d97b, L:/127.0.0.1:61411 - R:localhost/127.0.0.1:64041]' for 'POST' to 'http://localhost:64041/session/345ede9e5b6286ee51b57e3e10978a31/execute/sync'
22:25:44.120 [Forwarding getElementAttribute on session 345ede9e5b6286ee51b57e3e10978a31 to remote] DEBUG org.asynchttpclient.netty.request.NettyRequestSender - Using open Channel [id: 0x91d3d97b, L:/127.0.0.1:61411 - R:localhost/127.0.0.1:64041] for POST '/session/345ede9e5b6286ee51b57e3e10978a31/execute/sync'
22:25:44.130 [AsyncHttpClient-1-2] DEBUG org.asynchttpclient.netty.handler.HttpHandler - 

Request DefaultHttpRequest(decodeResult: success, version: HTTP/1.1)
POST /session/345ede9e5b6286ee51b57e3e10978a31/execute/sync HTTP/1.1
User-Agent: selenium/4.1.2 (java windows)
Content-Length: 47339
Content-Type: application/json; charset=utf-8
host: localhost:64041
accept: */*

Response DefaultHttpResponse(decodeResult: success, version: HTTP/1.1)
HTTP/1.1 200 OK
Content-Type: application/json; charset=utf-8
cache-control: no-cache
content-length: 68

22:25:44.130 [AsyncHttpClient-1-2] DEBUG org.asynchttpclient.netty.channel.ChannelManager - Adding key: http://localhost:64041 for channel [id: 0x91d3d97b, L:/127.0.0.1:61411 - R:localhost/127.0.0.1:64041]
22:25:44.130 [Forwarding getElementAttribute on session 345ede9e5b6286ee51b57e3e10978a31 to remote] DEBUG org.asynchttpclient.netty.request.NettyRequestSender - Using pooled Channel '[id: 0x91d3d97b, L:/127.0.0.1:61411 - R:localhost/127.0.0.1:64041]' for 'POST' to 'http://localhost:64041/session/345ede9e5b6286ee51b57e3e10978a31/execute/sync'
22:25:44.130 [Forwarding getElementAttribute on session 345ede9e5b6286ee51b57e3e10978a31 to remote] DEBUG org.asynchttpclient.netty.request.NettyRequestSender - Using open Channel [id: 0x91d3d97b, L:/127.0.0.1:61411 - R:localhost/127.0.0.1:64041] for POST '/session/345ede9e5b6286ee51b57e3e10978a31/execute/sync'
22:25:44.157 [AsyncHttpClient-1-2] DEBUG org.asynchttpclient.netty.handler.HttpHandler - 

Request DefaultHttpRequest(decodeResult: success, version: HTTP/1.1)
POST /session/345ede9e5b6286ee51b57e3e10978a31/execute/sync HTTP/1.1
User-Agent: selenium/4.1.2 (java windows)
Content-Length: 47339
Content-Type: application/json; charset=utf-8
host: localhost:64041
accept: */*

Response DefaultHttpResponse(decodeResult: success, version: HTTP/1.1)
HTTP/1.1 200 OK
Content-Type: application/json; charset=utf-8
cache-control: no-cache
content-length: 62

22:25:44.158 [AsyncHttpClient-1-2] DEBUG org.asynchttpclient.netty.channel.ChannelManager - Adding key: http://localhost:64041 for channel [id: 0x91d3d97b, L:/127.0.0.1:61411 - R:localhost/127.0.0.1:64041]
22:25:44.161 [Forwarding getElementAttribute on session 345ede9e5b6286ee51b57e3e10978a31 to remote] DEBUG org.asynchttpclient.netty.request.NettyRequestSender - Using pooled Channel '[id: 0x91d3d97b, L:/127.0.0.1:61411 - R:localhost/127.0.0.1:64041]' for 'POST' to 'http://localhost:64041/session/345ede9e5b6286ee51b57e3e10978a31/execute/sync'
22:25:44.161 [Forwarding getElementAttribute on session 345ede9e5b6286ee51b57e3e10978a31 to remote] DEBUG org.asynchttpclient.netty.request.NettyRequestSender - Using open Channel [id: 0x91d3d97b, L:/127.0.0.1:61411 - R:localhost/127.0.0.1:64041] for POST '/session/345ede9e5b6286ee51b57e3e10978a31/execute/sync'
22:25:44.169 [AsyncHttpClient-1-2] DEBUG org.asynchttpclient.netty.handler.HttpHandler - 

Request DefaultHttpRequest(decodeResult: success, version: HTTP/1.1)
POST /session/345ede9e5b6286ee51b57e3e10978a31/execute/sync HTTP/1.1
User-Agent: selenium/4.1.2 (java windows)
Content-Length: 47339
Content-Type: application/json; charset=utf-8
host: localhost:64041
accept: */*

Response DefaultHttpResponse(decodeResult: success, version: HTTP/1.1)
HTTP/1.1 200 OK
Content-Type: application/json; charset=utf-8
cache-control: no-cache
content-length: 107

22:25:44.170 [AsyncHttpClient-1-2] DEBUG org.asynchttpclient.netty.channel.ChannelManager - Adding key: http://localhost:64041 for channel [id: 0x91d3d97b, L:/127.0.0.1:61411 - R:localhost/127.0.0.1:64041]
22:25:44.173 [Forwarding getElementAttribute on session 345ede9e5b6286ee51b57e3e10978a31 to remote] DEBUG org.asynchttpclient.netty.request.NettyRequestSender - Using pooled Channel '[id: 0x91d3d97b, L:/127.0.0.1:61411 - R:localhost/127.0.0.1:64041]' for 'POST' to 'http://localhost:64041/session/345ede9e5b6286ee51b57e3e10978a31/execute/sync'
22:25:44.174 [Forwarding getElementAttribute on session 345ede9e5b6286ee51b57e3e10978a31 to remote] DEBUG org.asynchttpclient.netty.request.NettyRequestSender - Using open Channel [id: 0x91d3d97b, L:/127.0.0.1:61411 - R:localhost/127.0.0.1:64041] for POST '/session/345ede9e5b6286ee51b57e3e10978a31/execute/sync'
22:25:44.183 [AsyncHttpClient-1-2] DEBUG org.asynchttpclient.netty.handler.HttpHandler - 

Request DefaultHttpRequest(decodeResult: success, version: HTTP/1.1)
POST /session/345ede9e5b6286ee51b57e3e10978a31/execute/sync HTTP/1.1
User-Agent: selenium/4.1.2 (java windows)
Content-Length: 47339
Content-Type: application/json; charset=utf-8
host: localhost:64041
accept: */*

Response DefaultHttpResponse(decodeResult: success, version: HTTP/1.1)
HTTP/1.1 200 OK
Content-Type: application/json; charset=utf-8
cache-control: no-cache
content-length: 104

22:25:44.183 [AsyncHttpClient-1-2] DEBUG org.asynchttpclient.netty.channel.ChannelManager - Adding key: http://localhost:64041 for channel [id: 0x91d3d97b, L:/127.0.0.1:61411 - R:localhost/127.0.0.1:64041]
22:25:44.188 [Forwarding getElementAttribute on session 345ede9e5b6286ee51b57e3e10978a31 to remote] DEBUG org.asynchttpclient.netty.request.NettyRequestSender - Using pooled Channel '[id: 0x91d3d97b, L:/127.0.0.1:61411 - R:localhost/127.0.0.1:64041]' for 'POST' to 'http://localhost:64041/session/345ede9e5b6286ee51b57e3e10978a31/execute/sync'
22:25:44.188 [Forwarding getElementAttribute on session 345ede9e5b6286ee51b57e3e10978a31 to remote] DEBUG org.asynchttpclient.netty.request.NettyRequestSender - Using open Channel [id: 0x91d3d97b, L:/127.0.0.1:61411 - R:localhost/127.0.0.1:64041] for POST '/session/345ede9e5b6286ee51b57e3e10978a31/execute/sync'
22:25:44.198 [AsyncHttpClient-1-2] DEBUG org.asynchttpclient.netty.handler.HttpHandler - 

Request DefaultHttpRequest(decodeResult: success, version: HTTP/1.1)
POST /session/345ede9e5b6286ee51b57e3e10978a31/execute/sync HTTP/1.1
User-Agent: selenium/4.1.2 (java windows)
Content-Length: 47339
Content-Type: application/json; charset=utf-8
host: localhost:64041
accept: */*

Response DefaultHttpResponse(decodeResult: success, version: HTTP/1.1)
HTTP/1.1 200 OK
Content-Type: application/json; charset=utf-8
cache-control: no-cache
content-length: 121

22:25:44.199 [AsyncHttpClient-1-2] DEBUG org.asynchttpclient.netty.channel.ChannelManager - Adding key: http://localhost:64041 for channel [id: 0x91d3d97b, L:/127.0.0.1:61411 - R:localhost/127.0.0.1:64041]
22:25:44.202 [Forwarding getElementAttribute on session 345ede9e5b6286ee51b57e3e10978a31 to remote] DEBUG org.asynchttpclient.netty.request.NettyRequestSender - Using pooled Channel '[id: 0x91d3d97b, L:/127.0.0.1:61411 - R:localhost/127.0.0.1:64041]' for 'POST' to 'http://localhost:64041/session/345ede9e5b6286ee51b57e3e10978a31/execute/sync'
22:25:44.203 [Forwarding getElementAttribute on session 345ede9e5b6286ee51b57e3e10978a31 to remote] DEBUG org.asynchttpclient.netty.request.NettyRequestSender - Using open Channel [id: 0x91d3d97b, L:/127.0.0.1:61411 - R:localhost/127.0.0.1:64041] for POST '/session/345ede9e5b6286ee51b57e3e10978a31/execute/sync'
22:25:44.215 [AsyncHttpClient-1-2] DEBUG org.asynchttpclient.netty.handler.HttpHandler - 

Request DefaultHttpRequest(decodeResult: success, version: HTTP/1.1)
POST /session/345ede9e5b6286ee51b57e3e10978a31/execute/sync HTTP/1.1
User-Agent: selenium/4.1.2 (java windows)
Content-Length: 47339
Content-Type: application/json; charset=utf-8
host: localhost:64041
accept: */*

Response DefaultHttpResponse(decodeResult: success, version: HTTP/1.1)
HTTP/1.1 200 OK
Content-Type: application/json; charset=utf-8
cache-control: no-cache
content-length: 64

22:25:44.215 [AsyncHttpClient-1-2] DEBUG org.asynchttpclient.netty.channel.ChannelManager - Adding key: http://localhost:64041 for channel [id: 0x91d3d97b, L:/127.0.0.1:61411 - R:localhost/127.0.0.1:64041]
22:25:44.218 [Forwarding getElementAttribute on session 345ede9e5b6286ee51b57e3e10978a31 to remote] DEBUG org.asynchttpclient.netty.request.NettyRequestSender - Using pooled Channel '[id: 0x91d3d97b, L:/127.0.0.1:61411 - R:localhost/127.0.0.1:64041]' for 'POST' to 'http://localhost:64041/session/345ede9e5b6286ee51b57e3e10978a31/execute/sync'
22:25:44.218 [Forwarding getElementAttribute on session 345ede9e5b6286ee51b57e3e10978a31 to remote] DEBUG org.asynchttpclient.netty.request.NettyRequestSender - Using open Channel [id: 0x91d3d97b, L:/127.0.0.1:61411 - R:localhost/127.0.0.1:64041] for POST '/session/345ede9e5b6286ee51b57e3e10978a31/execute/sync'
22:25:44.230 [AsyncHttpClient-1-2] DEBUG org.asynchttpclient.netty.handler.HttpHandler - 

Request DefaultHttpRequest(decodeResult: success, version: HTTP/1.1)
POST /session/345ede9e5b6286ee51b57e3e10978a31/execute/sync HTTP/1.1
User-Agent: selenium/4.1.2 (java windows)
Content-Length: 47339
Content-Type: application/json; charset=utf-8
host: localhost:64041
accept: */*

Response DefaultHttpResponse(decodeResult: success, version: HTTP/1.1)
HTTP/1.1 200 OK
Content-Type: application/json; charset=utf-8
cache-control: no-cache
content-length: 87

22:25:44.230 [AsyncHttpClient-1-2] DEBUG org.asynchttpclient.netty.channel.ChannelManager - Adding key: http://localhost:64041 for channel [id: 0x91d3d97b, L:/127.0.0.1:61411 - R:localhost/127.0.0.1:64041]
22:25:44.234 [Forwarding getElementAttribute on session 345ede9e5b6286ee51b57e3e10978a31 to remote] DEBUG org.asynchttpclient.netty.request.NettyRequestSender - Using pooled Channel '[id: 0x91d3d97b, L:/127.0.0.1:61411 - R:localhost/127.0.0.1:64041]' for 'POST' to 'http://localhost:64041/session/345ede9e5b6286ee51b57e3e10978a31/execute/sync'
22:25:44.235 [Forwarding getElementAttribute on session 345ede9e5b6286ee51b57e3e10978a31 to remote] DEBUG org.asynchttpclient.netty.request.NettyRequestSender - Using open Channel [id: 0x91d3d97b, L:/127.0.0.1:61411 - R:localhost/127.0.0.1:64041] for POST '/session/345ede9e5b6286ee51b57e3e10978a31/execute/sync'
22:25:44.247 [AsyncHttpClient-1-2] DEBUG org.asynchttpclient.netty.handler.HttpHandler - 

Request DefaultHttpRequest(decodeResult: success, version: HTTP/1.1)
POST /session/345ede9e5b6286ee51b57e3e10978a31/execute/sync HTTP/1.1
User-Agent: selenium/4.1.2 (java windows)
Content-Length: 47339
Content-Type: application/json; charset=utf-8
host: localhost:64041
accept: */*

Response DefaultHttpResponse(decodeResult: success, version: HTTP/1.1)
HTTP/1.1 200 OK
Content-Type: application/json; charset=utf-8
cache-control: no-cache
content-length: 61

22:25:44.247 [AsyncHttpClient-1-2] DEBUG org.asynchttpclient.netty.channel.ChannelManager - Adding key: http://localhost:64041 for channel [id: 0x91d3d97b, L:/127.0.0.1:61411 - R:localhost/127.0.0.1:64041]
22:25:44.252 [Forwarding getElementAttribute on session 345ede9e5b6286ee51b57e3e10978a31 to remote] DEBUG org.asynchttpclient.netty.request.NettyRequestSender - Using pooled Channel '[id: 0x91d3d97b, L:/127.0.0.1:61411 - R:localhost/127.0.0.1:64041]' for 'POST' to 'http://localhost:64041/session/345ede9e5b6286ee51b57e3e10978a31/execute/sync'
22:25:44.252 [Forwarding getElementAttribute on session 345ede9e5b6286ee51b57e3e10978a31 to remote] DEBUG org.asynchttpclient.netty.request.NettyRequestSender - Using open Channel [id: 0x91d3d97b, L:/127.0.0.1:61411 - R:localhost/127.0.0.1:64041] for POST '/session/345ede9e5b6286ee51b57e3e10978a31/execute/sync'
22:25:44.263 [AsyncHttpClient-1-2] DEBUG org.asynchttpclient.netty.handler.HttpHandler - 

Request DefaultHttpRequest(decodeResult: success, version: HTTP/1.1)
POST /session/345ede9e5b6286ee51b57e3e10978a31/execute/sync HTTP/1.1
User-Agent: selenium/4.1.2 (java windows)
Content-Length: 47339
Content-Type: application/json; charset=utf-8
host: localhost:64041
accept: */*

Response DefaultHttpResponse(decodeResult: success, version: HTTP/1.1)
HTTP/1.1 200 OK
Content-Type: application/json; charset=utf-8
cache-control: no-cache
content-length: 112

22:25:44.264 [AsyncHttpClient-1-2] DEBUG org.asynchttpclient.netty.channel.ChannelManager - Adding key: http://localhost:64041 for channel [id: 0x91d3d97b, L:/127.0.0.1:61411 - R:localhost/127.0.0.1:64041]
22:25:44.268 [Forwarding getElementAttribute on session 345ede9e5b6286ee51b57e3e10978a31 to remote] DEBUG org.asynchttpclient.netty.request.NettyRequestSender - Using pooled Channel '[id: 0x91d3d97b, L:/127.0.0.1:61411 - R:localhost/127.0.0.1:64041]' for 'POST' to 'http://localhost:64041/session/345ede9e5b6286ee51b57e3e10978a31/execute/sync'
22:25:44.268 [Forwarding getElementAttribute on session 345ede9e5b6286ee51b57e3e10978a31 to remote] DEBUG org.asynchttpclient.netty.request.NettyRequestSender - Using open Channel [id: 0x91d3d97b, L:/127.0.0.1:61411 - R:localhost/127.0.0.1:64041] for POST '/session/345ede9e5b6286ee51b57e3e10978a31/execute/sync'
22:25:44.280 [AsyncHttpClient-1-2] DEBUG org.asynchttpclient.netty.handler.HttpHandler - 

Request DefaultHttpRequest(decodeResult: success, version: HTTP/1.1)
POST /session/345ede9e5b6286ee51b57e3e10978a31/execute/sync HTTP/1.1
User-Agent: selenium/4.1.2 (java windows)
Content-Length: 47339
Content-Type: application/json; charset=utf-8
host: localhost:64041
accept: */*

Response DefaultHttpResponse(decodeResult: success, version: HTTP/1.1)
HTTP/1.1 200 OK
Content-Type: application/json; charset=utf-8
cache-control: no-cache
content-length: 98

22:25:44.280 [AsyncHttpClient-1-2] DEBUG org.asynchttpclient.netty.channel.ChannelManager - Adding key: http://localhost:64041 for channel [id: 0x91d3d97b, L:/127.0.0.1:61411 - R:localhost/127.0.0.1:64041]
22:25:44.285 [Forwarding getElementAttribute on session 345ede9e5b6286ee51b57e3e10978a31 to remote] DEBUG org.asynchttpclient.netty.request.NettyRequestSender - Using pooled Channel '[id: 0x91d3d97b, L:/127.0.0.1:61411 - R:localhost/127.0.0.1:64041]' for 'POST' to 'http://localhost:64041/session/345ede9e5b6286ee51b57e3e10978a31/execute/sync'
22:25:44.285 [Forwarding getElementAttribute on session 345ede9e5b6286ee51b57e3e10978a31 to remote] DEBUG org.asynchttpclient.netty.request.NettyRequestSender - Using open Channel [id: 0x91d3d97b, L:/127.0.0.1:61411 - R:localhost/127.0.0.1:64041] for POST '/session/345ede9e5b6286ee51b57e3e10978a31/execute/sync'
22:25:44.296 [AsyncHttpClient-1-2] DEBUG org.asynchttpclient.netty.handler.HttpHandler - 

Request DefaultHttpRequest(decodeResult: success, version: HTTP/1.1)
POST /session/345ede9e5b6286ee51b57e3e10978a31/execute/sync HTTP/1.1
User-Agent: selenium/4.1.2 (java windows)
Content-Length: 47339
Content-Type: application/json; charset=utf-8
host: localhost:64041
accept: */*

Response DefaultHttpResponse(decodeResult: success, version: HTTP/1.1)
HTTP/1.1 200 OK
Content-Type: application/json; charset=utf-8
cache-control: no-cache
content-length: 75

22:25:44.296 [AsyncHttpClient-1-2] DEBUG org.asynchttpclient.netty.channel.ChannelManager - Adding key: http://localhost:64041 for channel [id: 0x91d3d97b, L:/127.0.0.1:61411 - R:localhost/127.0.0.1:64041]
22:25:44.300 [Forwarding getElementAttribute on session 345ede9e5b6286ee51b57e3e10978a31 to remote] DEBUG org.asynchttpclient.netty.request.NettyRequestSender - Using pooled Channel '[id: 0x91d3d97b, L:/127.0.0.1:61411 - R:localhost/127.0.0.1:64041]' for 'POST' to 'http://localhost:64041/session/345ede9e5b6286ee51b57e3e10978a31/execute/sync'
22:25:44.300 [Forwarding getElementAttribute on session 345ede9e5b6286ee51b57e3e10978a31 to remote] DEBUG org.asynchttpclient.netty.request.NettyRequestSender - Using open Channel [id: 0x91d3d97b, L:/127.0.0.1:61411 - R:localhost/127.0.0.1:64041] for POST '/session/345ede9e5b6286ee51b57e3e10978a31/execute/sync'
22:25:44.314 [AsyncHttpClient-1-2] DEBUG org.asynchttpclient.netty.handler.HttpHandler - 

Request DefaultHttpRequest(decodeResult: success, version: HTTP/1.1)
POST /session/345ede9e5b6286ee51b57e3e10978a31/execute/sync HTTP/1.1
User-Agent: selenium/4.1.2 (java windows)
Content-Length: 47339
Content-Type: application/json; charset=utf-8
host: localhost:64041
accept: */*

Response DefaultHttpResponse(decodeResult: success, version: HTTP/1.1)
HTTP/1.1 200 OK
Content-Type: application/json; charset=utf-8
cache-control: no-cache
content-length: 80

22:25:44.314 [AsyncHttpClient-1-2] DEBUG org.asynchttpclient.netty.channel.ChannelManager - Adding key: http://localhost:64041 for channel [id: 0x91d3d97b, L:/127.0.0.1:61411 - R:localhost/127.0.0.1:64041]
22:25:44.317 [Forwarding getElementAttribute on session 345ede9e5b6286ee51b57e3e10978a31 to remote] DEBUG org.asynchttpclient.netty.request.NettyRequestSender - Using pooled Channel '[id: 0x91d3d97b, L:/127.0.0.1:61411 - R:localhost/127.0.0.1:64041]' for 'POST' to 'http://localhost:64041/session/345ede9e5b6286ee51b57e3e10978a31/execute/sync'
22:25:44.317 [Forwarding getElementAttribute on session 345ede9e5b6286ee51b57e3e10978a31 to remote] DEBUG org.asynchttpclient.netty.request.NettyRequestSender - Using open Channel [id: 0x91d3d97b, L:/127.0.0.1:61411 - R:localhost/127.0.0.1:64041] for POST '/session/345ede9e5b6286ee51b57e3e10978a31/execute/sync'
22:25:44.325 [AsyncHttpClient-1-2] DEBUG org.asynchttpclient.netty.handler.HttpHandler - 

Request DefaultHttpRequest(decodeResult: success, version: HTTP/1.1)
POST /session/345ede9e5b6286ee51b57e3e10978a31/execute/sync HTTP/1.1
User-Agent: selenium/4.1.2 (java windows)
Content-Length: 47339
Content-Type: application/json; charset=utf-8
host: localhost:64041
accept: */*

Response DefaultHttpResponse(decodeResult: success, version: HTTP/1.1)
HTTP/1.1 200 OK
Content-Type: application/json; charset=utf-8
cache-control: no-cache
content-length: 93

22:25:44.325 [AsyncHttpClient-1-2] DEBUG org.asynchttpclient.netty.channel.ChannelManager - Adding key: http://localhost:64041 for channel [id: 0x91d3d97b, L:/127.0.0.1:61411 - R:localhost/127.0.0.1:64041]
22:25:44.330 [Forwarding getElementAttribute on session 345ede9e5b6286ee51b57e3e10978a31 to remote] DEBUG org.asynchttpclient.netty.request.NettyRequestSender - Using pooled Channel '[id: 0x91d3d97b, L:/127.0.0.1:61411 - R:localhost/127.0.0.1:64041]' for 'POST' to 'http://localhost:64041/session/345ede9e5b6286ee51b57e3e10978a31/execute/sync'
22:25:44.330 [Forwarding getElementAttribute on session 345ede9e5b6286ee51b57e3e10978a31 to remote] DEBUG org.asynchttpclient.netty.request.NettyRequestSender - Using open Channel [id: 0x91d3d97b, L:/127.0.0.1:61411 - R:localhost/127.0.0.1:64041] for POST '/session/345ede9e5b6286ee51b57e3e10978a31/execute/sync'
22:25:44.338 [AsyncHttpClient-1-2] DEBUG org.asynchttpclient.netty.handler.HttpHandler - 

Request DefaultHttpRequest(decodeResult: success, version: HTTP/1.1)
POST /session/345ede9e5b6286ee51b57e3e10978a31/execute/sync HTTP/1.1
User-Agent: selenium/4.1.2 (java windows)
Content-Length: 47339
Content-Type: application/json; charset=utf-8
host: localhost:64041
accept: */*

Response DefaultHttpResponse(decodeResult: success, version: HTTP/1.1)
HTTP/1.1 200 OK
Content-Type: application/json; charset=utf-8
cache-control: no-cache
content-length: 76

22:25:44.338 [AsyncHttpClient-1-2] DEBUG org.asynchttpclient.netty.channel.ChannelManager - Adding key: http://localhost:64041 for channel [id: 0x91d3d97b, L:/127.0.0.1:61411 - R:localhost/127.0.0.1:64041]
22:25:44.343 [Forwarding getElementAttribute on session 345ede9e5b6286ee51b57e3e10978a31 to remote] DEBUG org.asynchttpclient.netty.request.NettyRequestSender - Using pooled Channel '[id: 0x91d3d97b, L:/127.0.0.1:61411 - R:localhost/127.0.0.1:64041]' for 'POST' to 'http://localhost:64041/session/345ede9e5b6286ee51b57e3e10978a31/execute/sync'
22:25:44.343 [Forwarding getElementAttribute on session 345ede9e5b6286ee51b57e3e10978a31 to remote] DEBUG org.asynchttpclient.netty.request.NettyRequestSender - Using open Channel [id: 0x91d3d97b, L:/127.0.0.1:61411 - R:localhost/127.0.0.1:64041] for POST '/session/345ede9e5b6286ee51b57e3e10978a31/execute/sync'
22:25:44.354 [AsyncHttpClient-1-2] DEBUG org.asynchttpclient.netty.handler.HttpHandler - 

Request DefaultHttpRequest(decodeResult: success, version: HTTP/1.1)
POST /session/345ede9e5b6286ee51b57e3e10978a31/execute/sync HTTP/1.1
User-Agent: selenium/4.1.2 (java windows)
Content-Length: 47339
Content-Type: application/json; charset=utf-8
host: localhost:64041
accept: */*

Response DefaultHttpResponse(decodeResult: success, version: HTTP/1.1)
HTTP/1.1 200 OK
Content-Type: application/json; charset=utf-8
cache-control: no-cache
content-length: 60

22:25:44.354 [AsyncHttpClient-1-2] DEBUG org.asynchttpclient.netty.channel.ChannelManager - Adding key: http://localhost:64041 for channel [id: 0x91d3d97b, L:/127.0.0.1:61411 - R:localhost/127.0.0.1:64041]
22:25:44.357 [Forwarding getElementAttribute on session 345ede9e5b6286ee51b57e3e10978a31 to remote] DEBUG org.asynchttpclient.netty.request.NettyRequestSender - Using pooled Channel '[id: 0x91d3d97b, L:/127.0.0.1:61411 - R:localhost/127.0.0.1:64041]' for 'POST' to 'http://localhost:64041/session/345ede9e5b6286ee51b57e3e10978a31/execute/sync'
22:25:44.358 [Forwarding getElementAttribute on session 345ede9e5b6286ee51b57e3e10978a31 to remote] DEBUG org.asynchttpclient.netty.request.NettyRequestSender - Using open Channel [id: 0x91d3d97b, L:/127.0.0.1:61411 - R:localhost/127.0.0.1:64041] for POST '/session/345ede9e5b6286ee51b57e3e10978a31/execute/sync'
22:25:44.368 [AsyncHttpClient-1-2] DEBUG org.asynchttpclient.netty.handler.HttpHandler - 

Request DefaultHttpRequest(decodeResult: success, version: HTTP/1.1)
POST /session/345ede9e5b6286ee51b57e3e10978a31/execute/sync HTTP/1.1
User-Agent: selenium/4.1.2 (java windows)
Content-Length: 47339
Content-Type: application/json; charset=utf-8
host: localhost:64041
accept: */*

Response DefaultHttpResponse(decodeResult: success, version: HTTP/1.1)
HTTP/1.1 200 OK
Content-Type: application/json; charset=utf-8
cache-control: no-cache
content-length: 79

22:25:44.368 [AsyncHttpClient-1-2] DEBUG org.asynchttpclient.netty.channel.ChannelManager - Adding key: http://localhost:64041 for channel [id: 0x91d3d97b, L:/127.0.0.1:61411 - R:localhost/127.0.0.1:64041]
22:25:44.373 [Forwarding getElementAttribute on session 345ede9e5b6286ee51b57e3e10978a31 to remote] DEBUG org.asynchttpclient.netty.request.NettyRequestSender - Using pooled Channel '[id: 0x91d3d97b, L:/127.0.0.1:61411 - R:localhost/127.0.0.1:64041]' for 'POST' to 'http://localhost:64041/session/345ede9e5b6286ee51b57e3e10978a31/execute/sync'
22:25:44.373 [Forwarding getElementAttribute on session 345ede9e5b6286ee51b57e3e10978a31 to remote] DEBUG org.asynchttpclient.netty.request.NettyRequestSender - Using open Channel [id: 0x91d3d97b, L:/127.0.0.1:61411 - R:localhost/127.0.0.1:64041] for POST '/session/345ede9e5b6286ee51b57e3e10978a31/execute/sync'
22:25:44.386 [AsyncHttpClient-1-2] DEBUG org.asynchttpclient.netty.handler.HttpHandler - 

Request DefaultHttpRequest(decodeResult: success, version: HTTP/1.1)
POST /session/345ede9e5b6286ee51b57e3e10978a31/execute/sync HTTP/1.1
User-Agent: selenium/4.1.2 (java windows)
Content-Length: 47339
Content-Type: application/json; charset=utf-8
host: localhost:64041
accept: */*

Response DefaultHttpResponse(decodeResult: success, version: HTTP/1.1)
HTTP/1.1 200 OK
Content-Type: application/json; charset=utf-8
cache-control: no-cache
content-length: 97

22:25:44.386 [AsyncHttpClient-1-2] DEBUG org.asynchttpclient.netty.channel.ChannelManager - Adding key: http://localhost:64041 for channel [id: 0x91d3d97b, L:/127.0.0.1:61411 - R:localhost/127.0.0.1:64041]
22:25:44.389 [Forwarding getElementAttribute on session 345ede9e5b6286ee51b57e3e10978a31 to remote] DEBUG org.asynchttpclient.netty.request.NettyRequestSender - Using pooled Channel '[id: 0x91d3d97b, L:/127.0.0.1:61411 - R:localhost/127.0.0.1:64041]' for 'POST' to 'http://localhost:64041/session/345ede9e5b6286ee51b57e3e10978a31/execute/sync'
22:25:44.389 [Forwarding getElementAttribute on session 345ede9e5b6286ee51b57e3e10978a31 to remote] DEBUG org.asynchttpclient.netty.request.NettyRequestSender - Using open Channel [id: 0x91d3d97b, L:/127.0.0.1:61411 - R:localhost/127.0.0.1:64041] for POST '/session/345ede9e5b6286ee51b57e3e10978a31/execute/sync'
22:25:44.400 [AsyncHttpClient-1-2] DEBUG org.asynchttpclient.netty.handler.HttpHandler - 

Request DefaultHttpRequest(decodeResult: success, version: HTTP/1.1)
POST /session/345ede9e5b6286ee51b57e3e10978a31/execute/sync HTTP/1.1
User-Agent: selenium/4.1.2 (java windows)
Content-Length: 47339
Content-Type: application/json; charset=utf-8
host: localhost:64041
accept: */*

Response DefaultHttpResponse(decodeResult: success, version: HTTP/1.1)
HTTP/1.1 200 OK
Content-Type: application/json; charset=utf-8
cache-control: no-cache
content-length: 88

22:25:44.401 [AsyncHttpClient-1-2] DEBUG org.asynchttpclient.netty.channel.ChannelManager - Adding key: http://localhost:64041 for channel [id: 0x91d3d97b, L:/127.0.0.1:61411 - R:localhost/127.0.0.1:64041]
22:25:44.404 [Forwarding getElementAttribute on session 345ede9e5b6286ee51b57e3e10978a31 to remote] DEBUG org.asynchttpclient.netty.request.NettyRequestSender - Using pooled Channel '[id: 0x91d3d97b, L:/127.0.0.1:61411 - R:localhost/127.0.0.1:64041]' for 'POST' to 'http://localhost:64041/session/345ede9e5b6286ee51b57e3e10978a31/execute/sync'
22:25:44.404 [Forwarding getElementAttribute on session 345ede9e5b6286ee51b57e3e10978a31 to remote] DEBUG org.asynchttpclient.netty.request.NettyRequestSender - Using open Channel [id: 0x91d3d97b, L:/127.0.0.1:61411 - R:localhost/127.0.0.1:64041] for POST '/session/345ede9e5b6286ee51b57e3e10978a31/execute/sync'
22:25:44.414 [AsyncHttpClient-1-2] DEBUG org.asynchttpclient.netty.handler.HttpHandler - 

Request DefaultHttpRequest(decodeResult: success, version: HTTP/1.1)
POST /session/345ede9e5b6286ee51b57e3e10978a31/execute/sync HTTP/1.1
User-Agent: selenium/4.1.2 (java windows)
Content-Length: 47339
Content-Type: application/json; charset=utf-8
host: localhost:64041
accept: */*

Response DefaultHttpResponse(decodeResult: success, version: HTTP/1.1)
HTTP/1.1 200 OK
Content-Type: application/json; charset=utf-8
cache-control: no-cache
content-length: 74

22:25:44.414 [AsyncHttpClient-1-2] DEBUG org.asynchttpclient.netty.channel.ChannelManager - Adding key: http://localhost:64041 for channel [id: 0x91d3d97b, L:/127.0.0.1:61411 - R:localhost/127.0.0.1:64041]
22:25:44.417 [Forwarding getElementAttribute on session 345ede9e5b6286ee51b57e3e10978a31 to remote] DEBUG org.asynchttpclient.netty.request.NettyRequestSender - Using pooled Channel '[id: 0x91d3d97b, L:/127.0.0.1:61411 - R:localhost/127.0.0.1:64041]' for 'POST' to 'http://localhost:64041/session/345ede9e5b6286ee51b57e3e10978a31/execute/sync'
22:25:44.417 [Forwarding getElementAttribute on session 345ede9e5b6286ee51b57e3e10978a31 to remote] DEBUG org.asynchttpclient.netty.request.NettyRequestSender - Using open Channel [id: 0x91d3d97b, L:/127.0.0.1:61411 - R:localhost/127.0.0.1:64041] for POST '/session/345ede9e5b6286ee51b57e3e10978a31/execute/sync'
22:25:44.433 [AsyncHttpClient-1-2] DEBUG org.asynchttpclient.netty.handler.HttpHandler - 

Request DefaultHttpRequest(decodeResult: success, version: HTTP/1.1)
POST /session/345ede9e5b6286ee51b57e3e10978a31/execute/sync HTTP/1.1
User-Agent: selenium/4.1.2 (java windows)
Content-Length: 47339
Content-Type: application/json; charset=utf-8
host: localhost:64041
accept: */*

Response DefaultHttpResponse(decodeResult: success, version: HTTP/1.1)
HTTP/1.1 200 OK
Content-Type: application/json; charset=utf-8
cache-control: no-cache
content-length: 111

22:25:44.433 [AsyncHttpClient-1-2] DEBUG org.asynchttpclient.netty.channel.ChannelManager - Adding key: http://localhost:64041 for channel [id: 0x91d3d97b, L:/127.0.0.1:61411 - R:localhost/127.0.0.1:64041]
22:25:44.440 [Forwarding getElementAttribute on session 345ede9e5b6286ee51b57e3e10978a31 to remote] DEBUG org.asynchttpclient.netty.request.NettyRequestSender - Using pooled Channel '[id: 0x91d3d97b, L:/127.0.0.1:61411 - R:localhost/127.0.0.1:64041]' for 'POST' to 'http://localhost:64041/session/345ede9e5b6286ee51b57e3e10978a31/execute/sync'
22:25:44.440 [Forwarding getElementAttribute on session 345ede9e5b6286ee51b57e3e10978a31 to remote] DEBUG org.asynchttpclient.netty.request.NettyRequestSender - Using open Channel [id: 0x91d3d97b, L:/127.0.0.1:61411 - R:localhost/127.0.0.1:64041] for POST '/session/345ede9e5b6286ee51b57e3e10978a31/execute/sync'
22:25:44.456 [AsyncHttpClient-1-2] DEBUG org.asynchttpclient.netty.handler.HttpHandler - 

Request DefaultHttpRequest(decodeResult: success, version: HTTP/1.1)
POST /session/345ede9e5b6286ee51b57e3e10978a31/execute/sync HTTP/1.1
User-Agent: selenium/4.1.2 (java windows)
Content-Length: 47339
Content-Type: application/json; charset=utf-8
host: localhost:64041
accept: */*

Response DefaultHttpResponse(decodeResult: success, version: HTTP/1.1)
HTTP/1.1 200 OK
Content-Type: application/json; charset=utf-8
cache-control: no-cache
content-length: 85

22:25:44.456 [AsyncHttpClient-1-2] DEBUG org.asynchttpclient.netty.channel.ChannelManager - Adding key: http://localhost:64041 for channel [id: 0x91d3d97b, L:/127.0.0.1:61411 - R:localhost/127.0.0.1:64041]
22:25:44.462 [Forwarding getElementAttribute on session 345ede9e5b6286ee51b57e3e10978a31 to remote] DEBUG org.asynchttpclient.netty.request.NettyRequestSender - Using pooled Channel '[id: 0x91d3d97b, L:/127.0.0.1:61411 - R:localhost/127.0.0.1:64041]' for 'POST' to 'http://localhost:64041/session/345ede9e5b6286ee51b57e3e10978a31/execute/sync'
22:25:44.462 [Forwarding getElementAttribute on session 345ede9e5b6286ee51b57e3e10978a31 to remote] DEBUG org.asynchttpclient.netty.request.NettyRequestSender - Using open Channel [id: 0x91d3d97b, L:/127.0.0.1:61411 - R:localhost/127.0.0.1:64041] for POST '/session/345ede9e5b6286ee51b57e3e10978a31/execute/sync'
22:25:44.473 [AsyncHttpClient-1-2] DEBUG org.asynchttpclient.netty.handler.HttpHandler - 

Request DefaultHttpRequest(decodeResult: success, version: HTTP/1.1)
POST /session/345ede9e5b6286ee51b57e3e10978a31/execute/sync HTTP/1.1
User-Agent: selenium/4.1.2 (java windows)
Content-Length: 47339
Content-Type: application/json; charset=utf-8
host: localhost:64041
accept: */*

Response DefaultHttpResponse(decodeResult: success, version: HTTP/1.1)
HTTP/1.1 200 OK
Content-Type: application/json; charset=utf-8
cache-control: no-cache
content-length: 49

22:25:44.473 [AsyncHttpClient-1-2] DEBUG org.asynchttpclient.netty.channel.ChannelManager - Adding key: http://localhost:64041 for channel [id: 0x91d3d97b, L:/127.0.0.1:61411 - R:localhost/127.0.0.1:64041]
22:25:44.478 [Forwarding getElementAttribute on session 345ede9e5b6286ee51b57e3e10978a31 to remote] DEBUG org.asynchttpclient.netty.request.NettyRequestSender - Using pooled Channel '[id: 0x91d3d97b, L:/127.0.0.1:61411 - R:localhost/127.0.0.1:64041]' for 'POST' to 'http://localhost:64041/session/345ede9e5b6286ee51b57e3e10978a31/execute/sync'
22:25:44.478 [Forwarding getElementAttribute on session 345ede9e5b6286ee51b57e3e10978a31 to remote] DEBUG org.asynchttpclient.netty.request.NettyRequestSender - Using open Channel [id: 0x91d3d97b, L:/127.0.0.1:61411 - R:localhost/127.0.0.1:64041] for POST '/session/345ede9e5b6286ee51b57e3e10978a31/execute/sync'
22:25:44.487 [AsyncHttpClient-1-2] DEBUG org.asynchttpclient.netty.handler.HttpHandler - 

Request DefaultHttpRequest(decodeResult: success, version: HTTP/1.1)
POST /session/345ede9e5b6286ee51b57e3e10978a31/execute/sync HTTP/1.1
User-Agent: selenium/4.1.2 (java windows)
Content-Length: 47339
Content-Type: application/json; charset=utf-8
host: localhost:64041
accept: */*

Response DefaultHttpResponse(decodeResult: success, version: HTTP/1.1)
HTTP/1.1 200 OK
Content-Type: application/json; charset=utf-8
cache-control: no-cache
content-length: 43

22:25:44.487 [AsyncHttpClient-1-2] DEBUG org.asynchttpclient.netty.channel.ChannelManager - Adding key: http://localhost:64041 for channel [id: 0x91d3d97b, L:/127.0.0.1:61411 - R:localhost/127.0.0.1:64041]
22:25:44.491 [Forwarding getElementAttribute on session 345ede9e5b6286ee51b57e3e10978a31 to remote] DEBUG org.asynchttpclient.netty.request.NettyRequestSender - Using pooled Channel '[id: 0x91d3d97b, L:/127.0.0.1:61411 - R:localhost/127.0.0.1:64041]' for 'POST' to 'http://localhost:64041/session/345ede9e5b6286ee51b57e3e10978a31/execute/sync'
22:25:44.491 [Forwarding getElementAttribute on session 345ede9e5b6286ee51b57e3e10978a31 to remote] DEBUG org.asynchttpclient.netty.request.NettyRequestSender - Using open Channel [id: 0x91d3d97b, L:/127.0.0.1:61411 - R:localhost/127.0.0.1:64041] for POST '/session/345ede9e5b6286ee51b57e3e10978a31/execute/sync'
22:25:44.503 [AsyncHttpClient-1-2] DEBUG org.asynchttpclient.netty.handler.HttpHandler - 

Request DefaultHttpRequest(decodeResult: success, version: HTTP/1.1)
POST /session/345ede9e5b6286ee51b57e3e10978a31/execute/sync HTTP/1.1
User-Agent: selenium/4.1.2 (java windows)
Content-Length: 47339
Content-Type: application/json; charset=utf-8
host: localhost:64041
accept: */*

Response DefaultHttpResponse(decodeResult: success, version: HTTP/1.1)
HTTP/1.1 200 OK
Content-Type: application/json; charset=utf-8
cache-control: no-cache
content-length: 48

22:25:44.503 [AsyncHttpClient-1-2] DEBUG org.asynchttpclient.netty.channel.ChannelManager - Adding key: http://localhost:64041 for channel [id: 0x91d3d97b, L:/127.0.0.1:61411 - R:localhost/127.0.0.1:64041]
22:25:44.508 [Forwarding getElementAttribute on session 345ede9e5b6286ee51b57e3e10978a31 to remote] DEBUG org.asynchttpclient.netty.request.NettyRequestSender - Using pooled Channel '[id: 0x91d3d97b, L:/127.0.0.1:61411 - R:localhost/127.0.0.1:64041]' for 'POST' to 'http://localhost:64041/session/345ede9e5b6286ee51b57e3e10978a31/execute/sync'
22:25:44.508 [Forwarding getElementAttribute on session 345ede9e5b6286ee51b57e3e10978a31 to remote] DEBUG org.asynchttpclient.netty.request.NettyRequestSender - Using open Channel [id: 0x91d3d97b, L:/127.0.0.1:61411 - R:localhost/127.0.0.1:64041] for POST '/session/345ede9e5b6286ee51b57e3e10978a31/execute/sync'
22:25:44.518 [AsyncHttpClient-1-2] DEBUG org.asynchttpclient.netty.handler.HttpHandler - 

Request DefaultHttpRequest(decodeResult: success, version: HTTP/1.1)
POST /session/345ede9e5b6286ee51b57e3e10978a31/execute/sync HTTP/1.1
User-Agent: selenium/4.1.2 (java windows)
Content-Length: 47339
Content-Type: application/json; charset=utf-8
host: localhost:64041
accept: */*

Response DefaultHttpResponse(decodeResult: success, version: HTTP/1.1)
HTTP/1.1 200 OK
Content-Type: application/json; charset=utf-8
cache-control: no-cache
content-length: 45

22:25:44.519 [AsyncHttpClient-1-2] DEBUG org.asynchttpclient.netty.channel.ChannelManager - Adding key: http://localhost:64041 for channel [id: 0x91d3d97b, L:/127.0.0.1:61411 - R:localhost/127.0.0.1:64041]
22:25:44.523 [Forwarding getElementAttribute on session 345ede9e5b6286ee51b57e3e10978a31 to remote] DEBUG org.asynchttpclient.netty.request.NettyRequestSender - Using pooled Channel '[id: 0x91d3d97b, L:/127.0.0.1:61411 - R:localhost/127.0.0.1:64041]' for 'POST' to 'http://localhost:64041/session/345ede9e5b6286ee51b57e3e10978a31/execute/sync'
22:25:44.523 [Forwarding getElementAttribute on session 345ede9e5b6286ee51b57e3e10978a31 to remote] DEBUG org.asynchttpclient.netty.request.NettyRequestSender - Using open Channel [id: 0x91d3d97b, L:/127.0.0.1:61411 - R:localhost/127.0.0.1:64041] for POST '/session/345ede9e5b6286ee51b57e3e10978a31/execute/sync'
22:25:44.534 [AsyncHttpClient-1-2] DEBUG org.asynchttpclient.netty.handler.HttpHandler - 

Request DefaultHttpRequest(decodeResult: success, version: HTTP/1.1)
POST /session/345ede9e5b6286ee51b57e3e10978a31/execute/sync HTTP/1.1
User-Agent: selenium/4.1.2 (java windows)
Content-Length: 47339
Content-Type: application/json; charset=utf-8
host: localhost:64041
accept: */*

Response DefaultHttpResponse(decodeResult: success, version: HTTP/1.1)
HTTP/1.1 200 OK
Content-Type: application/json; charset=utf-8
cache-control: no-cache
content-length: 117

22:25:44.534 [AsyncHttpClient-1-2] DEBUG org.asynchttpclient.netty.channel.ChannelManager - Adding key: http://localhost:64041 for channel [id: 0x91d3d97b, L:/127.0.0.1:61411 - R:localhost/127.0.0.1:64041]
22:25:44.538 [Forwarding getElementAttribute on session 345ede9e5b6286ee51b57e3e10978a31 to remote] DEBUG org.asynchttpclient.netty.request.NettyRequestSender - Using pooled Channel '[id: 0x91d3d97b, L:/127.0.0.1:61411 - R:localhost/127.0.0.1:64041]' for 'POST' to 'http://localhost:64041/session/345ede9e5b6286ee51b57e3e10978a31/execute/sync'
22:25:44.538 [Forwarding getElementAttribute on session 345ede9e5b6286ee51b57e3e10978a31 to remote] DEBUG org.asynchttpclient.netty.request.NettyRequestSender - Using open Channel [id: 0x91d3d97b, L:/127.0.0.1:61411 - R:localhost/127.0.0.1:64041] for POST '/session/345ede9e5b6286ee51b57e3e10978a31/execute/sync'
22:25:44.547 [AsyncHttpClient-1-2] DEBUG org.asynchttpclient.netty.handler.HttpHandler - 

Request DefaultHttpRequest(decodeResult: success, version: HTTP/1.1)
POST /session/345ede9e5b6286ee51b57e3e10978a31/execute/sync HTTP/1.1
User-Agent: selenium/4.1.2 (java windows)
Content-Length: 47339
Content-Type: application/json; charset=utf-8
host: localhost:64041
accept: */*

Response DefaultHttpResponse(decodeResult: success, version: HTTP/1.1)
HTTP/1.1 200 OK
Content-Type: application/json; charset=utf-8
cache-control: no-cache
content-length: 92

22:25:44.547 [AsyncHttpClient-1-2] DEBUG org.asynchttpclient.netty.channel.ChannelManager - Adding key: http://localhost:64041 for channel [id: 0x91d3d97b, L:/127.0.0.1:61411 - R:localhost/127.0.0.1:64041]
22:25:44.550 [Forwarding getElementAttribute on session 345ede9e5b6286ee51b57e3e10978a31 to remote] DEBUG org.asynchttpclient.netty.request.NettyRequestSender - Using pooled Channel '[id: 0x91d3d97b, L:/127.0.0.1:61411 - R:localhost/127.0.0.1:64041]' for 'POST' to 'http://localhost:64041/session/345ede9e5b6286ee51b57e3e10978a31/execute/sync'
22:25:44.550 [Forwarding getElementAttribute on session 345ede9e5b6286ee51b57e3e10978a31 to remote] DEBUG org.asynchttpclient.netty.request.NettyRequestSender - Using open Channel [id: 0x91d3d97b, L:/127.0.0.1:61411 - R:localhost/127.0.0.1:64041] for POST '/session/345ede9e5b6286ee51b57e3e10978a31/execute/sync'
22:25:44.559 [AsyncHttpClient-1-2] DEBUG org.asynchttpclient.netty.handler.HttpHandler - 

Request DefaultHttpRequest(decodeResult: success, version: HTTP/1.1)
POST /session/345ede9e5b6286ee51b57e3e10978a31/execute/sync HTTP/1.1
User-Agent: selenium/4.1.2 (java windows)
Content-Length: 47339
Content-Type: application/json; charset=utf-8
host: localhost:64041
accept: */*

Response DefaultHttpResponse(decodeResult: success, version: HTTP/1.1)
HTTP/1.1 200 OK
Content-Type: application/json; charset=utf-8
cache-control: no-cache
content-length: 117

22:25:44.559 [AsyncHttpClient-1-2] DEBUG org.asynchttpclient.netty.channel.ChannelManager - Adding key: http://localhost:64041 for channel [id: 0x91d3d97b, L:/127.0.0.1:61411 - R:localhost/127.0.0.1:64041]
22:25:44.563 [Forwarding getElementAttribute on session 345ede9e5b6286ee51b57e3e10978a31 to remote] DEBUG org.asynchttpclient.netty.request.NettyRequestSender - Using pooled Channel '[id: 0x91d3d97b, L:/127.0.0.1:61411 - R:localhost/127.0.0.1:64041]' for 'POST' to 'http://localhost:64041/session/345ede9e5b6286ee51b57e3e10978a31/execute/sync'
22:25:44.563 [Forwarding getElementAttribute on session 345ede9e5b6286ee51b57e3e10978a31 to remote] DEBUG org.asynchttpclient.netty.request.NettyRequestSender - Using open Channel [id: 0x91d3d97b, L:/127.0.0.1:61411 - R:localhost/127.0.0.1:64041] for POST '/session/345ede9e5b6286ee51b57e3e10978a31/execute/sync'
22:25:44.572 [AsyncHttpClient-1-2] DEBUG org.asynchttpclient.netty.handler.HttpHandler - 

Request DefaultHttpRequest(decodeResult: success, version: HTTP/1.1)
POST /session/345ede9e5b6286ee51b57e3e10978a31/execute/sync HTTP/1.1
User-Agent: selenium/4.1.2 (java windows)
Content-Length: 47339
Content-Type: application/json; charset=utf-8
host: localhost:64041
accept: */*

Response DefaultHttpResponse(decodeResult: success, version: HTTP/1.1)
HTTP/1.1 200 OK
Content-Type: application/json; charset=utf-8
cache-control: no-cache
content-length: 105

22:25:44.572 [AsyncHttpClient-1-2] DEBUG org.asynchttpclient.netty.channel.ChannelManager - Adding key: http://localhost:64041 for channel [id: 0x91d3d97b, L:/127.0.0.1:61411 - R:localhost/127.0.0.1:64041]
22:25:44.576 [Forwarding getElementAttribute on session 345ede9e5b6286ee51b57e3e10978a31 to remote] DEBUG org.asynchttpclient.netty.request.NettyRequestSender - Using pooled Channel '[id: 0x91d3d97b, L:/127.0.0.1:61411 - R:localhost/127.0.0.1:64041]' for 'POST' to 'http://localhost:64041/session/345ede9e5b6286ee51b57e3e10978a31/execute/sync'
22:25:44.576 [Forwarding getElementAttribute on session 345ede9e5b6286ee51b57e3e10978a31 to remote] DEBUG org.asynchttpclient.netty.request.NettyRequestSender - Using open Channel [id: 0x91d3d97b, L:/127.0.0.1:61411 - R:localhost/127.0.0.1:64041] for POST '/session/345ede9e5b6286ee51b57e3e10978a31/execute/sync'
22:25:44.584 [AsyncHttpClient-1-2] DEBUG org.asynchttpclient.netty.handler.HttpHandler - 

Request DefaultHttpRequest(decodeResult: success, version: HTTP/1.1)
POST /session/345ede9e5b6286ee51b57e3e10978a31/execute/sync HTTP/1.1
User-Agent: selenium/4.1.2 (java windows)
Content-Length: 47339
Content-Type: application/json; charset=utf-8
host: localhost:64041
accept: */*

Response DefaultHttpResponse(decodeResult: success, version: HTTP/1.1)
HTTP/1.1 200 OK
Content-Type: application/json; charset=utf-8
cache-control: no-cache
content-length: 63

22:25:44.584 [AsyncHttpClient-1-2] DEBUG org.asynchttpclient.netty.channel.ChannelManager - Adding key: http://localhost:64041 for channel [id: 0x91d3d97b, L:/127.0.0.1:61411 - R:localhost/127.0.0.1:64041]
22:25:44.588 [Forwarding getElementAttribute on session 345ede9e5b6286ee51b57e3e10978a31 to remote] DEBUG org.asynchttpclient.netty.request.NettyRequestSender - Using pooled Channel '[id: 0x91d3d97b, L:/127.0.0.1:61411 - R:localhost/127.0.0.1:64041]' for 'POST' to 'http://localhost:64041/session/345ede9e5b6286ee51b57e3e10978a31/execute/sync'
22:25:44.588 [Forwarding getElementAttribute on session 345ede9e5b6286ee51b57e3e10978a31 to remote] DEBUG org.asynchttpclient.netty.request.NettyRequestSender - Using open Channel [id: 0x91d3d97b, L:/127.0.0.1:61411 - R:localhost/127.0.0.1:64041] for POST '/session/345ede9e5b6286ee51b57e3e10978a31/execute/sync'
22:25:44.598 [AsyncHttpClient-1-2] DEBUG org.asynchttpclient.netty.handler.HttpHandler - 

Request DefaultHttpRequest(decodeResult: success, version: HTTP/1.1)
POST /session/345ede9e5b6286ee51b57e3e10978a31/execute/sync HTTP/1.1
User-Agent: selenium/4.1.2 (java windows)
Content-Length: 47339
Content-Type: application/json; charset=utf-8
host: localhost:64041
accept: */*

Response DefaultHttpResponse(decodeResult: success, version: HTTP/1.1)
HTTP/1.1 200 OK
Content-Type: application/json; charset=utf-8
cache-control: no-cache
content-length: 74

22:25:44.598 [AsyncHttpClient-1-2] DEBUG org.asynchttpclient.netty.channel.ChannelManager - Adding key: http://localhost:64041 for channel [id: 0x91d3d97b, L:/127.0.0.1:61411 - R:localhost/127.0.0.1:64041]
22:25:44.601 [Forwarding getElementAttribute on session 345ede9e5b6286ee51b57e3e10978a31 to remote] DEBUG org.asynchttpclient.netty.request.NettyRequestSender - Using pooled Channel '[id: 0x91d3d97b, L:/127.0.0.1:61411 - R:localhost/127.0.0.1:64041]' for 'POST' to 'http://localhost:64041/session/345ede9e5b6286ee51b57e3e10978a31/execute/sync'
22:25:44.601 [Forwarding getElementAttribute on session 345ede9e5b6286ee51b57e3e10978a31 to remote] DEBUG org.asynchttpclient.netty.request.NettyRequestSender - Using open Channel [id: 0x91d3d97b, L:/127.0.0.1:61411 - R:localhost/127.0.0.1:64041] for POST '/session/345ede9e5b6286ee51b57e3e10978a31/execute/sync'
22:25:44.612 [AsyncHttpClient-1-2] DEBUG org.asynchttpclient.netty.handler.HttpHandler - 

Request DefaultHttpRequest(decodeResult: success, version: HTTP/1.1)
POST /session/345ede9e5b6286ee51b57e3e10978a31/execute/sync HTTP/1.1
User-Agent: selenium/4.1.2 (java windows)
Content-Length: 47339
Content-Type: application/json; charset=utf-8
host: localhost:64041
accept: */*

Response DefaultHttpResponse(decodeResult: success, version: HTTP/1.1)
HTTP/1.1 200 OK
Content-Type: application/json; charset=utf-8
cache-control: no-cache
content-length: 76

22:25:44.612 [AsyncHttpClient-1-2] DEBUG org.asynchttpclient.netty.channel.ChannelManager - Adding key: http://localhost:64041 for channel [id: 0x91d3d97b, L:/127.0.0.1:61411 - R:localhost/127.0.0.1:64041]
22:25:44.615 [Forwarding getElementAttribute on session 345ede9e5b6286ee51b57e3e10978a31 to remote] DEBUG org.asynchttpclient.netty.request.NettyRequestSender - Using pooled Channel '[id: 0x91d3d97b, L:/127.0.0.1:61411 - R:localhost/127.0.0.1:64041]' for 'POST' to 'http://localhost:64041/session/345ede9e5b6286ee51b57e3e10978a31/execute/sync'
22:25:44.615 [Forwarding getElementAttribute on session 345ede9e5b6286ee51b57e3e10978a31 to remote] DEBUG org.asynchttpclient.netty.request.NettyRequestSender - Using open Channel [id: 0x91d3d97b, L:/127.0.0.1:61411 - R:localhost/127.0.0.1:64041] for POST '/session/345ede9e5b6286ee51b57e3e10978a31/execute/sync'
22:25:44.623 [AsyncHttpClient-1-2] DEBUG org.asynchttpclient.netty.handler.HttpHandler - 

Request DefaultHttpRequest(decodeResult: success, version: HTTP/1.1)
POST /session/345ede9e5b6286ee51b57e3e10978a31/execute/sync HTTP/1.1
User-Agent: selenium/4.1.2 (java windows)
Content-Length: 47339
Content-Type: application/json; charset=utf-8
host: localhost:64041
accept: */*

Response DefaultHttpResponse(decodeResult: success, version: HTTP/1.1)
HTTP/1.1 200 OK
Content-Type: application/json; charset=utf-8
cache-control: no-cache
content-length: 110

22:25:44.623 [AsyncHttpClient-1-2] DEBUG org.asynchttpclient.netty.channel.ChannelManager - Adding key: http://localhost:64041 for channel [id: 0x91d3d97b, L:/127.0.0.1:61411 - R:localhost/127.0.0.1:64041]
22:25:44.627 [Forwarding getElementAttribute on session 345ede9e5b6286ee51b57e3e10978a31 to remote] DEBUG org.asynchttpclient.netty.request.NettyRequestSender - Using pooled Channel '[id: 0x91d3d97b, L:/127.0.0.1:61411 - R:localhost/127.0.0.1:64041]' for 'POST' to 'http://localhost:64041/session/345ede9e5b6286ee51b57e3e10978a31/execute/sync'
22:25:44.627 [Forwarding getElementAttribute on session 345ede9e5b6286ee51b57e3e10978a31 to remote] DEBUG org.asynchttpclient.netty.request.NettyRequestSender - Using open Channel [id: 0x91d3d97b, L:/127.0.0.1:61411 - R:localhost/127.0.0.1:64041] for POST '/session/345ede9e5b6286ee51b57e3e10978a31/execute/sync'
22:25:44.635 [AsyncHttpClient-1-2] DEBUG org.asynchttpclient.netty.handler.HttpHandler - 

Request DefaultHttpRequest(decodeResult: success, version: HTTP/1.1)
POST /session/345ede9e5b6286ee51b57e3e10978a31/execute/sync HTTP/1.1
User-Agent: selenium/4.1.2 (java windows)
Content-Length: 47339
Content-Type: application/json; charset=utf-8
host: localhost:64041
accept: */*

Response DefaultHttpResponse(decodeResult: success, version: HTTP/1.1)
HTTP/1.1 200 OK
Content-Type: application/json; charset=utf-8
cache-control: no-cache
content-length: 71

22:25:44.635 [AsyncHttpClient-1-2] DEBUG org.asynchttpclient.netty.channel.ChannelManager - Adding key: http://localhost:64041 for channel [id: 0x91d3d97b, L:/127.0.0.1:61411 - R:localhost/127.0.0.1:64041]
22:25:44.639 [Forwarding getElementAttribute on session 345ede9e5b6286ee51b57e3e10978a31 to remote] DEBUG org.asynchttpclient.netty.request.NettyRequestSender - Using pooled Channel '[id: 0x91d3d97b, L:/127.0.0.1:61411 - R:localhost/127.0.0.1:64041]' for 'POST' to 'http://localhost:64041/session/345ede9e5b6286ee51b57e3e10978a31/execute/sync'
22:25:44.639 [Forwarding getElementAttribute on session 345ede9e5b6286ee51b57e3e10978a31 to remote] DEBUG org.asynchttpclient.netty.request.NettyRequestSender - Using open Channel [id: 0x91d3d97b, L:/127.0.0.1:61411 - R:localhost/127.0.0.1:64041] for POST '/session/345ede9e5b6286ee51b57e3e10978a31/execute/sync'
22:25:44.652 [AsyncHttpClient-1-2] DEBUG org.asynchttpclient.netty.handler.HttpHandler - 

Request DefaultHttpRequest(decodeResult: success, version: HTTP/1.1)
POST /session/345ede9e5b6286ee51b57e3e10978a31/execute/sync HTTP/1.1
User-Agent: selenium/4.1.2 (java windows)
Content-Length: 47339
Content-Type: application/json; charset=utf-8
host: localhost:64041
accept: */*

Response DefaultHttpResponse(decodeResult: success, version: HTTP/1.1)
HTTP/1.1 200 OK
Content-Type: application/json; charset=utf-8
cache-control: no-cache
content-length: 86

22:25:44.652 [AsyncHttpClient-1-2] DEBUG org.asynchttpclient.netty.channel.ChannelManager - Adding key: http://localhost:64041 for channel [id: 0x91d3d97b, L:/127.0.0.1:61411 - R:localhost/127.0.0.1:64041]
22:25:44.656 [Forwarding getElementAttribute on session 345ede9e5b6286ee51b57e3e10978a31 to remote] DEBUG org.asynchttpclient.netty.request.NettyRequestSender - Using pooled Channel '[id: 0x91d3d97b, L:/127.0.0.1:61411 - R:localhost/127.0.0.1:64041]' for 'POST' to 'http://localhost:64041/session/345ede9e5b6286ee51b57e3e10978a31/execute/sync'
22:25:44.656 [Forwarding getElementAttribute on session 345ede9e5b6286ee51b57e3e10978a31 to remote] DEBUG org.asynchttpclient.netty.request.NettyRequestSender - Using open Channel [id: 0x91d3d97b, L:/127.0.0.1:61411 - R:localhost/127.0.0.1:64041] for POST '/session/345ede9e5b6286ee51b57e3e10978a31/execute/sync'
22:25:44.667 [AsyncHttpClient-1-2] DEBUG org.asynchttpclient.netty.handler.HttpHandler - 

Request DefaultHttpRequest(decodeResult: success, version: HTTP/1.1)
POST /session/345ede9e5b6286ee51b57e3e10978a31/execute/sync HTTP/1.1
User-Agent: selenium/4.1.2 (java windows)
Content-Length: 47339
Content-Type: application/json; charset=utf-8
host: localhost:64041
accept: */*

Response DefaultHttpResponse(decodeResult: success, version: HTTP/1.1)
HTTP/1.1 200 OK
Content-Type: application/json; charset=utf-8
cache-control: no-cache
content-length: 102

22:25:44.668 [AsyncHttpClient-1-2] DEBUG org.asynchttpclient.netty.channel.ChannelManager - Adding key: http://localhost:64041 for channel [id: 0x91d3d97b, L:/127.0.0.1:61411 - R:localhost/127.0.0.1:64041]
22:25:44.671 [Forwarding getElementAttribute on session 345ede9e5b6286ee51b57e3e10978a31 to remote] DEBUG org.asynchttpclient.netty.request.NettyRequestSender - Using pooled Channel '[id: 0x91d3d97b, L:/127.0.0.1:61411 - R:localhost/127.0.0.1:64041]' for 'POST' to 'http://localhost:64041/session/345ede9e5b6286ee51b57e3e10978a31/execute/sync'
22:25:44.671 [Forwarding getElementAttribute on session 345ede9e5b6286ee51b57e3e10978a31 to remote] DEBUG org.asynchttpclient.netty.request.NettyRequestSender - Using open Channel [id: 0x91d3d97b, L:/127.0.0.1:61411 - R:localhost/127.0.0.1:64041] for POST '/session/345ede9e5b6286ee51b57e3e10978a31/execute/sync'
22:25:44.680 [AsyncHttpClient-1-2] DEBUG org.asynchttpclient.netty.handler.HttpHandler - 

Request DefaultHttpRequest(decodeResult: success, version: HTTP/1.1)
POST /session/345ede9e5b6286ee51b57e3e10978a31/execute/sync HTTP/1.1
User-Agent: selenium/4.1.2 (java windows)
Content-Length: 47339
Content-Type: application/json; charset=utf-8
host: localhost:64041
accept: */*

Response DefaultHttpResponse(decodeResult: success, version: HTTP/1.1)
HTTP/1.1 200 OK
Content-Type: application/json; charset=utf-8
cache-control: no-cache
content-length: 84

22:25:44.681 [AsyncHttpClient-1-2] DEBUG org.asynchttpclient.netty.channel.ChannelManager - Adding key: http://localhost:64041 for channel [id: 0x91d3d97b, L:/127.0.0.1:61411 - R:localhost/127.0.0.1:64041]
22:25:44.684 [Forwarding getElementAttribute on session 345ede9e5b6286ee51b57e3e10978a31 to remote] DEBUG org.asynchttpclient.netty.request.NettyRequestSender - Using pooled Channel '[id: 0x91d3d97b, L:/127.0.0.1:61411 - R:localhost/127.0.0.1:64041]' for 'POST' to 'http://localhost:64041/session/345ede9e5b6286ee51b57e3e10978a31/execute/sync'
22:25:44.684 [Forwarding getElementAttribute on session 345ede9e5b6286ee51b57e3e10978a31 to remote] DEBUG org.asynchttpclient.netty.request.NettyRequestSender - Using open Channel [id: 0x91d3d97b, L:/127.0.0.1:61411 - R:localhost/127.0.0.1:64041] for POST '/session/345ede9e5b6286ee51b57e3e10978a31/execute/sync'
22:25:44.697 [AsyncHttpClient-1-2] DEBUG org.asynchttpclient.netty.handler.HttpHandler - 

Request DefaultHttpRequest(decodeResult: success, version: HTTP/1.1)
POST /session/345ede9e5b6286ee51b57e3e10978a31/execute/sync HTTP/1.1
User-Agent: selenium/4.1.2 (java windows)
Content-Length: 47339
Content-Type: application/json; charset=utf-8
host: localhost:64041
accept: */*

Response DefaultHttpResponse(decodeResult: success, version: HTTP/1.1)
HTTP/1.1 200 OK
Content-Type: application/json; charset=utf-8
cache-control: no-cache
content-length: 89

22:25:44.697 [AsyncHttpClient-1-2] DEBUG org.asynchttpclient.netty.channel.ChannelManager - Adding key: http://localhost:64041 for channel [id: 0x91d3d97b, L:/127.0.0.1:61411 - R:localhost/127.0.0.1:64041]
22:25:44.702 [Forwarding getElementAttribute on session 345ede9e5b6286ee51b57e3e10978a31 to remote] DEBUG org.asynchttpclient.netty.request.NettyRequestSender - Using pooled Channel '[id: 0x91d3d97b, L:/127.0.0.1:61411 - R:localhost/127.0.0.1:64041]' for 'POST' to 'http://localhost:64041/session/345ede9e5b6286ee51b57e3e10978a31/execute/sync'
22:25:44.702 [Forwarding getElementAttribute on session 345ede9e5b6286ee51b57e3e10978a31 to remote] DEBUG org.asynchttpclient.netty.request.NettyRequestSender - Using open Channel [id: 0x91d3d97b, L:/127.0.0.1:61411 - R:localhost/127.0.0.1:64041] for POST '/session/345ede9e5b6286ee51b57e3e10978a31/execute/sync'
22:25:44.739 [AsyncHttpClient-1-2] DEBUG org.asynchttpclient.netty.handler.HttpHandler - 

Request DefaultHttpRequest(decodeResult: success, version: HTTP/1.1)
POST /session/345ede9e5b6286ee51b57e3e10978a31/execute/sync HTTP/1.1
User-Agent: selenium/4.1.2 (java windows)
Content-Length: 47339
Content-Type: application/json; charset=utf-8
host: localhost:64041
accept: */*

Response DefaultHttpResponse(decodeResult: success, version: HTTP/1.1)
HTTP/1.1 200 OK
Content-Type: application/json; charset=utf-8
cache-control: no-cache
content-length: 78

22:25:44.740 [AsyncHttpClient-1-2] DEBUG org.asynchttpclient.netty.channel.ChannelManager - Adding key: http://localhost:64041 for channel [id: 0x91d3d97b, L:/127.0.0.1:61411 - R:localhost/127.0.0.1:64041]
22:25:44.761 [Forwarding getElementAttribute on session 345ede9e5b6286ee51b57e3e10978a31 to remote] DEBUG org.asynchttpclient.netty.request.NettyRequestSender - Using pooled Channel '[id: 0x91d3d97b, L:/127.0.0.1:61411 - R:localhost/127.0.0.1:64041]' for 'POST' to 'http://localhost:64041/session/345ede9e5b6286ee51b57e3e10978a31/execute/sync'
22:25:44.761 [Forwarding getElementAttribute on session 345ede9e5b6286ee51b57e3e10978a31 to remote] DEBUG org.asynchttpclient.netty.request.NettyRequestSender - Using open Channel [id: 0x91d3d97b, L:/127.0.0.1:61411 - R:localhost/127.0.0.1:64041] for POST '/session/345ede9e5b6286ee51b57e3e10978a31/execute/sync'
22:25:44.787 [AsyncHttpClient-1-2] DEBUG org.asynchttpclient.netty.handler.HttpHandler - 

Request DefaultHttpRequest(decodeResult: success, version: HTTP/1.1)
POST /session/345ede9e5b6286ee51b57e3e10978a31/execute/sync HTTP/1.1
User-Agent: selenium/4.1.2 (java windows)
Content-Length: 47339
Content-Type: application/json; charset=utf-8
host: localhost:64041
accept: */*

Response DefaultHttpResponse(decodeResult: success, version: HTTP/1.1)
HTTP/1.1 200 OK
Content-Type: application/json; charset=utf-8
cache-control: no-cache
content-length: 78

22:25:44.787 [AsyncHttpClient-1-2] DEBUG org.asynchttpclient.netty.channel.ChannelManager - Adding key: http://localhost:64041 for channel [id: 0x91d3d97b, L:/127.0.0.1:61411 - R:localhost/127.0.0.1:64041]
22:25:44.793 [Forwarding getElementAttribute on session 345ede9e5b6286ee51b57e3e10978a31 to remote] DEBUG org.asynchttpclient.netty.request.NettyRequestSender - Using pooled Channel '[id: 0x91d3d97b, L:/127.0.0.1:61411 - R:localhost/127.0.0.1:64041]' for 'POST' to 'http://localhost:64041/session/345ede9e5b6286ee51b57e3e10978a31/execute/sync'
22:25:44.793 [Forwarding getElementAttribute on session 345ede9e5b6286ee51b57e3e10978a31 to remote] DEBUG org.asynchttpclient.netty.request.NettyRequestSender - Using open Channel [id: 0x91d3d97b, L:/127.0.0.1:61411 - R:localhost/127.0.0.1:64041] for POST '/session/345ede9e5b6286ee51b57e3e10978a31/execute/sync'
22:25:44.816 [AsyncHttpClient-1-2] DEBUG org.asynchttpclient.netty.handler.HttpHandler - 

Request DefaultHttpRequest(decodeResult: success, version: HTTP/1.1)
POST /session/345ede9e5b6286ee51b57e3e10978a31/execute/sync HTTP/1.1
User-Agent: selenium/4.1.2 (java windows)
Content-Length: 47339
Content-Type: application/json; charset=utf-8
host: localhost:64041
accept: */*

Response DefaultHttpResponse(decodeResult: success, version: HTTP/1.1)
HTTP/1.1 200 OK
Content-Type: application/json; charset=utf-8
cache-control: no-cache
content-length: 82

22:25:44.816 [AsyncHttpClient-1-2] DEBUG org.asynchttpclient.netty.channel.ChannelManager - Adding key: http://localhost:64041 for channel [id: 0x91d3d97b, L:/127.0.0.1:61411 - R:localhost/127.0.0.1:64041]
22:25:44.823 [Forwarding getElementAttribute on session 345ede9e5b6286ee51b57e3e10978a31 to remote] DEBUG org.asynchttpclient.netty.request.NettyRequestSender - Using pooled Channel '[id: 0x91d3d97b, L:/127.0.0.1:61411 - R:localhost/127.0.0.1:64041]' for 'POST' to 'http://localhost:64041/session/345ede9e5b6286ee51b57e3e10978a31/execute/sync'
22:25:44.823 [Forwarding getElementAttribute on session 345ede9e5b6286ee51b57e3e10978a31 to remote] DEBUG org.asynchttpclient.netty.request.NettyRequestSender - Using open Channel [id: 0x91d3d97b, L:/127.0.0.1:61411 - R:localhost/127.0.0.1:64041] for POST '/session/345ede9e5b6286ee51b57e3e10978a31/execute/sync'
22:25:44.850 [AsyncHttpClient-1-2] DEBUG org.asynchttpclient.netty.handler.HttpHandler - 

Request DefaultHttpRequest(decodeResult: success, version: HTTP/1.1)
POST /session/345ede9e5b6286ee51b57e3e10978a31/execute/sync HTTP/1.1
User-Agent: selenium/4.1.2 (java windows)
Content-Length: 47339
Content-Type: application/json; charset=utf-8
host: localhost:64041
accept: */*

Response DefaultHttpResponse(decodeResult: success, version: HTTP/1.1)
HTTP/1.1 200 OK
Content-Type: application/json; charset=utf-8
cache-control: no-cache
content-length: 76

22:25:44.850 [AsyncHttpClient-1-2] DEBUG org.asynchttpclient.netty.channel.ChannelManager - Adding key: http://localhost:64041 for channel [id: 0x91d3d97b, L:/127.0.0.1:61411 - R:localhost/127.0.0.1:64041]
22:25:44.857 [Forwarding getElementAttribute on session 345ede9e5b6286ee51b57e3e10978a31 to remote] DEBUG org.asynchttpclient.netty.request.NettyRequestSender - Using pooled Channel '[id: 0x91d3d97b, L:/127.0.0.1:61411 - R:localhost/127.0.0.1:64041]' for 'POST' to 'http://localhost:64041/session/345ede9e5b6286ee51b57e3e10978a31/execute/sync'
22:25:44.857 [Forwarding getElementAttribute on session 345ede9e5b6286ee51b57e3e10978a31 to remote] DEBUG org.asynchttpclient.netty.request.NettyRequestSender - Using open Channel [id: 0x91d3d97b, L:/127.0.0.1:61411 - R:localhost/127.0.0.1:64041] for POST '/session/345ede9e5b6286ee51b57e3e10978a31/execute/sync'
22:25:44.871 [AsyncHttpClient-1-2] DEBUG org.asynchttpclient.netty.handler.HttpHandler - 

Request DefaultHttpRequest(decodeResult: success, version: HTTP/1.1)
POST /session/345ede9e5b6286ee51b57e3e10978a31/execute/sync HTTP/1.1
User-Agent: selenium/4.1.2 (java windows)
Content-Length: 47339
Content-Type: application/json; charset=utf-8
host: localhost:64041
accept: */*

Response DefaultHttpResponse(decodeResult: success, version: HTTP/1.1)
HTTP/1.1 200 OK
Content-Type: application/json; charset=utf-8
cache-control: no-cache
content-length: 75

22:25:44.871 [AsyncHttpClient-1-2] DEBUG org.asynchttpclient.netty.channel.ChannelManager - Adding key: http://localhost:64041 for channel [id: 0x91d3d97b, L:/127.0.0.1:61411 - R:localhost/127.0.0.1:64041]
22:25:44.878 [Forwarding getElementAttribute on session 345ede9e5b6286ee51b57e3e10978a31 to remote] DEBUG org.asynchttpclient.netty.request.NettyRequestSender - Using pooled Channel '[id: 0x91d3d97b, L:/127.0.0.1:61411 - R:localhost/127.0.0.1:64041]' for 'POST' to 'http://localhost:64041/session/345ede9e5b6286ee51b57e3e10978a31/execute/sync'
22:25:44.878 [Forwarding getElementAttribute on session 345ede9e5b6286ee51b57e3e10978a31 to remote] DEBUG org.asynchttpclient.netty.request.NettyRequestSender - Using open Channel [id: 0x91d3d97b, L:/127.0.0.1:61411 - R:localhost/127.0.0.1:64041] for POST '/session/345ede9e5b6286ee51b57e3e10978a31/execute/sync'
22:25:44.890 [AsyncHttpClient-1-2] DEBUG org.asynchttpclient.netty.handler.HttpHandler - 

Request DefaultHttpRequest(decodeResult: success, version: HTTP/1.1)
POST /session/345ede9e5b6286ee51b57e3e10978a31/execute/sync HTTP/1.1
User-Agent: selenium/4.1.2 (java windows)
Content-Length: 47339
Content-Type: application/json; charset=utf-8
host: localhost:64041
accept: */*

Response DefaultHttpResponse(decodeResult: success, version: HTTP/1.1)
HTTP/1.1 200 OK
Content-Type: application/json; charset=utf-8
cache-control: no-cache
content-length: 92

22:25:44.891 [AsyncHttpClient-1-2] DEBUG org.asynchttpclient.netty.channel.ChannelManager - Adding key: http://localhost:64041 for channel [id: 0x91d3d97b, L:/127.0.0.1:61411 - R:localhost/127.0.0.1:64041]
22:25:44.897 [Forwarding getElementAttribute on session 345ede9e5b6286ee51b57e3e10978a31 to remote] DEBUG org.asynchttpclient.netty.request.NettyRequestSender - Using pooled Channel '[id: 0x91d3d97b, L:/127.0.0.1:61411 - R:localhost/127.0.0.1:64041]' for 'POST' to 'http://localhost:64041/session/345ede9e5b6286ee51b57e3e10978a31/execute/sync'
22:25:44.897 [Forwarding getElementAttribute on session 345ede9e5b6286ee51b57e3e10978a31 to remote] DEBUG org.asynchttpclient.netty.request.NettyRequestSender - Using open Channel [id: 0x91d3d97b, L:/127.0.0.1:61411 - R:localhost/127.0.0.1:64041] for POST '/session/345ede9e5b6286ee51b57e3e10978a31/execute/sync'
22:25:44.908 [AsyncHttpClient-1-2] DEBUG org.asynchttpclient.netty.handler.HttpHandler - 

Request DefaultHttpRequest(decodeResult: success, version: HTTP/1.1)
POST /session/345ede9e5b6286ee51b57e3e10978a31/execute/sync HTTP/1.1
User-Agent: selenium/4.1.2 (java windows)
Content-Length: 47339
Content-Type: application/json; charset=utf-8
host: localhost:64041
accept: */*

Response DefaultHttpResponse(decodeResult: success, version: HTTP/1.1)
HTTP/1.1 200 OK
Content-Type: application/json; charset=utf-8
cache-control: no-cache
content-length: 72

22:25:44.908 [AsyncHttpClient-1-2] DEBUG org.asynchttpclient.netty.channel.ChannelManager - Adding key: http://localhost:64041 for channel [id: 0x91d3d97b, L:/127.0.0.1:61411 - R:localhost/127.0.0.1:64041]
22:25:44.916 [Forwarding getElementAttribute on session 345ede9e5b6286ee51b57e3e10978a31 to remote] DEBUG org.asynchttpclient.netty.request.NettyRequestSender - Using pooled Channel '[id: 0x91d3d97b, L:/127.0.0.1:61411 - R:localhost/127.0.0.1:64041]' for 'POST' to 'http://localhost:64041/session/345ede9e5b6286ee51b57e3e10978a31/execute/sync'
22:25:44.916 [Forwarding getElementAttribute on session 345ede9e5b6286ee51b57e3e10978a31 to remote] DEBUG org.asynchttpclient.netty.request.NettyRequestSender - Using open Channel [id: 0x91d3d97b, L:/127.0.0.1:61411 - R:localhost/127.0.0.1:64041] for POST '/session/345ede9e5b6286ee51b57e3e10978a31/execute/sync'
22:25:44.938 [AsyncHttpClient-1-2] DEBUG org.asynchttpclient.netty.handler.HttpHandler - 

Request DefaultHttpRequest(decodeResult: success, version: HTTP/1.1)
POST /session/345ede9e5b6286ee51b57e3e10978a31/execute/sync HTTP/1.1
User-Agent: selenium/4.1.2 (java windows)
Content-Length: 47339
Content-Type: application/json; charset=utf-8
host: localhost:64041
accept: */*

Response DefaultHttpResponse(decodeResult: success, version: HTTP/1.1)
HTTP/1.1 200 OK
Content-Type: application/json; charset=utf-8
cache-control: no-cache
content-length: 84

22:25:44.938 [AsyncHttpClient-1-2] DEBUG org.asynchttpclient.netty.channel.ChannelManager - Adding key: http://localhost:64041 for channel [id: 0x91d3d97b, L:/127.0.0.1:61411 - R:localhost/127.0.0.1:64041]
22:25:44.946 [Forwarding getElementAttribute on session 345ede9e5b6286ee51b57e3e10978a31 to remote] DEBUG org.asynchttpclient.netty.request.NettyRequestSender - Using pooled Channel '[id: 0x91d3d97b, L:/127.0.0.1:61411 - R:localhost/127.0.0.1:64041]' for 'POST' to 'http://localhost:64041/session/345ede9e5b6286ee51b57e3e10978a31/execute/sync'
22:25:44.947 [Forwarding getElementAttribute on session 345ede9e5b6286ee51b57e3e10978a31 to remote] DEBUG org.asynchttpclient.netty.request.NettyRequestSender - Using open Channel [id: 0x91d3d97b, L:/127.0.0.1:61411 - R:localhost/127.0.0.1:64041] for POST '/session/345ede9e5b6286ee51b57e3e10978a31/execute/sync'
22:25:44.957 [AsyncHttpClient-1-2] DEBUG org.asynchttpclient.netty.handler.HttpHandler - 

Request DefaultHttpRequest(decodeResult: success, version: HTTP/1.1)
POST /session/345ede9e5b6286ee51b57e3e10978a31/execute/sync HTTP/1.1
User-Agent: selenium/4.1.2 (java windows)
Content-Length: 47339
Content-Type: application/json; charset=utf-8
host: localhost:64041
accept: */*

Response DefaultHttpResponse(decodeResult: success, version: HTTP/1.1)
HTTP/1.1 200 OK
Content-Type: application/json; charset=utf-8
cache-control: no-cache
content-length: 75

22:25:44.958 [AsyncHttpClient-1-2] DEBUG org.asynchttpclient.netty.channel.ChannelManager - Adding key: http://localhost:64041 for channel [id: 0x91d3d97b, L:/127.0.0.1:61411 - R:localhost/127.0.0.1:64041]
22:25:44.963 [Forwarding getElementAttribute on session 345ede9e5b6286ee51b57e3e10978a31 to remote] DEBUG org.asynchttpclient.netty.request.NettyRequestSender - Using pooled Channel '[id: 0x91d3d97b, L:/127.0.0.1:61411 - R:localhost/127.0.0.1:64041]' for 'POST' to 'http://localhost:64041/session/345ede9e5b6286ee51b57e3e10978a31/execute/sync'
22:25:44.963 [Forwarding getElementAttribute on session 345ede9e5b6286ee51b57e3e10978a31 to remote] DEBUG org.asynchttpclient.netty.request.NettyRequestSender - Using open Channel [id: 0x91d3d97b, L:/127.0.0.1:61411 - R:localhost/127.0.0.1:64041] for POST '/session/345ede9e5b6286ee51b57e3e10978a31/execute/sync'
22:25:44.972 [AsyncHttpClient-1-2] DEBUG org.asynchttpclient.netty.handler.HttpHandler - 

Request DefaultHttpRequest(decodeResult: success, version: HTTP/1.1)
POST /session/345ede9e5b6286ee51b57e3e10978a31/execute/sync HTTP/1.1
User-Agent: selenium/4.1.2 (java windows)
Content-Length: 47339
Content-Type: application/json; charset=utf-8
host: localhost:64041
accept: */*

Response DefaultHttpResponse(decodeResult: success, version: HTTP/1.1)
HTTP/1.1 200 OK
Content-Type: application/json; charset=utf-8
cache-control: no-cache
content-length: 77

22:25:44.972 [AsyncHttpClient-1-2] DEBUG org.asynchttpclient.netty.channel.ChannelManager - Adding key: http://localhost:64041 for channel [id: 0x91d3d97b, L:/127.0.0.1:61411 - R:localhost/127.0.0.1:64041]
22:25:44.975 [Forwarding getElementAttribute on session 345ede9e5b6286ee51b57e3e10978a31 to remote] DEBUG org.asynchttpclient.netty.request.NettyRequestSender - Using pooled Channel '[id: 0x91d3d97b, L:/127.0.0.1:61411 - R:localhost/127.0.0.1:64041]' for 'POST' to 'http://localhost:64041/session/345ede9e5b6286ee51b57e3e10978a31/execute/sync'
22:25:44.975 [Forwarding getElementAttribute on session 345ede9e5b6286ee51b57e3e10978a31 to remote] DEBUG org.asynchttpclient.netty.request.NettyRequestSender - Using open Channel [id: 0x91d3d97b, L:/127.0.0.1:61411 - R:localhost/127.0.0.1:64041] for POST '/session/345ede9e5b6286ee51b57e3e10978a31/execute/sync'
22:25:44.985 [AsyncHttpClient-1-2] DEBUG org.asynchttpclient.netty.handler.HttpHandler - 

Request DefaultHttpRequest(decodeResult: success, version: HTTP/1.1)
POST /session/345ede9e5b6286ee51b57e3e10978a31/execute/sync HTTP/1.1
User-Agent: selenium/4.1.2 (java windows)
Content-Length: 47339
Content-Type: application/json; charset=utf-8
host: localhost:64041
accept: */*

Response DefaultHttpResponse(decodeResult: success, version: HTTP/1.1)
HTTP/1.1 200 OK
Content-Type: application/json; charset=utf-8
cache-control: no-cache
content-length: 75

22:25:44.985 [AsyncHttpClient-1-2] DEBUG org.asynchttpclient.netty.channel.ChannelManager - Adding key: http://localhost:64041 for channel [id: 0x91d3d97b, L:/127.0.0.1:61411 - R:localhost/127.0.0.1:64041]
22:25:44.988 [Forwarding getElementAttribute on session 345ede9e5b6286ee51b57e3e10978a31 to remote] DEBUG org.asynchttpclient.netty.request.NettyRequestSender - Using pooled Channel '[id: 0x91d3d97b, L:/127.0.0.1:61411 - R:localhost/127.0.0.1:64041]' for 'POST' to 'http://localhost:64041/session/345ede9e5b6286ee51b57e3e10978a31/execute/sync'
22:25:44.988 [Forwarding getElementAttribute on session 345ede9e5b6286ee51b57e3e10978a31 to remote] DEBUG org.asynchttpclient.netty.request.NettyRequestSender - Using open Channel [id: 0x91d3d97b, L:/127.0.0.1:61411 - R:localhost/127.0.0.1:64041] for POST '/session/345ede9e5b6286ee51b57e3e10978a31/execute/sync'
22:25:44.999 [AsyncHttpClient-1-2] DEBUG org.asynchttpclient.netty.handler.HttpHandler - 

Request DefaultHttpRequest(decodeResult: success, version: HTTP/1.1)
POST /session/345ede9e5b6286ee51b57e3e10978a31/execute/sync HTTP/1.1
User-Agent: selenium/4.1.2 (java windows)
Content-Length: 47339
Content-Type: application/json; charset=utf-8
host: localhost:64041
accept: */*

Response DefaultHttpResponse(decodeResult: success, version: HTTP/1.1)
HTTP/1.1 200 OK
Content-Type: application/json; charset=utf-8
cache-control: no-cache
content-length: 74

22:25:44.999 [AsyncHttpClient-1-2] DEBUG org.asynchttpclient.netty.channel.ChannelManager - Adding key: http://localhost:64041 for channel [id: 0x91d3d97b, L:/127.0.0.1:61411 - R:localhost/127.0.0.1:64041]
22:25:45.004 [Forwarding getElementAttribute on session 345ede9e5b6286ee51b57e3e10978a31 to remote] DEBUG org.asynchttpclient.netty.request.NettyRequestSender - Using pooled Channel '[id: 0x91d3d97b, L:/127.0.0.1:61411 - R:localhost/127.0.0.1:64041]' for 'POST' to 'http://localhost:64041/session/345ede9e5b6286ee51b57e3e10978a31/execute/sync'
22:25:45.004 [Forwarding getElementAttribute on session 345ede9e5b6286ee51b57e3e10978a31 to remote] DEBUG org.asynchttpclient.netty.request.NettyRequestSender - Using open Channel [id: 0x91d3d97b, L:/127.0.0.1:61411 - R:localhost/127.0.0.1:64041] for POST '/session/345ede9e5b6286ee51b57e3e10978a31/execute/sync'
22:25:45.015 [AsyncHttpClient-1-2] DEBUG org.asynchttpclient.netty.handler.HttpHandler - 

Request DefaultHttpRequest(decodeResult: success, version: HTTP/1.1)
POST /session/345ede9e5b6286ee51b57e3e10978a31/execute/sync HTTP/1.1
User-Agent: selenium/4.1.2 (java windows)
Content-Length: 47339
Content-Type: application/json; charset=utf-8
host: localhost:64041
accept: */*

Response DefaultHttpResponse(decodeResult: success, version: HTTP/1.1)
HTTP/1.1 200 OK
Content-Type: application/json; charset=utf-8
cache-control: no-cache
content-length: 91

22:25:45.015 [AsyncHttpClient-1-2] DEBUG org.asynchttpclient.netty.channel.ChannelManager - Adding key: http://localhost:64041 for channel [id: 0x91d3d97b, L:/127.0.0.1:61411 - R:localhost/127.0.0.1:64041]
22:25:45.027 [Forwarding getElementAttribute on session 345ede9e5b6286ee51b57e3e10978a31 to remote] DEBUG org.asynchttpclient.netty.request.NettyRequestSender - Using pooled Channel '[id: 0x91d3d97b, L:/127.0.0.1:61411 - R:localhost/127.0.0.1:64041]' for 'POST' to 'http://localhost:64041/session/345ede9e5b6286ee51b57e3e10978a31/execute/sync'
22:25:45.027 [Forwarding getElementAttribute on session 345ede9e5b6286ee51b57e3e10978a31 to remote] DEBUG org.asynchttpclient.netty.request.NettyRequestSender - Using open Channel [id: 0x91d3d97b, L:/127.0.0.1:61411 - R:localhost/127.0.0.1:64041] for POST '/session/345ede9e5b6286ee51b57e3e10978a31/execute/sync'
22:25:45.039 [AsyncHttpClient-1-2] DEBUG org.asynchttpclient.netty.handler.HttpHandler - 

Request DefaultHttpRequest(decodeResult: success, version: HTTP/1.1)
POST /session/345ede9e5b6286ee51b57e3e10978a31/execute/sync HTTP/1.1
User-Agent: selenium/4.1.2 (java windows)
Content-Length: 47339
Content-Type: application/json; charset=utf-8
host: localhost:64041
accept: */*

Response DefaultHttpResponse(decodeResult: success, version: HTTP/1.1)
HTTP/1.1 200 OK
Content-Type: application/json; charset=utf-8
cache-control: no-cache
content-length: 88

22:25:45.039 [AsyncHttpClient-1-2] DEBUG org.asynchttpclient.netty.channel.ChannelManager - Adding key: http://localhost:64041 for channel [id: 0x91d3d97b, L:/127.0.0.1:61411 - R:localhost/127.0.0.1:64041]
22:25:45.042 [Forwarding getElementAttribute on session 345ede9e5b6286ee51b57e3e10978a31 to remote] DEBUG org.asynchttpclient.netty.request.NettyRequestSender - Using pooled Channel '[id: 0x91d3d97b, L:/127.0.0.1:61411 - R:localhost/127.0.0.1:64041]' for 'POST' to 'http://localhost:64041/session/345ede9e5b6286ee51b57e3e10978a31/execute/sync'
22:25:45.042 [Forwarding getElementAttribute on session 345ede9e5b6286ee51b57e3e10978a31 to remote] DEBUG org.asynchttpclient.netty.request.NettyRequestSender - Using open Channel [id: 0x91d3d97b, L:/127.0.0.1:61411 - R:localhost/127.0.0.1:64041] for POST '/session/345ede9e5b6286ee51b57e3e10978a31/execute/sync'
22:25:45.055 [AsyncHttpClient-1-2] DEBUG org.asynchttpclient.netty.handler.HttpHandler - 

Request DefaultHttpRequest(decodeResult: success, version: HTTP/1.1)
POST /session/345ede9e5b6286ee51b57e3e10978a31/execute/sync HTTP/1.1
User-Agent: selenium/4.1.2 (java windows)
Content-Length: 47339
Content-Type: application/json; charset=utf-8
host: localhost:64041
accept: */*

Response DefaultHttpResponse(decodeResult: success, version: HTTP/1.1)
HTTP/1.1 200 OK
Content-Type: application/json; charset=utf-8
cache-control: no-cache
content-length: 79

22:25:45.055 [AsyncHttpClient-1-2] DEBUG org.asynchttpclient.netty.channel.ChannelManager - Adding key: http://localhost:64041 for channel [id: 0x91d3d97b, L:/127.0.0.1:61411 - R:localhost/127.0.0.1:64041]
22:25:45.059 [Forwarding getElementAttribute on session 345ede9e5b6286ee51b57e3e10978a31 to remote] DEBUG org.asynchttpclient.netty.request.NettyRequestSender - Using pooled Channel '[id: 0x91d3d97b, L:/127.0.0.1:61411 - R:localhost/127.0.0.1:64041]' for 'POST' to 'http://localhost:64041/session/345ede9e5b6286ee51b57e3e10978a31/execute/sync'
22:25:45.059 [Forwarding getElementAttribute on session 345ede9e5b6286ee51b57e3e10978a31 to remote] DEBUG org.asynchttpclient.netty.request.NettyRequestSender - Using open Channel [id: 0x91d3d97b, L:/127.0.0.1:61411 - R:localhost/127.0.0.1:64041] for POST '/session/345ede9e5b6286ee51b57e3e10978a31/execute/sync'
22:25:45.068 [AsyncHttpClient-1-2] DEBUG org.asynchttpclient.netty.handler.HttpHandler - 

Request DefaultHttpRequest(decodeResult: success, version: HTTP/1.1)
POST /session/345ede9e5b6286ee51b57e3e10978a31/execute/sync HTTP/1.1
User-Agent: selenium/4.1.2 (java windows)
Content-Length: 47339
Content-Type: application/json; charset=utf-8
host: localhost:64041
accept: */*

Response DefaultHttpResponse(decodeResult: success, version: HTTP/1.1)
HTTP/1.1 200 OK
Content-Type: application/json; charset=utf-8
cache-control: no-cache
content-length: 79

22:25:45.068 [AsyncHttpClient-1-2] DEBUG org.asynchttpclient.netty.channel.ChannelManager - Adding key: http://localhost:64041 for channel [id: 0x91d3d97b, L:/127.0.0.1:61411 - R:localhost/127.0.0.1:64041]
22:25:45.071 [Forwarding getElementAttribute on session 345ede9e5b6286ee51b57e3e10978a31 to remote] DEBUG org.asynchttpclient.netty.request.NettyRequestSender - Using pooled Channel '[id: 0x91d3d97b, L:/127.0.0.1:61411 - R:localhost/127.0.0.1:64041]' for 'POST' to 'http://localhost:64041/session/345ede9e5b6286ee51b57e3e10978a31/execute/sync'
22:25:45.071 [Forwarding getElementAttribute on session 345ede9e5b6286ee51b57e3e10978a31 to remote] DEBUG org.asynchttpclient.netty.request.NettyRequestSender - Using open Channel [id: 0x91d3d97b, L:/127.0.0.1:61411 - R:localhost/127.0.0.1:64041] for POST '/session/345ede9e5b6286ee51b57e3e10978a31/execute/sync'
22:25:45.080 [AsyncHttpClient-1-2] DEBUG org.asynchttpclient.netty.handler.HttpHandler - 

Request DefaultHttpRequest(decodeResult: success, version: HTTP/1.1)
POST /session/345ede9e5b6286ee51b57e3e10978a31/execute/sync HTTP/1.1
User-Agent: selenium/4.1.2 (java windows)
Content-Length: 47339
Content-Type: application/json; charset=utf-8
host: localhost:64041
accept: */*

Response DefaultHttpResponse(decodeResult: success, version: HTTP/1.1)
HTTP/1.1 200 OK
Content-Type: application/json; charset=utf-8
cache-control: no-cache
content-length: 79

22:25:45.080 [AsyncHttpClient-1-2] DEBUG org.asynchttpclient.netty.channel.ChannelManager - Adding key: http://localhost:64041 for channel [id: 0x91d3d97b, L:/127.0.0.1:61411 - R:localhost/127.0.0.1:64041]
22:25:45.083 [Forwarding getElementAttribute on session 345ede9e5b6286ee51b57e3e10978a31 to remote] DEBUG org.asynchttpclient.netty.request.NettyRequestSender - Using pooled Channel '[id: 0x91d3d97b, L:/127.0.0.1:61411 - R:localhost/127.0.0.1:64041]' for 'POST' to 'http://localhost:64041/session/345ede9e5b6286ee51b57e3e10978a31/execute/sync'
22:25:45.083 [Forwarding getElementAttribute on session 345ede9e5b6286ee51b57e3e10978a31 to remote] DEBUG org.asynchttpclient.netty.request.NettyRequestSender - Using open Channel [id: 0x91d3d97b, L:/127.0.0.1:61411 - R:localhost/127.0.0.1:64041] for POST '/session/345ede9e5b6286ee51b57e3e10978a31/execute/sync'
22:25:45.086 [AsyncHttpClient-1-1] DEBUG org.asynchttpclient.netty.channel.DefaultChannelPool - Entry count for : http://localhost:61412 : 1
22:25:45.095 [AsyncHttpClient-1-2] DEBUG org.asynchttpclient.netty.handler.HttpHandler - 

Request DefaultHttpRequest(decodeResult: success, version: HTTP/1.1)
POST /session/345ede9e5b6286ee51b57e3e10978a31/execute/sync HTTP/1.1
User-Agent: selenium/4.1.2 (java windows)
Content-Length: 47339
Content-Type: application/json; charset=utf-8
host: localhost:64041
accept: */*

Response DefaultHttpResponse(decodeResult: success, version: HTTP/1.1)
HTTP/1.1 200 OK
Content-Type: application/json; charset=utf-8
cache-control: no-cache
content-length: 88

22:25:45.095 [AsyncHttpClient-1-2] DEBUG org.asynchttpclient.netty.channel.ChannelManager - Adding key: http://localhost:64041 for channel [id: 0x91d3d97b, L:/127.0.0.1:61411 - R:localhost/127.0.0.1:64041]
22:25:45.098 [Forwarding getElementAttribute on session 345ede9e5b6286ee51b57e3e10978a31 to remote] DEBUG org.asynchttpclient.netty.request.NettyRequestSender - Using pooled Channel '[id: 0x91d3d97b, L:/127.0.0.1:61411 - R:localhost/127.0.0.1:64041]' for 'POST' to 'http://localhost:64041/session/345ede9e5b6286ee51b57e3e10978a31/execute/sync'
22:25:45.099 [Forwarding getElementAttribute on session 345ede9e5b6286ee51b57e3e10978a31 to remote] DEBUG org.asynchttpclient.netty.request.NettyRequestSender - Using open Channel [id: 0x91d3d97b, L:/127.0.0.1:61411 - R:localhost/127.0.0.1:64041] for POST '/session/345ede9e5b6286ee51b57e3e10978a31/execute/sync'
22:25:45.107 [AsyncHttpClient-1-2] DEBUG org.asynchttpclient.netty.handler.HttpHandler - 

Request DefaultHttpRequest(decodeResult: success, version: HTTP/1.1)
POST /session/345ede9e5b6286ee51b57e3e10978a31/execute/sync HTTP/1.1
User-Agent: selenium/4.1.2 (java windows)
Content-Length: 47339
Content-Type: application/json; charset=utf-8
host: localhost:64041
accept: */*

Response DefaultHttpResponse(decodeResult: success, version: HTTP/1.1)
HTTP/1.1 200 OK
Content-Type: application/json; charset=utf-8
cache-control: no-cache
content-length: 85

22:25:45.107 [AsyncHttpClient-1-2] DEBUG org.asynchttpclient.netty.channel.ChannelManager - Adding key: http://localhost:64041 for channel [id: 0x91d3d97b, L:/127.0.0.1:61411 - R:localhost/127.0.0.1:64041]
22:25:45.110 [Forwarding getElementAttribute on session 345ede9e5b6286ee51b57e3e10978a31 to remote] DEBUG org.asynchttpclient.netty.request.NettyRequestSender - Using pooled Channel '[id: 0x91d3d97b, L:/127.0.0.1:61411 - R:localhost/127.0.0.1:64041]' for 'POST' to 'http://localhost:64041/session/345ede9e5b6286ee51b57e3e10978a31/execute/sync'
22:25:45.110 [Forwarding getElementAttribute on session 345ede9e5b6286ee51b57e3e10978a31 to remote] DEBUG org.asynchttpclient.netty.request.NettyRequestSender - Using open Channel [id: 0x91d3d97b, L:/127.0.0.1:61411 - R:localhost/127.0.0.1:64041] for POST '/session/345ede9e5b6286ee51b57e3e10978a31/execute/sync'
22:25:45.118 [AsyncHttpClient-1-2] DEBUG org.asynchttpclient.netty.handler.HttpHandler - 

Request DefaultHttpRequest(decodeResult: success, version: HTTP/1.1)
POST /session/345ede9e5b6286ee51b57e3e10978a31/execute/sync HTTP/1.1
User-Agent: selenium/4.1.2 (java windows)
Content-Length: 47339
Content-Type: application/json; charset=utf-8
host: localhost:64041
accept: */*

Response DefaultHttpResponse(decodeResult: success, version: HTTP/1.1)
HTTP/1.1 200 OK
Content-Type: application/json; charset=utf-8
cache-control: no-cache
content-length: 85

22:25:45.118 [AsyncHttpClient-1-2] DEBUG org.asynchttpclient.netty.channel.ChannelManager - Adding key: http://localhost:64041 for channel [id: 0x91d3d97b, L:/127.0.0.1:61411 - R:localhost/127.0.0.1:64041]
22:25:45.121 [Forwarding getElementAttribute on session 345ede9e5b6286ee51b57e3e10978a31 to remote] DEBUG org.asynchttpclient.netty.request.NettyRequestSender - Using pooled Channel '[id: 0x91d3d97b, L:/127.0.0.1:61411 - R:localhost/127.0.0.1:64041]' for 'POST' to 'http://localhost:64041/session/345ede9e5b6286ee51b57e3e10978a31/execute/sync'
22:25:45.121 [Forwarding getElementAttribute on session 345ede9e5b6286ee51b57e3e10978a31 to remote] DEBUG org.asynchttpclient.netty.request.NettyRequestSender - Using open Channel [id: 0x91d3d97b, L:/127.0.0.1:61411 - R:localhost/127.0.0.1:64041] for POST '/session/345ede9e5b6286ee51b57e3e10978a31/execute/sync'
22:25:45.129 [AsyncHttpClient-1-2] DEBUG org.asynchttpclient.netty.handler.HttpHandler - 

Request DefaultHttpRequest(decodeResult: success, version: HTTP/1.1)
POST /session/345ede9e5b6286ee51b57e3e10978a31/execute/sync HTTP/1.1
User-Agent: selenium/4.1.2 (java windows)
Content-Length: 47339
Content-Type: application/json; charset=utf-8
host: localhost:64041
accept: */*

Response DefaultHttpResponse(decodeResult: success, version: HTTP/1.1)
HTTP/1.1 200 OK
Content-Type: application/json; charset=utf-8
cache-control: no-cache
content-length: 91

22:25:45.129 [AsyncHttpClient-1-2] DEBUG org.asynchttpclient.netty.channel.ChannelManager - Adding key: http://localhost:64041 for channel [id: 0x91d3d97b, L:/127.0.0.1:61411 - R:localhost/127.0.0.1:64041]
22:25:45.132 [Forwarding getElementAttribute on session 345ede9e5b6286ee51b57e3e10978a31 to remote] DEBUG org.asynchttpclient.netty.request.NettyRequestSender - Using pooled Channel '[id: 0x91d3d97b, L:/127.0.0.1:61411 - R:localhost/127.0.0.1:64041]' for 'POST' to 'http://localhost:64041/session/345ede9e5b6286ee51b57e3e10978a31/execute/sync'
22:25:45.132 [Forwarding getElementAttribute on session 345ede9e5b6286ee51b57e3e10978a31 to remote] DEBUG org.asynchttpclient.netty.request.NettyRequestSender - Using open Channel [id: 0x91d3d97b, L:/127.0.0.1:61411 - R:localhost/127.0.0.1:64041] for POST '/session/345ede9e5b6286ee51b57e3e10978a31/execute/sync'
22:25:45.140 [AsyncHttpClient-1-2] DEBUG org.asynchttpclient.netty.handler.HttpHandler - 

Request DefaultHttpRequest(decodeResult: success, version: HTTP/1.1)
POST /session/345ede9e5b6286ee51b57e3e10978a31/execute/sync HTTP/1.1
User-Agent: selenium/4.1.2 (java windows)
Content-Length: 47339
Content-Type: application/json; charset=utf-8
host: localhost:64041
accept: */*

Response DefaultHttpResponse(decodeResult: success, version: HTTP/1.1)
HTTP/1.1 200 OK
Content-Type: application/json; charset=utf-8
cache-control: no-cache
content-length: 103

22:25:45.140 [AsyncHttpClient-1-2] DEBUG org.asynchttpclient.netty.channel.ChannelManager - Adding key: http://localhost:64041 for channel [id: 0x91d3d97b, L:/127.0.0.1:61411 - R:localhost/127.0.0.1:64041]
22:25:45.144 [Forwarding getElementAttribute on session 345ede9e5b6286ee51b57e3e10978a31 to remote] DEBUG org.asynchttpclient.netty.request.NettyRequestSender - Using pooled Channel '[id: 0x91d3d97b, L:/127.0.0.1:61411 - R:localhost/127.0.0.1:64041]' for 'POST' to 'http://localhost:64041/session/345ede9e5b6286ee51b57e3e10978a31/execute/sync'
22:25:45.144 [Forwarding getElementAttribute on session 345ede9e5b6286ee51b57e3e10978a31 to remote] DEBUG org.asynchttpclient.netty.request.NettyRequestSender - Using open Channel [id: 0x91d3d97b, L:/127.0.0.1:61411 - R:localhost/127.0.0.1:64041] for POST '/session/345ede9e5b6286ee51b57e3e10978a31/execute/sync'
22:25:45.152 [AsyncHttpClient-1-2] DEBUG org.asynchttpclient.netty.handler.HttpHandler - 

Request DefaultHttpRequest(decodeResult: success, version: HTTP/1.1)
POST /session/345ede9e5b6286ee51b57e3e10978a31/execute/sync HTTP/1.1
User-Agent: selenium/4.1.2 (java windows)
Content-Length: 47339
Content-Type: application/json; charset=utf-8
host: localhost:64041
accept: */*

Response DefaultHttpResponse(decodeResult: success, version: HTTP/1.1)
HTTP/1.1 200 OK
Content-Type: application/json; charset=utf-8
cache-control: no-cache
content-length: 91

22:25:45.153 [AsyncHttpClient-1-2] DEBUG org.asynchttpclient.netty.channel.ChannelManager - Adding key: http://localhost:64041 for channel [id: 0x91d3d97b, L:/127.0.0.1:61411 - R:localhost/127.0.0.1:64041]
22:25:45.156 [Forwarding getElementAttribute on session 345ede9e5b6286ee51b57e3e10978a31 to remote] DEBUG org.asynchttpclient.netty.request.NettyRequestSender - Using pooled Channel '[id: 0x91d3d97b, L:/127.0.0.1:61411 - R:localhost/127.0.0.1:64041]' for 'POST' to 'http://localhost:64041/session/345ede9e5b6286ee51b57e3e10978a31/execute/sync'
22:25:45.156 [Forwarding getElementAttribute on session 345ede9e5b6286ee51b57e3e10978a31 to remote] DEBUG org.asynchttpclient.netty.request.NettyRequestSender - Using open Channel [id: 0x91d3d97b, L:/127.0.0.1:61411 - R:localhost/127.0.0.1:64041] for POST '/session/345ede9e5b6286ee51b57e3e10978a31/execute/sync'
22:25:45.168 [AsyncHttpClient-1-2] DEBUG org.asynchttpclient.netty.handler.HttpHandler - 

Request DefaultHttpRequest(decodeResult: success, version: HTTP/1.1)
POST /session/345ede9e5b6286ee51b57e3e10978a31/execute/sync HTTP/1.1
User-Agent: selenium/4.1.2 (java windows)
Content-Length: 47339
Content-Type: application/json; charset=utf-8
host: localhost:64041
accept: */*

Response DefaultHttpResponse(decodeResult: success, version: HTTP/1.1)
HTTP/1.1 200 OK
Content-Type: application/json; charset=utf-8
cache-control: no-cache
content-length: 101

22:25:45.168 [AsyncHttpClient-1-2] DEBUG org.asynchttpclient.netty.channel.ChannelManager - Adding key: http://localhost:64041 for channel [id: 0x91d3d97b, L:/127.0.0.1:61411 - R:localhost/127.0.0.1:64041]
22:25:45.172 [Forwarding getElementAttribute on session 345ede9e5b6286ee51b57e3e10978a31 to remote] DEBUG org.asynchttpclient.netty.request.NettyRequestSender - Using pooled Channel '[id: 0x91d3d97b, L:/127.0.0.1:61411 - R:localhost/127.0.0.1:64041]' for 'POST' to 'http://localhost:64041/session/345ede9e5b6286ee51b57e3e10978a31/execute/sync'
22:25:45.172 [Forwarding getElementAttribute on session 345ede9e5b6286ee51b57e3e10978a31 to remote] DEBUG org.asynchttpclient.netty.request.NettyRequestSender - Using open Channel [id: 0x91d3d97b, L:/127.0.0.1:61411 - R:localhost/127.0.0.1:64041] for POST '/session/345ede9e5b6286ee51b57e3e10978a31/execute/sync'
22:25:45.182 [AsyncHttpClient-1-2] DEBUG org.asynchttpclient.netty.handler.HttpHandler - 

Request DefaultHttpRequest(decodeResult: success, version: HTTP/1.1)
POST /session/345ede9e5b6286ee51b57e3e10978a31/execute/sync HTTP/1.1
User-Agent: selenium/4.1.2 (java windows)
Content-Length: 47339
Content-Type: application/json; charset=utf-8
host: localhost:64041
accept: */*

Response DefaultHttpResponse(decodeResult: success, version: HTTP/1.1)
HTTP/1.1 200 OK
Content-Type: application/json; charset=utf-8
cache-control: no-cache
content-length: 105

22:25:45.183 [AsyncHttpClient-1-2] DEBUG org.asynchttpclient.netty.channel.ChannelManager - Adding key: http://localhost:64041 for channel [id: 0x91d3d97b, L:/127.0.0.1:61411 - R:localhost/127.0.0.1:64041]
22:25:45.186 [Forwarding getElementAttribute on session 345ede9e5b6286ee51b57e3e10978a31 to remote] DEBUG org.asynchttpclient.netty.request.NettyRequestSender - Using pooled Channel '[id: 0x91d3d97b, L:/127.0.0.1:61411 - R:localhost/127.0.0.1:64041]' for 'POST' to 'http://localhost:64041/session/345ede9e5b6286ee51b57e3e10978a31/execute/sync'
22:25:45.186 [Forwarding getElementAttribute on session 345ede9e5b6286ee51b57e3e10978a31 to remote] DEBUG org.asynchttpclient.netty.request.NettyRequestSender - Using open Channel [id: 0x91d3d97b, L:/127.0.0.1:61411 - R:localhost/127.0.0.1:64041] for POST '/session/345ede9e5b6286ee51b57e3e10978a31/execute/sync'
22:25:45.196 [AsyncHttpClient-1-2] DEBUG org.asynchttpclient.netty.handler.HttpHandler - 

Request DefaultHttpRequest(decodeResult: success, version: HTTP/1.1)
POST /session/345ede9e5b6286ee51b57e3e10978a31/execute/sync HTTP/1.1
User-Agent: selenium/4.1.2 (java windows)
Content-Length: 47339
Content-Type: application/json; charset=utf-8
host: localhost:64041
accept: */*

Response DefaultHttpResponse(decodeResult: success, version: HTTP/1.1)
HTTP/1.1 200 OK
Content-Type: application/json; charset=utf-8
cache-control: no-cache
content-length: 90

22:25:45.197 [AsyncHttpClient-1-2] DEBUG org.asynchttpclient.netty.channel.ChannelManager - Adding key: http://localhost:64041 for channel [id: 0x91d3d97b, L:/127.0.0.1:61411 - R:localhost/127.0.0.1:64041]
22:25:45.199 [Forwarding getElementAttribute on session 345ede9e5b6286ee51b57e3e10978a31 to remote] DEBUG org.asynchttpclient.netty.request.NettyRequestSender - Using pooled Channel '[id: 0x91d3d97b, L:/127.0.0.1:61411 - R:localhost/127.0.0.1:64041]' for 'POST' to 'http://localhost:64041/session/345ede9e5b6286ee51b57e3e10978a31/execute/sync'
22:25:45.199 [Forwarding getElementAttribute on session 345ede9e5b6286ee51b57e3e10978a31 to remote] DEBUG org.asynchttpclient.netty.request.NettyRequestSender - Using open Channel [id: 0x91d3d97b, L:/127.0.0.1:61411 - R:localhost/127.0.0.1:64041] for POST '/session/345ede9e5b6286ee51b57e3e10978a31/execute/sync'
22:25:45.211 [AsyncHttpClient-1-2] DEBUG org.asynchttpclient.netty.handler.HttpHandler - 

Request DefaultHttpRequest(decodeResult: success, version: HTTP/1.1)
POST /session/345ede9e5b6286ee51b57e3e10978a31/execute/sync HTTP/1.1
User-Agent: selenium/4.1.2 (java windows)
Content-Length: 47339
Content-Type: application/json; charset=utf-8
host: localhost:64041
accept: */*

Response DefaultHttpResponse(decodeResult: success, version: HTTP/1.1)
HTTP/1.1 200 OK
Content-Type: application/json; charset=utf-8
cache-control: no-cache
content-length: 95

22:25:45.211 [AsyncHttpClient-1-2] DEBUG org.asynchttpclient.netty.channel.ChannelManager - Adding key: http://localhost:64041 for channel [id: 0x91d3d97b, L:/127.0.0.1:61411 - R:localhost/127.0.0.1:64041]
22:25:45.217 [Forwarding getElementAttribute on session 345ede9e5b6286ee51b57e3e10978a31 to remote] DEBUG org.asynchttpclient.netty.request.NettyRequestSender - Using pooled Channel '[id: 0x91d3d97b, L:/127.0.0.1:61411 - R:localhost/127.0.0.1:64041]' for 'POST' to 'http://localhost:64041/session/345ede9e5b6286ee51b57e3e10978a31/execute/sync'
22:25:45.217 [Forwarding getElementAttribute on session 345ede9e5b6286ee51b57e3e10978a31 to remote] DEBUG org.asynchttpclient.netty.request.NettyRequestSender - Using open Channel [id: 0x91d3d97b, L:/127.0.0.1:61411 - R:localhost/127.0.0.1:64041] for POST '/session/345ede9e5b6286ee51b57e3e10978a31/execute/sync'
22:25:45.226 [AsyncHttpClient-1-2] DEBUG org.asynchttpclient.netty.handler.HttpHandler - 

Request DefaultHttpRequest(decodeResult: success, version: HTTP/1.1)
POST /session/345ede9e5b6286ee51b57e3e10978a31/execute/sync HTTP/1.1
User-Agent: selenium/4.1.2 (java windows)
Content-Length: 47339
Content-Type: application/json; charset=utf-8
host: localhost:64041
accept: */*

Response DefaultHttpResponse(decodeResult: success, version: HTTP/1.1)
HTTP/1.1 200 OK
Content-Type: application/json; charset=utf-8
cache-control: no-cache
content-length: 79

22:25:45.227 [AsyncHttpClient-1-2] DEBUG org.asynchttpclient.netty.channel.ChannelManager - Adding key: http://localhost:64041 for channel [id: 0x91d3d97b, L:/127.0.0.1:61411 - R:localhost/127.0.0.1:64041]
22:25:45.231 [Forwarding getElementAttribute on session 345ede9e5b6286ee51b57e3e10978a31 to remote] DEBUG org.asynchttpclient.netty.request.NettyRequestSender - Using pooled Channel '[id: 0x91d3d97b, L:/127.0.0.1:61411 - R:localhost/127.0.0.1:64041]' for 'POST' to 'http://localhost:64041/session/345ede9e5b6286ee51b57e3e10978a31/execute/sync'
22:25:45.231 [Forwarding getElementAttribute on session 345ede9e5b6286ee51b57e3e10978a31 to remote] DEBUG org.asynchttpclient.netty.request.NettyRequestSender - Using open Channel [id: 0x91d3d97b, L:/127.0.0.1:61411 - R:localhost/127.0.0.1:64041] for POST '/session/345ede9e5b6286ee51b57e3e10978a31/execute/sync'
22:25:45.242 [AsyncHttpClient-1-2] DEBUG org.asynchttpclient.netty.handler.HttpHandler - 

Request DefaultHttpRequest(decodeResult: success, version: HTTP/1.1)
POST /session/345ede9e5b6286ee51b57e3e10978a31/execute/sync HTTP/1.1
User-Agent: selenium/4.1.2 (java windows)
Content-Length: 47339
Content-Type: application/json; charset=utf-8
host: localhost:64041
accept: */*

Response DefaultHttpResponse(decodeResult: success, version: HTTP/1.1)
HTTP/1.1 200 OK
Content-Type: application/json; charset=utf-8
cache-control: no-cache
content-length: 65

22:25:45.242 [AsyncHttpClient-1-2] DEBUG org.asynchttpclient.netty.channel.ChannelManager - Adding key: http://localhost:64041 for channel [id: 0x91d3d97b, L:/127.0.0.1:61411 - R:localhost/127.0.0.1:64041]
22:25:45.246 [Forwarding getElementAttribute on session 345ede9e5b6286ee51b57e3e10978a31 to remote] DEBUG org.asynchttpclient.netty.request.NettyRequestSender - Using pooled Channel '[id: 0x91d3d97b, L:/127.0.0.1:61411 - R:localhost/127.0.0.1:64041]' for 'POST' to 'http://localhost:64041/session/345ede9e5b6286ee51b57e3e10978a31/execute/sync'
22:25:45.246 [Forwarding getElementAttribute on session 345ede9e5b6286ee51b57e3e10978a31 to remote] DEBUG org.asynchttpclient.netty.request.NettyRequestSender - Using open Channel [id: 0x91d3d97b, L:/127.0.0.1:61411 - R:localhost/127.0.0.1:64041] for POST '/session/345ede9e5b6286ee51b57e3e10978a31/execute/sync'
22:25:45.257 [AsyncHttpClient-1-2] DEBUG org.asynchttpclient.netty.handler.HttpHandler - 

Request DefaultHttpRequest(decodeResult: success, version: HTTP/1.1)
POST /session/345ede9e5b6286ee51b57e3e10978a31/execute/sync HTTP/1.1
User-Agent: selenium/4.1.2 (java windows)
Content-Length: 47339
Content-Type: application/json; charset=utf-8
host: localhost:64041
accept: */*

Response DefaultHttpResponse(decodeResult: success, version: HTTP/1.1)
HTTP/1.1 200 OK
Content-Type: application/json; charset=utf-8
cache-control: no-cache
content-length: 101

22:25:45.257 [AsyncHttpClient-1-2] DEBUG org.asynchttpclient.netty.channel.ChannelManager - Adding key: http://localhost:64041 for channel [id: 0x91d3d97b, L:/127.0.0.1:61411 - R:localhost/127.0.0.1:64041]
22:25:45.258 [Forwarding getElementAttribute on session 345ede9e5b6286ee51b57e3e10978a31 to remote] DEBUG org.asynchttpclient.netty.request.NettyRequestSender - Using pooled Channel '[id: 0x91d3d97b, L:/127.0.0.1:61411 - R:localhost/127.0.0.1:64041]' for 'POST' to 'http://localhost:64041/session/345ede9e5b6286ee51b57e3e10978a31/execute/sync'
22:25:45.258 [Forwarding getElementAttribute on session 345ede9e5b6286ee51b57e3e10978a31 to remote] DEBUG org.asynchttpclient.netty.request.NettyRequestSender - Using open Channel [id: 0x91d3d97b, L:/127.0.0.1:61411 - R:localhost/127.0.0.1:64041] for POST '/session/345ede9e5b6286ee51b57e3e10978a31/execute/sync'
22:25:45.268 [AsyncHttpClient-1-2] DEBUG org.asynchttpclient.netty.handler.HttpHandler - 

Request DefaultHttpRequest(decodeResult: success, version: HTTP/1.1)
POST /session/345ede9e5b6286ee51b57e3e10978a31/execute/sync HTTP/1.1
User-Agent: selenium/4.1.2 (java windows)
Content-Length: 47339
Content-Type: application/json; charset=utf-8
host: localhost:64041
accept: */*

Response DefaultHttpResponse(decodeResult: success, version: HTTP/1.1)
HTTP/1.1 200 OK
Content-Type: application/json; charset=utf-8
cache-control: no-cache
content-length: 99

22:25:45.268 [AsyncHttpClient-1-2] DEBUG org.asynchttpclient.netty.channel.ChannelManager - Adding key: http://localhost:64041 for channel [id: 0x91d3d97b, L:/127.0.0.1:61411 - R:localhost/127.0.0.1:64041]
22:25:45.268 [Forwarding getElementAttribute on session 345ede9e5b6286ee51b57e3e10978a31 to remote] DEBUG org.asynchttpclient.netty.request.NettyRequestSender - Using pooled Channel '[id: 0x91d3d97b, L:/127.0.0.1:61411 - R:localhost/127.0.0.1:64041]' for 'POST' to 'http://localhost:64041/session/345ede9e5b6286ee51b57e3e10978a31/execute/sync'
22:25:45.268 [Forwarding getElementAttribute on session 345ede9e5b6286ee51b57e3e10978a31 to remote] DEBUG org.asynchttpclient.netty.request.NettyRequestSender - Using open Channel [id: 0x91d3d97b, L:/127.0.0.1:61411 - R:localhost/127.0.0.1:64041] for POST '/session/345ede9e5b6286ee51b57e3e10978a31/execute/sync'
22:25:45.282 [AsyncHttpClient-1-2] DEBUG org.asynchttpclient.netty.handler.HttpHandler - 

Request DefaultHttpRequest(decodeResult: success, version: HTTP/1.1)
POST /session/345ede9e5b6286ee51b57e3e10978a31/execute/sync HTTP/1.1
User-Agent: selenium/4.1.2 (java windows)
Content-Length: 47339
Content-Type: application/json; charset=utf-8
host: localhost:64041
accept: */*

Response DefaultHttpResponse(decodeResult: success, version: HTTP/1.1)
HTTP/1.1 200 OK
Content-Type: application/json; charset=utf-8
cache-control: no-cache
content-length: 45

22:25:45.282 [AsyncHttpClient-1-2] DEBUG org.asynchttpclient.netty.channel.ChannelManager - Adding key: http://localhost:64041 for channel [id: 0x91d3d97b, L:/127.0.0.1:61411 - R:localhost/127.0.0.1:64041]
22:25:45.282 [Forwarding getElementAttribute on session 345ede9e5b6286ee51b57e3e10978a31 to remote] DEBUG org.asynchttpclient.netty.request.NettyRequestSender - Using pooled Channel '[id: 0x91d3d97b, L:/127.0.0.1:61411 - R:localhost/127.0.0.1:64041]' for 'POST' to 'http://localhost:64041/session/345ede9e5b6286ee51b57e3e10978a31/execute/sync'
22:25:45.282 [Forwarding getElementAttribute on session 345ede9e5b6286ee51b57e3e10978a31 to remote] DEBUG org.asynchttpclient.netty.request.NettyRequestSender - Using open Channel [id: 0x91d3d97b, L:/127.0.0.1:61411 - R:localhost/127.0.0.1:64041] for POST '/session/345ede9e5b6286ee51b57e3e10978a31/execute/sync'
22:25:45.292 [AsyncHttpClient-1-2] DEBUG org.asynchttpclient.netty.handler.HttpHandler - 

Request DefaultHttpRequest(decodeResult: success, version: HTTP/1.1)
POST /session/345ede9e5b6286ee51b57e3e10978a31/execute/sync HTTP/1.1
User-Agent: selenium/4.1.2 (java windows)
Content-Length: 47339
Content-Type: application/json; charset=utf-8
host: localhost:64041
accept: */*

Response DefaultHttpResponse(decodeResult: success, version: HTTP/1.1)
HTTP/1.1 200 OK
Content-Type: application/json; charset=utf-8
cache-control: no-cache
content-length: 69

22:25:45.292 [AsyncHttpClient-1-2] DEBUG org.asynchttpclient.netty.channel.ChannelManager - Adding key: http://localhost:64041 for channel [id: 0x91d3d97b, L:/127.0.0.1:61411 - R:localhost/127.0.0.1:64041]
22:25:45.292 [Forwarding getElementAttribute on session 345ede9e5b6286ee51b57e3e10978a31 to remote] DEBUG org.asynchttpclient.netty.request.NettyRequestSender - Using pooled Channel '[id: 0x91d3d97b, L:/127.0.0.1:61411 - R:localhost/127.0.0.1:64041]' for 'POST' to 'http://localhost:64041/session/345ede9e5b6286ee51b57e3e10978a31/execute/sync'
22:25:45.292 [Forwarding getElementAttribute on session 345ede9e5b6286ee51b57e3e10978a31 to remote] DEBUG org.asynchttpclient.netty.request.NettyRequestSender - Using open Channel [id: 0x91d3d97b, L:/127.0.0.1:61411 - R:localhost/127.0.0.1:64041] for POST '/session/345ede9e5b6286ee51b57e3e10978a31/execute/sync'
22:25:45.300 [AsyncHttpClient-1-2] DEBUG org.asynchttpclient.netty.handler.HttpHandler - 

Request DefaultHttpRequest(decodeResult: success, version: HTTP/1.1)
POST /session/345ede9e5b6286ee51b57e3e10978a31/execute/sync HTTP/1.1
User-Agent: selenium/4.1.2 (java windows)
Content-Length: 47339
Content-Type: application/json; charset=utf-8
host: localhost:64041
accept: */*

Response DefaultHttpResponse(decodeResult: success, version: HTTP/1.1)
HTTP/1.1 200 OK
Content-Type: application/json; charset=utf-8
cache-control: no-cache
content-length: 100

22:25:45.300 [AsyncHttpClient-1-2] DEBUG org.asynchttpclient.netty.channel.ChannelManager - Adding key: http://localhost:64041 for channel [id: 0x91d3d97b, L:/127.0.0.1:61411 - R:localhost/127.0.0.1:64041]
22:25:45.310 [Forwarding getElementAttribute on session 345ede9e5b6286ee51b57e3e10978a31 to remote] DEBUG org.asynchttpclient.netty.request.NettyRequestSender - Using pooled Channel '[id: 0x91d3d97b, L:/127.0.0.1:61411 - R:localhost/127.0.0.1:64041]' for 'POST' to 'http://localhost:64041/session/345ede9e5b6286ee51b57e3e10978a31/execute/sync'
22:25:45.310 [Forwarding getElementAttribute on session 345ede9e5b6286ee51b57e3e10978a31 to remote] DEBUG org.asynchttpclient.netty.request.NettyRequestSender - Using open Channel [id: 0x91d3d97b, L:/127.0.0.1:61411 - R:localhost/127.0.0.1:64041] for POST '/session/345ede9e5b6286ee51b57e3e10978a31/execute/sync'
22:25:45.320 [AsyncHttpClient-1-2] DEBUG org.asynchttpclient.netty.handler.HttpHandler - 

Request DefaultHttpRequest(decodeResult: success, version: HTTP/1.1)
POST /session/345ede9e5b6286ee51b57e3e10978a31/execute/sync HTTP/1.1
User-Agent: selenium/4.1.2 (java windows)
Content-Length: 47339
Content-Type: application/json; charset=utf-8
host: localhost:64041
accept: */*

Response DefaultHttpResponse(decodeResult: success, version: HTTP/1.1)
HTTP/1.1 200 OK
Content-Type: application/json; charset=utf-8
cache-control: no-cache
content-length: 116

22:25:45.320 [AsyncHttpClient-1-2] DEBUG org.asynchttpclient.netty.channel.ChannelManager - Adding key: http://localhost:64041 for channel [id: 0x91d3d97b, L:/127.0.0.1:61411 - R:localhost/127.0.0.1:64041]
22:25:45.320 [Forwarding getElementAttribute on session 345ede9e5b6286ee51b57e3e10978a31 to remote] DEBUG org.asynchttpclient.netty.request.NettyRequestSender - Using pooled Channel '[id: 0x91d3d97b, L:/127.0.0.1:61411 - R:localhost/127.0.0.1:64041]' for 'POST' to 'http://localhost:64041/session/345ede9e5b6286ee51b57e3e10978a31/execute/sync'
22:25:45.320 [Forwarding getElementAttribute on session 345ede9e5b6286ee51b57e3e10978a31 to remote] DEBUG org.asynchttpclient.netty.request.NettyRequestSender - Using open Channel [id: 0x91d3d97b, L:/127.0.0.1:61411 - R:localhost/127.0.0.1:64041] for POST '/session/345ede9e5b6286ee51b57e3e10978a31/execute/sync'
22:25:45.330 [AsyncHttpClient-1-2] DEBUG org.asynchttpclient.netty.handler.HttpHandler - 

Request DefaultHttpRequest(decodeResult: success, version: HTTP/1.1)
POST /session/345ede9e5b6286ee51b57e3e10978a31/execute/sync HTTP/1.1
User-Agent: selenium/4.1.2 (java windows)
Content-Length: 47339
Content-Type: application/json; charset=utf-8
host: localhost:64041
accept: */*

Response DefaultHttpResponse(decodeResult: success, version: HTTP/1.1)
HTTP/1.1 200 OK
Content-Type: application/json; charset=utf-8
cache-control: no-cache
content-length: 85

22:25:45.330 [AsyncHttpClient-1-2] DEBUG org.asynchttpclient.netty.channel.ChannelManager - Adding key: http://localhost:64041 for channel [id: 0x91d3d97b, L:/127.0.0.1:61411 - R:localhost/127.0.0.1:64041]
22:25:45.430 [main] DEBUG net.thucydides.core.steps.StepInterceptor - STARTING STEP: CampaignsStepDefinitions.userObtainsCampaignsList - {0} should see #description
22:25:45.430 [Forwarding screenshot on session 345ede9e5b6286ee51b57e3e10978a31 to remote] DEBUG org.asynchttpclient.netty.request.NettyRequestSender - Using pooled Channel '[id: 0x91d3d97b, L:/127.0.0.1:61411 - R:localhost/127.0.0.1:64041]' for 'GET' to 'http://localhost:64041/session/345ede9e5b6286ee51b57e3e10978a31/screenshot'
22:25:45.430 [Forwarding screenshot on session 345ede9e5b6286ee51b57e3e10978a31 to remote] DEBUG org.asynchttpclient.netty.request.NettyRequestSender - Using open Channel [id: 0x91d3d97b, L:/127.0.0.1:61411 - R:localhost/127.0.0.1:64041] for GET '/session/345ede9e5b6286ee51b57e3e10978a31/screenshot'
22:25:46.116 [AsyncHttpClient-1-2] DEBUG org.asynchttpclient.netty.handler.HttpHandler - 

Request DefaultFullHttpRequest(decodeResult: success, version: HTTP/1.1, content: EmptyByteBufBE)
GET /session/345ede9e5b6286ee51b57e3e10978a31/screenshot HTTP/1.1
User-Agent: selenium/4.1.2 (java windows)
Cache-Control: no-cache
Content-Type: application/json; charset=utf-8
host: localhost:64041
accept: */*

Response DefaultHttpResponse(decodeResult: success, version: HTTP/1.1)
HTTP/1.1 200 OK
Content-Type: application/json; charset=utf-8
cache-control: no-cache
content-length: 1926340

22:25:46.116 [AsyncHttpClient-1-2] DEBUG org.asynchttpclient.netty.channel.ChannelManager - Adding key: http://localhost:64041 for channel [id: 0x91d3d97b, L:/127.0.0.1:61411 - R:localhost/127.0.0.1:64041]
22:25:46.186 [AsyncHttpClient-1-1] DEBUG org.asynchttpclient.netty.channel.DefaultChannelPool - Entry count for : http://localhost:64041 : 1
22:25:46.186 [AsyncHttpClient-1-1] DEBUG org.asynchttpclient.netty.channel.DefaultChannelPool - Entry count for : http://localhost:61412 : 1
22:25:46.186 [main] DEBUG net.serenitybdd.core.photography.Darkroom - Send negative for processing for target\site\serenity\f5cf29a582d8802ff7e0c117f9ed445fe2ffc454aa112c8f8cecf75c8d8a2537.png
22:25:46.186 [main] DEBUG net.thucydides.core.steps.StepInterceptor - STEP DONE: {0} should see #description
22:25:46.186 [Darkroom Processing Line] DEBUG net.serenitybdd.core.photography.DarkroomProcessingLine - Processing screenshot image in /var/screenshots/screenshot-5994047302490748210
22:25:46.186 [Darkroom Processing Line] DEBUG net.serenitybdd.core.photography.DarkroomProcessingLine - Saving screenshot to target\site\serenity\f5cf29a582d8802ff7e0c117f9ed445fe2ffc454aa112c8f8cecf75c8d8a2537.png
22:25:46.186 [Forwarding getCurrentUrl on session 345ede9e5b6286ee51b57e3e10978a31 to remote] DEBUG org.asynchttpclient.netty.request.NettyRequestSender - Using pooled Channel '[id: 0x91d3d97b, L:/127.0.0.1:61411 - R:localhost/127.0.0.1:64041]' for 'GET' to 'http://localhost:64041/session/345ede9e5b6286ee51b57e3e10978a31/url'
22:25:46.186 [Forwarding getCurrentUrl on session 345ede9e5b6286ee51b57e3e10978a31 to remote] DEBUG org.asynchttpclient.netty.request.NettyRequestSender - Using open Channel [id: 0x91d3d97b, L:/127.0.0.1:61411 - R:localhost/127.0.0.1:64041] for GET '/session/345ede9e5b6286ee51b57e3e10978a31/url'
22:25:46.196 [AsyncHttpClient-1-2] DEBUG org.asynchttpclient.netty.handler.HttpHandler - 

Request DefaultFullHttpRequest(decodeResult: success, version: HTTP/1.1, content: EmptyByteBufBE)
GET /session/345ede9e5b6286ee51b57e3e10978a31/url HTTP/1.1
User-Agent: selenium/4.1.2 (java windows)
Cache-Control: no-cache
Content-Type: application/json; charset=utf-8
host: localhost:64041
accept: */*

Response DefaultHttpResponse(decodeResult: success, version: HTTP/1.1)
HTTP/1.1 200 OK
Content-Type: application/json; charset=utf-8
cache-control: no-cache
content-length: 58

22:25:46.196 [AsyncHttpClient-1-2] DEBUG org.asynchttpclient.netty.channel.ChannelManager - Adding key: http://localhost:64041 for channel [id: 0x91d3d97b, L:/127.0.0.1:61411 - R:localhost/127.0.0.1:64041]
22:25:46.196 [main] DEBUG net.thucydides.core.steps.StepInterceptor - STARTING STEP: CampaignsStepDefinitions.userObtainsCampaignsList - {0} should see #description
22:25:46.206 [main] DEBUG net.thucydides.core.steps.StepInterceptor - STEP DONE: {0} should see #description
22:25:46.206 [AsyncHttpClient-1-4] DEBUG org.asynchttpclient.netty.handler.WebSocketHandler - Channel Closed: [id: 0x59c6d90c, L:/127.0.0.1:61420 ! R:localhost/127.0.0.1:61412] with attribute NettyResponseFuture{currentRetry=5,
	isDone=1,
	isCancelled=0,
	asyncHandler=org.asynchttpclient.ws.WebSocketUpgradeHandler@37f2a5c7,
	nettyRequest=org.asynchttpclient.netty.request.NettyRequest@2e297d55,
	future=java.util.concurrent.CompletableFuture@7c14a943[Completed normally],
	uri=ws://localhost:61412/devtools/browser/d720d893-311f-4833-a3f8-204d93231ddf,
	keepAlive=true,
	redirectCount=0,
	timeoutsHolder=null,
	inAuth=0,
	touch=1644089133584}
22:25:46.206 [AsyncHttpClient-1-4] DEBUG org.asynchttpclient.netty.channel.ChannelManager - Closing Channel [id: 0x59c6d90c, L:/127.0.0.1:61420 ! R:localhost/127.0.0.1:61412] 
22:25:46.216 [Driver Command Executor] DEBUG org.asynchttpclient.netty.request.NettyRequestSender - Using pooled Channel '[id: 0x91d3d97b, L:/127.0.0.1:61411 - R:localhost/127.0.0.1:64041]' for 'DELETE' to 'http://localhost:64041/session/345ede9e5b6286ee51b57e3e10978a31'
22:25:46.216 [Driver Command Executor] DEBUG org.asynchttpclient.netty.request.NettyRequestSender - Using open Channel [id: 0x91d3d97b, L:/127.0.0.1:61411 - R:localhost/127.0.0.1:64041] for DELETE '/session/345ede9e5b6286ee51b57e3e10978a31'
22:25:46.550 [AsyncHttpClient-1-3] DEBUG org.asynchttpclient.netty.handler.HttpHandler - Unexpected I/O exception on channel [id: 0x6cd1274d, L:/127.0.0.1:61418 - R:localhost/127.0.0.1:61412]
java.net.SocketException: Connection reset
	at java.base/sun.nio.ch.SocketChannelImpl.throwConnectionReset(SocketChannelImpl.java:394)
	at java.base/sun.nio.ch.SocketChannelImpl.read(SocketChannelImpl.java:426)
	at io.netty.buffer.PooledByteBuf.setBytes(PooledByteBuf.java:258)
	at io.netty.buffer.AbstractByteBuf.writeBytes(AbstractByteBuf.java:1132)
	at io.netty.channel.socket.nio.NioSocketChannel.doReadBytes(NioSocketChannel.java:350)
	at io.netty.channel.nio.AbstractNioByteChannel$NioByteUnsafe.read(AbstractNioByteChannel.java:151)
	at io.netty.channel.nio.NioEventLoop.processSelectedKey(NioEventLoop.java:722)
	at io.netty.channel.nio.NioEventLoop.processSelectedKeysOptimized(NioEventLoop.java:658)
	at io.netty.channel.nio.NioEventLoop.processSelectedKeys(NioEventLoop.java:584)
	at io.netty.channel.nio.NioEventLoop.run(NioEventLoop.java:496)
	at io.netty.util.concurrent.SingleThreadEventExecutor$4.run(SingleThreadEventExecutor.java:986)
	at io.netty.util.internal.ThreadExecutorMap$2.run(ThreadExecutorMap.java:74)
	at io.netty.util.concurrent.FastThreadLocalRunnable.run(FastThreadLocalRunnable.java:30)
	at java.base/java.lang.Thread.run(Thread.java:833)
22:25:46.550 [AsyncHttpClient-1-3] DEBUG org.asynchttpclient.netty.channel.ChannelManager - Closing Channel [id: 0x6cd1274d, L:/127.0.0.1:61418 - R:localhost/127.0.0.1:61412] 
22:25:46.550 [AsyncHttpClient-1-3] DEBUG org.asynchttpclient.netty.handler.HttpHandler - Channel Closed: [id: 0x6cd1274d, L:/127.0.0.1:61418 ! R:localhost/127.0.0.1:61412] with attribute DISCARD
22:25:46.590 [AsyncHttpClient-1-2] DEBUG org.asynchttpclient.netty.handler.HttpHandler - 

Request DefaultFullHttpRequest(decodeResult: success, version: HTTP/1.1, content: EmptyByteBufBE)
DELETE /session/345ede9e5b6286ee51b57e3e10978a31 HTTP/1.1
User-Agent: selenium/4.1.2 (java windows)
Content-Type: application/json; charset=utf-8
host: localhost:64041
accept: */*

Response DefaultHttpResponse(decodeResult: success, version: HTTP/1.1)
HTTP/1.1 200 OK
Content-Type: application/json; charset=utf-8
cache-control: no-cache
content-length: 14

22:25:46.590 [AsyncHttpClient-1-2] DEBUG org.asynchttpclient.netty.channel.ChannelManager - Adding key: http://localhost:64041 for channel [id: 0x91d3d97b, L:/127.0.0.1:61411 - R:localhost/127.0.0.1:64041]
22:25:46.662 [AsyncHttpClient-1-2] DEBUG org.asynchttpclient.netty.handler.HttpHandler - Channel Closed: [id: 0x91d3d97b, L:/127.0.0.1:61411 ! R:localhost/127.0.0.1:64041] with attribute DISCARD
  &amp#27;[32mThen &amp#27;[0m&amp#27;[32muser sees the &amp#27;[0m&amp#27;[32m&amp#27;[1m"giyim-ayakkabi"&amp#27;[0m&amp#27;[32m campaigns list&amp#27;[0m                        &amp#27;[90m# stepdefinitions.CampaignsStepDefinitions.userObtainsCampaignsList(java.lang.String)&amp#27;[0m
22:25:46.770 [main] INFO  - 
  _____   ___   ___   _____     ___     _     ___   ___   ___   ___  
 |_   _| | __| / __| |_   _|   | _ \   /_\   / __| / __| | __| |   \ 
   | |   | _|  \__ \   | |     |  _/  / _ \  \__ \ \__ \ | _|  | |) |
   |_|   |___| |___/   |_|     |_|   /_/ \_\ |___/ |___/ |___| |___/ 

User clicks on category and obtains the list of campaigns
----------------------------------------------------------------------
]]></system-out>
    <system-err><![CDATA[ERROR StatusLogger Log4j2 could not find a logging implementation. Please add log4j-core to the classpath. Using SimpleLogger to log to the console...
Starting ChromeDriver 97.0.4692.71 (adefa7837d02a07a604c1e6eff0b3a09422ab88d-refs/branch-heads/4692@{#1247}) on port 64041
Only local connections are allowed.
Please see https://chromedriver.chromium.org/security-considerations for suggestions on keeping ChromeDriver safe.
ChromeDriver was started successfully.
Feb 05, 2022 10:25:33 PM org.openqa.selenium.remote.ProtocolHandshake createSession
INFO: Detected dialect: W3C
Feb 05, 2022 10:25:33 PM org.openqa.selenium.devtools.CdpVersionFinder findNearestMatch
INFO: Found exact CDP implementation for version 97
]]></system-err>
  </testcase>
  <testcase name="User clicks on category and obtains the list of campaigns #2" classname="List all campaigns" time="14.036">
    <system-out><![CDATA[
Scenario Outline: User clicks on category and obtains the list of campaigns &amp#27;[90m# src/test/resources/features/campaigns.feature:9&amp#27;[0m
22:25:46.830 [main] INFO io.cucumber.core.plugin.SerenityReporter - Running feature from file:///C:/Users/yasemin/Desktop/n11-bootcamp/n11TestAutomationCase1/src/test/resources/features/campaigns.feature
22:25:46.840 [main] DEBUG net.thucydides.core.steps.StepInterceptor - STARTING STEP: CampaignsStepDefinitions.userOpensThePage - !#title
22:25:46.850 [main] DEBUG net.thucydides.core.steps.StepInterceptor - STARTING STEP: CampaignsStepDefinitions.userOpensThePage - {0} opens the #targetPageName
22:25:46.850 [main] INFO net.serenitybdd.core.webdriver.driverproviders.ChromeDriverProvider - Using automatically driver download
22:25:47.280 [AsyncHttpClient-1-1] DEBUG org.asynchttpclient.netty.channel.DefaultChannelPool - Entry count for : http://localhost:64041 : 1
22:25:47.280 [AsyncHttpClient-1-1] DEBUG org.asynchttpclient.netty.channel.DefaultChannelPool - Entry count for : http://localhost:61412 : 1
22:25:47.280 [AsyncHttpClient-1-1] DEBUG org.asynchttpclient.netty.channel.DefaultChannelPool - Adding Candidate expired Channel [id: 0x91d3d97b, L:/127.0.0.1:61411 ! R:localhost/127.0.0.1:64041] isIdleTimeoutExpired=false isRemotelyClosed=true isTtlExpired=false
22:25:47.280 [AsyncHttpClient-1-1] DEBUG org.asynchttpclient.netty.channel.DefaultChannelPool - Closing Idle Channel [id: 0x91d3d97b, L:/127.0.0.1:61411 ! R:localhost/127.0.0.1:64041]
22:25:47.280 [AsyncHttpClient-1-1] DEBUG org.asynchttpclient.netty.channel.DefaultChannelPool - Adding Candidate expired Channel [id: 0x6cd1274d, L:/127.0.0.1:61418 ! R:localhost/127.0.0.1:61412] isIdleTimeoutExpired=false isRemotelyClosed=true isTtlExpired=false
22:25:47.280 [AsyncHttpClient-1-1] DEBUG org.asynchttpclient.netty.channel.DefaultChannelPool - Closing Idle Channel [id: 0x6cd1274d, L:/127.0.0.1:61418 ! R:localhost/127.0.0.1:61412]
22:25:47.280 [AsyncHttpClient-1-1] DEBUG org.asynchttpclient.netty.channel.DefaultChannelPool - Closed 2 connections out of 2 in 0 ms
22:25:47.710 [main] DEBUG io.github.bonigarcia.wdm.cache.ResolutionCache - Resolution chrome=97 in cache (valid until 22:28:40 05/02/2022 TRT)
22:25:47.710 [main] DEBUG io.github.bonigarcia.wdm.cache.ResolutionCache - Resolution chrome97=97.0.4692.71 in cache (valid until 00:08:14 06/02/2022 TRT)
22:25:47.710 [main] INFO io.github.bonigarcia.wdm.WebDriverManager - Using chromedriver 97.0.4692.71 (resolved driver for Chrome 97)
22:25:47.720 [main] DEBUG io.github.bonigarcia.wdm.WebDriverManager - Driver chromedriver 97.0.4692.71 found in cache
22:25:47.720 [main] INFO io.github.bonigarcia.wdm.WebDriverManager - Exporting webdriver.chrome.driver as C:\Users\yasemin\.cache\selenium\chromedriver\win32\97.0.4692.71\chromedriver.exe
22:25:49.060 [main] DEBUG net.thucydides.core.reflection.ClassFinder - Could not load class .pages.CampaignPage
22:25:49.060 [main] DEBUG net.thucydides.core.reflection.ClassFinder - Could not load class .pages.N11CampaignsMainPage
22:25:49.060 [main] DEBUG net.thucydides.core.reflection.ClassFinder - Could not load class .questions.CheckDriver
22:25:49.060 [main] DEBUG net.thucydides.core.reflection.ClassFinder - Could not load class .runners.CucumberRunner
22:25:49.060 [main] DEBUG net.thucydides.core.reflection.ClassFinder - Could not load class .stepdefinitions.CampaignsStepDefinitions
22:25:49.060 [main] DEBUG net.thucydides.core.reflection.ClassFinder - Could not load class .tasks.CheckNumOfCampaigns
22:25:49.060 [main] DEBUG net.thucydides.core.reflection.ClassFinder - Could not load class .tasks.ClickCategory
22:25:49.060 [main] DEBUG net.thucydides.core.reflection.ClassFinder - Could not load class .tasks.NavigateTo
22:25:49.060 [main] DEBUG net.thucydides.core.reflection.ClassFinder - Could not load class .tasks.WriteURLsExcel
22:25:49.060 [main] DEBUG net.thucydides.core.reflection.ClassFinder - Could not load class META-INF.versions.9.com.sun.istack.logging.StackHelper
22:25:49.060 [main] DEBUG net.thucydides.core.reflection.ClassFinder - Could not load class META-INF.versions.9.com.sun.xml.bind.v2.runtime.reflect.opt.AccessorInjector
22:25:49.060 [main] DEBUG net.thucydides.core.reflection.ClassFinder - Could not load class META-INF.versions.9.com.sun.xml.bind.v2.runtime.reflect.opt.Injector
22:25:49.060 [main] DEBUG net.thucydides.core.reflection.ClassFinder - Could not load class META-INF.versions.9.com.sun.xml.bind.v2.runtime.reflect.opt.OptimizedAccessorFactory
22:25:49.060 [main] DEBUG net.thucydides.core.reflection.ClassFinder - Could not load class META-INF.versions.9.com.sun.xml.bind.v2.runtime.reflect.opt.OptimizedTransducedAccessorFactory
22:25:49.060 [main] DEBUG net.thucydides.core.reflection.ClassFinder - Could not load class META-INF.versions.9.io.opentelemetry.sdk.internal.CurrentJavaVersionSpecific
22:25:49.060 [main] DEBUG net.thucydides.core.reflection.ClassFinder - Could not load class META-INF.versions.9.io.opentelemetry.sdk.internal.Java9VersionSpecific
22:25:49.060 [main] DEBUG net.thucydides.core.reflection.ClassFinder - Could not load class META-INF.versions.9.javax.xml.bind.ModuleUtil
22:25:49.060 [main] DEBUG net.thucydides.core.reflection.ClassFinder - Could not load class META-INF.versions.9.module-info
22:25:49.060 [main] DEBUG net.thucydides.core.reflection.ClassFinder - Could not load class META-INF.versions.9.org.apache.logging.log4j.util.Base64Util
22:25:49.060 [main] DEBUG net.thucydides.core.reflection.ClassFinder - Could not load class META-INF.versions.9.org.apache.logging.log4j.util.ProcessIdUtil
22:25:49.060 [main] DEBUG net.thucydides.core.reflection.ClassFinder - Could not load class META-INF.versions.9.org.apache.logging.log4j.util.StackLocator
22:25:49.060 [main] DEBUG net.thucydides.core.reflection.ClassFinder - Could not load class META-INF.versions.9.org.apache.logging.log4j.util.internal.DefaultObjectInputFilter
22:25:49.060 [main] DEBUG net.thucydides.core.reflection.ClassFinder - Could not load class META-INF.versions.9.org.apache.xmlbeans.impl.tool.MavenPluginResolver
22:25:49.060 [main] DEBUG net.thucydides.core.reflection.ClassFinder - Could not load class META-INF.versions.9.org.junit.platform.commons.util.ModuleUtils
22:25:49.060 [main] DEBUG net.thucydides.core.reflection.ClassFinder - Could not load class com.microsoft.schemas.office.office.STOLEUpdateMode
22:25:49.060 [main] DEBUG net.thucydides.core.reflection.ClassFinder - Could not load class com.microsoft.schemas.office.office.STScreenSize
22:25:49.060 [main] DEBUG net.thucydides.core.reflection.ClassFinder - Could not load class com.microsoft.schemas.office.visio.x2012.main.SheetType
22:25:49.060 [main] DEBUG net.thucydides.core.reflection.ClassFinder - Could not load class com.microsoft.schemas.office.word.STHorizontalAnchor
22:25:49.060 [main] DEBUG net.thucydides.core.reflection.ClassFinder - Could not load class com.microsoft.schemas.office.word.STVerticalAnchor
22:25:49.060 [main] DEBUG net.thucydides.core.reflection.ClassFinder - Could not load class com.microsoft.schemas.office.word.STWrapSide
22:25:49.060 [main] DEBUG net.thucydides.core.reflection.ClassFinder - Could not load class com.microsoft.schemas.vml.STImageAspect
22:25:49.070 [main] DEBUG net.thucydides.core.reflection.ClassFinder - Could not load class com.microsoft.schemas.vml.STStrokeArrowLength
22:25:49.070 [main] DEBUG net.thucydides.core.reflection.ClassFinder - Could not load class com.microsoft.schemas.vml.STStrokeArrowWidth
22:25:49.071 [main] DEBUG net.thucydides.core.reflection.ClassFinder - Could not load class com.microsoft.schemas.vml.STStrokeEndCap
22:25:49.071 [main] DEBUG net.thucydides.core.reflection.ClassFinder - Could not load class com.microsoft.schemas.vml.STStrokeLineStyle
22:25:49.073 [main] DEBUG net.thucydides.core.reflection.ClassFinder - Could not load class com.sun.xml.bind.v2.runtime.output.FastInfosetStreamWriterOutput
22:25:49.076 [main] DEBUG net.thucydides.core.reflection.ClassFinder - Could not load class module-info
22:25:49.079 [main] DEBUG net.thucydides.core.reflection.ClassFinder - Could not load class org.apache.logging.log4j.util.Activator
22:25:49.080 [main] DEBUG net.thucydides.core.reflection.ClassFinder - Could not load class org.apache.poi.xslf.draw.SVGImageRenderer
22:25:49.080 [main] DEBUG net.thucydides.core.reflection.ClassFinder - Could not load class org.apache.poi.xslf.draw.SVGPOIGraphics2D
22:25:49.080 [main] DEBUG net.thucydides.core.reflection.ClassFinder - Could not load class org.apache.poi.xslf.draw.SVGRenderExtension
22:25:49.080 [main] DEBUG net.thucydides.core.reflection.ClassFinder - Could not load class org.apache.poi.xslf.draw.SVGUserAgent
22:25:49.080 [main] DEBUG net.thucydides.core.reflection.ClassFinder - Could not load class org.apache.poi.xslf.util.SVGFormat
22:25:49.090 [main] DEBUG net.thucydides.core.reflection.ClassFinder - Could not load class org.apache.xmlbeans.impl.schema.TypeSystemHolder
22:25:49.090 [main] DEBUG net.thucydides.core.reflection.ClassFinder - Could not load class org.apache.xmlbeans.impl.tool.MavenPlugin
22:25:49.090 [main] DEBUG net.thucydides.core.reflection.ClassFinder - Could not load class org.apache.xmlbeans.impl.tool.MavenPluginHelp
22:25:49.090 [main] DEBUG net.thucydides.core.reflection.ClassFinder - Could not load class org.apache.xmlbeans.impl.tool.XMLBean
22:25:49.090 [main] DEBUG net.thucydides.core.reflection.ClassFinder - Could not load class org.apache.xmlbeans.impl.xpath.saxon.SaxonXPath
22:25:49.090 [main] DEBUG net.thucydides.core.reflection.ClassFinder - Could not load class org.apache.xmlbeans.impl.xpath.saxon.SaxonXQuery
22:25:49.100 [main] DEBUG net.thucydides.core.reflection.ClassFinder - Could not load class org.etsi.uri.x01903.v13.GenericTimeStampType
22:25:49.100 [main] DEBUG net.thucydides.core.reflection.ClassFinder - Could not load class org.etsi.uri.x01903.v13.QualifierType
22:25:49.110 [main] DEBUG net.thucydides.core.reflection.ClassFinder - Could not load class org.openxmlformats.schemas.drawingml.x2006.chart.CTSerAx
22:25:49.110 [main] DEBUG net.thucydides.core.reflection.ClassFinder - Could not load class org.openxmlformats.schemas.drawingml.x2006.chart.STDepthPercentUShort
22:25:49.110 [main] DEBUG net.thucydides.core.reflection.ClassFinder - Could not load class org.openxmlformats.schemas.drawingml.x2006.chart.STDepthPercentWithSymbol
22:25:49.110 [main] DEBUG net.thucydides.core.reflection.ClassFinder - Could not load class org.openxmlformats.schemas.drawingml.x2006.chart.STHPercentUShort
22:25:49.110 [main] DEBUG net.thucydides.core.reflection.ClassFinder - Could not load class org.openxmlformats.schemas.drawingml.x2006.chart.STHPercentWithSymbol
22:25:49.110 [main] DEBUG net.thucydides.core.reflection.ClassFinder - Could not load class org.openxmlformats.schemas.drawingml.x2006.chart.STHoleSizePercent
22:25:49.110 [main] DEBUG net.thucydides.core.reflection.ClassFinder - Could not load class org.openxmlformats.schemas.drawingml.x2006.chart.STHoleSizeUByte
22:25:49.110 [main] DEBUG net.thucydides.core.reflection.ClassFinder - Could not load class org.openxmlformats.schemas.drawingml.x2006.chart.STOverlapByte
22:25:49.110 [main] DEBUG net.thucydides.core.reflection.ClassFinder - Could not load class org.openxmlformats.schemas.drawingml.x2006.chart.STOverlapPercent
22:25:49.110 [main] DEBUG net.thucydides.core.reflection.ClassFinder - Could not load class org.openxmlformats.schemas.drawingml.x2006.chart.STPageSetupOrientation
22:25:49.120 [main] DEBUG net.thucydides.core.reflection.ClassFinder - Could not load class org.openxmlformats.schemas.drawingml.x2006.main.CTGroupFillProperties
22:25:49.120 [main] DEBUG net.thucydides.core.reflection.ClassFinder - Could not load class org.openxmlformats.schemas.drawingml.x2006.main.CTPath2DQuadBezierTo
22:25:49.120 [main] DEBUG net.thucydides.core.reflection.ClassFinder - Could not load class org.openxmlformats.schemas.drawingml.x2006.main.STEffectContainerType
22:25:49.120 [main] DEBUG net.thucydides.core.reflection.ClassFinder - Could not load class org.openxmlformats.schemas.drawingml.x2006.main.STPresetMaterialType
22:25:49.120 [main] DEBUG net.thucydides.core.reflection.ClassFinder - Could not load class org.openxmlformats.schemas.drawingml.x2006.wordprocessingDrawing.STAlignH
22:25:49.120 [main] DEBUG net.thucydides.core.reflection.ClassFinder - Could not load class org.openxmlformats.schemas.drawingml.x2006.wordprocessingDrawing.STAlignV
22:25:49.120 [main] DEBUG net.thucydides.core.reflection.ClassFinder - Could not load class org.openxmlformats.schemas.officeDocument.x2006.docPropsVTypes.STVectorBaseType
22:25:49.120 [main] DEBUG net.thucydides.core.reflection.ClassFinder - Could not load class org.openxmlformats.schemas.officeDocument.x2006.sharedTypes.STConformanceClass
22:25:49.120 [main] DEBUG net.thucydides.core.reflection.ClassFinder - Could not load class org.openxmlformats.schemas.presentationml.x2006.main.STDirection
22:25:49.120 [main] DEBUG net.thucydides.core.reflection.ClassFinder - Could not load class org.openxmlformats.schemas.presentationml.x2006.main.STTLTimeNodeMasterRelation
22:25:49.120 [main] DEBUG net.thucydides.core.reflection.ClassFinder - Could not load class org.openxmlformats.schemas.presentationml.x2006.main.STTLTimeNodePresetClassType
22:25:49.120 [main] DEBUG net.thucydides.core.reflection.ClassFinder - Could not load class org.openxmlformats.schemas.presentationml.x2006.main.STTLTimeNodeSyncType
22:25:49.120 [main] DEBUG net.thucydides.core.reflection.ClassFinder - Could not load class org.openxmlformats.schemas.presentationml.x2006.main.STTLTriggerEvent
22:25:49.120 [main] DEBUG net.thucydides.core.reflection.ClassFinder - Could not load class org.openxmlformats.schemas.spreadsheetml.x2006.main.STComments
22:25:49.130 [main] DEBUG net.thucydides.core.reflection.ClassFinder - Could not load class org.openxmlformats.schemas.spreadsheetml.x2006.main.STDataValidationImeMode
22:25:49.130 [main] DEBUG net.thucydides.core.reflection.ClassFinder - Could not load class org.openxmlformats.schemas.spreadsheetml.x2006.main.STFieldSortType
22:25:49.130 [main] DEBUG net.thucydides.core.reflection.ClassFinder - Could not load class org.openxmlformats.schemas.spreadsheetml.x2006.main.STOleUpdate
22:25:49.130 [main] DEBUG net.thucydides.core.reflection.ClassFinder - Could not load class org.openxmlformats.schemas.spreadsheetml.x2006.main.STPhoneticAlignment
22:25:49.130 [main] DEBUG net.thucydides.core.reflection.ClassFinder - Could not load class org.openxmlformats.schemas.spreadsheetml.x2006.main.STShowDataAs
22:25:49.130 [main] DEBUG net.thucydides.core.reflection.ClassFinder - Could not load class org.openxmlformats.schemas.spreadsheetml.x2006.main.STSortBy
22:25:49.130 [main] DEBUG net.thucydides.core.reflection.ClassFinder - Could not load class org.openxmlformats.schemas.spreadsheetml.x2006.main.STSortMethod
22:25:49.130 [main] DEBUG net.thucydides.core.reflection.ClassFinder - Could not load class org.openxmlformats.schemas.spreadsheetml.x2006.main.STTableType
22:25:49.130 [main] DEBUG net.thucydides.core.reflection.ClassFinder - Could not load class org.openxmlformats.schemas.spreadsheetml.x2006.main.STTargetScreenSize
22:25:49.130 [main] DEBUG net.thucydides.core.reflection.ClassFinder - Could not load class org.openxmlformats.schemas.spreadsheetml.x2006.main.STTotalsRowFunction
22:25:49.130 [main] DEBUG net.thucydides.core.reflection.ClassFinder - Could not load class org.openxmlformats.schemas.wordprocessingml.x2006.main.CTBookmarkRange
22:25:49.130 [main] DEBUG net.thucydides.core.reflection.ClassFinder - Could not load class org.openxmlformats.schemas.wordprocessingml.x2006.main.CTDocumentBase
22:25:49.130 [main] DEBUG net.thucydides.core.reflection.ClassFinder - Could not load class org.openxmlformats.schemas.wordprocessingml.x2006.main.CTPPrBase
22:25:49.130 [main] DEBUG net.thucydides.core.reflection.ClassFinder - Could not load class org.openxmlformats.schemas.wordprocessingml.x2006.main.CTTblGridBase
22:25:49.130 [main] DEBUG net.thucydides.core.reflection.ClassFinder - Could not load class org.openxmlformats.schemas.wordprocessingml.x2006.main.CTTblPrBase
22:25:49.130 [main] DEBUG net.thucydides.core.reflection.ClassFinder - Could not load class org.openxmlformats.schemas.wordprocessingml.x2006.main.CTTblPrExBase
22:25:49.130 [main] DEBUG net.thucydides.core.reflection.ClassFinder - Could not load class org.openxmlformats.schemas.wordprocessingml.x2006.main.CTTcPrBase
22:25:49.130 [main] DEBUG net.thucydides.core.reflection.ClassFinder - Could not load class org.openxmlformats.schemas.wordprocessingml.x2006.main.CTTcPrInner
22:25:49.130 [main] DEBUG net.thucydides.core.reflection.ClassFinder - Could not load class org.openxmlformats.schemas.wordprocessingml.x2006.main.CTTrPrBase
22:25:49.130 [main] DEBUG net.thucydides.core.reflection.ClassFinder - Could not load class org.openxmlformats.schemas.wordprocessingml.x2006.main.STChapterSep
22:25:49.130 [main] DEBUG net.thucydides.core.reflection.ClassFinder - Could not load class org.openxmlformats.schemas.wordprocessingml.x2006.main.STDropCap
22:25:49.130 [main] DEBUG net.thucydides.core.reflection.ClassFinder - Could not load class org.openxmlformats.schemas.wordprocessingml.x2006.main.STPTabAlignment
22:25:49.130 [main] DEBUG net.thucydides.core.reflection.ClassFinder - Could not load class org.openxmlformats.schemas.wordprocessingml.x2006.main.STPTabLeader
22:25:49.130 [main] DEBUG net.thucydides.core.reflection.ClassFinder - Could not load class org.openxmlformats.schemas.wordprocessingml.x2006.main.STPTabRelativeTo
22:25:49.130 [main] DEBUG net.thucydides.core.reflection.ClassFinder - Could not load class org.openxmlformats.schemas.wordprocessingml.x2006.main.STPageBorderZOrder
22:25:49.130 [main] DEBUG net.thucydides.core.reflection.ClassFinder - Could not load class org.openxmlformats.schemas.wordprocessingml.x2006.main.STZoom
22:25:49.280 [main] DEBUG net.serenitybdd.core.webdriver.driverproviders.ProvideNewDriver - Instantiating driver
22:25:49.280 [main] DEBUG net.serenitybdd.core.webdriver.driverproviders.ProvideNewDriver - Driver capabilities: Capabilities {acceptInsecureCerts: false, browserName: chrome, goog:chromeOptions: {args: [--start-maximized, --test-type, --no-sandbox, --ignore-certificate-errors, \r\n                       ..., --disable-default-apps, --disable-extensions-file-a..., \r\n                       ..., --disable-infobars,--disabl...], extensions: []}}
22:25:49.481 [AsyncHttpClient-1-5] DEBUG org.asynchttpclient.netty.channel.NettyConnectListener - Using new Channel '[id: 0xc1ffcb52, L:/127.0.0.1:61498 - R:localhost/127.0.0.1:58290]' for 'POST' to '/session'
22:25:50.717 [AsyncHttpClient-1-5] DEBUG org.asynchttpclient.netty.handler.HttpHandler - 

Request DefaultHttpRequest(decodeResult: success, version: HTTP/1.1)
POST /session HTTP/1.1
User-Agent: selenium/4.1.2 (java windows)
Content-Length: 1191
Content-Type: application/json; charset=utf-8
host: localhost:58290
accept: */*

Response DefaultHttpResponse(decodeResult: success, version: HTTP/1.1)
HTTP/1.1 200 OK
Content-Type: application/json; charset=utf-8
cache-control: no-cache
content-length: 791

22:25:50.718 [AsyncHttpClient-1-5] DEBUG org.asynchttpclient.netty.channel.ChannelManager - Adding key: http://localhost:58290 for channel [id: 0xc1ffcb52, L:/127.0.0.1:61498 - R:localhost/127.0.0.1:58290]
22:25:50.736 [AsyncHttpClient-1-6] DEBUG org.asynchttpclient.netty.channel.NettyConnectListener - Using new Channel '[id: 0x03a85468, L:/127.0.0.1:61505 - R:localhost/127.0.0.1:61499]' for 'GET' to '/json/version'
22:25:50.750 [AsyncHttpClient-1-6] DEBUG org.asynchttpclient.netty.handler.HttpHandler - 

Request DefaultFullHttpRequest(decodeResult: success, version: HTTP/1.1, content: EmptyByteBufBE)
GET /json/version HTTP/1.1
User-Agent: selenium/4.1.2 (java windows)
host: localhost:61499
accept: */*

Response DefaultHttpResponse(decodeResult: success, version: HTTP/1.1)
HTTP/1.1 200 OK
Content-Type: application/json; charset=UTF-8
content-length: 424

22:25:50.750 [AsyncHttpClient-1-6] DEBUG org.asynchttpclient.netty.channel.ChannelManager - Adding key: http://localhost:61499 for channel [id: 0x03a85468, L:/127.0.0.1:61505 - R:localhost/127.0.0.1:61499]
22:25:50.753 [AsyncHttpClient-1-7] DEBUG org.asynchttpclient.netty.channel.NettyConnectListener - Using new Channel '[id: 0x5309c418, L:/127.0.0.1:61506 - R:localhost/127.0.0.1:61499]' for 'GET' to '/devtools/browser/47d146ac-9709-4dbb-afa2-fd5dd69467de'
22:25:50.766 [AsyncHttpClient-1-7] DEBUG org.asynchttpclient.netty.handler.WebSocketHandler - 

Request DefaultFullHttpRequest(decodeResult: success, version: HTTP/1.1, content: EmptyByteBufBE)
GET /devtools/browser/47d146ac-9709-4dbb-afa2-fd5dd69467de HTTP/1.1
upgrade: websocket
connection: upgrade
sec-websocket-key: 8c1XG4jezZZTf4F7CUiN4w==
sec-websocket-version: 13
origin: http://localhost:61499
host: localhost:61499
accept: */*
user-agent: AHC/2.1

Response DefaultHttpResponse(decodeResult: success, version: HTTP/1.1)
HTTP/1.1 101 WebSocket Protocol Handshake
Upgrade: WebSocket
Connection: Upgrade
Sec-WebSocket-Accept: hQLazdBQTuGIjQSSwj7G11Hd2h0=

22:25:50.778 [Forwarding maximizeCurrentWindow on session afc2132c6a1b19deeea3c83562d92e39 to remote] DEBUG org.asynchttpclient.netty.request.NettyRequestSender - Using pooled Channel '[id: 0xc1ffcb52, L:/127.0.0.1:61498 - R:localhost/127.0.0.1:58290]' for 'POST' to 'http://localhost:58290/session/afc2132c6a1b19deeea3c83562d92e39/window/maximize'
22:25:50.778 [Forwarding maximizeCurrentWindow on session afc2132c6a1b19deeea3c83562d92e39 to remote] DEBUG org.asynchttpclient.netty.request.NettyRequestSender - Using open Channel [id: 0xc1ffcb52, L:/127.0.0.1:61498 - R:localhost/127.0.0.1:58290] for POST '/session/afc2132c6a1b19deeea3c83562d92e39/window/maximize'
22:25:50.787 [AsyncHttpClient-1-5] DEBUG org.asynchttpclient.netty.handler.HttpHandler - 

Request DefaultHttpRequest(decodeResult: success, version: HTTP/1.1)
POST /session/afc2132c6a1b19deeea3c83562d92e39/window/maximize HTTP/1.1
User-Agent: selenium/4.1.2 (java windows)
Content-Length: 3
Content-Type: application/json; charset=utf-8
host: localhost:58290
accept: */*

Response DefaultHttpResponse(decodeResult: success, version: HTTP/1.1)
HTTP/1.1 200 OK
Content-Type: application/json; charset=utf-8
cache-control: no-cache
content-length: 51

22:25:50.787 [AsyncHttpClient-1-5] DEBUG org.asynchttpclient.netty.channel.ChannelManager - Adding key: http://localhost:58290 for channel [id: 0xc1ffcb52, L:/127.0.0.1:61498 - R:localhost/127.0.0.1:58290]
22:25:51.684 [AsyncHttpClient-1-1] DEBUG org.asynchttpclient.netty.channel.DefaultChannelPool - Entry count for : http://localhost:58290 : 1
22:25:51.684 [AsyncHttpClient-1-1] DEBUG org.asynchttpclient.netty.channel.DefaultChannelPool - Entry count for : http://localhost:61499 : 1
22:25:52.082 [main] DEBUG net.thucydides.core.reflection.ClassFinder - Could not load class .pages.CampaignPage
22:25:52.082 [main] DEBUG net.thucydides.core.reflection.ClassFinder - Could not load class .pages.N11CampaignsMainPage
22:25:52.082 [main] DEBUG net.thucydides.core.reflection.ClassFinder - Could not load class .questions.CheckDriver
22:25:52.082 [main] DEBUG net.thucydides.core.reflection.ClassFinder - Could not load class .runners.CucumberRunner
22:25:52.082 [main] DEBUG net.thucydides.core.reflection.ClassFinder - Could not load class .stepdefinitions.CampaignsStepDefinitions
22:25:52.082 [main] DEBUG net.thucydides.core.reflection.ClassFinder - Could not load class .tasks.CheckNumOfCampaigns
22:25:52.082 [main] DEBUG net.thucydides.core.reflection.ClassFinder - Could not load class .tasks.ClickCategory
22:25:52.082 [main] DEBUG net.thucydides.core.reflection.ClassFinder - Could not load class .tasks.NavigateTo
22:25:52.082 [main] DEBUG net.thucydides.core.reflection.ClassFinder - Could not load class .tasks.WriteURLsExcel
22:25:52.082 [main] DEBUG net.thucydides.core.reflection.ClassFinder - Could not load class META-INF.versions.9.com.sun.istack.logging.StackHelper
22:25:52.082 [main] DEBUG net.thucydides.core.reflection.ClassFinder - Could not load class META-INF.versions.9.com.sun.xml.bind.v2.runtime.reflect.opt.AccessorInjector
22:25:52.082 [main] DEBUG net.thucydides.core.reflection.ClassFinder - Could not load class META-INF.versions.9.com.sun.xml.bind.v2.runtime.reflect.opt.Injector
22:25:52.082 [main] DEBUG net.thucydides.core.reflection.ClassFinder - Could not load class META-INF.versions.9.com.sun.xml.bind.v2.runtime.reflect.opt.OptimizedAccessorFactory
22:25:52.082 [main] DEBUG net.thucydides.core.reflection.ClassFinder - Could not load class META-INF.versions.9.com.sun.xml.bind.v2.runtime.reflect.opt.OptimizedTransducedAccessorFactory
22:25:52.082 [main] DEBUG net.thucydides.core.reflection.ClassFinder - Could not load class META-INF.versions.9.io.opentelemetry.sdk.internal.CurrentJavaVersionSpecific
22:25:52.082 [main] DEBUG net.thucydides.core.reflection.ClassFinder - Could not load class META-INF.versions.9.io.opentelemetry.sdk.internal.Java9VersionSpecific
22:25:52.082 [main] DEBUG net.thucydides.core.reflection.ClassFinder - Could not load class META-INF.versions.9.javax.xml.bind.ModuleUtil
22:25:52.082 [main] DEBUG net.thucydides.core.reflection.ClassFinder - Could not load class META-INF.versions.9.module-info
22:25:52.082 [main] DEBUG net.thucydides.core.reflection.ClassFinder - Could not load class META-INF.versions.9.org.apache.logging.log4j.util.Base64Util
22:25:52.082 [main] DEBUG net.thucydides.core.reflection.ClassFinder - Could not load class META-INF.versions.9.org.apache.logging.log4j.util.ProcessIdUtil
22:25:52.082 [main] DEBUG net.thucydides.core.reflection.ClassFinder - Could not load class META-INF.versions.9.org.apache.logging.log4j.util.StackLocator
22:25:52.082 [main] DEBUG net.thucydides.core.reflection.ClassFinder - Could not load class META-INF.versions.9.org.apache.logging.log4j.util.internal.DefaultObjectInputFilter
22:25:52.092 [main] DEBUG net.thucydides.core.reflection.ClassFinder - Could not load class META-INF.versions.9.org.apache.xmlbeans.impl.tool.MavenPluginResolver
22:25:52.092 [main] DEBUG net.thucydides.core.reflection.ClassFinder - Could not load class META-INF.versions.9.org.junit.platform.commons.util.ModuleUtils
22:25:52.092 [main] DEBUG net.thucydides.core.reflection.ClassFinder - Could not load class com.microsoft.schemas.office.office.STOLEUpdateMode
22:25:52.092 [main] DEBUG net.thucydides.core.reflection.ClassFinder - Could not load class com.microsoft.schemas.office.office.STScreenSize
22:25:52.092 [main] DEBUG net.thucydides.core.reflection.ClassFinder - Could not load class com.microsoft.schemas.office.visio.x2012.main.SheetType
22:25:52.092 [main] DEBUG net.thucydides.core.reflection.ClassFinder - Could not load class com.microsoft.schemas.office.word.STHorizontalAnchor
22:25:52.092 [main] DEBUG net.thucydides.core.reflection.ClassFinder - Could not load class com.microsoft.schemas.office.word.STVerticalAnchor
22:25:52.092 [main] DEBUG net.thucydides.core.reflection.ClassFinder - Could not load class com.microsoft.schemas.office.word.STWrapSide
22:25:52.092 [main] DEBUG net.thucydides.core.reflection.ClassFinder - Could not load class com.microsoft.schemas.vml.STImageAspect
22:25:52.102 [main] DEBUG net.thucydides.core.reflection.ClassFinder - Could not load class com.microsoft.schemas.vml.STStrokeArrowLength
22:25:52.102 [main] DEBUG net.thucydides.core.reflection.ClassFinder - Could not load class com.microsoft.schemas.vml.STStrokeArrowWidth
22:25:52.102 [main] DEBUG net.thucydides.core.reflection.ClassFinder - Could not load class com.microsoft.schemas.vml.STStrokeEndCap
22:25:52.102 [main] DEBUG net.thucydides.core.reflection.ClassFinder - Could not load class com.microsoft.schemas.vml.STStrokeLineStyle
22:25:52.102 [main] DEBUG net.thucydides.core.reflection.ClassFinder - Could not load class com.sun.xml.bind.v2.runtime.output.FastInfosetStreamWriterOutput
22:25:52.112 [main] DEBUG net.thucydides.core.reflection.ClassFinder - Could not load class module-info
22:25:52.112 [main] DEBUG net.thucydides.core.reflection.ClassFinder - Could not load class org.apache.logging.log4j.util.Activator
22:25:52.122 [main] DEBUG net.thucydides.core.reflection.ClassFinder - Could not load class org.apache.poi.xslf.draw.SVGImageRenderer
22:25:52.132 [main] DEBUG net.thucydides.core.reflection.ClassFinder - Could not load class org.apache.poi.xslf.draw.SVGPOIGraphics2D
22:25:52.132 [main] DEBUG net.thucydides.core.reflection.ClassFinder - Could not load class org.apache.poi.xslf.draw.SVGRenderExtension
22:25:52.140 [main] DEBUG net.thucydides.core.reflection.ClassFinder - Could not load class org.apache.poi.xslf.draw.SVGUserAgent
22:25:52.140 [main] DEBUG net.thucydides.core.reflection.ClassFinder - Could not load class org.apache.poi.xslf.util.SVGFormat
22:25:52.140 [main] DEBUG net.thucydides.core.reflection.ClassFinder - Could not load class org.apache.xmlbeans.impl.schema.TypeSystemHolder
22:25:52.140 [main] DEBUG net.thucydides.core.reflection.ClassFinder - Could not load class org.apache.xmlbeans.impl.tool.MavenPlugin
22:25:52.140 [main] DEBUG net.thucydides.core.reflection.ClassFinder - Could not load class org.apache.xmlbeans.impl.tool.MavenPluginHelp
22:25:52.150 [main] DEBUG net.thucydides.core.reflection.ClassFinder - Could not load class org.apache.xmlbeans.impl.tool.XMLBean
22:25:52.150 [main] DEBUG net.thucydides.core.reflection.ClassFinder - Could not load class org.apache.xmlbeans.impl.xpath.saxon.SaxonXPath
22:25:52.150 [main] DEBUG net.thucydides.core.reflection.ClassFinder - Could not load class org.apache.xmlbeans.impl.xpath.saxon.SaxonXQuery
22:25:52.170 [main] DEBUG net.thucydides.core.reflection.ClassFinder - Could not load class org.etsi.uri.x01903.v13.GenericTimeStampType
22:25:52.170 [main] DEBUG net.thucydides.core.reflection.ClassFinder - Could not load class org.etsi.uri.x01903.v13.QualifierType
22:25:52.180 [main] DEBUG net.thucydides.core.reflection.ClassFinder - Could not load class org.openxmlformats.schemas.drawingml.x2006.chart.CTSerAx
22:25:52.180 [main] DEBUG net.thucydides.core.reflection.ClassFinder - Could not load class org.openxmlformats.schemas.drawingml.x2006.chart.STDepthPercentUShort
22:25:52.180 [main] DEBUG net.thucydides.core.reflection.ClassFinder - Could not load class org.openxmlformats.schemas.drawingml.x2006.chart.STDepthPercentWithSymbol
22:25:52.180 [main] DEBUG net.thucydides.core.reflection.ClassFinder - Could not load class org.openxmlformats.schemas.drawingml.x2006.chart.STHPercentUShort
22:25:52.180 [main] DEBUG net.thucydides.core.reflection.ClassFinder - Could not load class org.openxmlformats.schemas.drawingml.x2006.chart.STHPercentWithSymbol
22:25:52.180 [main] DEBUG net.thucydides.core.reflection.ClassFinder - Could not load class org.openxmlformats.schemas.drawingml.x2006.chart.STHoleSizePercent
22:25:52.180 [main] DEBUG net.thucydides.core.reflection.ClassFinder - Could not load class org.openxmlformats.schemas.drawingml.x2006.chart.STHoleSizeUByte
22:25:52.180 [main] DEBUG net.thucydides.core.reflection.ClassFinder - Could not load class org.openxmlformats.schemas.drawingml.x2006.chart.STOverlapByte
22:25:52.180 [main] DEBUG net.thucydides.core.reflection.ClassFinder - Could not load class org.openxmlformats.schemas.drawingml.x2006.chart.STOverlapPercent
22:25:52.180 [main] DEBUG net.thucydides.core.reflection.ClassFinder - Could not load class org.openxmlformats.schemas.drawingml.x2006.chart.STPageSetupOrientation
22:25:52.180 [main] DEBUG net.thucydides.core.reflection.ClassFinder - Could not load class org.openxmlformats.schemas.drawingml.x2006.main.CTGroupFillProperties
22:25:52.180 [main] DEBUG net.thucydides.core.reflection.ClassFinder - Could not load class org.openxmlformats.schemas.drawingml.x2006.main.CTPath2DQuadBezierTo
22:25:52.180 [main] DEBUG net.thucydides.core.reflection.ClassFinder - Could not load class org.openxmlformats.schemas.drawingml.x2006.main.STEffectContainerType
22:25:52.180 [main] DEBUG net.thucydides.core.reflection.ClassFinder - Could not load class org.openxmlformats.schemas.drawingml.x2006.main.STPresetMaterialType
22:25:52.180 [main] DEBUG net.thucydides.core.reflection.ClassFinder - Could not load class org.openxmlformats.schemas.drawingml.x2006.wordprocessingDrawing.STAlignH
22:25:52.180 [main] DEBUG net.thucydides.core.reflection.ClassFinder - Could not load class org.openxmlformats.schemas.drawingml.x2006.wordprocessingDrawing.STAlignV
22:25:52.180 [main] DEBUG net.thucydides.core.reflection.ClassFinder - Could not load class org.openxmlformats.schemas.officeDocument.x2006.docPropsVTypes.STVectorBaseType
22:25:52.180 [main] DEBUG net.thucydides.core.reflection.ClassFinder - Could not load class org.openxmlformats.schemas.officeDocument.x2006.sharedTypes.STConformanceClass
22:25:52.180 [main] DEBUG net.thucydides.core.reflection.ClassFinder - Could not load class org.openxmlformats.schemas.presentationml.x2006.main.STDirection
22:25:52.180 [main] DEBUG net.thucydides.core.reflection.ClassFinder - Could not load class org.openxmlformats.schemas.presentationml.x2006.main.STTLTimeNodeMasterRelation
22:25:52.180 [main] DEBUG net.thucydides.core.reflection.ClassFinder - Could not load class org.openxmlformats.schemas.presentationml.x2006.main.STTLTimeNodePresetClassType
22:25:52.180 [main] DEBUG net.thucydides.core.reflection.ClassFinder - Could not load class org.openxmlformats.schemas.presentationml.x2006.main.STTLTimeNodeSyncType
22:25:52.190 [main] DEBUG net.thucydides.core.reflection.ClassFinder - Could not load class org.openxmlformats.schemas.presentationml.x2006.main.STTLTriggerEvent
22:25:52.190 [main] DEBUG net.thucydides.core.reflection.ClassFinder - Could not load class org.openxmlformats.schemas.spreadsheetml.x2006.main.STComments
22:25:52.190 [main] DEBUG net.thucydides.core.reflection.ClassFinder - Could not load class org.openxmlformats.schemas.spreadsheetml.x2006.main.STDataValidationImeMode
22:25:52.190 [main] DEBUG net.thucydides.core.reflection.ClassFinder - Could not load class org.openxmlformats.schemas.spreadsheetml.x2006.main.STFieldSortType
22:25:52.190 [main] DEBUG net.thucydides.core.reflection.ClassFinder - Could not load class org.openxmlformats.schemas.spreadsheetml.x2006.main.STOleUpdate
22:25:52.190 [main] DEBUG net.thucydides.core.reflection.ClassFinder - Could not load class org.openxmlformats.schemas.spreadsheetml.x2006.main.STPhoneticAlignment
22:25:52.190 [main] DEBUG net.thucydides.core.reflection.ClassFinder - Could not load class org.openxmlformats.schemas.spreadsheetml.x2006.main.STShowDataAs
22:25:52.190 [main] DEBUG net.thucydides.core.reflection.ClassFinder - Could not load class org.openxmlformats.schemas.spreadsheetml.x2006.main.STSortBy
22:25:52.190 [main] DEBUG net.thucydides.core.reflection.ClassFinder - Could not load class org.openxmlformats.schemas.spreadsheetml.x2006.main.STSortMethod
22:25:52.190 [main] DEBUG net.thucydides.core.reflection.ClassFinder - Could not load class org.openxmlformats.schemas.spreadsheetml.x2006.main.STTableType
22:25:52.190 [main] DEBUG net.thucydides.core.reflection.ClassFinder - Could not load class org.openxmlformats.schemas.spreadsheetml.x2006.main.STTargetScreenSize
22:25:52.190 [main] DEBUG net.thucydides.core.reflection.ClassFinder - Could not load class org.openxmlformats.schemas.spreadsheetml.x2006.main.STTotalsRowFunction
22:25:52.190 [main] DEBUG net.thucydides.core.reflection.ClassFinder - Could not load class org.openxmlformats.schemas.wordprocessingml.x2006.main.CTBookmarkRange
22:25:52.190 [main] DEBUG net.thucydides.core.reflection.ClassFinder - Could not load class org.openxmlformats.schemas.wordprocessingml.x2006.main.CTDocumentBase
22:25:52.190 [main] DEBUG net.thucydides.core.reflection.ClassFinder - Could not load class org.openxmlformats.schemas.wordprocessingml.x2006.main.CTPPrBase
22:25:52.190 [main] DEBUG net.thucydides.core.reflection.ClassFinder - Could not load class org.openxmlformats.schemas.wordprocessingml.x2006.main.CTTblGridBase
22:25:52.190 [main] DEBUG net.thucydides.core.reflection.ClassFinder - Could not load class org.openxmlformats.schemas.wordprocessingml.x2006.main.CTTblPrBase
22:25:52.190 [main] DEBUG net.thucydides.core.reflection.ClassFinder - Could not load class org.openxmlformats.schemas.wordprocessingml.x2006.main.CTTblPrExBase
22:25:52.190 [main] DEBUG net.thucydides.core.reflection.ClassFinder - Could not load class org.openxmlformats.schemas.wordprocessingml.x2006.main.CTTcPrBase
22:25:52.190 [main] DEBUG net.thucydides.core.reflection.ClassFinder - Could not load class org.openxmlformats.schemas.wordprocessingml.x2006.main.CTTcPrInner
22:25:52.190 [main] DEBUG net.thucydides.core.reflection.ClassFinder - Could not load class org.openxmlformats.schemas.wordprocessingml.x2006.main.CTTrPrBase
22:25:52.190 [main] DEBUG net.thucydides.core.reflection.ClassFinder - Could not load class org.openxmlformats.schemas.wordprocessingml.x2006.main.STChapterSep
22:25:52.190 [main] DEBUG net.thucydides.core.reflection.ClassFinder - Could not load class org.openxmlformats.schemas.wordprocessingml.x2006.main.STDropCap
22:25:52.190 [main] DEBUG net.thucydides.core.reflection.ClassFinder - Could not load class org.openxmlformats.schemas.wordprocessingml.x2006.main.STPTabAlignment
22:25:52.190 [main] DEBUG net.thucydides.core.reflection.ClassFinder - Could not load class org.openxmlformats.schemas.wordprocessingml.x2006.main.STPTabLeader
22:25:52.190 [main] DEBUG net.thucydides.core.reflection.ClassFinder - Could not load class org.openxmlformats.schemas.wordprocessingml.x2006.main.STPTabRelativeTo
22:25:52.190 [main] DEBUG net.thucydides.core.reflection.ClassFinder - Could not load class org.openxmlformats.schemas.wordprocessingml.x2006.main.STPageBorderZOrder
22:25:52.190 [main] DEBUG net.thucydides.core.reflection.ClassFinder - Could not load class org.openxmlformats.schemas.wordprocessingml.x2006.main.STZoom
22:25:52.200 [Forwarding get on session afc2132c6a1b19deeea3c83562d92e39 to remote] DEBUG org.asynchttpclient.netty.request.NettyRequestSender - Using pooled Channel '[id: 0xc1ffcb52, L:/127.0.0.1:61498 - R:localhost/127.0.0.1:58290]' for 'POST' to 'http://localhost:58290/session/afc2132c6a1b19deeea3c83562d92e39/url'
22:25:52.200 [Forwarding get on session afc2132c6a1b19deeea3c83562d92e39 to remote] DEBUG org.asynchttpclient.netty.request.NettyRequestSender - Using open Channel [id: 0xc1ffcb52, L:/127.0.0.1:61498 - R:localhost/127.0.0.1:58290] for POST '/session/afc2132c6a1b19deeea3c83562d92e39/url'
22:25:52.780 [AsyncHttpClient-1-1] DEBUG org.asynchttpclient.netty.channel.DefaultChannelPool - Entry count for : http://localhost:61499 : 1
22:25:53.881 [AsyncHttpClient-1-1] DEBUG org.asynchttpclient.netty.channel.DefaultChannelPool - Entry count for : http://localhost:61499 : 1
22:25:54.984 [AsyncHttpClient-1-1] DEBUG org.asynchttpclient.netty.channel.DefaultChannelPool - Entry count for : http://localhost:61499 : 1
22:25:55.544 [AsyncHttpClient-1-5] DEBUG org.asynchttpclient.netty.handler.HttpHandler - 

Request DefaultHttpRequest(decodeResult: success, version: HTTP/1.1)
POST /session/afc2132c6a1b19deeea3c83562d92e39/url HTTP/1.1
User-Agent: selenium/4.1.2 (java windows)
Content-Length: 61
Content-Type: application/json; charset=utf-8
host: localhost:58290
accept: */*

Response DefaultHttpResponse(decodeResult: success, version: HTTP/1.1)
HTTP/1.1 200 OK
Content-Type: application/json; charset=utf-8
cache-control: no-cache
content-length: 14

22:25:55.544 [AsyncHttpClient-1-5] DEBUG org.asynchttpclient.netty.channel.ChannelManager - Adding key: http://localhost:58290 for channel [id: 0xc1ffcb52, L:/127.0.0.1:61498 - R:localhost/127.0.0.1:58290]
22:25:55.546 [Forwarding setTimeout on session afc2132c6a1b19deeea3c83562d92e39 to remote] DEBUG org.asynchttpclient.netty.request.NettyRequestSender - Using pooled Channel '[id: 0xc1ffcb52, L:/127.0.0.1:61498 - R:localhost/127.0.0.1:58290]' for 'POST' to 'http://localhost:58290/session/afc2132c6a1b19deeea3c83562d92e39/timeouts'
22:25:55.546 [Forwarding setTimeout on session afc2132c6a1b19deeea3c83562d92e39 to remote] DEBUG org.asynchttpclient.netty.request.NettyRequestSender - Using open Channel [id: 0xc1ffcb52, L:/127.0.0.1:61498 - R:localhost/127.0.0.1:58290] for POST '/session/afc2132c6a1b19deeea3c83562d92e39/timeouts'
22:25:55.547 [AsyncHttpClient-1-5] DEBUG org.asynchttpclient.netty.handler.HttpHandler - 

Request DefaultHttpRequest(decodeResult: success, version: HTTP/1.1)
POST /session/afc2132c6a1b19deeea3c83562d92e39/timeouts HTTP/1.1
User-Agent: selenium/4.1.2 (java windows)
Content-Length: 22
Content-Type: application/json; charset=utf-8
host: localhost:58290
accept: */*

Response DefaultHttpResponse(decodeResult: success, version: HTTP/1.1)
HTTP/1.1 200 OK
Content-Type: application/json; charset=utf-8
cache-control: no-cache
content-length: 14

22:25:55.547 [AsyncHttpClient-1-5] DEBUG org.asynchttpclient.netty.channel.ChannelManager - Adding key: http://localhost:58290 for channel [id: 0xc1ffcb52, L:/127.0.0.1:61498 - R:localhost/127.0.0.1:58290]
22:25:55.550 [Forwarding getCurrentUrl on session afc2132c6a1b19deeea3c83562d92e39 to remote] DEBUG org.asynchttpclient.netty.request.NettyRequestSender - Using pooled Channel '[id: 0xc1ffcb52, L:/127.0.0.1:61498 - R:localhost/127.0.0.1:58290]' for 'GET' to 'http://localhost:58290/session/afc2132c6a1b19deeea3c83562d92e39/url'
22:25:55.550 [Forwarding getCurrentUrl on session afc2132c6a1b19deeea3c83562d92e39 to remote] DEBUG org.asynchttpclient.netty.request.NettyRequestSender - Using open Channel [id: 0xc1ffcb52, L:/127.0.0.1:61498 - R:localhost/127.0.0.1:58290] for GET '/session/afc2132c6a1b19deeea3c83562d92e39/url'
22:25:55.560 [AsyncHttpClient-1-5] DEBUG org.asynchttpclient.netty.handler.HttpHandler - 

Request DefaultFullHttpRequest(decodeResult: success, version: HTTP/1.1, content: EmptyByteBufBE)
GET /session/afc2132c6a1b19deeea3c83562d92e39/url HTTP/1.1
User-Agent: selenium/4.1.2 (java windows)
Cache-Control: no-cache
Content-Type: application/json; charset=utf-8
host: localhost:58290
accept: */*

Response DefaultHttpResponse(decodeResult: success, version: HTTP/1.1)
HTTP/1.1 200 OK
Content-Type: application/json; charset=utf-8
cache-control: no-cache
content-length: 43

22:25:55.560 [AsyncHttpClient-1-5] DEBUG org.asynchttpclient.netty.channel.ChannelManager - Adding key: http://localhost:58290 for channel [id: 0xc1ffcb52, L:/127.0.0.1:61498 - R:localhost/127.0.0.1:58290]
22:25:55.562 [Forwarding getCurrentUrl on session afc2132c6a1b19deeea3c83562d92e39 to remote] DEBUG org.asynchttpclient.netty.request.NettyRequestSender - Using pooled Channel '[id: 0xc1ffcb52, L:/127.0.0.1:61498 - R:localhost/127.0.0.1:58290]' for 'GET' to 'http://localhost:58290/session/afc2132c6a1b19deeea3c83562d92e39/url'
22:25:55.562 [Forwarding getCurrentUrl on session afc2132c6a1b19deeea3c83562d92e39 to remote] DEBUG org.asynchttpclient.netty.request.NettyRequestSender - Using open Channel [id: 0xc1ffcb52, L:/127.0.0.1:61498 - R:localhost/127.0.0.1:58290] for GET '/session/afc2132c6a1b19deeea3c83562d92e39/url'
22:25:55.568 [AsyncHttpClient-1-5] DEBUG org.asynchttpclient.netty.handler.HttpHandler - 

Request DefaultFullHttpRequest(decodeResult: success, version: HTTP/1.1, content: EmptyByteBufBE)
GET /session/afc2132c6a1b19deeea3c83562d92e39/url HTTP/1.1
User-Agent: selenium/4.1.2 (java windows)
Cache-Control: no-cache
Content-Type: application/json; charset=utf-8
host: localhost:58290
accept: */*

Response DefaultHttpResponse(decodeResult: success, version: HTTP/1.1)
HTTP/1.1 200 OK
Content-Type: application/json; charset=utf-8
cache-control: no-cache
content-length: 43

22:25:55.568 [AsyncHttpClient-1-5] DEBUG org.asynchttpclient.netty.channel.ChannelManager - Adding key: http://localhost:58290 for channel [id: 0xc1ffcb52, L:/127.0.0.1:61498 - R:localhost/127.0.0.1:58290]
22:25:55.579 [Forwarding screenshot on session afc2132c6a1b19deeea3c83562d92e39 to remote] DEBUG org.asynchttpclient.netty.request.NettyRequestSender - Using pooled Channel '[id: 0xc1ffcb52, L:/127.0.0.1:61498 - R:localhost/127.0.0.1:58290]' for 'GET' to 'http://localhost:58290/session/afc2132c6a1b19deeea3c83562d92e39/screenshot'
22:25:55.580 [Forwarding screenshot on session afc2132c6a1b19deeea3c83562d92e39 to remote] DEBUG org.asynchttpclient.netty.request.NettyRequestSender - Using open Channel [id: 0xc1ffcb52, L:/127.0.0.1:61498 - R:localhost/127.0.0.1:58290] for GET '/session/afc2132c6a1b19deeea3c83562d92e39/screenshot'
22:25:55.936 [AsyncHttpClient-1-5] DEBUG org.asynchttpclient.netty.handler.HttpHandler - 

Request DefaultFullHttpRequest(decodeResult: success, version: HTTP/1.1, content: EmptyByteBufBE)
GET /session/afc2132c6a1b19deeea3c83562d92e39/screenshot HTTP/1.1
User-Agent: selenium/4.1.2 (java windows)
Cache-Control: no-cache
Content-Type: application/json; charset=utf-8
host: localhost:58290
accept: */*

Response DefaultHttpResponse(decodeResult: success, version: HTTP/1.1)
HTTP/1.1 200 OK
Content-Type: application/json; charset=utf-8
cache-control: no-cache
content-length: 716148

22:25:55.946 [AsyncHttpClient-1-5] DEBUG org.asynchttpclient.netty.channel.ChannelManager - Adding key: http://localhost:58290 for channel [id: 0xc1ffcb52, L:/127.0.0.1:61498 - R:localhost/127.0.0.1:58290]
22:25:55.966 [main] DEBUG net.serenitybdd.core.photography.Darkroom - Send negative for processing for target\site\serenity\0b663212aae285cd7e928c04715213693ec5aec7e300b9c9e8ddf126ebdfce52.png
22:25:55.966 [main] DEBUG net.thucydides.core.steps.StepInterceptor - STEP DONE: {0} opens the #targetPageName
22:25:55.976 [main] DEBUG net.thucydides.core.steps.StepInterceptor - STEP DONE: !#title
  &amp#27;[32mGiven &amp#27;[0m&amp#27;[32muser opens the page&amp#27;[0m                                                 &amp#27;[90m# stepdefinitions.CampaignsStepDefinitions.userOpensThePage()&amp#27;[0m
22:25:55.991 [main] DEBUG net.thucydides.core.steps.StepInterceptor - STARTING STEP: CampaignsStepDefinitions.userClicksOnACategory - {0} clicks on #target
22:25:55.991 [main] DEBUG net.serenitybdd.screenplay.targets.IFrameSwitcher - default content already selected for Location pop-up close
22:25:55.991 [Forwarding findElement on session afc2132c6a1b19deeea3c83562d92e39 to remote] DEBUG org.asynchttpclient.netty.request.NettyRequestSender - Using pooled Channel '[id: 0xc1ffcb52, L:/127.0.0.1:61498 - R:localhost/127.0.0.1:58290]' for 'POST' to 'http://localhost:58290/session/afc2132c6a1b19deeea3c83562d92e39/element'
22:25:55.991 [Forwarding findElement on session afc2132c6a1b19deeea3c83562d92e39 to remote] DEBUG org.asynchttpclient.netty.request.NettyRequestSender - Using open Channel [id: 0xc1ffcb52, L:/127.0.0.1:61498 - R:localhost/127.0.0.1:58290] for POST '/session/afc2132c6a1b19deeea3c83562d92e39/element'
22:25:56.043 [AsyncHttpClient-1-5] DEBUG org.asynchttpclient.netty.handler.HttpHandler - 

Request DefaultHttpRequest(decodeResult: success, version: HTTP/1.1)
POST /session/afc2132c6a1b19deeea3c83562d92e39/element HTTP/1.1
User-Agent: selenium/4.1.2 (java windows)
Content-Length: 66
Content-Type: application/json; charset=utf-8
host: localhost:58290
accept: */*

Response DefaultHttpResponse(decodeResult: success, version: HTTP/1.1)
HTTP/1.1 200 OK
Content-Type: application/json; charset=utf-8
cache-control: no-cache
content-length: 88

22:25:56.043 [AsyncHttpClient-1-5] DEBUG org.asynchttpclient.netty.channel.ChannelManager - Adding key: http://localhost:58290 for channel [id: 0xc1ffcb52, L:/127.0.0.1:61498 - R:localhost/127.0.0.1:58290]
22:25:56.047 [Forwarding isElementDisplayed on session afc2132c6a1b19deeea3c83562d92e39 to remote] DEBUG org.asynchttpclient.netty.request.NettyRequestSender - Using pooled Channel '[id: 0xc1ffcb52, L:/127.0.0.1:61498 - R:localhost/127.0.0.1:58290]' for 'POST' to 'http://localhost:58290/session/afc2132c6a1b19deeea3c83562d92e39/execute/sync'
22:25:56.047 [Forwarding isElementDisplayed on session afc2132c6a1b19deeea3c83562d92e39 to remote] DEBUG org.asynchttpclient.netty.request.NettyRequestSender - Using open Channel [id: 0xc1ffcb52, L:/127.0.0.1:61498 - R:localhost/127.0.0.1:58290] for POST '/session/afc2132c6a1b19deeea3c83562d92e39/execute/sync'
22:25:56.080 [AsyncHttpClient-1-1] DEBUG org.asynchttpclient.netty.channel.DefaultChannelPool - Entry count for : http://localhost:61499 : 1
22:25:56.100 [AsyncHttpClient-1-5] DEBUG org.asynchttpclient.netty.handler.HttpHandler - 

Request DefaultHttpRequest(decodeResult: success, version: HTTP/1.1)
POST /session/afc2132c6a1b19deeea3c83562d92e39/execute/sync HTTP/1.1
User-Agent: selenium/4.1.2 (java windows)
Content-Length: 48780
Content-Type: application/json; charset=utf-8
host: localhost:58290
accept: */*

Response DefaultHttpResponse(decodeResult: success, version: HTTP/1.1)
HTTP/1.1 200 OK
Content-Type: application/json; charset=utf-8
cache-control: no-cache
content-length: 14

22:25:56.100 [AsyncHttpClient-1-5] DEBUG org.asynchttpclient.netty.channel.ChannelManager - Adding key: http://localhost:58290 for channel [id: 0xc1ffcb52, L:/127.0.0.1:61498 - R:localhost/127.0.0.1:58290]
22:25:56.100 [Forwarding findElement on session afc2132c6a1b19deeea3c83562d92e39 to remote] DEBUG org.asynchttpclient.netty.request.NettyRequestSender - Using pooled Channel '[id: 0xc1ffcb52, L:/127.0.0.1:61498 - R:localhost/127.0.0.1:58290]' for 'POST' to 'http://localhost:58290/session/afc2132c6a1b19deeea3c83562d92e39/element'
22:25:56.105 [Forwarding findElement on session afc2132c6a1b19deeea3c83562d92e39 to remote] DEBUG org.asynchttpclient.netty.request.NettyRequestSender - Using open Channel [id: 0xc1ffcb52, L:/127.0.0.1:61498 - R:localhost/127.0.0.1:58290] for POST '/session/afc2132c6a1b19deeea3c83562d92e39/element'
22:25:56.205 [AsyncHttpClient-1-5] DEBUG org.asynchttpclient.netty.handler.HttpHandler - 

Request DefaultHttpRequest(decodeResult: success, version: HTTP/1.1)
POST /session/afc2132c6a1b19deeea3c83562d92e39/element HTTP/1.1
User-Agent: selenium/4.1.2 (java windows)
Content-Length: 66
Content-Type: application/json; charset=utf-8
host: localhost:58290
accept: */*

Response DefaultHttpResponse(decodeResult: success, version: HTTP/1.1)
HTTP/1.1 200 OK
Content-Type: application/json; charset=utf-8
cache-control: no-cache
content-length: 88

22:25:56.206 [AsyncHttpClient-1-5] DEBUG org.asynchttpclient.netty.channel.ChannelManager - Adding key: http://localhost:58290 for channel [id: 0xc1ffcb52, L:/127.0.0.1:61498 - R:localhost/127.0.0.1:58290]
22:25:56.207 [Forwarding clickElement on session afc2132c6a1b19deeea3c83562d92e39 to remote] DEBUG org.asynchttpclient.netty.request.NettyRequestSender - Using pooled Channel '[id: 0xc1ffcb52, L:/127.0.0.1:61498 - R:localhost/127.0.0.1:58290]' for 'POST' to 'http://localhost:58290/session/afc2132c6a1b19deeea3c83562d92e39/element/b7cb4061-b8de-4758-b70d-53721b67407e/click'
22:25:56.207 [Forwarding clickElement on session afc2132c6a1b19deeea3c83562d92e39 to remote] DEBUG org.asynchttpclient.netty.request.NettyRequestSender - Using open Channel [id: 0xc1ffcb52, L:/127.0.0.1:61498 - R:localhost/127.0.0.1:58290] for POST '/session/afc2132c6a1b19deeea3c83562d92e39/element/b7cb4061-b8de-4758-b70d-53721b67407e/click'
22:25:56.417 [AsyncHttpClient-1-5] DEBUG org.asynchttpclient.netty.handler.HttpHandler - 

Request DefaultHttpRequest(decodeResult: success, version: HTTP/1.1)
POST /session/afc2132c6a1b19deeea3c83562d92e39/element/b7cb4061-b8de-4758-b70d-53721b67407e/click HTTP/1.1
User-Agent: selenium/4.1.2 (java windows)
Content-Length: 50
Content-Type: application/json; charset=utf-8
host: localhost:58290
accept: */*

Response DefaultHttpResponse(decodeResult: success, version: HTTP/1.1)
HTTP/1.1 200 OK
Content-Type: application/json; charset=utf-8
cache-control: no-cache
content-length: 14

22:25:56.418 [AsyncHttpClient-1-5] DEBUG org.asynchttpclient.netty.channel.ChannelManager - Adding key: http://localhost:58290 for channel [id: 0xc1ffcb52, L:/127.0.0.1:61498 - R:localhost/127.0.0.1:58290]
22:25:56.427 [Forwarding screenshot on session afc2132c6a1b19deeea3c83562d92e39 to remote] DEBUG org.asynchttpclient.netty.request.NettyRequestSender - Using pooled Channel '[id: 0xc1ffcb52, L:/127.0.0.1:61498 - R:localhost/127.0.0.1:58290]' for 'GET' to 'http://localhost:58290/session/afc2132c6a1b19deeea3c83562d92e39/screenshot'
22:25:56.427 [Forwarding screenshot on session afc2132c6a1b19deeea3c83562d92e39 to remote] DEBUG org.asynchttpclient.netty.request.NettyRequestSender - Using open Channel [id: 0xc1ffcb52, L:/127.0.0.1:61498 - R:localhost/127.0.0.1:58290] for GET '/session/afc2132c6a1b19deeea3c83562d92e39/screenshot'
22:25:56.877 [AsyncHttpClient-1-5] DEBUG org.asynchttpclient.netty.handler.HttpHandler - 

Request DefaultFullHttpRequest(decodeResult: success, version: HTTP/1.1, content: EmptyByteBufBE)
GET /session/afc2132c6a1b19deeea3c83562d92e39/screenshot HTTP/1.1
User-Agent: selenium/4.1.2 (java windows)
Cache-Control: no-cache
Content-Type: application/json; charset=utf-8
host: localhost:58290
accept: */*

Response DefaultHttpResponse(decodeResult: success, version: HTTP/1.1)
HTTP/1.1 200 OK
Content-Type: application/json; charset=utf-8
cache-control: no-cache
content-length: 715888

22:25:56.879 [AsyncHttpClient-1-5] DEBUG org.asynchttpclient.netty.channel.ChannelManager - Adding key: http://localhost:58290 for channel [id: 0xc1ffcb52, L:/127.0.0.1:61498 - R:localhost/127.0.0.1:58290]
22:25:56.900 [main] DEBUG net.serenitybdd.core.photography.Darkroom - Send negative for processing for target\site\serenity\409413ff23a1bcc481211ce8ac2e83d293d54e9db0e6aefeee42b788dcd66e66.png
22:25:56.900 [main] DEBUG net.thucydides.core.steps.StepInterceptor - STEP DONE: {0} clicks on #target
22:25:56.900 [Darkroom Processing Line] DEBUG net.serenitybdd.core.photography.DarkroomProcessingLine - Processing screenshot image in /var/screenshots/screenshot-6787342770861205903
22:25:56.900 [Darkroom Processing Line] DEBUG net.serenitybdd.core.photography.DarkroomProcessingLine - Saving screenshot to target\site\serenity\409413ff23a1bcc481211ce8ac2e83d293d54e9db0e6aefeee42b788dcd66e66.png
22:25:56.907 [main] DEBUG net.thucydides.core.steps.StepInterceptor - STARTING STEP: CampaignsStepDefinitions.userClicksOnACategory - {0} clicks on #category
22:25:56.918 [main] DEBUG net.serenitybdd.screenplay.targets.IFrameSwitcher - default content already selected for Elektronik category
22:25:56.920 [Forwarding findElements on session afc2132c6a1b19deeea3c83562d92e39 to remote] DEBUG org.asynchttpclient.netty.request.NettyRequestSender - Using pooled Channel '[id: 0xc1ffcb52, L:/127.0.0.1:61498 - R:localhost/127.0.0.1:58290]' for 'POST' to 'http://localhost:58290/session/afc2132c6a1b19deeea3c83562d92e39/elements'
22:25:56.920 [Forwarding findElements on session afc2132c6a1b19deeea3c83562d92e39 to remote] DEBUG org.asynchttpclient.netty.request.NettyRequestSender - Using open Channel [id: 0xc1ffcb52, L:/127.0.0.1:61498 - R:localhost/127.0.0.1:58290] for POST '/session/afc2132c6a1b19deeea3c83562d92e39/elements'
22:25:57.017 [AsyncHttpClient-1-5] DEBUG org.asynchttpclient.netty.handler.HttpHandler - 

Request DefaultHttpRequest(decodeResult: success, version: HTTP/1.1)
POST /session/afc2132c6a1b19deeea3c83562d92e39/elements HTTP/1.1
User-Agent: selenium/4.1.2 (java windows)
Content-Length: 74
Content-Type: application/json; charset=utf-8
host: localhost:58290
accept: */*

Response DefaultHttpResponse(decodeResult: success, version: HTTP/1.1)
HTTP/1.1 200 OK
Content-Type: application/json; charset=utf-8
cache-control: no-cache
content-length: 90

22:25:57.018 [AsyncHttpClient-1-5] DEBUG org.asynchttpclient.netty.channel.ChannelManager - Adding key: http://localhost:58290 for channel [id: 0xc1ffcb52, L:/127.0.0.1:61498 - R:localhost/127.0.0.1:58290]
22:25:57.024 [Forwarding isElementDisplayed on session afc2132c6a1b19deeea3c83562d92e39 to remote] DEBUG org.asynchttpclient.netty.request.NettyRequestSender - Using pooled Channel '[id: 0xc1ffcb52, L:/127.0.0.1:61498 - R:localhost/127.0.0.1:58290]' for 'POST' to 'http://localhost:58290/session/afc2132c6a1b19deeea3c83562d92e39/execute/sync'
22:25:57.024 [Forwarding isElementDisplayed on session afc2132c6a1b19deeea3c83562d92e39 to remote] DEBUG org.asynchttpclient.netty.request.NettyRequestSender - Using open Channel [id: 0xc1ffcb52, L:/127.0.0.1:61498 - R:localhost/127.0.0.1:58290] for POST '/session/afc2132c6a1b19deeea3c83562d92e39/execute/sync'
22:25:57.065 [AsyncHttpClient-1-5] DEBUG org.asynchttpclient.netty.handler.HttpHandler - 

Request DefaultHttpRequest(decodeResult: success, version: HTTP/1.1)
POST /session/afc2132c6a1b19deeea3c83562d92e39/execute/sync HTTP/1.1
User-Agent: selenium/4.1.2 (java windows)
Content-Length: 48780
Content-Type: application/json; charset=utf-8
host: localhost:58290
accept: */*

Response DefaultHttpResponse(decodeResult: success, version: HTTP/1.1)
HTTP/1.1 200 OK
Content-Type: application/json; charset=utf-8
cache-control: no-cache
content-length: 14

22:25:57.065 [AsyncHttpClient-1-5] DEBUG org.asynchttpclient.netty.channel.ChannelManager - Adding key: http://localhost:58290 for channel [id: 0xc1ffcb52, L:/127.0.0.1:61498 - R:localhost/127.0.0.1:58290]
22:25:57.065 [Forwarding isElementEnabled on session afc2132c6a1b19deeea3c83562d92e39 to remote] DEBUG org.asynchttpclient.netty.request.NettyRequestSender - Using pooled Channel '[id: 0xc1ffcb52, L:/127.0.0.1:61498 - R:localhost/127.0.0.1:58290]' for 'GET' to 'http://localhost:58290/session/afc2132c6a1b19deeea3c83562d92e39/element/18d2ffc5-629c-42ee-8d24-62ca01cf1604/enabled'
22:25:57.065 [Forwarding isElementEnabled on session afc2132c6a1b19deeea3c83562d92e39 to remote] DEBUG org.asynchttpclient.netty.request.NettyRequestSender - Using open Channel [id: 0xc1ffcb52, L:/127.0.0.1:61498 - R:localhost/127.0.0.1:58290] for GET '/session/afc2132c6a1b19deeea3c83562d92e39/element/18d2ffc5-629c-42ee-8d24-62ca01cf1604/enabled'
22:25:57.075 [AsyncHttpClient-1-5] DEBUG org.asynchttpclient.netty.handler.HttpHandler - 

Request DefaultFullHttpRequest(decodeResult: success, version: HTTP/1.1, content: EmptyByteBufBE)
GET /session/afc2132c6a1b19deeea3c83562d92e39/element/18d2ffc5-629c-42ee-8d24-62ca01cf1604/enabled HTTP/1.1
User-Agent: selenium/4.1.2 (java windows)
Cache-Control: no-cache
Content-Type: application/json; charset=utf-8
host: localhost:58290
accept: */*

Response DefaultHttpResponse(decodeResult: success, version: HTTP/1.1)
HTTP/1.1 200 OK
Content-Type: application/json; charset=utf-8
cache-control: no-cache
content-length: 14

22:25:57.075 [AsyncHttpClient-1-5] DEBUG org.asynchttpclient.netty.channel.ChannelManager - Adding key: http://localhost:58290 for channel [id: 0xc1ffcb52, L:/127.0.0.1:61498 - R:localhost/127.0.0.1:58290]
22:25:57.085 [main] DEBUG net.thucydides.core.steps.StepInterceptor - STARTING STEP: ClickCategory.performAs - {0} clicks on #target
22:25:57.085 [main] DEBUG net.serenitybdd.screenplay.targets.IFrameSwitcher - default content already selected for Elektronik category
22:25:57.095 [Forwarding findElement on session afc2132c6a1b19deeea3c83562d92e39 to remote] DEBUG org.asynchttpclient.netty.request.NettyRequestSender - Using pooled Channel '[id: 0xc1ffcb52, L:/127.0.0.1:61498 - R:localhost/127.0.0.1:58290]' for 'POST' to 'http://localhost:58290/session/afc2132c6a1b19deeea3c83562d92e39/element'
22:25:57.095 [Forwarding findElement on session afc2132c6a1b19deeea3c83562d92e39 to remote] DEBUG org.asynchttpclient.netty.request.NettyRequestSender - Using open Channel [id: 0xc1ffcb52, L:/127.0.0.1:61498 - R:localhost/127.0.0.1:58290] for POST '/session/afc2132c6a1b19deeea3c83562d92e39/element'
22:25:57.115 [AsyncHttpClient-1-5] DEBUG org.asynchttpclient.netty.handler.HttpHandler - 

Request DefaultHttpRequest(decodeResult: success, version: HTTP/1.1)
POST /session/afc2132c6a1b19deeea3c83562d92e39/element HTTP/1.1
User-Agent: selenium/4.1.2 (java windows)
Content-Length: 74
Content-Type: application/json; charset=utf-8
host: localhost:58290
accept: */*

Response DefaultHttpResponse(decodeResult: success, version: HTTP/1.1)
HTTP/1.1 200 OK
Content-Type: application/json; charset=utf-8
cache-control: no-cache
content-length: 88

22:25:57.115 [AsyncHttpClient-1-5] DEBUG org.asynchttpclient.netty.channel.ChannelManager - Adding key: http://localhost:58290 for channel [id: 0xc1ffcb52, L:/127.0.0.1:61498 - R:localhost/127.0.0.1:58290]
22:25:57.115 [Forwarding isElementDisplayed on session afc2132c6a1b19deeea3c83562d92e39 to remote] DEBUG org.asynchttpclient.netty.request.NettyRequestSender - Using pooled Channel '[id: 0xc1ffcb52, L:/127.0.0.1:61498 - R:localhost/127.0.0.1:58290]' for 'POST' to 'http://localhost:58290/session/afc2132c6a1b19deeea3c83562d92e39/execute/sync'
22:25:57.115 [Forwarding isElementDisplayed on session afc2132c6a1b19deeea3c83562d92e39 to remote] DEBUG org.asynchttpclient.netty.request.NettyRequestSender - Using open Channel [id: 0xc1ffcb52, L:/127.0.0.1:61498 - R:localhost/127.0.0.1:58290] for POST '/session/afc2132c6a1b19deeea3c83562d92e39/execute/sync'
22:25:57.135 [AsyncHttpClient-1-5] DEBUG org.asynchttpclient.netty.handler.HttpHandler - 

Request DefaultHttpRequest(decodeResult: success, version: HTTP/1.1)
POST /session/afc2132c6a1b19deeea3c83562d92e39/execute/sync HTTP/1.1
User-Agent: selenium/4.1.2 (java windows)
Content-Length: 48780
Content-Type: application/json; charset=utf-8
host: localhost:58290
accept: */*

Response DefaultHttpResponse(decodeResult: success, version: HTTP/1.1)
HTTP/1.1 200 OK
Content-Type: application/json; charset=utf-8
cache-control: no-cache
content-length: 14

22:25:57.135 [AsyncHttpClient-1-5] DEBUG org.asynchttpclient.netty.channel.ChannelManager - Adding key: http://localhost:58290 for channel [id: 0xc1ffcb52, L:/127.0.0.1:61498 - R:localhost/127.0.0.1:58290]
22:25:57.135 [Forwarding findElement on session afc2132c6a1b19deeea3c83562d92e39 to remote] DEBUG org.asynchttpclient.netty.request.NettyRequestSender - Using pooled Channel '[id: 0xc1ffcb52, L:/127.0.0.1:61498 - R:localhost/127.0.0.1:58290]' for 'POST' to 'http://localhost:58290/session/afc2132c6a1b19deeea3c83562d92e39/element'
22:25:57.135 [Forwarding findElement on session afc2132c6a1b19deeea3c83562d92e39 to remote] DEBUG org.asynchttpclient.netty.request.NettyRequestSender - Using open Channel [id: 0xc1ffcb52, L:/127.0.0.1:61498 - R:localhost/127.0.0.1:58290] for POST '/session/afc2132c6a1b19deeea3c83562d92e39/element'
22:25:57.145 [AsyncHttpClient-1-5] DEBUG org.asynchttpclient.netty.handler.HttpHandler - 

Request DefaultHttpRequest(decodeResult: success, version: HTTP/1.1)
POST /session/afc2132c6a1b19deeea3c83562d92e39/element HTTP/1.1
User-Agent: selenium/4.1.2 (java windows)
Content-Length: 74
Content-Type: application/json; charset=utf-8
host: localhost:58290
accept: */*

Response DefaultHttpResponse(decodeResult: success, version: HTTP/1.1)
HTTP/1.1 200 OK
Content-Type: application/json; charset=utf-8
cache-control: no-cache
content-length: 88

22:25:57.145 [AsyncHttpClient-1-5] DEBUG org.asynchttpclient.netty.channel.ChannelManager - Adding key: http://localhost:58290 for channel [id: 0xc1ffcb52, L:/127.0.0.1:61498 - R:localhost/127.0.0.1:58290]
22:25:57.145 [Forwarding clickElement on session afc2132c6a1b19deeea3c83562d92e39 to remote] DEBUG org.asynchttpclient.netty.request.NettyRequestSender - Using pooled Channel '[id: 0xc1ffcb52, L:/127.0.0.1:61498 - R:localhost/127.0.0.1:58290]' for 'POST' to 'http://localhost:58290/session/afc2132c6a1b19deeea3c83562d92e39/element/18d2ffc5-629c-42ee-8d24-62ca01cf1604/click'
22:25:57.145 [Forwarding clickElement on session afc2132c6a1b19deeea3c83562d92e39 to remote] DEBUG org.asynchttpclient.netty.request.NettyRequestSender - Using open Channel [id: 0xc1ffcb52, L:/127.0.0.1:61498 - R:localhost/127.0.0.1:58290] for POST '/session/afc2132c6a1b19deeea3c83562d92e39/element/18d2ffc5-629c-42ee-8d24-62ca01cf1604/click'
22:25:57.179 [AsyncHttpClient-1-1] DEBUG org.asynchttpclient.netty.channel.DefaultChannelPool - Entry count for : http://localhost:61499 : 1
22:25:57.250 [AsyncHttpClient-1-5] DEBUG org.asynchttpclient.netty.handler.HttpHandler - 

Request DefaultHttpRequest(decodeResult: success, version: HTTP/1.1)
POST /session/afc2132c6a1b19deeea3c83562d92e39/element/18d2ffc5-629c-42ee-8d24-62ca01cf1604/click HTTP/1.1
User-Agent: selenium/4.1.2 (java windows)
Content-Length: 50
Content-Type: application/json; charset=utf-8
host: localhost:58290
accept: */*

Response DefaultHttpResponse(decodeResult: success, version: HTTP/1.1)
HTTP/1.1 200 OK
Content-Type: application/json; charset=utf-8
cache-control: no-cache
content-length: 14

22:25:57.250 [AsyncHttpClient-1-5] DEBUG org.asynchttpclient.netty.channel.ChannelManager - Adding key: http://localhost:58290 for channel [id: 0xc1ffcb52, L:/127.0.0.1:61498 - R:localhost/127.0.0.1:58290]
22:25:57.275 [Forwarding screenshot on session afc2132c6a1b19deeea3c83562d92e39 to remote] DEBUG org.asynchttpclient.netty.request.NettyRequestSender - Using pooled Channel '[id: 0xc1ffcb52, L:/127.0.0.1:61498 - R:localhost/127.0.0.1:58290]' for 'GET' to 'http://localhost:58290/session/afc2132c6a1b19deeea3c83562d92e39/screenshot'
22:25:57.275 [Forwarding screenshot on session afc2132c6a1b19deeea3c83562d92e39 to remote] DEBUG org.asynchttpclient.netty.request.NettyRequestSender - Using open Channel [id: 0xc1ffcb52, L:/127.0.0.1:61498 - R:localhost/127.0.0.1:58290] for GET '/session/afc2132c6a1b19deeea3c83562d92e39/screenshot'
22:25:57.773 [AsyncHttpClient-1-5] DEBUG org.asynchttpclient.netty.handler.HttpHandler - 

Request DefaultFullHttpRequest(decodeResult: success, version: HTTP/1.1, content: EmptyByteBufBE)
GET /session/afc2132c6a1b19deeea3c83562d92e39/screenshot HTTP/1.1
User-Agent: selenium/4.1.2 (java windows)
Cache-Control: no-cache
Content-Type: application/json; charset=utf-8
host: localhost:58290
accept: */*

Response DefaultHttpResponse(decodeResult: success, version: HTTP/1.1)
HTTP/1.1 200 OK
Content-Type: application/json; charset=utf-8
cache-control: no-cache
content-length: 134436

22:25:57.774 [AsyncHttpClient-1-5] DEBUG org.asynchttpclient.netty.channel.ChannelManager - Adding key: http://localhost:58290 for channel [id: 0xc1ffcb52, L:/127.0.0.1:61498 - R:localhost/127.0.0.1:58290]
22:25:57.778 [main] DEBUG net.serenitybdd.core.photography.Darkroom - Send negative for processing for target\site\serenity\652bf82a374a11b1a5338c763ee1e1e728793e3a82f2c8e803b6695d6791b0b6.png
22:25:57.779 [main] DEBUG net.thucydides.core.steps.StepInterceptor - STEP DONE: {0} clicks on #target
22:25:57.779 [Darkroom Processing Line] DEBUG net.serenitybdd.core.photography.DarkroomProcessingLine - Processing screenshot image in /var/screenshots/screenshot-2736137187485885718
22:25:57.779 [Darkroom Processing Line] DEBUG net.serenitybdd.core.photography.DarkroomProcessingLine - Saving screenshot to target\site\serenity\652bf82a374a11b1a5338c763ee1e1e728793e3a82f2c8e803b6695d6791b0b6.png
22:25:57.792 [main] DEBUG net.thucydides.core.steps.StepInterceptor - STEP DONE: {0} clicks on #category
  &amp#27;[32mWhen &amp#27;[0m&amp#27;[32muser clicks on &amp#27;[0m&amp#27;[32m&amp#27;[1m"elektronik"&amp#27;[0m                                          &amp#27;[90m# stepdefinitions.CampaignsStepDefinitions.userClicksOnACategory(java.lang.String)&amp#27;[0m
22:25:57.812 [Forwarding findElements on session afc2132c6a1b19deeea3c83562d92e39 to remote] DEBUG org.asynchttpclient.netty.request.NettyRequestSender - Using pooled Channel '[id: 0xc1ffcb52, L:/127.0.0.1:61498 - R:localhost/127.0.0.1:58290]' for 'POST' to 'http://localhost:58290/session/afc2132c6a1b19deeea3c83562d92e39/elements'
22:25:57.812 [Forwarding findElements on session afc2132c6a1b19deeea3c83562d92e39 to remote] DEBUG org.asynchttpclient.netty.request.NettyRequestSender - Using open Channel [id: 0xc1ffcb52, L:/127.0.0.1:61498 - R:localhost/127.0.0.1:58290] for POST '/session/afc2132c6a1b19deeea3c83562d92e39/elements'
22:25:57.854 [AsyncHttpClient-1-5] DEBUG org.asynchttpclient.netty.handler.HttpHandler - 

Request DefaultHttpRequest(decodeResult: success, version: HTTP/1.1)
POST /session/afc2132c6a1b19deeea3c83562d92e39/elements HTTP/1.1
User-Agent: selenium/4.1.2 (java windows)
Content-Length: 84
Content-Type: application/json; charset=utf-8
host: localhost:58290
accept: */*

Response DefaultHttpResponse(decodeResult: success, version: HTTP/1.1)
HTTP/1.1 200 OK
Content-Type: application/json; charset=utf-8
cache-control: no-cache
content-length: 3487

22:25:57.854 [AsyncHttpClient-1-5] DEBUG org.asynchttpclient.netty.channel.ChannelManager - Adding key: http://localhost:58290 for channel [id: 0xc1ffcb52, L:/127.0.0.1:61498 - R:localhost/127.0.0.1:58290]
22:25:57.856 [Forwarding findElement on session afc2132c6a1b19deeea3c83562d92e39 to remote] DEBUG org.asynchttpclient.netty.request.NettyRequestSender - Using pooled Channel '[id: 0xc1ffcb52, L:/127.0.0.1:61498 - R:localhost/127.0.0.1:58290]' for 'POST' to 'http://localhost:58290/session/afc2132c6a1b19deeea3c83562d92e39/element'
22:25:57.857 [Forwarding findElement on session afc2132c6a1b19deeea3c83562d92e39 to remote] DEBUG org.asynchttpclient.netty.request.NettyRequestSender - Using open Channel [id: 0xc1ffcb52, L:/127.0.0.1:61498 - R:localhost/127.0.0.1:58290] for POST '/session/afc2132c6a1b19deeea3c83562d92e39/element'
22:25:57.894 [AsyncHttpClient-1-5] DEBUG org.asynchttpclient.netty.handler.HttpHandler - 

Request DefaultHttpRequest(decodeResult: success, version: HTTP/1.1)
POST /session/afc2132c6a1b19deeea3c83562d92e39/element HTTP/1.1
User-Agent: selenium/4.1.2 (java windows)
Content-Length: 74
Content-Type: application/json; charset=utf-8
host: localhost:58290
accept: */*

Response DefaultHttpResponse(decodeResult: success, version: HTTP/1.1)
HTTP/1.1 200 OK
Content-Type: application/json; charset=utf-8
cache-control: no-cache
content-length: 88

22:25:57.894 [AsyncHttpClient-1-5] DEBUG org.asynchttpclient.netty.channel.ChannelManager - Adding key: http://localhost:58290 for channel [id: 0xc1ffcb52, L:/127.0.0.1:61498 - R:localhost/127.0.0.1:58290]
22:25:57.898 [Forwarding getElementAttribute on session afc2132c6a1b19deeea3c83562d92e39 to remote] DEBUG org.asynchttpclient.netty.request.NettyRequestSender - Using pooled Channel '[id: 0xc1ffcb52, L:/127.0.0.1:61498 - R:localhost/127.0.0.1:58290]' for 'POST' to 'http://localhost:58290/session/afc2132c6a1b19deeea3c83562d92e39/execute/sync'
22:25:57.898 [Forwarding getElementAttribute on session afc2132c6a1b19deeea3c83562d92e39 to remote] DEBUG org.asynchttpclient.netty.request.NettyRequestSender - Using open Channel [id: 0xc1ffcb52, L:/127.0.0.1:61498 - R:localhost/127.0.0.1:58290] for POST '/session/afc2132c6a1b19deeea3c83562d92e39/execute/sync'
22:25:57.922 [AsyncHttpClient-1-5] DEBUG org.asynchttpclient.netty.handler.HttpHandler - 

Request DefaultHttpRequest(decodeResult: success, version: HTTP/1.1)
POST /session/afc2132c6a1b19deeea3c83562d92e39/execute/sync HTTP/1.1
User-Agent: selenium/4.1.2 (java windows)
Content-Length: 47339
Content-Type: application/json; charset=utf-8
host: localhost:58290
accept: */*

Response DefaultHttpResponse(decodeResult: success, version: HTTP/1.1)
HTTP/1.1 200 OK
Content-Type: application/json; charset=utf-8
cache-control: no-cache
content-length: 83

22:25:57.922 [AsyncHttpClient-1-5] DEBUG org.asynchttpclient.netty.channel.ChannelManager - Adding key: http://localhost:58290 for channel [id: 0xc1ffcb52, L:/127.0.0.1:61498 - R:localhost/127.0.0.1:58290]
22:25:57.926 [Forwarding getElementAttribute on session afc2132c6a1b19deeea3c83562d92e39 to remote] DEBUG org.asynchttpclient.netty.request.NettyRequestSender - Using pooled Channel '[id: 0xc1ffcb52, L:/127.0.0.1:61498 - R:localhost/127.0.0.1:58290]' for 'POST' to 'http://localhost:58290/session/afc2132c6a1b19deeea3c83562d92e39/execute/sync'
22:25:57.926 [Forwarding getElementAttribute on session afc2132c6a1b19deeea3c83562d92e39 to remote] DEBUG org.asynchttpclient.netty.request.NettyRequestSender - Using open Channel [id: 0xc1ffcb52, L:/127.0.0.1:61498 - R:localhost/127.0.0.1:58290] for POST '/session/afc2132c6a1b19deeea3c83562d92e39/execute/sync'
22:25:57.945 [AsyncHttpClient-1-5] DEBUG org.asynchttpclient.netty.handler.HttpHandler - 

Request DefaultHttpRequest(decodeResult: success, version: HTTP/1.1)
POST /session/afc2132c6a1b19deeea3c83562d92e39/execute/sync HTTP/1.1
User-Agent: selenium/4.1.2 (java windows)
Content-Length: 47339
Content-Type: application/json; charset=utf-8
host: localhost:58290
accept: */*

Response DefaultHttpResponse(decodeResult: success, version: HTTP/1.1)
HTTP/1.1 200 OK
Content-Type: application/json; charset=utf-8
cache-control: no-cache
content-length: 58

22:25:57.945 [AsyncHttpClient-1-5] DEBUG org.asynchttpclient.netty.channel.ChannelManager - Adding key: http://localhost:58290 for channel [id: 0xc1ffcb52, L:/127.0.0.1:61498 - R:localhost/127.0.0.1:58290]
22:25:57.949 [Forwarding getElementAttribute on session afc2132c6a1b19deeea3c83562d92e39 to remote] DEBUG org.asynchttpclient.netty.request.NettyRequestSender - Using pooled Channel '[id: 0xc1ffcb52, L:/127.0.0.1:61498 - R:localhost/127.0.0.1:58290]' for 'POST' to 'http://localhost:58290/session/afc2132c6a1b19deeea3c83562d92e39/execute/sync'
22:25:57.949 [Forwarding getElementAttribute on session afc2132c6a1b19deeea3c83562d92e39 to remote] DEBUG org.asynchttpclient.netty.request.NettyRequestSender - Using open Channel [id: 0xc1ffcb52, L:/127.0.0.1:61498 - R:localhost/127.0.0.1:58290] for POST '/session/afc2132c6a1b19deeea3c83562d92e39/execute/sync'
22:25:57.961 [AsyncHttpClient-1-5] DEBUG org.asynchttpclient.netty.handler.HttpHandler - 

Request DefaultHttpRequest(decodeResult: success, version: HTTP/1.1)
POST /session/afc2132c6a1b19deeea3c83562d92e39/execute/sync HTTP/1.1
User-Agent: selenium/4.1.2 (java windows)
Content-Length: 47339
Content-Type: application/json; charset=utf-8
host: localhost:58290
accept: */*

Response DefaultHttpResponse(decodeResult: success, version: HTTP/1.1)
HTTP/1.1 200 OK
Content-Type: application/json; charset=utf-8
cache-control: no-cache
content-length: 84

22:25:57.961 [AsyncHttpClient-1-5] DEBUG org.asynchttpclient.netty.channel.ChannelManager - Adding key: http://localhost:58290 for channel [id: 0xc1ffcb52, L:/127.0.0.1:61498 - R:localhost/127.0.0.1:58290]
22:25:57.961 [Forwarding getElementAttribute on session afc2132c6a1b19deeea3c83562d92e39 to remote] DEBUG org.asynchttpclient.netty.request.NettyRequestSender - Using pooled Channel '[id: 0xc1ffcb52, L:/127.0.0.1:61498 - R:localhost/127.0.0.1:58290]' for 'POST' to 'http://localhost:58290/session/afc2132c6a1b19deeea3c83562d92e39/execute/sync'
22:25:57.961 [Forwarding getElementAttribute on session afc2132c6a1b19deeea3c83562d92e39 to remote] DEBUG org.asynchttpclient.netty.request.NettyRequestSender - Using open Channel [id: 0xc1ffcb52, L:/127.0.0.1:61498 - R:localhost/127.0.0.1:58290] for POST '/session/afc2132c6a1b19deeea3c83562d92e39/execute/sync'
22:25:57.971 [AsyncHttpClient-1-5] DEBUG org.asynchttpclient.netty.handler.HttpHandler - 

Request DefaultHttpRequest(decodeResult: success, version: HTTP/1.1)
POST /session/afc2132c6a1b19deeea3c83562d92e39/execute/sync HTTP/1.1
User-Agent: selenium/4.1.2 (java windows)
Content-Length: 47339
Content-Type: application/json; charset=utf-8
host: localhost:58290
accept: */*

Response DefaultHttpResponse(decodeResult: success, version: HTTP/1.1)
HTTP/1.1 200 OK
Content-Type: application/json; charset=utf-8
cache-control: no-cache
content-length: 74

22:25:57.971 [AsyncHttpClient-1-5] DEBUG org.asynchttpclient.netty.channel.ChannelManager - Adding key: http://localhost:58290 for channel [id: 0xc1ffcb52, L:/127.0.0.1:61498 - R:localhost/127.0.0.1:58290]
22:25:57.971 [Forwarding getElementAttribute on session afc2132c6a1b19deeea3c83562d92e39 to remote] DEBUG org.asynchttpclient.netty.request.NettyRequestSender - Using pooled Channel '[id: 0xc1ffcb52, L:/127.0.0.1:61498 - R:localhost/127.0.0.1:58290]' for 'POST' to 'http://localhost:58290/session/afc2132c6a1b19deeea3c83562d92e39/execute/sync'
22:25:57.971 [Forwarding getElementAttribute on session afc2132c6a1b19deeea3c83562d92e39 to remote] DEBUG org.asynchttpclient.netty.request.NettyRequestSender - Using open Channel [id: 0xc1ffcb52, L:/127.0.0.1:61498 - R:localhost/127.0.0.1:58290] for POST '/session/afc2132c6a1b19deeea3c83562d92e39/execute/sync'
22:25:57.992 [AsyncHttpClient-1-5] DEBUG org.asynchttpclient.netty.handler.HttpHandler - 

Request DefaultHttpRequest(decodeResult: success, version: HTTP/1.1)
POST /session/afc2132c6a1b19deeea3c83562d92e39/execute/sync HTTP/1.1
User-Agent: selenium/4.1.2 (java windows)
Content-Length: 47339
Content-Type: application/json; charset=utf-8
host: localhost:58290
accept: */*

Response DefaultHttpResponse(decodeResult: success, version: HTTP/1.1)
HTTP/1.1 200 OK
Content-Type: application/json; charset=utf-8
cache-control: no-cache
content-length: 82

22:25:57.992 [AsyncHttpClient-1-5] DEBUG org.asynchttpclient.netty.channel.ChannelManager - Adding key: http://localhost:58290 for channel [id: 0xc1ffcb52, L:/127.0.0.1:61498 - R:localhost/127.0.0.1:58290]
22:25:57.996 [Forwarding getElementAttribute on session afc2132c6a1b19deeea3c83562d92e39 to remote] DEBUG org.asynchttpclient.netty.request.NettyRequestSender - Using pooled Channel '[id: 0xc1ffcb52, L:/127.0.0.1:61498 - R:localhost/127.0.0.1:58290]' for 'POST' to 'http://localhost:58290/session/afc2132c6a1b19deeea3c83562d92e39/execute/sync'
22:25:57.996 [Forwarding getElementAttribute on session afc2132c6a1b19deeea3c83562d92e39 to remote] DEBUG org.asynchttpclient.netty.request.NettyRequestSender - Using open Channel [id: 0xc1ffcb52, L:/127.0.0.1:61498 - R:localhost/127.0.0.1:58290] for POST '/session/afc2132c6a1b19deeea3c83562d92e39/execute/sync'
22:25:58.008 [AsyncHttpClient-1-5] DEBUG org.asynchttpclient.netty.handler.HttpHandler - 

Request DefaultHttpRequest(decodeResult: success, version: HTTP/1.1)
POST /session/afc2132c6a1b19deeea3c83562d92e39/execute/sync HTTP/1.1
User-Agent: selenium/4.1.2 (java windows)
Content-Length: 47339
Content-Type: application/json; charset=utf-8
host: localhost:58290
accept: */*

Response DefaultHttpResponse(decodeResult: success, version: HTTP/1.1)
HTTP/1.1 200 OK
Content-Type: application/json; charset=utf-8
cache-control: no-cache
content-length: 81

22:25:58.008 [AsyncHttpClient-1-5] DEBUG org.asynchttpclient.netty.channel.ChannelManager - Adding key: http://localhost:58290 for channel [id: 0xc1ffcb52, L:/127.0.0.1:61498 - R:localhost/127.0.0.1:58290]
22:25:58.012 [Forwarding getElementAttribute on session afc2132c6a1b19deeea3c83562d92e39 to remote] DEBUG org.asynchttpclient.netty.request.NettyRequestSender - Using pooled Channel '[id: 0xc1ffcb52, L:/127.0.0.1:61498 - R:localhost/127.0.0.1:58290]' for 'POST' to 'http://localhost:58290/session/afc2132c6a1b19deeea3c83562d92e39/execute/sync'
22:25:58.012 [Forwarding getElementAttribute on session afc2132c6a1b19deeea3c83562d92e39 to remote] DEBUG org.asynchttpclient.netty.request.NettyRequestSender - Using open Channel [id: 0xc1ffcb52, L:/127.0.0.1:61498 - R:localhost/127.0.0.1:58290] for POST '/session/afc2132c6a1b19deeea3c83562d92e39/execute/sync'
22:25:58.025 [AsyncHttpClient-1-5] DEBUG org.asynchttpclient.netty.handler.HttpHandler - 

Request DefaultHttpRequest(decodeResult: success, version: HTTP/1.1)
POST /session/afc2132c6a1b19deeea3c83562d92e39/execute/sync HTTP/1.1
User-Agent: selenium/4.1.2 (java windows)
Content-Length: 47339
Content-Type: application/json; charset=utf-8
host: localhost:58290
accept: */*

Response DefaultHttpResponse(decodeResult: success, version: HTTP/1.1)
HTTP/1.1 200 OK
Content-Type: application/json; charset=utf-8
cache-control: no-cache
content-length: 71

22:25:58.025 [AsyncHttpClient-1-5] DEBUG org.asynchttpclient.netty.channel.ChannelManager - Adding key: http://localhost:58290 for channel [id: 0xc1ffcb52, L:/127.0.0.1:61498 - R:localhost/127.0.0.1:58290]
22:25:58.028 [Forwarding getElementAttribute on session afc2132c6a1b19deeea3c83562d92e39 to remote] DEBUG org.asynchttpclient.netty.request.NettyRequestSender - Using pooled Channel '[id: 0xc1ffcb52, L:/127.0.0.1:61498 - R:localhost/127.0.0.1:58290]' for 'POST' to 'http://localhost:58290/session/afc2132c6a1b19deeea3c83562d92e39/execute/sync'
22:25:58.028 [Forwarding getElementAttribute on session afc2132c6a1b19deeea3c83562d92e39 to remote] DEBUG org.asynchttpclient.netty.request.NettyRequestSender - Using open Channel [id: 0xc1ffcb52, L:/127.0.0.1:61498 - R:localhost/127.0.0.1:58290] for POST '/session/afc2132c6a1b19deeea3c83562d92e39/execute/sync'
22:25:58.040 [AsyncHttpClient-1-5] DEBUG org.asynchttpclient.netty.handler.HttpHandler - 

Request DefaultHttpRequest(decodeResult: success, version: HTTP/1.1)
POST /session/afc2132c6a1b19deeea3c83562d92e39/execute/sync HTTP/1.1
User-Agent: selenium/4.1.2 (java windows)
Content-Length: 47339
Content-Type: application/json; charset=utf-8
host: localhost:58290
accept: */*

Response DefaultHttpResponse(decodeResult: success, version: HTTP/1.1)
HTTP/1.1 200 OK
Content-Type: application/json; charset=utf-8
cache-control: no-cache
content-length: 72

22:25:58.040 [AsyncHttpClient-1-5] DEBUG org.asynchttpclient.netty.channel.ChannelManager - Adding key: http://localhost:58290 for channel [id: 0xc1ffcb52, L:/127.0.0.1:61498 - R:localhost/127.0.0.1:58290]
22:25:58.045 [Forwarding getElementAttribute on session afc2132c6a1b19deeea3c83562d92e39 to remote] DEBUG org.asynchttpclient.netty.request.NettyRequestSender - Using pooled Channel '[id: 0xc1ffcb52, L:/127.0.0.1:61498 - R:localhost/127.0.0.1:58290]' for 'POST' to 'http://localhost:58290/session/afc2132c6a1b19deeea3c83562d92e39/execute/sync'
22:25:58.045 [Forwarding getElementAttribute on session afc2132c6a1b19deeea3c83562d92e39 to remote] DEBUG org.asynchttpclient.netty.request.NettyRequestSender - Using open Channel [id: 0xc1ffcb52, L:/127.0.0.1:61498 - R:localhost/127.0.0.1:58290] for POST '/session/afc2132c6a1b19deeea3c83562d92e39/execute/sync'
22:25:58.062 [AsyncHttpClient-1-5] DEBUG org.asynchttpclient.netty.handler.HttpHandler - 

Request DefaultHttpRequest(decodeResult: success, version: HTTP/1.1)
POST /session/afc2132c6a1b19deeea3c83562d92e39/execute/sync HTTP/1.1
User-Agent: selenium/4.1.2 (java windows)
Content-Length: 47339
Content-Type: application/json; charset=utf-8
host: localhost:58290
accept: */*

Response DefaultHttpResponse(decodeResult: success, version: HTTP/1.1)
HTTP/1.1 200 OK
Content-Type: application/json; charset=utf-8
cache-control: no-cache
content-length: 85

22:25:58.062 [AsyncHttpClient-1-5] DEBUG org.asynchttpclient.netty.channel.ChannelManager - Adding key: http://localhost:58290 for channel [id: 0xc1ffcb52, L:/127.0.0.1:61498 - R:localhost/127.0.0.1:58290]
22:25:58.066 [Forwarding getElementAttribute on session afc2132c6a1b19deeea3c83562d92e39 to remote] DEBUG org.asynchttpclient.netty.request.NettyRequestSender - Using pooled Channel '[id: 0xc1ffcb52, L:/127.0.0.1:61498 - R:localhost/127.0.0.1:58290]' for 'POST' to 'http://localhost:58290/session/afc2132c6a1b19deeea3c83562d92e39/execute/sync'
22:25:58.066 [Forwarding getElementAttribute on session afc2132c6a1b19deeea3c83562d92e39 to remote] DEBUG org.asynchttpclient.netty.request.NettyRequestSender - Using open Channel [id: 0xc1ffcb52, L:/127.0.0.1:61498 - R:localhost/127.0.0.1:58290] for POST '/session/afc2132c6a1b19deeea3c83562d92e39/execute/sync'
22:25:58.080 [AsyncHttpClient-1-5] DEBUG org.asynchttpclient.netty.handler.HttpHandler - 

Request DefaultHttpRequest(decodeResult: success, version: HTTP/1.1)
POST /session/afc2132c6a1b19deeea3c83562d92e39/execute/sync HTTP/1.1
User-Agent: selenium/4.1.2 (java windows)
Content-Length: 47339
Content-Type: application/json; charset=utf-8
host: localhost:58290
accept: */*

Response DefaultHttpResponse(decodeResult: success, version: HTTP/1.1)
HTTP/1.1 200 OK
Content-Type: application/json; charset=utf-8
cache-control: no-cache
content-length: 72

22:25:58.081 [AsyncHttpClient-1-5] DEBUG org.asynchttpclient.netty.channel.ChannelManager - Adding key: http://localhost:58290 for channel [id: 0xc1ffcb52, L:/127.0.0.1:61498 - R:localhost/127.0.0.1:58290]
22:25:58.084 [Forwarding getElementAttribute on session afc2132c6a1b19deeea3c83562d92e39 to remote] DEBUG org.asynchttpclient.netty.request.NettyRequestSender - Using pooled Channel '[id: 0xc1ffcb52, L:/127.0.0.1:61498 - R:localhost/127.0.0.1:58290]' for 'POST' to 'http://localhost:58290/session/afc2132c6a1b19deeea3c83562d92e39/execute/sync'
22:25:58.084 [Forwarding getElementAttribute on session afc2132c6a1b19deeea3c83562d92e39 to remote] DEBUG org.asynchttpclient.netty.request.NettyRequestSender - Using open Channel [id: 0xc1ffcb52, L:/127.0.0.1:61498 - R:localhost/127.0.0.1:58290] for POST '/session/afc2132c6a1b19deeea3c83562d92e39/execute/sync'
22:25:58.095 [AsyncHttpClient-1-5] DEBUG org.asynchttpclient.netty.handler.HttpHandler - 

Request DefaultHttpRequest(decodeResult: success, version: HTTP/1.1)
POST /session/afc2132c6a1b19deeea3c83562d92e39/execute/sync HTTP/1.1
User-Agent: selenium/4.1.2 (java windows)
Content-Length: 47339
Content-Type: application/json; charset=utf-8
host: localhost:58290
accept: */*

Response DefaultHttpResponse(decodeResult: success, version: HTTP/1.1)
HTTP/1.1 200 OK
Content-Type: application/json; charset=utf-8
cache-control: no-cache
content-length: 69

22:25:58.095 [AsyncHttpClient-1-5] DEBUG org.asynchttpclient.netty.channel.ChannelManager - Adding key: http://localhost:58290 for channel [id: 0xc1ffcb52, L:/127.0.0.1:61498 - R:localhost/127.0.0.1:58290]
22:25:58.099 [Forwarding getElementAttribute on session afc2132c6a1b19deeea3c83562d92e39 to remote] DEBUG org.asynchttpclient.netty.request.NettyRequestSender - Using pooled Channel '[id: 0xc1ffcb52, L:/127.0.0.1:61498 - R:localhost/127.0.0.1:58290]' for 'POST' to 'http://localhost:58290/session/afc2132c6a1b19deeea3c83562d92e39/execute/sync'
22:25:58.099 [Forwarding getElementAttribute on session afc2132c6a1b19deeea3c83562d92e39 to remote] DEBUG org.asynchttpclient.netty.request.NettyRequestSender - Using open Channel [id: 0xc1ffcb52, L:/127.0.0.1:61498 - R:localhost/127.0.0.1:58290] for POST '/session/afc2132c6a1b19deeea3c83562d92e39/execute/sync'
22:25:58.101 [AsyncHttpClient-1-5] DEBUG org.asynchttpclient.netty.handler.HttpHandler - 

Request DefaultHttpRequest(decodeResult: success, version: HTTP/1.1)
POST /session/afc2132c6a1b19deeea3c83562d92e39/execute/sync HTTP/1.1
User-Agent: selenium/4.1.2 (java windows)
Content-Length: 47339
Content-Type: application/json; charset=utf-8
host: localhost:58290
accept: */*

Response DefaultHttpResponse(decodeResult: success, version: HTTP/1.1)
HTTP/1.1 200 OK
Content-Type: application/json; charset=utf-8
cache-control: no-cache
content-length: 95

22:25:58.101 [AsyncHttpClient-1-5] DEBUG org.asynchttpclient.netty.channel.ChannelManager - Adding key: http://localhost:58290 for channel [id: 0xc1ffcb52, L:/127.0.0.1:61498 - R:localhost/127.0.0.1:58290]
22:25:58.111 [Forwarding getElementAttribute on session afc2132c6a1b19deeea3c83562d92e39 to remote] DEBUG org.asynchttpclient.netty.request.NettyRequestSender - Using pooled Channel '[id: 0xc1ffcb52, L:/127.0.0.1:61498 - R:localhost/127.0.0.1:58290]' for 'POST' to 'http://localhost:58290/session/afc2132c6a1b19deeea3c83562d92e39/execute/sync'
22:25:58.111 [Forwarding getElementAttribute on session afc2132c6a1b19deeea3c83562d92e39 to remote] DEBUG org.asynchttpclient.netty.request.NettyRequestSender - Using open Channel [id: 0xc1ffcb52, L:/127.0.0.1:61498 - R:localhost/127.0.0.1:58290] for POST '/session/afc2132c6a1b19deeea3c83562d92e39/execute/sync'
22:25:58.121 [AsyncHttpClient-1-5] DEBUG org.asynchttpclient.netty.handler.HttpHandler - 

Request DefaultHttpRequest(decodeResult: success, version: HTTP/1.1)
POST /session/afc2132c6a1b19deeea3c83562d92e39/execute/sync HTTP/1.1
User-Agent: selenium/4.1.2 (java windows)
Content-Length: 47339
Content-Type: application/json; charset=utf-8
host: localhost:58290
accept: */*

Response DefaultHttpResponse(decodeResult: success, version: HTTP/1.1)
HTTP/1.1 200 OK
Content-Type: application/json; charset=utf-8
cache-control: no-cache
content-length: 83

22:25:58.121 [AsyncHttpClient-1-5] DEBUG org.asynchttpclient.netty.channel.ChannelManager - Adding key: http://localhost:58290 for channel [id: 0xc1ffcb52, L:/127.0.0.1:61498 - R:localhost/127.0.0.1:58290]
22:25:58.121 [Forwarding getElementAttribute on session afc2132c6a1b19deeea3c83562d92e39 to remote] DEBUG org.asynchttpclient.netty.request.NettyRequestSender - Using pooled Channel '[id: 0xc1ffcb52, L:/127.0.0.1:61498 - R:localhost/127.0.0.1:58290]' for 'POST' to 'http://localhost:58290/session/afc2132c6a1b19deeea3c83562d92e39/execute/sync'
22:25:58.121 [Forwarding getElementAttribute on session afc2132c6a1b19deeea3c83562d92e39 to remote] DEBUG org.asynchttpclient.netty.request.NettyRequestSender - Using open Channel [id: 0xc1ffcb52, L:/127.0.0.1:61498 - R:localhost/127.0.0.1:58290] for POST '/session/afc2132c6a1b19deeea3c83562d92e39/execute/sync'
22:25:58.131 [AsyncHttpClient-1-5] DEBUG org.asynchttpclient.netty.handler.HttpHandler - 

Request DefaultHttpRequest(decodeResult: success, version: HTTP/1.1)
POST /session/afc2132c6a1b19deeea3c83562d92e39/execute/sync HTTP/1.1
User-Agent: selenium/4.1.2 (java windows)
Content-Length: 47339
Content-Type: application/json; charset=utf-8
host: localhost:58290
accept: */*

Response DefaultHttpResponse(decodeResult: success, version: HTTP/1.1)
HTTP/1.1 200 OK
Content-Type: application/json; charset=utf-8
cache-control: no-cache
content-length: 101

22:25:58.131 [AsyncHttpClient-1-5] DEBUG org.asynchttpclient.netty.channel.ChannelManager - Adding key: http://localhost:58290 for channel [id: 0xc1ffcb52, L:/127.0.0.1:61498 - R:localhost/127.0.0.1:58290]
22:25:58.141 [Forwarding getElementAttribute on session afc2132c6a1b19deeea3c83562d92e39 to remote] DEBUG org.asynchttpclient.netty.request.NettyRequestSender - Using pooled Channel '[id: 0xc1ffcb52, L:/127.0.0.1:61498 - R:localhost/127.0.0.1:58290]' for 'POST' to 'http://localhost:58290/session/afc2132c6a1b19deeea3c83562d92e39/execute/sync'
22:25:58.141 [Forwarding getElementAttribute on session afc2132c6a1b19deeea3c83562d92e39 to remote] DEBUG org.asynchttpclient.netty.request.NettyRequestSender - Using open Channel [id: 0xc1ffcb52, L:/127.0.0.1:61498 - R:localhost/127.0.0.1:58290] for POST '/session/afc2132c6a1b19deeea3c83562d92e39/execute/sync'
22:25:58.151 [AsyncHttpClient-1-5] DEBUG org.asynchttpclient.netty.handler.HttpHandler - 

Request DefaultHttpRequest(decodeResult: success, version: HTTP/1.1)
POST /session/afc2132c6a1b19deeea3c83562d92e39/execute/sync HTTP/1.1
User-Agent: selenium/4.1.2 (java windows)
Content-Length: 47339
Content-Type: application/json; charset=utf-8
host: localhost:58290
accept: */*

Response DefaultHttpResponse(decodeResult: success, version: HTTP/1.1)
HTTP/1.1 200 OK
Content-Type: application/json; charset=utf-8
cache-control: no-cache
content-length: 77

22:25:58.151 [AsyncHttpClient-1-5] DEBUG org.asynchttpclient.netty.channel.ChannelManager - Adding key: http://localhost:58290 for channel [id: 0xc1ffcb52, L:/127.0.0.1:61498 - R:localhost/127.0.0.1:58290]
22:25:58.151 [Forwarding getElementAttribute on session afc2132c6a1b19deeea3c83562d92e39 to remote] DEBUG org.asynchttpclient.netty.request.NettyRequestSender - Using pooled Channel '[id: 0xc1ffcb52, L:/127.0.0.1:61498 - R:localhost/127.0.0.1:58290]' for 'POST' to 'http://localhost:58290/session/afc2132c6a1b19deeea3c83562d92e39/execute/sync'
22:25:58.151 [Forwarding getElementAttribute on session afc2132c6a1b19deeea3c83562d92e39 to remote] DEBUG org.asynchttpclient.netty.request.NettyRequestSender - Using open Channel [id: 0xc1ffcb52, L:/127.0.0.1:61498 - R:localhost/127.0.0.1:58290] for POST '/session/afc2132c6a1b19deeea3c83562d92e39/execute/sync'
22:25:58.161 [AsyncHttpClient-1-5] DEBUG org.asynchttpclient.netty.handler.HttpHandler - 

Request DefaultHttpRequest(decodeResult: success, version: HTTP/1.1)
POST /session/afc2132c6a1b19deeea3c83562d92e39/execute/sync HTTP/1.1
User-Agent: selenium/4.1.2 (java windows)
Content-Length: 47339
Content-Type: application/json; charset=utf-8
host: localhost:58290
accept: */*

Response DefaultHttpResponse(decodeResult: success, version: HTTP/1.1)
HTTP/1.1 200 OK
Content-Type: application/json; charset=utf-8
cache-control: no-cache
content-length: 71

22:25:58.161 [AsyncHttpClient-1-5] DEBUG org.asynchttpclient.netty.channel.ChannelManager - Adding key: http://localhost:58290 for channel [id: 0xc1ffcb52, L:/127.0.0.1:61498 - R:localhost/127.0.0.1:58290]
22:25:58.171 [Forwarding getElementAttribute on session afc2132c6a1b19deeea3c83562d92e39 to remote] DEBUG org.asynchttpclient.netty.request.NettyRequestSender - Using pooled Channel '[id: 0xc1ffcb52, L:/127.0.0.1:61498 - R:localhost/127.0.0.1:58290]' for 'POST' to 'http://localhost:58290/session/afc2132c6a1b19deeea3c83562d92e39/execute/sync'
22:25:58.171 [Forwarding getElementAttribute on session afc2132c6a1b19deeea3c83562d92e39 to remote] DEBUG org.asynchttpclient.netty.request.NettyRequestSender - Using open Channel [id: 0xc1ffcb52, L:/127.0.0.1:61498 - R:localhost/127.0.0.1:58290] for POST '/session/afc2132c6a1b19deeea3c83562d92e39/execute/sync'
22:25:58.181 [AsyncHttpClient-1-5] DEBUG org.asynchttpclient.netty.handler.HttpHandler - 

Request DefaultHttpRequest(decodeResult: success, version: HTTP/1.1)
POST /session/afc2132c6a1b19deeea3c83562d92e39/execute/sync HTTP/1.1
User-Agent: selenium/4.1.2 (java windows)
Content-Length: 47339
Content-Type: application/json; charset=utf-8
host: localhost:58290
accept: */*

Response DefaultHttpResponse(decodeResult: success, version: HTTP/1.1)
HTTP/1.1 200 OK
Content-Type: application/json; charset=utf-8
cache-control: no-cache
content-length: 92

22:25:58.181 [AsyncHttpClient-1-5] DEBUG org.asynchttpclient.netty.channel.ChannelManager - Adding key: http://localhost:58290 for channel [id: 0xc1ffcb52, L:/127.0.0.1:61498 - R:localhost/127.0.0.1:58290]
22:25:58.181 [Forwarding getElementAttribute on session afc2132c6a1b19deeea3c83562d92e39 to remote] DEBUG org.asynchttpclient.netty.request.NettyRequestSender - Using pooled Channel '[id: 0xc1ffcb52, L:/127.0.0.1:61498 - R:localhost/127.0.0.1:58290]' for 'POST' to 'http://localhost:58290/session/afc2132c6a1b19deeea3c83562d92e39/execute/sync'
22:25:58.181 [Forwarding getElementAttribute on session afc2132c6a1b19deeea3c83562d92e39 to remote] DEBUG org.asynchttpclient.netty.request.NettyRequestSender - Using open Channel [id: 0xc1ffcb52, L:/127.0.0.1:61498 - R:localhost/127.0.0.1:58290] for POST '/session/afc2132c6a1b19deeea3c83562d92e39/execute/sync'
22:25:58.191 [AsyncHttpClient-1-5] DEBUG org.asynchttpclient.netty.handler.HttpHandler - 

Request DefaultHttpRequest(decodeResult: success, version: HTTP/1.1)
POST /session/afc2132c6a1b19deeea3c83562d92e39/execute/sync HTTP/1.1
User-Agent: selenium/4.1.2 (java windows)
Content-Length: 47339
Content-Type: application/json; charset=utf-8
host: localhost:58290
accept: */*

Response DefaultHttpResponse(decodeResult: success, version: HTTP/1.1)
HTTP/1.1 200 OK
Content-Type: application/json; charset=utf-8
cache-control: no-cache
content-length: 76

22:25:58.191 [AsyncHttpClient-1-5] DEBUG org.asynchttpclient.netty.channel.ChannelManager - Adding key: http://localhost:58290 for channel [id: 0xc1ffcb52, L:/127.0.0.1:61498 - R:localhost/127.0.0.1:58290]
22:25:58.203 [Forwarding getElementAttribute on session afc2132c6a1b19deeea3c83562d92e39 to remote] DEBUG org.asynchttpclient.netty.request.NettyRequestSender - Using pooled Channel '[id: 0xc1ffcb52, L:/127.0.0.1:61498 - R:localhost/127.0.0.1:58290]' for 'POST' to 'http://localhost:58290/session/afc2132c6a1b19deeea3c83562d92e39/execute/sync'
22:25:58.203 [Forwarding getElementAttribute on session afc2132c6a1b19deeea3c83562d92e39 to remote] DEBUG org.asynchttpclient.netty.request.NettyRequestSender - Using open Channel [id: 0xc1ffcb52, L:/127.0.0.1:61498 - R:localhost/127.0.0.1:58290] for POST '/session/afc2132c6a1b19deeea3c83562d92e39/execute/sync'
22:25:58.214 [AsyncHttpClient-1-5] DEBUG org.asynchttpclient.netty.handler.HttpHandler - 

Request DefaultHttpRequest(decodeResult: success, version: HTTP/1.1)
POST /session/afc2132c6a1b19deeea3c83562d92e39/execute/sync HTTP/1.1
User-Agent: selenium/4.1.2 (java windows)
Content-Length: 47339
Content-Type: application/json; charset=utf-8
host: localhost:58290
accept: */*

Response DefaultHttpResponse(decodeResult: success, version: HTTP/1.1)
HTTP/1.1 200 OK
Content-Type: application/json; charset=utf-8
cache-control: no-cache
content-length: 75

22:25:58.214 [AsyncHttpClient-1-5] DEBUG org.asynchttpclient.netty.channel.ChannelManager - Adding key: http://localhost:58290 for channel [id: 0xc1ffcb52, L:/127.0.0.1:61498 - R:localhost/127.0.0.1:58290]
22:25:58.216 [Forwarding getElementAttribute on session afc2132c6a1b19deeea3c83562d92e39 to remote] DEBUG org.asynchttpclient.netty.request.NettyRequestSender - Using pooled Channel '[id: 0xc1ffcb52, L:/127.0.0.1:61498 - R:localhost/127.0.0.1:58290]' for 'POST' to 'http://localhost:58290/session/afc2132c6a1b19deeea3c83562d92e39/execute/sync'
22:25:58.216 [Forwarding getElementAttribute on session afc2132c6a1b19deeea3c83562d92e39 to remote] DEBUG org.asynchttpclient.netty.request.NettyRequestSender - Using open Channel [id: 0xc1ffcb52, L:/127.0.0.1:61498 - R:localhost/127.0.0.1:58290] for POST '/session/afc2132c6a1b19deeea3c83562d92e39/execute/sync'
22:25:58.226 [AsyncHttpClient-1-5] DEBUG org.asynchttpclient.netty.handler.HttpHandler - 

Request DefaultHttpRequest(decodeResult: success, version: HTTP/1.1)
POST /session/afc2132c6a1b19deeea3c83562d92e39/execute/sync HTTP/1.1
User-Agent: selenium/4.1.2 (java windows)
Content-Length: 47339
Content-Type: application/json; charset=utf-8
host: localhost:58290
accept: */*

Response DefaultHttpResponse(decodeResult: success, version: HTTP/1.1)
HTTP/1.1 200 OK
Content-Type: application/json; charset=utf-8
cache-control: no-cache
content-length: 68

22:25:58.226 [AsyncHttpClient-1-5] DEBUG org.asynchttpclient.netty.channel.ChannelManager - Adding key: http://localhost:58290 for channel [id: 0xc1ffcb52, L:/127.0.0.1:61498 - R:localhost/127.0.0.1:58290]
22:25:58.226 [Forwarding getElementAttribute on session afc2132c6a1b19deeea3c83562d92e39 to remote] DEBUG org.asynchttpclient.netty.request.NettyRequestSender - Using pooled Channel '[id: 0xc1ffcb52, L:/127.0.0.1:61498 - R:localhost/127.0.0.1:58290]' for 'POST' to 'http://localhost:58290/session/afc2132c6a1b19deeea3c83562d92e39/execute/sync'
22:25:58.226 [Forwarding getElementAttribute on session afc2132c6a1b19deeea3c83562d92e39 to remote] DEBUG org.asynchttpclient.netty.request.NettyRequestSender - Using open Channel [id: 0xc1ffcb52, L:/127.0.0.1:61498 - R:localhost/127.0.0.1:58290] for POST '/session/afc2132c6a1b19deeea3c83562d92e39/execute/sync'
22:25:58.256 [AsyncHttpClient-1-5] DEBUG org.asynchttpclient.netty.handler.HttpHandler - 

Request DefaultHttpRequest(decodeResult: success, version: HTTP/1.1)
POST /session/afc2132c6a1b19deeea3c83562d92e39/execute/sync HTTP/1.1
User-Agent: selenium/4.1.2 (java windows)
Content-Length: 47339
Content-Type: application/json; charset=utf-8
host: localhost:58290
accept: */*

Response DefaultHttpResponse(decodeResult: success, version: HTTP/1.1)
HTTP/1.1 200 OK
Content-Type: application/json; charset=utf-8
cache-control: no-cache
content-length: 81

22:25:58.257 [AsyncHttpClient-1-5] DEBUG org.asynchttpclient.netty.channel.ChannelManager - Adding key: http://localhost:58290 for channel [id: 0xc1ffcb52, L:/127.0.0.1:61498 - R:localhost/127.0.0.1:58290]
22:25:58.261 [Forwarding getElementAttribute on session afc2132c6a1b19deeea3c83562d92e39 to remote] DEBUG org.asynchttpclient.netty.request.NettyRequestSender - Using pooled Channel '[id: 0xc1ffcb52, L:/127.0.0.1:61498 - R:localhost/127.0.0.1:58290]' for 'POST' to 'http://localhost:58290/session/afc2132c6a1b19deeea3c83562d92e39/execute/sync'
22:25:58.261 [Forwarding getElementAttribute on session afc2132c6a1b19deeea3c83562d92e39 to remote] DEBUG org.asynchttpclient.netty.request.NettyRequestSender - Using open Channel [id: 0xc1ffcb52, L:/127.0.0.1:61498 - R:localhost/127.0.0.1:58290] for POST '/session/afc2132c6a1b19deeea3c83562d92e39/execute/sync'
22:25:58.272 [AsyncHttpClient-1-5] DEBUG org.asynchttpclient.netty.handler.HttpHandler - 

Request DefaultHttpRequest(decodeResult: success, version: HTTP/1.1)
POST /session/afc2132c6a1b19deeea3c83562d92e39/execute/sync HTTP/1.1
User-Agent: selenium/4.1.2 (java windows)
Content-Length: 47339
Content-Type: application/json; charset=utf-8
host: localhost:58290
accept: */*

Response DefaultHttpResponse(decodeResult: success, version: HTTP/1.1)
HTTP/1.1 200 OK
Content-Type: application/json; charset=utf-8
cache-control: no-cache
content-length: 76

22:25:58.272 [AsyncHttpClient-1-5] DEBUG org.asynchttpclient.netty.channel.ChannelManager - Adding key: http://localhost:58290 for channel [id: 0xc1ffcb52, L:/127.0.0.1:61498 - R:localhost/127.0.0.1:58290]
22:25:58.276 [Forwarding getElementAttribute on session afc2132c6a1b19deeea3c83562d92e39 to remote] DEBUG org.asynchttpclient.netty.request.NettyRequestSender - Using pooled Channel '[id: 0xc1ffcb52, L:/127.0.0.1:61498 - R:localhost/127.0.0.1:58290]' for 'POST' to 'http://localhost:58290/session/afc2132c6a1b19deeea3c83562d92e39/execute/sync'
22:25:58.276 [Forwarding getElementAttribute on session afc2132c6a1b19deeea3c83562d92e39 to remote] DEBUG org.asynchttpclient.netty.request.NettyRequestSender - Using open Channel [id: 0xc1ffcb52, L:/127.0.0.1:61498 - R:localhost/127.0.0.1:58290] for POST '/session/afc2132c6a1b19deeea3c83562d92e39/execute/sync'
22:25:58.285 [AsyncHttpClient-1-1] DEBUG org.asynchttpclient.netty.channel.DefaultChannelPool - Entry count for : http://localhost:61499 : 1
22:25:58.285 [AsyncHttpClient-1-5] DEBUG org.asynchttpclient.netty.handler.HttpHandler - 

Request DefaultHttpRequest(decodeResult: success, version: HTTP/1.1)
POST /session/afc2132c6a1b19deeea3c83562d92e39/execute/sync HTTP/1.1
User-Agent: selenium/4.1.2 (java windows)
Content-Length: 47339
Content-Type: application/json; charset=utf-8
host: localhost:58290
accept: */*

Response DefaultHttpResponse(decodeResult: success, version: HTTP/1.1)
HTTP/1.1 200 OK
Content-Type: application/json; charset=utf-8
cache-control: no-cache
content-length: 101

22:25:58.285 [AsyncHttpClient-1-5] DEBUG org.asynchttpclient.netty.channel.ChannelManager - Adding key: http://localhost:58290 for channel [id: 0xc1ffcb52, L:/127.0.0.1:61498 - R:localhost/127.0.0.1:58290]
22:25:58.291 [Forwarding getElementAttribute on session afc2132c6a1b19deeea3c83562d92e39 to remote] DEBUG org.asynchttpclient.netty.request.NettyRequestSender - Using pooled Channel '[id: 0xc1ffcb52, L:/127.0.0.1:61498 - R:localhost/127.0.0.1:58290]' for 'POST' to 'http://localhost:58290/session/afc2132c6a1b19deeea3c83562d92e39/execute/sync'
22:25:58.291 [Forwarding getElementAttribute on session afc2132c6a1b19deeea3c83562d92e39 to remote] DEBUG org.asynchttpclient.netty.request.NettyRequestSender - Using open Channel [id: 0xc1ffcb52, L:/127.0.0.1:61498 - R:localhost/127.0.0.1:58290] for POST '/session/afc2132c6a1b19deeea3c83562d92e39/execute/sync'
22:25:58.301 [AsyncHttpClient-1-5] DEBUG org.asynchttpclient.netty.handler.HttpHandler - 

Request DefaultHttpRequest(decodeResult: success, version: HTTP/1.1)
POST /session/afc2132c6a1b19deeea3c83562d92e39/execute/sync HTTP/1.1
User-Agent: selenium/4.1.2 (java windows)
Content-Length: 47339
Content-Type: application/json; charset=utf-8
host: localhost:58290
accept: */*

Response DefaultHttpResponse(decodeResult: success, version: HTTP/1.1)
HTTP/1.1 200 OK
Content-Type: application/json; charset=utf-8
cache-control: no-cache
content-length: 77

22:25:58.301 [AsyncHttpClient-1-5] DEBUG org.asynchttpclient.netty.channel.ChannelManager - Adding key: http://localhost:58290 for channel [id: 0xc1ffcb52, L:/127.0.0.1:61498 - R:localhost/127.0.0.1:58290]
22:25:58.301 [Forwarding getElementAttribute on session afc2132c6a1b19deeea3c83562d92e39 to remote] DEBUG org.asynchttpclient.netty.request.NettyRequestSender - Using pooled Channel '[id: 0xc1ffcb52, L:/127.0.0.1:61498 - R:localhost/127.0.0.1:58290]' for 'POST' to 'http://localhost:58290/session/afc2132c6a1b19deeea3c83562d92e39/execute/sync'
22:25:58.301 [Forwarding getElementAttribute on session afc2132c6a1b19deeea3c83562d92e39 to remote] DEBUG org.asynchttpclient.netty.request.NettyRequestSender - Using open Channel [id: 0xc1ffcb52, L:/127.0.0.1:61498 - R:localhost/127.0.0.1:58290] for POST '/session/afc2132c6a1b19deeea3c83562d92e39/execute/sync'
22:25:58.311 [AsyncHttpClient-1-5] DEBUG org.asynchttpclient.netty.handler.HttpHandler - 

Request DefaultHttpRequest(decodeResult: success, version: HTTP/1.1)
POST /session/afc2132c6a1b19deeea3c83562d92e39/execute/sync HTTP/1.1
User-Agent: selenium/4.1.2 (java windows)
Content-Length: 47339
Content-Type: application/json; charset=utf-8
host: localhost:58290
accept: */*

Response DefaultHttpResponse(decodeResult: success, version: HTTP/1.1)
HTTP/1.1 200 OK
Content-Type: application/json; charset=utf-8
cache-control: no-cache
content-length: 102

22:25:58.311 [AsyncHttpClient-1-5] DEBUG org.asynchttpclient.netty.channel.ChannelManager - Adding key: http://localhost:58290 for channel [id: 0xc1ffcb52, L:/127.0.0.1:61498 - R:localhost/127.0.0.1:58290]
22:25:58.321 [Forwarding getElementAttribute on session afc2132c6a1b19deeea3c83562d92e39 to remote] DEBUG org.asynchttpclient.netty.request.NettyRequestSender - Using pooled Channel '[id: 0xc1ffcb52, L:/127.0.0.1:61498 - R:localhost/127.0.0.1:58290]' for 'POST' to 'http://localhost:58290/session/afc2132c6a1b19deeea3c83562d92e39/execute/sync'
22:25:58.321 [Forwarding getElementAttribute on session afc2132c6a1b19deeea3c83562d92e39 to remote] DEBUG org.asynchttpclient.netty.request.NettyRequestSender - Using open Channel [id: 0xc1ffcb52, L:/127.0.0.1:61498 - R:localhost/127.0.0.1:58290] for POST '/session/afc2132c6a1b19deeea3c83562d92e39/execute/sync'
22:25:58.341 [AsyncHttpClient-1-5] DEBUG org.asynchttpclient.netty.handler.HttpHandler - 

Request DefaultHttpRequest(decodeResult: success, version: HTTP/1.1)
POST /session/afc2132c6a1b19deeea3c83562d92e39/execute/sync HTTP/1.1
User-Agent: selenium/4.1.2 (java windows)
Content-Length: 47339
Content-Type: application/json; charset=utf-8
host: localhost:58290
accept: */*

Response DefaultHttpResponse(decodeResult: success, version: HTTP/1.1)
HTTP/1.1 200 OK
Content-Type: application/json; charset=utf-8
cache-control: no-cache
content-length: 76

22:25:58.341 [AsyncHttpClient-1-5] DEBUG org.asynchttpclient.netty.channel.ChannelManager - Adding key: http://localhost:58290 for channel [id: 0xc1ffcb52, L:/127.0.0.1:61498 - R:localhost/127.0.0.1:58290]
22:25:58.345 [Forwarding getElementAttribute on session afc2132c6a1b19deeea3c83562d92e39 to remote] DEBUG org.asynchttpclient.netty.request.NettyRequestSender - Using pooled Channel '[id: 0xc1ffcb52, L:/127.0.0.1:61498 - R:localhost/127.0.0.1:58290]' for 'POST' to 'http://localhost:58290/session/afc2132c6a1b19deeea3c83562d92e39/execute/sync'
22:25:58.345 [Forwarding getElementAttribute on session afc2132c6a1b19deeea3c83562d92e39 to remote] DEBUG org.asynchttpclient.netty.request.NettyRequestSender - Using open Channel [id: 0xc1ffcb52, L:/127.0.0.1:61498 - R:localhost/127.0.0.1:58290] for POST '/session/afc2132c6a1b19deeea3c83562d92e39/execute/sync'
22:25:58.359 [AsyncHttpClient-1-5] DEBUG org.asynchttpclient.netty.handler.HttpHandler - 

Request DefaultHttpRequest(decodeResult: success, version: HTTP/1.1)
POST /session/afc2132c6a1b19deeea3c83562d92e39/execute/sync HTTP/1.1
User-Agent: selenium/4.1.2 (java windows)
Content-Length: 47339
Content-Type: application/json; charset=utf-8
host: localhost:58290
accept: */*

Response DefaultHttpResponse(decodeResult: success, version: HTTP/1.1)
HTTP/1.1 200 OK
Content-Type: application/json; charset=utf-8
cache-control: no-cache
content-length: 87

22:25:58.359 [AsyncHttpClient-1-5] DEBUG org.asynchttpclient.netty.channel.ChannelManager - Adding key: http://localhost:58290 for channel [id: 0xc1ffcb52, L:/127.0.0.1:61498 - R:localhost/127.0.0.1:58290]
22:25:58.363 [Forwarding getElementAttribute on session afc2132c6a1b19deeea3c83562d92e39 to remote] DEBUG org.asynchttpclient.netty.request.NettyRequestSender - Using pooled Channel '[id: 0xc1ffcb52, L:/127.0.0.1:61498 - R:localhost/127.0.0.1:58290]' for 'POST' to 'http://localhost:58290/session/afc2132c6a1b19deeea3c83562d92e39/execute/sync'
22:25:58.363 [Forwarding getElementAttribute on session afc2132c6a1b19deeea3c83562d92e39 to remote] DEBUG org.asynchttpclient.netty.request.NettyRequestSender - Using open Channel [id: 0xc1ffcb52, L:/127.0.0.1:61498 - R:localhost/127.0.0.1:58290] for POST '/session/afc2132c6a1b19deeea3c83562d92e39/execute/sync'
22:25:58.375 [AsyncHttpClient-1-5] DEBUG org.asynchttpclient.netty.handler.HttpHandler - 

Request DefaultHttpRequest(decodeResult: success, version: HTTP/1.1)
POST /session/afc2132c6a1b19deeea3c83562d92e39/execute/sync HTTP/1.1
User-Agent: selenium/4.1.2 (java windows)
Content-Length: 47339
Content-Type: application/json; charset=utf-8
host: localhost:58290
accept: */*

Response DefaultHttpResponse(decodeResult: success, version: HTTP/1.1)
HTTP/1.1 200 OK
Content-Type: application/json; charset=utf-8
cache-control: no-cache
content-length: 72

22:25:58.375 [AsyncHttpClient-1-5] DEBUG org.asynchttpclient.netty.channel.ChannelManager - Adding key: http://localhost:58290 for channel [id: 0xc1ffcb52, L:/127.0.0.1:61498 - R:localhost/127.0.0.1:58290]
22:25:58.378 [Forwarding getElementAttribute on session afc2132c6a1b19deeea3c83562d92e39 to remote] DEBUG org.asynchttpclient.netty.request.NettyRequestSender - Using pooled Channel '[id: 0xc1ffcb52, L:/127.0.0.1:61498 - R:localhost/127.0.0.1:58290]' for 'POST' to 'http://localhost:58290/session/afc2132c6a1b19deeea3c83562d92e39/execute/sync'
22:25:58.378 [Forwarding getElementAttribute on session afc2132c6a1b19deeea3c83562d92e39 to remote] DEBUG org.asynchttpclient.netty.request.NettyRequestSender - Using open Channel [id: 0xc1ffcb52, L:/127.0.0.1:61498 - R:localhost/127.0.0.1:58290] for POST '/session/afc2132c6a1b19deeea3c83562d92e39/execute/sync'
22:25:58.385 [AsyncHttpClient-1-5] DEBUG org.asynchttpclient.netty.handler.HttpHandler - 

Request DefaultHttpRequest(decodeResult: success, version: HTTP/1.1)
POST /session/afc2132c6a1b19deeea3c83562d92e39/execute/sync HTTP/1.1
User-Agent: selenium/4.1.2 (java windows)
Content-Length: 47339
Content-Type: application/json; charset=utf-8
host: localhost:58290
accept: */*

Response DefaultHttpResponse(decodeResult: success, version: HTTP/1.1)
HTTP/1.1 200 OK
Content-Type: application/json; charset=utf-8
cache-control: no-cache
content-length: 93

22:25:58.385 [AsyncHttpClient-1-5] DEBUG org.asynchttpclient.netty.channel.ChannelManager - Adding key: http://localhost:58290 for channel [id: 0xc1ffcb52, L:/127.0.0.1:61498 - R:localhost/127.0.0.1:58290]
22:25:58.391 [Forwarding getElementAttribute on session afc2132c6a1b19deeea3c83562d92e39 to remote] DEBUG org.asynchttpclient.netty.request.NettyRequestSender - Using pooled Channel '[id: 0xc1ffcb52, L:/127.0.0.1:61498 - R:localhost/127.0.0.1:58290]' for 'POST' to 'http://localhost:58290/session/afc2132c6a1b19deeea3c83562d92e39/execute/sync'
22:25:58.391 [Forwarding getElementAttribute on session afc2132c6a1b19deeea3c83562d92e39 to remote] DEBUG org.asynchttpclient.netty.request.NettyRequestSender - Using open Channel [id: 0xc1ffcb52, L:/127.0.0.1:61498 - R:localhost/127.0.0.1:58290] for POST '/session/afc2132c6a1b19deeea3c83562d92e39/execute/sync'
22:25:58.411 [AsyncHttpClient-1-5] DEBUG org.asynchttpclient.netty.handler.HttpHandler - 

Request DefaultHttpRequest(decodeResult: success, version: HTTP/1.1)
POST /session/afc2132c6a1b19deeea3c83562d92e39/execute/sync HTTP/1.1
User-Agent: selenium/4.1.2 (java windows)
Content-Length: 47339
Content-Type: application/json; charset=utf-8
host: localhost:58290
accept: */*

Response DefaultHttpResponse(decodeResult: success, version: HTTP/1.1)
HTTP/1.1 200 OK
Content-Type: application/json; charset=utf-8
cache-control: no-cache
content-length: 70

22:25:58.412 [AsyncHttpClient-1-5] DEBUG org.asynchttpclient.netty.channel.ChannelManager - Adding key: http://localhost:58290 for channel [id: 0xc1ffcb52, L:/127.0.0.1:61498 - R:localhost/127.0.0.1:58290]
22:25:58.416 [Forwarding getElementAttribute on session afc2132c6a1b19deeea3c83562d92e39 to remote] DEBUG org.asynchttpclient.netty.request.NettyRequestSender - Using pooled Channel '[id: 0xc1ffcb52, L:/127.0.0.1:61498 - R:localhost/127.0.0.1:58290]' for 'POST' to 'http://localhost:58290/session/afc2132c6a1b19deeea3c83562d92e39/execute/sync'
22:25:58.416 [Forwarding getElementAttribute on session afc2132c6a1b19deeea3c83562d92e39 to remote] DEBUG org.asynchttpclient.netty.request.NettyRequestSender - Using open Channel [id: 0xc1ffcb52, L:/127.0.0.1:61498 - R:localhost/127.0.0.1:58290] for POST '/session/afc2132c6a1b19deeea3c83562d92e39/execute/sync'
22:25:58.442 [AsyncHttpClient-1-5] DEBUG org.asynchttpclient.netty.handler.HttpHandler - 

Request DefaultHttpRequest(decodeResult: success, version: HTTP/1.1)
POST /session/afc2132c6a1b19deeea3c83562d92e39/execute/sync HTTP/1.1
User-Agent: selenium/4.1.2 (java windows)
Content-Length: 47339
Content-Type: application/json; charset=utf-8
host: localhost:58290
accept: */*

Response DefaultHttpResponse(decodeResult: success, version: HTTP/1.1)
HTTP/1.1 200 OK
Content-Type: application/json; charset=utf-8
cache-control: no-cache
content-length: 75

22:25:58.443 [AsyncHttpClient-1-5] DEBUG org.asynchttpclient.netty.channel.ChannelManager - Adding key: http://localhost:58290 for channel [id: 0xc1ffcb52, L:/127.0.0.1:61498 - R:localhost/127.0.0.1:58290]
22:25:58.447 [Forwarding getElementAttribute on session afc2132c6a1b19deeea3c83562d92e39 to remote] DEBUG org.asynchttpclient.netty.request.NettyRequestSender - Using pooled Channel '[id: 0xc1ffcb52, L:/127.0.0.1:61498 - R:localhost/127.0.0.1:58290]' for 'POST' to 'http://localhost:58290/session/afc2132c6a1b19deeea3c83562d92e39/execute/sync'
22:25:58.447 [Forwarding getElementAttribute on session afc2132c6a1b19deeea3c83562d92e39 to remote] DEBUG org.asynchttpclient.netty.request.NettyRequestSender - Using open Channel [id: 0xc1ffcb52, L:/127.0.0.1:61498 - R:localhost/127.0.0.1:58290] for POST '/session/afc2132c6a1b19deeea3c83562d92e39/execute/sync'
22:25:58.458 [AsyncHttpClient-1-5] DEBUG org.asynchttpclient.netty.handler.HttpHandler - 

Request DefaultHttpRequest(decodeResult: success, version: HTTP/1.1)
POST /session/afc2132c6a1b19deeea3c83562d92e39/execute/sync HTTP/1.1
User-Agent: selenium/4.1.2 (java windows)
Content-Length: 47339
Content-Type: application/json; charset=utf-8
host: localhost:58290
accept: */*

Response DefaultHttpResponse(decodeResult: success, version: HTTP/1.1)
HTTP/1.1 200 OK
Content-Type: application/json; charset=utf-8
cache-control: no-cache
content-length: 83

22:25:58.458 [AsyncHttpClient-1-5] DEBUG org.asynchttpclient.netty.channel.ChannelManager - Adding key: http://localhost:58290 for channel [id: 0xc1ffcb52, L:/127.0.0.1:61498 - R:localhost/127.0.0.1:58290]
22:25:58.462 [Forwarding getElementAttribute on session afc2132c6a1b19deeea3c83562d92e39 to remote] DEBUG org.asynchttpclient.netty.request.NettyRequestSender - Using pooled Channel '[id: 0xc1ffcb52, L:/127.0.0.1:61498 - R:localhost/127.0.0.1:58290]' for 'POST' to 'http://localhost:58290/session/afc2132c6a1b19deeea3c83562d92e39/execute/sync'
22:25:58.462 [Forwarding getElementAttribute on session afc2132c6a1b19deeea3c83562d92e39 to remote] DEBUG org.asynchttpclient.netty.request.NettyRequestSender - Using open Channel [id: 0xc1ffcb52, L:/127.0.0.1:61498 - R:localhost/127.0.0.1:58290] for POST '/session/afc2132c6a1b19deeea3c83562d92e39/execute/sync'
22:25:58.478 [AsyncHttpClient-1-5] DEBUG org.asynchttpclient.netty.handler.HttpHandler - 

Request DefaultHttpRequest(decodeResult: success, version: HTTP/1.1)
POST /session/afc2132c6a1b19deeea3c83562d92e39/execute/sync HTTP/1.1
User-Agent: selenium/4.1.2 (java windows)
Content-Length: 47339
Content-Type: application/json; charset=utf-8
host: localhost:58290
accept: */*

Response DefaultHttpResponse(decodeResult: success, version: HTTP/1.1)
HTTP/1.1 200 OK
Content-Type: application/json; charset=utf-8
cache-control: no-cache
content-length: 94

22:25:58.478 [AsyncHttpClient-1-5] DEBUG org.asynchttpclient.netty.channel.ChannelManager - Adding key: http://localhost:58290 for channel [id: 0xc1ffcb52, L:/127.0.0.1:61498 - R:localhost/127.0.0.1:58290]
22:25:58.482 [Forwarding getElementAttribute on session afc2132c6a1b19deeea3c83562d92e39 to remote] DEBUG org.asynchttpclient.netty.request.NettyRequestSender - Using pooled Channel '[id: 0xc1ffcb52, L:/127.0.0.1:61498 - R:localhost/127.0.0.1:58290]' for 'POST' to 'http://localhost:58290/session/afc2132c6a1b19deeea3c83562d92e39/execute/sync'
22:25:58.482 [Forwarding getElementAttribute on session afc2132c6a1b19deeea3c83562d92e39 to remote] DEBUG org.asynchttpclient.netty.request.NettyRequestSender - Using open Channel [id: 0xc1ffcb52, L:/127.0.0.1:61498 - R:localhost/127.0.0.1:58290] for POST '/session/afc2132c6a1b19deeea3c83562d92e39/execute/sync'
22:25:58.494 [AsyncHttpClient-1-5] DEBUG org.asynchttpclient.netty.handler.HttpHandler - 

Request DefaultHttpRequest(decodeResult: success, version: HTTP/1.1)
POST /session/afc2132c6a1b19deeea3c83562d92e39/execute/sync HTTP/1.1
User-Agent: selenium/4.1.2 (java windows)
Content-Length: 47339
Content-Type: application/json; charset=utf-8
host: localhost:58290
accept: */*

Response DefaultHttpResponse(decodeResult: success, version: HTTP/1.1)
HTTP/1.1 200 OK
Content-Type: application/json; charset=utf-8
cache-control: no-cache
content-length: 93

22:25:58.494 [AsyncHttpClient-1-5] DEBUG org.asynchttpclient.netty.channel.ChannelManager - Adding key: http://localhost:58290 for channel [id: 0xc1ffcb52, L:/127.0.0.1:61498 - R:localhost/127.0.0.1:58290]
22:25:58.498 [Forwarding getElementAttribute on session afc2132c6a1b19deeea3c83562d92e39 to remote] DEBUG org.asynchttpclient.netty.request.NettyRequestSender - Using pooled Channel '[id: 0xc1ffcb52, L:/127.0.0.1:61498 - R:localhost/127.0.0.1:58290]' for 'POST' to 'http://localhost:58290/session/afc2132c6a1b19deeea3c83562d92e39/execute/sync'
22:25:58.498 [Forwarding getElementAttribute on session afc2132c6a1b19deeea3c83562d92e39 to remote] DEBUG org.asynchttpclient.netty.request.NettyRequestSender - Using open Channel [id: 0xc1ffcb52, L:/127.0.0.1:61498 - R:localhost/127.0.0.1:58290] for POST '/session/afc2132c6a1b19deeea3c83562d92e39/execute/sync'
22:25:58.508 [AsyncHttpClient-1-5] DEBUG org.asynchttpclient.netty.handler.HttpHandler - 

Request DefaultHttpRequest(decodeResult: success, version: HTTP/1.1)
POST /session/afc2132c6a1b19deeea3c83562d92e39/execute/sync HTTP/1.1
User-Agent: selenium/4.1.2 (java windows)
Content-Length: 47339
Content-Type: application/json; charset=utf-8
host: localhost:58290
accept: */*

Response DefaultHttpResponse(decodeResult: success, version: HTTP/1.1)
HTTP/1.1 200 OK
Content-Type: application/json; charset=utf-8
cache-control: no-cache
content-length: 89

22:25:58.508 [AsyncHttpClient-1-5] DEBUG org.asynchttpclient.netty.channel.ChannelManager - Adding key: http://localhost:58290 for channel [id: 0xc1ffcb52, L:/127.0.0.1:61498 - R:localhost/127.0.0.1:58290]
22:25:58.516 [Forwarding getElementAttribute on session afc2132c6a1b19deeea3c83562d92e39 to remote] DEBUG org.asynchttpclient.netty.request.NettyRequestSender - Using pooled Channel '[id: 0xc1ffcb52, L:/127.0.0.1:61498 - R:localhost/127.0.0.1:58290]' for 'POST' to 'http://localhost:58290/session/afc2132c6a1b19deeea3c83562d92e39/execute/sync'
22:25:58.516 [Forwarding getElementAttribute on session afc2132c6a1b19deeea3c83562d92e39 to remote] DEBUG org.asynchttpclient.netty.request.NettyRequestSender - Using open Channel [id: 0xc1ffcb52, L:/127.0.0.1:61498 - R:localhost/127.0.0.1:58290] for POST '/session/afc2132c6a1b19deeea3c83562d92e39/execute/sync'
22:25:58.535 [AsyncHttpClient-1-5] DEBUG org.asynchttpclient.netty.handler.HttpHandler - 

Request DefaultHttpRequest(decodeResult: success, version: HTTP/1.1)
POST /session/afc2132c6a1b19deeea3c83562d92e39/execute/sync HTTP/1.1
User-Agent: selenium/4.1.2 (java windows)
Content-Length: 47339
Content-Type: application/json; charset=utf-8
host: localhost:58290
accept: */*

Response DefaultHttpResponse(decodeResult: success, version: HTTP/1.1)
HTTP/1.1 200 OK
Content-Type: application/json; charset=utf-8
cache-control: no-cache
content-length: 92

22:25:58.535 [AsyncHttpClient-1-5] DEBUG org.asynchttpclient.netty.channel.ChannelManager - Adding key: http://localhost:58290 for channel [id: 0xc1ffcb52, L:/127.0.0.1:61498 - R:localhost/127.0.0.1:58290]
22:25:58.539 [Forwarding getElementAttribute on session afc2132c6a1b19deeea3c83562d92e39 to remote] DEBUG org.asynchttpclient.netty.request.NettyRequestSender - Using pooled Channel '[id: 0xc1ffcb52, L:/127.0.0.1:61498 - R:localhost/127.0.0.1:58290]' for 'POST' to 'http://localhost:58290/session/afc2132c6a1b19deeea3c83562d92e39/execute/sync'
22:25:58.539 [Forwarding getElementAttribute on session afc2132c6a1b19deeea3c83562d92e39 to remote] DEBUG org.asynchttpclient.netty.request.NettyRequestSender - Using open Channel [id: 0xc1ffcb52, L:/127.0.0.1:61498 - R:localhost/127.0.0.1:58290] for POST '/session/afc2132c6a1b19deeea3c83562d92e39/execute/sync'
22:25:58.551 [AsyncHttpClient-1-5] DEBUG org.asynchttpclient.netty.handler.HttpHandler - 

Request DefaultHttpRequest(decodeResult: success, version: HTTP/1.1)
POST /session/afc2132c6a1b19deeea3c83562d92e39/execute/sync HTTP/1.1
User-Agent: selenium/4.1.2 (java windows)
Content-Length: 47339
Content-Type: application/json; charset=utf-8
host: localhost:58290
accept: */*

Response DefaultHttpResponse(decodeResult: success, version: HTTP/1.1)
HTTP/1.1 200 OK
Content-Type: application/json; charset=utf-8
cache-control: no-cache
content-length: 106

22:25:58.551 [AsyncHttpClient-1-5] DEBUG org.asynchttpclient.netty.channel.ChannelManager - Adding key: http://localhost:58290 for channel [id: 0xc1ffcb52, L:/127.0.0.1:61498 - R:localhost/127.0.0.1:58290]
22:25:58.551 [Forwarding getElementAttribute on session afc2132c6a1b19deeea3c83562d92e39 to remote] DEBUG org.asynchttpclient.netty.request.NettyRequestSender - Using pooled Channel '[id: 0xc1ffcb52, L:/127.0.0.1:61498 - R:localhost/127.0.0.1:58290]' for 'POST' to 'http://localhost:58290/session/afc2132c6a1b19deeea3c83562d92e39/execute/sync'
22:25:58.551 [Forwarding getElementAttribute on session afc2132c6a1b19deeea3c83562d92e39 to remote] DEBUG org.asynchttpclient.netty.request.NettyRequestSender - Using open Channel [id: 0xc1ffcb52, L:/127.0.0.1:61498 - R:localhost/127.0.0.1:58290] for POST '/session/afc2132c6a1b19deeea3c83562d92e39/execute/sync'
22:25:58.561 [AsyncHttpClient-1-5] DEBUG org.asynchttpclient.netty.handler.HttpHandler - 

Request DefaultHttpRequest(decodeResult: success, version: HTTP/1.1)
POST /session/afc2132c6a1b19deeea3c83562d92e39/execute/sync HTTP/1.1
User-Agent: selenium/4.1.2 (java windows)
Content-Length: 47339
Content-Type: application/json; charset=utf-8
host: localhost:58290
accept: */*

Response DefaultHttpResponse(decodeResult: success, version: HTTP/1.1)
HTTP/1.1 200 OK
Content-Type: application/json; charset=utf-8
cache-control: no-cache
content-length: 96

22:25:58.561 [AsyncHttpClient-1-5] DEBUG org.asynchttpclient.netty.channel.ChannelManager - Adding key: http://localhost:58290 for channel [id: 0xc1ffcb52, L:/127.0.0.1:61498 - R:localhost/127.0.0.1:58290]
22:25:58.571 [Forwarding getElementAttribute on session afc2132c6a1b19deeea3c83562d92e39 to remote] DEBUG org.asynchttpclient.netty.request.NettyRequestSender - Using pooled Channel '[id: 0xc1ffcb52, L:/127.0.0.1:61498 - R:localhost/127.0.0.1:58290]' for 'POST' to 'http://localhost:58290/session/afc2132c6a1b19deeea3c83562d92e39/execute/sync'
22:25:58.571 [Forwarding getElementAttribute on session afc2132c6a1b19deeea3c83562d92e39 to remote] DEBUG org.asynchttpclient.netty.request.NettyRequestSender - Using open Channel [id: 0xc1ffcb52, L:/127.0.0.1:61498 - R:localhost/127.0.0.1:58290] for POST '/session/afc2132c6a1b19deeea3c83562d92e39/execute/sync'
22:25:58.581 [AsyncHttpClient-1-5] DEBUG org.asynchttpclient.netty.handler.HttpHandler - 

Request DefaultHttpRequest(decodeResult: success, version: HTTP/1.1)
POST /session/afc2132c6a1b19deeea3c83562d92e39/execute/sync HTTP/1.1
User-Agent: selenium/4.1.2 (java windows)
Content-Length: 47339
Content-Type: application/json; charset=utf-8
host: localhost:58290
accept: */*

Response DefaultHttpResponse(decodeResult: success, version: HTTP/1.1)
HTTP/1.1 200 OK
Content-Type: application/json; charset=utf-8
cache-control: no-cache
content-length: 82

22:25:58.581 [AsyncHttpClient-1-5] DEBUG org.asynchttpclient.netty.channel.ChannelManager - Adding key: http://localhost:58290 for channel [id: 0xc1ffcb52, L:/127.0.0.1:61498 - R:localhost/127.0.0.1:58290]
22:25:58.581 [Forwarding getElementAttribute on session afc2132c6a1b19deeea3c83562d92e39 to remote] DEBUG org.asynchttpclient.netty.request.NettyRequestSender - Using pooled Channel '[id: 0xc1ffcb52, L:/127.0.0.1:61498 - R:localhost/127.0.0.1:58290]' for 'POST' to 'http://localhost:58290/session/afc2132c6a1b19deeea3c83562d92e39/execute/sync'
22:25:58.581 [Forwarding getElementAttribute on session afc2132c6a1b19deeea3c83562d92e39 to remote] DEBUG org.asynchttpclient.netty.request.NettyRequestSender - Using open Channel [id: 0xc1ffcb52, L:/127.0.0.1:61498 - R:localhost/127.0.0.1:58290] for POST '/session/afc2132c6a1b19deeea3c83562d92e39/execute/sync'
22:25:58.591 [AsyncHttpClient-1-5] DEBUG org.asynchttpclient.netty.handler.HttpHandler - 

Request DefaultHttpRequest(decodeResult: success, version: HTTP/1.1)
POST /session/afc2132c6a1b19deeea3c83562d92e39/execute/sync HTTP/1.1
User-Agent: selenium/4.1.2 (java windows)
Content-Length: 47339
Content-Type: application/json; charset=utf-8
host: localhost:58290
accept: */*

Response DefaultHttpResponse(decodeResult: success, version: HTTP/1.1)
HTTP/1.1 200 OK
Content-Type: application/json; charset=utf-8
cache-control: no-cache
content-length: 64

22:25:58.591 [AsyncHttpClient-1-5] DEBUG org.asynchttpclient.netty.channel.ChannelManager - Adding key: http://localhost:58290 for channel [id: 0xc1ffcb52, L:/127.0.0.1:61498 - R:localhost/127.0.0.1:58290]
22:25:58.605 [Forwarding getElementAttribute on session afc2132c6a1b19deeea3c83562d92e39 to remote] DEBUG org.asynchttpclient.netty.request.NettyRequestSender - Using pooled Channel '[id: 0xc1ffcb52, L:/127.0.0.1:61498 - R:localhost/127.0.0.1:58290]' for 'POST' to 'http://localhost:58290/session/afc2132c6a1b19deeea3c83562d92e39/execute/sync'
22:25:58.605 [Forwarding getElementAttribute on session afc2132c6a1b19deeea3c83562d92e39 to remote] DEBUG org.asynchttpclient.netty.request.NettyRequestSender - Using open Channel [id: 0xc1ffcb52, L:/127.0.0.1:61498 - R:localhost/127.0.0.1:58290] for POST '/session/afc2132c6a1b19deeea3c83562d92e39/execute/sync'
22:25:58.613 [AsyncHttpClient-1-5] DEBUG org.asynchttpclient.netty.handler.HttpHandler - 

Request DefaultHttpRequest(decodeResult: success, version: HTTP/1.1)
POST /session/afc2132c6a1b19deeea3c83562d92e39/execute/sync HTTP/1.1
User-Agent: selenium/4.1.2 (java windows)
Content-Length: 47339
Content-Type: application/json; charset=utf-8
host: localhost:58290
accept: */*

Response DefaultHttpResponse(decodeResult: success, version: HTTP/1.1)
HTTP/1.1 200 OK
Content-Type: application/json; charset=utf-8
cache-control: no-cache
content-length: 84

22:25:58.613 [AsyncHttpClient-1-5] DEBUG org.asynchttpclient.netty.channel.ChannelManager - Adding key: http://localhost:58290 for channel [id: 0xc1ffcb52, L:/127.0.0.1:61498 - R:localhost/127.0.0.1:58290]
22:25:58.613 [Forwarding getElementAttribute on session afc2132c6a1b19deeea3c83562d92e39 to remote] DEBUG org.asynchttpclient.netty.request.NettyRequestSender - Using pooled Channel '[id: 0xc1ffcb52, L:/127.0.0.1:61498 - R:localhost/127.0.0.1:58290]' for 'POST' to 'http://localhost:58290/session/afc2132c6a1b19deeea3c83562d92e39/execute/sync'
22:25:58.613 [Forwarding getElementAttribute on session afc2132c6a1b19deeea3c83562d92e39 to remote] DEBUG org.asynchttpclient.netty.request.NettyRequestSender - Using open Channel [id: 0xc1ffcb52, L:/127.0.0.1:61498 - R:localhost/127.0.0.1:58290] for POST '/session/afc2132c6a1b19deeea3c83562d92e39/execute/sync'
22:25:58.634 [AsyncHttpClient-1-5] DEBUG org.asynchttpclient.netty.handler.HttpHandler - 

Request DefaultHttpRequest(decodeResult: success, version: HTTP/1.1)
POST /session/afc2132c6a1b19deeea3c83562d92e39/execute/sync HTTP/1.1
User-Agent: selenium/4.1.2 (java windows)
Content-Length: 47339
Content-Type: application/json; charset=utf-8
host: localhost:58290
accept: */*

Response DefaultHttpResponse(decodeResult: success, version: HTTP/1.1)
HTTP/1.1 200 OK
Content-Type: application/json; charset=utf-8
cache-control: no-cache
content-length: 73

22:25:58.634 [AsyncHttpClient-1-5] DEBUG org.asynchttpclient.netty.channel.ChannelManager - Adding key: http://localhost:58290 for channel [id: 0xc1ffcb52, L:/127.0.0.1:61498 - R:localhost/127.0.0.1:58290]
22:25:58.634 [Forwarding getElementAttribute on session afc2132c6a1b19deeea3c83562d92e39 to remote] DEBUG org.asynchttpclient.netty.request.NettyRequestSender - Using pooled Channel '[id: 0xc1ffcb52, L:/127.0.0.1:61498 - R:localhost/127.0.0.1:58290]' for 'POST' to 'http://localhost:58290/session/afc2132c6a1b19deeea3c83562d92e39/execute/sync'
22:25:58.634 [Forwarding getElementAttribute on session afc2132c6a1b19deeea3c83562d92e39 to remote] DEBUG org.asynchttpclient.netty.request.NettyRequestSender - Using open Channel [id: 0xc1ffcb52, L:/127.0.0.1:61498 - R:localhost/127.0.0.1:58290] for POST '/session/afc2132c6a1b19deeea3c83562d92e39/execute/sync'
22:25:58.656 [AsyncHttpClient-1-5] DEBUG org.asynchttpclient.netty.handler.HttpHandler - 

Request DefaultHttpRequest(decodeResult: success, version: HTTP/1.1)
POST /session/afc2132c6a1b19deeea3c83562d92e39/execute/sync HTTP/1.1
User-Agent: selenium/4.1.2 (java windows)
Content-Length: 47339
Content-Type: application/json; charset=utf-8
host: localhost:58290
accept: */*

Response DefaultHttpResponse(decodeResult: success, version: HTTP/1.1)
HTTP/1.1 200 OK
Content-Type: application/json; charset=utf-8
cache-control: no-cache
content-length: 103

22:25:58.656 [AsyncHttpClient-1-5] DEBUG org.asynchttpclient.netty.channel.ChannelManager - Adding key: http://localhost:58290 for channel [id: 0xc1ffcb52, L:/127.0.0.1:61498 - R:localhost/127.0.0.1:58290]
22:25:58.660 [Forwarding getElementAttribute on session afc2132c6a1b19deeea3c83562d92e39 to remote] DEBUG org.asynchttpclient.netty.request.NettyRequestSender - Using pooled Channel '[id: 0xc1ffcb52, L:/127.0.0.1:61498 - R:localhost/127.0.0.1:58290]' for 'POST' to 'http://localhost:58290/session/afc2132c6a1b19deeea3c83562d92e39/execute/sync'
22:25:58.660 [Forwarding getElementAttribute on session afc2132c6a1b19deeea3c83562d92e39 to remote] DEBUG org.asynchttpclient.netty.request.NettyRequestSender - Using open Channel [id: 0xc1ffcb52, L:/127.0.0.1:61498 - R:localhost/127.0.0.1:58290] for POST '/session/afc2132c6a1b19deeea3c83562d92e39/execute/sync'
22:25:58.673 [AsyncHttpClient-1-5] DEBUG org.asynchttpclient.netty.handler.HttpHandler - 

Request DefaultHttpRequest(decodeResult: success, version: HTTP/1.1)
POST /session/afc2132c6a1b19deeea3c83562d92e39/execute/sync HTTP/1.1
User-Agent: selenium/4.1.2 (java windows)
Content-Length: 47339
Content-Type: application/json; charset=utf-8
host: localhost:58290
accept: */*

Response DefaultHttpResponse(decodeResult: success, version: HTTP/1.1)
HTTP/1.1 200 OK
Content-Type: application/json; charset=utf-8
cache-control: no-cache
content-length: 84

22:25:58.673 [AsyncHttpClient-1-5] DEBUG org.asynchttpclient.netty.channel.ChannelManager - Adding key: http://localhost:58290 for channel [id: 0xc1ffcb52, L:/127.0.0.1:61498 - R:localhost/127.0.0.1:58290]
22:25:58.677 [Forwarding getElementAttribute on session afc2132c6a1b19deeea3c83562d92e39 to remote] DEBUG org.asynchttpclient.netty.request.NettyRequestSender - Using pooled Channel '[id: 0xc1ffcb52, L:/127.0.0.1:61498 - R:localhost/127.0.0.1:58290]' for 'POST' to 'http://localhost:58290/session/afc2132c6a1b19deeea3c83562d92e39/execute/sync'
22:25:58.677 [Forwarding getElementAttribute on session afc2132c6a1b19deeea3c83562d92e39 to remote] DEBUG org.asynchttpclient.netty.request.NettyRequestSender - Using open Channel [id: 0xc1ffcb52, L:/127.0.0.1:61498 - R:localhost/127.0.0.1:58290] for POST '/session/afc2132c6a1b19deeea3c83562d92e39/execute/sync'
22:25:58.693 [AsyncHttpClient-1-5] DEBUG org.asynchttpclient.netty.handler.HttpHandler - 

Request DefaultHttpRequest(decodeResult: success, version: HTTP/1.1)
POST /session/afc2132c6a1b19deeea3c83562d92e39/execute/sync HTTP/1.1
User-Agent: selenium/4.1.2 (java windows)
Content-Length: 47339
Content-Type: application/json; charset=utf-8
host: localhost:58290
accept: */*

Response DefaultHttpResponse(decodeResult: success, version: HTTP/1.1)
HTTP/1.1 200 OK
Content-Type: application/json; charset=utf-8
cache-control: no-cache
content-length: 61

22:25:58.693 [AsyncHttpClient-1-5] DEBUG org.asynchttpclient.netty.channel.ChannelManager - Adding key: http://localhost:58290 for channel [id: 0xc1ffcb52, L:/127.0.0.1:61498 - R:localhost/127.0.0.1:58290]
22:25:58.805 [Forwarding findElements on session afc2132c6a1b19deeea3c83562d92e39 to remote] DEBUG org.asynchttpclient.netty.request.NettyRequestSender - Using pooled Channel '[id: 0xc1ffcb52, L:/127.0.0.1:61498 - R:localhost/127.0.0.1:58290]' for 'POST' to 'http://localhost:58290/session/afc2132c6a1b19deeea3c83562d92e39/elements'
22:25:58.805 [Forwarding findElements on session afc2132c6a1b19deeea3c83562d92e39 to remote] DEBUG org.asynchttpclient.netty.request.NettyRequestSender - Using open Channel [id: 0xc1ffcb52, L:/127.0.0.1:61498 - R:localhost/127.0.0.1:58290] for POST '/session/afc2132c6a1b19deeea3c83562d92e39/elements'
22:25:58.923 [AsyncHttpClient-1-5] DEBUG org.asynchttpclient.netty.handler.HttpHandler - 

Request DefaultHttpRequest(decodeResult: success, version: HTTP/1.1)
POST /session/afc2132c6a1b19deeea3c83562d92e39/elements HTTP/1.1
User-Agent: selenium/4.1.2 (java windows)
Content-Length: 84
Content-Type: application/json; charset=utf-8
host: localhost:58290
accept: */*

Response DefaultHttpResponse(decodeResult: success, version: HTTP/1.1)
HTTP/1.1 200 OK
Content-Type: application/json; charset=utf-8
cache-control: no-cache
content-length: 3487

22:25:58.923 [AsyncHttpClient-1-5] DEBUG org.asynchttpclient.netty.channel.ChannelManager - Adding key: http://localhost:58290 for channel [id: 0xc1ffcb52, L:/127.0.0.1:61498 - R:localhost/127.0.0.1:58290]
22:25:58.923 [Forwarding findElement on session afc2132c6a1b19deeea3c83562d92e39 to remote] DEBUG org.asynchttpclient.netty.request.NettyRequestSender - Using pooled Channel '[id: 0xc1ffcb52, L:/127.0.0.1:61498 - R:localhost/127.0.0.1:58290]' for 'POST' to 'http://localhost:58290/session/afc2132c6a1b19deeea3c83562d92e39/element'
22:25:58.923 [Forwarding findElement on session afc2132c6a1b19deeea3c83562d92e39 to remote] DEBUG org.asynchttpclient.netty.request.NettyRequestSender - Using open Channel [id: 0xc1ffcb52, L:/127.0.0.1:61498 - R:localhost/127.0.0.1:58290] for POST '/session/afc2132c6a1b19deeea3c83562d92e39/element'
22:25:58.942 [AsyncHttpClient-1-5] DEBUG org.asynchttpclient.netty.handler.HttpHandler - 

Request DefaultHttpRequest(decodeResult: success, version: HTTP/1.1)
POST /session/afc2132c6a1b19deeea3c83562d92e39/element HTTP/1.1
User-Agent: selenium/4.1.2 (java windows)
Content-Length: 74
Content-Type: application/json; charset=utf-8
host: localhost:58290
accept: */*

Response DefaultHttpResponse(decodeResult: success, version: HTTP/1.1)
HTTP/1.1 200 OK
Content-Type: application/json; charset=utf-8
cache-control: no-cache
content-length: 88

22:25:58.942 [AsyncHttpClient-1-5] DEBUG org.asynchttpclient.netty.channel.ChannelManager - Adding key: http://localhost:58290 for channel [id: 0xc1ffcb52, L:/127.0.0.1:61498 - R:localhost/127.0.0.1:58290]
22:25:58.944 [Forwarding getElementAttribute on session afc2132c6a1b19deeea3c83562d92e39 to remote] DEBUG org.asynchttpclient.netty.request.NettyRequestSender - Using pooled Channel '[id: 0xc1ffcb52, L:/127.0.0.1:61498 - R:localhost/127.0.0.1:58290]' for 'POST' to 'http://localhost:58290/session/afc2132c6a1b19deeea3c83562d92e39/execute/sync'
22:25:58.944 [Forwarding getElementAttribute on session afc2132c6a1b19deeea3c83562d92e39 to remote] DEBUG org.asynchttpclient.netty.request.NettyRequestSender - Using open Channel [id: 0xc1ffcb52, L:/127.0.0.1:61498 - R:localhost/127.0.0.1:58290] for POST '/session/afc2132c6a1b19deeea3c83562d92e39/execute/sync'
22:25:58.954 [AsyncHttpClient-1-5] DEBUG org.asynchttpclient.netty.handler.HttpHandler - 

Request DefaultHttpRequest(decodeResult: success, version: HTTP/1.1)
POST /session/afc2132c6a1b19deeea3c83562d92e39/execute/sync HTTP/1.1
User-Agent: selenium/4.1.2 (java windows)
Content-Length: 47339
Content-Type: application/json; charset=utf-8
host: localhost:58290
accept: */*

Response DefaultHttpResponse(decodeResult: success, version: HTTP/1.1)
HTTP/1.1 200 OK
Content-Type: application/json; charset=utf-8
cache-control: no-cache
content-length: 83

22:25:58.954 [AsyncHttpClient-1-5] DEBUG org.asynchttpclient.netty.channel.ChannelManager - Adding key: http://localhost:58290 for channel [id: 0xc1ffcb52, L:/127.0.0.1:61498 - R:localhost/127.0.0.1:58290]
22:25:58.962 [Forwarding getElementAttribute on session afc2132c6a1b19deeea3c83562d92e39 to remote] DEBUG org.asynchttpclient.netty.request.NettyRequestSender - Using pooled Channel '[id: 0xc1ffcb52, L:/127.0.0.1:61498 - R:localhost/127.0.0.1:58290]' for 'POST' to 'http://localhost:58290/session/afc2132c6a1b19deeea3c83562d92e39/execute/sync'
22:25:58.962 [Forwarding getElementAttribute on session afc2132c6a1b19deeea3c83562d92e39 to remote] DEBUG org.asynchttpclient.netty.request.NettyRequestSender - Using open Channel [id: 0xc1ffcb52, L:/127.0.0.1:61498 - R:localhost/127.0.0.1:58290] for POST '/session/afc2132c6a1b19deeea3c83562d92e39/execute/sync'
22:25:58.962 [AsyncHttpClient-1-5] DEBUG org.asynchttpclient.netty.handler.HttpHandler - 

Request DefaultHttpRequest(decodeResult: success, version: HTTP/1.1)
POST /session/afc2132c6a1b19deeea3c83562d92e39/execute/sync HTTP/1.1
User-Agent: selenium/4.1.2 (java windows)
Content-Length: 47339
Content-Type: application/json; charset=utf-8
host: localhost:58290
accept: */*

Response DefaultHttpResponse(decodeResult: success, version: HTTP/1.1)
HTTP/1.1 200 OK
Content-Type: application/json; charset=utf-8
cache-control: no-cache
content-length: 58

22:25:58.972 [AsyncHttpClient-1-5] DEBUG org.asynchttpclient.netty.channel.ChannelManager - Adding key: http://localhost:58290 for channel [id: 0xc1ffcb52, L:/127.0.0.1:61498 - R:localhost/127.0.0.1:58290]
22:25:58.972 [Forwarding getElementAttribute on session afc2132c6a1b19deeea3c83562d92e39 to remote] DEBUG org.asynchttpclient.netty.request.NettyRequestSender - Using pooled Channel '[id: 0xc1ffcb52, L:/127.0.0.1:61498 - R:localhost/127.0.0.1:58290]' for 'POST' to 'http://localhost:58290/session/afc2132c6a1b19deeea3c83562d92e39/execute/sync'
22:25:58.972 [Forwarding getElementAttribute on session afc2132c6a1b19deeea3c83562d92e39 to remote] DEBUG org.asynchttpclient.netty.request.NettyRequestSender - Using open Channel [id: 0xc1ffcb52, L:/127.0.0.1:61498 - R:localhost/127.0.0.1:58290] for POST '/session/afc2132c6a1b19deeea3c83562d92e39/execute/sync'
22:25:58.989 [AsyncHttpClient-1-5] DEBUG org.asynchttpclient.netty.handler.HttpHandler - 

Request DefaultHttpRequest(decodeResult: success, version: HTTP/1.1)
POST /session/afc2132c6a1b19deeea3c83562d92e39/execute/sync HTTP/1.1
User-Agent: selenium/4.1.2 (java windows)
Content-Length: 47339
Content-Type: application/json; charset=utf-8
host: localhost:58290
accept: */*

Response DefaultHttpResponse(decodeResult: success, version: HTTP/1.1)
HTTP/1.1 200 OK
Content-Type: application/json; charset=utf-8
cache-control: no-cache
content-length: 84

22:25:58.989 [AsyncHttpClient-1-5] DEBUG org.asynchttpclient.netty.channel.ChannelManager - Adding key: http://localhost:58290 for channel [id: 0xc1ffcb52, L:/127.0.0.1:61498 - R:localhost/127.0.0.1:58290]
22:25:58.995 [Forwarding getElementAttribute on session afc2132c6a1b19deeea3c83562d92e39 to remote] DEBUG org.asynchttpclient.netty.request.NettyRequestSender - Using pooled Channel '[id: 0xc1ffcb52, L:/127.0.0.1:61498 - R:localhost/127.0.0.1:58290]' for 'POST' to 'http://localhost:58290/session/afc2132c6a1b19deeea3c83562d92e39/execute/sync'
22:25:58.995 [Forwarding getElementAttribute on session afc2132c6a1b19deeea3c83562d92e39 to remote] DEBUG org.asynchttpclient.netty.request.NettyRequestSender - Using open Channel [id: 0xc1ffcb52, L:/127.0.0.1:61498 - R:localhost/127.0.0.1:58290] for POST '/session/afc2132c6a1b19deeea3c83562d92e39/execute/sync'
22:25:59.010 [AsyncHttpClient-1-5] DEBUG org.asynchttpclient.netty.handler.HttpHandler - 

Request DefaultHttpRequest(decodeResult: success, version: HTTP/1.1)
POST /session/afc2132c6a1b19deeea3c83562d92e39/execute/sync HTTP/1.1
User-Agent: selenium/4.1.2 (java windows)
Content-Length: 47339
Content-Type: application/json; charset=utf-8
host: localhost:58290
accept: */*

Response DefaultHttpResponse(decodeResult: success, version: HTTP/1.1)
HTTP/1.1 200 OK
Content-Type: application/json; charset=utf-8
cache-control: no-cache
content-length: 74

22:25:59.010 [AsyncHttpClient-1-5] DEBUG org.asynchttpclient.netty.channel.ChannelManager - Adding key: http://localhost:58290 for channel [id: 0xc1ffcb52, L:/127.0.0.1:61498 - R:localhost/127.0.0.1:58290]
22:25:59.014 [Forwarding getElementAttribute on session afc2132c6a1b19deeea3c83562d92e39 to remote] DEBUG org.asynchttpclient.netty.request.NettyRequestSender - Using pooled Channel '[id: 0xc1ffcb52, L:/127.0.0.1:61498 - R:localhost/127.0.0.1:58290]' for 'POST' to 'http://localhost:58290/session/afc2132c6a1b19deeea3c83562d92e39/execute/sync'
22:25:59.014 [Forwarding getElementAttribute on session afc2132c6a1b19deeea3c83562d92e39 to remote] DEBUG org.asynchttpclient.netty.request.NettyRequestSender - Using open Channel [id: 0xc1ffcb52, L:/127.0.0.1:61498 - R:localhost/127.0.0.1:58290] for POST '/session/afc2132c6a1b19deeea3c83562d92e39/execute/sync'
22:25:59.024 [AsyncHttpClient-1-5] DEBUG org.asynchttpclient.netty.handler.HttpHandler - 

Request DefaultHttpRequest(decodeResult: success, version: HTTP/1.1)
POST /session/afc2132c6a1b19deeea3c83562d92e39/execute/sync HTTP/1.1
User-Agent: selenium/4.1.2 (java windows)
Content-Length: 47339
Content-Type: application/json; charset=utf-8
host: localhost:58290
accept: */*

Response DefaultHttpResponse(decodeResult: success, version: HTTP/1.1)
HTTP/1.1 200 OK
Content-Type: application/json; charset=utf-8
cache-control: no-cache
content-length: 82

22:25:59.024 [AsyncHttpClient-1-5] DEBUG org.asynchttpclient.netty.channel.ChannelManager - Adding key: http://localhost:58290 for channel [id: 0xc1ffcb52, L:/127.0.0.1:61498 - R:localhost/127.0.0.1:58290]
22:25:59.027 [Forwarding getElementAttribute on session afc2132c6a1b19deeea3c83562d92e39 to remote] DEBUG org.asynchttpclient.netty.request.NettyRequestSender - Using pooled Channel '[id: 0xc1ffcb52, L:/127.0.0.1:61498 - R:localhost/127.0.0.1:58290]' for 'POST' to 'http://localhost:58290/session/afc2132c6a1b19deeea3c83562d92e39/execute/sync'
22:25:59.027 [Forwarding getElementAttribute on session afc2132c6a1b19deeea3c83562d92e39 to remote] DEBUG org.asynchttpclient.netty.request.NettyRequestSender - Using open Channel [id: 0xc1ffcb52, L:/127.0.0.1:61498 - R:localhost/127.0.0.1:58290] for POST '/session/afc2132c6a1b19deeea3c83562d92e39/execute/sync'
22:25:59.041 [AsyncHttpClient-1-5] DEBUG org.asynchttpclient.netty.handler.HttpHandler - 

Request DefaultHttpRequest(decodeResult: success, version: HTTP/1.1)
POST /session/afc2132c6a1b19deeea3c83562d92e39/execute/sync HTTP/1.1
User-Agent: selenium/4.1.2 (java windows)
Content-Length: 47339
Content-Type: application/json; charset=utf-8
host: localhost:58290
accept: */*

Response DefaultHttpResponse(decodeResult: success, version: HTTP/1.1)
HTTP/1.1 200 OK
Content-Type: application/json; charset=utf-8
cache-control: no-cache
content-length: 81

22:25:59.041 [AsyncHttpClient-1-5] DEBUG org.asynchttpclient.netty.channel.ChannelManager - Adding key: http://localhost:58290 for channel [id: 0xc1ffcb52, L:/127.0.0.1:61498 - R:localhost/127.0.0.1:58290]
22:25:59.046 [Forwarding getElementAttribute on session afc2132c6a1b19deeea3c83562d92e39 to remote] DEBUG org.asynchttpclient.netty.request.NettyRequestSender - Using pooled Channel '[id: 0xc1ffcb52, L:/127.0.0.1:61498 - R:localhost/127.0.0.1:58290]' for 'POST' to 'http://localhost:58290/session/afc2132c6a1b19deeea3c83562d92e39/execute/sync'
22:25:59.046 [Forwarding getElementAttribute on session afc2132c6a1b19deeea3c83562d92e39 to remote] DEBUG org.asynchttpclient.netty.request.NettyRequestSender - Using open Channel [id: 0xc1ffcb52, L:/127.0.0.1:61498 - R:localhost/127.0.0.1:58290] for POST '/session/afc2132c6a1b19deeea3c83562d92e39/execute/sync'
22:25:59.062 [AsyncHttpClient-1-5] DEBUG org.asynchttpclient.netty.handler.HttpHandler - 

Request DefaultHttpRequest(decodeResult: success, version: HTTP/1.1)
POST /session/afc2132c6a1b19deeea3c83562d92e39/execute/sync HTTP/1.1
User-Agent: selenium/4.1.2 (java windows)
Content-Length: 47339
Content-Type: application/json; charset=utf-8
host: localhost:58290
accept: */*

Response DefaultHttpResponse(decodeResult: success, version: HTTP/1.1)
HTTP/1.1 200 OK
Content-Type: application/json; charset=utf-8
cache-control: no-cache
content-length: 71

22:25:59.062 [AsyncHttpClient-1-5] DEBUG org.asynchttpclient.netty.channel.ChannelManager - Adding key: http://localhost:58290 for channel [id: 0xc1ffcb52, L:/127.0.0.1:61498 - R:localhost/127.0.0.1:58290]
22:25:59.066 [Forwarding getElementAttribute on session afc2132c6a1b19deeea3c83562d92e39 to remote] DEBUG org.asynchttpclient.netty.request.NettyRequestSender - Using pooled Channel '[id: 0xc1ffcb52, L:/127.0.0.1:61498 - R:localhost/127.0.0.1:58290]' for 'POST' to 'http://localhost:58290/session/afc2132c6a1b19deeea3c83562d92e39/execute/sync'
22:25:59.066 [Forwarding getElementAttribute on session afc2132c6a1b19deeea3c83562d92e39 to remote] DEBUG org.asynchttpclient.netty.request.NettyRequestSender - Using open Channel [id: 0xc1ffcb52, L:/127.0.0.1:61498 - R:localhost/127.0.0.1:58290] for POST '/session/afc2132c6a1b19deeea3c83562d92e39/execute/sync'
22:25:59.078 [AsyncHttpClient-1-5] DEBUG org.asynchttpclient.netty.handler.HttpHandler - 

Request DefaultHttpRequest(decodeResult: success, version: HTTP/1.1)
POST /session/afc2132c6a1b19deeea3c83562d92e39/execute/sync HTTP/1.1
User-Agent: selenium/4.1.2 (java windows)
Content-Length: 47339
Content-Type: application/json; charset=utf-8
host: localhost:58290
accept: */*

Response DefaultHttpResponse(decodeResult: success, version: HTTP/1.1)
HTTP/1.1 200 OK
Content-Type: application/json; charset=utf-8
cache-control: no-cache
content-length: 72

22:25:59.078 [AsyncHttpClient-1-5] DEBUG org.asynchttpclient.netty.channel.ChannelManager - Adding key: http://localhost:58290 for channel [id: 0xc1ffcb52, L:/127.0.0.1:61498 - R:localhost/127.0.0.1:58290]
22:25:59.084 [Forwarding getElementAttribute on session afc2132c6a1b19deeea3c83562d92e39 to remote] DEBUG org.asynchttpclient.netty.request.NettyRequestSender - Using pooled Channel '[id: 0xc1ffcb52, L:/127.0.0.1:61498 - R:localhost/127.0.0.1:58290]' for 'POST' to 'http://localhost:58290/session/afc2132c6a1b19deeea3c83562d92e39/execute/sync'
22:25:59.084 [Forwarding getElementAttribute on session afc2132c6a1b19deeea3c83562d92e39 to remote] DEBUG org.asynchttpclient.netty.request.NettyRequestSender - Using open Channel [id: 0xc1ffcb52, L:/127.0.0.1:61498 - R:localhost/127.0.0.1:58290] for POST '/session/afc2132c6a1b19deeea3c83562d92e39/execute/sync'
22:25:59.094 [AsyncHttpClient-1-5] DEBUG org.asynchttpclient.netty.handler.HttpHandler - 

Request DefaultHttpRequest(decodeResult: success, version: HTTP/1.1)
POST /session/afc2132c6a1b19deeea3c83562d92e39/execute/sync HTTP/1.1
User-Agent: selenium/4.1.2 (java windows)
Content-Length: 47339
Content-Type: application/json; charset=utf-8
host: localhost:58290
accept: */*

Response DefaultHttpResponse(decodeResult: success, version: HTTP/1.1)
HTTP/1.1 200 OK
Content-Type: application/json; charset=utf-8
cache-control: no-cache
content-length: 85

22:25:59.094 [AsyncHttpClient-1-5] DEBUG org.asynchttpclient.netty.channel.ChannelManager - Adding key: http://localhost:58290 for channel [id: 0xc1ffcb52, L:/127.0.0.1:61498 - R:localhost/127.0.0.1:58290]
22:25:59.094 [Forwarding getElementAttribute on session afc2132c6a1b19deeea3c83562d92e39 to remote] DEBUG org.asynchttpclient.netty.request.NettyRequestSender - Using pooled Channel '[id: 0xc1ffcb52, L:/127.0.0.1:61498 - R:localhost/127.0.0.1:58290]' for 'POST' to 'http://localhost:58290/session/afc2132c6a1b19deeea3c83562d92e39/execute/sync'
22:25:59.094 [Forwarding getElementAttribute on session afc2132c6a1b19deeea3c83562d92e39 to remote] DEBUG org.asynchttpclient.netty.request.NettyRequestSender - Using open Channel [id: 0xc1ffcb52, L:/127.0.0.1:61498 - R:localhost/127.0.0.1:58290] for POST '/session/afc2132c6a1b19deeea3c83562d92e39/execute/sync'
22:25:59.104 [AsyncHttpClient-1-5] DEBUG org.asynchttpclient.netty.handler.HttpHandler - 

Request DefaultHttpRequest(decodeResult: success, version: HTTP/1.1)
POST /session/afc2132c6a1b19deeea3c83562d92e39/execute/sync HTTP/1.1
User-Agent: selenium/4.1.2 (java windows)
Content-Length: 47339
Content-Type: application/json; charset=utf-8
host: localhost:58290
accept: */*

Response DefaultHttpResponse(decodeResult: success, version: HTTP/1.1)
HTTP/1.1 200 OK
Content-Type: application/json; charset=utf-8
cache-control: no-cache
content-length: 72

22:25:59.104 [AsyncHttpClient-1-5] DEBUG org.asynchttpclient.netty.channel.ChannelManager - Adding key: http://localhost:58290 for channel [id: 0xc1ffcb52, L:/127.0.0.1:61498 - R:localhost/127.0.0.1:58290]
22:25:59.114 [Forwarding getElementAttribute on session afc2132c6a1b19deeea3c83562d92e39 to remote] DEBUG org.asynchttpclient.netty.request.NettyRequestSender - Using pooled Channel '[id: 0xc1ffcb52, L:/127.0.0.1:61498 - R:localhost/127.0.0.1:58290]' for 'POST' to 'http://localhost:58290/session/afc2132c6a1b19deeea3c83562d92e39/execute/sync'
22:25:59.114 [Forwarding getElementAttribute on session afc2132c6a1b19deeea3c83562d92e39 to remote] DEBUG org.asynchttpclient.netty.request.NettyRequestSender - Using open Channel [id: 0xc1ffcb52, L:/127.0.0.1:61498 - R:localhost/127.0.0.1:58290] for POST '/session/afc2132c6a1b19deeea3c83562d92e39/execute/sync'
22:25:59.125 [AsyncHttpClient-1-5] DEBUG org.asynchttpclient.netty.handler.HttpHandler - 

Request DefaultHttpRequest(decodeResult: success, version: HTTP/1.1)
POST /session/afc2132c6a1b19deeea3c83562d92e39/execute/sync HTTP/1.1
User-Agent: selenium/4.1.2 (java windows)
Content-Length: 47339
Content-Type: application/json; charset=utf-8
host: localhost:58290
accept: */*

Response DefaultHttpResponse(decodeResult: success, version: HTTP/1.1)
HTTP/1.1 200 OK
Content-Type: application/json; charset=utf-8
cache-control: no-cache
content-length: 69

22:25:59.125 [AsyncHttpClient-1-5] DEBUG org.asynchttpclient.netty.channel.ChannelManager - Adding key: http://localhost:58290 for channel [id: 0xc1ffcb52, L:/127.0.0.1:61498 - R:localhost/127.0.0.1:58290]
22:25:59.129 [Forwarding getElementAttribute on session afc2132c6a1b19deeea3c83562d92e39 to remote] DEBUG org.asynchttpclient.netty.request.NettyRequestSender - Using pooled Channel '[id: 0xc1ffcb52, L:/127.0.0.1:61498 - R:localhost/127.0.0.1:58290]' for 'POST' to 'http://localhost:58290/session/afc2132c6a1b19deeea3c83562d92e39/execute/sync'
22:25:59.129 [Forwarding getElementAttribute on session afc2132c6a1b19deeea3c83562d92e39 to remote] DEBUG org.asynchttpclient.netty.request.NettyRequestSender - Using open Channel [id: 0xc1ffcb52, L:/127.0.0.1:61498 - R:localhost/127.0.0.1:58290] for POST '/session/afc2132c6a1b19deeea3c83562d92e39/execute/sync'
22:25:59.138 [AsyncHttpClient-1-5] DEBUG org.asynchttpclient.netty.handler.HttpHandler - 

Request DefaultHttpRequest(decodeResult: success, version: HTTP/1.1)
POST /session/afc2132c6a1b19deeea3c83562d92e39/execute/sync HTTP/1.1
User-Agent: selenium/4.1.2 (java windows)
Content-Length: 47339
Content-Type: application/json; charset=utf-8
host: localhost:58290
accept: */*

Response DefaultHttpResponse(decodeResult: success, version: HTTP/1.1)
HTTP/1.1 200 OK
Content-Type: application/json; charset=utf-8
cache-control: no-cache
content-length: 95

22:25:59.139 [AsyncHttpClient-1-5] DEBUG org.asynchttpclient.netty.channel.ChannelManager - Adding key: http://localhost:58290 for channel [id: 0xc1ffcb52, L:/127.0.0.1:61498 - R:localhost/127.0.0.1:58290]
22:25:59.142 [Forwarding getElementAttribute on session afc2132c6a1b19deeea3c83562d92e39 to remote] DEBUG org.asynchttpclient.netty.request.NettyRequestSender - Using pooled Channel '[id: 0xc1ffcb52, L:/127.0.0.1:61498 - R:localhost/127.0.0.1:58290]' for 'POST' to 'http://localhost:58290/session/afc2132c6a1b19deeea3c83562d92e39/execute/sync'
22:25:59.143 [Forwarding getElementAttribute on session afc2132c6a1b19deeea3c83562d92e39 to remote] DEBUG org.asynchttpclient.netty.request.NettyRequestSender - Using open Channel [id: 0xc1ffcb52, L:/127.0.0.1:61498 - R:localhost/127.0.0.1:58290] for POST '/session/afc2132c6a1b19deeea3c83562d92e39/execute/sync'
22:25:59.145 [AsyncHttpClient-1-5] DEBUG org.asynchttpclient.netty.handler.HttpHandler - 

Request DefaultHttpRequest(decodeResult: success, version: HTTP/1.1)
POST /session/afc2132c6a1b19deeea3c83562d92e39/execute/sync HTTP/1.1
User-Agent: selenium/4.1.2 (java windows)
Content-Length: 47339
Content-Type: application/json; charset=utf-8
host: localhost:58290
accept: */*

Response DefaultHttpResponse(decodeResult: success, version: HTTP/1.1)
HTTP/1.1 200 OK
Content-Type: application/json; charset=utf-8
cache-control: no-cache
content-length: 83

22:25:59.145 [AsyncHttpClient-1-5] DEBUG org.asynchttpclient.netty.channel.ChannelManager - Adding key: http://localhost:58290 for channel [id: 0xc1ffcb52, L:/127.0.0.1:61498 - R:localhost/127.0.0.1:58290]
22:25:59.155 [Forwarding getElementAttribute on session afc2132c6a1b19deeea3c83562d92e39 to remote] DEBUG org.asynchttpclient.netty.request.NettyRequestSender - Using pooled Channel '[id: 0xc1ffcb52, L:/127.0.0.1:61498 - R:localhost/127.0.0.1:58290]' for 'POST' to 'http://localhost:58290/session/afc2132c6a1b19deeea3c83562d92e39/execute/sync'
22:25:59.155 [Forwarding getElementAttribute on session afc2132c6a1b19deeea3c83562d92e39 to remote] DEBUG org.asynchttpclient.netty.request.NettyRequestSender - Using open Channel [id: 0xc1ffcb52, L:/127.0.0.1:61498 - R:localhost/127.0.0.1:58290] for POST '/session/afc2132c6a1b19deeea3c83562d92e39/execute/sync'
22:25:59.168 [AsyncHttpClient-1-5] DEBUG org.asynchttpclient.netty.handler.HttpHandler - 

Request DefaultHttpRequest(decodeResult: success, version: HTTP/1.1)
POST /session/afc2132c6a1b19deeea3c83562d92e39/execute/sync HTTP/1.1
User-Agent: selenium/4.1.2 (java windows)
Content-Length: 47339
Content-Type: application/json; charset=utf-8
host: localhost:58290
accept: */*

Response DefaultHttpResponse(decodeResult: success, version: HTTP/1.1)
HTTP/1.1 200 OK
Content-Type: application/json; charset=utf-8
cache-control: no-cache
content-length: 101

22:25:59.168 [AsyncHttpClient-1-5] DEBUG org.asynchttpclient.netty.channel.ChannelManager - Adding key: http://localhost:58290 for channel [id: 0xc1ffcb52, L:/127.0.0.1:61498 - R:localhost/127.0.0.1:58290]
22:25:59.168 [Forwarding getElementAttribute on session afc2132c6a1b19deeea3c83562d92e39 to remote] DEBUG org.asynchttpclient.netty.request.NettyRequestSender - Using pooled Channel '[id: 0xc1ffcb52, L:/127.0.0.1:61498 - R:localhost/127.0.0.1:58290]' for 'POST' to 'http://localhost:58290/session/afc2132c6a1b19deeea3c83562d92e39/execute/sync'
22:25:59.168 [Forwarding getElementAttribute on session afc2132c6a1b19deeea3c83562d92e39 to remote] DEBUG org.asynchttpclient.netty.request.NettyRequestSender - Using open Channel [id: 0xc1ffcb52, L:/127.0.0.1:61498 - R:localhost/127.0.0.1:58290] for POST '/session/afc2132c6a1b19deeea3c83562d92e39/execute/sync'
22:25:59.178 [AsyncHttpClient-1-5] DEBUG org.asynchttpclient.netty.handler.HttpHandler - 

Request DefaultHttpRequest(decodeResult: success, version: HTTP/1.1)
POST /session/afc2132c6a1b19deeea3c83562d92e39/execute/sync HTTP/1.1
User-Agent: selenium/4.1.2 (java windows)
Content-Length: 47339
Content-Type: application/json; charset=utf-8
host: localhost:58290
accept: */*

Response DefaultHttpResponse(decodeResult: success, version: HTTP/1.1)
HTTP/1.1 200 OK
Content-Type: application/json; charset=utf-8
cache-control: no-cache
content-length: 77

22:25:59.178 [AsyncHttpClient-1-5] DEBUG org.asynchttpclient.netty.channel.ChannelManager - Adding key: http://localhost:58290 for channel [id: 0xc1ffcb52, L:/127.0.0.1:61498 - R:localhost/127.0.0.1:58290]
22:25:59.188 [Forwarding getElementAttribute on session afc2132c6a1b19deeea3c83562d92e39 to remote] DEBUG org.asynchttpclient.netty.request.NettyRequestSender - Using pooled Channel '[id: 0xc1ffcb52, L:/127.0.0.1:61498 - R:localhost/127.0.0.1:58290]' for 'POST' to 'http://localhost:58290/session/afc2132c6a1b19deeea3c83562d92e39/execute/sync'
22:25:59.188 [Forwarding getElementAttribute on session afc2132c6a1b19deeea3c83562d92e39 to remote] DEBUG org.asynchttpclient.netty.request.NettyRequestSender - Using open Channel [id: 0xc1ffcb52, L:/127.0.0.1:61498 - R:localhost/127.0.0.1:58290] for POST '/session/afc2132c6a1b19deeea3c83562d92e39/execute/sync'
22:25:59.198 [AsyncHttpClient-1-5] DEBUG org.asynchttpclient.netty.handler.HttpHandler - 

Request DefaultHttpRequest(decodeResult: success, version: HTTP/1.1)
POST /session/afc2132c6a1b19deeea3c83562d92e39/execute/sync HTTP/1.1
User-Agent: selenium/4.1.2 (java windows)
Content-Length: 47339
Content-Type: application/json; charset=utf-8
host: localhost:58290
accept: */*

Response DefaultHttpResponse(decodeResult: success, version: HTTP/1.1)
HTTP/1.1 200 OK
Content-Type: application/json; charset=utf-8
cache-control: no-cache
content-length: 71

22:25:59.198 [AsyncHttpClient-1-5] DEBUG org.asynchttpclient.netty.channel.ChannelManager - Adding key: http://localhost:58290 for channel [id: 0xc1ffcb52, L:/127.0.0.1:61498 - R:localhost/127.0.0.1:58290]
22:25:59.198 [Forwarding getElementAttribute on session afc2132c6a1b19deeea3c83562d92e39 to remote] DEBUG org.asynchttpclient.netty.request.NettyRequestSender - Using pooled Channel '[id: 0xc1ffcb52, L:/127.0.0.1:61498 - R:localhost/127.0.0.1:58290]' for 'POST' to 'http://localhost:58290/session/afc2132c6a1b19deeea3c83562d92e39/execute/sync'
22:25:59.198 [Forwarding getElementAttribute on session afc2132c6a1b19deeea3c83562d92e39 to remote] DEBUG org.asynchttpclient.netty.request.NettyRequestSender - Using open Channel [id: 0xc1ffcb52, L:/127.0.0.1:61498 - R:localhost/127.0.0.1:58290] for POST '/session/afc2132c6a1b19deeea3c83562d92e39/execute/sync'
22:25:59.208 [AsyncHttpClient-1-5] DEBUG org.asynchttpclient.netty.handler.HttpHandler - 

Request DefaultHttpRequest(decodeResult: success, version: HTTP/1.1)
POST /session/afc2132c6a1b19deeea3c83562d92e39/execute/sync HTTP/1.1
User-Agent: selenium/4.1.2 (java windows)
Content-Length: 47339
Content-Type: application/json; charset=utf-8
host: localhost:58290
accept: */*

Response DefaultHttpResponse(decodeResult: success, version: HTTP/1.1)
HTTP/1.1 200 OK
Content-Type: application/json; charset=utf-8
cache-control: no-cache
content-length: 92

22:25:59.208 [AsyncHttpClient-1-5] DEBUG org.asynchttpclient.netty.channel.ChannelManager - Adding key: http://localhost:58290 for channel [id: 0xc1ffcb52, L:/127.0.0.1:61498 - R:localhost/127.0.0.1:58290]
22:25:59.218 [Forwarding getElementAttribute on session afc2132c6a1b19deeea3c83562d92e39 to remote] DEBUG org.asynchttpclient.netty.request.NettyRequestSender - Using pooled Channel '[id: 0xc1ffcb52, L:/127.0.0.1:61498 - R:localhost/127.0.0.1:58290]' for 'POST' to 'http://localhost:58290/session/afc2132c6a1b19deeea3c83562d92e39/execute/sync'
22:25:59.218 [Forwarding getElementAttribute on session afc2132c6a1b19deeea3c83562d92e39 to remote] DEBUG org.asynchttpclient.netty.request.NettyRequestSender - Using open Channel [id: 0xc1ffcb52, L:/127.0.0.1:61498 - R:localhost/127.0.0.1:58290] for POST '/session/afc2132c6a1b19deeea3c83562d92e39/execute/sync'
22:25:59.218 [AsyncHttpClient-1-5] DEBUG org.asynchttpclient.netty.handler.HttpHandler - 

Request DefaultHttpRequest(decodeResult: success, version: HTTP/1.1)
POST /session/afc2132c6a1b19deeea3c83562d92e39/execute/sync HTTP/1.1
User-Agent: selenium/4.1.2 (java windows)
Content-Length: 47339
Content-Type: application/json; charset=utf-8
host: localhost:58290
accept: */*

Response DefaultHttpResponse(decodeResult: success, version: HTTP/1.1)
HTTP/1.1 200 OK
Content-Type: application/json; charset=utf-8
cache-control: no-cache
content-length: 76

22:25:59.228 [AsyncHttpClient-1-5] DEBUG org.asynchttpclient.netty.channel.ChannelManager - Adding key: http://localhost:58290 for channel [id: 0xc1ffcb52, L:/127.0.0.1:61498 - R:localhost/127.0.0.1:58290]
22:25:59.228 [Forwarding getElementAttribute on session afc2132c6a1b19deeea3c83562d92e39 to remote] DEBUG org.asynchttpclient.netty.request.NettyRequestSender - Using pooled Channel '[id: 0xc1ffcb52, L:/127.0.0.1:61498 - R:localhost/127.0.0.1:58290]' for 'POST' to 'http://localhost:58290/session/afc2132c6a1b19deeea3c83562d92e39/execute/sync'
22:25:59.228 [Forwarding getElementAttribute on session afc2132c6a1b19deeea3c83562d92e39 to remote] DEBUG org.asynchttpclient.netty.request.NettyRequestSender - Using open Channel [id: 0xc1ffcb52, L:/127.0.0.1:61498 - R:localhost/127.0.0.1:58290] for POST '/session/afc2132c6a1b19deeea3c83562d92e39/execute/sync'
22:25:59.238 [AsyncHttpClient-1-5] DEBUG org.asynchttpclient.netty.handler.HttpHandler - 

Request DefaultHttpRequest(decodeResult: success, version: HTTP/1.1)
POST /session/afc2132c6a1b19deeea3c83562d92e39/execute/sync HTTP/1.1
User-Agent: selenium/4.1.2 (java windows)
Content-Length: 47339
Content-Type: application/json; charset=utf-8
host: localhost:58290
accept: */*

Response DefaultHttpResponse(decodeResult: success, version: HTTP/1.1)
HTTP/1.1 200 OK
Content-Type: application/json; charset=utf-8
cache-control: no-cache
content-length: 75

22:25:59.238 [AsyncHttpClient-1-5] DEBUG org.asynchttpclient.netty.channel.ChannelManager - Adding key: http://localhost:58290 for channel [id: 0xc1ffcb52, L:/127.0.0.1:61498 - R:localhost/127.0.0.1:58290]
22:25:59.238 [Forwarding getElementAttribute on session afc2132c6a1b19deeea3c83562d92e39 to remote] DEBUG org.asynchttpclient.netty.request.NettyRequestSender - Using pooled Channel '[id: 0xc1ffcb52, L:/127.0.0.1:61498 - R:localhost/127.0.0.1:58290]' for 'POST' to 'http://localhost:58290/session/afc2132c6a1b19deeea3c83562d92e39/execute/sync'
22:25:59.238 [Forwarding getElementAttribute on session afc2132c6a1b19deeea3c83562d92e39 to remote] DEBUG org.asynchttpclient.netty.request.NettyRequestSender - Using open Channel [id: 0xc1ffcb52, L:/127.0.0.1:61498 - R:localhost/127.0.0.1:58290] for POST '/session/afc2132c6a1b19deeea3c83562d92e39/execute/sync'
22:25:59.248 [AsyncHttpClient-1-5] DEBUG org.asynchttpclient.netty.handler.HttpHandler - 

Request DefaultHttpRequest(decodeResult: success, version: HTTP/1.1)
POST /session/afc2132c6a1b19deeea3c83562d92e39/execute/sync HTTP/1.1
User-Agent: selenium/4.1.2 (java windows)
Content-Length: 47339
Content-Type: application/json; charset=utf-8
host: localhost:58290
accept: */*

Response DefaultHttpResponse(decodeResult: success, version: HTTP/1.1)
HTTP/1.1 200 OK
Content-Type: application/json; charset=utf-8
cache-control: no-cache
content-length: 68

22:25:59.248 [AsyncHttpClient-1-5] DEBUG org.asynchttpclient.netty.channel.ChannelManager - Adding key: http://localhost:58290 for channel [id: 0xc1ffcb52, L:/127.0.0.1:61498 - R:localhost/127.0.0.1:58290]
22:25:59.258 [Forwarding getElementAttribute on session afc2132c6a1b19deeea3c83562d92e39 to remote] DEBUG org.asynchttpclient.netty.request.NettyRequestSender - Using pooled Channel '[id: 0xc1ffcb52, L:/127.0.0.1:61498 - R:localhost/127.0.0.1:58290]' for 'POST' to 'http://localhost:58290/session/afc2132c6a1b19deeea3c83562d92e39/execute/sync'
22:25:59.258 [Forwarding getElementAttribute on session afc2132c6a1b19deeea3c83562d92e39 to remote] DEBUG org.asynchttpclient.netty.request.NettyRequestSender - Using open Channel [id: 0xc1ffcb52, L:/127.0.0.1:61498 - R:localhost/127.0.0.1:58290] for POST '/session/afc2132c6a1b19deeea3c83562d92e39/execute/sync'
22:25:59.268 [AsyncHttpClient-1-5] DEBUG org.asynchttpclient.netty.handler.HttpHandler - 

Request DefaultHttpRequest(decodeResult: success, version: HTTP/1.1)
POST /session/afc2132c6a1b19deeea3c83562d92e39/execute/sync HTTP/1.1
User-Agent: selenium/4.1.2 (java windows)
Content-Length: 47339
Content-Type: application/json; charset=utf-8
host: localhost:58290
accept: */*

Response DefaultHttpResponse(decodeResult: success, version: HTTP/1.1)
HTTP/1.1 200 OK
Content-Type: application/json; charset=utf-8
cache-control: no-cache
content-length: 81

22:25:59.268 [AsyncHttpClient-1-5] DEBUG org.asynchttpclient.netty.channel.ChannelManager - Adding key: http://localhost:58290 for channel [id: 0xc1ffcb52, L:/127.0.0.1:61498 - R:localhost/127.0.0.1:58290]
22:25:59.268 [Forwarding getElementAttribute on session afc2132c6a1b19deeea3c83562d92e39 to remote] DEBUG org.asynchttpclient.netty.request.NettyRequestSender - Using pooled Channel '[id: 0xc1ffcb52, L:/127.0.0.1:61498 - R:localhost/127.0.0.1:58290]' for 'POST' to 'http://localhost:58290/session/afc2132c6a1b19deeea3c83562d92e39/execute/sync'
22:25:59.268 [Forwarding getElementAttribute on session afc2132c6a1b19deeea3c83562d92e39 to remote] DEBUG org.asynchttpclient.netty.request.NettyRequestSender - Using open Channel [id: 0xc1ffcb52, L:/127.0.0.1:61498 - R:localhost/127.0.0.1:58290] for POST '/session/afc2132c6a1b19deeea3c83562d92e39/execute/sync'
22:25:59.280 [AsyncHttpClient-1-5] DEBUG org.asynchttpclient.netty.handler.HttpHandler - 

Request DefaultHttpRequest(decodeResult: success, version: HTTP/1.1)
POST /session/afc2132c6a1b19deeea3c83562d92e39/execute/sync HTTP/1.1
User-Agent: selenium/4.1.2 (java windows)
Content-Length: 47339
Content-Type: application/json; charset=utf-8
host: localhost:58290
accept: */*

Response DefaultHttpResponse(decodeResult: success, version: HTTP/1.1)
HTTP/1.1 200 OK
Content-Type: application/json; charset=utf-8
cache-control: no-cache
content-length: 76

22:25:59.280 [AsyncHttpClient-1-5] DEBUG org.asynchttpclient.netty.channel.ChannelManager - Adding key: http://localhost:58290 for channel [id: 0xc1ffcb52, L:/127.0.0.1:61498 - R:localhost/127.0.0.1:58290]
22:25:59.280 [Forwarding getElementAttribute on session afc2132c6a1b19deeea3c83562d92e39 to remote] DEBUG org.asynchttpclient.netty.request.NettyRequestSender - Using pooled Channel '[id: 0xc1ffcb52, L:/127.0.0.1:61498 - R:localhost/127.0.0.1:58290]' for 'POST' to 'http://localhost:58290/session/afc2132c6a1b19deeea3c83562d92e39/execute/sync'
22:25:59.280 [Forwarding getElementAttribute on session afc2132c6a1b19deeea3c83562d92e39 to remote] DEBUG org.asynchttpclient.netty.request.NettyRequestSender - Using open Channel [id: 0xc1ffcb52, L:/127.0.0.1:61498 - R:localhost/127.0.0.1:58290] for POST '/session/afc2132c6a1b19deeea3c83562d92e39/execute/sync'
22:25:59.290 [AsyncHttpClient-1-5] DEBUG org.asynchttpclient.netty.handler.HttpHandler - 

Request DefaultHttpRequest(decodeResult: success, version: HTTP/1.1)
POST /session/afc2132c6a1b19deeea3c83562d92e39/execute/sync HTTP/1.1
User-Agent: selenium/4.1.2 (java windows)
Content-Length: 47339
Content-Type: application/json; charset=utf-8
host: localhost:58290
accept: */*

Response DefaultHttpResponse(decodeResult: success, version: HTTP/1.1)
HTTP/1.1 200 OK
Content-Type: application/json; charset=utf-8
cache-control: no-cache
content-length: 101

22:25:59.290 [AsyncHttpClient-1-5] DEBUG org.asynchttpclient.netty.channel.ChannelManager - Adding key: http://localhost:58290 for channel [id: 0xc1ffcb52, L:/127.0.0.1:61498 - R:localhost/127.0.0.1:58290]
22:25:59.290 [Forwarding getElementAttribute on session afc2132c6a1b19deeea3c83562d92e39 to remote] DEBUG org.asynchttpclient.netty.request.NettyRequestSender - Using pooled Channel '[id: 0xc1ffcb52, L:/127.0.0.1:61498 - R:localhost/127.0.0.1:58290]' for 'POST' to 'http://localhost:58290/session/afc2132c6a1b19deeea3c83562d92e39/execute/sync'
22:25:59.290 [Forwarding getElementAttribute on session afc2132c6a1b19deeea3c83562d92e39 to remote] DEBUG org.asynchttpclient.netty.request.NettyRequestSender - Using open Channel [id: 0xc1ffcb52, L:/127.0.0.1:61498 - R:localhost/127.0.0.1:58290] for POST '/session/afc2132c6a1b19deeea3c83562d92e39/execute/sync'
22:25:59.300 [AsyncHttpClient-1-5] DEBUG org.asynchttpclient.netty.handler.HttpHandler - 

Request DefaultHttpRequest(decodeResult: success, version: HTTP/1.1)
POST /session/afc2132c6a1b19deeea3c83562d92e39/execute/sync HTTP/1.1
User-Agent: selenium/4.1.2 (java windows)
Content-Length: 47339
Content-Type: application/json; charset=utf-8
host: localhost:58290
accept: */*

Response DefaultHttpResponse(decodeResult: success, version: HTTP/1.1)
HTTP/1.1 200 OK
Content-Type: application/json; charset=utf-8
cache-control: no-cache
content-length: 77

22:25:59.300 [AsyncHttpClient-1-5] DEBUG org.asynchttpclient.netty.channel.ChannelManager - Adding key: http://localhost:58290 for channel [id: 0xc1ffcb52, L:/127.0.0.1:61498 - R:localhost/127.0.0.1:58290]
22:25:59.310 [Forwarding getElementAttribute on session afc2132c6a1b19deeea3c83562d92e39 to remote] DEBUG org.asynchttpclient.netty.request.NettyRequestSender - Using pooled Channel '[id: 0xc1ffcb52, L:/127.0.0.1:61498 - R:localhost/127.0.0.1:58290]' for 'POST' to 'http://localhost:58290/session/afc2132c6a1b19deeea3c83562d92e39/execute/sync'
22:25:59.310 [Forwarding getElementAttribute on session afc2132c6a1b19deeea3c83562d92e39 to remote] DEBUG org.asynchttpclient.netty.request.NettyRequestSender - Using open Channel [id: 0xc1ffcb52, L:/127.0.0.1:61498 - R:localhost/127.0.0.1:58290] for POST '/session/afc2132c6a1b19deeea3c83562d92e39/execute/sync'
22:25:59.310 [AsyncHttpClient-1-5] DEBUG org.asynchttpclient.netty.handler.HttpHandler - 

Request DefaultHttpRequest(decodeResult: success, version: HTTP/1.1)
POST /session/afc2132c6a1b19deeea3c83562d92e39/execute/sync HTTP/1.1
User-Agent: selenium/4.1.2 (java windows)
Content-Length: 47339
Content-Type: application/json; charset=utf-8
host: localhost:58290
accept: */*

Response DefaultHttpResponse(decodeResult: success, version: HTTP/1.1)
HTTP/1.1 200 OK
Content-Type: application/json; charset=utf-8
cache-control: no-cache
content-length: 102

22:25:59.320 [AsyncHttpClient-1-5] DEBUG org.asynchttpclient.netty.channel.ChannelManager - Adding key: http://localhost:58290 for channel [id: 0xc1ffcb52, L:/127.0.0.1:61498 - R:localhost/127.0.0.1:58290]
22:25:59.320 [Forwarding getElementAttribute on session afc2132c6a1b19deeea3c83562d92e39 to remote] DEBUG org.asynchttpclient.netty.request.NettyRequestSender - Using pooled Channel '[id: 0xc1ffcb52, L:/127.0.0.1:61498 - R:localhost/127.0.0.1:58290]' for 'POST' to 'http://localhost:58290/session/afc2132c6a1b19deeea3c83562d92e39/execute/sync'
22:25:59.320 [Forwarding getElementAttribute on session afc2132c6a1b19deeea3c83562d92e39 to remote] DEBUG org.asynchttpclient.netty.request.NettyRequestSender - Using open Channel [id: 0xc1ffcb52, L:/127.0.0.1:61498 - R:localhost/127.0.0.1:58290] for POST '/session/afc2132c6a1b19deeea3c83562d92e39/execute/sync'
22:25:59.330 [AsyncHttpClient-1-5] DEBUG org.asynchttpclient.netty.handler.HttpHandler - 

Request DefaultHttpRequest(decodeResult: success, version: HTTP/1.1)
POST /session/afc2132c6a1b19deeea3c83562d92e39/execute/sync HTTP/1.1
User-Agent: selenium/4.1.2 (java windows)
Content-Length: 47339
Content-Type: application/json; charset=utf-8
host: localhost:58290
accept: */*

Response DefaultHttpResponse(decodeResult: success, version: HTTP/1.1)
HTTP/1.1 200 OK
Content-Type: application/json; charset=utf-8
cache-control: no-cache
content-length: 76

22:25:59.330 [AsyncHttpClient-1-5] DEBUG org.asynchttpclient.netty.channel.ChannelManager - Adding key: http://localhost:58290 for channel [id: 0xc1ffcb52, L:/127.0.0.1:61498 - R:localhost/127.0.0.1:58290]
22:25:59.330 [Forwarding getElementAttribute on session afc2132c6a1b19deeea3c83562d92e39 to remote] DEBUG org.asynchttpclient.netty.request.NettyRequestSender - Using pooled Channel '[id: 0xc1ffcb52, L:/127.0.0.1:61498 - R:localhost/127.0.0.1:58290]' for 'POST' to 'http://localhost:58290/session/afc2132c6a1b19deeea3c83562d92e39/execute/sync'
22:25:59.330 [Forwarding getElementAttribute on session afc2132c6a1b19deeea3c83562d92e39 to remote] DEBUG org.asynchttpclient.netty.request.NettyRequestSender - Using open Channel [id: 0xc1ffcb52, L:/127.0.0.1:61498 - R:localhost/127.0.0.1:58290] for POST '/session/afc2132c6a1b19deeea3c83562d92e39/execute/sync'
22:25:59.340 [AsyncHttpClient-1-5] DEBUG org.asynchttpclient.netty.handler.HttpHandler - 

Request DefaultHttpRequest(decodeResult: success, version: HTTP/1.1)
POST /session/afc2132c6a1b19deeea3c83562d92e39/execute/sync HTTP/1.1
User-Agent: selenium/4.1.2 (java windows)
Content-Length: 47339
Content-Type: application/json; charset=utf-8
host: localhost:58290
accept: */*

Response DefaultHttpResponse(decodeResult: success, version: HTTP/1.1)
HTTP/1.1 200 OK
Content-Type: application/json; charset=utf-8
cache-control: no-cache
content-length: 87

22:25:59.340 [AsyncHttpClient-1-5] DEBUG org.asynchttpclient.netty.channel.ChannelManager - Adding key: http://localhost:58290 for channel [id: 0xc1ffcb52, L:/127.0.0.1:61498 - R:localhost/127.0.0.1:58290]
22:25:59.340 [Forwarding getElementAttribute on session afc2132c6a1b19deeea3c83562d92e39 to remote] DEBUG org.asynchttpclient.netty.request.NettyRequestSender - Using pooled Channel '[id: 0xc1ffcb52, L:/127.0.0.1:61498 - R:localhost/127.0.0.1:58290]' for 'POST' to 'http://localhost:58290/session/afc2132c6a1b19deeea3c83562d92e39/execute/sync'
22:25:59.340 [Forwarding getElementAttribute on session afc2132c6a1b19deeea3c83562d92e39 to remote] DEBUG org.asynchttpclient.netty.request.NettyRequestSender - Using open Channel [id: 0xc1ffcb52, L:/127.0.0.1:61498 - R:localhost/127.0.0.1:58290] for POST '/session/afc2132c6a1b19deeea3c83562d92e39/execute/sync'
22:25:59.350 [AsyncHttpClient-1-5] DEBUG org.asynchttpclient.netty.handler.HttpHandler - 

Request DefaultHttpRequest(decodeResult: success, version: HTTP/1.1)
POST /session/afc2132c6a1b19deeea3c83562d92e39/execute/sync HTTP/1.1
User-Agent: selenium/4.1.2 (java windows)
Content-Length: 47339
Content-Type: application/json; charset=utf-8
host: localhost:58290
accept: */*

Response DefaultHttpResponse(decodeResult: success, version: HTTP/1.1)
HTTP/1.1 200 OK
Content-Type: application/json; charset=utf-8
cache-control: no-cache
content-length: 72

22:25:59.350 [AsyncHttpClient-1-5] DEBUG org.asynchttpclient.netty.channel.ChannelManager - Adding key: http://localhost:58290 for channel [id: 0xc1ffcb52, L:/127.0.0.1:61498 - R:localhost/127.0.0.1:58290]
22:25:59.360 [Forwarding getElementAttribute on session afc2132c6a1b19deeea3c83562d92e39 to remote] DEBUG org.asynchttpclient.netty.request.NettyRequestSender - Using pooled Channel '[id: 0xc1ffcb52, L:/127.0.0.1:61498 - R:localhost/127.0.0.1:58290]' for 'POST' to 'http://localhost:58290/session/afc2132c6a1b19deeea3c83562d92e39/execute/sync'
22:25:59.360 [Forwarding getElementAttribute on session afc2132c6a1b19deeea3c83562d92e39 to remote] DEBUG org.asynchttpclient.netty.request.NettyRequestSender - Using open Channel [id: 0xc1ffcb52, L:/127.0.0.1:61498 - R:localhost/127.0.0.1:58290] for POST '/session/afc2132c6a1b19deeea3c83562d92e39/execute/sync'
22:25:59.370 [AsyncHttpClient-1-5] DEBUG org.asynchttpclient.netty.handler.HttpHandler - 

Request DefaultHttpRequest(decodeResult: success, version: HTTP/1.1)
POST /session/afc2132c6a1b19deeea3c83562d92e39/execute/sync HTTP/1.1
User-Agent: selenium/4.1.2 (java windows)
Content-Length: 47339
Content-Type: application/json; charset=utf-8
host: localhost:58290
accept: */*

Response DefaultHttpResponse(decodeResult: success, version: HTTP/1.1)
HTTP/1.1 200 OK
Content-Type: application/json; charset=utf-8
cache-control: no-cache
content-length: 93

22:25:59.370 [AsyncHttpClient-1-5] DEBUG org.asynchttpclient.netty.channel.ChannelManager - Adding key: http://localhost:58290 for channel [id: 0xc1ffcb52, L:/127.0.0.1:61498 - R:localhost/127.0.0.1:58290]
22:25:59.370 [Forwarding getElementAttribute on session afc2132c6a1b19deeea3c83562d92e39 to remote] DEBUG org.asynchttpclient.netty.request.NettyRequestSender - Using pooled Channel '[id: 0xc1ffcb52, L:/127.0.0.1:61498 - R:localhost/127.0.0.1:58290]' for 'POST' to 'http://localhost:58290/session/afc2132c6a1b19deeea3c83562d92e39/execute/sync'
22:25:59.370 [Forwarding getElementAttribute on session afc2132c6a1b19deeea3c83562d92e39 to remote] DEBUG org.asynchttpclient.netty.request.NettyRequestSender - Using open Channel [id: 0xc1ffcb52, L:/127.0.0.1:61498 - R:localhost/127.0.0.1:58290] for POST '/session/afc2132c6a1b19deeea3c83562d92e39/execute/sync'
22:25:59.385 [AsyncHttpClient-1-1] DEBUG org.asynchttpclient.netty.channel.DefaultChannelPool - Entry count for : http://localhost:61499 : 1
22:25:59.385 [AsyncHttpClient-1-5] DEBUG org.asynchttpclient.netty.handler.HttpHandler - 

Request DefaultHttpRequest(decodeResult: success, version: HTTP/1.1)
POST /session/afc2132c6a1b19deeea3c83562d92e39/execute/sync HTTP/1.1
User-Agent: selenium/4.1.2 (java windows)
Content-Length: 47339
Content-Type: application/json; charset=utf-8
host: localhost:58290
accept: */*

Response DefaultHttpResponse(decodeResult: success, version: HTTP/1.1)
HTTP/1.1 200 OK
Content-Type: application/json; charset=utf-8
cache-control: no-cache
content-length: 70

22:25:59.385 [AsyncHttpClient-1-5] DEBUG org.asynchttpclient.netty.channel.ChannelManager - Adding key: http://localhost:58290 for channel [id: 0xc1ffcb52, L:/127.0.0.1:61498 - R:localhost/127.0.0.1:58290]
22:25:59.388 [Forwarding getElementAttribute on session afc2132c6a1b19deeea3c83562d92e39 to remote] DEBUG org.asynchttpclient.netty.request.NettyRequestSender - Using pooled Channel '[id: 0xc1ffcb52, L:/127.0.0.1:61498 - R:localhost/127.0.0.1:58290]' for 'POST' to 'http://localhost:58290/session/afc2132c6a1b19deeea3c83562d92e39/execute/sync'
22:25:59.388 [Forwarding getElementAttribute on session afc2132c6a1b19deeea3c83562d92e39 to remote] DEBUG org.asynchttpclient.netty.request.NettyRequestSender - Using open Channel [id: 0xc1ffcb52, L:/127.0.0.1:61498 - R:localhost/127.0.0.1:58290] for POST '/session/afc2132c6a1b19deeea3c83562d92e39/execute/sync'
22:25:59.398 [AsyncHttpClient-1-5] DEBUG org.asynchttpclient.netty.handler.HttpHandler - 

Request DefaultHttpRequest(decodeResult: success, version: HTTP/1.1)
POST /session/afc2132c6a1b19deeea3c83562d92e39/execute/sync HTTP/1.1
User-Agent: selenium/4.1.2 (java windows)
Content-Length: 47339
Content-Type: application/json; charset=utf-8
host: localhost:58290
accept: */*

Response DefaultHttpResponse(decodeResult: success, version: HTTP/1.1)
HTTP/1.1 200 OK
Content-Type: application/json; charset=utf-8
cache-control: no-cache
content-length: 75

22:25:59.398 [AsyncHttpClient-1-5] DEBUG org.asynchttpclient.netty.channel.ChannelManager - Adding key: http://localhost:58290 for channel [id: 0xc1ffcb52, L:/127.0.0.1:61498 - R:localhost/127.0.0.1:58290]
22:25:59.402 [Forwarding getElementAttribute on session afc2132c6a1b19deeea3c83562d92e39 to remote] DEBUG org.asynchttpclient.netty.request.NettyRequestSender - Using pooled Channel '[id: 0xc1ffcb52, L:/127.0.0.1:61498 - R:localhost/127.0.0.1:58290]' for 'POST' to 'http://localhost:58290/session/afc2132c6a1b19deeea3c83562d92e39/execute/sync'
22:25:59.402 [Forwarding getElementAttribute on session afc2132c6a1b19deeea3c83562d92e39 to remote] DEBUG org.asynchttpclient.netty.request.NettyRequestSender - Using open Channel [id: 0xc1ffcb52, L:/127.0.0.1:61498 - R:localhost/127.0.0.1:58290] for POST '/session/afc2132c6a1b19deeea3c83562d92e39/execute/sync'
22:25:59.404 [AsyncHttpClient-1-5] DEBUG org.asynchttpclient.netty.handler.HttpHandler - 

Request DefaultHttpRequest(decodeResult: success, version: HTTP/1.1)
POST /session/afc2132c6a1b19deeea3c83562d92e39/execute/sync HTTP/1.1
User-Agent: selenium/4.1.2 (java windows)
Content-Length: 47339
Content-Type: application/json; charset=utf-8
host: localhost:58290
accept: */*

Response DefaultHttpResponse(decodeResult: success, version: HTTP/1.1)
HTTP/1.1 200 OK
Content-Type: application/json; charset=utf-8
cache-control: no-cache
content-length: 83

22:25:59.404 [AsyncHttpClient-1-5] DEBUG org.asynchttpclient.netty.channel.ChannelManager - Adding key: http://localhost:58290 for channel [id: 0xc1ffcb52, L:/127.0.0.1:61498 - R:localhost/127.0.0.1:58290]
22:25:59.414 [Forwarding getElementAttribute on session afc2132c6a1b19deeea3c83562d92e39 to remote] DEBUG org.asynchttpclient.netty.request.NettyRequestSender - Using pooled Channel '[id: 0xc1ffcb52, L:/127.0.0.1:61498 - R:localhost/127.0.0.1:58290]' for 'POST' to 'http://localhost:58290/session/afc2132c6a1b19deeea3c83562d92e39/execute/sync'
22:25:59.414 [Forwarding getElementAttribute on session afc2132c6a1b19deeea3c83562d92e39 to remote] DEBUG org.asynchttpclient.netty.request.NettyRequestSender - Using open Channel [id: 0xc1ffcb52, L:/127.0.0.1:61498 - R:localhost/127.0.0.1:58290] for POST '/session/afc2132c6a1b19deeea3c83562d92e39/execute/sync'
22:25:59.424 [AsyncHttpClient-1-5] DEBUG org.asynchttpclient.netty.handler.HttpHandler - 

Request DefaultHttpRequest(decodeResult: success, version: HTTP/1.1)
POST /session/afc2132c6a1b19deeea3c83562d92e39/execute/sync HTTP/1.1
User-Agent: selenium/4.1.2 (java windows)
Content-Length: 47339
Content-Type: application/json; charset=utf-8
host: localhost:58290
accept: */*

Response DefaultHttpResponse(decodeResult: success, version: HTTP/1.1)
HTTP/1.1 200 OK
Content-Type: application/json; charset=utf-8
cache-control: no-cache
content-length: 94

22:25:59.424 [AsyncHttpClient-1-5] DEBUG org.asynchttpclient.netty.channel.ChannelManager - Adding key: http://localhost:58290 for channel [id: 0xc1ffcb52, L:/127.0.0.1:61498 - R:localhost/127.0.0.1:58290]
22:25:59.424 [Forwarding getElementAttribute on session afc2132c6a1b19deeea3c83562d92e39 to remote] DEBUG org.asynchttpclient.netty.request.NettyRequestSender - Using pooled Channel '[id: 0xc1ffcb52, L:/127.0.0.1:61498 - R:localhost/127.0.0.1:58290]' for 'POST' to 'http://localhost:58290/session/afc2132c6a1b19deeea3c83562d92e39/execute/sync'
22:25:59.424 [Forwarding getElementAttribute on session afc2132c6a1b19deeea3c83562d92e39 to remote] DEBUG org.asynchttpclient.netty.request.NettyRequestSender - Using open Channel [id: 0xc1ffcb52, L:/127.0.0.1:61498 - R:localhost/127.0.0.1:58290] for POST '/session/afc2132c6a1b19deeea3c83562d92e39/execute/sync'
22:25:59.434 [AsyncHttpClient-1-5] DEBUG org.asynchttpclient.netty.handler.HttpHandler - 

Request DefaultHttpRequest(decodeResult: success, version: HTTP/1.1)
POST /session/afc2132c6a1b19deeea3c83562d92e39/execute/sync HTTP/1.1
User-Agent: selenium/4.1.2 (java windows)
Content-Length: 47339
Content-Type: application/json; charset=utf-8
host: localhost:58290
accept: */*

Response DefaultHttpResponse(decodeResult: success, version: HTTP/1.1)
HTTP/1.1 200 OK
Content-Type: application/json; charset=utf-8
cache-control: no-cache
content-length: 93

22:25:59.434 [AsyncHttpClient-1-5] DEBUG org.asynchttpclient.netty.channel.ChannelManager - Adding key: http://localhost:58290 for channel [id: 0xc1ffcb52, L:/127.0.0.1:61498 - R:localhost/127.0.0.1:58290]
22:25:59.434 [Forwarding getElementAttribute on session afc2132c6a1b19deeea3c83562d92e39 to remote] DEBUG org.asynchttpclient.netty.request.NettyRequestSender - Using pooled Channel '[id: 0xc1ffcb52, L:/127.0.0.1:61498 - R:localhost/127.0.0.1:58290]' for 'POST' to 'http://localhost:58290/session/afc2132c6a1b19deeea3c83562d92e39/execute/sync'
22:25:59.434 [Forwarding getElementAttribute on session afc2132c6a1b19deeea3c83562d92e39 to remote] DEBUG org.asynchttpclient.netty.request.NettyRequestSender - Using open Channel [id: 0xc1ffcb52, L:/127.0.0.1:61498 - R:localhost/127.0.0.1:58290] for POST '/session/afc2132c6a1b19deeea3c83562d92e39/execute/sync'
22:25:59.444 [AsyncHttpClient-1-5] DEBUG org.asynchttpclient.netty.handler.HttpHandler - 

Request DefaultHttpRequest(decodeResult: success, version: HTTP/1.1)
POST /session/afc2132c6a1b19deeea3c83562d92e39/execute/sync HTTP/1.1
User-Agent: selenium/4.1.2 (java windows)
Content-Length: 47339
Content-Type: application/json; charset=utf-8
host: localhost:58290
accept: */*

Response DefaultHttpResponse(decodeResult: success, version: HTTP/1.1)
HTTP/1.1 200 OK
Content-Type: application/json; charset=utf-8
cache-control: no-cache
content-length: 89

22:25:59.444 [AsyncHttpClient-1-5] DEBUG org.asynchttpclient.netty.channel.ChannelManager - Adding key: http://localhost:58290 for channel [id: 0xc1ffcb52, L:/127.0.0.1:61498 - R:localhost/127.0.0.1:58290]
22:25:59.454 [Forwarding getElementAttribute on session afc2132c6a1b19deeea3c83562d92e39 to remote] DEBUG org.asynchttpclient.netty.request.NettyRequestSender - Using pooled Channel '[id: 0xc1ffcb52, L:/127.0.0.1:61498 - R:localhost/127.0.0.1:58290]' for 'POST' to 'http://localhost:58290/session/afc2132c6a1b19deeea3c83562d92e39/execute/sync'
22:25:59.454 [Forwarding getElementAttribute on session afc2132c6a1b19deeea3c83562d92e39 to remote] DEBUG org.asynchttpclient.netty.request.NettyRequestSender - Using open Channel [id: 0xc1ffcb52, L:/127.0.0.1:61498 - R:localhost/127.0.0.1:58290] for POST '/session/afc2132c6a1b19deeea3c83562d92e39/execute/sync'
22:25:59.464 [AsyncHttpClient-1-5] DEBUG org.asynchttpclient.netty.handler.HttpHandler - 

Request DefaultHttpRequest(decodeResult: success, version: HTTP/1.1)
POST /session/afc2132c6a1b19deeea3c83562d92e39/execute/sync HTTP/1.1
User-Agent: selenium/4.1.2 (java windows)
Content-Length: 47339
Content-Type: application/json; charset=utf-8
host: localhost:58290
accept: */*

Response DefaultHttpResponse(decodeResult: success, version: HTTP/1.1)
HTTP/1.1 200 OK
Content-Type: application/json; charset=utf-8
cache-control: no-cache
content-length: 92

22:25:59.464 [AsyncHttpClient-1-5] DEBUG org.asynchttpclient.netty.channel.ChannelManager - Adding key: http://localhost:58290 for channel [id: 0xc1ffcb52, L:/127.0.0.1:61498 - R:localhost/127.0.0.1:58290]
22:25:59.464 [Forwarding getElementAttribute on session afc2132c6a1b19deeea3c83562d92e39 to remote] DEBUG org.asynchttpclient.netty.request.NettyRequestSender - Using pooled Channel '[id: 0xc1ffcb52, L:/127.0.0.1:61498 - R:localhost/127.0.0.1:58290]' for 'POST' to 'http://localhost:58290/session/afc2132c6a1b19deeea3c83562d92e39/execute/sync'
22:25:59.464 [Forwarding getElementAttribute on session afc2132c6a1b19deeea3c83562d92e39 to remote] DEBUG org.asynchttpclient.netty.request.NettyRequestSender - Using open Channel [id: 0xc1ffcb52, L:/127.0.0.1:61498 - R:localhost/127.0.0.1:58290] for POST '/session/afc2132c6a1b19deeea3c83562d92e39/execute/sync'
22:25:59.476 [AsyncHttpClient-1-5] DEBUG org.asynchttpclient.netty.handler.HttpHandler - 

Request DefaultHttpRequest(decodeResult: success, version: HTTP/1.1)
POST /session/afc2132c6a1b19deeea3c83562d92e39/execute/sync HTTP/1.1
User-Agent: selenium/4.1.2 (java windows)
Content-Length: 47339
Content-Type: application/json; charset=utf-8
host: localhost:58290
accept: */*

Response DefaultHttpResponse(decodeResult: success, version: HTTP/1.1)
HTTP/1.1 200 OK
Content-Type: application/json; charset=utf-8
cache-control: no-cache
content-length: 106

22:25:59.476 [AsyncHttpClient-1-5] DEBUG org.asynchttpclient.netty.channel.ChannelManager - Adding key: http://localhost:58290 for channel [id: 0xc1ffcb52, L:/127.0.0.1:61498 - R:localhost/127.0.0.1:58290]
22:25:59.478 [Forwarding getElementAttribute on session afc2132c6a1b19deeea3c83562d92e39 to remote] DEBUG org.asynchttpclient.netty.request.NettyRequestSender - Using pooled Channel '[id: 0xc1ffcb52, L:/127.0.0.1:61498 - R:localhost/127.0.0.1:58290]' for 'POST' to 'http://localhost:58290/session/afc2132c6a1b19deeea3c83562d92e39/execute/sync'
22:25:59.478 [Forwarding getElementAttribute on session afc2132c6a1b19deeea3c83562d92e39 to remote] DEBUG org.asynchttpclient.netty.request.NettyRequestSender - Using open Channel [id: 0xc1ffcb52, L:/127.0.0.1:61498 - R:localhost/127.0.0.1:58290] for POST '/session/afc2132c6a1b19deeea3c83562d92e39/execute/sync'
22:25:59.488 [AsyncHttpClient-1-5] DEBUG org.asynchttpclient.netty.handler.HttpHandler - 

Request DefaultHttpRequest(decodeResult: success, version: HTTP/1.1)
POST /session/afc2132c6a1b19deeea3c83562d92e39/execute/sync HTTP/1.1
User-Agent: selenium/4.1.2 (java windows)
Content-Length: 47339
Content-Type: application/json; charset=utf-8
host: localhost:58290
accept: */*

Response DefaultHttpResponse(decodeResult: success, version: HTTP/1.1)
HTTP/1.1 200 OK
Content-Type: application/json; charset=utf-8
cache-control: no-cache
content-length: 96

22:25:59.488 [AsyncHttpClient-1-5] DEBUG org.asynchttpclient.netty.channel.ChannelManager - Adding key: http://localhost:58290 for channel [id: 0xc1ffcb52, L:/127.0.0.1:61498 - R:localhost/127.0.0.1:58290]
22:25:59.488 [Forwarding getElementAttribute on session afc2132c6a1b19deeea3c83562d92e39 to remote] DEBUG org.asynchttpclient.netty.request.NettyRequestSender - Using pooled Channel '[id: 0xc1ffcb52, L:/127.0.0.1:61498 - R:localhost/127.0.0.1:58290]' for 'POST' to 'http://localhost:58290/session/afc2132c6a1b19deeea3c83562d92e39/execute/sync'
22:25:59.488 [Forwarding getElementAttribute on session afc2132c6a1b19deeea3c83562d92e39 to remote] DEBUG org.asynchttpclient.netty.request.NettyRequestSender - Using open Channel [id: 0xc1ffcb52, L:/127.0.0.1:61498 - R:localhost/127.0.0.1:58290] for POST '/session/afc2132c6a1b19deeea3c83562d92e39/execute/sync'
22:25:59.503 [AsyncHttpClient-1-5] DEBUG org.asynchttpclient.netty.handler.HttpHandler - 

Request DefaultHttpRequest(decodeResult: success, version: HTTP/1.1)
POST /session/afc2132c6a1b19deeea3c83562d92e39/execute/sync HTTP/1.1
User-Agent: selenium/4.1.2 (java windows)
Content-Length: 47339
Content-Type: application/json; charset=utf-8
host: localhost:58290
accept: */*

Response DefaultHttpResponse(decodeResult: success, version: HTTP/1.1)
HTTP/1.1 200 OK
Content-Type: application/json; charset=utf-8
cache-control: no-cache
content-length: 82

22:25:59.503 [AsyncHttpClient-1-5] DEBUG org.asynchttpclient.netty.channel.ChannelManager - Adding key: http://localhost:58290 for channel [id: 0xc1ffcb52, L:/127.0.0.1:61498 - R:localhost/127.0.0.1:58290]
22:25:59.507 [Forwarding getElementAttribute on session afc2132c6a1b19deeea3c83562d92e39 to remote] DEBUG org.asynchttpclient.netty.request.NettyRequestSender - Using pooled Channel '[id: 0xc1ffcb52, L:/127.0.0.1:61498 - R:localhost/127.0.0.1:58290]' for 'POST' to 'http://localhost:58290/session/afc2132c6a1b19deeea3c83562d92e39/execute/sync'
22:25:59.507 [Forwarding getElementAttribute on session afc2132c6a1b19deeea3c83562d92e39 to remote] DEBUG org.asynchttpclient.netty.request.NettyRequestSender - Using open Channel [id: 0xc1ffcb52, L:/127.0.0.1:61498 - R:localhost/127.0.0.1:58290] for POST '/session/afc2132c6a1b19deeea3c83562d92e39/execute/sync'
22:25:59.516 [AsyncHttpClient-1-5] DEBUG org.asynchttpclient.netty.handler.HttpHandler - 

Request DefaultHttpRequest(decodeResult: success, version: HTTP/1.1)
POST /session/afc2132c6a1b19deeea3c83562d92e39/execute/sync HTTP/1.1
User-Agent: selenium/4.1.2 (java windows)
Content-Length: 47339
Content-Type: application/json; charset=utf-8
host: localhost:58290
accept: */*

Response DefaultHttpResponse(decodeResult: success, version: HTTP/1.1)
HTTP/1.1 200 OK
Content-Type: application/json; charset=utf-8
cache-control: no-cache
content-length: 64

22:25:59.516 [AsyncHttpClient-1-5] DEBUG org.asynchttpclient.netty.channel.ChannelManager - Adding key: http://localhost:58290 for channel [id: 0xc1ffcb52, L:/127.0.0.1:61498 - R:localhost/127.0.0.1:58290]
22:25:59.520 [Forwarding getElementAttribute on session afc2132c6a1b19deeea3c83562d92e39 to remote] DEBUG org.asynchttpclient.netty.request.NettyRequestSender - Using pooled Channel '[id: 0xc1ffcb52, L:/127.0.0.1:61498 - R:localhost/127.0.0.1:58290]' for 'POST' to 'http://localhost:58290/session/afc2132c6a1b19deeea3c83562d92e39/execute/sync'
22:25:59.520 [Forwarding getElementAttribute on session afc2132c6a1b19deeea3c83562d92e39 to remote] DEBUG org.asynchttpclient.netty.request.NettyRequestSender - Using open Channel [id: 0xc1ffcb52, L:/127.0.0.1:61498 - R:localhost/127.0.0.1:58290] for POST '/session/afc2132c6a1b19deeea3c83562d92e39/execute/sync'
22:25:59.522 [AsyncHttpClient-1-5] DEBUG org.asynchttpclient.netty.handler.HttpHandler - 

Request DefaultHttpRequest(decodeResult: success, version: HTTP/1.1)
POST /session/afc2132c6a1b19deeea3c83562d92e39/execute/sync HTTP/1.1
User-Agent: selenium/4.1.2 (java windows)
Content-Length: 47339
Content-Type: application/json; charset=utf-8
host: localhost:58290
accept: */*

Response DefaultHttpResponse(decodeResult: success, version: HTTP/1.1)
HTTP/1.1 200 OK
Content-Type: application/json; charset=utf-8
cache-control: no-cache
content-length: 84

22:25:59.522 [AsyncHttpClient-1-5] DEBUG org.asynchttpclient.netty.channel.ChannelManager - Adding key: http://localhost:58290 for channel [id: 0xc1ffcb52, L:/127.0.0.1:61498 - R:localhost/127.0.0.1:58290]
22:25:59.532 [Forwarding getElementAttribute on session afc2132c6a1b19deeea3c83562d92e39 to remote] DEBUG org.asynchttpclient.netty.request.NettyRequestSender - Using pooled Channel '[id: 0xc1ffcb52, L:/127.0.0.1:61498 - R:localhost/127.0.0.1:58290]' for 'POST' to 'http://localhost:58290/session/afc2132c6a1b19deeea3c83562d92e39/execute/sync'
22:25:59.532 [Forwarding getElementAttribute on session afc2132c6a1b19deeea3c83562d92e39 to remote] DEBUG org.asynchttpclient.netty.request.NettyRequestSender - Using open Channel [id: 0xc1ffcb52, L:/127.0.0.1:61498 - R:localhost/127.0.0.1:58290] for POST '/session/afc2132c6a1b19deeea3c83562d92e39/execute/sync'
22:25:59.542 [AsyncHttpClient-1-5] DEBUG org.asynchttpclient.netty.handler.HttpHandler - 

Request DefaultHttpRequest(decodeResult: success, version: HTTP/1.1)
POST /session/afc2132c6a1b19deeea3c83562d92e39/execute/sync HTTP/1.1
User-Agent: selenium/4.1.2 (java windows)
Content-Length: 47339
Content-Type: application/json; charset=utf-8
host: localhost:58290
accept: */*

Response DefaultHttpResponse(decodeResult: success, version: HTTP/1.1)
HTTP/1.1 200 OK
Content-Type: application/json; charset=utf-8
cache-control: no-cache
content-length: 73

22:25:59.542 [AsyncHttpClient-1-5] DEBUG org.asynchttpclient.netty.channel.ChannelManager - Adding key: http://localhost:58290 for channel [id: 0xc1ffcb52, L:/127.0.0.1:61498 - R:localhost/127.0.0.1:58290]
22:25:59.542 [Forwarding getElementAttribute on session afc2132c6a1b19deeea3c83562d92e39 to remote] DEBUG org.asynchttpclient.netty.request.NettyRequestSender - Using pooled Channel '[id: 0xc1ffcb52, L:/127.0.0.1:61498 - R:localhost/127.0.0.1:58290]' for 'POST' to 'http://localhost:58290/session/afc2132c6a1b19deeea3c83562d92e39/execute/sync'
22:25:59.542 [Forwarding getElementAttribute on session afc2132c6a1b19deeea3c83562d92e39 to remote] DEBUG org.asynchttpclient.netty.request.NettyRequestSender - Using open Channel [id: 0xc1ffcb52, L:/127.0.0.1:61498 - R:localhost/127.0.0.1:58290] for POST '/session/afc2132c6a1b19deeea3c83562d92e39/execute/sync'
22:25:59.552 [AsyncHttpClient-1-5] DEBUG org.asynchttpclient.netty.handler.HttpHandler - 

Request DefaultHttpRequest(decodeResult: success, version: HTTP/1.1)
POST /session/afc2132c6a1b19deeea3c83562d92e39/execute/sync HTTP/1.1
User-Agent: selenium/4.1.2 (java windows)
Content-Length: 47339
Content-Type: application/json; charset=utf-8
host: localhost:58290
accept: */*

Response DefaultHttpResponse(decodeResult: success, version: HTTP/1.1)
HTTP/1.1 200 OK
Content-Type: application/json; charset=utf-8
cache-control: no-cache
content-length: 103

22:25:59.552 [AsyncHttpClient-1-5] DEBUG org.asynchttpclient.netty.channel.ChannelManager - Adding key: http://localhost:58290 for channel [id: 0xc1ffcb52, L:/127.0.0.1:61498 - R:localhost/127.0.0.1:58290]
22:25:59.552 [Forwarding getElementAttribute on session afc2132c6a1b19deeea3c83562d92e39 to remote] DEBUG org.asynchttpclient.netty.request.NettyRequestSender - Using pooled Channel '[id: 0xc1ffcb52, L:/127.0.0.1:61498 - R:localhost/127.0.0.1:58290]' for 'POST' to 'http://localhost:58290/session/afc2132c6a1b19deeea3c83562d92e39/execute/sync'
22:25:59.552 [Forwarding getElementAttribute on session afc2132c6a1b19deeea3c83562d92e39 to remote] DEBUG org.asynchttpclient.netty.request.NettyRequestSender - Using open Channel [id: 0xc1ffcb52, L:/127.0.0.1:61498 - R:localhost/127.0.0.1:58290] for POST '/session/afc2132c6a1b19deeea3c83562d92e39/execute/sync'
22:25:59.572 [AsyncHttpClient-1-5] DEBUG org.asynchttpclient.netty.handler.HttpHandler - 

Request DefaultHttpRequest(decodeResult: success, version: HTTP/1.1)
POST /session/afc2132c6a1b19deeea3c83562d92e39/execute/sync HTTP/1.1
User-Agent: selenium/4.1.2 (java windows)
Content-Length: 47339
Content-Type: application/json; charset=utf-8
host: localhost:58290
accept: */*

Response DefaultHttpResponse(decodeResult: success, version: HTTP/1.1)
HTTP/1.1 200 OK
Content-Type: application/json; charset=utf-8
cache-control: no-cache
content-length: 84

22:25:59.572 [AsyncHttpClient-1-5] DEBUG org.asynchttpclient.netty.channel.ChannelManager - Adding key: http://localhost:58290 for channel [id: 0xc1ffcb52, L:/127.0.0.1:61498 - R:localhost/127.0.0.1:58290]
22:25:59.576 [Forwarding getElementAttribute on session afc2132c6a1b19deeea3c83562d92e39 to remote] DEBUG org.asynchttpclient.netty.request.NettyRequestSender - Using pooled Channel '[id: 0xc1ffcb52, L:/127.0.0.1:61498 - R:localhost/127.0.0.1:58290]' for 'POST' to 'http://localhost:58290/session/afc2132c6a1b19deeea3c83562d92e39/execute/sync'
22:25:59.576 [Forwarding getElementAttribute on session afc2132c6a1b19deeea3c83562d92e39 to remote] DEBUG org.asynchttpclient.netty.request.NettyRequestSender - Using open Channel [id: 0xc1ffcb52, L:/127.0.0.1:61498 - R:localhost/127.0.0.1:58290] for POST '/session/afc2132c6a1b19deeea3c83562d92e39/execute/sync'
22:25:59.591 [AsyncHttpClient-1-5] DEBUG org.asynchttpclient.netty.handler.HttpHandler - 

Request DefaultHttpRequest(decodeResult: success, version: HTTP/1.1)
POST /session/afc2132c6a1b19deeea3c83562d92e39/execute/sync HTTP/1.1
User-Agent: selenium/4.1.2 (java windows)
Content-Length: 47339
Content-Type: application/json; charset=utf-8
host: localhost:58290
accept: */*

Response DefaultHttpResponse(decodeResult: success, version: HTTP/1.1)
HTTP/1.1 200 OK
Content-Type: application/json; charset=utf-8
cache-control: no-cache
content-length: 61

22:25:59.591 [AsyncHttpClient-1-5] DEBUG org.asynchttpclient.netty.channel.ChannelManager - Adding key: http://localhost:58290 for channel [id: 0xc1ffcb52, L:/127.0.0.1:61498 - R:localhost/127.0.0.1:58290]
22:25:59.641 [main] DEBUG net.thucydides.core.steps.StepInterceptor - STARTING STEP: CampaignsStepDefinitions.userObtainsCampaignsList - {0} should see #description
22:25:59.651 [Forwarding screenshot on session afc2132c6a1b19deeea3c83562d92e39 to remote] DEBUG org.asynchttpclient.netty.request.NettyRequestSender - Using pooled Channel '[id: 0xc1ffcb52, L:/127.0.0.1:61498 - R:localhost/127.0.0.1:58290]' for 'GET' to 'http://localhost:58290/session/afc2132c6a1b19deeea3c83562d92e39/screenshot'
22:25:59.651 [Forwarding screenshot on session afc2132c6a1b19deeea3c83562d92e39 to remote] DEBUG org.asynchttpclient.netty.request.NettyRequestSender - Using open Channel [id: 0xc1ffcb52, L:/127.0.0.1:61498 - R:localhost/127.0.0.1:58290] for GET '/session/afc2132c6a1b19deeea3c83562d92e39/screenshot'
22:26:00.180 [AsyncHttpClient-1-5] DEBUG org.asynchttpclient.netty.handler.HttpHandler - 

Request DefaultFullHttpRequest(decodeResult: success, version: HTTP/1.1, content: EmptyByteBufBE)
GET /session/afc2132c6a1b19deeea3c83562d92e39/screenshot HTTP/1.1
User-Agent: selenium/4.1.2 (java windows)
Cache-Control: no-cache
Content-Type: application/json; charset=utf-8
host: localhost:58290
accept: */*

Response DefaultHttpResponse(decodeResult: success, version: HTTP/1.1)
HTTP/1.1 200 OK
Content-Type: application/json; charset=utf-8
cache-control: no-cache
content-length: 1115068

22:26:00.180 [AsyncHttpClient-1-5] DEBUG org.asynchttpclient.netty.channel.ChannelManager - Adding key: http://localhost:58290 for channel [id: 0xc1ffcb52, L:/127.0.0.1:61498 - R:localhost/127.0.0.1:58290]
22:26:00.220 [main] DEBUG net.serenitybdd.core.photography.Darkroom - Send negative for processing for target\site\serenity\c3a366fcf97e7bf312c61ed454897987daa624faf1fe1283f17684cc90b4ad07.png
22:26:00.220 [main] DEBUG net.thucydides.core.steps.StepInterceptor - STEP DONE: {0} should see #description
22:26:00.220 [Forwarding getCurrentUrl on session afc2132c6a1b19deeea3c83562d92e39 to remote] DEBUG org.asynchttpclient.netty.request.NettyRequestSender - Using pooled Channel '[id: 0xc1ffcb52, L:/127.0.0.1:61498 - R:localhost/127.0.0.1:58290]' for 'GET' to 'http://localhost:58290/session/afc2132c6a1b19deeea3c83562d92e39/url'
22:26:00.220 [Forwarding getCurrentUrl on session afc2132c6a1b19deeea3c83562d92e39 to remote] DEBUG org.asynchttpclient.netty.request.NettyRequestSender - Using open Channel [id: 0xc1ffcb52, L:/127.0.0.1:61498 - R:localhost/127.0.0.1:58290] for GET '/session/afc2132c6a1b19deeea3c83562d92e39/url'
22:26:00.220 [Darkroom Processing Line] DEBUG net.serenitybdd.core.photography.DarkroomProcessingLine - Processing screenshot image in /var/screenshots/screenshot-2370939399723160615
22:26:00.220 [Darkroom Processing Line] DEBUG net.serenitybdd.core.photography.DarkroomProcessingLine - Saving screenshot to target\site\serenity\c3a366fcf97e7bf312c61ed454897987daa624faf1fe1283f17684cc90b4ad07.png
22:26:00.240 [AsyncHttpClient-1-5] DEBUG org.asynchttpclient.netty.handler.HttpHandler - 

Request DefaultFullHttpRequest(decodeResult: success, version: HTTP/1.1, content: EmptyByteBufBE)
GET /session/afc2132c6a1b19deeea3c83562d92e39/url HTTP/1.1
User-Agent: selenium/4.1.2 (java windows)
Cache-Control: no-cache
Content-Type: application/json; charset=utf-8
host: localhost:58290
accept: */*

Response DefaultHttpResponse(decodeResult: success, version: HTTP/1.1)
HTTP/1.1 200 OK
Content-Type: application/json; charset=utf-8
cache-control: no-cache
content-length: 54

22:26:00.240 [AsyncHttpClient-1-5] DEBUG org.asynchttpclient.netty.channel.ChannelManager - Adding key: http://localhost:58290 for channel [id: 0xc1ffcb52, L:/127.0.0.1:61498 - R:localhost/127.0.0.1:58290]
22:26:00.250 [main] DEBUG net.thucydides.core.steps.StepInterceptor - STARTING STEP: CampaignsStepDefinitions.userObtainsCampaignsList - {0} should see #description
22:26:00.250 [main] DEBUG net.thucydides.core.steps.StepInterceptor - STEP DONE: {0} should see #description
22:26:00.250 [AsyncHttpClient-1-7] DEBUG org.asynchttpclient.netty.handler.WebSocketHandler - Channel Closed: [id: 0x5309c418, L:/127.0.0.1:61506 ! R:localhost/127.0.0.1:61499] with attribute NettyResponseFuture{currentRetry=5,
	isDone=1,
	isCancelled=0,
	asyncHandler=org.asynchttpclient.ws.WebSocketUpgradeHandler@79c4fc84,
	nettyRequest=org.asynchttpclient.netty.request.NettyRequest@3cc67dd8,
	future=java.util.concurrent.CompletableFuture@2b52ce83[Completed normally],
	uri=ws://localhost:61499/devtools/browser/47d146ac-9709-4dbb-afa2-fd5dd69467de,
	keepAlive=true,
	redirectCount=0,
	timeoutsHolder=null,
	inAuth=0,
	touch=1644089150769}
22:26:00.250 [AsyncHttpClient-1-7] DEBUG org.asynchttpclient.netty.channel.ChannelManager - Closing Channel [id: 0x5309c418, L:/127.0.0.1:61506 ! R:localhost/127.0.0.1:61499] 
22:26:00.250 [Driver Command Executor] DEBUG org.asynchttpclient.netty.request.NettyRequestSender - Using pooled Channel '[id: 0xc1ffcb52, L:/127.0.0.1:61498 - R:localhost/127.0.0.1:58290]' for 'DELETE' to 'http://localhost:58290/session/afc2132c6a1b19deeea3c83562d92e39'
22:26:00.250 [Driver Command Executor] DEBUG org.asynchttpclient.netty.request.NettyRequestSender - Using open Channel [id: 0xc1ffcb52, L:/127.0.0.1:61498 - R:localhost/127.0.0.1:58290] for DELETE '/session/afc2132c6a1b19deeea3c83562d92e39'
22:26:00.483 [AsyncHttpClient-1-1] DEBUG org.asynchttpclient.netty.channel.DefaultChannelPool - Entry count for : http://localhost:61499 : 1
22:26:00.553 [AsyncHttpClient-1-6] DEBUG org.asynchttpclient.netty.handler.HttpHandler - Unexpected I/O exception on channel [id: 0x03a85468, L:/127.0.0.1:61505 - R:localhost/127.0.0.1:61499]
java.net.SocketException: Connection reset
	at java.base/sun.nio.ch.SocketChannelImpl.throwConnectionReset(SocketChannelImpl.java:394)
	at java.base/sun.nio.ch.SocketChannelImpl.read(SocketChannelImpl.java:426)
	at io.netty.buffer.PooledByteBuf.setBytes(PooledByteBuf.java:258)
	at io.netty.buffer.AbstractByteBuf.writeBytes(AbstractByteBuf.java:1132)
	at io.netty.channel.socket.nio.NioSocketChannel.doReadBytes(NioSocketChannel.java:350)
	at io.netty.channel.nio.AbstractNioByteChannel$NioByteUnsafe.read(AbstractNioByteChannel.java:151)
	at io.netty.channel.nio.NioEventLoop.processSelectedKey(NioEventLoop.java:722)
	at io.netty.channel.nio.NioEventLoop.processSelectedKeysOptimized(NioEventLoop.java:658)
	at io.netty.channel.nio.NioEventLoop.processSelectedKeys(NioEventLoop.java:584)
	at io.netty.channel.nio.NioEventLoop.run(NioEventLoop.java:496)
	at io.netty.util.concurrent.SingleThreadEventExecutor$4.run(SingleThreadEventExecutor.java:986)
	at io.netty.util.internal.ThreadExecutorMap$2.run(ThreadExecutorMap.java:74)
	at io.netty.util.concurrent.FastThreadLocalRunnable.run(FastThreadLocalRunnable.java:30)
	at java.base/java.lang.Thread.run(Thread.java:833)
22:26:00.553 [AsyncHttpClient-1-6] DEBUG org.asynchttpclient.netty.channel.ChannelManager - Closing Channel [id: 0x03a85468, L:/127.0.0.1:61505 - R:localhost/127.0.0.1:61499] 
22:26:00.553 [AsyncHttpClient-1-6] DEBUG org.asynchttpclient.netty.handler.HttpHandler - Channel Closed: [id: 0x03a85468, L:/127.0.0.1:61505 ! R:localhost/127.0.0.1:61499] with attribute DISCARD
22:26:00.614 [AsyncHttpClient-1-5] DEBUG org.asynchttpclient.netty.handler.HttpHandler - 

Request DefaultFullHttpRequest(decodeResult: success, version: HTTP/1.1, content: EmptyByteBufBE)
DELETE /session/afc2132c6a1b19deeea3c83562d92e39 HTTP/1.1
User-Agent: selenium/4.1.2 (java windows)
Content-Type: application/json; charset=utf-8
host: localhost:58290
accept: */*

Response DefaultHttpResponse(decodeResult: success, version: HTTP/1.1)
HTTP/1.1 200 OK
Content-Type: application/json; charset=utf-8
cache-control: no-cache
content-length: 14

22:26:00.614 [AsyncHttpClient-1-5] DEBUG org.asynchttpclient.netty.channel.ChannelManager - Adding key: http://localhost:58290 for channel [id: 0xc1ffcb52, L:/127.0.0.1:61498 - R:localhost/127.0.0.1:58290]
22:26:00.736 [AsyncHttpClient-1-5] DEBUG org.asynchttpclient.netty.handler.HttpHandler - Channel Closed: [id: 0xc1ffcb52, L:/127.0.0.1:61498 ! R:localhost/127.0.0.1:58290] with attribute DISCARD
  &amp#27;[32mThen &amp#27;[0m&amp#27;[32muser sees the &amp#27;[0m&amp#27;[32m&amp#27;[1m"elektronik"&amp#27;[0m&amp#27;[32m campaigns list&amp#27;[0m                            &amp#27;[90m# stepdefinitions.CampaignsStepDefinitions.userObtainsCampaignsList(java.lang.String)&amp#27;[0m
22:26:00.814 [main] INFO  - 
  _____   ___   ___   _____     ___     _     ___   ___   ___   ___  
 |_   _| | __| / __| |_   _|   | _ \   /_\   / __| / __| | __| |   \ 
   | |   | _|  \__ \   | |     |  _/  / _ \  \__ \ \__ \ | _|  | |) |
   |_|   |___| |___/   |_|     |_|   /_/ \_\ |___/ |___/ |___| |___/ 

User clicks on category and obtains the list of campaigns
----------------------------------------------------------------------
]]></system-out>
    <system-err><![CDATA[Starting ChromeDriver 97.0.4692.71 (adefa7837d02a07a604c1e6eff0b3a09422ab88d-refs/branch-heads/4692@{#1247}) on port 58290
Only local connections are allowed.
Please see https://chromedriver.chromium.org/security-considerations for suggestions on keeping ChromeDriver safe.
ChromeDriver was started successfully.
Feb 05, 2022 10:25:50 PM org.openqa.selenium.remote.ProtocolHandshake createSession
INFO: Detected dialect: W3C
Feb 05, 2022 10:25:50 PM org.openqa.selenium.devtools.CdpVersionFinder findNearestMatch
INFO: Found exact CDP implementation for version 97
]]></system-err>
  </testcase>
  <testcase name="User clicks on category and obtains the list of campaigns #3" classname="List all campaigns" time="12.316">
    <system-out><![CDATA[
Scenario Outline: User clicks on category and obtains the list of campaigns &amp#27;[90m# src/test/resources/features/campaigns.feature:10&amp#27;[0m
22:26:00.835 [main] INFO io.cucumber.core.plugin.SerenityReporter - Running feature from file:///C:/Users/yasemin/Desktop/n11-bootcamp/n11TestAutomationCase1/src/test/resources/features/campaigns.feature
22:26:00.847 [main] DEBUG net.thucydides.core.steps.StepInterceptor - STARTING STEP: CampaignsStepDefinitions.userOpensThePage - !#title
22:26:00.857 [main] DEBUG net.thucydides.core.steps.StepInterceptor - STARTING STEP: CampaignsStepDefinitions.userOpensThePage - {0} opens the #targetPageName
22:26:00.857 [main] INFO net.serenitybdd.core.webdriver.driverproviders.ChromeDriverProvider - Using automatically driver download
22:26:01.087 [main] DEBUG io.github.bonigarcia.wdm.cache.ResolutionCache - Resolution chrome=97 in cache (valid until 22:28:40 05/02/2022 TRT)
22:26:01.087 [main] DEBUG io.github.bonigarcia.wdm.cache.ResolutionCache - Resolution chrome97=97.0.4692.71 in cache (valid until 00:08:14 06/02/2022 TRT)
22:26:01.087 [main] INFO io.github.bonigarcia.wdm.WebDriverManager - Using chromedriver 97.0.4692.71 (resolved driver for Chrome 97)
22:26:01.087 [main] DEBUG io.github.bonigarcia.wdm.WebDriverManager - Driver chromedriver 97.0.4692.71 found in cache
22:26:01.087 [main] INFO io.github.bonigarcia.wdm.WebDriverManager - Exporting webdriver.chrome.driver as C:\Users\yasemin\.cache\selenium\chromedriver\win32\97.0.4692.71\chromedriver.exe
22:26:01.588 [AsyncHttpClient-1-1] DEBUG org.asynchttpclient.netty.channel.DefaultChannelPool - Entry count for : http://localhost:58290 : 1
22:26:01.588 [AsyncHttpClient-1-1] DEBUG org.asynchttpclient.netty.channel.DefaultChannelPool - Entry count for : http://localhost:61499 : 1
22:26:01.588 [AsyncHttpClient-1-1] DEBUG org.asynchttpclient.netty.channel.DefaultChannelPool - Adding Candidate expired Channel [id: 0xc1ffcb52, L:/127.0.0.1:61498 ! R:localhost/127.0.0.1:58290] isIdleTimeoutExpired=false isRemotelyClosed=true isTtlExpired=false
22:26:01.588 [AsyncHttpClient-1-1] DEBUG org.asynchttpclient.netty.channel.DefaultChannelPool - Closing Idle Channel [id: 0xc1ffcb52, L:/127.0.0.1:61498 ! R:localhost/127.0.0.1:58290]
22:26:01.588 [AsyncHttpClient-1-1] DEBUG org.asynchttpclient.netty.channel.DefaultChannelPool - Adding Candidate expired Channel [id: 0x03a85468, L:/127.0.0.1:61505 ! R:localhost/127.0.0.1:61499] isIdleTimeoutExpired=false isRemotelyClosed=true isTtlExpired=false
22:26:01.588 [AsyncHttpClient-1-1] DEBUG org.asynchttpclient.netty.channel.DefaultChannelPool - Closing Idle Channel [id: 0x03a85468, L:/127.0.0.1:61505 ! R:localhost/127.0.0.1:61499]
22:26:01.588 [AsyncHttpClient-1-1] DEBUG org.asynchttpclient.netty.channel.DefaultChannelPool - Closed 2 connections out of 2 in 0 ms
22:26:02.408 [main] DEBUG net.thucydides.core.reflection.ClassFinder - Could not load class .pages.CampaignPage
22:26:02.408 [main] DEBUG net.thucydides.core.reflection.ClassFinder - Could not load class .pages.N11CampaignsMainPage
22:26:02.408 [main] DEBUG net.thucydides.core.reflection.ClassFinder - Could not load class .questions.CheckDriver
22:26:02.408 [main] DEBUG net.thucydides.core.reflection.ClassFinder - Could not load class .runners.CucumberRunner
22:26:02.408 [main] DEBUG net.thucydides.core.reflection.ClassFinder - Could not load class .stepdefinitions.CampaignsStepDefinitions
22:26:02.408 [main] DEBUG net.thucydides.core.reflection.ClassFinder - Could not load class .tasks.CheckNumOfCampaigns
22:26:02.408 [main] DEBUG net.thucydides.core.reflection.ClassFinder - Could not load class .tasks.ClickCategory
22:26:02.408 [main] DEBUG net.thucydides.core.reflection.ClassFinder - Could not load class .tasks.NavigateTo
22:26:02.408 [main] DEBUG net.thucydides.core.reflection.ClassFinder - Could not load class .tasks.WriteURLsExcel
22:26:02.408 [main] DEBUG net.thucydides.core.reflection.ClassFinder - Could not load class META-INF.versions.9.com.sun.istack.logging.StackHelper
22:26:02.408 [main] DEBUG net.thucydides.core.reflection.ClassFinder - Could not load class META-INF.versions.9.com.sun.xml.bind.v2.runtime.reflect.opt.AccessorInjector
22:26:02.408 [main] DEBUG net.thucydides.core.reflection.ClassFinder - Could not load class META-INF.versions.9.com.sun.xml.bind.v2.runtime.reflect.opt.Injector
22:26:02.408 [main] DEBUG net.thucydides.core.reflection.ClassFinder - Could not load class META-INF.versions.9.com.sun.xml.bind.v2.runtime.reflect.opt.OptimizedAccessorFactory
22:26:02.408 [main] DEBUG net.thucydides.core.reflection.ClassFinder - Could not load class META-INF.versions.9.com.sun.xml.bind.v2.runtime.reflect.opt.OptimizedTransducedAccessorFactory
22:26:02.408 [main] DEBUG net.thucydides.core.reflection.ClassFinder - Could not load class META-INF.versions.9.io.opentelemetry.sdk.internal.CurrentJavaVersionSpecific
22:26:02.408 [main] DEBUG net.thucydides.core.reflection.ClassFinder - Could not load class META-INF.versions.9.io.opentelemetry.sdk.internal.Java9VersionSpecific
22:26:02.408 [main] DEBUG net.thucydides.core.reflection.ClassFinder - Could not load class META-INF.versions.9.javax.xml.bind.ModuleUtil
22:26:02.408 [main] DEBUG net.thucydides.core.reflection.ClassFinder - Could not load class META-INF.versions.9.module-info
22:26:02.408 [main] DEBUG net.thucydides.core.reflection.ClassFinder - Could not load class META-INF.versions.9.org.apache.logging.log4j.util.Base64Util
22:26:02.408 [main] DEBUG net.thucydides.core.reflection.ClassFinder - Could not load class META-INF.versions.9.org.apache.logging.log4j.util.ProcessIdUtil
22:26:02.408 [main] DEBUG net.thucydides.core.reflection.ClassFinder - Could not load class META-INF.versions.9.org.apache.logging.log4j.util.StackLocator
22:26:02.418 [main] DEBUG net.thucydides.core.reflection.ClassFinder - Could not load class META-INF.versions.9.org.apache.logging.log4j.util.internal.DefaultObjectInputFilter
22:26:02.418 [main] DEBUG net.thucydides.core.reflection.ClassFinder - Could not load class META-INF.versions.9.org.apache.xmlbeans.impl.tool.MavenPluginResolver
22:26:02.418 [main] DEBUG net.thucydides.core.reflection.ClassFinder - Could not load class META-INF.versions.9.org.junit.platform.commons.util.ModuleUtils
22:26:02.418 [main] DEBUG net.thucydides.core.reflection.ClassFinder - Could not load class com.microsoft.schemas.office.office.STOLEUpdateMode
22:26:02.418 [main] DEBUG net.thucydides.core.reflection.ClassFinder - Could not load class com.microsoft.schemas.office.office.STScreenSize
22:26:02.418 [main] DEBUG net.thucydides.core.reflection.ClassFinder - Could not load class com.microsoft.schemas.office.visio.x2012.main.SheetType
22:26:02.418 [main] DEBUG net.thucydides.core.reflection.ClassFinder - Could not load class com.microsoft.schemas.office.word.STHorizontalAnchor
22:26:02.418 [main] DEBUG net.thucydides.core.reflection.ClassFinder - Could not load class com.microsoft.schemas.office.word.STVerticalAnchor
22:26:02.418 [main] DEBUG net.thucydides.core.reflection.ClassFinder - Could not load class com.microsoft.schemas.office.word.STWrapSide
22:26:02.418 [main] DEBUG net.thucydides.core.reflection.ClassFinder - Could not load class com.microsoft.schemas.vml.STImageAspect
22:26:02.418 [main] DEBUG net.thucydides.core.reflection.ClassFinder - Could not load class com.microsoft.schemas.vml.STStrokeArrowLength
22:26:02.418 [main] DEBUG net.thucydides.core.reflection.ClassFinder - Could not load class com.microsoft.schemas.vml.STStrokeArrowWidth
22:26:02.418 [main] DEBUG net.thucydides.core.reflection.ClassFinder - Could not load class com.microsoft.schemas.vml.STStrokeEndCap
22:26:02.418 [main] DEBUG net.thucydides.core.reflection.ClassFinder - Could not load class com.microsoft.schemas.vml.STStrokeLineStyle
22:26:02.418 [main] DEBUG net.thucydides.core.reflection.ClassFinder - Could not load class com.sun.xml.bind.v2.runtime.output.FastInfosetStreamWriterOutput
22:26:02.418 [main] DEBUG net.thucydides.core.reflection.ClassFinder - Could not load class module-info
22:26:02.428 [main] DEBUG net.thucydides.core.reflection.ClassFinder - Could not load class org.apache.logging.log4j.util.Activator
22:26:02.428 [main] DEBUG net.thucydides.core.reflection.ClassFinder - Could not load class org.apache.poi.xslf.draw.SVGImageRenderer
22:26:02.428 [main] DEBUG net.thucydides.core.reflection.ClassFinder - Could not load class org.apache.poi.xslf.draw.SVGPOIGraphics2D
22:26:02.428 [main] DEBUG net.thucydides.core.reflection.ClassFinder - Could not load class org.apache.poi.xslf.draw.SVGRenderExtension
22:26:02.428 [main] DEBUG net.thucydides.core.reflection.ClassFinder - Could not load class org.apache.poi.xslf.draw.SVGUserAgent
22:26:02.428 [main] DEBUG net.thucydides.core.reflection.ClassFinder - Could not load class org.apache.poi.xslf.util.SVGFormat
22:26:02.428 [main] DEBUG net.thucydides.core.reflection.ClassFinder - Could not load class org.apache.xmlbeans.impl.schema.TypeSystemHolder
22:26:02.438 [main] DEBUG net.thucydides.core.reflection.ClassFinder - Could not load class org.apache.xmlbeans.impl.tool.MavenPlugin
22:26:02.438 [main] DEBUG net.thucydides.core.reflection.ClassFinder - Could not load class org.apache.xmlbeans.impl.tool.MavenPluginHelp
22:26:02.438 [main] DEBUG net.thucydides.core.reflection.ClassFinder - Could not load class org.apache.xmlbeans.impl.tool.XMLBean
22:26:02.438 [main] DEBUG net.thucydides.core.reflection.ClassFinder - Could not load class org.apache.xmlbeans.impl.xpath.saxon.SaxonXPath
22:26:02.438 [main] DEBUG net.thucydides.core.reflection.ClassFinder - Could not load class org.apache.xmlbeans.impl.xpath.saxon.SaxonXQuery
22:26:02.448 [main] DEBUG net.thucydides.core.reflection.ClassFinder - Could not load class org.etsi.uri.x01903.v13.GenericTimeStampType
22:26:02.448 [main] DEBUG net.thucydides.core.reflection.ClassFinder - Could not load class org.etsi.uri.x01903.v13.QualifierType
22:26:02.458 [main] DEBUG net.thucydides.core.reflection.ClassFinder - Could not load class org.openxmlformats.schemas.drawingml.x2006.chart.CTSerAx
22:26:02.458 [main] DEBUG net.thucydides.core.reflection.ClassFinder - Could not load class org.openxmlformats.schemas.drawingml.x2006.chart.STDepthPercentUShort
22:26:02.458 [main] DEBUG net.thucydides.core.reflection.ClassFinder - Could not load class org.openxmlformats.schemas.drawingml.x2006.chart.STDepthPercentWithSymbol
22:26:02.468 [main] DEBUG net.thucydides.core.reflection.ClassFinder - Could not load class org.openxmlformats.schemas.drawingml.x2006.chart.STHPercentUShort
22:26:02.468 [main] DEBUG net.thucydides.core.reflection.ClassFinder - Could not load class org.openxmlformats.schemas.drawingml.x2006.chart.STHPercentWithSymbol
22:26:02.468 [main] DEBUG net.thucydides.core.reflection.ClassFinder - Could not load class org.openxmlformats.schemas.drawingml.x2006.chart.STHoleSizePercent
22:26:02.468 [main] DEBUG net.thucydides.core.reflection.ClassFinder - Could not load class org.openxmlformats.schemas.drawingml.x2006.chart.STHoleSizeUByte
22:26:02.468 [main] DEBUG net.thucydides.core.reflection.ClassFinder - Could not load class org.openxmlformats.schemas.drawingml.x2006.chart.STOverlapByte
22:26:02.468 [main] DEBUG net.thucydides.core.reflection.ClassFinder - Could not load class org.openxmlformats.schemas.drawingml.x2006.chart.STOverlapPercent
22:26:02.468 [main] DEBUG net.thucydides.core.reflection.ClassFinder - Could not load class org.openxmlformats.schemas.drawingml.x2006.chart.STPageSetupOrientation
22:26:02.468 [main] DEBUG net.thucydides.core.reflection.ClassFinder - Could not load class org.openxmlformats.schemas.drawingml.x2006.main.CTGroupFillProperties
22:26:02.468 [main] DEBUG net.thucydides.core.reflection.ClassFinder - Could not load class org.openxmlformats.schemas.drawingml.x2006.main.CTPath2DQuadBezierTo
22:26:02.468 [main] DEBUG net.thucydides.core.reflection.ClassFinder - Could not load class org.openxmlformats.schemas.drawingml.x2006.main.STEffectContainerType
22:26:02.468 [main] DEBUG net.thucydides.core.reflection.ClassFinder - Could not load class org.openxmlformats.schemas.drawingml.x2006.main.STPresetMaterialType
22:26:02.468 [main] DEBUG net.thucydides.core.reflection.ClassFinder - Could not load class org.openxmlformats.schemas.drawingml.x2006.wordprocessingDrawing.STAlignH
22:26:02.468 [main] DEBUG net.thucydides.core.reflection.ClassFinder - Could not load class org.openxmlformats.schemas.drawingml.x2006.wordprocessingDrawing.STAlignV
22:26:02.468 [main] DEBUG net.thucydides.core.reflection.ClassFinder - Could not load class org.openxmlformats.schemas.officeDocument.x2006.docPropsVTypes.STVectorBaseType
22:26:02.468 [main] DEBUG net.thucydides.core.reflection.ClassFinder - Could not load class org.openxmlformats.schemas.officeDocument.x2006.sharedTypes.STConformanceClass
22:26:02.468 [main] DEBUG net.thucydides.core.reflection.ClassFinder - Could not load class org.openxmlformats.schemas.presentationml.x2006.main.STDirection
22:26:02.468 [main] DEBUG net.thucydides.core.reflection.ClassFinder - Could not load class org.openxmlformats.schemas.presentationml.x2006.main.STTLTimeNodeMasterRelation
22:26:02.468 [main] DEBUG net.thucydides.core.reflection.ClassFinder - Could not load class org.openxmlformats.schemas.presentationml.x2006.main.STTLTimeNodePresetClassType
22:26:02.468 [main] DEBUG net.thucydides.core.reflection.ClassFinder - Could not load class org.openxmlformats.schemas.presentationml.x2006.main.STTLTimeNodeSyncType
22:26:02.468 [main] DEBUG net.thucydides.core.reflection.ClassFinder - Could not load class org.openxmlformats.schemas.presentationml.x2006.main.STTLTriggerEvent
22:26:02.468 [main] DEBUG net.thucydides.core.reflection.ClassFinder - Could not load class org.openxmlformats.schemas.spreadsheetml.x2006.main.STComments
22:26:02.468 [main] DEBUG net.thucydides.core.reflection.ClassFinder - Could not load class org.openxmlformats.schemas.spreadsheetml.x2006.main.STDataValidationImeMode
22:26:02.468 [main] DEBUG net.thucydides.core.reflection.ClassFinder - Could not load class org.openxmlformats.schemas.spreadsheetml.x2006.main.STFieldSortType
22:26:02.468 [main] DEBUG net.thucydides.core.reflection.ClassFinder - Could not load class org.openxmlformats.schemas.spreadsheetml.x2006.main.STOleUpdate
22:26:02.468 [main] DEBUG net.thucydides.core.reflection.ClassFinder - Could not load class org.openxmlformats.schemas.spreadsheetml.x2006.main.STPhoneticAlignment
22:26:02.468 [main] DEBUG net.thucydides.core.reflection.ClassFinder - Could not load class org.openxmlformats.schemas.spreadsheetml.x2006.main.STShowDataAs
22:26:02.468 [main] DEBUG net.thucydides.core.reflection.ClassFinder - Could not load class org.openxmlformats.schemas.spreadsheetml.x2006.main.STSortBy
22:26:02.468 [main] DEBUG net.thucydides.core.reflection.ClassFinder - Could not load class org.openxmlformats.schemas.spreadsheetml.x2006.main.STSortMethod
22:26:02.468 [main] DEBUG net.thucydides.core.reflection.ClassFinder - Could not load class org.openxmlformats.schemas.spreadsheetml.x2006.main.STTableType
22:26:02.468 [main] DEBUG net.thucydides.core.reflection.ClassFinder - Could not load class org.openxmlformats.schemas.spreadsheetml.x2006.main.STTargetScreenSize
22:26:02.468 [main] DEBUG net.thucydides.core.reflection.ClassFinder - Could not load class org.openxmlformats.schemas.spreadsheetml.x2006.main.STTotalsRowFunction
22:26:02.478 [main] DEBUG net.thucydides.core.reflection.ClassFinder - Could not load class org.openxmlformats.schemas.wordprocessingml.x2006.main.CTBookmarkRange
22:26:02.478 [main] DEBUG net.thucydides.core.reflection.ClassFinder - Could not load class org.openxmlformats.schemas.wordprocessingml.x2006.main.CTDocumentBase
22:26:02.478 [main] DEBUG net.thucydides.core.reflection.ClassFinder - Could not load class org.openxmlformats.schemas.wordprocessingml.x2006.main.CTPPrBase
22:26:02.478 [main] DEBUG net.thucydides.core.reflection.ClassFinder - Could not load class org.openxmlformats.schemas.wordprocessingml.x2006.main.CTTblGridBase
22:26:02.478 [main] DEBUG net.thucydides.core.reflection.ClassFinder - Could not load class org.openxmlformats.schemas.wordprocessingml.x2006.main.CTTblPrBase
22:26:02.478 [main] DEBUG net.thucydides.core.reflection.ClassFinder - Could not load class org.openxmlformats.schemas.wordprocessingml.x2006.main.CTTblPrExBase
22:26:02.478 [main] DEBUG net.thucydides.core.reflection.ClassFinder - Could not load class org.openxmlformats.schemas.wordprocessingml.x2006.main.CTTcPrBase
22:26:02.478 [main] DEBUG net.thucydides.core.reflection.ClassFinder - Could not load class org.openxmlformats.schemas.wordprocessingml.x2006.main.CTTcPrInner
22:26:02.479 [main] DEBUG net.thucydides.core.reflection.ClassFinder - Could not load class org.openxmlformats.schemas.wordprocessingml.x2006.main.CTTrPrBase
22:26:02.479 [main] DEBUG net.thucydides.core.reflection.ClassFinder - Could not load class org.openxmlformats.schemas.wordprocessingml.x2006.main.STChapterSep
22:26:02.479 [main] DEBUG net.thucydides.core.reflection.ClassFinder - Could not load class org.openxmlformats.schemas.wordprocessingml.x2006.main.STDropCap
22:26:02.479 [main] DEBUG net.thucydides.core.reflection.ClassFinder - Could not load class org.openxmlformats.schemas.wordprocessingml.x2006.main.STPTabAlignment
22:26:02.480 [main] DEBUG net.thucydides.core.reflection.ClassFinder - Could not load class org.openxmlformats.schemas.wordprocessingml.x2006.main.STPTabLeader
22:26:02.480 [main] DEBUG net.thucydides.core.reflection.ClassFinder - Could not load class org.openxmlformats.schemas.wordprocessingml.x2006.main.STPTabRelativeTo
22:26:02.480 [main] DEBUG net.thucydides.core.reflection.ClassFinder - Could not load class org.openxmlformats.schemas.wordprocessingml.x2006.main.STPageBorderZOrder
22:26:02.480 [main] DEBUG net.thucydides.core.reflection.ClassFinder - Could not load class org.openxmlformats.schemas.wordprocessingml.x2006.main.STZoom
22:26:02.620 [main] DEBUG net.serenitybdd.core.webdriver.driverproviders.ProvideNewDriver - Instantiating driver
22:26:02.620 [main] DEBUG net.serenitybdd.core.webdriver.driverproviders.ProvideNewDriver - Driver capabilities: Capabilities {acceptInsecureCerts: false, browserName: chrome, goog:chromeOptions: {args: [--start-maximized, --test-type, --no-sandbox, --ignore-certificate-errors, \r\n                       ..., --disable-default-apps, --disable-extensions-file-a..., \r\n                       ..., --disable-infobars,--disabl...], extensions: []}}
22:26:02.748 [AsyncHttpClient-1-8] DEBUG org.asynchttpclient.netty.channel.NettyConnectListener - Using new Channel '[id: 0x9be8a0b3, L:/127.0.0.1:61582 - R:localhost/127.0.0.1:53622]' for 'POST' to '/session'
22:26:03.678 [AsyncHttpClient-1-8] DEBUG org.asynchttpclient.netty.handler.HttpHandler - 

Request DefaultHttpRequest(decodeResult: success, version: HTTP/1.1)
POST /session HTTP/1.1
User-Agent: selenium/4.1.2 (java windows)
Content-Length: 1191
Content-Type: application/json; charset=utf-8
host: localhost:53622
accept: */*

Response DefaultHttpResponse(decodeResult: success, version: HTTP/1.1)
HTTP/1.1 200 OK
Content-Type: application/json; charset=utf-8
cache-control: no-cache
content-length: 791

22:26:03.678 [AsyncHttpClient-1-8] DEBUG org.asynchttpclient.netty.channel.ChannelManager - Adding key: http://localhost:53622 for channel [id: 0x9be8a0b3, L:/127.0.0.1:61582 - R:localhost/127.0.0.1:53622]
22:26:03.722 [AsyncHttpClient-1-9] DEBUG org.asynchttpclient.netty.channel.NettyConnectListener - Using new Channel '[id: 0x852a0670, L:/127.0.0.1:61588 - R:localhost/127.0.0.1:61583]' for 'GET' to '/json/version'
22:26:03.730 [AsyncHttpClient-1-9] DEBUG org.asynchttpclient.netty.handler.HttpHandler - 

Request DefaultFullHttpRequest(decodeResult: success, version: HTTP/1.1, content: EmptyByteBufBE)
GET /json/version HTTP/1.1
User-Agent: selenium/4.1.2 (java windows)
host: localhost:61583
accept: */*

Response DefaultHttpResponse(decodeResult: success, version: HTTP/1.1)
HTTP/1.1 200 OK
Content-Type: application/json; charset=UTF-8
content-length: 424

22:26:03.730 [AsyncHttpClient-1-9] DEBUG org.asynchttpclient.netty.channel.ChannelManager - Adding key: http://localhost:61583 for channel [id: 0x852a0670, L:/127.0.0.1:61588 - R:localhost/127.0.0.1:61583]
22:26:03.733 [AsyncHttpClient-1-2] DEBUG org.asynchttpclient.netty.channel.NettyConnectListener - Using new Channel '[id: 0x41864241, L:/127.0.0.1:61589 - R:localhost/127.0.0.1:61583]' for 'GET' to '/devtools/browser/77cc2e92-3cb2-4dd0-ba73-a4f643f20ace'
22:26:03.735 [AsyncHttpClient-1-2] DEBUG org.asynchttpclient.netty.handler.WebSocketHandler - 

Request DefaultFullHttpRequest(decodeResult: success, version: HTTP/1.1, content: EmptyByteBufBE)
GET /devtools/browser/77cc2e92-3cb2-4dd0-ba73-a4f643f20ace HTTP/1.1
upgrade: websocket
connection: upgrade
sec-websocket-key: WxPqhZbjlAW8xP2yM1d3Lg==
sec-websocket-version: 13
origin: http://localhost:61583
host: localhost:61583
accept: */*
user-agent: AHC/2.1

Response DefaultHttpResponse(decodeResult: success, version: HTTP/1.1)
HTTP/1.1 101 WebSocket Protocol Handshake
Upgrade: WebSocket
Connection: Upgrade
Sec-WebSocket-Accept: 7KeQF9rwN/8MOU3ma1I1P2MoGgw=

22:26:03.741 [Forwarding maximizeCurrentWindow on session ac9da4f46ac00c0c1da0f34f7633d808 to remote] DEBUG org.asynchttpclient.netty.request.NettyRequestSender - Using pooled Channel '[id: 0x9be8a0b3, L:/127.0.0.1:61582 - R:localhost/127.0.0.1:53622]' for 'POST' to 'http://localhost:53622/session/ac9da4f46ac00c0c1da0f34f7633d808/window/maximize'
22:26:03.741 [Forwarding maximizeCurrentWindow on session ac9da4f46ac00c0c1da0f34f7633d808 to remote] DEBUG org.asynchttpclient.netty.request.NettyRequestSender - Using open Channel [id: 0x9be8a0b3, L:/127.0.0.1:61582 - R:localhost/127.0.0.1:53622] for POST '/session/ac9da4f46ac00c0c1da0f34f7633d808/window/maximize'
22:26:03.751 [AsyncHttpClient-1-8] DEBUG org.asynchttpclient.netty.handler.HttpHandler - 

Request DefaultHttpRequest(decodeResult: success, version: HTTP/1.1)
POST /session/ac9da4f46ac00c0c1da0f34f7633d808/window/maximize HTTP/1.1
User-Agent: selenium/4.1.2 (java windows)
Content-Length: 3
Content-Type: application/json; charset=utf-8
host: localhost:53622
accept: */*

Response DefaultHttpResponse(decodeResult: success, version: HTTP/1.1)
HTTP/1.1 200 OK
Content-Type: application/json; charset=utf-8
cache-control: no-cache
content-length: 51

22:26:03.751 [AsyncHttpClient-1-8] DEBUG org.asynchttpclient.netty.channel.ChannelManager - Adding key: http://localhost:53622 for channel [id: 0x9be8a0b3, L:/127.0.0.1:61582 - R:localhost/127.0.0.1:53622]
22:26:03.783 [AsyncHttpClient-1-1] DEBUG org.asynchttpclient.netty.channel.DefaultChannelPool - Entry count for : http://localhost:61583 : 1
22:26:03.783 [AsyncHttpClient-1-1] DEBUG org.asynchttpclient.netty.channel.DefaultChannelPool - Entry count for : http://localhost:53622 : 1
22:26:04.881 [AsyncHttpClient-1-1] DEBUG org.asynchttpclient.netty.channel.DefaultChannelPool - Entry count for : http://localhost:61583 : 1
22:26:04.881 [AsyncHttpClient-1-1] DEBUG org.asynchttpclient.netty.channel.DefaultChannelPool - Entry count for : http://localhost:53622 : 1
22:26:05.061 [main] DEBUG net.thucydides.core.reflection.ClassFinder - Could not load class .pages.CampaignPage
22:26:05.061 [main] DEBUG net.thucydides.core.reflection.ClassFinder - Could not load class .pages.N11CampaignsMainPage
22:26:05.061 [main] DEBUG net.thucydides.core.reflection.ClassFinder - Could not load class .questions.CheckDriver
22:26:05.061 [main] DEBUG net.thucydides.core.reflection.ClassFinder - Could not load class .runners.CucumberRunner
22:26:05.061 [main] DEBUG net.thucydides.core.reflection.ClassFinder - Could not load class .stepdefinitions.CampaignsStepDefinitions
22:26:05.061 [main] DEBUG net.thucydides.core.reflection.ClassFinder - Could not load class .tasks.CheckNumOfCampaigns
22:26:05.061 [main] DEBUG net.thucydides.core.reflection.ClassFinder - Could not load class .tasks.ClickCategory
22:26:05.061 [main] DEBUG net.thucydides.core.reflection.ClassFinder - Could not load class .tasks.NavigateTo
22:26:05.061 [main] DEBUG net.thucydides.core.reflection.ClassFinder - Could not load class .tasks.WriteURLsExcel
22:26:05.061 [main] DEBUG net.thucydides.core.reflection.ClassFinder - Could not load class META-INF.versions.9.com.sun.istack.logging.StackHelper
22:26:05.061 [main] DEBUG net.thucydides.core.reflection.ClassFinder - Could not load class META-INF.versions.9.com.sun.xml.bind.v2.runtime.reflect.opt.AccessorInjector
22:26:05.061 [main] DEBUG net.thucydides.core.reflection.ClassFinder - Could not load class META-INF.versions.9.com.sun.xml.bind.v2.runtime.reflect.opt.Injector
22:26:05.061 [main] DEBUG net.thucydides.core.reflection.ClassFinder - Could not load class META-INF.versions.9.com.sun.xml.bind.v2.runtime.reflect.opt.OptimizedAccessorFactory
22:26:05.061 [main] DEBUG net.thucydides.core.reflection.ClassFinder - Could not load class META-INF.versions.9.com.sun.xml.bind.v2.runtime.reflect.opt.OptimizedTransducedAccessorFactory
22:26:05.061 [main] DEBUG net.thucydides.core.reflection.ClassFinder - Could not load class META-INF.versions.9.io.opentelemetry.sdk.internal.CurrentJavaVersionSpecific
22:26:05.061 [main] DEBUG net.thucydides.core.reflection.ClassFinder - Could not load class META-INF.versions.9.io.opentelemetry.sdk.internal.Java9VersionSpecific
22:26:05.061 [main] DEBUG net.thucydides.core.reflection.ClassFinder - Could not load class META-INF.versions.9.javax.xml.bind.ModuleUtil
22:26:05.061 [main] DEBUG net.thucydides.core.reflection.ClassFinder - Could not load class META-INF.versions.9.module-info
22:26:05.061 [main] DEBUG net.thucydides.core.reflection.ClassFinder - Could not load class META-INF.versions.9.org.apache.logging.log4j.util.Base64Util
22:26:05.071 [main] DEBUG net.thucydides.core.reflection.ClassFinder - Could not load class META-INF.versions.9.org.apache.logging.log4j.util.ProcessIdUtil
22:26:05.071 [main] DEBUG net.thucydides.core.reflection.ClassFinder - Could not load class META-INF.versions.9.org.apache.logging.log4j.util.StackLocator
22:26:05.071 [main] DEBUG net.thucydides.core.reflection.ClassFinder - Could not load class META-INF.versions.9.org.apache.logging.log4j.util.internal.DefaultObjectInputFilter
22:26:05.071 [main] DEBUG net.thucydides.core.reflection.ClassFinder - Could not load class META-INF.versions.9.org.apache.xmlbeans.impl.tool.MavenPluginResolver
22:26:05.071 [main] DEBUG net.thucydides.core.reflection.ClassFinder - Could not load class META-INF.versions.9.org.junit.platform.commons.util.ModuleUtils
22:26:05.071 [main] DEBUG net.thucydides.core.reflection.ClassFinder - Could not load class com.microsoft.schemas.office.office.STOLEUpdateMode
22:26:05.071 [main] DEBUG net.thucydides.core.reflection.ClassFinder - Could not load class com.microsoft.schemas.office.office.STScreenSize
22:26:05.071 [main] DEBUG net.thucydides.core.reflection.ClassFinder - Could not load class com.microsoft.schemas.office.visio.x2012.main.SheetType
22:26:05.071 [main] DEBUG net.thucydides.core.reflection.ClassFinder - Could not load class com.microsoft.schemas.office.word.STHorizontalAnchor
22:26:05.071 [main] DEBUG net.thucydides.core.reflection.ClassFinder - Could not load class com.microsoft.schemas.office.word.STVerticalAnchor
22:26:05.071 [main] DEBUG net.thucydides.core.reflection.ClassFinder - Could not load class com.microsoft.schemas.office.word.STWrapSide
22:26:05.071 [main] DEBUG net.thucydides.core.reflection.ClassFinder - Could not load class com.microsoft.schemas.vml.STImageAspect
22:26:05.071 [main] DEBUG net.thucydides.core.reflection.ClassFinder - Could not load class com.microsoft.schemas.vml.STStrokeArrowLength
22:26:05.071 [main] DEBUG net.thucydides.core.reflection.ClassFinder - Could not load class com.microsoft.schemas.vml.STStrokeArrowWidth
22:26:05.071 [main] DEBUG net.thucydides.core.reflection.ClassFinder - Could not load class com.microsoft.schemas.vml.STStrokeEndCap
22:26:05.071 [main] DEBUG net.thucydides.core.reflection.ClassFinder - Could not load class com.microsoft.schemas.vml.STStrokeLineStyle
22:26:05.081 [main] DEBUG net.thucydides.core.reflection.ClassFinder - Could not load class com.sun.xml.bind.v2.runtime.output.FastInfosetStreamWriterOutput
22:26:05.081 [main] DEBUG net.thucydides.core.reflection.ClassFinder - Could not load class module-info
22:26:05.081 [main] DEBUG net.thucydides.core.reflection.ClassFinder - Could not load class org.apache.logging.log4j.util.Activator
22:26:05.101 [main] DEBUG net.thucydides.core.reflection.ClassFinder - Could not load class org.apache.poi.xslf.draw.SVGImageRenderer
22:26:05.101 [main] DEBUG net.thucydides.core.reflection.ClassFinder - Could not load class org.apache.poi.xslf.draw.SVGPOIGraphics2D
22:26:05.101 [main] DEBUG net.thucydides.core.reflection.ClassFinder - Could not load class org.apache.poi.xslf.draw.SVGRenderExtension
22:26:05.101 [main] DEBUG net.thucydides.core.reflection.ClassFinder - Could not load class org.apache.poi.xslf.draw.SVGUserAgent
22:26:05.101 [main] DEBUG net.thucydides.core.reflection.ClassFinder - Could not load class org.apache.poi.xslf.util.SVGFormat
22:26:05.111 [main] DEBUG net.thucydides.core.reflection.ClassFinder - Could not load class org.apache.xmlbeans.impl.schema.TypeSystemHolder
22:26:05.111 [main] DEBUG net.thucydides.core.reflection.ClassFinder - Could not load class org.apache.xmlbeans.impl.tool.MavenPlugin
22:26:05.111 [main] DEBUG net.thucydides.core.reflection.ClassFinder - Could not load class org.apache.xmlbeans.impl.tool.MavenPluginHelp
22:26:05.111 [main] DEBUG net.thucydides.core.reflection.ClassFinder - Could not load class org.apache.xmlbeans.impl.tool.XMLBean
22:26:05.111 [main] DEBUG net.thucydides.core.reflection.ClassFinder - Could not load class org.apache.xmlbeans.impl.xpath.saxon.SaxonXPath
22:26:05.111 [main] DEBUG net.thucydides.core.reflection.ClassFinder - Could not load class org.apache.xmlbeans.impl.xpath.saxon.SaxonXQuery
22:26:05.131 [main] DEBUG net.thucydides.core.reflection.ClassFinder - Could not load class org.etsi.uri.x01903.v13.GenericTimeStampType
22:26:05.131 [main] DEBUG net.thucydides.core.reflection.ClassFinder - Could not load class org.etsi.uri.x01903.v13.QualifierType
22:26:05.141 [main] DEBUG net.thucydides.core.reflection.ClassFinder - Could not load class org.openxmlformats.schemas.drawingml.x2006.chart.CTSerAx
22:26:05.141 [main] DEBUG net.thucydides.core.reflection.ClassFinder - Could not load class org.openxmlformats.schemas.drawingml.x2006.chart.STDepthPercentUShort
22:26:05.141 [main] DEBUG net.thucydides.core.reflection.ClassFinder - Could not load class org.openxmlformats.schemas.drawingml.x2006.chart.STDepthPercentWithSymbol
22:26:05.141 [main] DEBUG net.thucydides.core.reflection.ClassFinder - Could not load class org.openxmlformats.schemas.drawingml.x2006.chart.STHPercentUShort
22:26:05.141 [main] DEBUG net.thucydides.core.reflection.ClassFinder - Could not load class org.openxmlformats.schemas.drawingml.x2006.chart.STHPercentWithSymbol
22:26:05.141 [main] DEBUG net.thucydides.core.reflection.ClassFinder - Could not load class org.openxmlformats.schemas.drawingml.x2006.chart.STHoleSizePercent
22:26:05.141 [main] DEBUG net.thucydides.core.reflection.ClassFinder - Could not load class org.openxmlformats.schemas.drawingml.x2006.chart.STHoleSizeUByte
22:26:05.141 [main] DEBUG net.thucydides.core.reflection.ClassFinder - Could not load class org.openxmlformats.schemas.drawingml.x2006.chart.STOverlapByte
22:26:05.141 [main] DEBUG net.thucydides.core.reflection.ClassFinder - Could not load class org.openxmlformats.schemas.drawingml.x2006.chart.STOverlapPercent
22:26:05.141 [main] DEBUG net.thucydides.core.reflection.ClassFinder - Could not load class org.openxmlformats.schemas.drawingml.x2006.chart.STPageSetupOrientation
22:26:05.141 [main] DEBUG net.thucydides.core.reflection.ClassFinder - Could not load class org.openxmlformats.schemas.drawingml.x2006.main.CTGroupFillProperties
22:26:05.141 [main] DEBUG net.thucydides.core.reflection.ClassFinder - Could not load class org.openxmlformats.schemas.drawingml.x2006.main.CTPath2DQuadBezierTo
22:26:05.141 [main] DEBUG net.thucydides.core.reflection.ClassFinder - Could not load class org.openxmlformats.schemas.drawingml.x2006.main.STEffectContainerType
22:26:05.141 [main] DEBUG net.thucydides.core.reflection.ClassFinder - Could not load class org.openxmlformats.schemas.drawingml.x2006.main.STPresetMaterialType
22:26:05.141 [main] DEBUG net.thucydides.core.reflection.ClassFinder - Could not load class org.openxmlformats.schemas.drawingml.x2006.wordprocessingDrawing.STAlignH
22:26:05.141 [main] DEBUG net.thucydides.core.reflection.ClassFinder - Could not load class org.openxmlformats.schemas.drawingml.x2006.wordprocessingDrawing.STAlignV
22:26:05.141 [main] DEBUG net.thucydides.core.reflection.ClassFinder - Could not load class org.openxmlformats.schemas.officeDocument.x2006.docPropsVTypes.STVectorBaseType
22:26:05.141 [main] DEBUG net.thucydides.core.reflection.ClassFinder - Could not load class org.openxmlformats.schemas.officeDocument.x2006.sharedTypes.STConformanceClass
22:26:05.141 [main] DEBUG net.thucydides.core.reflection.ClassFinder - Could not load class org.openxmlformats.schemas.presentationml.x2006.main.STDirection
22:26:05.141 [main] DEBUG net.thucydides.core.reflection.ClassFinder - Could not load class org.openxmlformats.schemas.presentationml.x2006.main.STTLTimeNodeMasterRelation
22:26:05.141 [main] DEBUG net.thucydides.core.reflection.ClassFinder - Could not load class org.openxmlformats.schemas.presentationml.x2006.main.STTLTimeNodePresetClassType
22:26:05.141 [main] DEBUG net.thucydides.core.reflection.ClassFinder - Could not load class org.openxmlformats.schemas.presentationml.x2006.main.STTLTimeNodeSyncType
22:26:05.141 [main] DEBUG net.thucydides.core.reflection.ClassFinder - Could not load class org.openxmlformats.schemas.presentationml.x2006.main.STTLTriggerEvent
22:26:05.141 [main] DEBUG net.thucydides.core.reflection.ClassFinder - Could not load class org.openxmlformats.schemas.spreadsheetml.x2006.main.STComments
22:26:05.141 [main] DEBUG net.thucydides.core.reflection.ClassFinder - Could not load class org.openxmlformats.schemas.spreadsheetml.x2006.main.STDataValidationImeMode
22:26:05.141 [main] DEBUG net.thucydides.core.reflection.ClassFinder - Could not load class org.openxmlformats.schemas.spreadsheetml.x2006.main.STFieldSortType
22:26:05.141 [main] DEBUG net.thucydides.core.reflection.ClassFinder - Could not load class org.openxmlformats.schemas.spreadsheetml.x2006.main.STOleUpdate
22:26:05.141 [main] DEBUG net.thucydides.core.reflection.ClassFinder - Could not load class org.openxmlformats.schemas.spreadsheetml.x2006.main.STPhoneticAlignment
22:26:05.141 [main] DEBUG net.thucydides.core.reflection.ClassFinder - Could not load class org.openxmlformats.schemas.spreadsheetml.x2006.main.STShowDataAs
22:26:05.141 [main] DEBUG net.thucydides.core.reflection.ClassFinder - Could not load class org.openxmlformats.schemas.spreadsheetml.x2006.main.STSortBy
22:26:05.151 [main] DEBUG net.thucydides.core.reflection.ClassFinder - Could not load class org.openxmlformats.schemas.spreadsheetml.x2006.main.STSortMethod
22:26:05.151 [main] DEBUG net.thucydides.core.reflection.ClassFinder - Could not load class org.openxmlformats.schemas.spreadsheetml.x2006.main.STTableType
22:26:05.151 [main] DEBUG net.thucydides.core.reflection.ClassFinder - Could not load class org.openxmlformats.schemas.spreadsheetml.x2006.main.STTargetScreenSize
22:26:05.151 [main] DEBUG net.thucydides.core.reflection.ClassFinder - Could not load class org.openxmlformats.schemas.spreadsheetml.x2006.main.STTotalsRowFunction
22:26:05.151 [main] DEBUG net.thucydides.core.reflection.ClassFinder - Could not load class org.openxmlformats.schemas.wordprocessingml.x2006.main.CTBookmarkRange
22:26:05.151 [main] DEBUG net.thucydides.core.reflection.ClassFinder - Could not load class org.openxmlformats.schemas.wordprocessingml.x2006.main.CTDocumentBase
22:26:05.151 [main] DEBUG net.thucydides.core.reflection.ClassFinder - Could not load class org.openxmlformats.schemas.wordprocessingml.x2006.main.CTPPrBase
22:26:05.151 [main] DEBUG net.thucydides.core.reflection.ClassFinder - Could not load class org.openxmlformats.schemas.wordprocessingml.x2006.main.CTTblGridBase
22:26:05.151 [main] DEBUG net.thucydides.core.reflection.ClassFinder - Could not load class org.openxmlformats.schemas.wordprocessingml.x2006.main.CTTblPrBase
22:26:05.151 [main] DEBUG net.thucydides.core.reflection.ClassFinder - Could not load class org.openxmlformats.schemas.wordprocessingml.x2006.main.CTTblPrExBase
22:26:05.151 [main] DEBUG net.thucydides.core.reflection.ClassFinder - Could not load class org.openxmlformats.schemas.wordprocessingml.x2006.main.CTTcPrBase
22:26:05.151 [main] DEBUG net.thucydides.core.reflection.ClassFinder - Could not load class org.openxmlformats.schemas.wordprocessingml.x2006.main.CTTcPrInner
22:26:05.151 [main] DEBUG net.thucydides.core.reflection.ClassFinder - Could not load class org.openxmlformats.schemas.wordprocessingml.x2006.main.CTTrPrBase
22:26:05.151 [main] DEBUG net.thucydides.core.reflection.ClassFinder - Could not load class org.openxmlformats.schemas.wordprocessingml.x2006.main.STChapterSep
22:26:05.151 [main] DEBUG net.thucydides.core.reflection.ClassFinder - Could not load class org.openxmlformats.schemas.wordprocessingml.x2006.main.STDropCap
22:26:05.151 [main] DEBUG net.thucydides.core.reflection.ClassFinder - Could not load class org.openxmlformats.schemas.wordprocessingml.x2006.main.STPTabAlignment
22:26:05.151 [main] DEBUG net.thucydides.core.reflection.ClassFinder - Could not load class org.openxmlformats.schemas.wordprocessingml.x2006.main.STPTabLeader
22:26:05.151 [main] DEBUG net.thucydides.core.reflection.ClassFinder - Could not load class org.openxmlformats.schemas.wordprocessingml.x2006.main.STPTabRelativeTo
22:26:05.151 [main] DEBUG net.thucydides.core.reflection.ClassFinder - Could not load class org.openxmlformats.schemas.wordprocessingml.x2006.main.STPageBorderZOrder
22:26:05.151 [main] DEBUG net.thucydides.core.reflection.ClassFinder - Could not load class org.openxmlformats.schemas.wordprocessingml.x2006.main.STZoom
22:26:05.151 [Forwarding get on session ac9da4f46ac00c0c1da0f34f7633d808 to remote] DEBUG org.asynchttpclient.netty.request.NettyRequestSender - Using pooled Channel '[id: 0x9be8a0b3, L:/127.0.0.1:61582 - R:localhost/127.0.0.1:53622]' for 'POST' to 'http://localhost:53622/session/ac9da4f46ac00c0c1da0f34f7633d808/url'
22:26:05.151 [Forwarding get on session ac9da4f46ac00c0c1da0f34f7633d808 to remote] DEBUG org.asynchttpclient.netty.request.NettyRequestSender - Using open Channel [id: 0x9be8a0b3, L:/127.0.0.1:61582 - R:localhost/127.0.0.1:53622] for POST '/session/ac9da4f46ac00c0c1da0f34f7633d808/url'
22:26:05.980 [AsyncHttpClient-1-1] DEBUG org.asynchttpclient.netty.channel.DefaultChannelPool - Entry count for : http://localhost:61583 : 1
22:26:07.101 [AsyncHttpClient-1-1] DEBUG org.asynchttpclient.netty.channel.DefaultChannelPool - Entry count for : http://localhost:61583 : 1
22:26:08.181 [AsyncHttpClient-1-1] DEBUG org.asynchttpclient.netty.channel.DefaultChannelPool - Entry count for : http://localhost:61583 : 1
22:26:08.352 [AsyncHttpClient-1-8] DEBUG org.asynchttpclient.netty.handler.HttpHandler - 

Request DefaultHttpRequest(decodeResult: success, version: HTTP/1.1)
POST /session/ac9da4f46ac00c0c1da0f34f7633d808/url HTTP/1.1
User-Agent: selenium/4.1.2 (java windows)
Content-Length: 61
Content-Type: application/json; charset=utf-8
host: localhost:53622
accept: */*

Response DefaultHttpResponse(decodeResult: success, version: HTTP/1.1)
HTTP/1.1 200 OK
Content-Type: application/json; charset=utf-8
cache-control: no-cache
content-length: 14

22:26:08.352 [AsyncHttpClient-1-8] DEBUG org.asynchttpclient.netty.channel.ChannelManager - Adding key: http://localhost:53622 for channel [id: 0x9be8a0b3, L:/127.0.0.1:61582 - R:localhost/127.0.0.1:53622]
22:26:08.354 [Forwarding setTimeout on session ac9da4f46ac00c0c1da0f34f7633d808 to remote] DEBUG org.asynchttpclient.netty.request.NettyRequestSender - Using pooled Channel '[id: 0x9be8a0b3, L:/127.0.0.1:61582 - R:localhost/127.0.0.1:53622]' for 'POST' to 'http://localhost:53622/session/ac9da4f46ac00c0c1da0f34f7633d808/timeouts'
22:26:08.354 [Forwarding setTimeout on session ac9da4f46ac00c0c1da0f34f7633d808 to remote] DEBUG org.asynchttpclient.netty.request.NettyRequestSender - Using open Channel [id: 0x9be8a0b3, L:/127.0.0.1:61582 - R:localhost/127.0.0.1:53622] for POST '/session/ac9da4f46ac00c0c1da0f34f7633d808/timeouts'
22:26:08.355 [AsyncHttpClient-1-8] DEBUG org.asynchttpclient.netty.handler.HttpHandler - 

Request DefaultHttpRequest(decodeResult: success, version: HTTP/1.1)
POST /session/ac9da4f46ac00c0c1da0f34f7633d808/timeouts HTTP/1.1
User-Agent: selenium/4.1.2 (java windows)
Content-Length: 22
Content-Type: application/json; charset=utf-8
host: localhost:53622
accept: */*

Response DefaultHttpResponse(decodeResult: success, version: HTTP/1.1)
HTTP/1.1 200 OK
Content-Type: application/json; charset=utf-8
cache-control: no-cache
content-length: 14

22:26:08.355 [AsyncHttpClient-1-8] DEBUG org.asynchttpclient.netty.channel.ChannelManager - Adding key: http://localhost:53622 for channel [id: 0x9be8a0b3, L:/127.0.0.1:61582 - R:localhost/127.0.0.1:53622]
22:26:08.358 [Forwarding getCurrentUrl on session ac9da4f46ac00c0c1da0f34f7633d808 to remote] DEBUG org.asynchttpclient.netty.request.NettyRequestSender - Using pooled Channel '[id: 0x9be8a0b3, L:/127.0.0.1:61582 - R:localhost/127.0.0.1:53622]' for 'GET' to 'http://localhost:53622/session/ac9da4f46ac00c0c1da0f34f7633d808/url'
22:26:08.358 [Forwarding getCurrentUrl on session ac9da4f46ac00c0c1da0f34f7633d808 to remote] DEBUG org.asynchttpclient.netty.request.NettyRequestSender - Using open Channel [id: 0x9be8a0b3, L:/127.0.0.1:61582 - R:localhost/127.0.0.1:53622] for GET '/session/ac9da4f46ac00c0c1da0f34f7633d808/url'
22:26:08.365 [AsyncHttpClient-1-8] DEBUG org.asynchttpclient.netty.handler.HttpHandler - 

Request DefaultFullHttpRequest(decodeResult: success, version: HTTP/1.1, content: EmptyByteBufBE)
GET /session/ac9da4f46ac00c0c1da0f34f7633d808/url HTTP/1.1
User-Agent: selenium/4.1.2 (java windows)
Cache-Control: no-cache
Content-Type: application/json; charset=utf-8
host: localhost:53622
accept: */*

Response DefaultHttpResponse(decodeResult: success, version: HTTP/1.1)
HTTP/1.1 200 OK
Content-Type: application/json; charset=utf-8
cache-control: no-cache
content-length: 43

22:26:08.366 [AsyncHttpClient-1-8] DEBUG org.asynchttpclient.netty.channel.ChannelManager - Adding key: http://localhost:53622 for channel [id: 0x9be8a0b3, L:/127.0.0.1:61582 - R:localhost/127.0.0.1:53622]
22:26:08.368 [Forwarding getCurrentUrl on session ac9da4f46ac00c0c1da0f34f7633d808 to remote] DEBUG org.asynchttpclient.netty.request.NettyRequestSender - Using pooled Channel '[id: 0x9be8a0b3, L:/127.0.0.1:61582 - R:localhost/127.0.0.1:53622]' for 'GET' to 'http://localhost:53622/session/ac9da4f46ac00c0c1da0f34f7633d808/url'
22:26:08.368 [Forwarding getCurrentUrl on session ac9da4f46ac00c0c1da0f34f7633d808 to remote] DEBUG org.asynchttpclient.netty.request.NettyRequestSender - Using open Channel [id: 0x9be8a0b3, L:/127.0.0.1:61582 - R:localhost/127.0.0.1:53622] for GET '/session/ac9da4f46ac00c0c1da0f34f7633d808/url'
22:26:08.372 [AsyncHttpClient-1-8] DEBUG org.asynchttpclient.netty.handler.HttpHandler - 

Request DefaultFullHttpRequest(decodeResult: success, version: HTTP/1.1, content: EmptyByteBufBE)
GET /session/ac9da4f46ac00c0c1da0f34f7633d808/url HTTP/1.1
User-Agent: selenium/4.1.2 (java windows)
Cache-Control: no-cache
Content-Type: application/json; charset=utf-8
host: localhost:53622
accept: */*

Response DefaultHttpResponse(decodeResult: success, version: HTTP/1.1)
HTTP/1.1 200 OK
Content-Type: application/json; charset=utf-8
cache-control: no-cache
content-length: 43

22:26:08.373 [AsyncHttpClient-1-8] DEBUG org.asynchttpclient.netty.channel.ChannelManager - Adding key: http://localhost:53622 for channel [id: 0x9be8a0b3, L:/127.0.0.1:61582 - R:localhost/127.0.0.1:53622]
22:26:08.384 [Forwarding screenshot on session ac9da4f46ac00c0c1da0f34f7633d808 to remote] DEBUG org.asynchttpclient.netty.request.NettyRequestSender - Using pooled Channel '[id: 0x9be8a0b3, L:/127.0.0.1:61582 - R:localhost/127.0.0.1:53622]' for 'GET' to 'http://localhost:53622/session/ac9da4f46ac00c0c1da0f34f7633d808/screenshot'
22:26:08.384 [Forwarding screenshot on session ac9da4f46ac00c0c1da0f34f7633d808 to remote] DEBUG org.asynchttpclient.netty.request.NettyRequestSender - Using open Channel [id: 0x9be8a0b3, L:/127.0.0.1:61582 - R:localhost/127.0.0.1:53622] for GET '/session/ac9da4f46ac00c0c1da0f34f7633d808/screenshot'
22:26:08.713 [AsyncHttpClient-1-8] DEBUG org.asynchttpclient.netty.handler.HttpHandler - 

Request DefaultFullHttpRequest(decodeResult: success, version: HTTP/1.1, content: EmptyByteBufBE)
GET /session/ac9da4f46ac00c0c1da0f34f7633d808/screenshot HTTP/1.1
User-Agent: selenium/4.1.2 (java windows)
Cache-Control: no-cache
Content-Type: application/json; charset=utf-8
host: localhost:53622
accept: */*

Response DefaultHttpResponse(decodeResult: success, version: HTTP/1.1)
HTTP/1.1 200 OK
Content-Type: application/json; charset=utf-8
cache-control: no-cache
content-length: 716148

22:26:08.713 [AsyncHttpClient-1-8] DEBUG org.asynchttpclient.netty.channel.ChannelManager - Adding key: http://localhost:53622 for channel [id: 0x9be8a0b3, L:/127.0.0.1:61582 - R:localhost/127.0.0.1:53622]
22:26:08.742 [main] DEBUG net.serenitybdd.core.photography.Darkroom - Send negative for processing for target\site\serenity\0b663212aae285cd7e928c04715213693ec5aec7e300b9c9e8ddf126ebdfce52.png
22:26:08.742 [main] DEBUG net.thucydides.core.steps.StepInterceptor - STEP DONE: {0} opens the #targetPageName
22:26:08.742 [main] DEBUG net.thucydides.core.steps.StepInterceptor - STEP DONE: !#title
  &amp#27;[32mGiven &amp#27;[0m&amp#27;[32muser opens the page&amp#27;[0m                                                 &amp#27;[90m# stepdefinitions.CampaignsStepDefinitions.userOpensThePage()&amp#27;[0m
22:26:08.762 [main] DEBUG net.thucydides.core.steps.StepInterceptor - STARTING STEP: CampaignsStepDefinitions.userClicksOnACategory - {0} clicks on #target
22:26:08.762 [main] DEBUG net.serenitybdd.screenplay.targets.IFrameSwitcher - default content already selected for Location pop-up close
22:26:08.762 [Forwarding findElement on session ac9da4f46ac00c0c1da0f34f7633d808 to remote] DEBUG org.asynchttpclient.netty.request.NettyRequestSender - Using pooled Channel '[id: 0x9be8a0b3, L:/127.0.0.1:61582 - R:localhost/127.0.0.1:53622]' for 'POST' to 'http://localhost:53622/session/ac9da4f46ac00c0c1da0f34f7633d808/element'
22:26:08.762 [Forwarding findElement on session ac9da4f46ac00c0c1da0f34f7633d808 to remote] DEBUG org.asynchttpclient.netty.request.NettyRequestSender - Using open Channel [id: 0x9be8a0b3, L:/127.0.0.1:61582 - R:localhost/127.0.0.1:53622] for POST '/session/ac9da4f46ac00c0c1da0f34f7633d808/element'
22:26:08.782 [AsyncHttpClient-1-8] DEBUG org.asynchttpclient.netty.handler.HttpHandler - 

Request DefaultHttpRequest(decodeResult: success, version: HTTP/1.1)
POST /session/ac9da4f46ac00c0c1da0f34f7633d808/element HTTP/1.1
User-Agent: selenium/4.1.2 (java windows)
Content-Length: 66
Content-Type: application/json; charset=utf-8
host: localhost:53622
accept: */*

Response DefaultHttpResponse(decodeResult: success, version: HTTP/1.1)
HTTP/1.1 200 OK
Content-Type: application/json; charset=utf-8
cache-control: no-cache
content-length: 88

22:26:08.782 [AsyncHttpClient-1-8] DEBUG org.asynchttpclient.netty.channel.ChannelManager - Adding key: http://localhost:53622 for channel [id: 0x9be8a0b3, L:/127.0.0.1:61582 - R:localhost/127.0.0.1:53622]
22:26:08.782 [Forwarding isElementDisplayed on session ac9da4f46ac00c0c1da0f34f7633d808 to remote] DEBUG org.asynchttpclient.netty.request.NettyRequestSender - Using pooled Channel '[id: 0x9be8a0b3, L:/127.0.0.1:61582 - R:localhost/127.0.0.1:53622]' for 'POST' to 'http://localhost:53622/session/ac9da4f46ac00c0c1da0f34f7633d808/execute/sync'
22:26:08.782 [Forwarding isElementDisplayed on session ac9da4f46ac00c0c1da0f34f7633d808 to remote] DEBUG org.asynchttpclient.netty.request.NettyRequestSender - Using open Channel [id: 0x9be8a0b3, L:/127.0.0.1:61582 - R:localhost/127.0.0.1:53622] for POST '/session/ac9da4f46ac00c0c1da0f34f7633d808/execute/sync'
22:26:08.802 [AsyncHttpClient-1-8] DEBUG org.asynchttpclient.netty.handler.HttpHandler - 

Request DefaultHttpRequest(decodeResult: success, version: HTTP/1.1)
POST /session/ac9da4f46ac00c0c1da0f34f7633d808/execute/sync HTTP/1.1
User-Agent: selenium/4.1.2 (java windows)
Content-Length: 48780
Content-Type: application/json; charset=utf-8
host: localhost:53622
accept: */*

Response DefaultHttpResponse(decodeResult: success, version: HTTP/1.1)
HTTP/1.1 200 OK
Content-Type: application/json; charset=utf-8
cache-control: no-cache
content-length: 14

22:26:08.802 [AsyncHttpClient-1-8] DEBUG org.asynchttpclient.netty.channel.ChannelManager - Adding key: http://localhost:53622 for channel [id: 0x9be8a0b3, L:/127.0.0.1:61582 - R:localhost/127.0.0.1:53622]
22:26:08.809 [Forwarding findElement on session ac9da4f46ac00c0c1da0f34f7633d808 to remote] DEBUG org.asynchttpclient.netty.request.NettyRequestSender - Using pooled Channel '[id: 0x9be8a0b3, L:/127.0.0.1:61582 - R:localhost/127.0.0.1:53622]' for 'POST' to 'http://localhost:53622/session/ac9da4f46ac00c0c1da0f34f7633d808/element'
22:26:08.809 [Forwarding findElement on session ac9da4f46ac00c0c1da0f34f7633d808 to remote] DEBUG org.asynchttpclient.netty.request.NettyRequestSender - Using open Channel [id: 0x9be8a0b3, L:/127.0.0.1:61582 - R:localhost/127.0.0.1:53622] for POST '/session/ac9da4f46ac00c0c1da0f34f7633d808/element'
22:26:08.818 [AsyncHttpClient-1-8] DEBUG org.asynchttpclient.netty.handler.HttpHandler - 

Request DefaultHttpRequest(decodeResult: success, version: HTTP/1.1)
POST /session/ac9da4f46ac00c0c1da0f34f7633d808/element HTTP/1.1
User-Agent: selenium/4.1.2 (java windows)
Content-Length: 66
Content-Type: application/json; charset=utf-8
host: localhost:53622
accept: */*

Response DefaultHttpResponse(decodeResult: success, version: HTTP/1.1)
HTTP/1.1 200 OK
Content-Type: application/json; charset=utf-8
cache-control: no-cache
content-length: 88

22:26:08.818 [AsyncHttpClient-1-8] DEBUG org.asynchttpclient.netty.channel.ChannelManager - Adding key: http://localhost:53622 for channel [id: 0x9be8a0b3, L:/127.0.0.1:61582 - R:localhost/127.0.0.1:53622]
22:26:08.819 [Forwarding clickElement on session ac9da4f46ac00c0c1da0f34f7633d808 to remote] DEBUG org.asynchttpclient.netty.request.NettyRequestSender - Using pooled Channel '[id: 0x9be8a0b3, L:/127.0.0.1:61582 - R:localhost/127.0.0.1:53622]' for 'POST' to 'http://localhost:53622/session/ac9da4f46ac00c0c1da0f34f7633d808/element/ca333dea-f5af-41fd-a3a1-735714555738/click'
22:26:08.819 [Forwarding clickElement on session ac9da4f46ac00c0c1da0f34f7633d808 to remote] DEBUG org.asynchttpclient.netty.request.NettyRequestSender - Using open Channel [id: 0x9be8a0b3, L:/127.0.0.1:61582 - R:localhost/127.0.0.1:53622] for POST '/session/ac9da4f46ac00c0c1da0f34f7633d808/element/ca333dea-f5af-41fd-a3a1-735714555738/click'
22:26:09.040 [AsyncHttpClient-1-8] DEBUG org.asynchttpclient.netty.handler.HttpHandler - 

Request DefaultHttpRequest(decodeResult: success, version: HTTP/1.1)
POST /session/ac9da4f46ac00c0c1da0f34f7633d808/element/ca333dea-f5af-41fd-a3a1-735714555738/click HTTP/1.1
User-Agent: selenium/4.1.2 (java windows)
Content-Length: 50
Content-Type: application/json; charset=utf-8
host: localhost:53622
accept: */*

Response DefaultHttpResponse(decodeResult: success, version: HTTP/1.1)
HTTP/1.1 200 OK
Content-Type: application/json; charset=utf-8
cache-control: no-cache
content-length: 14

22:26:09.040 [AsyncHttpClient-1-8] DEBUG org.asynchttpclient.netty.channel.ChannelManager - Adding key: http://localhost:53622 for channel [id: 0x9be8a0b3, L:/127.0.0.1:61582 - R:localhost/127.0.0.1:53622]
22:26:09.051 [Forwarding screenshot on session ac9da4f46ac00c0c1da0f34f7633d808 to remote] DEBUG org.asynchttpclient.netty.request.NettyRequestSender - Using pooled Channel '[id: 0x9be8a0b3, L:/127.0.0.1:61582 - R:localhost/127.0.0.1:53622]' for 'GET' to 'http://localhost:53622/session/ac9da4f46ac00c0c1da0f34f7633d808/screenshot'
22:26:09.051 [Forwarding screenshot on session ac9da4f46ac00c0c1da0f34f7633d808 to remote] DEBUG org.asynchttpclient.netty.request.NettyRequestSender - Using open Channel [id: 0x9be8a0b3, L:/127.0.0.1:61582 - R:localhost/127.0.0.1:53622] for GET '/session/ac9da4f46ac00c0c1da0f34f7633d808/screenshot'
22:26:09.284 [AsyncHttpClient-1-1] DEBUG org.asynchttpclient.netty.channel.DefaultChannelPool - Entry count for : http://localhost:61583 : 1
22:26:09.466 [AsyncHttpClient-1-8] DEBUG org.asynchttpclient.netty.handler.HttpHandler - 

Request DefaultFullHttpRequest(decodeResult: success, version: HTTP/1.1, content: EmptyByteBufBE)
GET /session/ac9da4f46ac00c0c1da0f34f7633d808/screenshot HTTP/1.1
User-Agent: selenium/4.1.2 (java windows)
Cache-Control: no-cache
Content-Type: application/json; charset=utf-8
host: localhost:53622
accept: */*

Response DefaultHttpResponse(decodeResult: success, version: HTTP/1.1)
HTTP/1.1 200 OK
Content-Type: application/json; charset=utf-8
cache-control: no-cache
content-length: 716132

22:26:09.468 [AsyncHttpClient-1-8] DEBUG org.asynchttpclient.netty.channel.ChannelManager - Adding key: http://localhost:53622 for channel [id: 0x9be8a0b3, L:/127.0.0.1:61582 - R:localhost/127.0.0.1:53622]
22:26:09.488 [main] DEBUG net.serenitybdd.core.photography.Darkroom - Send negative for processing for target\site\serenity\6d977df0203d0ae01d5150669f13e604716ba6d4d75dc3d304a743a3f04180d0.png
22:26:09.488 [main] DEBUG net.thucydides.core.steps.StepInterceptor - STEP DONE: {0} clicks on #target
22:26:09.489 [Darkroom Processing Line] DEBUG net.serenitybdd.core.photography.DarkroomProcessingLine - Processing screenshot image in /var/screenshots/screenshot-10564629935654996972
22:26:09.490 [Darkroom Processing Line] DEBUG net.serenitybdd.core.photography.DarkroomProcessingLine - Saving screenshot to target\site\serenity\6d977df0203d0ae01d5150669f13e604716ba6d4d75dc3d304a743a3f04180d0.png
22:26:09.495 [main] DEBUG net.thucydides.core.steps.StepInterceptor - STARTING STEP: CampaignsStepDefinitions.userClicksOnACategory - {0} clicks on #category
22:26:09.503 [main] DEBUG net.serenitybdd.screenplay.targets.IFrameSwitcher - default content already selected for Ev-yasam category
22:26:09.505 [Forwarding findElements on session ac9da4f46ac00c0c1da0f34f7633d808 to remote] DEBUG org.asynchttpclient.netty.request.NettyRequestSender - Using pooled Channel '[id: 0x9be8a0b3, L:/127.0.0.1:61582 - R:localhost/127.0.0.1:53622]' for 'POST' to 'http://localhost:53622/session/ac9da4f46ac00c0c1da0f34f7633d808/elements'
22:26:09.505 [Forwarding findElements on session ac9da4f46ac00c0c1da0f34f7633d808 to remote] DEBUG org.asynchttpclient.netty.request.NettyRequestSender - Using open Channel [id: 0x9be8a0b3, L:/127.0.0.1:61582 - R:localhost/127.0.0.1:53622] for POST '/session/ac9da4f46ac00c0c1da0f34f7633d808/elements'
22:26:09.537 [AsyncHttpClient-1-8] DEBUG org.asynchttpclient.netty.handler.HttpHandler - 

Request DefaultHttpRequest(decodeResult: success, version: HTTP/1.1)
POST /session/ac9da4f46ac00c0c1da0f34f7633d808/elements HTTP/1.1
User-Agent: selenium/4.1.2 (java windows)
Content-Length: 74
Content-Type: application/json; charset=utf-8
host: localhost:53622
accept: */*

Response DefaultHttpResponse(decodeResult: success, version: HTTP/1.1)
HTTP/1.1 200 OK
Content-Type: application/json; charset=utf-8
cache-control: no-cache
content-length: 90

22:26:09.537 [AsyncHttpClient-1-8] DEBUG org.asynchttpclient.netty.channel.ChannelManager - Adding key: http://localhost:53622 for channel [id: 0x9be8a0b3, L:/127.0.0.1:61582 - R:localhost/127.0.0.1:53622]
22:26:09.543 [Forwarding isElementDisplayed on session ac9da4f46ac00c0c1da0f34f7633d808 to remote] DEBUG org.asynchttpclient.netty.request.NettyRequestSender - Using pooled Channel '[id: 0x9be8a0b3, L:/127.0.0.1:61582 - R:localhost/127.0.0.1:53622]' for 'POST' to 'http://localhost:53622/session/ac9da4f46ac00c0c1da0f34f7633d808/execute/sync'
22:26:09.543 [Forwarding isElementDisplayed on session ac9da4f46ac00c0c1da0f34f7633d808 to remote] DEBUG org.asynchttpclient.netty.request.NettyRequestSender - Using open Channel [id: 0x9be8a0b3, L:/127.0.0.1:61582 - R:localhost/127.0.0.1:53622] for POST '/session/ac9da4f46ac00c0c1da0f34f7633d808/execute/sync'
22:26:09.561 [AsyncHttpClient-1-8] DEBUG org.asynchttpclient.netty.handler.HttpHandler - 

Request DefaultHttpRequest(decodeResult: success, version: HTTP/1.1)
POST /session/ac9da4f46ac00c0c1da0f34f7633d808/execute/sync HTTP/1.1
User-Agent: selenium/4.1.2 (java windows)
Content-Length: 48780
Content-Type: application/json; charset=utf-8
host: localhost:53622
accept: */*

Response DefaultHttpResponse(decodeResult: success, version: HTTP/1.1)
HTTP/1.1 200 OK
Content-Type: application/json; charset=utf-8
cache-control: no-cache
content-length: 14

22:26:09.561 [AsyncHttpClient-1-8] DEBUG org.asynchttpclient.netty.channel.ChannelManager - Adding key: http://localhost:53622 for channel [id: 0x9be8a0b3, L:/127.0.0.1:61582 - R:localhost/127.0.0.1:53622]
22:26:09.562 [Forwarding isElementEnabled on session ac9da4f46ac00c0c1da0f34f7633d808 to remote] DEBUG org.asynchttpclient.netty.request.NettyRequestSender - Using pooled Channel '[id: 0x9be8a0b3, L:/127.0.0.1:61582 - R:localhost/127.0.0.1:53622]' for 'GET' to 'http://localhost:53622/session/ac9da4f46ac00c0c1da0f34f7633d808/element/6f621685-9cce-40b1-a68f-8dbcf85547cc/enabled'
22:26:09.562 [Forwarding isElementEnabled on session ac9da4f46ac00c0c1da0f34f7633d808 to remote] DEBUG org.asynchttpclient.netty.request.NettyRequestSender - Using open Channel [id: 0x9be8a0b3, L:/127.0.0.1:61582 - R:localhost/127.0.0.1:53622] for GET '/session/ac9da4f46ac00c0c1da0f34f7633d808/element/6f621685-9cce-40b1-a68f-8dbcf85547cc/enabled'
22:26:09.572 [AsyncHttpClient-1-8] DEBUG org.asynchttpclient.netty.handler.HttpHandler - 

Request DefaultFullHttpRequest(decodeResult: success, version: HTTP/1.1, content: EmptyByteBufBE)
GET /session/ac9da4f46ac00c0c1da0f34f7633d808/element/6f621685-9cce-40b1-a68f-8dbcf85547cc/enabled HTTP/1.1
User-Agent: selenium/4.1.2 (java windows)
Cache-Control: no-cache
Content-Type: application/json; charset=utf-8
host: localhost:53622
accept: */*

Response DefaultHttpResponse(decodeResult: success, version: HTTP/1.1)
HTTP/1.1 200 OK
Content-Type: application/json; charset=utf-8
cache-control: no-cache
content-length: 14

22:26:09.572 [AsyncHttpClient-1-8] DEBUG org.asynchttpclient.netty.channel.ChannelManager - Adding key: http://localhost:53622 for channel [id: 0x9be8a0b3, L:/127.0.0.1:61582 - R:localhost/127.0.0.1:53622]
22:26:09.576 [main] DEBUG net.thucydides.core.steps.StepInterceptor - STARTING STEP: ClickCategory.performAs - {0} clicks on #target
22:26:09.577 [main] DEBUG net.serenitybdd.screenplay.targets.IFrameSwitcher - default content already selected for Ev-yasam category
22:26:09.583 [Forwarding findElement on session ac9da4f46ac00c0c1da0f34f7633d808 to remote] DEBUG org.asynchttpclient.netty.request.NettyRequestSender - Using pooled Channel '[id: 0x9be8a0b3, L:/127.0.0.1:61582 - R:localhost/127.0.0.1:53622]' for 'POST' to 'http://localhost:53622/session/ac9da4f46ac00c0c1da0f34f7633d808/element'
22:26:09.583 [Forwarding findElement on session ac9da4f46ac00c0c1da0f34f7633d808 to remote] DEBUG org.asynchttpclient.netty.request.NettyRequestSender - Using open Channel [id: 0x9be8a0b3, L:/127.0.0.1:61582 - R:localhost/127.0.0.1:53622] for POST '/session/ac9da4f46ac00c0c1da0f34f7633d808/element'
22:26:09.596 [AsyncHttpClient-1-8] DEBUG org.asynchttpclient.netty.handler.HttpHandler - 

Request DefaultHttpRequest(decodeResult: success, version: HTTP/1.1)
POST /session/ac9da4f46ac00c0c1da0f34f7633d808/element HTTP/1.1
User-Agent: selenium/4.1.2 (java windows)
Content-Length: 74
Content-Type: application/json; charset=utf-8
host: localhost:53622
accept: */*

Response DefaultHttpResponse(decodeResult: success, version: HTTP/1.1)
HTTP/1.1 200 OK
Content-Type: application/json; charset=utf-8
cache-control: no-cache
content-length: 88

22:26:09.596 [AsyncHttpClient-1-8] DEBUG org.asynchttpclient.netty.channel.ChannelManager - Adding key: http://localhost:53622 for channel [id: 0x9be8a0b3, L:/127.0.0.1:61582 - R:localhost/127.0.0.1:53622]
22:26:09.601 [Forwarding isElementDisplayed on session ac9da4f46ac00c0c1da0f34f7633d808 to remote] DEBUG org.asynchttpclient.netty.request.NettyRequestSender - Using pooled Channel '[id: 0x9be8a0b3, L:/127.0.0.1:61582 - R:localhost/127.0.0.1:53622]' for 'POST' to 'http://localhost:53622/session/ac9da4f46ac00c0c1da0f34f7633d808/execute/sync'
22:26:09.601 [Forwarding isElementDisplayed on session ac9da4f46ac00c0c1da0f34f7633d808 to remote] DEBUG org.asynchttpclient.netty.request.NettyRequestSender - Using open Channel [id: 0x9be8a0b3, L:/127.0.0.1:61582 - R:localhost/127.0.0.1:53622] for POST '/session/ac9da4f46ac00c0c1da0f34f7633d808/execute/sync'
22:26:09.612 [AsyncHttpClient-1-8] DEBUG org.asynchttpclient.netty.handler.HttpHandler - 

Request DefaultHttpRequest(decodeResult: success, version: HTTP/1.1)
POST /session/ac9da4f46ac00c0c1da0f34f7633d808/execute/sync HTTP/1.1
User-Agent: selenium/4.1.2 (java windows)
Content-Length: 48780
Content-Type: application/json; charset=utf-8
host: localhost:53622
accept: */*

Response DefaultHttpResponse(decodeResult: success, version: HTTP/1.1)
HTTP/1.1 200 OK
Content-Type: application/json; charset=utf-8
cache-control: no-cache
content-length: 14

22:26:09.612 [AsyncHttpClient-1-8] DEBUG org.asynchttpclient.netty.channel.ChannelManager - Adding key: http://localhost:53622 for channel [id: 0x9be8a0b3, L:/127.0.0.1:61582 - R:localhost/127.0.0.1:53622]
22:26:09.615 [Forwarding findElement on session ac9da4f46ac00c0c1da0f34f7633d808 to remote] DEBUG org.asynchttpclient.netty.request.NettyRequestSender - Using pooled Channel '[id: 0x9be8a0b3, L:/127.0.0.1:61582 - R:localhost/127.0.0.1:53622]' for 'POST' to 'http://localhost:53622/session/ac9da4f46ac00c0c1da0f34f7633d808/element'
22:26:09.615 [Forwarding findElement on session ac9da4f46ac00c0c1da0f34f7633d808 to remote] DEBUG org.asynchttpclient.netty.request.NettyRequestSender - Using open Channel [id: 0x9be8a0b3, L:/127.0.0.1:61582 - R:localhost/127.0.0.1:53622] for POST '/session/ac9da4f46ac00c0c1da0f34f7633d808/element'
22:26:09.622 [AsyncHttpClient-1-8] DEBUG org.asynchttpclient.netty.handler.HttpHandler - 

Request DefaultHttpRequest(decodeResult: success, version: HTTP/1.1)
POST /session/ac9da4f46ac00c0c1da0f34f7633d808/element HTTP/1.1
User-Agent: selenium/4.1.2 (java windows)
Content-Length: 74
Content-Type: application/json; charset=utf-8
host: localhost:53622
accept: */*

Response DefaultHttpResponse(decodeResult: success, version: HTTP/1.1)
HTTP/1.1 200 OK
Content-Type: application/json; charset=utf-8
cache-control: no-cache
content-length: 88

22:26:09.622 [AsyncHttpClient-1-8] DEBUG org.asynchttpclient.netty.channel.ChannelManager - Adding key: http://localhost:53622 for channel [id: 0x9be8a0b3, L:/127.0.0.1:61582 - R:localhost/127.0.0.1:53622]
22:26:09.623 [Forwarding clickElement on session ac9da4f46ac00c0c1da0f34f7633d808 to remote] DEBUG org.asynchttpclient.netty.request.NettyRequestSender - Using pooled Channel '[id: 0x9be8a0b3, L:/127.0.0.1:61582 - R:localhost/127.0.0.1:53622]' for 'POST' to 'http://localhost:53622/session/ac9da4f46ac00c0c1da0f34f7633d808/element/6f621685-9cce-40b1-a68f-8dbcf85547cc/click'
22:26:09.623 [Forwarding clickElement on session ac9da4f46ac00c0c1da0f34f7633d808 to remote] DEBUG org.asynchttpclient.netty.request.NettyRequestSender - Using open Channel [id: 0x9be8a0b3, L:/127.0.0.1:61582 - R:localhost/127.0.0.1:53622] for POST '/session/ac9da4f46ac00c0c1da0f34f7633d808/element/6f621685-9cce-40b1-a68f-8dbcf85547cc/click'
22:26:09.707 [AsyncHttpClient-1-8] DEBUG org.asynchttpclient.netty.handler.HttpHandler - 

Request DefaultHttpRequest(decodeResult: success, version: HTTP/1.1)
POST /session/ac9da4f46ac00c0c1da0f34f7633d808/element/6f621685-9cce-40b1-a68f-8dbcf85547cc/click HTTP/1.1
User-Agent: selenium/4.1.2 (java windows)
Content-Length: 50
Content-Type: application/json; charset=utf-8
host: localhost:53622
accept: */*

Response DefaultHttpResponse(decodeResult: success, version: HTTP/1.1)
HTTP/1.1 200 OK
Content-Type: application/json; charset=utf-8
cache-control: no-cache
content-length: 14

22:26:09.707 [AsyncHttpClient-1-8] DEBUG org.asynchttpclient.netty.channel.ChannelManager - Adding key: http://localhost:53622 for channel [id: 0x9be8a0b3, L:/127.0.0.1:61582 - R:localhost/127.0.0.1:53622]
22:26:09.723 [Forwarding screenshot on session ac9da4f46ac00c0c1da0f34f7633d808 to remote] DEBUG org.asynchttpclient.netty.request.NettyRequestSender - Using pooled Channel '[id: 0x9be8a0b3, L:/127.0.0.1:61582 - R:localhost/127.0.0.1:53622]' for 'GET' to 'http://localhost:53622/session/ac9da4f46ac00c0c1da0f34f7633d808/screenshot'
22:26:09.723 [Forwarding screenshot on session ac9da4f46ac00c0c1da0f34f7633d808 to remote] DEBUG org.asynchttpclient.netty.request.NettyRequestSender - Using open Channel [id: 0x9be8a0b3, L:/127.0.0.1:61582 - R:localhost/127.0.0.1:53622] for GET '/session/ac9da4f46ac00c0c1da0f34f7633d808/screenshot'
22:26:10.140 [AsyncHttpClient-1-8] DEBUG org.asynchttpclient.netty.handler.HttpHandler - 

Request DefaultFullHttpRequest(decodeResult: success, version: HTTP/1.1, content: EmptyByteBufBE)
GET /session/ac9da4f46ac00c0c1da0f34f7633d808/screenshot HTTP/1.1
User-Agent: selenium/4.1.2 (java windows)
Cache-Control: no-cache
Content-Type: application/json; charset=utf-8
host: localhost:53622
accept: */*

Response DefaultHttpResponse(decodeResult: success, version: HTTP/1.1)
HTTP/1.1 200 OK
Content-Type: application/json; charset=utf-8
cache-control: no-cache
content-length: 116388

22:26:10.140 [AsyncHttpClient-1-8] DEBUG org.asynchttpclient.netty.channel.ChannelManager - Adding key: http://localhost:53622 for channel [id: 0x9be8a0b3, L:/127.0.0.1:61582 - R:localhost/127.0.0.1:53622]
22:26:10.145 [main] DEBUG net.serenitybdd.core.photography.Darkroom - Send negative for processing for target\site\serenity\327fbf6cea398f5ed56402d7b36997f7af879c991b02cab96324abcf3ada1dfc.png
22:26:10.146 [main] DEBUG net.thucydides.core.steps.StepInterceptor - STEP DONE: {0} clicks on #target
22:26:10.147 [Darkroom Processing Line] DEBUG net.serenitybdd.core.photography.DarkroomProcessingLine - Processing screenshot image in /var/screenshots/screenshot-3560227772210953336
22:26:10.147 [Darkroom Processing Line] DEBUG net.serenitybdd.core.photography.DarkroomProcessingLine - Saving screenshot to target\site\serenity\327fbf6cea398f5ed56402d7b36997f7af879c991b02cab96324abcf3ada1dfc.png
22:26:10.154 [main] DEBUG net.thucydides.core.steps.StepInterceptor - STEP DONE: {0} clicks on #category
  &amp#27;[32mWhen &amp#27;[0m&amp#27;[32muser clicks on &amp#27;[0m&amp#27;[32m&amp#27;[1m"ev-yasam"&amp#27;[0m                                            &amp#27;[90m# stepdefinitions.CampaignsStepDefinitions.userClicksOnACategory(java.lang.String)&amp#27;[0m
22:26:10.169 [Forwarding findElements on session ac9da4f46ac00c0c1da0f34f7633d808 to remote] DEBUG org.asynchttpclient.netty.request.NettyRequestSender - Using pooled Channel '[id: 0x9be8a0b3, L:/127.0.0.1:61582 - R:localhost/127.0.0.1:53622]' for 'POST' to 'http://localhost:53622/session/ac9da4f46ac00c0c1da0f34f7633d808/elements'
22:26:10.169 [Forwarding findElements on session ac9da4f46ac00c0c1da0f34f7633d808 to remote] DEBUG org.asynchttpclient.netty.request.NettyRequestSender - Using open Channel [id: 0x9be8a0b3, L:/127.0.0.1:61582 - R:localhost/127.0.0.1:53622] for POST '/session/ac9da4f46ac00c0c1da0f34f7633d808/elements'
22:26:10.359 [AsyncHttpClient-1-8] DEBUG org.asynchttpclient.netty.handler.HttpHandler - 

Request DefaultHttpRequest(decodeResult: success, version: HTTP/1.1)
POST /session/ac9da4f46ac00c0c1da0f34f7633d808/elements HTTP/1.1
User-Agent: selenium/4.1.2 (java windows)
Content-Length: 84
Content-Type: application/json; charset=utf-8
host: localhost:53622
accept: */*

Response DefaultHttpResponse(decodeResult: success, version: HTTP/1.1)
HTTP/1.1 200 OK
Content-Type: application/json; charset=utf-8
cache-control: no-cache
content-length: 2381

22:26:10.359 [AsyncHttpClient-1-8] DEBUG org.asynchttpclient.netty.channel.ChannelManager - Adding key: http://localhost:53622 for channel [id: 0x9be8a0b3, L:/127.0.0.1:61582 - R:localhost/127.0.0.1:53622]
22:26:10.363 [Forwarding findElement on session ac9da4f46ac00c0c1da0f34f7633d808 to remote] DEBUG org.asynchttpclient.netty.request.NettyRequestSender - Using pooled Channel '[id: 0x9be8a0b3, L:/127.0.0.1:61582 - R:localhost/127.0.0.1:53622]' for 'POST' to 'http://localhost:53622/session/ac9da4f46ac00c0c1da0f34f7633d808/element'
22:26:10.364 [Forwarding findElement on session ac9da4f46ac00c0c1da0f34f7633d808 to remote] DEBUG org.asynchttpclient.netty.request.NettyRequestSender - Using open Channel [id: 0x9be8a0b3, L:/127.0.0.1:61582 - R:localhost/127.0.0.1:53622] for POST '/session/ac9da4f46ac00c0c1da0f34f7633d808/element'
22:26:10.382 [AsyncHttpClient-1-1] DEBUG org.asynchttpclient.netty.channel.DefaultChannelPool - Entry count for : http://localhost:61583 : 1
22:26:10.397 [AsyncHttpClient-1-8] DEBUG org.asynchttpclient.netty.handler.HttpHandler - 

Request DefaultHttpRequest(decodeResult: success, version: HTTP/1.1)
POST /session/ac9da4f46ac00c0c1da0f34f7633d808/element HTTP/1.1
User-Agent: selenium/4.1.2 (java windows)
Content-Length: 74
Content-Type: application/json; charset=utf-8
host: localhost:53622
accept: */*

Response DefaultHttpResponse(decodeResult: success, version: HTTP/1.1)
HTTP/1.1 200 OK
Content-Type: application/json; charset=utf-8
cache-control: no-cache
content-length: 88

22:26:10.397 [AsyncHttpClient-1-8] DEBUG org.asynchttpclient.netty.channel.ChannelManager - Adding key: http://localhost:53622 for channel [id: 0x9be8a0b3, L:/127.0.0.1:61582 - R:localhost/127.0.0.1:53622]
22:26:10.402 [Forwarding getElementAttribute on session ac9da4f46ac00c0c1da0f34f7633d808 to remote] DEBUG org.asynchttpclient.netty.request.NettyRequestSender - Using pooled Channel '[id: 0x9be8a0b3, L:/127.0.0.1:61582 - R:localhost/127.0.0.1:53622]' for 'POST' to 'http://localhost:53622/session/ac9da4f46ac00c0c1da0f34f7633d808/execute/sync'
22:26:10.402 [Forwarding getElementAttribute on session ac9da4f46ac00c0c1da0f34f7633d808 to remote] DEBUG org.asynchttpclient.netty.request.NettyRequestSender - Using open Channel [id: 0x9be8a0b3, L:/127.0.0.1:61582 - R:localhost/127.0.0.1:53622] for POST '/session/ac9da4f46ac00c0c1da0f34f7633d808/execute/sync'
22:26:10.437 [AsyncHttpClient-1-8] DEBUG org.asynchttpclient.netty.handler.HttpHandler - 

Request DefaultHttpRequest(decodeResult: success, version: HTTP/1.1)
POST /session/ac9da4f46ac00c0c1da0f34f7633d808/execute/sync HTTP/1.1
User-Agent: selenium/4.1.2 (java windows)
Content-Length: 47339
Content-Type: application/json; charset=utf-8
host: localhost:53622
accept: */*

Response DefaultHttpResponse(decodeResult: success, version: HTTP/1.1)
HTTP/1.1 200 OK
Content-Type: application/json; charset=utf-8
cache-control: no-cache
content-length: 93

22:26:10.438 [AsyncHttpClient-1-8] DEBUG org.asynchttpclient.netty.channel.ChannelManager - Adding key: http://localhost:53622 for channel [id: 0x9be8a0b3, L:/127.0.0.1:61582 - R:localhost/127.0.0.1:53622]
22:26:10.442 [Forwarding getElementAttribute on session ac9da4f46ac00c0c1da0f34f7633d808 to remote] DEBUG org.asynchttpclient.netty.request.NettyRequestSender - Using pooled Channel '[id: 0x9be8a0b3, L:/127.0.0.1:61582 - R:localhost/127.0.0.1:53622]' for 'POST' to 'http://localhost:53622/session/ac9da4f46ac00c0c1da0f34f7633d808/execute/sync'
22:26:10.443 [Forwarding getElementAttribute on session ac9da4f46ac00c0c1da0f34f7633d808 to remote] DEBUG org.asynchttpclient.netty.request.NettyRequestSender - Using open Channel [id: 0x9be8a0b3, L:/127.0.0.1:61582 - R:localhost/127.0.0.1:53622] for POST '/session/ac9da4f46ac00c0c1da0f34f7633d808/execute/sync'
22:26:10.468 [AsyncHttpClient-1-8] DEBUG org.asynchttpclient.netty.handler.HttpHandler - 

Request DefaultHttpRequest(decodeResult: success, version: HTTP/1.1)
POST /session/ac9da4f46ac00c0c1da0f34f7633d808/execute/sync HTTP/1.1
User-Agent: selenium/4.1.2 (java windows)
Content-Length: 47339
Content-Type: application/json; charset=utf-8
host: localhost:53622
accept: */*

Response DefaultHttpResponse(decodeResult: success, version: HTTP/1.1)
HTTP/1.1 200 OK
Content-Type: application/json; charset=utf-8
cache-control: no-cache
content-length: 112

22:26:10.468 [AsyncHttpClient-1-8] DEBUG org.asynchttpclient.netty.channel.ChannelManager - Adding key: http://localhost:53622 for channel [id: 0x9be8a0b3, L:/127.0.0.1:61582 - R:localhost/127.0.0.1:53622]
22:26:10.471 [Forwarding getElementAttribute on session ac9da4f46ac00c0c1da0f34f7633d808 to remote] DEBUG org.asynchttpclient.netty.request.NettyRequestSender - Using pooled Channel '[id: 0x9be8a0b3, L:/127.0.0.1:61582 - R:localhost/127.0.0.1:53622]' for 'POST' to 'http://localhost:53622/session/ac9da4f46ac00c0c1da0f34f7633d808/execute/sync'
22:26:10.471 [Forwarding getElementAttribute on session ac9da4f46ac00c0c1da0f34f7633d808 to remote] DEBUG org.asynchttpclient.netty.request.NettyRequestSender - Using open Channel [id: 0x9be8a0b3, L:/127.0.0.1:61582 - R:localhost/127.0.0.1:53622] for POST '/session/ac9da4f46ac00c0c1da0f34f7633d808/execute/sync'
22:26:10.485 [AsyncHttpClient-1-8] DEBUG org.asynchttpclient.netty.handler.HttpHandler - 

Request DefaultHttpRequest(decodeResult: success, version: HTTP/1.1)
POST /session/ac9da4f46ac00c0c1da0f34f7633d808/execute/sync HTTP/1.1
User-Agent: selenium/4.1.2 (java windows)
Content-Length: 47339
Content-Type: application/json; charset=utf-8
host: localhost:53622
accept: */*

Response DefaultHttpResponse(decodeResult: success, version: HTTP/1.1)
HTTP/1.1 200 OK
Content-Type: application/json; charset=utf-8
cache-control: no-cache
content-length: 121

22:26:10.485 [AsyncHttpClient-1-8] DEBUG org.asynchttpclient.netty.channel.ChannelManager - Adding key: http://localhost:53622 for channel [id: 0x9be8a0b3, L:/127.0.0.1:61582 - R:localhost/127.0.0.1:53622]
22:26:10.489 [Forwarding getElementAttribute on session ac9da4f46ac00c0c1da0f34f7633d808 to remote] DEBUG org.asynchttpclient.netty.request.NettyRequestSender - Using pooled Channel '[id: 0x9be8a0b3, L:/127.0.0.1:61582 - R:localhost/127.0.0.1:53622]' for 'POST' to 'http://localhost:53622/session/ac9da4f46ac00c0c1da0f34f7633d808/execute/sync'
22:26:10.489 [Forwarding getElementAttribute on session ac9da4f46ac00c0c1da0f34f7633d808 to remote] DEBUG org.asynchttpclient.netty.request.NettyRequestSender - Using open Channel [id: 0x9be8a0b3, L:/127.0.0.1:61582 - R:localhost/127.0.0.1:53622] for POST '/session/ac9da4f46ac00c0c1da0f34f7633d808/execute/sync'
22:26:10.500 [AsyncHttpClient-1-8] DEBUG org.asynchttpclient.netty.handler.HttpHandler - 

Request DefaultHttpRequest(decodeResult: success, version: HTTP/1.1)
POST /session/ac9da4f46ac00c0c1da0f34f7633d808/execute/sync HTTP/1.1
User-Agent: selenium/4.1.2 (java windows)
Content-Length: 47339
Content-Type: application/json; charset=utf-8
host: localhost:53622
accept: */*

Response DefaultHttpResponse(decodeResult: success, version: HTTP/1.1)
HTTP/1.1 200 OK
Content-Type: application/json; charset=utf-8
cache-control: no-cache
content-length: 99

22:26:10.500 [AsyncHttpClient-1-8] DEBUG org.asynchttpclient.netty.channel.ChannelManager - Adding key: http://localhost:53622 for channel [id: 0x9be8a0b3, L:/127.0.0.1:61582 - R:localhost/127.0.0.1:53622]
22:26:10.503 [Forwarding getElementAttribute on session ac9da4f46ac00c0c1da0f34f7633d808 to remote] DEBUG org.asynchttpclient.netty.request.NettyRequestSender - Using pooled Channel '[id: 0x9be8a0b3, L:/127.0.0.1:61582 - R:localhost/127.0.0.1:53622]' for 'POST' to 'http://localhost:53622/session/ac9da4f46ac00c0c1da0f34f7633d808/execute/sync'
22:26:10.503 [Forwarding getElementAttribute on session ac9da4f46ac00c0c1da0f34f7633d808 to remote] DEBUG org.asynchttpclient.netty.request.NettyRequestSender - Using open Channel [id: 0x9be8a0b3, L:/127.0.0.1:61582 - R:localhost/127.0.0.1:53622] for POST '/session/ac9da4f46ac00c0c1da0f34f7633d808/execute/sync'
22:26:10.514 [AsyncHttpClient-1-8] DEBUG org.asynchttpclient.netty.handler.HttpHandler - 

Request DefaultHttpRequest(decodeResult: success, version: HTTP/1.1)
POST /session/ac9da4f46ac00c0c1da0f34f7633d808/execute/sync HTTP/1.1
User-Agent: selenium/4.1.2 (java windows)
Content-Length: 47339
Content-Type: application/json; charset=utf-8
host: localhost:53622
accept: */*

Response DefaultHttpResponse(decodeResult: success, version: HTTP/1.1)
HTTP/1.1 200 OK
Content-Type: application/json; charset=utf-8
cache-control: no-cache
content-length: 91

22:26:10.514 [AsyncHttpClient-1-8] DEBUG org.asynchttpclient.netty.channel.ChannelManager - Adding key: http://localhost:53622 for channel [id: 0x9be8a0b3, L:/127.0.0.1:61582 - R:localhost/127.0.0.1:53622]
22:26:10.517 [Forwarding getElementAttribute on session ac9da4f46ac00c0c1da0f34f7633d808 to remote] DEBUG org.asynchttpclient.netty.request.NettyRequestSender - Using pooled Channel '[id: 0x9be8a0b3, L:/127.0.0.1:61582 - R:localhost/127.0.0.1:53622]' for 'POST' to 'http://localhost:53622/session/ac9da4f46ac00c0c1da0f34f7633d808/execute/sync'
22:26:10.517 [Forwarding getElementAttribute on session ac9da4f46ac00c0c1da0f34f7633d808 to remote] DEBUG org.asynchttpclient.netty.request.NettyRequestSender - Using open Channel [id: 0x9be8a0b3, L:/127.0.0.1:61582 - R:localhost/127.0.0.1:53622] for POST '/session/ac9da4f46ac00c0c1da0f34f7633d808/execute/sync'
22:26:10.527 [AsyncHttpClient-1-8] DEBUG org.asynchttpclient.netty.handler.HttpHandler - 

Request DefaultHttpRequest(decodeResult: success, version: HTTP/1.1)
POST /session/ac9da4f46ac00c0c1da0f34f7633d808/execute/sync HTTP/1.1
User-Agent: selenium/4.1.2 (java windows)
Content-Length: 47339
Content-Type: application/json; charset=utf-8
host: localhost:53622
accept: */*

Response DefaultHttpResponse(decodeResult: success, version: HTTP/1.1)
HTTP/1.1 200 OK
Content-Type: application/json; charset=utf-8
cache-control: no-cache
content-length: 120

22:26:10.527 [AsyncHttpClient-1-8] DEBUG org.asynchttpclient.netty.channel.ChannelManager - Adding key: http://localhost:53622 for channel [id: 0x9be8a0b3, L:/127.0.0.1:61582 - R:localhost/127.0.0.1:53622]
22:26:10.527 [Forwarding getElementAttribute on session ac9da4f46ac00c0c1da0f34f7633d808 to remote] DEBUG org.asynchttpclient.netty.request.NettyRequestSender - Using pooled Channel '[id: 0x9be8a0b3, L:/127.0.0.1:61582 - R:localhost/127.0.0.1:53622]' for 'POST' to 'http://localhost:53622/session/ac9da4f46ac00c0c1da0f34f7633d808/execute/sync'
22:26:10.527 [Forwarding getElementAttribute on session ac9da4f46ac00c0c1da0f34f7633d808 to remote] DEBUG org.asynchttpclient.netty.request.NettyRequestSender - Using open Channel [id: 0x9be8a0b3, L:/127.0.0.1:61582 - R:localhost/127.0.0.1:53622] for POST '/session/ac9da4f46ac00c0c1da0f34f7633d808/execute/sync'
22:26:10.546 [AsyncHttpClient-1-8] DEBUG org.asynchttpclient.netty.handler.HttpHandler - 

Request DefaultHttpRequest(decodeResult: success, version: HTTP/1.1)
POST /session/ac9da4f46ac00c0c1da0f34f7633d808/execute/sync HTTP/1.1
User-Agent: selenium/4.1.2 (java windows)
Content-Length: 47339
Content-Type: application/json; charset=utf-8
host: localhost:53622
accept: */*

Response DefaultHttpResponse(decodeResult: success, version: HTTP/1.1)
HTTP/1.1 200 OK
Content-Type: application/json; charset=utf-8
cache-control: no-cache
content-length: 64

22:26:10.546 [AsyncHttpClient-1-8] DEBUG org.asynchttpclient.netty.channel.ChannelManager - Adding key: http://localhost:53622 for channel [id: 0x9be8a0b3, L:/127.0.0.1:61582 - R:localhost/127.0.0.1:53622]
22:26:10.550 [Forwarding getElementAttribute on session ac9da4f46ac00c0c1da0f34f7633d808 to remote] DEBUG org.asynchttpclient.netty.request.NettyRequestSender - Using pooled Channel '[id: 0x9be8a0b3, L:/127.0.0.1:61582 - R:localhost/127.0.0.1:53622]' for 'POST' to 'http://localhost:53622/session/ac9da4f46ac00c0c1da0f34f7633d808/execute/sync'
22:26:10.550 [Forwarding getElementAttribute on session ac9da4f46ac00c0c1da0f34f7633d808 to remote] DEBUG org.asynchttpclient.netty.request.NettyRequestSender - Using open Channel [id: 0x9be8a0b3, L:/127.0.0.1:61582 - R:localhost/127.0.0.1:53622] for POST '/session/ac9da4f46ac00c0c1da0f34f7633d808/execute/sync'
22:26:10.565 [AsyncHttpClient-1-8] DEBUG org.asynchttpclient.netty.handler.HttpHandler - 

Request DefaultHttpRequest(decodeResult: success, version: HTTP/1.1)
POST /session/ac9da4f46ac00c0c1da0f34f7633d808/execute/sync HTTP/1.1
User-Agent: selenium/4.1.2 (java windows)
Content-Length: 47339
Content-Type: application/json; charset=utf-8
host: localhost:53622
accept: */*

Response DefaultHttpResponse(decodeResult: success, version: HTTP/1.1)
HTTP/1.1 200 OK
Content-Type: application/json; charset=utf-8
cache-control: no-cache
content-length: 99

22:26:10.565 [AsyncHttpClient-1-8] DEBUG org.asynchttpclient.netty.channel.ChannelManager - Adding key: http://localhost:53622 for channel [id: 0x9be8a0b3, L:/127.0.0.1:61582 - R:localhost/127.0.0.1:53622]
22:26:10.569 [Forwarding getElementAttribute on session ac9da4f46ac00c0c1da0f34f7633d808 to remote] DEBUG org.asynchttpclient.netty.request.NettyRequestSender - Using pooled Channel '[id: 0x9be8a0b3, L:/127.0.0.1:61582 - R:localhost/127.0.0.1:53622]' for 'POST' to 'http://localhost:53622/session/ac9da4f46ac00c0c1da0f34f7633d808/execute/sync'
22:26:10.569 [Forwarding getElementAttribute on session ac9da4f46ac00c0c1da0f34f7633d808 to remote] DEBUG org.asynchttpclient.netty.request.NettyRequestSender - Using open Channel [id: 0x9be8a0b3, L:/127.0.0.1:61582 - R:localhost/127.0.0.1:53622] for POST '/session/ac9da4f46ac00c0c1da0f34f7633d808/execute/sync'
22:26:10.582 [AsyncHttpClient-1-8] DEBUG org.asynchttpclient.netty.handler.HttpHandler - 

Request DefaultHttpRequest(decodeResult: success, version: HTTP/1.1)
POST /session/ac9da4f46ac00c0c1da0f34f7633d808/execute/sync HTTP/1.1
User-Agent: selenium/4.1.2 (java windows)
Content-Length: 47339
Content-Type: application/json; charset=utf-8
host: localhost:53622
accept: */*

Response DefaultHttpResponse(decodeResult: success, version: HTTP/1.1)
HTTP/1.1 200 OK
Content-Type: application/json; charset=utf-8
cache-control: no-cache
content-length: 93

22:26:10.582 [AsyncHttpClient-1-8] DEBUG org.asynchttpclient.netty.channel.ChannelManager - Adding key: http://localhost:53622 for channel [id: 0x9be8a0b3, L:/127.0.0.1:61582 - R:localhost/127.0.0.1:53622]
22:26:10.586 [Forwarding getElementAttribute on session ac9da4f46ac00c0c1da0f34f7633d808 to remote] DEBUG org.asynchttpclient.netty.request.NettyRequestSender - Using pooled Channel '[id: 0x9be8a0b3, L:/127.0.0.1:61582 - R:localhost/127.0.0.1:53622]' for 'POST' to 'http://localhost:53622/session/ac9da4f46ac00c0c1da0f34f7633d808/execute/sync'
22:26:10.586 [Forwarding getElementAttribute on session ac9da4f46ac00c0c1da0f34f7633d808 to remote] DEBUG org.asynchttpclient.netty.request.NettyRequestSender - Using open Channel [id: 0x9be8a0b3, L:/127.0.0.1:61582 - R:localhost/127.0.0.1:53622] for POST '/session/ac9da4f46ac00c0c1da0f34f7633d808/execute/sync'
22:26:10.598 [AsyncHttpClient-1-8] DEBUG org.asynchttpclient.netty.handler.HttpHandler - 

Request DefaultHttpRequest(decodeResult: success, version: HTTP/1.1)
POST /session/ac9da4f46ac00c0c1da0f34f7633d808/execute/sync HTTP/1.1
User-Agent: selenium/4.1.2 (java windows)
Content-Length: 47339
Content-Type: application/json; charset=utf-8
host: localhost:53622
accept: */*

Response DefaultHttpResponse(decodeResult: success, version: HTTP/1.1)
HTTP/1.1 200 OK
Content-Type: application/json; charset=utf-8
cache-control: no-cache
content-length: 105

22:26:10.599 [AsyncHttpClient-1-8] DEBUG org.asynchttpclient.netty.channel.ChannelManager - Adding key: http://localhost:53622 for channel [id: 0x9be8a0b3, L:/127.0.0.1:61582 - R:localhost/127.0.0.1:53622]
22:26:10.602 [Forwarding getElementAttribute on session ac9da4f46ac00c0c1da0f34f7633d808 to remote] DEBUG org.asynchttpclient.netty.request.NettyRequestSender - Using pooled Channel '[id: 0x9be8a0b3, L:/127.0.0.1:61582 - R:localhost/127.0.0.1:53622]' for 'POST' to 'http://localhost:53622/session/ac9da4f46ac00c0c1da0f34f7633d808/execute/sync'
22:26:10.602 [Forwarding getElementAttribute on session ac9da4f46ac00c0c1da0f34f7633d808 to remote] DEBUG org.asynchttpclient.netty.request.NettyRequestSender - Using open Channel [id: 0x9be8a0b3, L:/127.0.0.1:61582 - R:localhost/127.0.0.1:53622] for POST '/session/ac9da4f46ac00c0c1da0f34f7633d808/execute/sync'
22:26:10.613 [AsyncHttpClient-1-8] DEBUG org.asynchttpclient.netty.handler.HttpHandler - 

Request DefaultHttpRequest(decodeResult: success, version: HTTP/1.1)
POST /session/ac9da4f46ac00c0c1da0f34f7633d808/execute/sync HTTP/1.1
User-Agent: selenium/4.1.2 (java windows)
Content-Length: 47339
Content-Type: application/json; charset=utf-8
host: localhost:53622
accept: */*

Response DefaultHttpResponse(decodeResult: success, version: HTTP/1.1)
HTTP/1.1 200 OK
Content-Type: application/json; charset=utf-8
cache-control: no-cache
content-length: 94

22:26:10.613 [AsyncHttpClient-1-8] DEBUG org.asynchttpclient.netty.channel.ChannelManager - Adding key: http://localhost:53622 for channel [id: 0x9be8a0b3, L:/127.0.0.1:61582 - R:localhost/127.0.0.1:53622]
22:26:10.616 [Forwarding getElementAttribute on session ac9da4f46ac00c0c1da0f34f7633d808 to remote] DEBUG org.asynchttpclient.netty.request.NettyRequestSender - Using pooled Channel '[id: 0x9be8a0b3, L:/127.0.0.1:61582 - R:localhost/127.0.0.1:53622]' for 'POST' to 'http://localhost:53622/session/ac9da4f46ac00c0c1da0f34f7633d808/execute/sync'
22:26:10.616 [Forwarding getElementAttribute on session ac9da4f46ac00c0c1da0f34f7633d808 to remote] DEBUG org.asynchttpclient.netty.request.NettyRequestSender - Using open Channel [id: 0x9be8a0b3, L:/127.0.0.1:61582 - R:localhost/127.0.0.1:53622] for POST '/session/ac9da4f46ac00c0c1da0f34f7633d808/execute/sync'
22:26:10.627 [AsyncHttpClient-1-8] DEBUG org.asynchttpclient.netty.handler.HttpHandler - 

Request DefaultHttpRequest(decodeResult: success, version: HTTP/1.1)
POST /session/ac9da4f46ac00c0c1da0f34f7633d808/execute/sync HTTP/1.1
User-Agent: selenium/4.1.2 (java windows)
Content-Length: 47339
Content-Type: application/json; charset=utf-8
host: localhost:53622
accept: */*

Response DefaultHttpResponse(decodeResult: success, version: HTTP/1.1)
HTTP/1.1 200 OK
Content-Type: application/json; charset=utf-8
cache-control: no-cache
content-length: 114

22:26:10.628 [AsyncHttpClient-1-8] DEBUG org.asynchttpclient.netty.channel.ChannelManager - Adding key: http://localhost:53622 for channel [id: 0x9be8a0b3, L:/127.0.0.1:61582 - R:localhost/127.0.0.1:53622]
22:26:10.628 [Forwarding getElementAttribute on session ac9da4f46ac00c0c1da0f34f7633d808 to remote] DEBUG org.asynchttpclient.netty.request.NettyRequestSender - Using pooled Channel '[id: 0x9be8a0b3, L:/127.0.0.1:61582 - R:localhost/127.0.0.1:53622]' for 'POST' to 'http://localhost:53622/session/ac9da4f46ac00c0c1da0f34f7633d808/execute/sync'
22:26:10.628 [Forwarding getElementAttribute on session ac9da4f46ac00c0c1da0f34f7633d808 to remote] DEBUG org.asynchttpclient.netty.request.NettyRequestSender - Using open Channel [id: 0x9be8a0b3, L:/127.0.0.1:61582 - R:localhost/127.0.0.1:53622] for POST '/session/ac9da4f46ac00c0c1da0f34f7633d808/execute/sync'
22:26:10.642 [AsyncHttpClient-1-8] DEBUG org.asynchttpclient.netty.handler.HttpHandler - 

Request DefaultHttpRequest(decodeResult: success, version: HTTP/1.1)
POST /session/ac9da4f46ac00c0c1da0f34f7633d808/execute/sync HTTP/1.1
User-Agent: selenium/4.1.2 (java windows)
Content-Length: 47339
Content-Type: application/json; charset=utf-8
host: localhost:53622
accept: */*

Response DefaultHttpResponse(decodeResult: success, version: HTTP/1.1)
HTTP/1.1 200 OK
Content-Type: application/json; charset=utf-8
cache-control: no-cache
content-length: 98

22:26:10.642 [AsyncHttpClient-1-8] DEBUG org.asynchttpclient.netty.channel.ChannelManager - Adding key: http://localhost:53622 for channel [id: 0x9be8a0b3, L:/127.0.0.1:61582 - R:localhost/127.0.0.1:53622]
22:26:10.645 [Forwarding getElementAttribute on session ac9da4f46ac00c0c1da0f34f7633d808 to remote] DEBUG org.asynchttpclient.netty.request.NettyRequestSender - Using pooled Channel '[id: 0x9be8a0b3, L:/127.0.0.1:61582 - R:localhost/127.0.0.1:53622]' for 'POST' to 'http://localhost:53622/session/ac9da4f46ac00c0c1da0f34f7633d808/execute/sync'
22:26:10.646 [Forwarding getElementAttribute on session ac9da4f46ac00c0c1da0f34f7633d808 to remote] DEBUG org.asynchttpclient.netty.request.NettyRequestSender - Using open Channel [id: 0x9be8a0b3, L:/127.0.0.1:61582 - R:localhost/127.0.0.1:53622] for POST '/session/ac9da4f46ac00c0c1da0f34f7633d808/execute/sync'
22:26:10.656 [AsyncHttpClient-1-8] DEBUG org.asynchttpclient.netty.handler.HttpHandler - 

Request DefaultHttpRequest(decodeResult: success, version: HTTP/1.1)
POST /session/ac9da4f46ac00c0c1da0f34f7633d808/execute/sync HTTP/1.1
User-Agent: selenium/4.1.2 (java windows)
Content-Length: 47339
Content-Type: application/json; charset=utf-8
host: localhost:53622
accept: */*

Response DefaultHttpResponse(decodeResult: success, version: HTTP/1.1)
HTTP/1.1 200 OK
Content-Type: application/json; charset=utf-8
cache-control: no-cache
content-length: 110

22:26:10.656 [AsyncHttpClient-1-8] DEBUG org.asynchttpclient.netty.channel.ChannelManager - Adding key: http://localhost:53622 for channel [id: 0x9be8a0b3, L:/127.0.0.1:61582 - R:localhost/127.0.0.1:53622]
22:26:10.660 [Forwarding getElementAttribute on session ac9da4f46ac00c0c1da0f34f7633d808 to remote] DEBUG org.asynchttpclient.netty.request.NettyRequestSender - Using pooled Channel '[id: 0x9be8a0b3, L:/127.0.0.1:61582 - R:localhost/127.0.0.1:53622]' for 'POST' to 'http://localhost:53622/session/ac9da4f46ac00c0c1da0f34f7633d808/execute/sync'
22:26:10.660 [Forwarding getElementAttribute on session ac9da4f46ac00c0c1da0f34f7633d808 to remote] DEBUG org.asynchttpclient.netty.request.NettyRequestSender - Using open Channel [id: 0x9be8a0b3, L:/127.0.0.1:61582 - R:localhost/127.0.0.1:53622] for POST '/session/ac9da4f46ac00c0c1da0f34f7633d808/execute/sync'
22:26:10.671 [AsyncHttpClient-1-8] DEBUG org.asynchttpclient.netty.handler.HttpHandler - 

Request DefaultHttpRequest(decodeResult: success, version: HTTP/1.1)
POST /session/ac9da4f46ac00c0c1da0f34f7633d808/execute/sync HTTP/1.1
User-Agent: selenium/4.1.2 (java windows)
Content-Length: 47339
Content-Type: application/json; charset=utf-8
host: localhost:53622
accept: */*

Response DefaultHttpResponse(decodeResult: success, version: HTTP/1.1)
HTTP/1.1 200 OK
Content-Type: application/json; charset=utf-8
cache-control: no-cache
content-length: 86

22:26:10.671 [AsyncHttpClient-1-8] DEBUG org.asynchttpclient.netty.channel.ChannelManager - Adding key: http://localhost:53622 for channel [id: 0x9be8a0b3, L:/127.0.0.1:61582 - R:localhost/127.0.0.1:53622]
22:26:10.675 [Forwarding getElementAttribute on session ac9da4f46ac00c0c1da0f34f7633d808 to remote] DEBUG org.asynchttpclient.netty.request.NettyRequestSender - Using pooled Channel '[id: 0x9be8a0b3, L:/127.0.0.1:61582 - R:localhost/127.0.0.1:53622]' for 'POST' to 'http://localhost:53622/session/ac9da4f46ac00c0c1da0f34f7633d808/execute/sync'
22:26:10.675 [Forwarding getElementAttribute on session ac9da4f46ac00c0c1da0f34f7633d808 to remote] DEBUG org.asynchttpclient.netty.request.NettyRequestSender - Using open Channel [id: 0x9be8a0b3, L:/127.0.0.1:61582 - R:localhost/127.0.0.1:53622] for POST '/session/ac9da4f46ac00c0c1da0f34f7633d808/execute/sync'
22:26:10.687 [AsyncHttpClient-1-8] DEBUG org.asynchttpclient.netty.handler.HttpHandler - 

Request DefaultHttpRequest(decodeResult: success, version: HTTP/1.1)
POST /session/ac9da4f46ac00c0c1da0f34f7633d808/execute/sync HTTP/1.1
User-Agent: selenium/4.1.2 (java windows)
Content-Length: 47339
Content-Type: application/json; charset=utf-8
host: localhost:53622
accept: */*

Response DefaultHttpResponse(decodeResult: success, version: HTTP/1.1)
HTTP/1.1 200 OK
Content-Type: application/json; charset=utf-8
cache-control: no-cache
content-length: 76

22:26:10.687 [AsyncHttpClient-1-8] DEBUG org.asynchttpclient.netty.channel.ChannelManager - Adding key: http://localhost:53622 for channel [id: 0x9be8a0b3, L:/127.0.0.1:61582 - R:localhost/127.0.0.1:53622]
22:26:10.691 [Forwarding getElementAttribute on session ac9da4f46ac00c0c1da0f34f7633d808 to remote] DEBUG org.asynchttpclient.netty.request.NettyRequestSender - Using pooled Channel '[id: 0x9be8a0b3, L:/127.0.0.1:61582 - R:localhost/127.0.0.1:53622]' for 'POST' to 'http://localhost:53622/session/ac9da4f46ac00c0c1da0f34f7633d808/execute/sync'
22:26:10.691 [Forwarding getElementAttribute on session ac9da4f46ac00c0c1da0f34f7633d808 to remote] DEBUG org.asynchttpclient.netty.request.NettyRequestSender - Using open Channel [id: 0x9be8a0b3, L:/127.0.0.1:61582 - R:localhost/127.0.0.1:53622] for POST '/session/ac9da4f46ac00c0c1da0f34f7633d808/execute/sync'
22:26:10.705 [AsyncHttpClient-1-8] DEBUG org.asynchttpclient.netty.handler.HttpHandler - 

Request DefaultHttpRequest(decodeResult: success, version: HTTP/1.1)
POST /session/ac9da4f46ac00c0c1da0f34f7633d808/execute/sync HTTP/1.1
User-Agent: selenium/4.1.2 (java windows)
Content-Length: 47339
Content-Type: application/json; charset=utf-8
host: localhost:53622
accept: */*

Response DefaultHttpResponse(decodeResult: success, version: HTTP/1.1)
HTTP/1.1 200 OK
Content-Type: application/json; charset=utf-8
cache-control: no-cache
content-length: 99

22:26:10.705 [AsyncHttpClient-1-8] DEBUG org.asynchttpclient.netty.channel.ChannelManager - Adding key: http://localhost:53622 for channel [id: 0x9be8a0b3, L:/127.0.0.1:61582 - R:localhost/127.0.0.1:53622]
22:26:10.710 [Forwarding getElementAttribute on session ac9da4f46ac00c0c1da0f34f7633d808 to remote] DEBUG org.asynchttpclient.netty.request.NettyRequestSender - Using pooled Channel '[id: 0x9be8a0b3, L:/127.0.0.1:61582 - R:localhost/127.0.0.1:53622]' for 'POST' to 'http://localhost:53622/session/ac9da4f46ac00c0c1da0f34f7633d808/execute/sync'
22:26:10.710 [Forwarding getElementAttribute on session ac9da4f46ac00c0c1da0f34f7633d808 to remote] DEBUG org.asynchttpclient.netty.request.NettyRequestSender - Using open Channel [id: 0x9be8a0b3, L:/127.0.0.1:61582 - R:localhost/127.0.0.1:53622] for POST '/session/ac9da4f46ac00c0c1da0f34f7633d808/execute/sync'
22:26:10.725 [AsyncHttpClient-1-8] DEBUG org.asynchttpclient.netty.handler.HttpHandler - 

Request DefaultHttpRequest(decodeResult: success, version: HTTP/1.1)
POST /session/ac9da4f46ac00c0c1da0f34f7633d808/execute/sync HTTP/1.1
User-Agent: selenium/4.1.2 (java windows)
Content-Length: 47339
Content-Type: application/json; charset=utf-8
host: localhost:53622
accept: */*

Response DefaultHttpResponse(decodeResult: success, version: HTTP/1.1)
HTTP/1.1 200 OK
Content-Type: application/json; charset=utf-8
cache-control: no-cache
content-length: 84

22:26:10.725 [AsyncHttpClient-1-8] DEBUG org.asynchttpclient.netty.channel.ChannelManager - Adding key: http://localhost:53622 for channel [id: 0x9be8a0b3, L:/127.0.0.1:61582 - R:localhost/127.0.0.1:53622]
22:26:10.730 [Forwarding getElementAttribute on session ac9da4f46ac00c0c1da0f34f7633d808 to remote] DEBUG org.asynchttpclient.netty.request.NettyRequestSender - Using pooled Channel '[id: 0x9be8a0b3, L:/127.0.0.1:61582 - R:localhost/127.0.0.1:53622]' for 'POST' to 'http://localhost:53622/session/ac9da4f46ac00c0c1da0f34f7633d808/execute/sync'
22:26:10.730 [Forwarding getElementAttribute on session ac9da4f46ac00c0c1da0f34f7633d808 to remote] DEBUG org.asynchttpclient.netty.request.NettyRequestSender - Using open Channel [id: 0x9be8a0b3, L:/127.0.0.1:61582 - R:localhost/127.0.0.1:53622] for POST '/session/ac9da4f46ac00c0c1da0f34f7633d808/execute/sync'
22:26:10.743 [AsyncHttpClient-1-8] DEBUG org.asynchttpclient.netty.handler.HttpHandler - 

Request DefaultHttpRequest(decodeResult: success, version: HTTP/1.1)
POST /session/ac9da4f46ac00c0c1da0f34f7633d808/execute/sync HTTP/1.1
User-Agent: selenium/4.1.2 (java windows)
Content-Length: 47339
Content-Type: application/json; charset=utf-8
host: localhost:53622
accept: */*

Response DefaultHttpResponse(decodeResult: success, version: HTTP/1.1)
HTTP/1.1 200 OK
Content-Type: application/json; charset=utf-8
cache-control: no-cache
content-length: 85

22:26:10.744 [AsyncHttpClient-1-8] DEBUG org.asynchttpclient.netty.channel.ChannelManager - Adding key: http://localhost:53622 for channel [id: 0x9be8a0b3, L:/127.0.0.1:61582 - R:localhost/127.0.0.1:53622]
22:26:10.752 [Forwarding getElementAttribute on session ac9da4f46ac00c0c1da0f34f7633d808 to remote] DEBUG org.asynchttpclient.netty.request.NettyRequestSender - Using pooled Channel '[id: 0x9be8a0b3, L:/127.0.0.1:61582 - R:localhost/127.0.0.1:53622]' for 'POST' to 'http://localhost:53622/session/ac9da4f46ac00c0c1da0f34f7633d808/execute/sync'
22:26:10.752 [Forwarding getElementAttribute on session ac9da4f46ac00c0c1da0f34f7633d808 to remote] DEBUG org.asynchttpclient.netty.request.NettyRequestSender - Using open Channel [id: 0x9be8a0b3, L:/127.0.0.1:61582 - R:localhost/127.0.0.1:53622] for POST '/session/ac9da4f46ac00c0c1da0f34f7633d808/execute/sync'
22:26:10.769 [AsyncHttpClient-1-8] DEBUG org.asynchttpclient.netty.handler.HttpHandler - 

Request DefaultHttpRequest(decodeResult: success, version: HTTP/1.1)
POST /session/ac9da4f46ac00c0c1da0f34f7633d808/execute/sync HTTP/1.1
User-Agent: selenium/4.1.2 (java windows)
Content-Length: 47339
Content-Type: application/json; charset=utf-8
host: localhost:53622
accept: */*

Response DefaultHttpResponse(decodeResult: success, version: HTTP/1.1)
HTTP/1.1 200 OK
Content-Type: application/json; charset=utf-8
cache-control: no-cache
content-length: 76

22:26:10.769 [AsyncHttpClient-1-8] DEBUG org.asynchttpclient.netty.channel.ChannelManager - Adding key: http://localhost:53622 for channel [id: 0x9be8a0b3, L:/127.0.0.1:61582 - R:localhost/127.0.0.1:53622]
22:26:10.773 [Forwarding getElementAttribute on session ac9da4f46ac00c0c1da0f34f7633d808 to remote] DEBUG org.asynchttpclient.netty.request.NettyRequestSender - Using pooled Channel '[id: 0x9be8a0b3, L:/127.0.0.1:61582 - R:localhost/127.0.0.1:53622]' for 'POST' to 'http://localhost:53622/session/ac9da4f46ac00c0c1da0f34f7633d808/execute/sync'
22:26:10.773 [Forwarding getElementAttribute on session ac9da4f46ac00c0c1da0f34f7633d808 to remote] DEBUG org.asynchttpclient.netty.request.NettyRequestSender - Using open Channel [id: 0x9be8a0b3, L:/127.0.0.1:61582 - R:localhost/127.0.0.1:53622] for POST '/session/ac9da4f46ac00c0c1da0f34f7633d808/execute/sync'
22:26:10.785 [AsyncHttpClient-1-8] DEBUG org.asynchttpclient.netty.handler.HttpHandler - 

Request DefaultHttpRequest(decodeResult: success, version: HTTP/1.1)
POST /session/ac9da4f46ac00c0c1da0f34f7633d808/execute/sync HTTP/1.1
User-Agent: selenium/4.1.2 (java windows)
Content-Length: 47339
Content-Type: application/json; charset=utf-8
host: localhost:53622
accept: */*

Response DefaultHttpResponse(decodeResult: success, version: HTTP/1.1)
HTTP/1.1 200 OK
Content-Type: application/json; charset=utf-8
cache-control: no-cache
content-length: 91

22:26:10.785 [AsyncHttpClient-1-8] DEBUG org.asynchttpclient.netty.channel.ChannelManager - Adding key: http://localhost:53622 for channel [id: 0x9be8a0b3, L:/127.0.0.1:61582 - R:localhost/127.0.0.1:53622]
22:26:10.790 [Forwarding getElementAttribute on session ac9da4f46ac00c0c1da0f34f7633d808 to remote] DEBUG org.asynchttpclient.netty.request.NettyRequestSender - Using pooled Channel '[id: 0x9be8a0b3, L:/127.0.0.1:61582 - R:localhost/127.0.0.1:53622]' for 'POST' to 'http://localhost:53622/session/ac9da4f46ac00c0c1da0f34f7633d808/execute/sync'
22:26:10.790 [Forwarding getElementAttribute on session ac9da4f46ac00c0c1da0f34f7633d808 to remote] DEBUG org.asynchttpclient.netty.request.NettyRequestSender - Using open Channel [id: 0x9be8a0b3, L:/127.0.0.1:61582 - R:localhost/127.0.0.1:53622] for POST '/session/ac9da4f46ac00c0c1da0f34f7633d808/execute/sync'
22:26:10.804 [AsyncHttpClient-1-8] DEBUG org.asynchttpclient.netty.handler.HttpHandler - 

Request DefaultHttpRequest(decodeResult: success, version: HTTP/1.1)
POST /session/ac9da4f46ac00c0c1da0f34f7633d808/execute/sync HTTP/1.1
User-Agent: selenium/4.1.2 (java windows)
Content-Length: 47339
Content-Type: application/json; charset=utf-8
host: localhost:53622
accept: */*

Response DefaultHttpResponse(decodeResult: success, version: HTTP/1.1)
HTTP/1.1 200 OK
Content-Type: application/json; charset=utf-8
cache-control: no-cache
content-length: 86

22:26:10.805 [AsyncHttpClient-1-8] DEBUG org.asynchttpclient.netty.channel.ChannelManager - Adding key: http://localhost:53622 for channel [id: 0x9be8a0b3, L:/127.0.0.1:61582 - R:localhost/127.0.0.1:53622]
22:26:10.808 [Forwarding getElementAttribute on session ac9da4f46ac00c0c1da0f34f7633d808 to remote] DEBUG org.asynchttpclient.netty.request.NettyRequestSender - Using pooled Channel '[id: 0x9be8a0b3, L:/127.0.0.1:61582 - R:localhost/127.0.0.1:53622]' for 'POST' to 'http://localhost:53622/session/ac9da4f46ac00c0c1da0f34f7633d808/execute/sync'
22:26:10.808 [Forwarding getElementAttribute on session ac9da4f46ac00c0c1da0f34f7633d808 to remote] DEBUG org.asynchttpclient.netty.request.NettyRequestSender - Using open Channel [id: 0x9be8a0b3, L:/127.0.0.1:61582 - R:localhost/127.0.0.1:53622] for POST '/session/ac9da4f46ac00c0c1da0f34f7633d808/execute/sync'
22:26:10.821 [AsyncHttpClient-1-8] DEBUG org.asynchttpclient.netty.handler.HttpHandler - 

Request DefaultHttpRequest(decodeResult: success, version: HTTP/1.1)
POST /session/ac9da4f46ac00c0c1da0f34f7633d808/execute/sync HTTP/1.1
User-Agent: selenium/4.1.2 (java windows)
Content-Length: 47339
Content-Type: application/json; charset=utf-8
host: localhost:53622
accept: */*

Response DefaultHttpResponse(decodeResult: success, version: HTTP/1.1)
HTTP/1.1 200 OK
Content-Type: application/json; charset=utf-8
cache-control: no-cache
content-length: 77

22:26:10.821 [AsyncHttpClient-1-8] DEBUG org.asynchttpclient.netty.channel.ChannelManager - Adding key: http://localhost:53622 for channel [id: 0x9be8a0b3, L:/127.0.0.1:61582 - R:localhost/127.0.0.1:53622]
22:26:10.825 [Forwarding getElementAttribute on session ac9da4f46ac00c0c1da0f34f7633d808 to remote] DEBUG org.asynchttpclient.netty.request.NettyRequestSender - Using pooled Channel '[id: 0x9be8a0b3, L:/127.0.0.1:61582 - R:localhost/127.0.0.1:53622]' for 'POST' to 'http://localhost:53622/session/ac9da4f46ac00c0c1da0f34f7633d808/execute/sync'
22:26:10.825 [Forwarding getElementAttribute on session ac9da4f46ac00c0c1da0f34f7633d808 to remote] DEBUG org.asynchttpclient.netty.request.NettyRequestSender - Using open Channel [id: 0x9be8a0b3, L:/127.0.0.1:61582 - R:localhost/127.0.0.1:53622] for POST '/session/ac9da4f46ac00c0c1da0f34f7633d808/execute/sync'
22:26:10.837 [AsyncHttpClient-1-8] DEBUG org.asynchttpclient.netty.handler.HttpHandler - 

Request DefaultHttpRequest(decodeResult: success, version: HTTP/1.1)
POST /session/ac9da4f46ac00c0c1da0f34f7633d808/execute/sync HTTP/1.1
User-Agent: selenium/4.1.2 (java windows)
Content-Length: 47339
Content-Type: application/json; charset=utf-8
host: localhost:53622
accept: */*

Response DefaultHttpResponse(decodeResult: success, version: HTTP/1.1)
HTTP/1.1 200 OK
Content-Type: application/json; charset=utf-8
cache-control: no-cache
content-length: 89

22:26:10.837 [AsyncHttpClient-1-8] DEBUG org.asynchttpclient.netty.channel.ChannelManager - Adding key: http://localhost:53622 for channel [id: 0x9be8a0b3, L:/127.0.0.1:61582 - R:localhost/127.0.0.1:53622]
22:26:10.841 [Forwarding getElementAttribute on session ac9da4f46ac00c0c1da0f34f7633d808 to remote] DEBUG org.asynchttpclient.netty.request.NettyRequestSender - Using pooled Channel '[id: 0x9be8a0b3, L:/127.0.0.1:61582 - R:localhost/127.0.0.1:53622]' for 'POST' to 'http://localhost:53622/session/ac9da4f46ac00c0c1da0f34f7633d808/execute/sync'
22:26:10.841 [Forwarding getElementAttribute on session ac9da4f46ac00c0c1da0f34f7633d808 to remote] DEBUG org.asynchttpclient.netty.request.NettyRequestSender - Using open Channel [id: 0x9be8a0b3, L:/127.0.0.1:61582 - R:localhost/127.0.0.1:53622] for POST '/session/ac9da4f46ac00c0c1da0f34f7633d808/execute/sync'
22:26:10.854 [AsyncHttpClient-1-8] DEBUG org.asynchttpclient.netty.handler.HttpHandler - 

Request DefaultHttpRequest(decodeResult: success, version: HTTP/1.1)
POST /session/ac9da4f46ac00c0c1da0f34f7633d808/execute/sync HTTP/1.1
User-Agent: selenium/4.1.2 (java windows)
Content-Length: 47339
Content-Type: application/json; charset=utf-8
host: localhost:53622
accept: */*

Response DefaultHttpResponse(decodeResult: success, version: HTTP/1.1)
HTTP/1.1 200 OK
Content-Type: application/json; charset=utf-8
cache-control: no-cache
content-length: 85

22:26:10.854 [AsyncHttpClient-1-8] DEBUG org.asynchttpclient.netty.channel.ChannelManager - Adding key: http://localhost:53622 for channel [id: 0x9be8a0b3, L:/127.0.0.1:61582 - R:localhost/127.0.0.1:53622]
22:26:10.858 [Forwarding getElementAttribute on session ac9da4f46ac00c0c1da0f34f7633d808 to remote] DEBUG org.asynchttpclient.netty.request.NettyRequestSender - Using pooled Channel '[id: 0x9be8a0b3, L:/127.0.0.1:61582 - R:localhost/127.0.0.1:53622]' for 'POST' to 'http://localhost:53622/session/ac9da4f46ac00c0c1da0f34f7633d808/execute/sync'
22:26:10.858 [Forwarding getElementAttribute on session ac9da4f46ac00c0c1da0f34f7633d808 to remote] DEBUG org.asynchttpclient.netty.request.NettyRequestSender - Using open Channel [id: 0x9be8a0b3, L:/127.0.0.1:61582 - R:localhost/127.0.0.1:53622] for POST '/session/ac9da4f46ac00c0c1da0f34f7633d808/execute/sync'
22:26:10.870 [AsyncHttpClient-1-8] DEBUG org.asynchttpclient.netty.handler.HttpHandler - 

Request DefaultHttpRequest(decodeResult: success, version: HTTP/1.1)
POST /session/ac9da4f46ac00c0c1da0f34f7633d808/execute/sync HTTP/1.1
User-Agent: selenium/4.1.2 (java windows)
Content-Length: 47339
Content-Type: application/json; charset=utf-8
host: localhost:53622
accept: */*

Response DefaultHttpResponse(decodeResult: success, version: HTTP/1.1)
HTTP/1.1 200 OK
Content-Type: application/json; charset=utf-8
cache-control: no-cache
content-length: 81

22:26:10.871 [AsyncHttpClient-1-8] DEBUG org.asynchttpclient.netty.channel.ChannelManager - Adding key: http://localhost:53622 for channel [id: 0x9be8a0b3, L:/127.0.0.1:61582 - R:localhost/127.0.0.1:53622]
22:26:10.875 [Forwarding getElementAttribute on session ac9da4f46ac00c0c1da0f34f7633d808 to remote] DEBUG org.asynchttpclient.netty.request.NettyRequestSender - Using pooled Channel '[id: 0x9be8a0b3, L:/127.0.0.1:61582 - R:localhost/127.0.0.1:53622]' for 'POST' to 'http://localhost:53622/session/ac9da4f46ac00c0c1da0f34f7633d808/execute/sync'
22:26:10.875 [Forwarding getElementAttribute on session ac9da4f46ac00c0c1da0f34f7633d808 to remote] DEBUG org.asynchttpclient.netty.request.NettyRequestSender - Using open Channel [id: 0x9be8a0b3, L:/127.0.0.1:61582 - R:localhost/127.0.0.1:53622] for POST '/session/ac9da4f46ac00c0c1da0f34f7633d808/execute/sync'
22:26:10.895 [AsyncHttpClient-1-8] DEBUG org.asynchttpclient.netty.handler.HttpHandler - 

Request DefaultHttpRequest(decodeResult: success, version: HTTP/1.1)
POST /session/ac9da4f46ac00c0c1da0f34f7633d808/execute/sync HTTP/1.1
User-Agent: selenium/4.1.2 (java windows)
Content-Length: 47339
Content-Type: application/json; charset=utf-8
host: localhost:53622
accept: */*

Response DefaultHttpResponse(decodeResult: success, version: HTTP/1.1)
HTTP/1.1 200 OK
Content-Type: application/json; charset=utf-8
cache-control: no-cache
content-length: 100

22:26:10.895 [AsyncHttpClient-1-8] DEBUG org.asynchttpclient.netty.channel.ChannelManager - Adding key: http://localhost:53622 for channel [id: 0x9be8a0b3, L:/127.0.0.1:61582 - R:localhost/127.0.0.1:53622]
22:26:10.901 [Forwarding getElementAttribute on session ac9da4f46ac00c0c1da0f34f7633d808 to remote] DEBUG org.asynchttpclient.netty.request.NettyRequestSender - Using pooled Channel '[id: 0x9be8a0b3, L:/127.0.0.1:61582 - R:localhost/127.0.0.1:53622]' for 'POST' to 'http://localhost:53622/session/ac9da4f46ac00c0c1da0f34f7633d808/execute/sync'
22:26:10.901 [Forwarding getElementAttribute on session ac9da4f46ac00c0c1da0f34f7633d808 to remote] DEBUG org.asynchttpclient.netty.request.NettyRequestSender - Using open Channel [id: 0x9be8a0b3, L:/127.0.0.1:61582 - R:localhost/127.0.0.1:53622] for POST '/session/ac9da4f46ac00c0c1da0f34f7633d808/execute/sync'
22:26:10.917 [AsyncHttpClient-1-8] DEBUG org.asynchttpclient.netty.handler.HttpHandler - 

Request DefaultHttpRequest(decodeResult: success, version: HTTP/1.1)
POST /session/ac9da4f46ac00c0c1da0f34f7633d808/execute/sync HTTP/1.1
User-Agent: selenium/4.1.2 (java windows)
Content-Length: 47339
Content-Type: application/json; charset=utf-8
host: localhost:53622
accept: */*

Response DefaultHttpResponse(decodeResult: success, version: HTTP/1.1)
HTTP/1.1 200 OK
Content-Type: application/json; charset=utf-8
cache-control: no-cache
content-length: 97

22:26:10.917 [AsyncHttpClient-1-8] DEBUG org.asynchttpclient.netty.channel.ChannelManager - Adding key: http://localhost:53622 for channel [id: 0x9be8a0b3, L:/127.0.0.1:61582 - R:localhost/127.0.0.1:53622]
22:26:10.921 [Forwarding getElementAttribute on session ac9da4f46ac00c0c1da0f34f7633d808 to remote] DEBUG org.asynchttpclient.netty.request.NettyRequestSender - Using pooled Channel '[id: 0x9be8a0b3, L:/127.0.0.1:61582 - R:localhost/127.0.0.1:53622]' for 'POST' to 'http://localhost:53622/session/ac9da4f46ac00c0c1da0f34f7633d808/execute/sync'
22:26:10.921 [Forwarding getElementAttribute on session ac9da4f46ac00c0c1da0f34f7633d808 to remote] DEBUG org.asynchttpclient.netty.request.NettyRequestSender - Using open Channel [id: 0x9be8a0b3, L:/127.0.0.1:61582 - R:localhost/127.0.0.1:53622] for POST '/session/ac9da4f46ac00c0c1da0f34f7633d808/execute/sync'
22:26:10.933 [AsyncHttpClient-1-8] DEBUG org.asynchttpclient.netty.handler.HttpHandler - 

Request DefaultHttpRequest(decodeResult: success, version: HTTP/1.1)
POST /session/ac9da4f46ac00c0c1da0f34f7633d808/execute/sync HTTP/1.1
User-Agent: selenium/4.1.2 (java windows)
Content-Length: 47339
Content-Type: application/json; charset=utf-8
host: localhost:53622
accept: */*

Response DefaultHttpResponse(decodeResult: success, version: HTTP/1.1)
HTTP/1.1 200 OK
Content-Type: application/json; charset=utf-8
cache-control: no-cache
content-length: 98

22:26:10.933 [AsyncHttpClient-1-8] DEBUG org.asynchttpclient.netty.channel.ChannelManager - Adding key: http://localhost:53622 for channel [id: 0x9be8a0b3, L:/127.0.0.1:61582 - R:localhost/127.0.0.1:53622]
22:26:10.937 [Forwarding getElementAttribute on session ac9da4f46ac00c0c1da0f34f7633d808 to remote] DEBUG org.asynchttpclient.netty.request.NettyRequestSender - Using pooled Channel '[id: 0x9be8a0b3, L:/127.0.0.1:61582 - R:localhost/127.0.0.1:53622]' for 'POST' to 'http://localhost:53622/session/ac9da4f46ac00c0c1da0f34f7633d808/execute/sync'
22:26:10.937 [Forwarding getElementAttribute on session ac9da4f46ac00c0c1da0f34f7633d808 to remote] DEBUG org.asynchttpclient.netty.request.NettyRequestSender - Using open Channel [id: 0x9be8a0b3, L:/127.0.0.1:61582 - R:localhost/127.0.0.1:53622] for POST '/session/ac9da4f46ac00c0c1da0f34f7633d808/execute/sync'
22:26:10.954 [AsyncHttpClient-1-8] DEBUG org.asynchttpclient.netty.handler.HttpHandler - 

Request DefaultHttpRequest(decodeResult: success, version: HTTP/1.1)
POST /session/ac9da4f46ac00c0c1da0f34f7633d808/execute/sync HTTP/1.1
User-Agent: selenium/4.1.2 (java windows)
Content-Length: 47339
Content-Type: application/json; charset=utf-8
host: localhost:53622
accept: */*

Response DefaultHttpResponse(decodeResult: success, version: HTTP/1.1)
HTTP/1.1 200 OK
Content-Type: application/json; charset=utf-8
cache-control: no-cache
content-length: 89

22:26:10.954 [AsyncHttpClient-1-8] DEBUG org.asynchttpclient.netty.channel.ChannelManager - Adding key: http://localhost:53622 for channel [id: 0x9be8a0b3, L:/127.0.0.1:61582 - R:localhost/127.0.0.1:53622]
22:26:10.958 [Forwarding getElementAttribute on session ac9da4f46ac00c0c1da0f34f7633d808 to remote] DEBUG org.asynchttpclient.netty.request.NettyRequestSender - Using pooled Channel '[id: 0x9be8a0b3, L:/127.0.0.1:61582 - R:localhost/127.0.0.1:53622]' for 'POST' to 'http://localhost:53622/session/ac9da4f46ac00c0c1da0f34f7633d808/execute/sync'
22:26:10.958 [Forwarding getElementAttribute on session ac9da4f46ac00c0c1da0f34f7633d808 to remote] DEBUG org.asynchttpclient.netty.request.NettyRequestSender - Using open Channel [id: 0x9be8a0b3, L:/127.0.0.1:61582 - R:localhost/127.0.0.1:53622] for POST '/session/ac9da4f46ac00c0c1da0f34f7633d808/execute/sync'
22:26:10.973 [AsyncHttpClient-1-8] DEBUG org.asynchttpclient.netty.handler.HttpHandler - 

Request DefaultHttpRequest(decodeResult: success, version: HTTP/1.1)
POST /session/ac9da4f46ac00c0c1da0f34f7633d808/execute/sync HTTP/1.1
User-Agent: selenium/4.1.2 (java windows)
Content-Length: 47339
Content-Type: application/json; charset=utf-8
host: localhost:53622
accept: */*

Response DefaultHttpResponse(decodeResult: success, version: HTTP/1.1)
HTTP/1.1 200 OK
Content-Type: application/json; charset=utf-8
cache-control: no-cache
content-length: 80

22:26:10.973 [AsyncHttpClient-1-8] DEBUG org.asynchttpclient.netty.channel.ChannelManager - Adding key: http://localhost:53622 for channel [id: 0x9be8a0b3, L:/127.0.0.1:61582 - R:localhost/127.0.0.1:53622]
22:26:11.078 [Forwarding findElements on session ac9da4f46ac00c0c1da0f34f7633d808 to remote] DEBUG org.asynchttpclient.netty.request.NettyRequestSender - Using pooled Channel '[id: 0x9be8a0b3, L:/127.0.0.1:61582 - R:localhost/127.0.0.1:53622]' for 'POST' to 'http://localhost:53622/session/ac9da4f46ac00c0c1da0f34f7633d808/elements'
22:26:11.078 [Forwarding findElements on session ac9da4f46ac00c0c1da0f34f7633d808 to remote] DEBUG org.asynchttpclient.netty.request.NettyRequestSender - Using open Channel [id: 0x9be8a0b3, L:/127.0.0.1:61582 - R:localhost/127.0.0.1:53622] for POST '/session/ac9da4f46ac00c0c1da0f34f7633d808/elements'
22:26:11.117 [AsyncHttpClient-1-8] DEBUG org.asynchttpclient.netty.handler.HttpHandler - 

Request DefaultHttpRequest(decodeResult: success, version: HTTP/1.1)
POST /session/ac9da4f46ac00c0c1da0f34f7633d808/elements HTTP/1.1
User-Agent: selenium/4.1.2 (java windows)
Content-Length: 84
Content-Type: application/json; charset=utf-8
host: localhost:53622
accept: */*

Response DefaultHttpResponse(decodeResult: success, version: HTTP/1.1)
HTTP/1.1 200 OK
Content-Type: application/json; charset=utf-8
cache-control: no-cache
content-length: 2381

22:26:11.117 [AsyncHttpClient-1-8] DEBUG org.asynchttpclient.netty.channel.ChannelManager - Adding key: http://localhost:53622 for channel [id: 0x9be8a0b3, L:/127.0.0.1:61582 - R:localhost/127.0.0.1:53622]
22:26:11.120 [Forwarding findElement on session ac9da4f46ac00c0c1da0f34f7633d808 to remote] DEBUG org.asynchttpclient.netty.request.NettyRequestSender - Using pooled Channel '[id: 0x9be8a0b3, L:/127.0.0.1:61582 - R:localhost/127.0.0.1:53622]' for 'POST' to 'http://localhost:53622/session/ac9da4f46ac00c0c1da0f34f7633d808/element'
22:26:11.120 [Forwarding findElement on session ac9da4f46ac00c0c1da0f34f7633d808 to remote] DEBUG org.asynchttpclient.netty.request.NettyRequestSender - Using open Channel [id: 0x9be8a0b3, L:/127.0.0.1:61582 - R:localhost/127.0.0.1:53622] for POST '/session/ac9da4f46ac00c0c1da0f34f7633d808/element'
22:26:11.157 [AsyncHttpClient-1-8] DEBUG org.asynchttpclient.netty.handler.HttpHandler - 

Request DefaultHttpRequest(decodeResult: success, version: HTTP/1.1)
POST /session/ac9da4f46ac00c0c1da0f34f7633d808/element HTTP/1.1
User-Agent: selenium/4.1.2 (java windows)
Content-Length: 74
Content-Type: application/json; charset=utf-8
host: localhost:53622
accept: */*

Response DefaultHttpResponse(decodeResult: success, version: HTTP/1.1)
HTTP/1.1 200 OK
Content-Type: application/json; charset=utf-8
cache-control: no-cache
content-length: 88

22:26:11.157 [AsyncHttpClient-1-8] DEBUG org.asynchttpclient.netty.channel.ChannelManager - Adding key: http://localhost:53622 for channel [id: 0x9be8a0b3, L:/127.0.0.1:61582 - R:localhost/127.0.0.1:53622]
22:26:11.162 [Forwarding getElementAttribute on session ac9da4f46ac00c0c1da0f34f7633d808 to remote] DEBUG org.asynchttpclient.netty.request.NettyRequestSender - Using pooled Channel '[id: 0x9be8a0b3, L:/127.0.0.1:61582 - R:localhost/127.0.0.1:53622]' for 'POST' to 'http://localhost:53622/session/ac9da4f46ac00c0c1da0f34f7633d808/execute/sync'
22:26:11.162 [Forwarding getElementAttribute on session ac9da4f46ac00c0c1da0f34f7633d808 to remote] DEBUG org.asynchttpclient.netty.request.NettyRequestSender - Using open Channel [id: 0x9be8a0b3, L:/127.0.0.1:61582 - R:localhost/127.0.0.1:53622] for POST '/session/ac9da4f46ac00c0c1da0f34f7633d808/execute/sync'
22:26:11.216 [AsyncHttpClient-1-8] DEBUG org.asynchttpclient.netty.handler.HttpHandler - 

Request DefaultHttpRequest(decodeResult: success, version: HTTP/1.1)
POST /session/ac9da4f46ac00c0c1da0f34f7633d808/execute/sync HTTP/1.1
User-Agent: selenium/4.1.2 (java windows)
Content-Length: 47339
Content-Type: application/json; charset=utf-8
host: localhost:53622
accept: */*

Response DefaultHttpResponse(decodeResult: success, version: HTTP/1.1)
HTTP/1.1 200 OK
Content-Type: application/json; charset=utf-8
cache-control: no-cache
content-length: 93

22:26:11.216 [AsyncHttpClient-1-8] DEBUG org.asynchttpclient.netty.channel.ChannelManager - Adding key: http://localhost:53622 for channel [id: 0x9be8a0b3, L:/127.0.0.1:61582 - R:localhost/127.0.0.1:53622]
22:26:11.220 [Forwarding getElementAttribute on session ac9da4f46ac00c0c1da0f34f7633d808 to remote] DEBUG org.asynchttpclient.netty.request.NettyRequestSender - Using pooled Channel '[id: 0x9be8a0b3, L:/127.0.0.1:61582 - R:localhost/127.0.0.1:53622]' for 'POST' to 'http://localhost:53622/session/ac9da4f46ac00c0c1da0f34f7633d808/execute/sync'
22:26:11.220 [Forwarding getElementAttribute on session ac9da4f46ac00c0c1da0f34f7633d808 to remote] DEBUG org.asynchttpclient.netty.request.NettyRequestSender - Using open Channel [id: 0x9be8a0b3, L:/127.0.0.1:61582 - R:localhost/127.0.0.1:53622] for POST '/session/ac9da4f46ac00c0c1da0f34f7633d808/execute/sync'
22:26:11.254 [AsyncHttpClient-1-8] DEBUG org.asynchttpclient.netty.handler.HttpHandler - 

Request DefaultHttpRequest(decodeResult: success, version: HTTP/1.1)
POST /session/ac9da4f46ac00c0c1da0f34f7633d808/execute/sync HTTP/1.1
User-Agent: selenium/4.1.2 (java windows)
Content-Length: 47339
Content-Type: application/json; charset=utf-8
host: localhost:53622
accept: */*

Response DefaultHttpResponse(decodeResult: success, version: HTTP/1.1)
HTTP/1.1 200 OK
Content-Type: application/json; charset=utf-8
cache-control: no-cache
content-length: 112

22:26:11.254 [AsyncHttpClient-1-8] DEBUG org.asynchttpclient.netty.channel.ChannelManager - Adding key: http://localhost:53622 for channel [id: 0x9be8a0b3, L:/127.0.0.1:61582 - R:localhost/127.0.0.1:53622]
22:26:11.258 [Forwarding getElementAttribute on session ac9da4f46ac00c0c1da0f34f7633d808 to remote] DEBUG org.asynchttpclient.netty.request.NettyRequestSender - Using pooled Channel '[id: 0x9be8a0b3, L:/127.0.0.1:61582 - R:localhost/127.0.0.1:53622]' for 'POST' to 'http://localhost:53622/session/ac9da4f46ac00c0c1da0f34f7633d808/execute/sync'
22:26:11.259 [Forwarding getElementAttribute on session ac9da4f46ac00c0c1da0f34f7633d808 to remote] DEBUG org.asynchttpclient.netty.request.NettyRequestSender - Using open Channel [id: 0x9be8a0b3, L:/127.0.0.1:61582 - R:localhost/127.0.0.1:53622] for POST '/session/ac9da4f46ac00c0c1da0f34f7633d808/execute/sync'
22:26:11.307 [AsyncHttpClient-1-8] DEBUG org.asynchttpclient.netty.handler.HttpHandler - 

Request DefaultHttpRequest(decodeResult: success, version: HTTP/1.1)
POST /session/ac9da4f46ac00c0c1da0f34f7633d808/execute/sync HTTP/1.1
User-Agent: selenium/4.1.2 (java windows)
Content-Length: 47339
Content-Type: application/json; charset=utf-8
host: localhost:53622
accept: */*

Response DefaultHttpResponse(decodeResult: success, version: HTTP/1.1)
HTTP/1.1 200 OK
Content-Type: application/json; charset=utf-8
cache-control: no-cache
content-length: 121

22:26:11.307 [AsyncHttpClient-1-8] DEBUG org.asynchttpclient.netty.channel.ChannelManager - Adding key: http://localhost:53622 for channel [id: 0x9be8a0b3, L:/127.0.0.1:61582 - R:localhost/127.0.0.1:53622]
22:26:11.312 [Forwarding getElementAttribute on session ac9da4f46ac00c0c1da0f34f7633d808 to remote] DEBUG org.asynchttpclient.netty.request.NettyRequestSender - Using pooled Channel '[id: 0x9be8a0b3, L:/127.0.0.1:61582 - R:localhost/127.0.0.1:53622]' for 'POST' to 'http://localhost:53622/session/ac9da4f46ac00c0c1da0f34f7633d808/execute/sync'
22:26:11.312 [Forwarding getElementAttribute on session ac9da4f46ac00c0c1da0f34f7633d808 to remote] DEBUG org.asynchttpclient.netty.request.NettyRequestSender - Using open Channel [id: 0x9be8a0b3, L:/127.0.0.1:61582 - R:localhost/127.0.0.1:53622] for POST '/session/ac9da4f46ac00c0c1da0f34f7633d808/execute/sync'
22:26:11.352 [AsyncHttpClient-1-8] DEBUG org.asynchttpclient.netty.handler.HttpHandler - 

Request DefaultHttpRequest(decodeResult: success, version: HTTP/1.1)
POST /session/ac9da4f46ac00c0c1da0f34f7633d808/execute/sync HTTP/1.1
User-Agent: selenium/4.1.2 (java windows)
Content-Length: 47339
Content-Type: application/json; charset=utf-8
host: localhost:53622
accept: */*

Response DefaultHttpResponse(decodeResult: success, version: HTTP/1.1)
HTTP/1.1 200 OK
Content-Type: application/json; charset=utf-8
cache-control: no-cache
content-length: 99

22:26:11.353 [AsyncHttpClient-1-8] DEBUG org.asynchttpclient.netty.channel.ChannelManager - Adding key: http://localhost:53622 for channel [id: 0x9be8a0b3, L:/127.0.0.1:61582 - R:localhost/127.0.0.1:53622]
22:26:11.358 [Forwarding getElementAttribute on session ac9da4f46ac00c0c1da0f34f7633d808 to remote] DEBUG org.asynchttpclient.netty.request.NettyRequestSender - Using pooled Channel '[id: 0x9be8a0b3, L:/127.0.0.1:61582 - R:localhost/127.0.0.1:53622]' for 'POST' to 'http://localhost:53622/session/ac9da4f46ac00c0c1da0f34f7633d808/execute/sync'
22:26:11.358 [Forwarding getElementAttribute on session ac9da4f46ac00c0c1da0f34f7633d808 to remote] DEBUG org.asynchttpclient.netty.request.NettyRequestSender - Using open Channel [id: 0x9be8a0b3, L:/127.0.0.1:61582 - R:localhost/127.0.0.1:53622] for POST '/session/ac9da4f46ac00c0c1da0f34f7633d808/execute/sync'
22:26:11.372 [AsyncHttpClient-1-8] DEBUG org.asynchttpclient.netty.handler.HttpHandler - 

Request DefaultHttpRequest(decodeResult: success, version: HTTP/1.1)
POST /session/ac9da4f46ac00c0c1da0f34f7633d808/execute/sync HTTP/1.1
User-Agent: selenium/4.1.2 (java windows)
Content-Length: 47339
Content-Type: application/json; charset=utf-8
host: localhost:53622
accept: */*

Response DefaultHttpResponse(decodeResult: success, version: HTTP/1.1)
HTTP/1.1 200 OK
Content-Type: application/json; charset=utf-8
cache-control: no-cache
content-length: 91

22:26:11.372 [AsyncHttpClient-1-8] DEBUG org.asynchttpclient.netty.channel.ChannelManager - Adding key: http://localhost:53622 for channel [id: 0x9be8a0b3, L:/127.0.0.1:61582 - R:localhost/127.0.0.1:53622]
22:26:11.377 [Forwarding getElementAttribute on session ac9da4f46ac00c0c1da0f34f7633d808 to remote] DEBUG org.asynchttpclient.netty.request.NettyRequestSender - Using pooled Channel '[id: 0x9be8a0b3, L:/127.0.0.1:61582 - R:localhost/127.0.0.1:53622]' for 'POST' to 'http://localhost:53622/session/ac9da4f46ac00c0c1da0f34f7633d808/execute/sync'
22:26:11.377 [Forwarding getElementAttribute on session ac9da4f46ac00c0c1da0f34f7633d808 to remote] DEBUG org.asynchttpclient.netty.request.NettyRequestSender - Using open Channel [id: 0x9be8a0b3, L:/127.0.0.1:61582 - R:localhost/127.0.0.1:53622] for POST '/session/ac9da4f46ac00c0c1da0f34f7633d808/execute/sync'
22:26:11.387 [AsyncHttpClient-1-8] DEBUG org.asynchttpclient.netty.handler.HttpHandler - 

Request DefaultHttpRequest(decodeResult: success, version: HTTP/1.1)
POST /session/ac9da4f46ac00c0c1da0f34f7633d808/execute/sync HTTP/1.1
User-Agent: selenium/4.1.2 (java windows)
Content-Length: 47339
Content-Type: application/json; charset=utf-8
host: localhost:53622
accept: */*

Response DefaultHttpResponse(decodeResult: success, version: HTTP/1.1)
HTTP/1.1 200 OK
Content-Type: application/json; charset=utf-8
cache-control: no-cache
content-length: 120

22:26:11.387 [AsyncHttpClient-1-8] DEBUG org.asynchttpclient.netty.channel.ChannelManager - Adding key: http://localhost:53622 for channel [id: 0x9be8a0b3, L:/127.0.0.1:61582 - R:localhost/127.0.0.1:53622]
22:26:11.391 [Forwarding getElementAttribute on session ac9da4f46ac00c0c1da0f34f7633d808 to remote] DEBUG org.asynchttpclient.netty.request.NettyRequestSender - Using pooled Channel '[id: 0x9be8a0b3, L:/127.0.0.1:61582 - R:localhost/127.0.0.1:53622]' for 'POST' to 'http://localhost:53622/session/ac9da4f46ac00c0c1da0f34f7633d808/execute/sync'
22:26:11.391 [Forwarding getElementAttribute on session ac9da4f46ac00c0c1da0f34f7633d808 to remote] DEBUG org.asynchttpclient.netty.request.NettyRequestSender - Using open Channel [id: 0x9be8a0b3, L:/127.0.0.1:61582 - R:localhost/127.0.0.1:53622] for POST '/session/ac9da4f46ac00c0c1da0f34f7633d808/execute/sync'
22:26:11.402 [AsyncHttpClient-1-8] DEBUG org.asynchttpclient.netty.handler.HttpHandler - 

Request DefaultHttpRequest(decodeResult: success, version: HTTP/1.1)
POST /session/ac9da4f46ac00c0c1da0f34f7633d808/execute/sync HTTP/1.1
User-Agent: selenium/4.1.2 (java windows)
Content-Length: 47339
Content-Type: application/json; charset=utf-8
host: localhost:53622
accept: */*

Response DefaultHttpResponse(decodeResult: success, version: HTTP/1.1)
HTTP/1.1 200 OK
Content-Type: application/json; charset=utf-8
cache-control: no-cache
content-length: 64

22:26:11.402 [AsyncHttpClient-1-8] DEBUG org.asynchttpclient.netty.channel.ChannelManager - Adding key: http://localhost:53622 for channel [id: 0x9be8a0b3, L:/127.0.0.1:61582 - R:localhost/127.0.0.1:53622]
22:26:11.406 [Forwarding getElementAttribute on session ac9da4f46ac00c0c1da0f34f7633d808 to remote] DEBUG org.asynchttpclient.netty.request.NettyRequestSender - Using pooled Channel '[id: 0x9be8a0b3, L:/127.0.0.1:61582 - R:localhost/127.0.0.1:53622]' for 'POST' to 'http://localhost:53622/session/ac9da4f46ac00c0c1da0f34f7633d808/execute/sync'
22:26:11.406 [Forwarding getElementAttribute on session ac9da4f46ac00c0c1da0f34f7633d808 to remote] DEBUG org.asynchttpclient.netty.request.NettyRequestSender - Using open Channel [id: 0x9be8a0b3, L:/127.0.0.1:61582 - R:localhost/127.0.0.1:53622] for POST '/session/ac9da4f46ac00c0c1da0f34f7633d808/execute/sync'
22:26:11.420 [AsyncHttpClient-1-8] DEBUG org.asynchttpclient.netty.handler.HttpHandler - 

Request DefaultHttpRequest(decodeResult: success, version: HTTP/1.1)
POST /session/ac9da4f46ac00c0c1da0f34f7633d808/execute/sync HTTP/1.1
User-Agent: selenium/4.1.2 (java windows)
Content-Length: 47339
Content-Type: application/json; charset=utf-8
host: localhost:53622
accept: */*

Response DefaultHttpResponse(decodeResult: success, version: HTTP/1.1)
HTTP/1.1 200 OK
Content-Type: application/json; charset=utf-8
cache-control: no-cache
content-length: 99

22:26:11.420 [AsyncHttpClient-1-8] DEBUG org.asynchttpclient.netty.channel.ChannelManager - Adding key: http://localhost:53622 for channel [id: 0x9be8a0b3, L:/127.0.0.1:61582 - R:localhost/127.0.0.1:53622]
22:26:11.424 [Forwarding getElementAttribute on session ac9da4f46ac00c0c1da0f34f7633d808 to remote] DEBUG org.asynchttpclient.netty.request.NettyRequestSender - Using pooled Channel '[id: 0x9be8a0b3, L:/127.0.0.1:61582 - R:localhost/127.0.0.1:53622]' for 'POST' to 'http://localhost:53622/session/ac9da4f46ac00c0c1da0f34f7633d808/execute/sync'
22:26:11.424 [Forwarding getElementAttribute on session ac9da4f46ac00c0c1da0f34f7633d808 to remote] DEBUG org.asynchttpclient.netty.request.NettyRequestSender - Using open Channel [id: 0x9be8a0b3, L:/127.0.0.1:61582 - R:localhost/127.0.0.1:53622] for POST '/session/ac9da4f46ac00c0c1da0f34f7633d808/execute/sync'
22:26:11.440 [AsyncHttpClient-1-8] DEBUG org.asynchttpclient.netty.handler.HttpHandler - 

Request DefaultHttpRequest(decodeResult: success, version: HTTP/1.1)
POST /session/ac9da4f46ac00c0c1da0f34f7633d808/execute/sync HTTP/1.1
User-Agent: selenium/4.1.2 (java windows)
Content-Length: 47339
Content-Type: application/json; charset=utf-8
host: localhost:53622
accept: */*

Response DefaultHttpResponse(decodeResult: success, version: HTTP/1.1)
HTTP/1.1 200 OK
Content-Type: application/json; charset=utf-8
cache-control: no-cache
content-length: 93

22:26:11.440 [AsyncHttpClient-1-8] DEBUG org.asynchttpclient.netty.channel.ChannelManager - Adding key: http://localhost:53622 for channel [id: 0x9be8a0b3, L:/127.0.0.1:61582 - R:localhost/127.0.0.1:53622]
22:26:11.444 [Forwarding getElementAttribute on session ac9da4f46ac00c0c1da0f34f7633d808 to remote] DEBUG org.asynchttpclient.netty.request.NettyRequestSender - Using pooled Channel '[id: 0x9be8a0b3, L:/127.0.0.1:61582 - R:localhost/127.0.0.1:53622]' for 'POST' to 'http://localhost:53622/session/ac9da4f46ac00c0c1da0f34f7633d808/execute/sync'
22:26:11.444 [Forwarding getElementAttribute on session ac9da4f46ac00c0c1da0f34f7633d808 to remote] DEBUG org.asynchttpclient.netty.request.NettyRequestSender - Using open Channel [id: 0x9be8a0b3, L:/127.0.0.1:61582 - R:localhost/127.0.0.1:53622] for POST '/session/ac9da4f46ac00c0c1da0f34f7633d808/execute/sync'
22:26:11.457 [AsyncHttpClient-1-8] DEBUG org.asynchttpclient.netty.handler.HttpHandler - 

Request DefaultHttpRequest(decodeResult: success, version: HTTP/1.1)
POST /session/ac9da4f46ac00c0c1da0f34f7633d808/execute/sync HTTP/1.1
User-Agent: selenium/4.1.2 (java windows)
Content-Length: 47339
Content-Type: application/json; charset=utf-8
host: localhost:53622
accept: */*

Response DefaultHttpResponse(decodeResult: success, version: HTTP/1.1)
HTTP/1.1 200 OK
Content-Type: application/json; charset=utf-8
cache-control: no-cache
content-length: 105

22:26:11.457 [AsyncHttpClient-1-8] DEBUG org.asynchttpclient.netty.channel.ChannelManager - Adding key: http://localhost:53622 for channel [id: 0x9be8a0b3, L:/127.0.0.1:61582 - R:localhost/127.0.0.1:53622]
22:26:11.461 [Forwarding getElementAttribute on session ac9da4f46ac00c0c1da0f34f7633d808 to remote] DEBUG org.asynchttpclient.netty.request.NettyRequestSender - Using pooled Channel '[id: 0x9be8a0b3, L:/127.0.0.1:61582 - R:localhost/127.0.0.1:53622]' for 'POST' to 'http://localhost:53622/session/ac9da4f46ac00c0c1da0f34f7633d808/execute/sync'
22:26:11.461 [Forwarding getElementAttribute on session ac9da4f46ac00c0c1da0f34f7633d808 to remote] DEBUG org.asynchttpclient.netty.request.NettyRequestSender - Using open Channel [id: 0x9be8a0b3, L:/127.0.0.1:61582 - R:localhost/127.0.0.1:53622] for POST '/session/ac9da4f46ac00c0c1da0f34f7633d808/execute/sync'
22:26:11.471 [AsyncHttpClient-1-8] DEBUG org.asynchttpclient.netty.handler.HttpHandler - 

Request DefaultHttpRequest(decodeResult: success, version: HTTP/1.1)
POST /session/ac9da4f46ac00c0c1da0f34f7633d808/execute/sync HTTP/1.1
User-Agent: selenium/4.1.2 (java windows)
Content-Length: 47339
Content-Type: application/json; charset=utf-8
host: localhost:53622
accept: */*

Response DefaultHttpResponse(decodeResult: success, version: HTTP/1.1)
HTTP/1.1 200 OK
Content-Type: application/json; charset=utf-8
cache-control: no-cache
content-length: 94

22:26:11.471 [AsyncHttpClient-1-8] DEBUG org.asynchttpclient.netty.channel.ChannelManager - Adding key: http://localhost:53622 for channel [id: 0x9be8a0b3, L:/127.0.0.1:61582 - R:localhost/127.0.0.1:53622]
22:26:11.476 [Forwarding getElementAttribute on session ac9da4f46ac00c0c1da0f34f7633d808 to remote] DEBUG org.asynchttpclient.netty.request.NettyRequestSender - Using pooled Channel '[id: 0x9be8a0b3, L:/127.0.0.1:61582 - R:localhost/127.0.0.1:53622]' for 'POST' to 'http://localhost:53622/session/ac9da4f46ac00c0c1da0f34f7633d808/execute/sync'
22:26:11.477 [Forwarding getElementAttribute on session ac9da4f46ac00c0c1da0f34f7633d808 to remote] DEBUG org.asynchttpclient.netty.request.NettyRequestSender - Using open Channel [id: 0x9be8a0b3, L:/127.0.0.1:61582 - R:localhost/127.0.0.1:53622] for POST '/session/ac9da4f46ac00c0c1da0f34f7633d808/execute/sync'
22:26:11.480 [AsyncHttpClient-1-1] DEBUG org.asynchttpclient.netty.channel.DefaultChannelPool - Entry count for : http://localhost:61583 : 1
22:26:11.486 [AsyncHttpClient-1-8] DEBUG org.asynchttpclient.netty.handler.HttpHandler - 

Request DefaultHttpRequest(decodeResult: success, version: HTTP/1.1)
POST /session/ac9da4f46ac00c0c1da0f34f7633d808/execute/sync HTTP/1.1
User-Agent: selenium/4.1.2 (java windows)
Content-Length: 47339
Content-Type: application/json; charset=utf-8
host: localhost:53622
accept: */*

Response DefaultHttpResponse(decodeResult: success, version: HTTP/1.1)
HTTP/1.1 200 OK
Content-Type: application/json; charset=utf-8
cache-control: no-cache
content-length: 114

22:26:11.486 [AsyncHttpClient-1-8] DEBUG org.asynchttpclient.netty.channel.ChannelManager - Adding key: http://localhost:53622 for channel [id: 0x9be8a0b3, L:/127.0.0.1:61582 - R:localhost/127.0.0.1:53622]
22:26:11.488 [Forwarding getElementAttribute on session ac9da4f46ac00c0c1da0f34f7633d808 to remote] DEBUG org.asynchttpclient.netty.request.NettyRequestSender - Using pooled Channel '[id: 0x9be8a0b3, L:/127.0.0.1:61582 - R:localhost/127.0.0.1:53622]' for 'POST' to 'http://localhost:53622/session/ac9da4f46ac00c0c1da0f34f7633d808/execute/sync'
22:26:11.488 [Forwarding getElementAttribute on session ac9da4f46ac00c0c1da0f34f7633d808 to remote] DEBUG org.asynchttpclient.netty.request.NettyRequestSender - Using open Channel [id: 0x9be8a0b3, L:/127.0.0.1:61582 - R:localhost/127.0.0.1:53622] for POST '/session/ac9da4f46ac00c0c1da0f34f7633d808/execute/sync'
22:26:11.498 [AsyncHttpClient-1-8] DEBUG org.asynchttpclient.netty.handler.HttpHandler - 

Request DefaultHttpRequest(decodeResult: success, version: HTTP/1.1)
POST /session/ac9da4f46ac00c0c1da0f34f7633d808/execute/sync HTTP/1.1
User-Agent: selenium/4.1.2 (java windows)
Content-Length: 47339
Content-Type: application/json; charset=utf-8
host: localhost:53622
accept: */*

Response DefaultHttpResponse(decodeResult: success, version: HTTP/1.1)
HTTP/1.1 200 OK
Content-Type: application/json; charset=utf-8
cache-control: no-cache
content-length: 98

22:26:11.498 [AsyncHttpClient-1-8] DEBUG org.asynchttpclient.netty.channel.ChannelManager - Adding key: http://localhost:53622 for channel [id: 0x9be8a0b3, L:/127.0.0.1:61582 - R:localhost/127.0.0.1:53622]
22:26:11.508 [Forwarding getElementAttribute on session ac9da4f46ac00c0c1da0f34f7633d808 to remote] DEBUG org.asynchttpclient.netty.request.NettyRequestSender - Using pooled Channel '[id: 0x9be8a0b3, L:/127.0.0.1:61582 - R:localhost/127.0.0.1:53622]' for 'POST' to 'http://localhost:53622/session/ac9da4f46ac00c0c1da0f34f7633d808/execute/sync'
22:26:11.508 [Forwarding getElementAttribute on session ac9da4f46ac00c0c1da0f34f7633d808 to remote] DEBUG org.asynchttpclient.netty.request.NettyRequestSender - Using open Channel [id: 0x9be8a0b3, L:/127.0.0.1:61582 - R:localhost/127.0.0.1:53622] for POST '/session/ac9da4f46ac00c0c1da0f34f7633d808/execute/sync'
22:26:11.522 [AsyncHttpClient-1-8] DEBUG org.asynchttpclient.netty.handler.HttpHandler - 

Request DefaultHttpRequest(decodeResult: success, version: HTTP/1.1)
POST /session/ac9da4f46ac00c0c1da0f34f7633d808/execute/sync HTTP/1.1
User-Agent: selenium/4.1.2 (java windows)
Content-Length: 47339
Content-Type: application/json; charset=utf-8
host: localhost:53622
accept: */*

Response DefaultHttpResponse(decodeResult: success, version: HTTP/1.1)
HTTP/1.1 200 OK
Content-Type: application/json; charset=utf-8
cache-control: no-cache
content-length: 110

22:26:11.522 [AsyncHttpClient-1-8] DEBUG org.asynchttpclient.netty.channel.ChannelManager - Adding key: http://localhost:53622 for channel [id: 0x9be8a0b3, L:/127.0.0.1:61582 - R:localhost/127.0.0.1:53622]
22:26:11.522 [Forwarding getElementAttribute on session ac9da4f46ac00c0c1da0f34f7633d808 to remote] DEBUG org.asynchttpclient.netty.request.NettyRequestSender - Using pooled Channel '[id: 0x9be8a0b3, L:/127.0.0.1:61582 - R:localhost/127.0.0.1:53622]' for 'POST' to 'http://localhost:53622/session/ac9da4f46ac00c0c1da0f34f7633d808/execute/sync'
22:26:11.522 [Forwarding getElementAttribute on session ac9da4f46ac00c0c1da0f34f7633d808 to remote] DEBUG org.asynchttpclient.netty.request.NettyRequestSender - Using open Channel [id: 0x9be8a0b3, L:/127.0.0.1:61582 - R:localhost/127.0.0.1:53622] for POST '/session/ac9da4f46ac00c0c1da0f34f7633d808/execute/sync'
22:26:11.537 [AsyncHttpClient-1-8] DEBUG org.asynchttpclient.netty.handler.HttpHandler - 

Request DefaultHttpRequest(decodeResult: success, version: HTTP/1.1)
POST /session/ac9da4f46ac00c0c1da0f34f7633d808/execute/sync HTTP/1.1
User-Agent: selenium/4.1.2 (java windows)
Content-Length: 47339
Content-Type: application/json; charset=utf-8
host: localhost:53622
accept: */*

Response DefaultHttpResponse(decodeResult: success, version: HTTP/1.1)
HTTP/1.1 200 OK
Content-Type: application/json; charset=utf-8
cache-control: no-cache
content-length: 86

22:26:11.537 [AsyncHttpClient-1-8] DEBUG org.asynchttpclient.netty.channel.ChannelManager - Adding key: http://localhost:53622 for channel [id: 0x9be8a0b3, L:/127.0.0.1:61582 - R:localhost/127.0.0.1:53622]
22:26:11.541 [Forwarding getElementAttribute on session ac9da4f46ac00c0c1da0f34f7633d808 to remote] DEBUG org.asynchttpclient.netty.request.NettyRequestSender - Using pooled Channel '[id: 0x9be8a0b3, L:/127.0.0.1:61582 - R:localhost/127.0.0.1:53622]' for 'POST' to 'http://localhost:53622/session/ac9da4f46ac00c0c1da0f34f7633d808/execute/sync'
22:26:11.541 [Forwarding getElementAttribute on session ac9da4f46ac00c0c1da0f34f7633d808 to remote] DEBUG org.asynchttpclient.netty.request.NettyRequestSender - Using open Channel [id: 0x9be8a0b3, L:/127.0.0.1:61582 - R:localhost/127.0.0.1:53622] for POST '/session/ac9da4f46ac00c0c1da0f34f7633d808/execute/sync'
22:26:11.552 [AsyncHttpClient-1-8] DEBUG org.asynchttpclient.netty.handler.HttpHandler - 

Request DefaultHttpRequest(decodeResult: success, version: HTTP/1.1)
POST /session/ac9da4f46ac00c0c1da0f34f7633d808/execute/sync HTTP/1.1
User-Agent: selenium/4.1.2 (java windows)
Content-Length: 47339
Content-Type: application/json; charset=utf-8
host: localhost:53622
accept: */*

Response DefaultHttpResponse(decodeResult: success, version: HTTP/1.1)
HTTP/1.1 200 OK
Content-Type: application/json; charset=utf-8
cache-control: no-cache
content-length: 76

22:26:11.552 [AsyncHttpClient-1-8] DEBUG org.asynchttpclient.netty.channel.ChannelManager - Adding key: http://localhost:53622 for channel [id: 0x9be8a0b3, L:/127.0.0.1:61582 - R:localhost/127.0.0.1:53622]
22:26:11.552 [Forwarding getElementAttribute on session ac9da4f46ac00c0c1da0f34f7633d808 to remote] DEBUG org.asynchttpclient.netty.request.NettyRequestSender - Using pooled Channel '[id: 0x9be8a0b3, L:/127.0.0.1:61582 - R:localhost/127.0.0.1:53622]' for 'POST' to 'http://localhost:53622/session/ac9da4f46ac00c0c1da0f34f7633d808/execute/sync'
22:26:11.552 [Forwarding getElementAttribute on session ac9da4f46ac00c0c1da0f34f7633d808 to remote] DEBUG org.asynchttpclient.netty.request.NettyRequestSender - Using open Channel [id: 0x9be8a0b3, L:/127.0.0.1:61582 - R:localhost/127.0.0.1:53622] for POST '/session/ac9da4f46ac00c0c1da0f34f7633d808/execute/sync'
22:26:11.571 [AsyncHttpClient-1-8] DEBUG org.asynchttpclient.netty.handler.HttpHandler - 

Request DefaultHttpRequest(decodeResult: success, version: HTTP/1.1)
POST /session/ac9da4f46ac00c0c1da0f34f7633d808/execute/sync HTTP/1.1
User-Agent: selenium/4.1.2 (java windows)
Content-Length: 47339
Content-Type: application/json; charset=utf-8
host: localhost:53622
accept: */*

Response DefaultHttpResponse(decodeResult: success, version: HTTP/1.1)
HTTP/1.1 200 OK
Content-Type: application/json; charset=utf-8
cache-control: no-cache
content-length: 99

22:26:11.571 [AsyncHttpClient-1-8] DEBUG org.asynchttpclient.netty.channel.ChannelManager - Adding key: http://localhost:53622 for channel [id: 0x9be8a0b3, L:/127.0.0.1:61582 - R:localhost/127.0.0.1:53622]
22:26:11.575 [Forwarding getElementAttribute on session ac9da4f46ac00c0c1da0f34f7633d808 to remote] DEBUG org.asynchttpclient.netty.request.NettyRequestSender - Using pooled Channel '[id: 0x9be8a0b3, L:/127.0.0.1:61582 - R:localhost/127.0.0.1:53622]' for 'POST' to 'http://localhost:53622/session/ac9da4f46ac00c0c1da0f34f7633d808/execute/sync'
22:26:11.575 [Forwarding getElementAttribute on session ac9da4f46ac00c0c1da0f34f7633d808 to remote] DEBUG org.asynchttpclient.netty.request.NettyRequestSender - Using open Channel [id: 0x9be8a0b3, L:/127.0.0.1:61582 - R:localhost/127.0.0.1:53622] for POST '/session/ac9da4f46ac00c0c1da0f34f7633d808/execute/sync'
22:26:11.590 [AsyncHttpClient-1-8] DEBUG org.asynchttpclient.netty.handler.HttpHandler - 

Request DefaultHttpRequest(decodeResult: success, version: HTTP/1.1)
POST /session/ac9da4f46ac00c0c1da0f34f7633d808/execute/sync HTTP/1.1
User-Agent: selenium/4.1.2 (java windows)
Content-Length: 47339
Content-Type: application/json; charset=utf-8
host: localhost:53622
accept: */*

Response DefaultHttpResponse(decodeResult: success, version: HTTP/1.1)
HTTP/1.1 200 OK
Content-Type: application/json; charset=utf-8
cache-control: no-cache
content-length: 84

22:26:11.590 [AsyncHttpClient-1-8] DEBUG org.asynchttpclient.netty.channel.ChannelManager - Adding key: http://localhost:53622 for channel [id: 0x9be8a0b3, L:/127.0.0.1:61582 - R:localhost/127.0.0.1:53622]
22:26:11.594 [Forwarding getElementAttribute on session ac9da4f46ac00c0c1da0f34f7633d808 to remote] DEBUG org.asynchttpclient.netty.request.NettyRequestSender - Using pooled Channel '[id: 0x9be8a0b3, L:/127.0.0.1:61582 - R:localhost/127.0.0.1:53622]' for 'POST' to 'http://localhost:53622/session/ac9da4f46ac00c0c1da0f34f7633d808/execute/sync'
22:26:11.594 [Forwarding getElementAttribute on session ac9da4f46ac00c0c1da0f34f7633d808 to remote] DEBUG org.asynchttpclient.netty.request.NettyRequestSender - Using open Channel [id: 0x9be8a0b3, L:/127.0.0.1:61582 - R:localhost/127.0.0.1:53622] for POST '/session/ac9da4f46ac00c0c1da0f34f7633d808/execute/sync'
22:26:11.607 [AsyncHttpClient-1-8] DEBUG org.asynchttpclient.netty.handler.HttpHandler - 

Request DefaultHttpRequest(decodeResult: success, version: HTTP/1.1)
POST /session/ac9da4f46ac00c0c1da0f34f7633d808/execute/sync HTTP/1.1
User-Agent: selenium/4.1.2 (java windows)
Content-Length: 47339
Content-Type: application/json; charset=utf-8
host: localhost:53622
accept: */*

Response DefaultHttpResponse(decodeResult: success, version: HTTP/1.1)
HTTP/1.1 200 OK
Content-Type: application/json; charset=utf-8
cache-control: no-cache
content-length: 85

22:26:11.607 [AsyncHttpClient-1-8] DEBUG org.asynchttpclient.netty.channel.ChannelManager - Adding key: http://localhost:53622 for channel [id: 0x9be8a0b3, L:/127.0.0.1:61582 - R:localhost/127.0.0.1:53622]
22:26:11.611 [Forwarding getElementAttribute on session ac9da4f46ac00c0c1da0f34f7633d808 to remote] DEBUG org.asynchttpclient.netty.request.NettyRequestSender - Using pooled Channel '[id: 0x9be8a0b3, L:/127.0.0.1:61582 - R:localhost/127.0.0.1:53622]' for 'POST' to 'http://localhost:53622/session/ac9da4f46ac00c0c1da0f34f7633d808/execute/sync'
22:26:11.611 [Forwarding getElementAttribute on session ac9da4f46ac00c0c1da0f34f7633d808 to remote] DEBUG org.asynchttpclient.netty.request.NettyRequestSender - Using open Channel [id: 0x9be8a0b3, L:/127.0.0.1:61582 - R:localhost/127.0.0.1:53622] for POST '/session/ac9da4f46ac00c0c1da0f34f7633d808/execute/sync'
22:26:11.623 [AsyncHttpClient-1-8] DEBUG org.asynchttpclient.netty.handler.HttpHandler - 

Request DefaultHttpRequest(decodeResult: success, version: HTTP/1.1)
POST /session/ac9da4f46ac00c0c1da0f34f7633d808/execute/sync HTTP/1.1
User-Agent: selenium/4.1.2 (java windows)
Content-Length: 47339
Content-Type: application/json; charset=utf-8
host: localhost:53622
accept: */*

Response DefaultHttpResponse(decodeResult: success, version: HTTP/1.1)
HTTP/1.1 200 OK
Content-Type: application/json; charset=utf-8
cache-control: no-cache
content-length: 76

22:26:11.623 [AsyncHttpClient-1-8] DEBUG org.asynchttpclient.netty.channel.ChannelManager - Adding key: http://localhost:53622 for channel [id: 0x9be8a0b3, L:/127.0.0.1:61582 - R:localhost/127.0.0.1:53622]
22:26:11.628 [Forwarding getElementAttribute on session ac9da4f46ac00c0c1da0f34f7633d808 to remote] DEBUG org.asynchttpclient.netty.request.NettyRequestSender - Using pooled Channel '[id: 0x9be8a0b3, L:/127.0.0.1:61582 - R:localhost/127.0.0.1:53622]' for 'POST' to 'http://localhost:53622/session/ac9da4f46ac00c0c1da0f34f7633d808/execute/sync'
22:26:11.628 [Forwarding getElementAttribute on session ac9da4f46ac00c0c1da0f34f7633d808 to remote] DEBUG org.asynchttpclient.netty.request.NettyRequestSender - Using open Channel [id: 0x9be8a0b3, L:/127.0.0.1:61582 - R:localhost/127.0.0.1:53622] for POST '/session/ac9da4f46ac00c0c1da0f34f7633d808/execute/sync'
22:26:11.667 [AsyncHttpClient-1-8] DEBUG org.asynchttpclient.netty.handler.HttpHandler - 

Request DefaultHttpRequest(decodeResult: success, version: HTTP/1.1)
POST /session/ac9da4f46ac00c0c1da0f34f7633d808/execute/sync HTTP/1.1
User-Agent: selenium/4.1.2 (java windows)
Content-Length: 47339
Content-Type: application/json; charset=utf-8
host: localhost:53622
accept: */*

Response DefaultHttpResponse(decodeResult: success, version: HTTP/1.1)
HTTP/1.1 200 OK
Content-Type: application/json; charset=utf-8
cache-control: no-cache
content-length: 91

22:26:11.667 [AsyncHttpClient-1-8] DEBUG org.asynchttpclient.netty.channel.ChannelManager - Adding key: http://localhost:53622 for channel [id: 0x9be8a0b3, L:/127.0.0.1:61582 - R:localhost/127.0.0.1:53622]
22:26:11.671 [Forwarding getElementAttribute on session ac9da4f46ac00c0c1da0f34f7633d808 to remote] DEBUG org.asynchttpclient.netty.request.NettyRequestSender - Using pooled Channel '[id: 0x9be8a0b3, L:/127.0.0.1:61582 - R:localhost/127.0.0.1:53622]' for 'POST' to 'http://localhost:53622/session/ac9da4f46ac00c0c1da0f34f7633d808/execute/sync'
22:26:11.671 [Forwarding getElementAttribute on session ac9da4f46ac00c0c1da0f34f7633d808 to remote] DEBUG org.asynchttpclient.netty.request.NettyRequestSender - Using open Channel [id: 0x9be8a0b3, L:/127.0.0.1:61582 - R:localhost/127.0.0.1:53622] for POST '/session/ac9da4f46ac00c0c1da0f34f7633d808/execute/sync'
22:26:11.693 [AsyncHttpClient-1-8] DEBUG org.asynchttpclient.netty.handler.HttpHandler - 

Request DefaultHttpRequest(decodeResult: success, version: HTTP/1.1)
POST /session/ac9da4f46ac00c0c1da0f34f7633d808/execute/sync HTTP/1.1
User-Agent: selenium/4.1.2 (java windows)
Content-Length: 47339
Content-Type: application/json; charset=utf-8
host: localhost:53622
accept: */*

Response DefaultHttpResponse(decodeResult: success, version: HTTP/1.1)
HTTP/1.1 200 OK
Content-Type: application/json; charset=utf-8
cache-control: no-cache
content-length: 86

22:26:11.693 [AsyncHttpClient-1-8] DEBUG org.asynchttpclient.netty.channel.ChannelManager - Adding key: http://localhost:53622 for channel [id: 0x9be8a0b3, L:/127.0.0.1:61582 - R:localhost/127.0.0.1:53622]
22:26:11.699 [Forwarding getElementAttribute on session ac9da4f46ac00c0c1da0f34f7633d808 to remote] DEBUG org.asynchttpclient.netty.request.NettyRequestSender - Using pooled Channel '[id: 0x9be8a0b3, L:/127.0.0.1:61582 - R:localhost/127.0.0.1:53622]' for 'POST' to 'http://localhost:53622/session/ac9da4f46ac00c0c1da0f34f7633d808/execute/sync'
22:26:11.699 [Forwarding getElementAttribute on session ac9da4f46ac00c0c1da0f34f7633d808 to remote] DEBUG org.asynchttpclient.netty.request.NettyRequestSender - Using open Channel [id: 0x9be8a0b3, L:/127.0.0.1:61582 - R:localhost/127.0.0.1:53622] for POST '/session/ac9da4f46ac00c0c1da0f34f7633d808/execute/sync'
22:26:11.713 [AsyncHttpClient-1-8] DEBUG org.asynchttpclient.netty.handler.HttpHandler - 

Request DefaultHttpRequest(decodeResult: success, version: HTTP/1.1)
POST /session/ac9da4f46ac00c0c1da0f34f7633d808/execute/sync HTTP/1.1
User-Agent: selenium/4.1.2 (java windows)
Content-Length: 47339
Content-Type: application/json; charset=utf-8
host: localhost:53622
accept: */*

Response DefaultHttpResponse(decodeResult: success, version: HTTP/1.1)
HTTP/1.1 200 OK
Content-Type: application/json; charset=utf-8
cache-control: no-cache
content-length: 77

22:26:11.714 [AsyncHttpClient-1-8] DEBUG org.asynchttpclient.netty.channel.ChannelManager - Adding key: http://localhost:53622 for channel [id: 0x9be8a0b3, L:/127.0.0.1:61582 - R:localhost/127.0.0.1:53622]
22:26:11.717 [Forwarding getElementAttribute on session ac9da4f46ac00c0c1da0f34f7633d808 to remote] DEBUG org.asynchttpclient.netty.request.NettyRequestSender - Using pooled Channel '[id: 0x9be8a0b3, L:/127.0.0.1:61582 - R:localhost/127.0.0.1:53622]' for 'POST' to 'http://localhost:53622/session/ac9da4f46ac00c0c1da0f34f7633d808/execute/sync'
22:26:11.717 [Forwarding getElementAttribute on session ac9da4f46ac00c0c1da0f34f7633d808 to remote] DEBUG org.asynchttpclient.netty.request.NettyRequestSender - Using open Channel [id: 0x9be8a0b3, L:/127.0.0.1:61582 - R:localhost/127.0.0.1:53622] for POST '/session/ac9da4f46ac00c0c1da0f34f7633d808/execute/sync'
22:26:11.729 [AsyncHttpClient-1-8] DEBUG org.asynchttpclient.netty.handler.HttpHandler - 

Request DefaultHttpRequest(decodeResult: success, version: HTTP/1.1)
POST /session/ac9da4f46ac00c0c1da0f34f7633d808/execute/sync HTTP/1.1
User-Agent: selenium/4.1.2 (java windows)
Content-Length: 47339
Content-Type: application/json; charset=utf-8
host: localhost:53622
accept: */*

Response DefaultHttpResponse(decodeResult: success, version: HTTP/1.1)
HTTP/1.1 200 OK
Content-Type: application/json; charset=utf-8
cache-control: no-cache
content-length: 89

22:26:11.729 [AsyncHttpClient-1-8] DEBUG org.asynchttpclient.netty.channel.ChannelManager - Adding key: http://localhost:53622 for channel [id: 0x9be8a0b3, L:/127.0.0.1:61582 - R:localhost/127.0.0.1:53622]
22:26:11.731 [Forwarding getElementAttribute on session ac9da4f46ac00c0c1da0f34f7633d808 to remote] DEBUG org.asynchttpclient.netty.request.NettyRequestSender - Using pooled Channel '[id: 0x9be8a0b3, L:/127.0.0.1:61582 - R:localhost/127.0.0.1:53622]' for 'POST' to 'http://localhost:53622/session/ac9da4f46ac00c0c1da0f34f7633d808/execute/sync'
22:26:11.731 [Forwarding getElementAttribute on session ac9da4f46ac00c0c1da0f34f7633d808 to remote] DEBUG org.asynchttpclient.netty.request.NettyRequestSender - Using open Channel [id: 0x9be8a0b3, L:/127.0.0.1:61582 - R:localhost/127.0.0.1:53622] for POST '/session/ac9da4f46ac00c0c1da0f34f7633d808/execute/sync'
22:26:11.741 [AsyncHttpClient-1-8] DEBUG org.asynchttpclient.netty.handler.HttpHandler - 

Request DefaultHttpRequest(decodeResult: success, version: HTTP/1.1)
POST /session/ac9da4f46ac00c0c1da0f34f7633d808/execute/sync HTTP/1.1
User-Agent: selenium/4.1.2 (java windows)
Content-Length: 47339
Content-Type: application/json; charset=utf-8
host: localhost:53622
accept: */*

Response DefaultHttpResponse(decodeResult: success, version: HTTP/1.1)
HTTP/1.1 200 OK
Content-Type: application/json; charset=utf-8
cache-control: no-cache
content-length: 85

22:26:11.741 [AsyncHttpClient-1-8] DEBUG org.asynchttpclient.netty.channel.ChannelManager - Adding key: http://localhost:53622 for channel [id: 0x9be8a0b3, L:/127.0.0.1:61582 - R:localhost/127.0.0.1:53622]
22:26:11.749 [Forwarding getElementAttribute on session ac9da4f46ac00c0c1da0f34f7633d808 to remote] DEBUG org.asynchttpclient.netty.request.NettyRequestSender - Using pooled Channel '[id: 0x9be8a0b3, L:/127.0.0.1:61582 - R:localhost/127.0.0.1:53622]' for 'POST' to 'http://localhost:53622/session/ac9da4f46ac00c0c1da0f34f7633d808/execute/sync'
22:26:11.749 [Forwarding getElementAttribute on session ac9da4f46ac00c0c1da0f34f7633d808 to remote] DEBUG org.asynchttpclient.netty.request.NettyRequestSender - Using open Channel [id: 0x9be8a0b3, L:/127.0.0.1:61582 - R:localhost/127.0.0.1:53622] for POST '/session/ac9da4f46ac00c0c1da0f34f7633d808/execute/sync'
22:26:11.759 [AsyncHttpClient-1-8] DEBUG org.asynchttpclient.netty.handler.HttpHandler - 

Request DefaultHttpRequest(decodeResult: success, version: HTTP/1.1)
POST /session/ac9da4f46ac00c0c1da0f34f7633d808/execute/sync HTTP/1.1
User-Agent: selenium/4.1.2 (java windows)
Content-Length: 47339
Content-Type: application/json; charset=utf-8
host: localhost:53622
accept: */*

Response DefaultHttpResponse(decodeResult: success, version: HTTP/1.1)
HTTP/1.1 200 OK
Content-Type: application/json; charset=utf-8
cache-control: no-cache
content-length: 81

22:26:11.759 [AsyncHttpClient-1-8] DEBUG org.asynchttpclient.netty.channel.ChannelManager - Adding key: http://localhost:53622 for channel [id: 0x9be8a0b3, L:/127.0.0.1:61582 - R:localhost/127.0.0.1:53622]
22:26:11.759 [Forwarding getElementAttribute on session ac9da4f46ac00c0c1da0f34f7633d808 to remote] DEBUG org.asynchttpclient.netty.request.NettyRequestSender - Using pooled Channel '[id: 0x9be8a0b3, L:/127.0.0.1:61582 - R:localhost/127.0.0.1:53622]' for 'POST' to 'http://localhost:53622/session/ac9da4f46ac00c0c1da0f34f7633d808/execute/sync'
22:26:11.759 [Forwarding getElementAttribute on session ac9da4f46ac00c0c1da0f34f7633d808 to remote] DEBUG org.asynchttpclient.netty.request.NettyRequestSender - Using open Channel [id: 0x9be8a0b3, L:/127.0.0.1:61582 - R:localhost/127.0.0.1:53622] for POST '/session/ac9da4f46ac00c0c1da0f34f7633d808/execute/sync'
22:26:11.777 [AsyncHttpClient-1-8] DEBUG org.asynchttpclient.netty.handler.HttpHandler - 

Request DefaultHttpRequest(decodeResult: success, version: HTTP/1.1)
POST /session/ac9da4f46ac00c0c1da0f34f7633d808/execute/sync HTTP/1.1
User-Agent: selenium/4.1.2 (java windows)
Content-Length: 47339
Content-Type: application/json; charset=utf-8
host: localhost:53622
accept: */*

Response DefaultHttpResponse(decodeResult: success, version: HTTP/1.1)
HTTP/1.1 200 OK
Content-Type: application/json; charset=utf-8
cache-control: no-cache
content-length: 100

22:26:11.777 [AsyncHttpClient-1-8] DEBUG org.asynchttpclient.netty.channel.ChannelManager - Adding key: http://localhost:53622 for channel [id: 0x9be8a0b3, L:/127.0.0.1:61582 - R:localhost/127.0.0.1:53622]
22:26:11.781 [Forwarding getElementAttribute on session ac9da4f46ac00c0c1da0f34f7633d808 to remote] DEBUG org.asynchttpclient.netty.request.NettyRequestSender - Using pooled Channel '[id: 0x9be8a0b3, L:/127.0.0.1:61582 - R:localhost/127.0.0.1:53622]' for 'POST' to 'http://localhost:53622/session/ac9da4f46ac00c0c1da0f34f7633d808/execute/sync'
22:26:11.781 [Forwarding getElementAttribute on session ac9da4f46ac00c0c1da0f34f7633d808 to remote] DEBUG org.asynchttpclient.netty.request.NettyRequestSender - Using open Channel [id: 0x9be8a0b3, L:/127.0.0.1:61582 - R:localhost/127.0.0.1:53622] for POST '/session/ac9da4f46ac00c0c1da0f34f7633d808/execute/sync'
22:26:11.799 [AsyncHttpClient-1-8] DEBUG org.asynchttpclient.netty.handler.HttpHandler - 

Request DefaultHttpRequest(decodeResult: success, version: HTTP/1.1)
POST /session/ac9da4f46ac00c0c1da0f34f7633d808/execute/sync HTTP/1.1
User-Agent: selenium/4.1.2 (java windows)
Content-Length: 47339
Content-Type: application/json; charset=utf-8
host: localhost:53622
accept: */*

Response DefaultHttpResponse(decodeResult: success, version: HTTP/1.1)
HTTP/1.1 200 OK
Content-Type: application/json; charset=utf-8
cache-control: no-cache
content-length: 97

22:26:11.799 [AsyncHttpClient-1-8] DEBUG org.asynchttpclient.netty.channel.ChannelManager - Adding key: http://localhost:53622 for channel [id: 0x9be8a0b3, L:/127.0.0.1:61582 - R:localhost/127.0.0.1:53622]
22:26:11.803 [Forwarding getElementAttribute on session ac9da4f46ac00c0c1da0f34f7633d808 to remote] DEBUG org.asynchttpclient.netty.request.NettyRequestSender - Using pooled Channel '[id: 0x9be8a0b3, L:/127.0.0.1:61582 - R:localhost/127.0.0.1:53622]' for 'POST' to 'http://localhost:53622/session/ac9da4f46ac00c0c1da0f34f7633d808/execute/sync'
22:26:11.803 [Forwarding getElementAttribute on session ac9da4f46ac00c0c1da0f34f7633d808 to remote] DEBUG org.asynchttpclient.netty.request.NettyRequestSender - Using open Channel [id: 0x9be8a0b3, L:/127.0.0.1:61582 - R:localhost/127.0.0.1:53622] for POST '/session/ac9da4f46ac00c0c1da0f34f7633d808/execute/sync'
22:26:11.821 [AsyncHttpClient-1-8] DEBUG org.asynchttpclient.netty.handler.HttpHandler - 

Request DefaultHttpRequest(decodeResult: success, version: HTTP/1.1)
POST /session/ac9da4f46ac00c0c1da0f34f7633d808/execute/sync HTTP/1.1
User-Agent: selenium/4.1.2 (java windows)
Content-Length: 47339
Content-Type: application/json; charset=utf-8
host: localhost:53622
accept: */*

Response DefaultHttpResponse(decodeResult: success, version: HTTP/1.1)
HTTP/1.1 200 OK
Content-Type: application/json; charset=utf-8
cache-control: no-cache
content-length: 98

22:26:11.821 [AsyncHttpClient-1-8] DEBUG org.asynchttpclient.netty.channel.ChannelManager - Adding key: http://localhost:53622 for channel [id: 0x9be8a0b3, L:/127.0.0.1:61582 - R:localhost/127.0.0.1:53622]
22:26:11.828 [Forwarding getElementAttribute on session ac9da4f46ac00c0c1da0f34f7633d808 to remote] DEBUG org.asynchttpclient.netty.request.NettyRequestSender - Using pooled Channel '[id: 0x9be8a0b3, L:/127.0.0.1:61582 - R:localhost/127.0.0.1:53622]' for 'POST' to 'http://localhost:53622/session/ac9da4f46ac00c0c1da0f34f7633d808/execute/sync'
22:26:11.828 [Forwarding getElementAttribute on session ac9da4f46ac00c0c1da0f34f7633d808 to remote] DEBUG org.asynchttpclient.netty.request.NettyRequestSender - Using open Channel [id: 0x9be8a0b3, L:/127.0.0.1:61582 - R:localhost/127.0.0.1:53622] for POST '/session/ac9da4f46ac00c0c1da0f34f7633d808/execute/sync'
22:26:11.865 [AsyncHttpClient-1-8] DEBUG org.asynchttpclient.netty.handler.HttpHandler - 

Request DefaultHttpRequest(decodeResult: success, version: HTTP/1.1)
POST /session/ac9da4f46ac00c0c1da0f34f7633d808/execute/sync HTTP/1.1
User-Agent: selenium/4.1.2 (java windows)
Content-Length: 47339
Content-Type: application/json; charset=utf-8
host: localhost:53622
accept: */*

Response DefaultHttpResponse(decodeResult: success, version: HTTP/1.1)
HTTP/1.1 200 OK
Content-Type: application/json; charset=utf-8
cache-control: no-cache
content-length: 89

22:26:11.865 [AsyncHttpClient-1-8] DEBUG org.asynchttpclient.netty.channel.ChannelManager - Adding key: http://localhost:53622 for channel [id: 0x9be8a0b3, L:/127.0.0.1:61582 - R:localhost/127.0.0.1:53622]
22:26:11.868 [Forwarding getElementAttribute on session ac9da4f46ac00c0c1da0f34f7633d808 to remote] DEBUG org.asynchttpclient.netty.request.NettyRequestSender - Using pooled Channel '[id: 0x9be8a0b3, L:/127.0.0.1:61582 - R:localhost/127.0.0.1:53622]' for 'POST' to 'http://localhost:53622/session/ac9da4f46ac00c0c1da0f34f7633d808/execute/sync'
22:26:11.869 [Forwarding getElementAttribute on session ac9da4f46ac00c0c1da0f34f7633d808 to remote] DEBUG org.asynchttpclient.netty.request.NettyRequestSender - Using open Channel [id: 0x9be8a0b3, L:/127.0.0.1:61582 - R:localhost/127.0.0.1:53622] for POST '/session/ac9da4f46ac00c0c1da0f34f7633d808/execute/sync'
22:26:11.879 [AsyncHttpClient-1-8] DEBUG org.asynchttpclient.netty.handler.HttpHandler - 

Request DefaultHttpRequest(decodeResult: success, version: HTTP/1.1)
POST /session/ac9da4f46ac00c0c1da0f34f7633d808/execute/sync HTTP/1.1
User-Agent: selenium/4.1.2 (java windows)
Content-Length: 47339
Content-Type: application/json; charset=utf-8
host: localhost:53622
accept: */*

Response DefaultHttpResponse(decodeResult: success, version: HTTP/1.1)
HTTP/1.1 200 OK
Content-Type: application/json; charset=utf-8
cache-control: no-cache
content-length: 80

22:26:11.879 [AsyncHttpClient-1-8] DEBUG org.asynchttpclient.netty.channel.ChannelManager - Adding key: http://localhost:53622 for channel [id: 0x9be8a0b3, L:/127.0.0.1:61582 - R:localhost/127.0.0.1:53622]
22:26:12.006 [main] DEBUG net.thucydides.core.steps.StepInterceptor - STARTING STEP: CampaignsStepDefinitions.userObtainsCampaignsList - {0} should see #description
22:26:12.012 [Forwarding screenshot on session ac9da4f46ac00c0c1da0f34f7633d808 to remote] DEBUG org.asynchttpclient.netty.request.NettyRequestSender - Using pooled Channel '[id: 0x9be8a0b3, L:/127.0.0.1:61582 - R:localhost/127.0.0.1:53622]' for 'GET' to 'http://localhost:53622/session/ac9da4f46ac00c0c1da0f34f7633d808/screenshot'
22:26:12.012 [Forwarding screenshot on session ac9da4f46ac00c0c1da0f34f7633d808 to remote] DEBUG org.asynchttpclient.netty.request.NettyRequestSender - Using open Channel [id: 0x9be8a0b3, L:/127.0.0.1:61582 - R:localhost/127.0.0.1:53622] for GET '/session/ac9da4f46ac00c0c1da0f34f7633d808/screenshot'
22:26:12.585 [AsyncHttpClient-1-1] DEBUG org.asynchttpclient.netty.channel.DefaultChannelPool - Entry count for : http://localhost:61583 : 1
22:26:12.770 [AsyncHttpClient-1-8] DEBUG org.asynchttpclient.netty.handler.HttpHandler - 

Request DefaultFullHttpRequest(decodeResult: success, version: HTTP/1.1, content: EmptyByteBufBE)
GET /session/ac9da4f46ac00c0c1da0f34f7633d808/screenshot HTTP/1.1
User-Agent: selenium/4.1.2 (java windows)
Cache-Control: no-cache
Content-Type: application/json; charset=utf-8
host: localhost:53622
accept: */*

Response DefaultHttpResponse(decodeResult: success, version: HTTP/1.1)
HTTP/1.1 200 OK
Content-Type: application/json; charset=utf-8
cache-control: no-cache
content-length: 1355404

22:26:12.770 [AsyncHttpClient-1-8] DEBUG org.asynchttpclient.netty.channel.ChannelManager - Adding key: http://localhost:53622 for channel [id: 0x9be8a0b3, L:/127.0.0.1:61582 - R:localhost/127.0.0.1:53622]
22:26:12.812 [main] DEBUG net.serenitybdd.core.photography.Darkroom - Send negative for processing for target\site\serenity\9893158d4a0c6457ce1b18d8a52a45119b08661feb5028754d277bc612da184f.png
22:26:12.812 [main] DEBUG net.thucydides.core.steps.StepInterceptor - STEP DONE: {0} should see #description
22:26:12.812 [Darkroom Processing Line] DEBUG net.serenitybdd.core.photography.DarkroomProcessingLine - Processing screenshot image in /var/screenshots/screenshot-6093705954088239833
22:26:12.812 [Darkroom Processing Line] DEBUG net.serenitybdd.core.photography.DarkroomProcessingLine - Saving screenshot to target\site\serenity\9893158d4a0c6457ce1b18d8a52a45119b08661feb5028754d277bc612da184f.png
22:26:12.812 [Forwarding getCurrentUrl on session ac9da4f46ac00c0c1da0f34f7633d808 to remote] DEBUG org.asynchttpclient.netty.request.NettyRequestSender - Using pooled Channel '[id: 0x9be8a0b3, L:/127.0.0.1:61582 - R:localhost/127.0.0.1:53622]' for 'GET' to 'http://localhost:53622/session/ac9da4f46ac00c0c1da0f34f7633d808/url'
22:26:12.812 [Forwarding getCurrentUrl on session ac9da4f46ac00c0c1da0f34f7633d808 to remote] DEBUG org.asynchttpclient.netty.request.NettyRequestSender - Using open Channel [id: 0x9be8a0b3, L:/127.0.0.1:61582 - R:localhost/127.0.0.1:53622] for GET '/session/ac9da4f46ac00c0c1da0f34f7633d808/url'
22:26:12.822 [AsyncHttpClient-1-8] DEBUG org.asynchttpclient.netty.handler.HttpHandler - 

Request DefaultFullHttpRequest(decodeResult: success, version: HTTP/1.1, content: EmptyByteBufBE)
GET /session/ac9da4f46ac00c0c1da0f34f7633d808/url HTTP/1.1
User-Agent: selenium/4.1.2 (java windows)
Cache-Control: no-cache
Content-Type: application/json; charset=utf-8
host: localhost:53622
accept: */*

Response DefaultHttpResponse(decodeResult: success, version: HTTP/1.1)
HTTP/1.1 200 OK
Content-Type: application/json; charset=utf-8
cache-control: no-cache
content-length: 52

22:26:12.822 [AsyncHttpClient-1-8] DEBUG org.asynchttpclient.netty.channel.ChannelManager - Adding key: http://localhost:53622 for channel [id: 0x9be8a0b3, L:/127.0.0.1:61582 - R:localhost/127.0.0.1:53622]
22:26:12.822 [main] DEBUG net.thucydides.core.steps.StepInterceptor - STARTING STEP: CampaignsStepDefinitions.userObtainsCampaignsList - {0} should see #description
22:26:12.832 [main] DEBUG net.thucydides.core.steps.StepInterceptor - STEP DONE: {0} should see #description
22:26:12.832 [AsyncHttpClient-1-2] DEBUG org.asynchttpclient.netty.handler.WebSocketHandler - Channel Closed: [id: 0x41864241, L:/127.0.0.1:61589 ! R:localhost/127.0.0.1:61583] with attribute NettyResponseFuture{currentRetry=5,
	isDone=1,
	isCancelled=0,
	asyncHandler=org.asynchttpclient.ws.WebSocketUpgradeHandler@74eefd2c,
	nettyRequest=org.asynchttpclient.netty.request.NettyRequest@5530c12,
	future=java.util.concurrent.CompletableFuture@20e19493[Completed normally],
	uri=ws://localhost:61583/devtools/browser/77cc2e92-3cb2-4dd0-ba73-a4f643f20ace,
	keepAlive=true,
	redirectCount=0,
	timeoutsHolder=null,
	inAuth=0,
	touch=1644089163737}
22:26:12.832 [AsyncHttpClient-1-2] DEBUG org.asynchttpclient.netty.channel.ChannelManager - Closing Channel [id: 0x41864241, L:/127.0.0.1:61589 ! R:localhost/127.0.0.1:61583] 
22:26:12.832 [Driver Command Executor] DEBUG org.asynchttpclient.netty.request.NettyRequestSender - Using pooled Channel '[id: 0x9be8a0b3, L:/127.0.0.1:61582 - R:localhost/127.0.0.1:53622]' for 'DELETE' to 'http://localhost:53622/session/ac9da4f46ac00c0c1da0f34f7633d808'
22:26:12.832 [Driver Command Executor] DEBUG org.asynchttpclient.netty.request.NettyRequestSender - Using open Channel [id: 0x9be8a0b3, L:/127.0.0.1:61582 - R:localhost/127.0.0.1:53622] for DELETE '/session/ac9da4f46ac00c0c1da0f34f7633d808'
22:26:12.991 [AsyncHttpClient-1-9] DEBUG org.asynchttpclient.netty.handler.HttpHandler - Unexpected I/O exception on channel [id: 0x852a0670, L:/127.0.0.1:61588 - R:localhost/127.0.0.1:61583]
java.net.SocketException: Connection reset
	at java.base/sun.nio.ch.SocketChannelImpl.throwConnectionReset(SocketChannelImpl.java:394)
	at java.base/sun.nio.ch.SocketChannelImpl.read(SocketChannelImpl.java:426)
	at io.netty.buffer.PooledByteBuf.setBytes(PooledByteBuf.java:258)
	at io.netty.buffer.AbstractByteBuf.writeBytes(AbstractByteBuf.java:1132)
	at io.netty.channel.socket.nio.NioSocketChannel.doReadBytes(NioSocketChannel.java:350)
	at io.netty.channel.nio.AbstractNioByteChannel$NioByteUnsafe.read(AbstractNioByteChannel.java:151)
	at io.netty.channel.nio.NioEventLoop.processSelectedKey(NioEventLoop.java:722)
	at io.netty.channel.nio.NioEventLoop.processSelectedKeysOptimized(NioEventLoop.java:658)
	at io.netty.channel.nio.NioEventLoop.processSelectedKeys(NioEventLoop.java:584)
	at io.netty.channel.nio.NioEventLoop.run(NioEventLoop.java:496)
	at io.netty.util.concurrent.SingleThreadEventExecutor$4.run(SingleThreadEventExecutor.java:986)
	at io.netty.util.internal.ThreadExecutorMap$2.run(ThreadExecutorMap.java:74)
	at io.netty.util.concurrent.FastThreadLocalRunnable.run(FastThreadLocalRunnable.java:30)
	at java.base/java.lang.Thread.run(Thread.java:833)
22:26:12.991 [AsyncHttpClient-1-9] DEBUG org.asynchttpclient.netty.channel.ChannelManager - Closing Channel [id: 0x852a0670, L:/127.0.0.1:61588 - R:localhost/127.0.0.1:61583] 
22:26:12.991 [AsyncHttpClient-1-9] DEBUG org.asynchttpclient.netty.handler.HttpHandler - Channel Closed: [id: 0x852a0670, L:/127.0.0.1:61588 ! R:localhost/127.0.0.1:61583] with attribute DISCARD
22:26:13.011 [AsyncHttpClient-1-8] DEBUG org.asynchttpclient.netty.handler.HttpHandler - 

Request DefaultFullHttpRequest(decodeResult: success, version: HTTP/1.1, content: EmptyByteBufBE)
DELETE /session/ac9da4f46ac00c0c1da0f34f7633d808 HTTP/1.1
User-Agent: selenium/4.1.2 (java windows)
Content-Type: application/json; charset=utf-8
host: localhost:53622
accept: */*

Response DefaultHttpResponse(decodeResult: success, version: HTTP/1.1)
HTTP/1.1 200 OK
Content-Type: application/json; charset=utf-8
cache-control: no-cache
content-length: 14

22:26:13.011 [AsyncHttpClient-1-8] DEBUG org.asynchttpclient.netty.channel.ChannelManager - Adding key: http://localhost:53622 for channel [id: 0x9be8a0b3, L:/127.0.0.1:61582 - R:localhost/127.0.0.1:53622]
22:26:13.062 [AsyncHttpClient-1-8] DEBUG org.asynchttpclient.netty.handler.HttpHandler - Channel Closed: [id: 0x9be8a0b3, L:/127.0.0.1:61582 ! R:localhost/127.0.0.1:53622] with attribute DISCARD
  &amp#27;[32mThen &amp#27;[0m&amp#27;[32muser sees the &amp#27;[0m&amp#27;[32m&amp#27;[1m"ev-yasam"&amp#27;[0m&amp#27;[32m campaigns list&amp#27;[0m                              &amp#27;[90m# stepdefinitions.CampaignsStepDefinitions.userObtainsCampaignsList(java.lang.String)&amp#27;[0m
]]></system-out>
    <system-err><![CDATA[Starting ChromeDriver 97.0.4692.71 (adefa7837d02a07a604c1e6eff0b3a09422ab88d-refs/branch-heads/4692@{#1247}) on port 53622
Only local connections are allowed.
Please see https://chromedriver.chromium.org/security-considerations for suggestions on keeping ChromeDriver safe.
ChromeDriver was started successfully.
Feb 05, 2022 10:26:03 PM org.openqa.selenium.remote.ProtocolHandshake createSession
INFO: Detected dialect: W3C
Feb 05, 2022 10:26:03 PM org.openqa.selenium.devtools.CdpVersionFinder findNearestMatch
INFO: Found exact CDP implementation for version 97
]]></system-err>
  </testcase>
  <testcase name="User clicks on category and obtains the list of campaigns #4" classname="List all campaigns" time="15.051">
    <system-out><![CDATA[
Scenario Outline: User clicks on category and obtains the list of campaigns &amp#27;[90m# src/test/resources/features/campaigns.feature:11&amp#27;[0m
22:26:13.142 [main] INFO io.cucumber.core.plugin.SerenityReporter - Running feature from file:///C:/Users/yasemin/Desktop/n11-bootcamp/n11TestAutomationCase1/src/test/resources/features/campaigns.feature
22:26:13.152 [main] DEBUG net.thucydides.core.steps.StepInterceptor - STARTING STEP: CampaignsStepDefinitions.userOpensThePage - !#title
22:26:13.162 [main] DEBUG net.thucydides.core.steps.StepInterceptor - STARTING STEP: CampaignsStepDefinitions.userOpensThePage - {0} opens the #targetPageName
22:26:13.162 [main] INFO net.serenitybdd.core.webdriver.driverproviders.ChromeDriverProvider - Using automatically driver download
22:26:13.330 [main] DEBUG io.github.bonigarcia.wdm.cache.ResolutionCache - Resolution chrome=97 in cache (valid until 22:28:40 05/02/2022 TRT)
22:26:13.330 [main] DEBUG io.github.bonigarcia.wdm.cache.ResolutionCache - Resolution chrome97=97.0.4692.71 in cache (valid until 00:08:14 06/02/2022 TRT)
22:26:13.330 [main] INFO io.github.bonigarcia.wdm.WebDriverManager - Using chromedriver 97.0.4692.71 (resolved driver for Chrome 97)
22:26:13.330 [main] DEBUG io.github.bonigarcia.wdm.WebDriverManager - Driver chromedriver 97.0.4692.71 found in cache
22:26:13.330 [main] INFO io.github.bonigarcia.wdm.WebDriverManager - Exporting webdriver.chrome.driver as C:\Users\yasemin\.cache\selenium\chromedriver\win32\97.0.4692.71\chromedriver.exe
22:26:13.690 [AsyncHttpClient-1-1] DEBUG org.asynchttpclient.netty.channel.DefaultChannelPool - Entry count for : http://localhost:61583 : 1
22:26:13.690 [AsyncHttpClient-1-1] DEBUG org.asynchttpclient.netty.channel.DefaultChannelPool - Entry count for : http://localhost:53622 : 1
22:26:13.690 [AsyncHttpClient-1-1] DEBUG org.asynchttpclient.netty.channel.DefaultChannelPool - Adding Candidate expired Channel [id: 0x852a0670, L:/127.0.0.1:61588 ! R:localhost/127.0.0.1:61583] isIdleTimeoutExpired=false isRemotelyClosed=true isTtlExpired=false
22:26:13.690 [AsyncHttpClient-1-1] DEBUG org.asynchttpclient.netty.channel.DefaultChannelPool - Closing Idle Channel [id: 0x852a0670, L:/127.0.0.1:61588 ! R:localhost/127.0.0.1:61583]
22:26:13.690 [AsyncHttpClient-1-1] DEBUG org.asynchttpclient.netty.channel.DefaultChannelPool - Adding Candidate expired Channel [id: 0x9be8a0b3, L:/127.0.0.1:61582 ! R:localhost/127.0.0.1:53622] isIdleTimeoutExpired=false isRemotelyClosed=true isTtlExpired=false
22:26:13.690 [AsyncHttpClient-1-1] DEBUG org.asynchttpclient.netty.channel.DefaultChannelPool - Closing Idle Channel [id: 0x9be8a0b3, L:/127.0.0.1:61582 ! R:localhost/127.0.0.1:53622]
22:26:13.690 [AsyncHttpClient-1-1] DEBUG org.asynchttpclient.netty.channel.DefaultChannelPool - Closed 2 connections out of 2 in 0 ms
22:26:15.380 [main] DEBUG net.thucydides.core.reflection.ClassFinder - Could not load class .pages.CampaignPage
22:26:15.380 [main] DEBUG net.thucydides.core.reflection.ClassFinder - Could not load class .pages.N11CampaignsMainPage
22:26:15.380 [main] DEBUG net.thucydides.core.reflection.ClassFinder - Could not load class .questions.CheckDriver
22:26:15.380 [main] DEBUG net.thucydides.core.reflection.ClassFinder - Could not load class .runners.CucumberRunner
22:26:15.380 [main] DEBUG net.thucydides.core.reflection.ClassFinder - Could not load class .stepdefinitions.CampaignsStepDefinitions
22:26:15.380 [main] DEBUG net.thucydides.core.reflection.ClassFinder - Could not load class .tasks.CheckNumOfCampaigns
22:26:15.380 [main] DEBUG net.thucydides.core.reflection.ClassFinder - Could not load class .tasks.ClickCategory
22:26:15.380 [main] DEBUG net.thucydides.core.reflection.ClassFinder - Could not load class .tasks.NavigateTo
22:26:15.380 [main] DEBUG net.thucydides.core.reflection.ClassFinder - Could not load class .tasks.WriteURLsExcel
22:26:15.380 [main] DEBUG net.thucydides.core.reflection.ClassFinder - Could not load class META-INF.versions.9.com.sun.istack.logging.StackHelper
22:26:15.380 [main] DEBUG net.thucydides.core.reflection.ClassFinder - Could not load class META-INF.versions.9.com.sun.xml.bind.v2.runtime.reflect.opt.AccessorInjector
22:26:15.380 [main] DEBUG net.thucydides.core.reflection.ClassFinder - Could not load class META-INF.versions.9.com.sun.xml.bind.v2.runtime.reflect.opt.Injector
22:26:15.380 [main] DEBUG net.thucydides.core.reflection.ClassFinder - Could not load class META-INF.versions.9.com.sun.xml.bind.v2.runtime.reflect.opt.OptimizedAccessorFactory
22:26:15.390 [main] DEBUG net.thucydides.core.reflection.ClassFinder - Could not load class META-INF.versions.9.com.sun.xml.bind.v2.runtime.reflect.opt.OptimizedTransducedAccessorFactory
22:26:15.390 [main] DEBUG net.thucydides.core.reflection.ClassFinder - Could not load class META-INF.versions.9.io.opentelemetry.sdk.internal.CurrentJavaVersionSpecific
22:26:15.390 [main] DEBUG net.thucydides.core.reflection.ClassFinder - Could not load class META-INF.versions.9.io.opentelemetry.sdk.internal.Java9VersionSpecific
22:26:15.390 [main] DEBUG net.thucydides.core.reflection.ClassFinder - Could not load class META-INF.versions.9.javax.xml.bind.ModuleUtil
22:26:15.390 [main] DEBUG net.thucydides.core.reflection.ClassFinder - Could not load class META-INF.versions.9.module-info
22:26:15.390 [main] DEBUG net.thucydides.core.reflection.ClassFinder - Could not load class META-INF.versions.9.org.apache.logging.log4j.util.Base64Util
22:26:15.390 [main] DEBUG net.thucydides.core.reflection.ClassFinder - Could not load class META-INF.versions.9.org.apache.logging.log4j.util.ProcessIdUtil
22:26:15.390 [main] DEBUG net.thucydides.core.reflection.ClassFinder - Could not load class META-INF.versions.9.org.apache.logging.log4j.util.StackLocator
22:26:15.390 [main] DEBUG net.thucydides.core.reflection.ClassFinder - Could not load class META-INF.versions.9.org.apache.logging.log4j.util.internal.DefaultObjectInputFilter
22:26:15.400 [main] DEBUG net.thucydides.core.reflection.ClassFinder - Could not load class META-INF.versions.9.org.apache.xmlbeans.impl.tool.MavenPluginResolver
22:26:15.400 [main] DEBUG net.thucydides.core.reflection.ClassFinder - Could not load class META-INF.versions.9.org.junit.platform.commons.util.ModuleUtils
22:26:15.400 [main] DEBUG net.thucydides.core.reflection.ClassFinder - Could not load class com.microsoft.schemas.office.office.STOLEUpdateMode
22:26:15.400 [main] DEBUG net.thucydides.core.reflection.ClassFinder - Could not load class com.microsoft.schemas.office.office.STScreenSize
22:26:15.400 [main] DEBUG net.thucydides.core.reflection.ClassFinder - Could not load class com.microsoft.schemas.office.visio.x2012.main.SheetType
22:26:15.400 [main] DEBUG net.thucydides.core.reflection.ClassFinder - Could not load class com.microsoft.schemas.office.word.STHorizontalAnchor
22:26:15.400 [main] DEBUG net.thucydides.core.reflection.ClassFinder - Could not load class com.microsoft.schemas.office.word.STVerticalAnchor
22:26:15.400 [main] DEBUG net.thucydides.core.reflection.ClassFinder - Could not load class com.microsoft.schemas.office.word.STWrapSide
22:26:15.400 [main] DEBUG net.thucydides.core.reflection.ClassFinder - Could not load class com.microsoft.schemas.vml.STImageAspect
22:26:15.400 [main] DEBUG net.thucydides.core.reflection.ClassFinder - Could not load class com.microsoft.schemas.vml.STStrokeArrowLength
22:26:15.400 [main] DEBUG net.thucydides.core.reflection.ClassFinder - Could not load class com.microsoft.schemas.vml.STStrokeArrowWidth
22:26:15.400 [main] DEBUG net.thucydides.core.reflection.ClassFinder - Could not load class com.microsoft.schemas.vml.STStrokeEndCap
22:26:15.400 [main] DEBUG net.thucydides.core.reflection.ClassFinder - Could not load class com.microsoft.schemas.vml.STStrokeLineStyle
22:26:15.400 [main] DEBUG net.thucydides.core.reflection.ClassFinder - Could not load class com.sun.xml.bind.v2.runtime.output.FastInfosetStreamWriterOutput
22:26:15.410 [main] DEBUG net.thucydides.core.reflection.ClassFinder - Could not load class module-info
22:26:15.410 [main] DEBUG net.thucydides.core.reflection.ClassFinder - Could not load class org.apache.logging.log4j.util.Activator
22:26:15.420 [main] DEBUG net.thucydides.core.reflection.ClassFinder - Could not load class org.apache.poi.xslf.draw.SVGImageRenderer
22:26:15.420 [main] DEBUG net.thucydides.core.reflection.ClassFinder - Could not load class org.apache.poi.xslf.draw.SVGPOIGraphics2D
22:26:15.420 [main] DEBUG net.thucydides.core.reflection.ClassFinder - Could not load class org.apache.poi.xslf.draw.SVGRenderExtension
22:26:15.420 [main] DEBUG net.thucydides.core.reflection.ClassFinder - Could not load class org.apache.poi.xslf.draw.SVGUserAgent
22:26:15.420 [main] DEBUG net.thucydides.core.reflection.ClassFinder - Could not load class org.apache.poi.xslf.util.SVGFormat
22:26:15.420 [main] DEBUG net.thucydides.core.reflection.ClassFinder - Could not load class org.apache.xmlbeans.impl.schema.TypeSystemHolder
22:26:15.430 [main] DEBUG net.thucydides.core.reflection.ClassFinder - Could not load class org.apache.xmlbeans.impl.tool.MavenPlugin
22:26:15.430 [main] DEBUG net.thucydides.core.reflection.ClassFinder - Could not load class org.apache.xmlbeans.impl.tool.MavenPluginHelp
22:26:15.430 [main] DEBUG net.thucydides.core.reflection.ClassFinder - Could not load class org.apache.xmlbeans.impl.tool.XMLBean
22:26:15.430 [main] DEBUG net.thucydides.core.reflection.ClassFinder - Could not load class org.apache.xmlbeans.impl.xpath.saxon.SaxonXPath
22:26:15.430 [main] DEBUG net.thucydides.core.reflection.ClassFinder - Could not load class org.apache.xmlbeans.impl.xpath.saxon.SaxonXQuery
22:26:15.450 [main] DEBUG net.thucydides.core.reflection.ClassFinder - Could not load class org.etsi.uri.x01903.v13.GenericTimeStampType
22:26:15.450 [main] DEBUG net.thucydides.core.reflection.ClassFinder - Could not load class org.etsi.uri.x01903.v13.QualifierType
22:26:15.461 [main] DEBUG net.thucydides.core.reflection.ClassFinder - Could not load class org.openxmlformats.schemas.drawingml.x2006.chart.CTSerAx
22:26:15.461 [main] DEBUG net.thucydides.core.reflection.ClassFinder - Could not load class org.openxmlformats.schemas.drawingml.x2006.chart.STDepthPercentUShort
22:26:15.461 [main] DEBUG net.thucydides.core.reflection.ClassFinder - Could not load class org.openxmlformats.schemas.drawingml.x2006.chart.STDepthPercentWithSymbol
22:26:15.461 [main] DEBUG net.thucydides.core.reflection.ClassFinder - Could not load class org.openxmlformats.schemas.drawingml.x2006.chart.STHPercentUShort
22:26:15.461 [main] DEBUG net.thucydides.core.reflection.ClassFinder - Could not load class org.openxmlformats.schemas.drawingml.x2006.chart.STHPercentWithSymbol
22:26:15.461 [main] DEBUG net.thucydides.core.reflection.ClassFinder - Could not load class org.openxmlformats.schemas.drawingml.x2006.chart.STHoleSizePercent
22:26:15.461 [main] DEBUG net.thucydides.core.reflection.ClassFinder - Could not load class org.openxmlformats.schemas.drawingml.x2006.chart.STHoleSizeUByte
22:26:15.461 [main] DEBUG net.thucydides.core.reflection.ClassFinder - Could not load class org.openxmlformats.schemas.drawingml.x2006.chart.STOverlapByte
22:26:15.461 [main] DEBUG net.thucydides.core.reflection.ClassFinder - Could not load class org.openxmlformats.schemas.drawingml.x2006.chart.STOverlapPercent
22:26:15.461 [main] DEBUG net.thucydides.core.reflection.ClassFinder - Could not load class org.openxmlformats.schemas.drawingml.x2006.chart.STPageSetupOrientation
22:26:15.461 [main] DEBUG net.thucydides.core.reflection.ClassFinder - Could not load class org.openxmlformats.schemas.drawingml.x2006.main.CTGroupFillProperties
22:26:15.461 [main] DEBUG net.thucydides.core.reflection.ClassFinder - Could not load class org.openxmlformats.schemas.drawingml.x2006.main.CTPath2DQuadBezierTo
22:26:15.461 [main] DEBUG net.thucydides.core.reflection.ClassFinder - Could not load class org.openxmlformats.schemas.drawingml.x2006.main.STEffectContainerType
22:26:15.461 [main] DEBUG net.thucydides.core.reflection.ClassFinder - Could not load class org.openxmlformats.schemas.drawingml.x2006.main.STPresetMaterialType
22:26:15.461 [main] DEBUG net.thucydides.core.reflection.ClassFinder - Could not load class org.openxmlformats.schemas.drawingml.x2006.wordprocessingDrawing.STAlignH
22:26:15.461 [main] DEBUG net.thucydides.core.reflection.ClassFinder - Could not load class org.openxmlformats.schemas.drawingml.x2006.wordprocessingDrawing.STAlignV
22:26:15.461 [main] DEBUG net.thucydides.core.reflection.ClassFinder - Could not load class org.openxmlformats.schemas.officeDocument.x2006.docPropsVTypes.STVectorBaseType
22:26:15.461 [main] DEBUG net.thucydides.core.reflection.ClassFinder - Could not load class org.openxmlformats.schemas.officeDocument.x2006.sharedTypes.STConformanceClass
22:26:15.461 [main] DEBUG net.thucydides.core.reflection.ClassFinder - Could not load class org.openxmlformats.schemas.presentationml.x2006.main.STDirection
22:26:15.461 [main] DEBUG net.thucydides.core.reflection.ClassFinder - Could not load class org.openxmlformats.schemas.presentationml.x2006.main.STTLTimeNodeMasterRelation
22:26:15.461 [main] DEBUG net.thucydides.core.reflection.ClassFinder - Could not load class org.openxmlformats.schemas.presentationml.x2006.main.STTLTimeNodePresetClassType
22:26:15.470 [main] DEBUG net.thucydides.core.reflection.ClassFinder - Could not load class org.openxmlformats.schemas.presentationml.x2006.main.STTLTimeNodeSyncType
22:26:15.470 [main] DEBUG net.thucydides.core.reflection.ClassFinder - Could not load class org.openxmlformats.schemas.presentationml.x2006.main.STTLTriggerEvent
22:26:15.470 [main] DEBUG net.thucydides.core.reflection.ClassFinder - Could not load class org.openxmlformats.schemas.spreadsheetml.x2006.main.STComments
22:26:15.470 [main] DEBUG net.thucydides.core.reflection.ClassFinder - Could not load class org.openxmlformats.schemas.spreadsheetml.x2006.main.STDataValidationImeMode
22:26:15.470 [main] DEBUG net.thucydides.core.reflection.ClassFinder - Could not load class org.openxmlformats.schemas.spreadsheetml.x2006.main.STFieldSortType
22:26:15.470 [main] DEBUG net.thucydides.core.reflection.ClassFinder - Could not load class org.openxmlformats.schemas.spreadsheetml.x2006.main.STOleUpdate
22:26:15.470 [main] DEBUG net.thucydides.core.reflection.ClassFinder - Could not load class org.openxmlformats.schemas.spreadsheetml.x2006.main.STPhoneticAlignment
22:26:15.470 [main] DEBUG net.thucydides.core.reflection.ClassFinder - Could not load class org.openxmlformats.schemas.spreadsheetml.x2006.main.STShowDataAs
22:26:15.470 [main] DEBUG net.thucydides.core.reflection.ClassFinder - Could not load class org.openxmlformats.schemas.spreadsheetml.x2006.main.STSortBy
22:26:15.470 [main] DEBUG net.thucydides.core.reflection.ClassFinder - Could not load class org.openxmlformats.schemas.spreadsheetml.x2006.main.STSortMethod
22:26:15.470 [main] DEBUG net.thucydides.core.reflection.ClassFinder - Could not load class org.openxmlformats.schemas.spreadsheetml.x2006.main.STTableType
22:26:15.470 [main] DEBUG net.thucydides.core.reflection.ClassFinder - Could not load class org.openxmlformats.schemas.spreadsheetml.x2006.main.STTargetScreenSize
22:26:15.470 [main] DEBUG net.thucydides.core.reflection.ClassFinder - Could not load class org.openxmlformats.schemas.spreadsheetml.x2006.main.STTotalsRowFunction
22:26:15.470 [main] DEBUG net.thucydides.core.reflection.ClassFinder - Could not load class org.openxmlformats.schemas.wordprocessingml.x2006.main.CTBookmarkRange
22:26:15.470 [main] DEBUG net.thucydides.core.reflection.ClassFinder - Could not load class org.openxmlformats.schemas.wordprocessingml.x2006.main.CTDocumentBase
22:26:15.470 [main] DEBUG net.thucydides.core.reflection.ClassFinder - Could not load class org.openxmlformats.schemas.wordprocessingml.x2006.main.CTPPrBase
22:26:15.470 [main] DEBUG net.thucydides.core.reflection.ClassFinder - Could not load class org.openxmlformats.schemas.wordprocessingml.x2006.main.CTTblGridBase
22:26:15.470 [main] DEBUG net.thucydides.core.reflection.ClassFinder - Could not load class org.openxmlformats.schemas.wordprocessingml.x2006.main.CTTblPrBase
22:26:15.470 [main] DEBUG net.thucydides.core.reflection.ClassFinder - Could not load class org.openxmlformats.schemas.wordprocessingml.x2006.main.CTTblPrExBase
22:26:15.470 [main] DEBUG net.thucydides.core.reflection.ClassFinder - Could not load class org.openxmlformats.schemas.wordprocessingml.x2006.main.CTTcPrBase
22:26:15.470 [main] DEBUG net.thucydides.core.reflection.ClassFinder - Could not load class org.openxmlformats.schemas.wordprocessingml.x2006.main.CTTcPrInner
22:26:15.470 [main] DEBUG net.thucydides.core.reflection.ClassFinder - Could not load class org.openxmlformats.schemas.wordprocessingml.x2006.main.CTTrPrBase
22:26:15.470 [main] DEBUG net.thucydides.core.reflection.ClassFinder - Could not load class org.openxmlformats.schemas.wordprocessingml.x2006.main.STChapterSep
22:26:15.470 [main] DEBUG net.thucydides.core.reflection.ClassFinder - Could not load class org.openxmlformats.schemas.wordprocessingml.x2006.main.STDropCap
22:26:15.470 [main] DEBUG net.thucydides.core.reflection.ClassFinder - Could not load class org.openxmlformats.schemas.wordprocessingml.x2006.main.STPTabAlignment
22:26:15.480 [main] DEBUG net.thucydides.core.reflection.ClassFinder - Could not load class org.openxmlformats.schemas.wordprocessingml.x2006.main.STPTabLeader
22:26:15.480 [main] DEBUG net.thucydides.core.reflection.ClassFinder - Could not load class org.openxmlformats.schemas.wordprocessingml.x2006.main.STPTabRelativeTo
22:26:15.480 [main] DEBUG net.thucydides.core.reflection.ClassFinder - Could not load class org.openxmlformats.schemas.wordprocessingml.x2006.main.STPageBorderZOrder
22:26:15.480 [main] DEBUG net.thucydides.core.reflection.ClassFinder - Could not load class org.openxmlformats.schemas.wordprocessingml.x2006.main.STZoom
22:26:15.780 [main] DEBUG net.serenitybdd.core.webdriver.driverproviders.ProvideNewDriver - Instantiating driver
22:26:15.780 [main] DEBUG net.serenitybdd.core.webdriver.driverproviders.ProvideNewDriver - Driver capabilities: Capabilities {acceptInsecureCerts: false, browserName: chrome, goog:chromeOptions: {args: [--start-maximized, --test-type, --no-sandbox, --ignore-certificate-errors, \r\n                       ..., --disable-default-apps, --disable-extensions-file-a..., \r\n                       ..., --disable-infobars,--disabl...], extensions: []}}
22:26:16.000 [AsyncHttpClient-1-3] DEBUG org.asynchttpclient.netty.channel.NettyConnectListener - Using new Channel '[id: 0x46e5e9e4, L:/127.0.0.1:61665 - R:localhost/127.0.0.1:52548]' for 'POST' to '/session'
22:26:17.170 [AsyncHttpClient-1-3] DEBUG org.asynchttpclient.netty.handler.HttpHandler - 

Request DefaultHttpRequest(decodeResult: success, version: HTTP/1.1)
POST /session HTTP/1.1
User-Agent: selenium/4.1.2 (java windows)
Content-Length: 1191
Content-Type: application/json; charset=utf-8
host: localhost:52548
accept: */*

Response DefaultHttpResponse(decodeResult: success, version: HTTP/1.1)
HTTP/1.1 200 OK
Content-Type: application/json; charset=utf-8
cache-control: no-cache
content-length: 791

22:26:17.171 [AsyncHttpClient-1-3] DEBUG org.asynchttpclient.netty.channel.ChannelManager - Adding key: http://localhost:52548 for channel [id: 0x46e5e9e4, L:/127.0.0.1:61665 - R:localhost/127.0.0.1:52548]
22:26:17.213 [AsyncHttpClient-1-4] DEBUG org.asynchttpclient.netty.channel.NettyConnectListener - Using new Channel '[id: 0x93f4e433, L:/127.0.0.1:61673 - R:localhost/127.0.0.1:61666]' for 'GET' to '/json/version'
22:26:17.214 [AsyncHttpClient-1-4] DEBUG org.asynchttpclient.netty.handler.HttpHandler - 

Request DefaultFullHttpRequest(decodeResult: success, version: HTTP/1.1, content: EmptyByteBufBE)
GET /json/version HTTP/1.1
User-Agent: selenium/4.1.2 (java windows)
host: localhost:61666
accept: */*

Response DefaultHttpResponse(decodeResult: success, version: HTTP/1.1)
HTTP/1.1 200 OK
Content-Type: application/json; charset=UTF-8
content-length: 424

22:26:17.215 [AsyncHttpClient-1-4] DEBUG org.asynchttpclient.netty.channel.ChannelManager - Adding key: http://localhost:61666 for channel [id: 0x93f4e433, L:/127.0.0.1:61673 - R:localhost/127.0.0.1:61666]
22:26:17.219 [AsyncHttpClient-1-5] DEBUG org.asynchttpclient.netty.channel.NettyConnectListener - Using new Channel '[id: 0xe7e41341, L:/127.0.0.1:61674 - R:localhost/127.0.0.1:61666]' for 'GET' to '/devtools/browser/f5bbb679-276f-4a44-a26b-0f79c4ee9e24'
22:26:17.221 [AsyncHttpClient-1-5] DEBUG org.asynchttpclient.netty.handler.WebSocketHandler - 

Request DefaultFullHttpRequest(decodeResult: success, version: HTTP/1.1, content: EmptyByteBufBE)
GET /devtools/browser/f5bbb679-276f-4a44-a26b-0f79c4ee9e24 HTTP/1.1
upgrade: websocket
connection: upgrade
sec-websocket-key: HxBSCzhSOwky5Xyd+nqOrw==
sec-websocket-version: 13
origin: http://localhost:61666
host: localhost:61666
accept: */*
user-agent: AHC/2.1

Response DefaultHttpResponse(decodeResult: success, version: HTTP/1.1)
HTTP/1.1 101 WebSocket Protocol Handshake
Upgrade: WebSocket
Connection: Upgrade
Sec-WebSocket-Accept: 6ttz9+AsEoje544wozTg9xSdDJU=

22:26:17.228 [Forwarding maximizeCurrentWindow on session 641f648e71aca2f5667aa4d5337d6f22 to remote] DEBUG org.asynchttpclient.netty.request.NettyRequestSender - Using pooled Channel '[id: 0x46e5e9e4, L:/127.0.0.1:61665 - R:localhost/127.0.0.1:52548]' for 'POST' to 'http://localhost:52548/session/641f648e71aca2f5667aa4d5337d6f22/window/maximize'
22:26:17.228 [Forwarding maximizeCurrentWindow on session 641f648e71aca2f5667aa4d5337d6f22 to remote] DEBUG org.asynchttpclient.netty.request.NettyRequestSender - Using open Channel [id: 0x46e5e9e4, L:/127.0.0.1:61665 - R:localhost/127.0.0.1:52548] for POST '/session/641f648e71aca2f5667aa4d5337d6f22/window/maximize'
22:26:17.249 [AsyncHttpClient-1-3] DEBUG org.asynchttpclient.netty.handler.HttpHandler - 

Request DefaultHttpRequest(decodeResult: success, version: HTTP/1.1)
POST /session/641f648e71aca2f5667aa4d5337d6f22/window/maximize HTTP/1.1
User-Agent: selenium/4.1.2 (java windows)
Content-Length: 3
Content-Type: application/json; charset=utf-8
host: localhost:52548
accept: */*

Response DefaultHttpResponse(decodeResult: success, version: HTTP/1.1)
HTTP/1.1 200 OK
Content-Type: application/json; charset=utf-8
cache-control: no-cache
content-length: 51

22:26:17.250 [AsyncHttpClient-1-3] DEBUG org.asynchttpclient.netty.channel.ChannelManager - Adding key: http://localhost:52548 for channel [id: 0x46e5e9e4, L:/127.0.0.1:61665 - R:localhost/127.0.0.1:52548]
22:26:18.086 [AsyncHttpClient-1-1] DEBUG org.asynchttpclient.netty.channel.DefaultChannelPool - Entry count for : http://localhost:52548 : 1
22:26:18.086 [AsyncHttpClient-1-1] DEBUG org.asynchttpclient.netty.channel.DefaultChannelPool - Entry count for : http://localhost:61666 : 1
22:26:18.768 [main] DEBUG net.thucydides.core.reflection.ClassFinder - Could not load class .pages.CampaignPage
22:26:18.768 [main] DEBUG net.thucydides.core.reflection.ClassFinder - Could not load class .pages.N11CampaignsMainPage
22:26:18.768 [main] DEBUG net.thucydides.core.reflection.ClassFinder - Could not load class .questions.CheckDriver
22:26:18.768 [main] DEBUG net.thucydides.core.reflection.ClassFinder - Could not load class .runners.CucumberRunner
22:26:18.768 [main] DEBUG net.thucydides.core.reflection.ClassFinder - Could not load class .stepdefinitions.CampaignsStepDefinitions
22:26:18.768 [main] DEBUG net.thucydides.core.reflection.ClassFinder - Could not load class .tasks.CheckNumOfCampaigns
22:26:18.768 [main] DEBUG net.thucydides.core.reflection.ClassFinder - Could not load class .tasks.ClickCategory
22:26:18.768 [main] DEBUG net.thucydides.core.reflection.ClassFinder - Could not load class .tasks.NavigateTo
22:26:18.768 [main] DEBUG net.thucydides.core.reflection.ClassFinder - Could not load class .tasks.WriteURLsExcel
22:26:18.768 [main] DEBUG net.thucydides.core.reflection.ClassFinder - Could not load class META-INF.versions.9.com.sun.istack.logging.StackHelper
22:26:18.768 [main] DEBUG net.thucydides.core.reflection.ClassFinder - Could not load class META-INF.versions.9.com.sun.xml.bind.v2.runtime.reflect.opt.AccessorInjector
22:26:18.768 [main] DEBUG net.thucydides.core.reflection.ClassFinder - Could not load class META-INF.versions.9.com.sun.xml.bind.v2.runtime.reflect.opt.Injector
22:26:18.768 [main] DEBUG net.thucydides.core.reflection.ClassFinder - Could not load class META-INF.versions.9.com.sun.xml.bind.v2.runtime.reflect.opt.OptimizedAccessorFactory
22:26:18.768 [main] DEBUG net.thucydides.core.reflection.ClassFinder - Could not load class META-INF.versions.9.com.sun.xml.bind.v2.runtime.reflect.opt.OptimizedTransducedAccessorFactory
22:26:18.768 [main] DEBUG net.thucydides.core.reflection.ClassFinder - Could not load class META-INF.versions.9.io.opentelemetry.sdk.internal.CurrentJavaVersionSpecific
22:26:18.768 [main] DEBUG net.thucydides.core.reflection.ClassFinder - Could not load class META-INF.versions.9.io.opentelemetry.sdk.internal.Java9VersionSpecific
22:26:18.768 [main] DEBUG net.thucydides.core.reflection.ClassFinder - Could not load class META-INF.versions.9.javax.xml.bind.ModuleUtil
22:26:18.768 [main] DEBUG net.thucydides.core.reflection.ClassFinder - Could not load class META-INF.versions.9.module-info
22:26:18.768 [main] DEBUG net.thucydides.core.reflection.ClassFinder - Could not load class META-INF.versions.9.org.apache.logging.log4j.util.Base64Util
22:26:18.768 [main] DEBUG net.thucydides.core.reflection.ClassFinder - Could not load class META-INF.versions.9.org.apache.logging.log4j.util.ProcessIdUtil
22:26:18.768 [main] DEBUG net.thucydides.core.reflection.ClassFinder - Could not load class META-INF.versions.9.org.apache.logging.log4j.util.StackLocator
22:26:18.768 [main] DEBUG net.thucydides.core.reflection.ClassFinder - Could not load class META-INF.versions.9.org.apache.logging.log4j.util.internal.DefaultObjectInputFilter
22:26:18.768 [main] DEBUG net.thucydides.core.reflection.ClassFinder - Could not load class META-INF.versions.9.org.apache.xmlbeans.impl.tool.MavenPluginResolver
22:26:18.778 [main] DEBUG net.thucydides.core.reflection.ClassFinder - Could not load class META-INF.versions.9.org.junit.platform.commons.util.ModuleUtils
22:26:18.778 [main] DEBUG net.thucydides.core.reflection.ClassFinder - Could not load class com.microsoft.schemas.office.office.STOLEUpdateMode
22:26:18.779 [main] DEBUG net.thucydides.core.reflection.ClassFinder - Could not load class com.microsoft.schemas.office.office.STScreenSize
22:26:18.779 [main] DEBUG net.thucydides.core.reflection.ClassFinder - Could not load class com.microsoft.schemas.office.visio.x2012.main.SheetType
22:26:18.779 [main] DEBUG net.thucydides.core.reflection.ClassFinder - Could not load class com.microsoft.schemas.office.word.STHorizontalAnchor
22:26:18.779 [main] DEBUG net.thucydides.core.reflection.ClassFinder - Could not load class com.microsoft.schemas.office.word.STVerticalAnchor
22:26:18.780 [main] DEBUG net.thucydides.core.reflection.ClassFinder - Could not load class com.microsoft.schemas.office.word.STWrapSide
22:26:18.780 [main] DEBUG net.thucydides.core.reflection.ClassFinder - Could not load class com.microsoft.schemas.vml.STImageAspect
22:26:18.780 [main] DEBUG net.thucydides.core.reflection.ClassFinder - Could not load class com.microsoft.schemas.vml.STStrokeArrowLength
22:26:18.780 [main] DEBUG net.thucydides.core.reflection.ClassFinder - Could not load class com.microsoft.schemas.vml.STStrokeArrowWidth
22:26:18.780 [main] DEBUG net.thucydides.core.reflection.ClassFinder - Could not load class com.microsoft.schemas.vml.STStrokeEndCap
22:26:18.780 [main] DEBUG net.thucydides.core.reflection.ClassFinder - Could not load class com.microsoft.schemas.vml.STStrokeLineStyle
22:26:18.780 [main] DEBUG net.thucydides.core.reflection.ClassFinder - Could not load class com.sun.xml.bind.v2.runtime.output.FastInfosetStreamWriterOutput
22:26:18.790 [main] DEBUG net.thucydides.core.reflection.ClassFinder - Could not load class module-info
22:26:18.790 [main] DEBUG net.thucydides.core.reflection.ClassFinder - Could not load class org.apache.logging.log4j.util.Activator
22:26:18.800 [main] DEBUG net.thucydides.core.reflection.ClassFinder - Could not load class org.apache.poi.xslf.draw.SVGImageRenderer
22:26:18.800 [main] DEBUG net.thucydides.core.reflection.ClassFinder - Could not load class org.apache.poi.xslf.draw.SVGPOIGraphics2D
22:26:18.808 [main] DEBUG net.thucydides.core.reflection.ClassFinder - Could not load class org.apache.poi.xslf.draw.SVGRenderExtension
22:26:18.808 [main] DEBUG net.thucydides.core.reflection.ClassFinder - Could not load class org.apache.poi.xslf.draw.SVGUserAgent
22:26:18.808 [main] DEBUG net.thucydides.core.reflection.ClassFinder - Could not load class org.apache.poi.xslf.util.SVGFormat
22:26:18.808 [main] DEBUG net.thucydides.core.reflection.ClassFinder - Could not load class org.apache.xmlbeans.impl.schema.TypeSystemHolder
22:26:18.808 [main] DEBUG net.thucydides.core.reflection.ClassFinder - Could not load class org.apache.xmlbeans.impl.tool.MavenPlugin
22:26:18.808 [main] DEBUG net.thucydides.core.reflection.ClassFinder - Could not load class org.apache.xmlbeans.impl.tool.MavenPluginHelp
22:26:18.818 [main] DEBUG net.thucydides.core.reflection.ClassFinder - Could not load class org.apache.xmlbeans.impl.tool.XMLBean
22:26:18.818 [main] DEBUG net.thucydides.core.reflection.ClassFinder - Could not load class org.apache.xmlbeans.impl.xpath.saxon.SaxonXPath
22:26:18.818 [main] DEBUG net.thucydides.core.reflection.ClassFinder - Could not load class org.apache.xmlbeans.impl.xpath.saxon.SaxonXQuery
22:26:18.828 [main] DEBUG net.thucydides.core.reflection.ClassFinder - Could not load class org.etsi.uri.x01903.v13.GenericTimeStampType
22:26:18.828 [main] DEBUG net.thucydides.core.reflection.ClassFinder - Could not load class org.etsi.uri.x01903.v13.QualifierType
22:26:18.828 [main] DEBUG net.thucydides.core.reflection.ClassFinder - Could not load class org.openxmlformats.schemas.drawingml.x2006.chart.CTSerAx
22:26:18.828 [main] DEBUG net.thucydides.core.reflection.ClassFinder - Could not load class org.openxmlformats.schemas.drawingml.x2006.chart.STDepthPercentUShort
22:26:18.828 [main] DEBUG net.thucydides.core.reflection.ClassFinder - Could not load class org.openxmlformats.schemas.drawingml.x2006.chart.STDepthPercentWithSymbol
22:26:18.828 [main] DEBUG net.thucydides.core.reflection.ClassFinder - Could not load class org.openxmlformats.schemas.drawingml.x2006.chart.STHPercentUShort
22:26:18.828 [main] DEBUG net.thucydides.core.reflection.ClassFinder - Could not load class org.openxmlformats.schemas.drawingml.x2006.chart.STHPercentWithSymbol
22:26:18.828 [main] DEBUG net.thucydides.core.reflection.ClassFinder - Could not load class org.openxmlformats.schemas.drawingml.x2006.chart.STHoleSizePercent
22:26:18.828 [main] DEBUG net.thucydides.core.reflection.ClassFinder - Could not load class org.openxmlformats.schemas.drawingml.x2006.chart.STHoleSizeUByte
22:26:18.828 [main] DEBUG net.thucydides.core.reflection.ClassFinder - Could not load class org.openxmlformats.schemas.drawingml.x2006.chart.STOverlapByte
22:26:18.828 [main] DEBUG net.thucydides.core.reflection.ClassFinder - Could not load class org.openxmlformats.schemas.drawingml.x2006.chart.STOverlapPercent
22:26:18.838 [main] DEBUG net.thucydides.core.reflection.ClassFinder - Could not load class org.openxmlformats.schemas.drawingml.x2006.chart.STPageSetupOrientation
22:26:18.838 [main] DEBUG net.thucydides.core.reflection.ClassFinder - Could not load class org.openxmlformats.schemas.drawingml.x2006.main.CTGroupFillProperties
22:26:18.838 [main] DEBUG net.thucydides.core.reflection.ClassFinder - Could not load class org.openxmlformats.schemas.drawingml.x2006.main.CTPath2DQuadBezierTo
22:26:18.838 [main] DEBUG net.thucydides.core.reflection.ClassFinder - Could not load class org.openxmlformats.schemas.drawingml.x2006.main.STEffectContainerType
22:26:18.838 [main] DEBUG net.thucydides.core.reflection.ClassFinder - Could not load class org.openxmlformats.schemas.drawingml.x2006.main.STPresetMaterialType
22:26:18.838 [main] DEBUG net.thucydides.core.reflection.ClassFinder - Could not load class org.openxmlformats.schemas.drawingml.x2006.wordprocessingDrawing.STAlignH
22:26:18.838 [main] DEBUG net.thucydides.core.reflection.ClassFinder - Could not load class org.openxmlformats.schemas.drawingml.x2006.wordprocessingDrawing.STAlignV
22:26:18.838 [main] DEBUG net.thucydides.core.reflection.ClassFinder - Could not load class org.openxmlformats.schemas.officeDocument.x2006.docPropsVTypes.STVectorBaseType
22:26:18.838 [main] DEBUG net.thucydides.core.reflection.ClassFinder - Could not load class org.openxmlformats.schemas.officeDocument.x2006.sharedTypes.STConformanceClass
22:26:18.838 [main] DEBUG net.thucydides.core.reflection.ClassFinder - Could not load class org.openxmlformats.schemas.presentationml.x2006.main.STDirection
22:26:18.838 [main] DEBUG net.thucydides.core.reflection.ClassFinder - Could not load class org.openxmlformats.schemas.presentationml.x2006.main.STTLTimeNodeMasterRelation
22:26:18.838 [main] DEBUG net.thucydides.core.reflection.ClassFinder - Could not load class org.openxmlformats.schemas.presentationml.x2006.main.STTLTimeNodePresetClassType
22:26:18.838 [main] DEBUG net.thucydides.core.reflection.ClassFinder - Could not load class org.openxmlformats.schemas.presentationml.x2006.main.STTLTimeNodeSyncType
22:26:18.838 [main] DEBUG net.thucydides.core.reflection.ClassFinder - Could not load class org.openxmlformats.schemas.presentationml.x2006.main.STTLTriggerEvent
22:26:18.838 [main] DEBUG net.thucydides.core.reflection.ClassFinder - Could not load class org.openxmlformats.schemas.spreadsheetml.x2006.main.STComments
22:26:18.838 [main] DEBUG net.thucydides.core.reflection.ClassFinder - Could not load class org.openxmlformats.schemas.spreadsheetml.x2006.main.STDataValidationImeMode
22:26:18.838 [main] DEBUG net.thucydides.core.reflection.ClassFinder - Could not load class org.openxmlformats.schemas.spreadsheetml.x2006.main.STFieldSortType
22:26:18.838 [main] DEBUG net.thucydides.core.reflection.ClassFinder - Could not load class org.openxmlformats.schemas.spreadsheetml.x2006.main.STOleUpdate
22:26:18.838 [main] DEBUG net.thucydides.core.reflection.ClassFinder - Could not load class org.openxmlformats.schemas.spreadsheetml.x2006.main.STPhoneticAlignment
22:26:18.848 [main] DEBUG net.thucydides.core.reflection.ClassFinder - Could not load class org.openxmlformats.schemas.spreadsheetml.x2006.main.STShowDataAs
22:26:18.848 [main] DEBUG net.thucydides.core.reflection.ClassFinder - Could not load class org.openxmlformats.schemas.spreadsheetml.x2006.main.STSortBy
22:26:18.848 [main] DEBUG net.thucydides.core.reflection.ClassFinder - Could not load class org.openxmlformats.schemas.spreadsheetml.x2006.main.STSortMethod
22:26:18.848 [main] DEBUG net.thucydides.core.reflection.ClassFinder - Could not load class org.openxmlformats.schemas.spreadsheetml.x2006.main.STTableType
22:26:18.848 [main] DEBUG net.thucydides.core.reflection.ClassFinder - Could not load class org.openxmlformats.schemas.spreadsheetml.x2006.main.STTargetScreenSize
22:26:18.848 [main] DEBUG net.thucydides.core.reflection.ClassFinder - Could not load class org.openxmlformats.schemas.spreadsheetml.x2006.main.STTotalsRowFunction
22:26:18.848 [main] DEBUG net.thucydides.core.reflection.ClassFinder - Could not load class org.openxmlformats.schemas.wordprocessingml.x2006.main.CTBookmarkRange
22:26:18.848 [main] DEBUG net.thucydides.core.reflection.ClassFinder - Could not load class org.openxmlformats.schemas.wordprocessingml.x2006.main.CTDocumentBase
22:26:18.848 [main] DEBUG net.thucydides.core.reflection.ClassFinder - Could not load class org.openxmlformats.schemas.wordprocessingml.x2006.main.CTPPrBase
22:26:18.848 [main] DEBUG net.thucydides.core.reflection.ClassFinder - Could not load class org.openxmlformats.schemas.wordprocessingml.x2006.main.CTTblGridBase
22:26:18.848 [main] DEBUG net.thucydides.core.reflection.ClassFinder - Could not load class org.openxmlformats.schemas.wordprocessingml.x2006.main.CTTblPrBase
22:26:18.848 [main] DEBUG net.thucydides.core.reflection.ClassFinder - Could not load class org.openxmlformats.schemas.wordprocessingml.x2006.main.CTTblPrExBase
22:26:18.848 [main] DEBUG net.thucydides.core.reflection.ClassFinder - Could not load class org.openxmlformats.schemas.wordprocessingml.x2006.main.CTTcPrBase
22:26:18.848 [main] DEBUG net.thucydides.core.reflection.ClassFinder - Could not load class org.openxmlformats.schemas.wordprocessingml.x2006.main.CTTcPrInner
22:26:18.848 [main] DEBUG net.thucydides.core.reflection.ClassFinder - Could not load class org.openxmlformats.schemas.wordprocessingml.x2006.main.CTTrPrBase
22:26:18.848 [main] DEBUG net.thucydides.core.reflection.ClassFinder - Could not load class org.openxmlformats.schemas.wordprocessingml.x2006.main.STChapterSep
22:26:18.848 [main] DEBUG net.thucydides.core.reflection.ClassFinder - Could not load class org.openxmlformats.schemas.wordprocessingml.x2006.main.STDropCap
22:26:18.848 [main] DEBUG net.thucydides.core.reflection.ClassFinder - Could not load class org.openxmlformats.schemas.wordprocessingml.x2006.main.STPTabAlignment
22:26:18.848 [main] DEBUG net.thucydides.core.reflection.ClassFinder - Could not load class org.openxmlformats.schemas.wordprocessingml.x2006.main.STPTabLeader
22:26:18.848 [main] DEBUG net.thucydides.core.reflection.ClassFinder - Could not load class org.openxmlformats.schemas.wordprocessingml.x2006.main.STPTabRelativeTo
22:26:18.848 [main] DEBUG net.thucydides.core.reflection.ClassFinder - Could not load class org.openxmlformats.schemas.wordprocessingml.x2006.main.STPageBorderZOrder
22:26:18.848 [main] DEBUG net.thucydides.core.reflection.ClassFinder - Could not load class org.openxmlformats.schemas.wordprocessingml.x2006.main.STZoom
22:26:18.858 [Forwarding get on session 641f648e71aca2f5667aa4d5337d6f22 to remote] DEBUG org.asynchttpclient.netty.request.NettyRequestSender - Using pooled Channel '[id: 0x46e5e9e4, L:/127.0.0.1:61665 - R:localhost/127.0.0.1:52548]' for 'POST' to 'http://localhost:52548/session/641f648e71aca2f5667aa4d5337d6f22/url'
22:26:18.858 [Forwarding get on session 641f648e71aca2f5667aa4d5337d6f22 to remote] DEBUG org.asynchttpclient.netty.request.NettyRequestSender - Using open Channel [id: 0x46e5e9e4, L:/127.0.0.1:61665 - R:localhost/127.0.0.1:52548] for POST '/session/641f648e71aca2f5667aa4d5337d6f22/url'
22:26:19.188 [AsyncHttpClient-1-1] DEBUG org.asynchttpclient.netty.channel.DefaultChannelPool - Entry count for : http://localhost:61666 : 1
22:26:20.282 [AsyncHttpClient-1-1] DEBUG org.asynchttpclient.netty.channel.DefaultChannelPool - Entry count for : http://localhost:61666 : 1
22:26:21.381 [AsyncHttpClient-1-1] DEBUG org.asynchttpclient.netty.channel.DefaultChannelPool - Entry count for : http://localhost:61666 : 1
22:26:22.485 [AsyncHttpClient-1-1] DEBUG org.asynchttpclient.netty.channel.DefaultChannelPool - Entry count for : http://localhost:61666 : 1
22:26:23.062 [AsyncHttpClient-1-3] DEBUG org.asynchttpclient.netty.handler.HttpHandler - 

Request DefaultHttpRequest(decodeResult: success, version: HTTP/1.1)
POST /session/641f648e71aca2f5667aa4d5337d6f22/url HTTP/1.1
User-Agent: selenium/4.1.2 (java windows)
Content-Length: 61
Content-Type: application/json; charset=utf-8
host: localhost:52548
accept: */*

Response DefaultHttpResponse(decodeResult: success, version: HTTP/1.1)
HTTP/1.1 200 OK
Content-Type: application/json; charset=utf-8
cache-control: no-cache
content-length: 14

22:26:23.062 [AsyncHttpClient-1-3] DEBUG org.asynchttpclient.netty.channel.ChannelManager - Adding key: http://localhost:52548 for channel [id: 0x46e5e9e4, L:/127.0.0.1:61665 - R:localhost/127.0.0.1:52548]
22:26:23.065 [Forwarding setTimeout on session 641f648e71aca2f5667aa4d5337d6f22 to remote] DEBUG org.asynchttpclient.netty.request.NettyRequestSender - Using pooled Channel '[id: 0x46e5e9e4, L:/127.0.0.1:61665 - R:localhost/127.0.0.1:52548]' for 'POST' to 'http://localhost:52548/session/641f648e71aca2f5667aa4d5337d6f22/timeouts'
22:26:23.065 [Forwarding setTimeout on session 641f648e71aca2f5667aa4d5337d6f22 to remote] DEBUG org.asynchttpclient.netty.request.NettyRequestSender - Using open Channel [id: 0x46e5e9e4, L:/127.0.0.1:61665 - R:localhost/127.0.0.1:52548] for POST '/session/641f648e71aca2f5667aa4d5337d6f22/timeouts'
22:26:23.067 [AsyncHttpClient-1-3] DEBUG org.asynchttpclient.netty.handler.HttpHandler - 

Request DefaultHttpRequest(decodeResult: success, version: HTTP/1.1)
POST /session/641f648e71aca2f5667aa4d5337d6f22/timeouts HTTP/1.1
User-Agent: selenium/4.1.2 (java windows)
Content-Length: 22
Content-Type: application/json; charset=utf-8
host: localhost:52548
accept: */*

Response DefaultHttpResponse(decodeResult: success, version: HTTP/1.1)
HTTP/1.1 200 OK
Content-Type: application/json; charset=utf-8
cache-control: no-cache
content-length: 14

22:26:23.067 [AsyncHttpClient-1-3] DEBUG org.asynchttpclient.netty.channel.ChannelManager - Adding key: http://localhost:52548 for channel [id: 0x46e5e9e4, L:/127.0.0.1:61665 - R:localhost/127.0.0.1:52548]
22:26:23.068 [Forwarding getCurrentUrl on session 641f648e71aca2f5667aa4d5337d6f22 to remote] DEBUG org.asynchttpclient.netty.request.NettyRequestSender - Using pooled Channel '[id: 0x46e5e9e4, L:/127.0.0.1:61665 - R:localhost/127.0.0.1:52548]' for 'GET' to 'http://localhost:52548/session/641f648e71aca2f5667aa4d5337d6f22/url'
22:26:23.068 [Forwarding getCurrentUrl on session 641f648e71aca2f5667aa4d5337d6f22 to remote] DEBUG org.asynchttpclient.netty.request.NettyRequestSender - Using open Channel [id: 0x46e5e9e4, L:/127.0.0.1:61665 - R:localhost/127.0.0.1:52548] for GET '/session/641f648e71aca2f5667aa4d5337d6f22/url'
22:26:23.077 [AsyncHttpClient-1-3] DEBUG org.asynchttpclient.netty.handler.HttpHandler - 

Request DefaultFullHttpRequest(decodeResult: success, version: HTTP/1.1, content: EmptyByteBufBE)
GET /session/641f648e71aca2f5667aa4d5337d6f22/url HTTP/1.1
User-Agent: selenium/4.1.2 (java windows)
Cache-Control: no-cache
Content-Type: application/json; charset=utf-8
host: localhost:52548
accept: */*

Response DefaultHttpResponse(decodeResult: success, version: HTTP/1.1)
HTTP/1.1 200 OK
Content-Type: application/json; charset=utf-8
cache-control: no-cache
content-length: 43

22:26:23.077 [AsyncHttpClient-1-3] DEBUG org.asynchttpclient.netty.channel.ChannelManager - Adding key: http://localhost:52548 for channel [id: 0x46e5e9e4, L:/127.0.0.1:61665 - R:localhost/127.0.0.1:52548]
22:26:23.079 [Forwarding getCurrentUrl on session 641f648e71aca2f5667aa4d5337d6f22 to remote] DEBUG org.asynchttpclient.netty.request.NettyRequestSender - Using pooled Channel '[id: 0x46e5e9e4, L:/127.0.0.1:61665 - R:localhost/127.0.0.1:52548]' for 'GET' to 'http://localhost:52548/session/641f648e71aca2f5667aa4d5337d6f22/url'
22:26:23.079 [Forwarding getCurrentUrl on session 641f648e71aca2f5667aa4d5337d6f22 to remote] DEBUG org.asynchttpclient.netty.request.NettyRequestSender - Using open Channel [id: 0x46e5e9e4, L:/127.0.0.1:61665 - R:localhost/127.0.0.1:52548] for GET '/session/641f648e71aca2f5667aa4d5337d6f22/url'
22:26:23.088 [AsyncHttpClient-1-3] DEBUG org.asynchttpclient.netty.handler.HttpHandler - 

Request DefaultFullHttpRequest(decodeResult: success, version: HTTP/1.1, content: EmptyByteBufBE)
GET /session/641f648e71aca2f5667aa4d5337d6f22/url HTTP/1.1
User-Agent: selenium/4.1.2 (java windows)
Cache-Control: no-cache
Content-Type: application/json; charset=utf-8
host: localhost:52548
accept: */*

Response DefaultHttpResponse(decodeResult: success, version: HTTP/1.1)
HTTP/1.1 200 OK
Content-Type: application/json; charset=utf-8
cache-control: no-cache
content-length: 43

22:26:23.088 [AsyncHttpClient-1-3] DEBUG org.asynchttpclient.netty.channel.ChannelManager - Adding key: http://localhost:52548 for channel [id: 0x46e5e9e4, L:/127.0.0.1:61665 - R:localhost/127.0.0.1:52548]
22:26:23.098 [Forwarding screenshot on session 641f648e71aca2f5667aa4d5337d6f22 to remote] DEBUG org.asynchttpclient.netty.request.NettyRequestSender - Using pooled Channel '[id: 0x46e5e9e4, L:/127.0.0.1:61665 - R:localhost/127.0.0.1:52548]' for 'GET' to 'http://localhost:52548/session/641f648e71aca2f5667aa4d5337d6f22/screenshot'
22:26:23.098 [Forwarding screenshot on session 641f648e71aca2f5667aa4d5337d6f22 to remote] DEBUG org.asynchttpclient.netty.request.NettyRequestSender - Using open Channel [id: 0x46e5e9e4, L:/127.0.0.1:61665 - R:localhost/127.0.0.1:52548] for GET '/session/641f648e71aca2f5667aa4d5337d6f22/screenshot'
22:26:23.509 [AsyncHttpClient-1-3] DEBUG org.asynchttpclient.netty.handler.HttpHandler - 

Request DefaultFullHttpRequest(decodeResult: success, version: HTTP/1.1, content: EmptyByteBufBE)
GET /session/641f648e71aca2f5667aa4d5337d6f22/screenshot HTTP/1.1
User-Agent: selenium/4.1.2 (java windows)
Cache-Control: no-cache
Content-Type: application/json; charset=utf-8
host: localhost:52548
accept: */*

Response DefaultHttpResponse(decodeResult: success, version: HTTP/1.1)
HTTP/1.1 200 OK
Content-Type: application/json; charset=utf-8
cache-control: no-cache
content-length: 716148

22:26:23.512 [AsyncHttpClient-1-3] DEBUG org.asynchttpclient.netty.channel.ChannelManager - Adding key: http://localhost:52548 for channel [id: 0x46e5e9e4, L:/127.0.0.1:61665 - R:localhost/127.0.0.1:52548]
22:26:23.522 [main] DEBUG net.serenitybdd.core.photography.Darkroom - Send negative for processing for target\site\serenity\0b663212aae285cd7e928c04715213693ec5aec7e300b9c9e8ddf126ebdfce52.png
22:26:23.522 [main] DEBUG net.thucydides.core.steps.StepInterceptor - STEP DONE: {0} opens the #targetPageName
22:26:23.533 [main] DEBUG net.thucydides.core.steps.StepInterceptor - STEP DONE: !#title
  &amp#27;[32mGiven &amp#27;[0m&amp#27;[32muser opens the page&amp#27;[0m                                                 &amp#27;[90m# stepdefinitions.CampaignsStepDefinitions.userOpensThePage()&amp#27;[0m
22:26:23.550 [main] DEBUG net.thucydides.core.steps.StepInterceptor - STARTING STEP: CampaignsStepDefinitions.userClicksOnACategory - {0} clicks on #target
22:26:23.550 [main] DEBUG net.serenitybdd.screenplay.targets.IFrameSwitcher - default content already selected for Location pop-up close
22:26:23.550 [Forwarding findElement on session 641f648e71aca2f5667aa4d5337d6f22 to remote] DEBUG org.asynchttpclient.netty.request.NettyRequestSender - Using pooled Channel '[id: 0x46e5e9e4, L:/127.0.0.1:61665 - R:localhost/127.0.0.1:52548]' for 'POST' to 'http://localhost:52548/session/641f648e71aca2f5667aa4d5337d6f22/element'
22:26:23.550 [Forwarding findElement on session 641f648e71aca2f5667aa4d5337d6f22 to remote] DEBUG org.asynchttpclient.netty.request.NettyRequestSender - Using open Channel [id: 0x46e5e9e4, L:/127.0.0.1:61665 - R:localhost/127.0.0.1:52548] for POST '/session/641f648e71aca2f5667aa4d5337d6f22/element'
22:26:23.580 [AsyncHttpClient-1-1] DEBUG org.asynchttpclient.netty.channel.DefaultChannelPool - Entry count for : http://localhost:61666 : 1
22:26:23.582 [AsyncHttpClient-1-3] DEBUG org.asynchttpclient.netty.handler.HttpHandler - 

Request DefaultHttpRequest(decodeResult: success, version: HTTP/1.1)
POST /session/641f648e71aca2f5667aa4d5337d6f22/element HTTP/1.1
User-Agent: selenium/4.1.2 (java windows)
Content-Length: 66
Content-Type: application/json; charset=utf-8
host: localhost:52548
accept: */*

Response DefaultHttpResponse(decodeResult: success, version: HTTP/1.1)
HTTP/1.1 200 OK
Content-Type: application/json; charset=utf-8
cache-control: no-cache
content-length: 88

22:26:23.582 [AsyncHttpClient-1-3] DEBUG org.asynchttpclient.netty.channel.ChannelManager - Adding key: http://localhost:52548 for channel [id: 0x46e5e9e4, L:/127.0.0.1:61665 - R:localhost/127.0.0.1:52548]
22:26:23.586 [Forwarding isElementDisplayed on session 641f648e71aca2f5667aa4d5337d6f22 to remote] DEBUG org.asynchttpclient.netty.request.NettyRequestSender - Using pooled Channel '[id: 0x46e5e9e4, L:/127.0.0.1:61665 - R:localhost/127.0.0.1:52548]' for 'POST' to 'http://localhost:52548/session/641f648e71aca2f5667aa4d5337d6f22/execute/sync'
22:26:23.586 [Forwarding isElementDisplayed on session 641f648e71aca2f5667aa4d5337d6f22 to remote] DEBUG org.asynchttpclient.netty.request.NettyRequestSender - Using open Channel [id: 0x46e5e9e4, L:/127.0.0.1:61665 - R:localhost/127.0.0.1:52548] for POST '/session/641f648e71aca2f5667aa4d5337d6f22/execute/sync'
22:26:23.608 [AsyncHttpClient-1-3] DEBUG org.asynchttpclient.netty.handler.HttpHandler - 

Request DefaultHttpRequest(decodeResult: success, version: HTTP/1.1)
POST /session/641f648e71aca2f5667aa4d5337d6f22/execute/sync HTTP/1.1
User-Agent: selenium/4.1.2 (java windows)
Content-Length: 48780
Content-Type: application/json; charset=utf-8
host: localhost:52548
accept: */*

Response DefaultHttpResponse(decodeResult: success, version: HTTP/1.1)
HTTP/1.1 200 OK
Content-Type: application/json; charset=utf-8
cache-control: no-cache
content-length: 14

22:26:23.608 [AsyncHttpClient-1-3] DEBUG org.asynchttpclient.netty.channel.ChannelManager - Adding key: http://localhost:52548 for channel [id: 0x46e5e9e4, L:/127.0.0.1:61665 - R:localhost/127.0.0.1:52548]
22:26:23.608 [Forwarding findElement on session 641f648e71aca2f5667aa4d5337d6f22 to remote] DEBUG org.asynchttpclient.netty.request.NettyRequestSender - Using pooled Channel '[id: 0x46e5e9e4, L:/127.0.0.1:61665 - R:localhost/127.0.0.1:52548]' for 'POST' to 'http://localhost:52548/session/641f648e71aca2f5667aa4d5337d6f22/element'
22:26:23.608 [Forwarding findElement on session 641f648e71aca2f5667aa4d5337d6f22 to remote] DEBUG org.asynchttpclient.netty.request.NettyRequestSender - Using open Channel [id: 0x46e5e9e4, L:/127.0.0.1:61665 - R:localhost/127.0.0.1:52548] for POST '/session/641f648e71aca2f5667aa4d5337d6f22/element'
22:26:23.618 [AsyncHttpClient-1-3] DEBUG org.asynchttpclient.netty.handler.HttpHandler - 

Request DefaultHttpRequest(decodeResult: success, version: HTTP/1.1)
POST /session/641f648e71aca2f5667aa4d5337d6f22/element HTTP/1.1
User-Agent: selenium/4.1.2 (java windows)
Content-Length: 66
Content-Type: application/json; charset=utf-8
host: localhost:52548
accept: */*

Response DefaultHttpResponse(decodeResult: success, version: HTTP/1.1)
HTTP/1.1 200 OK
Content-Type: application/json; charset=utf-8
cache-control: no-cache
content-length: 88

22:26:23.618 [AsyncHttpClient-1-3] DEBUG org.asynchttpclient.netty.channel.ChannelManager - Adding key: http://localhost:52548 for channel [id: 0x46e5e9e4, L:/127.0.0.1:61665 - R:localhost/127.0.0.1:52548]
22:26:23.618 [Forwarding clickElement on session 641f648e71aca2f5667aa4d5337d6f22 to remote] DEBUG org.asynchttpclient.netty.request.NettyRequestSender - Using pooled Channel '[id: 0x46e5e9e4, L:/127.0.0.1:61665 - R:localhost/127.0.0.1:52548]' for 'POST' to 'http://localhost:52548/session/641f648e71aca2f5667aa4d5337d6f22/element/4c61c1ca-1b82-4f53-ae0f-f0d87c39821d/click'
22:26:23.618 [Forwarding clickElement on session 641f648e71aca2f5667aa4d5337d6f22 to remote] DEBUG org.asynchttpclient.netty.request.NettyRequestSender - Using open Channel [id: 0x46e5e9e4, L:/127.0.0.1:61665 - R:localhost/127.0.0.1:52548] for POST '/session/641f648e71aca2f5667aa4d5337d6f22/element/4c61c1ca-1b82-4f53-ae0f-f0d87c39821d/click'
22:26:23.790 [AsyncHttpClient-1-3] DEBUG org.asynchttpclient.netty.handler.HttpHandler - 

Request DefaultHttpRequest(decodeResult: success, version: HTTP/1.1)
POST /session/641f648e71aca2f5667aa4d5337d6f22/element/4c61c1ca-1b82-4f53-ae0f-f0d87c39821d/click HTTP/1.1
User-Agent: selenium/4.1.2 (java windows)
Content-Length: 50
Content-Type: application/json; charset=utf-8
host: localhost:52548
accept: */*

Response DefaultHttpResponse(decodeResult: success, version: HTTP/1.1)
HTTP/1.1 200 OK
Content-Type: application/json; charset=utf-8
cache-control: no-cache
content-length: 14

22:26:23.790 [AsyncHttpClient-1-3] DEBUG org.asynchttpclient.netty.channel.ChannelManager - Adding key: http://localhost:52548 for channel [id: 0x46e5e9e4, L:/127.0.0.1:61665 - R:localhost/127.0.0.1:52548]
22:26:23.802 [Forwarding screenshot on session 641f648e71aca2f5667aa4d5337d6f22 to remote] DEBUG org.asynchttpclient.netty.request.NettyRequestSender - Using pooled Channel '[id: 0x46e5e9e4, L:/127.0.0.1:61665 - R:localhost/127.0.0.1:52548]' for 'GET' to 'http://localhost:52548/session/641f648e71aca2f5667aa4d5337d6f22/screenshot'
22:26:23.802 [Forwarding screenshot on session 641f648e71aca2f5667aa4d5337d6f22 to remote] DEBUG org.asynchttpclient.netty.request.NettyRequestSender - Using open Channel [id: 0x46e5e9e4, L:/127.0.0.1:61665 - R:localhost/127.0.0.1:52548] for GET '/session/641f648e71aca2f5667aa4d5337d6f22/screenshot'
22:26:24.441 [AsyncHttpClient-1-3] DEBUG org.asynchttpclient.netty.handler.HttpHandler - 

Request DefaultFullHttpRequest(decodeResult: success, version: HTTP/1.1, content: EmptyByteBufBE)
GET /session/641f648e71aca2f5667aa4d5337d6f22/screenshot HTTP/1.1
User-Agent: selenium/4.1.2 (java windows)
Cache-Control: no-cache
Content-Type: application/json; charset=utf-8
host: localhost:52548
accept: */*

Response DefaultHttpResponse(decodeResult: success, version: HTTP/1.1)
HTTP/1.1 200 OK
Content-Type: application/json; charset=utf-8
cache-control: no-cache
content-length: 708560

22:26:24.443 [AsyncHttpClient-1-3] DEBUG org.asynchttpclient.netty.channel.ChannelManager - Adding key: http://localhost:52548 for channel [id: 0x46e5e9e4, L:/127.0.0.1:61665 - R:localhost/127.0.0.1:52548]
22:26:24.483 [main] DEBUG net.serenitybdd.core.photography.Darkroom - Send negative for processing for target\site\serenity\6490dd19301f6a9145924fa2d5ce55ef3b8450caf0c831bc9eb53b48c417b11d.png
22:26:24.484 [main] DEBUG net.thucydides.core.steps.StepInterceptor - STEP DONE: {0} clicks on #target
22:26:24.484 [Darkroom Processing Line] DEBUG net.serenitybdd.core.photography.DarkroomProcessingLine - Processing screenshot image in /var/screenshots/screenshot-7091039937044898034
22:26:24.484 [Darkroom Processing Line] DEBUG net.serenitybdd.core.photography.DarkroomProcessingLine - Saving screenshot to target\site\serenity\6490dd19301f6a9145924fa2d5ce55ef3b8450caf0c831bc9eb53b48c417b11d.png
22:26:24.491 [main] DEBUG net.thucydides.core.steps.StepInterceptor - STARTING STEP: CampaignsStepDefinitions.userClicksOnACategory - {0} clicks on #category
22:26:24.500 [main] DEBUG net.serenitybdd.screenplay.targets.IFrameSwitcher - default content already selected for Anne-bebek category
22:26:24.505 [Forwarding findElements on session 641f648e71aca2f5667aa4d5337d6f22 to remote] DEBUG org.asynchttpclient.netty.request.NettyRequestSender - Using pooled Channel '[id: 0x46e5e9e4, L:/127.0.0.1:61665 - R:localhost/127.0.0.1:52548]' for 'POST' to 'http://localhost:52548/session/641f648e71aca2f5667aa4d5337d6f22/elements'
22:26:24.505 [Forwarding findElements on session 641f648e71aca2f5667aa4d5337d6f22 to remote] DEBUG org.asynchttpclient.netty.request.NettyRequestSender - Using open Channel [id: 0x46e5e9e4, L:/127.0.0.1:61665 - R:localhost/127.0.0.1:52548] for POST '/session/641f648e71aca2f5667aa4d5337d6f22/elements'
22:26:24.550 [AsyncHttpClient-1-3] DEBUG org.asynchttpclient.netty.handler.HttpHandler - 

Request DefaultHttpRequest(decodeResult: success, version: HTTP/1.1)
POST /session/641f648e71aca2f5667aa4d5337d6f22/elements HTTP/1.1
User-Agent: selenium/4.1.2 (java windows)
Content-Length: 74
Content-Type: application/json; charset=utf-8
host: localhost:52548
accept: */*

Response DefaultHttpResponse(decodeResult: success, version: HTTP/1.1)
HTTP/1.1 200 OK
Content-Type: application/json; charset=utf-8
cache-control: no-cache
content-length: 90

22:26:24.550 [AsyncHttpClient-1-3] DEBUG org.asynchttpclient.netty.channel.ChannelManager - Adding key: http://localhost:52548 for channel [id: 0x46e5e9e4, L:/127.0.0.1:61665 - R:localhost/127.0.0.1:52548]
22:26:24.557 [Forwarding isElementDisplayed on session 641f648e71aca2f5667aa4d5337d6f22 to remote] DEBUG org.asynchttpclient.netty.request.NettyRequestSender - Using pooled Channel '[id: 0x46e5e9e4, L:/127.0.0.1:61665 - R:localhost/127.0.0.1:52548]' for 'POST' to 'http://localhost:52548/session/641f648e71aca2f5667aa4d5337d6f22/execute/sync'
22:26:24.557 [Forwarding isElementDisplayed on session 641f648e71aca2f5667aa4d5337d6f22 to remote] DEBUG org.asynchttpclient.netty.request.NettyRequestSender - Using open Channel [id: 0x46e5e9e4, L:/127.0.0.1:61665 - R:localhost/127.0.0.1:52548] for POST '/session/641f648e71aca2f5667aa4d5337d6f22/execute/sync'
22:26:24.575 [AsyncHttpClient-1-3] DEBUG org.asynchttpclient.netty.handler.HttpHandler - 

Request DefaultHttpRequest(decodeResult: success, version: HTTP/1.1)
POST /session/641f648e71aca2f5667aa4d5337d6f22/execute/sync HTTP/1.1
User-Agent: selenium/4.1.2 (java windows)
Content-Length: 48780
Content-Type: application/json; charset=utf-8
host: localhost:52548
accept: */*

Response DefaultHttpResponse(decodeResult: success, version: HTTP/1.1)
HTTP/1.1 200 OK
Content-Type: application/json; charset=utf-8
cache-control: no-cache
content-length: 14

22:26:24.575 [AsyncHttpClient-1-3] DEBUG org.asynchttpclient.netty.channel.ChannelManager - Adding key: http://localhost:52548 for channel [id: 0x46e5e9e4, L:/127.0.0.1:61665 - R:localhost/127.0.0.1:52548]
22:26:24.576 [Forwarding isElementEnabled on session 641f648e71aca2f5667aa4d5337d6f22 to remote] DEBUG org.asynchttpclient.netty.request.NettyRequestSender - Using pooled Channel '[id: 0x46e5e9e4, L:/127.0.0.1:61665 - R:localhost/127.0.0.1:52548]' for 'GET' to 'http://localhost:52548/session/641f648e71aca2f5667aa4d5337d6f22/element/890265b1-540b-4a92-aeb3-6f171a4ff8a3/enabled'
22:26:24.576 [Forwarding isElementEnabled on session 641f648e71aca2f5667aa4d5337d6f22 to remote] DEBUG org.asynchttpclient.netty.request.NettyRequestSender - Using open Channel [id: 0x46e5e9e4, L:/127.0.0.1:61665 - R:localhost/127.0.0.1:52548] for GET '/session/641f648e71aca2f5667aa4d5337d6f22/element/890265b1-540b-4a92-aeb3-6f171a4ff8a3/enabled'
22:26:24.588 [AsyncHttpClient-1-3] DEBUG org.asynchttpclient.netty.handler.HttpHandler - 

Request DefaultFullHttpRequest(decodeResult: success, version: HTTP/1.1, content: EmptyByteBufBE)
GET /session/641f648e71aca2f5667aa4d5337d6f22/element/890265b1-540b-4a92-aeb3-6f171a4ff8a3/enabled HTTP/1.1
User-Agent: selenium/4.1.2 (java windows)
Cache-Control: no-cache
Content-Type: application/json; charset=utf-8
host: localhost:52548
accept: */*

Response DefaultHttpResponse(decodeResult: success, version: HTTP/1.1)
HTTP/1.1 200 OK
Content-Type: application/json; charset=utf-8
cache-control: no-cache
content-length: 14

22:26:24.588 [AsyncHttpClient-1-3] DEBUG org.asynchttpclient.netty.channel.ChannelManager - Adding key: http://localhost:52548 for channel [id: 0x46e5e9e4, L:/127.0.0.1:61665 - R:localhost/127.0.0.1:52548]
22:26:24.601 [main] DEBUG net.thucydides.core.steps.StepInterceptor - STARTING STEP: ClickCategory.performAs - {0} clicks on #target
22:26:24.601 [main] DEBUG net.serenitybdd.screenplay.targets.IFrameSwitcher - default content already selected for Anne-bebek category
22:26:24.608 [Forwarding findElement on session 641f648e71aca2f5667aa4d5337d6f22 to remote] DEBUG org.asynchttpclient.netty.request.NettyRequestSender - Using pooled Channel '[id: 0x46e5e9e4, L:/127.0.0.1:61665 - R:localhost/127.0.0.1:52548]' for 'POST' to 'http://localhost:52548/session/641f648e71aca2f5667aa4d5337d6f22/element'
22:26:24.608 [Forwarding findElement on session 641f648e71aca2f5667aa4d5337d6f22 to remote] DEBUG org.asynchttpclient.netty.request.NettyRequestSender - Using open Channel [id: 0x46e5e9e4, L:/127.0.0.1:61665 - R:localhost/127.0.0.1:52548] for POST '/session/641f648e71aca2f5667aa4d5337d6f22/element'
22:26:24.624 [AsyncHttpClient-1-3] DEBUG org.asynchttpclient.netty.handler.HttpHandler - 

Request DefaultHttpRequest(decodeResult: success, version: HTTP/1.1)
POST /session/641f648e71aca2f5667aa4d5337d6f22/element HTTP/1.1
User-Agent: selenium/4.1.2 (java windows)
Content-Length: 74
Content-Type: application/json; charset=utf-8
host: localhost:52548
accept: */*

Response DefaultHttpResponse(decodeResult: success, version: HTTP/1.1)
HTTP/1.1 200 OK
Content-Type: application/json; charset=utf-8
cache-control: no-cache
content-length: 88

22:26:24.624 [AsyncHttpClient-1-3] DEBUG org.asynchttpclient.netty.channel.ChannelManager - Adding key: http://localhost:52548 for channel [id: 0x46e5e9e4, L:/127.0.0.1:61665 - R:localhost/127.0.0.1:52548]
22:26:24.629 [Forwarding isElementDisplayed on session 641f648e71aca2f5667aa4d5337d6f22 to remote] DEBUG org.asynchttpclient.netty.request.NettyRequestSender - Using pooled Channel '[id: 0x46e5e9e4, L:/127.0.0.1:61665 - R:localhost/127.0.0.1:52548]' for 'POST' to 'http://localhost:52548/session/641f648e71aca2f5667aa4d5337d6f22/execute/sync'
22:26:24.629 [Forwarding isElementDisplayed on session 641f648e71aca2f5667aa4d5337d6f22 to remote] DEBUG org.asynchttpclient.netty.request.NettyRequestSender - Using open Channel [id: 0x46e5e9e4, L:/127.0.0.1:61665 - R:localhost/127.0.0.1:52548] for POST '/session/641f648e71aca2f5667aa4d5337d6f22/execute/sync'
22:26:24.642 [AsyncHttpClient-1-3] DEBUG org.asynchttpclient.netty.handler.HttpHandler - 

Request DefaultHttpRequest(decodeResult: success, version: HTTP/1.1)
POST /session/641f648e71aca2f5667aa4d5337d6f22/execute/sync HTTP/1.1
User-Agent: selenium/4.1.2 (java windows)
Content-Length: 48780
Content-Type: application/json; charset=utf-8
host: localhost:52548
accept: */*

Response DefaultHttpResponse(decodeResult: success, version: HTTP/1.1)
HTTP/1.1 200 OK
Content-Type: application/json; charset=utf-8
cache-control: no-cache
content-length: 14

22:26:24.642 [AsyncHttpClient-1-3] DEBUG org.asynchttpclient.netty.channel.ChannelManager - Adding key: http://localhost:52548 for channel [id: 0x46e5e9e4, L:/127.0.0.1:61665 - R:localhost/127.0.0.1:52548]
22:26:24.644 [Forwarding findElement on session 641f648e71aca2f5667aa4d5337d6f22 to remote] DEBUG org.asynchttpclient.netty.request.NettyRequestSender - Using pooled Channel '[id: 0x46e5e9e4, L:/127.0.0.1:61665 - R:localhost/127.0.0.1:52548]' for 'POST' to 'http://localhost:52548/session/641f648e71aca2f5667aa4d5337d6f22/element'
22:26:24.644 [Forwarding findElement on session 641f648e71aca2f5667aa4d5337d6f22 to remote] DEBUG org.asynchttpclient.netty.request.NettyRequestSender - Using open Channel [id: 0x46e5e9e4, L:/127.0.0.1:61665 - R:localhost/127.0.0.1:52548] for POST '/session/641f648e71aca2f5667aa4d5337d6f22/element'
22:26:24.652 [AsyncHttpClient-1-3] DEBUG org.asynchttpclient.netty.handler.HttpHandler - 

Request DefaultHttpRequest(decodeResult: success, version: HTTP/1.1)
POST /session/641f648e71aca2f5667aa4d5337d6f22/element HTTP/1.1
User-Agent: selenium/4.1.2 (java windows)
Content-Length: 74
Content-Type: application/json; charset=utf-8
host: localhost:52548
accept: */*

Response DefaultHttpResponse(decodeResult: success, version: HTTP/1.1)
HTTP/1.1 200 OK
Content-Type: application/json; charset=utf-8
cache-control: no-cache
content-length: 88

22:26:24.652 [AsyncHttpClient-1-3] DEBUG org.asynchttpclient.netty.channel.ChannelManager - Adding key: http://localhost:52548 for channel [id: 0x46e5e9e4, L:/127.0.0.1:61665 - R:localhost/127.0.0.1:52548]
22:26:24.654 [Forwarding clickElement on session 641f648e71aca2f5667aa4d5337d6f22 to remote] DEBUG org.asynchttpclient.netty.request.NettyRequestSender - Using pooled Channel '[id: 0x46e5e9e4, L:/127.0.0.1:61665 - R:localhost/127.0.0.1:52548]' for 'POST' to 'http://localhost:52548/session/641f648e71aca2f5667aa4d5337d6f22/element/890265b1-540b-4a92-aeb3-6f171a4ff8a3/click'
22:26:24.654 [Forwarding clickElement on session 641f648e71aca2f5667aa4d5337d6f22 to remote] DEBUG org.asynchttpclient.netty.request.NettyRequestSender - Using open Channel [id: 0x46e5e9e4, L:/127.0.0.1:61665 - R:localhost/127.0.0.1:52548] for POST '/session/641f648e71aca2f5667aa4d5337d6f22/element/890265b1-540b-4a92-aeb3-6f171a4ff8a3/click'
22:26:24.695 [AsyncHttpClient-1-1] DEBUG org.asynchttpclient.netty.channel.DefaultChannelPool - Entry count for : http://localhost:61666 : 1
22:26:24.770 [AsyncHttpClient-1-3] DEBUG org.asynchttpclient.netty.handler.HttpHandler - 

Request DefaultHttpRequest(decodeResult: success, version: HTTP/1.1)
POST /session/641f648e71aca2f5667aa4d5337d6f22/element/890265b1-540b-4a92-aeb3-6f171a4ff8a3/click HTTP/1.1
User-Agent: selenium/4.1.2 (java windows)
Content-Length: 50
Content-Type: application/json; charset=utf-8
host: localhost:52548
accept: */*

Response DefaultHttpResponse(decodeResult: success, version: HTTP/1.1)
HTTP/1.1 200 OK
Content-Type: application/json; charset=utf-8
cache-control: no-cache
content-length: 14

22:26:24.770 [AsyncHttpClient-1-3] DEBUG org.asynchttpclient.netty.channel.ChannelManager - Adding key: http://localhost:52548 for channel [id: 0x46e5e9e4, L:/127.0.0.1:61665 - R:localhost/127.0.0.1:52548]
22:26:24.787 [Forwarding screenshot on session 641f648e71aca2f5667aa4d5337d6f22 to remote] DEBUG org.asynchttpclient.netty.request.NettyRequestSender - Using pooled Channel '[id: 0x46e5e9e4, L:/127.0.0.1:61665 - R:localhost/127.0.0.1:52548]' for 'GET' to 'http://localhost:52548/session/641f648e71aca2f5667aa4d5337d6f22/screenshot'
22:26:24.787 [Forwarding screenshot on session 641f648e71aca2f5667aa4d5337d6f22 to remote] DEBUG org.asynchttpclient.netty.request.NettyRequestSender - Using open Channel [id: 0x46e5e9e4, L:/127.0.0.1:61665 - R:localhost/127.0.0.1:52548] for GET '/session/641f648e71aca2f5667aa4d5337d6f22/screenshot'
22:26:25.282 [AsyncHttpClient-1-3] DEBUG org.asynchttpclient.netty.handler.HttpHandler - 

Request DefaultFullHttpRequest(decodeResult: success, version: HTTP/1.1, content: EmptyByteBufBE)
GET /session/641f648e71aca2f5667aa4d5337d6f22/screenshot HTTP/1.1
User-Agent: selenium/4.1.2 (java windows)
Cache-Control: no-cache
Content-Type: application/json; charset=utf-8
host: localhost:52548
accept: */*

Response DefaultHttpResponse(decodeResult: success, version: HTTP/1.1)
HTTP/1.1 200 OK
Content-Type: application/json; charset=utf-8
cache-control: no-cache
content-length: 130876

22:26:25.282 [AsyncHttpClient-1-3] DEBUG org.asynchttpclient.netty.channel.ChannelManager - Adding key: http://localhost:52548 for channel [id: 0x46e5e9e4, L:/127.0.0.1:61665 - R:localhost/127.0.0.1:52548]
22:26:25.289 [main] DEBUG net.serenitybdd.core.photography.Darkroom - Send negative for processing for target\site\serenity\4d5361889b04f38571d0eb22b604ad5bd8b9e35d93debebdbb68bf5909ad0223.png
22:26:25.290 [main] DEBUG net.thucydides.core.steps.StepInterceptor - STEP DONE: {0} clicks on #target
22:26:25.290 [Darkroom Processing Line] DEBUG net.serenitybdd.core.photography.DarkroomProcessingLine - Processing screenshot image in /var/screenshots/screenshot-4495297011789511300
22:26:25.290 [Darkroom Processing Line] DEBUG net.serenitybdd.core.photography.DarkroomProcessingLine - Saving screenshot to target\site\serenity\4d5361889b04f38571d0eb22b604ad5bd8b9e35d93debebdbb68bf5909ad0223.png
22:26:25.297 [main] DEBUG net.thucydides.core.steps.StepInterceptor - STEP DONE: {0} clicks on #category
  &amp#27;[32mWhen &amp#27;[0m&amp#27;[32muser clicks on &amp#27;[0m&amp#27;[32m&amp#27;[1m"anne-bebek"&amp#27;[0m                                          &amp#27;[90m# stepdefinitions.CampaignsStepDefinitions.userClicksOnACategory(java.lang.String)&amp#27;[0m
22:26:25.315 [Forwarding findElements on session 641f648e71aca2f5667aa4d5337d6f22 to remote] DEBUG org.asynchttpclient.netty.request.NettyRequestSender - Using pooled Channel '[id: 0x46e5e9e4, L:/127.0.0.1:61665 - R:localhost/127.0.0.1:52548]' for 'POST' to 'http://localhost:52548/session/641f648e71aca2f5667aa4d5337d6f22/elements'
22:26:25.315 [Forwarding findElements on session 641f648e71aca2f5667aa4d5337d6f22 to remote] DEBUG org.asynchttpclient.netty.request.NettyRequestSender - Using open Channel [id: 0x46e5e9e4, L:/127.0.0.1:61665 - R:localhost/127.0.0.1:52548] for POST '/session/641f648e71aca2f5667aa4d5337d6f22/elements'
22:26:25.401 [AsyncHttpClient-1-3] DEBUG org.asynchttpclient.netty.handler.HttpHandler - 

Request DefaultHttpRequest(decodeResult: success, version: HTTP/1.1)
POST /session/641f648e71aca2f5667aa4d5337d6f22/elements HTTP/1.1
User-Agent: selenium/4.1.2 (java windows)
Content-Length: 84
Content-Type: application/json; charset=utf-8
host: localhost:52548
accept: */*

Response DefaultHttpResponse(decodeResult: success, version: HTTP/1.1)
HTTP/1.1 200 OK
Content-Type: application/json; charset=utf-8
cache-control: no-cache
content-length: 1512

22:26:25.401 [AsyncHttpClient-1-3] DEBUG org.asynchttpclient.netty.channel.ChannelManager - Adding key: http://localhost:52548 for channel [id: 0x46e5e9e4, L:/127.0.0.1:61665 - R:localhost/127.0.0.1:52548]
22:26:25.404 [Forwarding findElement on session 641f648e71aca2f5667aa4d5337d6f22 to remote] DEBUG org.asynchttpclient.netty.request.NettyRequestSender - Using pooled Channel '[id: 0x46e5e9e4, L:/127.0.0.1:61665 - R:localhost/127.0.0.1:52548]' for 'POST' to 'http://localhost:52548/session/641f648e71aca2f5667aa4d5337d6f22/element'
22:26:25.404 [Forwarding findElement on session 641f648e71aca2f5667aa4d5337d6f22 to remote] DEBUG org.asynchttpclient.netty.request.NettyRequestSender - Using open Channel [id: 0x46e5e9e4, L:/127.0.0.1:61665 - R:localhost/127.0.0.1:52548] for POST '/session/641f648e71aca2f5667aa4d5337d6f22/element'
22:26:25.460 [AsyncHttpClient-1-3] DEBUG org.asynchttpclient.netty.handler.HttpHandler - 

Request DefaultHttpRequest(decodeResult: success, version: HTTP/1.1)
POST /session/641f648e71aca2f5667aa4d5337d6f22/element HTTP/1.1
User-Agent: selenium/4.1.2 (java windows)
Content-Length: 74
Content-Type: application/json; charset=utf-8
host: localhost:52548
accept: */*

Response DefaultHttpResponse(decodeResult: success, version: HTTP/1.1)
HTTP/1.1 200 OK
Content-Type: application/json; charset=utf-8
cache-control: no-cache
content-length: 88

22:26:25.460 [AsyncHttpClient-1-3] DEBUG org.asynchttpclient.netty.channel.ChannelManager - Adding key: http://localhost:52548 for channel [id: 0x46e5e9e4, L:/127.0.0.1:61665 - R:localhost/127.0.0.1:52548]
22:26:25.464 [Forwarding getElementAttribute on session 641f648e71aca2f5667aa4d5337d6f22 to remote] DEBUG org.asynchttpclient.netty.request.NettyRequestSender - Using pooled Channel '[id: 0x46e5e9e4, L:/127.0.0.1:61665 - R:localhost/127.0.0.1:52548]' for 'POST' to 'http://localhost:52548/session/641f648e71aca2f5667aa4d5337d6f22/execute/sync'
22:26:25.464 [Forwarding getElementAttribute on session 641f648e71aca2f5667aa4d5337d6f22 to remote] DEBUG org.asynchttpclient.netty.request.NettyRequestSender - Using open Channel [id: 0x46e5e9e4, L:/127.0.0.1:61665 - R:localhost/127.0.0.1:52548] for POST '/session/641f648e71aca2f5667aa4d5337d6f22/execute/sync'
22:26:25.495 [AsyncHttpClient-1-3] DEBUG org.asynchttpclient.netty.handler.HttpHandler - 

Request DefaultHttpRequest(decodeResult: success, version: HTTP/1.1)
POST /session/641f648e71aca2f5667aa4d5337d6f22/execute/sync HTTP/1.1
User-Agent: selenium/4.1.2 (java windows)
Content-Length: 47339
Content-Type: application/json; charset=utf-8
host: localhost:52548
accept: */*

Response DefaultHttpResponse(decodeResult: success, version: HTTP/1.1)
HTTP/1.1 200 OK
Content-Type: application/json; charset=utf-8
cache-control: no-cache
content-length: 109

22:26:25.496 [AsyncHttpClient-1-3] DEBUG org.asynchttpclient.netty.channel.ChannelManager - Adding key: http://localhost:52548 for channel [id: 0x46e5e9e4, L:/127.0.0.1:61665 - R:localhost/127.0.0.1:52548]
22:26:25.500 [Forwarding getElementAttribute on session 641f648e71aca2f5667aa4d5337d6f22 to remote] DEBUG org.asynchttpclient.netty.request.NettyRequestSender - Using pooled Channel '[id: 0x46e5e9e4, L:/127.0.0.1:61665 - R:localhost/127.0.0.1:52548]' for 'POST' to 'http://localhost:52548/session/641f648e71aca2f5667aa4d5337d6f22/execute/sync'
22:26:25.500 [Forwarding getElementAttribute on session 641f648e71aca2f5667aa4d5337d6f22 to remote] DEBUG org.asynchttpclient.netty.request.NettyRequestSender - Using open Channel [id: 0x46e5e9e4, L:/127.0.0.1:61665 - R:localhost/127.0.0.1:52548] for POST '/session/641f648e71aca2f5667aa4d5337d6f22/execute/sync'
22:26:25.529 [AsyncHttpClient-1-3] DEBUG org.asynchttpclient.netty.handler.HttpHandler - 

Request DefaultHttpRequest(decodeResult: success, version: HTTP/1.1)
POST /session/641f648e71aca2f5667aa4d5337d6f22/execute/sync HTTP/1.1
User-Agent: selenium/4.1.2 (java windows)
Content-Length: 47339
Content-Type: application/json; charset=utf-8
host: localhost:52548
accept: */*

Response DefaultHttpResponse(decodeResult: success, version: HTTP/1.1)
HTTP/1.1 200 OK
Content-Type: application/json; charset=utf-8
cache-control: no-cache
content-length: 99

22:26:25.529 [AsyncHttpClient-1-3] DEBUG org.asynchttpclient.netty.channel.ChannelManager - Adding key: http://localhost:52548 for channel [id: 0x46e5e9e4, L:/127.0.0.1:61665 - R:localhost/127.0.0.1:52548]
22:26:25.534 [Forwarding getElementAttribute on session 641f648e71aca2f5667aa4d5337d6f22 to remote] DEBUG org.asynchttpclient.netty.request.NettyRequestSender - Using pooled Channel '[id: 0x46e5e9e4, L:/127.0.0.1:61665 - R:localhost/127.0.0.1:52548]' for 'POST' to 'http://localhost:52548/session/641f648e71aca2f5667aa4d5337d6f22/execute/sync'
22:26:25.534 [Forwarding getElementAttribute on session 641f648e71aca2f5667aa4d5337d6f22 to remote] DEBUG org.asynchttpclient.netty.request.NettyRequestSender - Using open Channel [id: 0x46e5e9e4, L:/127.0.0.1:61665 - R:localhost/127.0.0.1:52548] for POST '/session/641f648e71aca2f5667aa4d5337d6f22/execute/sync'
22:26:25.551 [AsyncHttpClient-1-3] DEBUG org.asynchttpclient.netty.handler.HttpHandler - 

Request DefaultHttpRequest(decodeResult: success, version: HTTP/1.1)
POST /session/641f648e71aca2f5667aa4d5337d6f22/execute/sync HTTP/1.1
User-Agent: selenium/4.1.2 (java windows)
Content-Length: 47339
Content-Type: application/json; charset=utf-8
host: localhost:52548
accept: */*

Response DefaultHttpResponse(decodeResult: success, version: HTTP/1.1)
HTTP/1.1 200 OK
Content-Type: application/json; charset=utf-8
cache-control: no-cache
content-length: 95

22:26:25.551 [AsyncHttpClient-1-3] DEBUG org.asynchttpclient.netty.channel.ChannelManager - Adding key: http://localhost:52548 for channel [id: 0x46e5e9e4, L:/127.0.0.1:61665 - R:localhost/127.0.0.1:52548]
22:26:25.556 [Forwarding getElementAttribute on session 641f648e71aca2f5667aa4d5337d6f22 to remote] DEBUG org.asynchttpclient.netty.request.NettyRequestSender - Using pooled Channel '[id: 0x46e5e9e4, L:/127.0.0.1:61665 - R:localhost/127.0.0.1:52548]' for 'POST' to 'http://localhost:52548/session/641f648e71aca2f5667aa4d5337d6f22/execute/sync'
22:26:25.556 [Forwarding getElementAttribute on session 641f648e71aca2f5667aa4d5337d6f22 to remote] DEBUG org.asynchttpclient.netty.request.NettyRequestSender - Using open Channel [id: 0x46e5e9e4, L:/127.0.0.1:61665 - R:localhost/127.0.0.1:52548] for POST '/session/641f648e71aca2f5667aa4d5337d6f22/execute/sync'
22:26:25.569 [AsyncHttpClient-1-3] DEBUG org.asynchttpclient.netty.handler.HttpHandler - 

Request DefaultHttpRequest(decodeResult: success, version: HTTP/1.1)
POST /session/641f648e71aca2f5667aa4d5337d6f22/execute/sync HTTP/1.1
User-Agent: selenium/4.1.2 (java windows)
Content-Length: 47339
Content-Type: application/json; charset=utf-8
host: localhost:52548
accept: */*

Response DefaultHttpResponse(decodeResult: success, version: HTTP/1.1)
HTTP/1.1 200 OK
Content-Type: application/json; charset=utf-8
cache-control: no-cache
content-length: 92

22:26:25.569 [AsyncHttpClient-1-3] DEBUG org.asynchttpclient.netty.channel.ChannelManager - Adding key: http://localhost:52548 for channel [id: 0x46e5e9e4, L:/127.0.0.1:61665 - R:localhost/127.0.0.1:52548]
22:26:25.569 [Forwarding getElementAttribute on session 641f648e71aca2f5667aa4d5337d6f22 to remote] DEBUG org.asynchttpclient.netty.request.NettyRequestSender - Using pooled Channel '[id: 0x46e5e9e4, L:/127.0.0.1:61665 - R:localhost/127.0.0.1:52548]' for 'POST' to 'http://localhost:52548/session/641f648e71aca2f5667aa4d5337d6f22/execute/sync'
22:26:25.569 [Forwarding getElementAttribute on session 641f648e71aca2f5667aa4d5337d6f22 to remote] DEBUG org.asynchttpclient.netty.request.NettyRequestSender - Using open Channel [id: 0x46e5e9e4, L:/127.0.0.1:61665 - R:localhost/127.0.0.1:52548] for POST '/session/641f648e71aca2f5667aa4d5337d6f22/execute/sync'
22:26:25.585 [AsyncHttpClient-1-3] DEBUG org.asynchttpclient.netty.handler.HttpHandler - 

Request DefaultHttpRequest(decodeResult: success, version: HTTP/1.1)
POST /session/641f648e71aca2f5667aa4d5337d6f22/execute/sync HTTP/1.1
User-Agent: selenium/4.1.2 (java windows)
Content-Length: 47339
Content-Type: application/json; charset=utf-8
host: localhost:52548
accept: */*

Response DefaultHttpResponse(decodeResult: success, version: HTTP/1.1)
HTTP/1.1 200 OK
Content-Type: application/json; charset=utf-8
cache-control: no-cache
content-length: 89

22:26:25.585 [AsyncHttpClient-1-3] DEBUG org.asynchttpclient.netty.channel.ChannelManager - Adding key: http://localhost:52548 for channel [id: 0x46e5e9e4, L:/127.0.0.1:61665 - R:localhost/127.0.0.1:52548]
22:26:25.590 [Forwarding getElementAttribute on session 641f648e71aca2f5667aa4d5337d6f22 to remote] DEBUG org.asynchttpclient.netty.request.NettyRequestSender - Using pooled Channel '[id: 0x46e5e9e4, L:/127.0.0.1:61665 - R:localhost/127.0.0.1:52548]' for 'POST' to 'http://localhost:52548/session/641f648e71aca2f5667aa4d5337d6f22/execute/sync'
22:26:25.590 [Forwarding getElementAttribute on session 641f648e71aca2f5667aa4d5337d6f22 to remote] DEBUG org.asynchttpclient.netty.request.NettyRequestSender - Using open Channel [id: 0x46e5e9e4, L:/127.0.0.1:61665 - R:localhost/127.0.0.1:52548] for POST '/session/641f648e71aca2f5667aa4d5337d6f22/execute/sync'
22:26:25.605 [AsyncHttpClient-1-3] DEBUG org.asynchttpclient.netty.handler.HttpHandler - 

Request DefaultHttpRequest(decodeResult: success, version: HTTP/1.1)
POST /session/641f648e71aca2f5667aa4d5337d6f22/execute/sync HTTP/1.1
User-Agent: selenium/4.1.2 (java windows)
Content-Length: 47339
Content-Type: application/json; charset=utf-8
host: localhost:52548
accept: */*

Response DefaultHttpResponse(decodeResult: success, version: HTTP/1.1)
HTTP/1.1 200 OK
Content-Type: application/json; charset=utf-8
cache-control: no-cache
content-length: 96

22:26:25.605 [AsyncHttpClient-1-3] DEBUG org.asynchttpclient.netty.channel.ChannelManager - Adding key: http://localhost:52548 for channel [id: 0x46e5e9e4, L:/127.0.0.1:61665 - R:localhost/127.0.0.1:52548]
22:26:25.609 [Forwarding getElementAttribute on session 641f648e71aca2f5667aa4d5337d6f22 to remote] DEBUG org.asynchttpclient.netty.request.NettyRequestSender - Using pooled Channel '[id: 0x46e5e9e4, L:/127.0.0.1:61665 - R:localhost/127.0.0.1:52548]' for 'POST' to 'http://localhost:52548/session/641f648e71aca2f5667aa4d5337d6f22/execute/sync'
22:26:25.609 [Forwarding getElementAttribute on session 641f648e71aca2f5667aa4d5337d6f22 to remote] DEBUG org.asynchttpclient.netty.request.NettyRequestSender - Using open Channel [id: 0x46e5e9e4, L:/127.0.0.1:61665 - R:localhost/127.0.0.1:52548] for POST '/session/641f648e71aca2f5667aa4d5337d6f22/execute/sync'
22:26:25.623 [AsyncHttpClient-1-3] DEBUG org.asynchttpclient.netty.handler.HttpHandler - 

Request DefaultHttpRequest(decodeResult: success, version: HTTP/1.1)
POST /session/641f648e71aca2f5667aa4d5337d6f22/execute/sync HTTP/1.1
User-Agent: selenium/4.1.2 (java windows)
Content-Length: 47339
Content-Type: application/json; charset=utf-8
host: localhost:52548
accept: */*

Response DefaultHttpResponse(decodeResult: success, version: HTTP/1.1)
HTTP/1.1 200 OK
Content-Type: application/json; charset=utf-8
cache-control: no-cache
content-length: 84

22:26:25.623 [AsyncHttpClient-1-3] DEBUG org.asynchttpclient.netty.channel.ChannelManager - Adding key: http://localhost:52548 for channel [id: 0x46e5e9e4, L:/127.0.0.1:61665 - R:localhost/127.0.0.1:52548]
22:26:25.626 [Forwarding getElementAttribute on session 641f648e71aca2f5667aa4d5337d6f22 to remote] DEBUG org.asynchttpclient.netty.request.NettyRequestSender - Using pooled Channel '[id: 0x46e5e9e4, L:/127.0.0.1:61665 - R:localhost/127.0.0.1:52548]' for 'POST' to 'http://localhost:52548/session/641f648e71aca2f5667aa4d5337d6f22/execute/sync'
22:26:25.626 [Forwarding getElementAttribute on session 641f648e71aca2f5667aa4d5337d6f22 to remote] DEBUG org.asynchttpclient.netty.request.NettyRequestSender - Using open Channel [id: 0x46e5e9e4, L:/127.0.0.1:61665 - R:localhost/127.0.0.1:52548] for POST '/session/641f648e71aca2f5667aa4d5337d6f22/execute/sync'
22:26:25.644 [AsyncHttpClient-1-3] DEBUG org.asynchttpclient.netty.handler.HttpHandler - 

Request DefaultHttpRequest(decodeResult: success, version: HTTP/1.1)
POST /session/641f648e71aca2f5667aa4d5337d6f22/execute/sync HTTP/1.1
User-Agent: selenium/4.1.2 (java windows)
Content-Length: 47339
Content-Type: application/json; charset=utf-8
host: localhost:52548
accept: */*

Response DefaultHttpResponse(decodeResult: success, version: HTTP/1.1)
HTTP/1.1 200 OK
Content-Type: application/json; charset=utf-8
cache-control: no-cache
content-length: 92

22:26:25.644 [AsyncHttpClient-1-3] DEBUG org.asynchttpclient.netty.channel.ChannelManager - Adding key: http://localhost:52548 for channel [id: 0x46e5e9e4, L:/127.0.0.1:61665 - R:localhost/127.0.0.1:52548]
22:26:25.648 [Forwarding getElementAttribute on session 641f648e71aca2f5667aa4d5337d6f22 to remote] DEBUG org.asynchttpclient.netty.request.NettyRequestSender - Using pooled Channel '[id: 0x46e5e9e4, L:/127.0.0.1:61665 - R:localhost/127.0.0.1:52548]' for 'POST' to 'http://localhost:52548/session/641f648e71aca2f5667aa4d5337d6f22/execute/sync'
22:26:25.648 [Forwarding getElementAttribute on session 641f648e71aca2f5667aa4d5337d6f22 to remote] DEBUG org.asynchttpclient.netty.request.NettyRequestSender - Using open Channel [id: 0x46e5e9e4, L:/127.0.0.1:61665 - R:localhost/127.0.0.1:52548] for POST '/session/641f648e71aca2f5667aa4d5337d6f22/execute/sync'
22:26:25.660 [AsyncHttpClient-1-3] DEBUG org.asynchttpclient.netty.handler.HttpHandler - 

Request DefaultHttpRequest(decodeResult: success, version: HTTP/1.1)
POST /session/641f648e71aca2f5667aa4d5337d6f22/execute/sync HTTP/1.1
User-Agent: selenium/4.1.2 (java windows)
Content-Length: 47339
Content-Type: application/json; charset=utf-8
host: localhost:52548
accept: */*

Response DefaultHttpResponse(decodeResult: success, version: HTTP/1.1)
HTTP/1.1 200 OK
Content-Type: application/json; charset=utf-8
cache-control: no-cache
content-length: 83

22:26:25.660 [AsyncHttpClient-1-3] DEBUG org.asynchttpclient.netty.channel.ChannelManager - Adding key: http://localhost:52548 for channel [id: 0x46e5e9e4, L:/127.0.0.1:61665 - R:localhost/127.0.0.1:52548]
22:26:25.663 [Forwarding getElementAttribute on session 641f648e71aca2f5667aa4d5337d6f22 to remote] DEBUG org.asynchttpclient.netty.request.NettyRequestSender - Using pooled Channel '[id: 0x46e5e9e4, L:/127.0.0.1:61665 - R:localhost/127.0.0.1:52548]' for 'POST' to 'http://localhost:52548/session/641f648e71aca2f5667aa4d5337d6f22/execute/sync'
22:26:25.663 [Forwarding getElementAttribute on session 641f648e71aca2f5667aa4d5337d6f22 to remote] DEBUG org.asynchttpclient.netty.request.NettyRequestSender - Using open Channel [id: 0x46e5e9e4, L:/127.0.0.1:61665 - R:localhost/127.0.0.1:52548] for POST '/session/641f648e71aca2f5667aa4d5337d6f22/execute/sync'
22:26:25.678 [AsyncHttpClient-1-3] DEBUG org.asynchttpclient.netty.handler.HttpHandler - 

Request DefaultHttpRequest(decodeResult: success, version: HTTP/1.1)
POST /session/641f648e71aca2f5667aa4d5337d6f22/execute/sync HTTP/1.1
User-Agent: selenium/4.1.2 (java windows)
Content-Length: 47339
Content-Type: application/json; charset=utf-8
host: localhost:52548
accept: */*

Response DefaultHttpResponse(decodeResult: success, version: HTTP/1.1)
HTTP/1.1 200 OK
Content-Type: application/json; charset=utf-8
cache-control: no-cache
content-length: 77

22:26:25.679 [AsyncHttpClient-1-3] DEBUG org.asynchttpclient.netty.channel.ChannelManager - Adding key: http://localhost:52548 for channel [id: 0x46e5e9e4, L:/127.0.0.1:61665 - R:localhost/127.0.0.1:52548]
22:26:25.682 [Forwarding getElementAttribute on session 641f648e71aca2f5667aa4d5337d6f22 to remote] DEBUG org.asynchttpclient.netty.request.NettyRequestSender - Using pooled Channel '[id: 0x46e5e9e4, L:/127.0.0.1:61665 - R:localhost/127.0.0.1:52548]' for 'POST' to 'http://localhost:52548/session/641f648e71aca2f5667aa4d5337d6f22/execute/sync'
22:26:25.682 [Forwarding getElementAttribute on session 641f648e71aca2f5667aa4d5337d6f22 to remote] DEBUG org.asynchttpclient.netty.request.NettyRequestSender - Using open Channel [id: 0x46e5e9e4, L:/127.0.0.1:61665 - R:localhost/127.0.0.1:52548] for POST '/session/641f648e71aca2f5667aa4d5337d6f22/execute/sync'
22:26:25.698 [AsyncHttpClient-1-3] DEBUG org.asynchttpclient.netty.handler.HttpHandler - 

Request DefaultHttpRequest(decodeResult: success, version: HTTP/1.1)
POST /session/641f648e71aca2f5667aa4d5337d6f22/execute/sync HTTP/1.1
User-Agent: selenium/4.1.2 (java windows)
Content-Length: 47339
Content-Type: application/json; charset=utf-8
host: localhost:52548
accept: */*

Response DefaultHttpResponse(decodeResult: success, version: HTTP/1.1)
HTTP/1.1 200 OK
Content-Type: application/json; charset=utf-8
cache-control: no-cache
content-length: 92

22:26:25.698 [AsyncHttpClient-1-3] DEBUG org.asynchttpclient.netty.channel.ChannelManager - Adding key: http://localhost:52548 for channel [id: 0x46e5e9e4, L:/127.0.0.1:61665 - R:localhost/127.0.0.1:52548]
22:26:25.702 [Forwarding getElementAttribute on session 641f648e71aca2f5667aa4d5337d6f22 to remote] DEBUG org.asynchttpclient.netty.request.NettyRequestSender - Using pooled Channel '[id: 0x46e5e9e4, L:/127.0.0.1:61665 - R:localhost/127.0.0.1:52548]' for 'POST' to 'http://localhost:52548/session/641f648e71aca2f5667aa4d5337d6f22/execute/sync'
22:26:25.702 [Forwarding getElementAttribute on session 641f648e71aca2f5667aa4d5337d6f22 to remote] DEBUG org.asynchttpclient.netty.request.NettyRequestSender - Using open Channel [id: 0x46e5e9e4, L:/127.0.0.1:61665 - R:localhost/127.0.0.1:52548] for POST '/session/641f648e71aca2f5667aa4d5337d6f22/execute/sync'
22:26:25.717 [AsyncHttpClient-1-3] DEBUG org.asynchttpclient.netty.handler.HttpHandler - 

Request DefaultHttpRequest(decodeResult: success, version: HTTP/1.1)
POST /session/641f648e71aca2f5667aa4d5337d6f22/execute/sync HTTP/1.1
User-Agent: selenium/4.1.2 (java windows)
Content-Length: 47339
Content-Type: application/json; charset=utf-8
host: localhost:52548
accept: */*

Response DefaultHttpResponse(decodeResult: success, version: HTTP/1.1)
HTTP/1.1 200 OK
Content-Type: application/json; charset=utf-8
cache-control: no-cache
content-length: 89

22:26:25.718 [AsyncHttpClient-1-3] DEBUG org.asynchttpclient.netty.channel.ChannelManager - Adding key: http://localhost:52548 for channel [id: 0x46e5e9e4, L:/127.0.0.1:61665 - R:localhost/127.0.0.1:52548]
22:26:25.723 [Forwarding getElementAttribute on session 641f648e71aca2f5667aa4d5337d6f22 to remote] DEBUG org.asynchttpclient.netty.request.NettyRequestSender - Using pooled Channel '[id: 0x46e5e9e4, L:/127.0.0.1:61665 - R:localhost/127.0.0.1:52548]' for 'POST' to 'http://localhost:52548/session/641f648e71aca2f5667aa4d5337d6f22/execute/sync'
22:26:25.723 [Forwarding getElementAttribute on session 641f648e71aca2f5667aa4d5337d6f22 to remote] DEBUG org.asynchttpclient.netty.request.NettyRequestSender - Using open Channel [id: 0x46e5e9e4, L:/127.0.0.1:61665 - R:localhost/127.0.0.1:52548] for POST '/session/641f648e71aca2f5667aa4d5337d6f22/execute/sync'
22:26:25.761 [AsyncHttpClient-1-3] DEBUG org.asynchttpclient.netty.handler.HttpHandler - 

Request DefaultHttpRequest(decodeResult: success, version: HTTP/1.1)
POST /session/641f648e71aca2f5667aa4d5337d6f22/execute/sync HTTP/1.1
User-Agent: selenium/4.1.2 (java windows)
Content-Length: 47339
Content-Type: application/json; charset=utf-8
host: localhost:52548
accept: */*

Response DefaultHttpResponse(decodeResult: success, version: HTTP/1.1)
HTTP/1.1 200 OK
Content-Type: application/json; charset=utf-8
cache-control: no-cache
content-length: 110

22:26:25.761 [AsyncHttpClient-1-3] DEBUG org.asynchttpclient.netty.channel.ChannelManager - Adding key: http://localhost:52548 for channel [id: 0x46e5e9e4, L:/127.0.0.1:61665 - R:localhost/127.0.0.1:52548]
22:26:25.768 [Forwarding getElementAttribute on session 641f648e71aca2f5667aa4d5337d6f22 to remote] DEBUG org.asynchttpclient.netty.request.NettyRequestSender - Using pooled Channel '[id: 0x46e5e9e4, L:/127.0.0.1:61665 - R:localhost/127.0.0.1:52548]' for 'POST' to 'http://localhost:52548/session/641f648e71aca2f5667aa4d5337d6f22/execute/sync'
22:26:25.768 [Forwarding getElementAttribute on session 641f648e71aca2f5667aa4d5337d6f22 to remote] DEBUG org.asynchttpclient.netty.request.NettyRequestSender - Using open Channel [id: 0x46e5e9e4, L:/127.0.0.1:61665 - R:localhost/127.0.0.1:52548] for POST '/session/641f648e71aca2f5667aa4d5337d6f22/execute/sync'
22:26:25.809 [AsyncHttpClient-1-1] DEBUG org.asynchttpclient.netty.channel.DefaultChannelPool - Entry count for : http://localhost:61666 : 1
22:26:25.844 [AsyncHttpClient-1-3] DEBUG org.asynchttpclient.netty.handler.HttpHandler - 

Request DefaultHttpRequest(decodeResult: success, version: HTTP/1.1)
POST /session/641f648e71aca2f5667aa4d5337d6f22/execute/sync HTTP/1.1
User-Agent: selenium/4.1.2 (java windows)
Content-Length: 47339
Content-Type: application/json; charset=utf-8
host: localhost:52548
accept: */*

Response DefaultHttpResponse(decodeResult: success, version: HTTP/1.1)
HTTP/1.1 200 OK
Content-Type: application/json; charset=utf-8
cache-control: no-cache
content-length: 95

22:26:25.844 [AsyncHttpClient-1-3] DEBUG org.asynchttpclient.netty.channel.ChannelManager - Adding key: http://localhost:52548 for channel [id: 0x46e5e9e4, L:/127.0.0.1:61665 - R:localhost/127.0.0.1:52548]
22:26:25.849 [Forwarding getElementAttribute on session 641f648e71aca2f5667aa4d5337d6f22 to remote] DEBUG org.asynchttpclient.netty.request.NettyRequestSender - Using pooled Channel '[id: 0x46e5e9e4, L:/127.0.0.1:61665 - R:localhost/127.0.0.1:52548]' for 'POST' to 'http://localhost:52548/session/641f648e71aca2f5667aa4d5337d6f22/execute/sync'
22:26:25.849 [Forwarding getElementAttribute on session 641f648e71aca2f5667aa4d5337d6f22 to remote] DEBUG org.asynchttpclient.netty.request.NettyRequestSender - Using open Channel [id: 0x46e5e9e4, L:/127.0.0.1:61665 - R:localhost/127.0.0.1:52548] for POST '/session/641f648e71aca2f5667aa4d5337d6f22/execute/sync'
22:26:25.862 [AsyncHttpClient-1-3] DEBUG org.asynchttpclient.netty.handler.HttpHandler - 

Request DefaultHttpRequest(decodeResult: success, version: HTTP/1.1)
POST /session/641f648e71aca2f5667aa4d5337d6f22/execute/sync HTTP/1.1
User-Agent: selenium/4.1.2 (java windows)
Content-Length: 47339
Content-Type: application/json; charset=utf-8
host: localhost:52548
accept: */*

Response DefaultHttpResponse(decodeResult: success, version: HTTP/1.1)
HTTP/1.1 200 OK
Content-Type: application/json; charset=utf-8
cache-control: no-cache
content-length: 84

22:26:25.862 [AsyncHttpClient-1-3] DEBUG org.asynchttpclient.netty.channel.ChannelManager - Adding key: http://localhost:52548 for channel [id: 0x46e5e9e4, L:/127.0.0.1:61665 - R:localhost/127.0.0.1:52548]
22:26:25.866 [Forwarding getElementAttribute on session 641f648e71aca2f5667aa4d5337d6f22 to remote] DEBUG org.asynchttpclient.netty.request.NettyRequestSender - Using pooled Channel '[id: 0x46e5e9e4, L:/127.0.0.1:61665 - R:localhost/127.0.0.1:52548]' for 'POST' to 'http://localhost:52548/session/641f648e71aca2f5667aa4d5337d6f22/execute/sync'
22:26:25.866 [Forwarding getElementAttribute on session 641f648e71aca2f5667aa4d5337d6f22 to remote] DEBUG org.asynchttpclient.netty.request.NettyRequestSender - Using open Channel [id: 0x46e5e9e4, L:/127.0.0.1:61665 - R:localhost/127.0.0.1:52548] for POST '/session/641f648e71aca2f5667aa4d5337d6f22/execute/sync'
22:26:25.886 [AsyncHttpClient-1-3] DEBUG org.asynchttpclient.netty.handler.HttpHandler - 

Request DefaultHttpRequest(decodeResult: success, version: HTTP/1.1)
POST /session/641f648e71aca2f5667aa4d5337d6f22/execute/sync HTTP/1.1
User-Agent: selenium/4.1.2 (java windows)
Content-Length: 47339
Content-Type: application/json; charset=utf-8
host: localhost:52548
accept: */*

Response DefaultHttpResponse(decodeResult: success, version: HTTP/1.1)
HTTP/1.1 200 OK
Content-Type: application/json; charset=utf-8
cache-control: no-cache
content-length: 97

22:26:25.886 [AsyncHttpClient-1-3] DEBUG org.asynchttpclient.netty.channel.ChannelManager - Adding key: http://localhost:52548 for channel [id: 0x46e5e9e4, L:/127.0.0.1:61665 - R:localhost/127.0.0.1:52548]
22:26:25.892 [Forwarding getElementAttribute on session 641f648e71aca2f5667aa4d5337d6f22 to remote] DEBUG org.asynchttpclient.netty.request.NettyRequestSender - Using pooled Channel '[id: 0x46e5e9e4, L:/127.0.0.1:61665 - R:localhost/127.0.0.1:52548]' for 'POST' to 'http://localhost:52548/session/641f648e71aca2f5667aa4d5337d6f22/execute/sync'
22:26:25.893 [Forwarding getElementAttribute on session 641f648e71aca2f5667aa4d5337d6f22 to remote] DEBUG org.asynchttpclient.netty.request.NettyRequestSender - Using open Channel [id: 0x46e5e9e4, L:/127.0.0.1:61665 - R:localhost/127.0.0.1:52548] for POST '/session/641f648e71aca2f5667aa4d5337d6f22/execute/sync'
22:26:25.915 [AsyncHttpClient-1-3] DEBUG org.asynchttpclient.netty.handler.HttpHandler - 

Request DefaultHttpRequest(decodeResult: success, version: HTTP/1.1)
POST /session/641f648e71aca2f5667aa4d5337d6f22/execute/sync HTTP/1.1
User-Agent: selenium/4.1.2 (java windows)
Content-Length: 47339
Content-Type: application/json; charset=utf-8
host: localhost:52548
accept: */*

Response DefaultHttpResponse(decodeResult: success, version: HTTP/1.1)
HTTP/1.1 200 OK
Content-Type: application/json; charset=utf-8
cache-control: no-cache
content-length: 86

22:26:25.915 [AsyncHttpClient-1-3] DEBUG org.asynchttpclient.netty.channel.ChannelManager - Adding key: http://localhost:52548 for channel [id: 0x46e5e9e4, L:/127.0.0.1:61665 - R:localhost/127.0.0.1:52548]
22:26:25.921 [Forwarding getElementAttribute on session 641f648e71aca2f5667aa4d5337d6f22 to remote] DEBUG org.asynchttpclient.netty.request.NettyRequestSender - Using pooled Channel '[id: 0x46e5e9e4, L:/127.0.0.1:61665 - R:localhost/127.0.0.1:52548]' for 'POST' to 'http://localhost:52548/session/641f648e71aca2f5667aa4d5337d6f22/execute/sync'
22:26:25.921 [Forwarding getElementAttribute on session 641f648e71aca2f5667aa4d5337d6f22 to remote] DEBUG org.asynchttpclient.netty.request.NettyRequestSender - Using open Channel [id: 0x46e5e9e4, L:/127.0.0.1:61665 - R:localhost/127.0.0.1:52548] for POST '/session/641f648e71aca2f5667aa4d5337d6f22/execute/sync'
22:26:25.946 [AsyncHttpClient-1-3] DEBUG org.asynchttpclient.netty.handler.HttpHandler - 

Request DefaultHttpRequest(decodeResult: success, version: HTTP/1.1)
POST /session/641f648e71aca2f5667aa4d5337d6f22/execute/sync HTTP/1.1
User-Agent: selenium/4.1.2 (java windows)
Content-Length: 47339
Content-Type: application/json; charset=utf-8
host: localhost:52548
accept: */*

Response DefaultHttpResponse(decodeResult: success, version: HTTP/1.1)
HTTP/1.1 200 OK
Content-Type: application/json; charset=utf-8
cache-control: no-cache
content-length: 92

22:26:25.946 [AsyncHttpClient-1-3] DEBUG org.asynchttpclient.netty.channel.ChannelManager - Adding key: http://localhost:52548 for channel [id: 0x46e5e9e4, L:/127.0.0.1:61665 - R:localhost/127.0.0.1:52548]
22:26:25.952 [Forwarding getElementAttribute on session 641f648e71aca2f5667aa4d5337d6f22 to remote] DEBUG org.asynchttpclient.netty.request.NettyRequestSender - Using pooled Channel '[id: 0x46e5e9e4, L:/127.0.0.1:61665 - R:localhost/127.0.0.1:52548]' for 'POST' to 'http://localhost:52548/session/641f648e71aca2f5667aa4d5337d6f22/execute/sync'
22:26:25.952 [Forwarding getElementAttribute on session 641f648e71aca2f5667aa4d5337d6f22 to remote] DEBUG org.asynchttpclient.netty.request.NettyRequestSender - Using open Channel [id: 0x46e5e9e4, L:/127.0.0.1:61665 - R:localhost/127.0.0.1:52548] for POST '/session/641f648e71aca2f5667aa4d5337d6f22/execute/sync'
22:26:26.000 [AsyncHttpClient-1-3] DEBUG org.asynchttpclient.netty.handler.HttpHandler - 

Request DefaultHttpRequest(decodeResult: success, version: HTTP/1.1)
POST /session/641f648e71aca2f5667aa4d5337d6f22/execute/sync HTTP/1.1
User-Agent: selenium/4.1.2 (java windows)
Content-Length: 47339
Content-Type: application/json; charset=utf-8
host: localhost:52548
accept: */*

Response DefaultHttpResponse(decodeResult: success, version: HTTP/1.1)
HTTP/1.1 200 OK
Content-Type: application/json; charset=utf-8
cache-control: no-cache
content-length: 83

22:26:26.000 [AsyncHttpClient-1-3] DEBUG org.asynchttpclient.netty.channel.ChannelManager - Adding key: http://localhost:52548 for channel [id: 0x46e5e9e4, L:/127.0.0.1:61665 - R:localhost/127.0.0.1:52548]
22:26:26.008 [Forwarding getElementAttribute on session 641f648e71aca2f5667aa4d5337d6f22 to remote] DEBUG org.asynchttpclient.netty.request.NettyRequestSender - Using pooled Channel '[id: 0x46e5e9e4, L:/127.0.0.1:61665 - R:localhost/127.0.0.1:52548]' for 'POST' to 'http://localhost:52548/session/641f648e71aca2f5667aa4d5337d6f22/execute/sync'
22:26:26.008 [Forwarding getElementAttribute on session 641f648e71aca2f5667aa4d5337d6f22 to remote] DEBUG org.asynchttpclient.netty.request.NettyRequestSender - Using open Channel [id: 0x46e5e9e4, L:/127.0.0.1:61665 - R:localhost/127.0.0.1:52548] for POST '/session/641f648e71aca2f5667aa4d5337d6f22/execute/sync'
22:26:26.027 [AsyncHttpClient-1-3] DEBUG org.asynchttpclient.netty.handler.HttpHandler - 

Request DefaultHttpRequest(decodeResult: success, version: HTTP/1.1)
POST /session/641f648e71aca2f5667aa4d5337d6f22/execute/sync HTTP/1.1
User-Agent: selenium/4.1.2 (java windows)
Content-Length: 47339
Content-Type: application/json; charset=utf-8
host: localhost:52548
accept: */*

Response DefaultHttpResponse(decodeResult: success, version: HTTP/1.1)
HTTP/1.1 200 OK
Content-Type: application/json; charset=utf-8
cache-control: no-cache
content-length: 80

22:26:26.027 [AsyncHttpClient-1-3] DEBUG org.asynchttpclient.netty.channel.ChannelManager - Adding key: http://localhost:52548 for channel [id: 0x46e5e9e4, L:/127.0.0.1:61665 - R:localhost/127.0.0.1:52548]
22:26:26.232 [Forwarding findElements on session 641f648e71aca2f5667aa4d5337d6f22 to remote] DEBUG org.asynchttpclient.netty.request.NettyRequestSender - Using pooled Channel '[id: 0x46e5e9e4, L:/127.0.0.1:61665 - R:localhost/127.0.0.1:52548]' for 'POST' to 'http://localhost:52548/session/641f648e71aca2f5667aa4d5337d6f22/elements'
22:26:26.232 [Forwarding findElements on session 641f648e71aca2f5667aa4d5337d6f22 to remote] DEBUG org.asynchttpclient.netty.request.NettyRequestSender - Using open Channel [id: 0x46e5e9e4, L:/127.0.0.1:61665 - R:localhost/127.0.0.1:52548] for POST '/session/641f648e71aca2f5667aa4d5337d6f22/elements'
22:26:26.276 [AsyncHttpClient-1-3] DEBUG org.asynchttpclient.netty.handler.HttpHandler - 

Request DefaultHttpRequest(decodeResult: success, version: HTTP/1.1)
POST /session/641f648e71aca2f5667aa4d5337d6f22/elements HTTP/1.1
User-Agent: selenium/4.1.2 (java windows)
Content-Length: 84
Content-Type: application/json; charset=utf-8
host: localhost:52548
accept: */*

Response DefaultHttpResponse(decodeResult: success, version: HTTP/1.1)
HTTP/1.1 200 OK
Content-Type: application/json; charset=utf-8
cache-control: no-cache
content-length: 1512

22:26:26.276 [AsyncHttpClient-1-3] DEBUG org.asynchttpclient.netty.channel.ChannelManager - Adding key: http://localhost:52548 for channel [id: 0x46e5e9e4, L:/127.0.0.1:61665 - R:localhost/127.0.0.1:52548]
22:26:26.278 [Forwarding findElement on session 641f648e71aca2f5667aa4d5337d6f22 to remote] DEBUG org.asynchttpclient.netty.request.NettyRequestSender - Using pooled Channel '[id: 0x46e5e9e4, L:/127.0.0.1:61665 - R:localhost/127.0.0.1:52548]' for 'POST' to 'http://localhost:52548/session/641f648e71aca2f5667aa4d5337d6f22/element'
22:26:26.278 [Forwarding findElement on session 641f648e71aca2f5667aa4d5337d6f22 to remote] DEBUG org.asynchttpclient.netty.request.NettyRequestSender - Using open Channel [id: 0x46e5e9e4, L:/127.0.0.1:61665 - R:localhost/127.0.0.1:52548] for POST '/session/641f648e71aca2f5667aa4d5337d6f22/element'
22:26:26.293 [AsyncHttpClient-1-3] DEBUG org.asynchttpclient.netty.handler.HttpHandler - 

Request DefaultHttpRequest(decodeResult: success, version: HTTP/1.1)
POST /session/641f648e71aca2f5667aa4d5337d6f22/element HTTP/1.1
User-Agent: selenium/4.1.2 (java windows)
Content-Length: 74
Content-Type: application/json; charset=utf-8
host: localhost:52548
accept: */*

Response DefaultHttpResponse(decodeResult: success, version: HTTP/1.1)
HTTP/1.1 200 OK
Content-Type: application/json; charset=utf-8
cache-control: no-cache
content-length: 88

22:26:26.294 [AsyncHttpClient-1-3] DEBUG org.asynchttpclient.netty.channel.ChannelManager - Adding key: http://localhost:52548 for channel [id: 0x46e5e9e4, L:/127.0.0.1:61665 - R:localhost/127.0.0.1:52548]
22:26:26.298 [Forwarding getElementAttribute on session 641f648e71aca2f5667aa4d5337d6f22 to remote] DEBUG org.asynchttpclient.netty.request.NettyRequestSender - Using pooled Channel '[id: 0x46e5e9e4, L:/127.0.0.1:61665 - R:localhost/127.0.0.1:52548]' for 'POST' to 'http://localhost:52548/session/641f648e71aca2f5667aa4d5337d6f22/execute/sync'
22:26:26.298 [Forwarding getElementAttribute on session 641f648e71aca2f5667aa4d5337d6f22 to remote] DEBUG org.asynchttpclient.netty.request.NettyRequestSender - Using open Channel [id: 0x46e5e9e4, L:/127.0.0.1:61665 - R:localhost/127.0.0.1:52548] for POST '/session/641f648e71aca2f5667aa4d5337d6f22/execute/sync'
22:26:26.314 [AsyncHttpClient-1-3] DEBUG org.asynchttpclient.netty.handler.HttpHandler - 

Request DefaultHttpRequest(decodeResult: success, version: HTTP/1.1)
POST /session/641f648e71aca2f5667aa4d5337d6f22/execute/sync HTTP/1.1
User-Agent: selenium/4.1.2 (java windows)
Content-Length: 47339
Content-Type: application/json; charset=utf-8
host: localhost:52548
accept: */*

Response DefaultHttpResponse(decodeResult: success, version: HTTP/1.1)
HTTP/1.1 200 OK
Content-Type: application/json; charset=utf-8
cache-control: no-cache
content-length: 109

22:26:26.314 [AsyncHttpClient-1-3] DEBUG org.asynchttpclient.netty.channel.ChannelManager - Adding key: http://localhost:52548 for channel [id: 0x46e5e9e4, L:/127.0.0.1:61665 - R:localhost/127.0.0.1:52548]
22:26:26.318 [Forwarding getElementAttribute on session 641f648e71aca2f5667aa4d5337d6f22 to remote] DEBUG org.asynchttpclient.netty.request.NettyRequestSender - Using pooled Channel '[id: 0x46e5e9e4, L:/127.0.0.1:61665 - R:localhost/127.0.0.1:52548]' for 'POST' to 'http://localhost:52548/session/641f648e71aca2f5667aa4d5337d6f22/execute/sync'
22:26:26.318 [Forwarding getElementAttribute on session 641f648e71aca2f5667aa4d5337d6f22 to remote] DEBUG org.asynchttpclient.netty.request.NettyRequestSender - Using open Channel [id: 0x46e5e9e4, L:/127.0.0.1:61665 - R:localhost/127.0.0.1:52548] for POST '/session/641f648e71aca2f5667aa4d5337d6f22/execute/sync'
22:26:26.337 [AsyncHttpClient-1-3] DEBUG org.asynchttpclient.netty.handler.HttpHandler - 

Request DefaultHttpRequest(decodeResult: success, version: HTTP/1.1)
POST /session/641f648e71aca2f5667aa4d5337d6f22/execute/sync HTTP/1.1
User-Agent: selenium/4.1.2 (java windows)
Content-Length: 47339
Content-Type: application/json; charset=utf-8
host: localhost:52548
accept: */*

Response DefaultHttpResponse(decodeResult: success, version: HTTP/1.1)
HTTP/1.1 200 OK
Content-Type: application/json; charset=utf-8
cache-control: no-cache
content-length: 99

22:26:26.337 [AsyncHttpClient-1-3] DEBUG org.asynchttpclient.netty.channel.ChannelManager - Adding key: http://localhost:52548 for channel [id: 0x46e5e9e4, L:/127.0.0.1:61665 - R:localhost/127.0.0.1:52548]
22:26:26.340 [Forwarding getElementAttribute on session 641f648e71aca2f5667aa4d5337d6f22 to remote] DEBUG org.asynchttpclient.netty.request.NettyRequestSender - Using pooled Channel '[id: 0x46e5e9e4, L:/127.0.0.1:61665 - R:localhost/127.0.0.1:52548]' for 'POST' to 'http://localhost:52548/session/641f648e71aca2f5667aa4d5337d6f22/execute/sync'
22:26:26.340 [Forwarding getElementAttribute on session 641f648e71aca2f5667aa4d5337d6f22 to remote] DEBUG org.asynchttpclient.netty.request.NettyRequestSender - Using open Channel [id: 0x46e5e9e4, L:/127.0.0.1:61665 - R:localhost/127.0.0.1:52548] for POST '/session/641f648e71aca2f5667aa4d5337d6f22/execute/sync'
22:26:26.352 [AsyncHttpClient-1-3] DEBUG org.asynchttpclient.netty.handler.HttpHandler - 

Request DefaultHttpRequest(decodeResult: success, version: HTTP/1.1)
POST /session/641f648e71aca2f5667aa4d5337d6f22/execute/sync HTTP/1.1
User-Agent: selenium/4.1.2 (java windows)
Content-Length: 47339
Content-Type: application/json; charset=utf-8
host: localhost:52548
accept: */*

Response DefaultHttpResponse(decodeResult: success, version: HTTP/1.1)
HTTP/1.1 200 OK
Content-Type: application/json; charset=utf-8
cache-control: no-cache
content-length: 95

22:26:26.352 [AsyncHttpClient-1-3] DEBUG org.asynchttpclient.netty.channel.ChannelManager - Adding key: http://localhost:52548 for channel [id: 0x46e5e9e4, L:/127.0.0.1:61665 - R:localhost/127.0.0.1:52548]
22:26:26.356 [Forwarding getElementAttribute on session 641f648e71aca2f5667aa4d5337d6f22 to remote] DEBUG org.asynchttpclient.netty.request.NettyRequestSender - Using pooled Channel '[id: 0x46e5e9e4, L:/127.0.0.1:61665 - R:localhost/127.0.0.1:52548]' for 'POST' to 'http://localhost:52548/session/641f648e71aca2f5667aa4d5337d6f22/execute/sync'
22:26:26.356 [Forwarding getElementAttribute on session 641f648e71aca2f5667aa4d5337d6f22 to remote] DEBUG org.asynchttpclient.netty.request.NettyRequestSender - Using open Channel [id: 0x46e5e9e4, L:/127.0.0.1:61665 - R:localhost/127.0.0.1:52548] for POST '/session/641f648e71aca2f5667aa4d5337d6f22/execute/sync'
22:26:26.367 [AsyncHttpClient-1-3] DEBUG org.asynchttpclient.netty.handler.HttpHandler - 

Request DefaultHttpRequest(decodeResult: success, version: HTTP/1.1)
POST /session/641f648e71aca2f5667aa4d5337d6f22/execute/sync HTTP/1.1
User-Agent: selenium/4.1.2 (java windows)
Content-Length: 47339
Content-Type: application/json; charset=utf-8
host: localhost:52548
accept: */*

Response DefaultHttpResponse(decodeResult: success, version: HTTP/1.1)
HTTP/1.1 200 OK
Content-Type: application/json; charset=utf-8
cache-control: no-cache
content-length: 92

22:26:26.367 [AsyncHttpClient-1-3] DEBUG org.asynchttpclient.netty.channel.ChannelManager - Adding key: http://localhost:52548 for channel [id: 0x46e5e9e4, L:/127.0.0.1:61665 - R:localhost/127.0.0.1:52548]
22:26:26.368 [Forwarding getElementAttribute on session 641f648e71aca2f5667aa4d5337d6f22 to remote] DEBUG org.asynchttpclient.netty.request.NettyRequestSender - Using pooled Channel '[id: 0x46e5e9e4, L:/127.0.0.1:61665 - R:localhost/127.0.0.1:52548]' for 'POST' to 'http://localhost:52548/session/641f648e71aca2f5667aa4d5337d6f22/execute/sync'
22:26:26.368 [Forwarding getElementAttribute on session 641f648e71aca2f5667aa4d5337d6f22 to remote] DEBUG org.asynchttpclient.netty.request.NettyRequestSender - Using open Channel [id: 0x46e5e9e4, L:/127.0.0.1:61665 - R:localhost/127.0.0.1:52548] for POST '/session/641f648e71aca2f5667aa4d5337d6f22/execute/sync'
22:26:26.383 [AsyncHttpClient-1-3] DEBUG org.asynchttpclient.netty.handler.HttpHandler - 

Request DefaultHttpRequest(decodeResult: success, version: HTTP/1.1)
POST /session/641f648e71aca2f5667aa4d5337d6f22/execute/sync HTTP/1.1
User-Agent: selenium/4.1.2 (java windows)
Content-Length: 47339
Content-Type: application/json; charset=utf-8
host: localhost:52548
accept: */*

Response DefaultHttpResponse(decodeResult: success, version: HTTP/1.1)
HTTP/1.1 200 OK
Content-Type: application/json; charset=utf-8
cache-control: no-cache
content-length: 89

22:26:26.383 [AsyncHttpClient-1-3] DEBUG org.asynchttpclient.netty.channel.ChannelManager - Adding key: http://localhost:52548 for channel [id: 0x46e5e9e4, L:/127.0.0.1:61665 - R:localhost/127.0.0.1:52548]
22:26:26.387 [Forwarding getElementAttribute on session 641f648e71aca2f5667aa4d5337d6f22 to remote] DEBUG org.asynchttpclient.netty.request.NettyRequestSender - Using pooled Channel '[id: 0x46e5e9e4, L:/127.0.0.1:61665 - R:localhost/127.0.0.1:52548]' for 'POST' to 'http://localhost:52548/session/641f648e71aca2f5667aa4d5337d6f22/execute/sync'
22:26:26.387 [Forwarding getElementAttribute on session 641f648e71aca2f5667aa4d5337d6f22 to remote] DEBUG org.asynchttpclient.netty.request.NettyRequestSender - Using open Channel [id: 0x46e5e9e4, L:/127.0.0.1:61665 - R:localhost/127.0.0.1:52548] for POST '/session/641f648e71aca2f5667aa4d5337d6f22/execute/sync'
22:26:26.399 [AsyncHttpClient-1-3] DEBUG org.asynchttpclient.netty.handler.HttpHandler - 

Request DefaultHttpRequest(decodeResult: success, version: HTTP/1.1)
POST /session/641f648e71aca2f5667aa4d5337d6f22/execute/sync HTTP/1.1
User-Agent: selenium/4.1.2 (java windows)
Content-Length: 47339
Content-Type: application/json; charset=utf-8
host: localhost:52548
accept: */*

Response DefaultHttpResponse(decodeResult: success, version: HTTP/1.1)
HTTP/1.1 200 OK
Content-Type: application/json; charset=utf-8
cache-control: no-cache
content-length: 96

22:26:26.399 [AsyncHttpClient-1-3] DEBUG org.asynchttpclient.netty.channel.ChannelManager - Adding key: http://localhost:52548 for channel [id: 0x46e5e9e4, L:/127.0.0.1:61665 - R:localhost/127.0.0.1:52548]
22:26:26.403 [Forwarding getElementAttribute on session 641f648e71aca2f5667aa4d5337d6f22 to remote] DEBUG org.asynchttpclient.netty.request.NettyRequestSender - Using pooled Channel '[id: 0x46e5e9e4, L:/127.0.0.1:61665 - R:localhost/127.0.0.1:52548]' for 'POST' to 'http://localhost:52548/session/641f648e71aca2f5667aa4d5337d6f22/execute/sync'
22:26:26.403 [Forwarding getElementAttribute on session 641f648e71aca2f5667aa4d5337d6f22 to remote] DEBUG org.asynchttpclient.netty.request.NettyRequestSender - Using open Channel [id: 0x46e5e9e4, L:/127.0.0.1:61665 - R:localhost/127.0.0.1:52548] for POST '/session/641f648e71aca2f5667aa4d5337d6f22/execute/sync'
22:26:26.410 [AsyncHttpClient-1-3] DEBUG org.asynchttpclient.netty.handler.HttpHandler - 

Request DefaultHttpRequest(decodeResult: success, version: HTTP/1.1)
POST /session/641f648e71aca2f5667aa4d5337d6f22/execute/sync HTTP/1.1
User-Agent: selenium/4.1.2 (java windows)
Content-Length: 47339
Content-Type: application/json; charset=utf-8
host: localhost:52548
accept: */*

Response DefaultHttpResponse(decodeResult: success, version: HTTP/1.1)
HTTP/1.1 200 OK
Content-Type: application/json; charset=utf-8
cache-control: no-cache
content-length: 84

22:26:26.410 [AsyncHttpClient-1-3] DEBUG org.asynchttpclient.netty.channel.ChannelManager - Adding key: http://localhost:52548 for channel [id: 0x46e5e9e4, L:/127.0.0.1:61665 - R:localhost/127.0.0.1:52548]
22:26:26.420 [Forwarding getElementAttribute on session 641f648e71aca2f5667aa4d5337d6f22 to remote] DEBUG org.asynchttpclient.netty.request.NettyRequestSender - Using pooled Channel '[id: 0x46e5e9e4, L:/127.0.0.1:61665 - R:localhost/127.0.0.1:52548]' for 'POST' to 'http://localhost:52548/session/641f648e71aca2f5667aa4d5337d6f22/execute/sync'
22:26:26.420 [Forwarding getElementAttribute on session 641f648e71aca2f5667aa4d5337d6f22 to remote] DEBUG org.asynchttpclient.netty.request.NettyRequestSender - Using open Channel [id: 0x46e5e9e4, L:/127.0.0.1:61665 - R:localhost/127.0.0.1:52548] for POST '/session/641f648e71aca2f5667aa4d5337d6f22/execute/sync'
22:26:26.454 [AsyncHttpClient-1-3] DEBUG org.asynchttpclient.netty.handler.HttpHandler - 

Request DefaultHttpRequest(decodeResult: success, version: HTTP/1.1)
POST /session/641f648e71aca2f5667aa4d5337d6f22/execute/sync HTTP/1.1
User-Agent: selenium/4.1.2 (java windows)
Content-Length: 47339
Content-Type: application/json; charset=utf-8
host: localhost:52548
accept: */*

Response DefaultHttpResponse(decodeResult: success, version: HTTP/1.1)
HTTP/1.1 200 OK
Content-Type: application/json; charset=utf-8
cache-control: no-cache
content-length: 92

22:26:26.454 [AsyncHttpClient-1-3] DEBUG org.asynchttpclient.netty.channel.ChannelManager - Adding key: http://localhost:52548 for channel [id: 0x46e5e9e4, L:/127.0.0.1:61665 - R:localhost/127.0.0.1:52548]
22:26:26.464 [Forwarding getElementAttribute on session 641f648e71aca2f5667aa4d5337d6f22 to remote] DEBUG org.asynchttpclient.netty.request.NettyRequestSender - Using pooled Channel '[id: 0x46e5e9e4, L:/127.0.0.1:61665 - R:localhost/127.0.0.1:52548]' for 'POST' to 'http://localhost:52548/session/641f648e71aca2f5667aa4d5337d6f22/execute/sync'
22:26:26.464 [Forwarding getElementAttribute on session 641f648e71aca2f5667aa4d5337d6f22 to remote] DEBUG org.asynchttpclient.netty.request.NettyRequestSender - Using open Channel [id: 0x46e5e9e4, L:/127.0.0.1:61665 - R:localhost/127.0.0.1:52548] for POST '/session/641f648e71aca2f5667aa4d5337d6f22/execute/sync'
22:26:26.475 [AsyncHttpClient-1-3] DEBUG org.asynchttpclient.netty.handler.HttpHandler - 

Request DefaultHttpRequest(decodeResult: success, version: HTTP/1.1)
POST /session/641f648e71aca2f5667aa4d5337d6f22/execute/sync HTTP/1.1
User-Agent: selenium/4.1.2 (java windows)
Content-Length: 47339
Content-Type: application/json; charset=utf-8
host: localhost:52548
accept: */*

Response DefaultHttpResponse(decodeResult: success, version: HTTP/1.1)
HTTP/1.1 200 OK
Content-Type: application/json; charset=utf-8
cache-control: no-cache
content-length: 83

22:26:26.475 [AsyncHttpClient-1-3] DEBUG org.asynchttpclient.netty.channel.ChannelManager - Adding key: http://localhost:52548 for channel [id: 0x46e5e9e4, L:/127.0.0.1:61665 - R:localhost/127.0.0.1:52548]
22:26:26.485 [Forwarding getElementAttribute on session 641f648e71aca2f5667aa4d5337d6f22 to remote] DEBUG org.asynchttpclient.netty.request.NettyRequestSender - Using pooled Channel '[id: 0x46e5e9e4, L:/127.0.0.1:61665 - R:localhost/127.0.0.1:52548]' for 'POST' to 'http://localhost:52548/session/641f648e71aca2f5667aa4d5337d6f22/execute/sync'
22:26:26.485 [Forwarding getElementAttribute on session 641f648e71aca2f5667aa4d5337d6f22 to remote] DEBUG org.asynchttpclient.netty.request.NettyRequestSender - Using open Channel [id: 0x46e5e9e4, L:/127.0.0.1:61665 - R:localhost/127.0.0.1:52548] for POST '/session/641f648e71aca2f5667aa4d5337d6f22/execute/sync'
22:26:26.498 [AsyncHttpClient-1-3] DEBUG org.asynchttpclient.netty.handler.HttpHandler - 

Request DefaultHttpRequest(decodeResult: success, version: HTTP/1.1)
POST /session/641f648e71aca2f5667aa4d5337d6f22/execute/sync HTTP/1.1
User-Agent: selenium/4.1.2 (java windows)
Content-Length: 47339
Content-Type: application/json; charset=utf-8
host: localhost:52548
accept: */*

Response DefaultHttpResponse(decodeResult: success, version: HTTP/1.1)
HTTP/1.1 200 OK
Content-Type: application/json; charset=utf-8
cache-control: no-cache
content-length: 77

22:26:26.498 [AsyncHttpClient-1-3] DEBUG org.asynchttpclient.netty.channel.ChannelManager - Adding key: http://localhost:52548 for channel [id: 0x46e5e9e4, L:/127.0.0.1:61665 - R:localhost/127.0.0.1:52548]
22:26:26.506 [Forwarding getElementAttribute on session 641f648e71aca2f5667aa4d5337d6f22 to remote] DEBUG org.asynchttpclient.netty.request.NettyRequestSender - Using pooled Channel '[id: 0x46e5e9e4, L:/127.0.0.1:61665 - R:localhost/127.0.0.1:52548]' for 'POST' to 'http://localhost:52548/session/641f648e71aca2f5667aa4d5337d6f22/execute/sync'
22:26:26.506 [Forwarding getElementAttribute on session 641f648e71aca2f5667aa4d5337d6f22 to remote] DEBUG org.asynchttpclient.netty.request.NettyRequestSender - Using open Channel [id: 0x46e5e9e4, L:/127.0.0.1:61665 - R:localhost/127.0.0.1:52548] for POST '/session/641f648e71aca2f5667aa4d5337d6f22/execute/sync'
22:26:26.516 [AsyncHttpClient-1-3] DEBUG org.asynchttpclient.netty.handler.HttpHandler - 

Request DefaultHttpRequest(decodeResult: success, version: HTTP/1.1)
POST /session/641f648e71aca2f5667aa4d5337d6f22/execute/sync HTTP/1.1
User-Agent: selenium/4.1.2 (java windows)
Content-Length: 47339
Content-Type: application/json; charset=utf-8
host: localhost:52548
accept: */*

Response DefaultHttpResponse(decodeResult: success, version: HTTP/1.1)
HTTP/1.1 200 OK
Content-Type: application/json; charset=utf-8
cache-control: no-cache
content-length: 92

22:26:26.516 [AsyncHttpClient-1-3] DEBUG org.asynchttpclient.netty.channel.ChannelManager - Adding key: http://localhost:52548 for channel [id: 0x46e5e9e4, L:/127.0.0.1:61665 - R:localhost/127.0.0.1:52548]
22:26:26.516 [Forwarding getElementAttribute on session 641f648e71aca2f5667aa4d5337d6f22 to remote] DEBUG org.asynchttpclient.netty.request.NettyRequestSender - Using pooled Channel '[id: 0x46e5e9e4, L:/127.0.0.1:61665 - R:localhost/127.0.0.1:52548]' for 'POST' to 'http://localhost:52548/session/641f648e71aca2f5667aa4d5337d6f22/execute/sync'
22:26:26.516 [Forwarding getElementAttribute on session 641f648e71aca2f5667aa4d5337d6f22 to remote] DEBUG org.asynchttpclient.netty.request.NettyRequestSender - Using open Channel [id: 0x46e5e9e4, L:/127.0.0.1:61665 - R:localhost/127.0.0.1:52548] for POST '/session/641f648e71aca2f5667aa4d5337d6f22/execute/sync'
22:26:26.526 [AsyncHttpClient-1-3] DEBUG org.asynchttpclient.netty.handler.HttpHandler - 

Request DefaultHttpRequest(decodeResult: success, version: HTTP/1.1)
POST /session/641f648e71aca2f5667aa4d5337d6f22/execute/sync HTTP/1.1
User-Agent: selenium/4.1.2 (java windows)
Content-Length: 47339
Content-Type: application/json; charset=utf-8
host: localhost:52548
accept: */*

Response DefaultHttpResponse(decodeResult: success, version: HTTP/1.1)
HTTP/1.1 200 OK
Content-Type: application/json; charset=utf-8
cache-control: no-cache
content-length: 89

22:26:26.526 [AsyncHttpClient-1-3] DEBUG org.asynchttpclient.netty.channel.ChannelManager - Adding key: http://localhost:52548 for channel [id: 0x46e5e9e4, L:/127.0.0.1:61665 - R:localhost/127.0.0.1:52548]
22:26:26.536 [Forwarding getElementAttribute on session 641f648e71aca2f5667aa4d5337d6f22 to remote] DEBUG org.asynchttpclient.netty.request.NettyRequestSender - Using pooled Channel '[id: 0x46e5e9e4, L:/127.0.0.1:61665 - R:localhost/127.0.0.1:52548]' for 'POST' to 'http://localhost:52548/session/641f648e71aca2f5667aa4d5337d6f22/execute/sync'
22:26:26.536 [Forwarding getElementAttribute on session 641f648e71aca2f5667aa4d5337d6f22 to remote] DEBUG org.asynchttpclient.netty.request.NettyRequestSender - Using open Channel [id: 0x46e5e9e4, L:/127.0.0.1:61665 - R:localhost/127.0.0.1:52548] for POST '/session/641f648e71aca2f5667aa4d5337d6f22/execute/sync'
22:26:26.546 [AsyncHttpClient-1-3] DEBUG org.asynchttpclient.netty.handler.HttpHandler - 

Request DefaultHttpRequest(decodeResult: success, version: HTTP/1.1)
POST /session/641f648e71aca2f5667aa4d5337d6f22/execute/sync HTTP/1.1
User-Agent: selenium/4.1.2 (java windows)
Content-Length: 47339
Content-Type: application/json; charset=utf-8
host: localhost:52548
accept: */*

Response DefaultHttpResponse(decodeResult: success, version: HTTP/1.1)
HTTP/1.1 200 OK
Content-Type: application/json; charset=utf-8
cache-control: no-cache
content-length: 110

22:26:26.546 [AsyncHttpClient-1-3] DEBUG org.asynchttpclient.netty.channel.ChannelManager - Adding key: http://localhost:52548 for channel [id: 0x46e5e9e4, L:/127.0.0.1:61665 - R:localhost/127.0.0.1:52548]
22:26:26.546 [Forwarding getElementAttribute on session 641f648e71aca2f5667aa4d5337d6f22 to remote] DEBUG org.asynchttpclient.netty.request.NettyRequestSender - Using pooled Channel '[id: 0x46e5e9e4, L:/127.0.0.1:61665 - R:localhost/127.0.0.1:52548]' for 'POST' to 'http://localhost:52548/session/641f648e71aca2f5667aa4d5337d6f22/execute/sync'
22:26:26.546 [Forwarding getElementAttribute on session 641f648e71aca2f5667aa4d5337d6f22 to remote] DEBUG org.asynchttpclient.netty.request.NettyRequestSender - Using open Channel [id: 0x46e5e9e4, L:/127.0.0.1:61665 - R:localhost/127.0.0.1:52548] for POST '/session/641f648e71aca2f5667aa4d5337d6f22/execute/sync'
22:26:26.556 [AsyncHttpClient-1-3] DEBUG org.asynchttpclient.netty.handler.HttpHandler - 

Request DefaultHttpRequest(decodeResult: success, version: HTTP/1.1)
POST /session/641f648e71aca2f5667aa4d5337d6f22/execute/sync HTTP/1.1
User-Agent: selenium/4.1.2 (java windows)
Content-Length: 47339
Content-Type: application/json; charset=utf-8
host: localhost:52548
accept: */*

Response DefaultHttpResponse(decodeResult: success, version: HTTP/1.1)
HTTP/1.1 200 OK
Content-Type: application/json; charset=utf-8
cache-control: no-cache
content-length: 95

22:26:26.556 [AsyncHttpClient-1-3] DEBUG org.asynchttpclient.netty.channel.ChannelManager - Adding key: http://localhost:52548 for channel [id: 0x46e5e9e4, L:/127.0.0.1:61665 - R:localhost/127.0.0.1:52548]
22:26:26.566 [Forwarding getElementAttribute on session 641f648e71aca2f5667aa4d5337d6f22 to remote] DEBUG org.asynchttpclient.netty.request.NettyRequestSender - Using pooled Channel '[id: 0x46e5e9e4, L:/127.0.0.1:61665 - R:localhost/127.0.0.1:52548]' for 'POST' to 'http://localhost:52548/session/641f648e71aca2f5667aa4d5337d6f22/execute/sync'
22:26:26.566 [Forwarding getElementAttribute on session 641f648e71aca2f5667aa4d5337d6f22 to remote] DEBUG org.asynchttpclient.netty.request.NettyRequestSender - Using open Channel [id: 0x46e5e9e4, L:/127.0.0.1:61665 - R:localhost/127.0.0.1:52548] for POST '/session/641f648e71aca2f5667aa4d5337d6f22/execute/sync'
22:26:26.578 [AsyncHttpClient-1-3] DEBUG org.asynchttpclient.netty.handler.HttpHandler - 

Request DefaultHttpRequest(decodeResult: success, version: HTTP/1.1)
POST /session/641f648e71aca2f5667aa4d5337d6f22/execute/sync HTTP/1.1
User-Agent: selenium/4.1.2 (java windows)
Content-Length: 47339
Content-Type: application/json; charset=utf-8
host: localhost:52548
accept: */*

Response DefaultHttpResponse(decodeResult: success, version: HTTP/1.1)
HTTP/1.1 200 OK
Content-Type: application/json; charset=utf-8
cache-control: no-cache
content-length: 84

22:26:26.578 [AsyncHttpClient-1-3] DEBUG org.asynchttpclient.netty.channel.ChannelManager - Adding key: http://localhost:52548 for channel [id: 0x46e5e9e4, L:/127.0.0.1:61665 - R:localhost/127.0.0.1:52548]
22:26:26.578 [Forwarding getElementAttribute on session 641f648e71aca2f5667aa4d5337d6f22 to remote] DEBUG org.asynchttpclient.netty.request.NettyRequestSender - Using pooled Channel '[id: 0x46e5e9e4, L:/127.0.0.1:61665 - R:localhost/127.0.0.1:52548]' for 'POST' to 'http://localhost:52548/session/641f648e71aca2f5667aa4d5337d6f22/execute/sync'
22:26:26.578 [Forwarding getElementAttribute on session 641f648e71aca2f5667aa4d5337d6f22 to remote] DEBUG org.asynchttpclient.netty.request.NettyRequestSender - Using open Channel [id: 0x46e5e9e4, L:/127.0.0.1:61665 - R:localhost/127.0.0.1:52548] for POST '/session/641f648e71aca2f5667aa4d5337d6f22/execute/sync'
22:26:26.588 [AsyncHttpClient-1-3] DEBUG org.asynchttpclient.netty.handler.HttpHandler - 

Request DefaultHttpRequest(decodeResult: success, version: HTTP/1.1)
POST /session/641f648e71aca2f5667aa4d5337d6f22/execute/sync HTTP/1.1
User-Agent: selenium/4.1.2 (java windows)
Content-Length: 47339
Content-Type: application/json; charset=utf-8
host: localhost:52548
accept: */*

Response DefaultHttpResponse(decodeResult: success, version: HTTP/1.1)
HTTP/1.1 200 OK
Content-Type: application/json; charset=utf-8
cache-control: no-cache
content-length: 97

22:26:26.588 [AsyncHttpClient-1-3] DEBUG org.asynchttpclient.netty.channel.ChannelManager - Adding key: http://localhost:52548 for channel [id: 0x46e5e9e4, L:/127.0.0.1:61665 - R:localhost/127.0.0.1:52548]
22:26:26.588 [Forwarding getElementAttribute on session 641f648e71aca2f5667aa4d5337d6f22 to remote] DEBUG org.asynchttpclient.netty.request.NettyRequestSender - Using pooled Channel '[id: 0x46e5e9e4, L:/127.0.0.1:61665 - R:localhost/127.0.0.1:52548]' for 'POST' to 'http://localhost:52548/session/641f648e71aca2f5667aa4d5337d6f22/execute/sync'
22:26:26.588 [Forwarding getElementAttribute on session 641f648e71aca2f5667aa4d5337d6f22 to remote] DEBUG org.asynchttpclient.netty.request.NettyRequestSender - Using open Channel [id: 0x46e5e9e4, L:/127.0.0.1:61665 - R:localhost/127.0.0.1:52548] for POST '/session/641f648e71aca2f5667aa4d5337d6f22/execute/sync'
22:26:26.598 [AsyncHttpClient-1-3] DEBUG org.asynchttpclient.netty.handler.HttpHandler - 

Request DefaultHttpRequest(decodeResult: success, version: HTTP/1.1)
POST /session/641f648e71aca2f5667aa4d5337d6f22/execute/sync HTTP/1.1
User-Agent: selenium/4.1.2 (java windows)
Content-Length: 47339
Content-Type: application/json; charset=utf-8
host: localhost:52548
accept: */*

Response DefaultHttpResponse(decodeResult: success, version: HTTP/1.1)
HTTP/1.1 200 OK
Content-Type: application/json; charset=utf-8
cache-control: no-cache
content-length: 86

22:26:26.598 [AsyncHttpClient-1-3] DEBUG org.asynchttpclient.netty.channel.ChannelManager - Adding key: http://localhost:52548 for channel [id: 0x46e5e9e4, L:/127.0.0.1:61665 - R:localhost/127.0.0.1:52548]
22:26:26.606 [Forwarding getElementAttribute on session 641f648e71aca2f5667aa4d5337d6f22 to remote] DEBUG org.asynchttpclient.netty.request.NettyRequestSender - Using pooled Channel '[id: 0x46e5e9e4, L:/127.0.0.1:61665 - R:localhost/127.0.0.1:52548]' for 'POST' to 'http://localhost:52548/session/641f648e71aca2f5667aa4d5337d6f22/execute/sync'
22:26:26.606 [Forwarding getElementAttribute on session 641f648e71aca2f5667aa4d5337d6f22 to remote] DEBUG org.asynchttpclient.netty.request.NettyRequestSender - Using open Channel [id: 0x46e5e9e4, L:/127.0.0.1:61665 - R:localhost/127.0.0.1:52548] for POST '/session/641f648e71aca2f5667aa4d5337d6f22/execute/sync'
22:26:26.616 [AsyncHttpClient-1-3] DEBUG org.asynchttpclient.netty.handler.HttpHandler - 

Request DefaultHttpRequest(decodeResult: success, version: HTTP/1.1)
POST /session/641f648e71aca2f5667aa4d5337d6f22/execute/sync HTTP/1.1
User-Agent: selenium/4.1.2 (java windows)
Content-Length: 47339
Content-Type: application/json; charset=utf-8
host: localhost:52548
accept: */*

Response DefaultHttpResponse(decodeResult: success, version: HTTP/1.1)
HTTP/1.1 200 OK
Content-Type: application/json; charset=utf-8
cache-control: no-cache
content-length: 92

22:26:26.616 [AsyncHttpClient-1-3] DEBUG org.asynchttpclient.netty.channel.ChannelManager - Adding key: http://localhost:52548 for channel [id: 0x46e5e9e4, L:/127.0.0.1:61665 - R:localhost/127.0.0.1:52548]
22:26:26.616 [Forwarding getElementAttribute on session 641f648e71aca2f5667aa4d5337d6f22 to remote] DEBUG org.asynchttpclient.netty.request.NettyRequestSender - Using pooled Channel '[id: 0x46e5e9e4, L:/127.0.0.1:61665 - R:localhost/127.0.0.1:52548]' for 'POST' to 'http://localhost:52548/session/641f648e71aca2f5667aa4d5337d6f22/execute/sync'
22:26:26.616 [Forwarding getElementAttribute on session 641f648e71aca2f5667aa4d5337d6f22 to remote] DEBUG org.asynchttpclient.netty.request.NettyRequestSender - Using open Channel [id: 0x46e5e9e4, L:/127.0.0.1:61665 - R:localhost/127.0.0.1:52548] for POST '/session/641f648e71aca2f5667aa4d5337d6f22/execute/sync'
22:26:26.626 [AsyncHttpClient-1-3] DEBUG org.asynchttpclient.netty.handler.HttpHandler - 

Request DefaultHttpRequest(decodeResult: success, version: HTTP/1.1)
POST /session/641f648e71aca2f5667aa4d5337d6f22/execute/sync HTTP/1.1
User-Agent: selenium/4.1.2 (java windows)
Content-Length: 47339
Content-Type: application/json; charset=utf-8
host: localhost:52548
accept: */*

Response DefaultHttpResponse(decodeResult: success, version: HTTP/1.1)
HTTP/1.1 200 OK
Content-Type: application/json; charset=utf-8
cache-control: no-cache
content-length: 83

22:26:26.626 [AsyncHttpClient-1-3] DEBUG org.asynchttpclient.netty.channel.ChannelManager - Adding key: http://localhost:52548 for channel [id: 0x46e5e9e4, L:/127.0.0.1:61665 - R:localhost/127.0.0.1:52548]
22:26:26.626 [Forwarding getElementAttribute on session 641f648e71aca2f5667aa4d5337d6f22 to remote] DEBUG org.asynchttpclient.netty.request.NettyRequestSender - Using pooled Channel '[id: 0x46e5e9e4, L:/127.0.0.1:61665 - R:localhost/127.0.0.1:52548]' for 'POST' to 'http://localhost:52548/session/641f648e71aca2f5667aa4d5337d6f22/execute/sync'
22:26:26.626 [Forwarding getElementAttribute on session 641f648e71aca2f5667aa4d5337d6f22 to remote] DEBUG org.asynchttpclient.netty.request.NettyRequestSender - Using open Channel [id: 0x46e5e9e4, L:/127.0.0.1:61665 - R:localhost/127.0.0.1:52548] for POST '/session/641f648e71aca2f5667aa4d5337d6f22/execute/sync'
22:26:26.636 [AsyncHttpClient-1-3] DEBUG org.asynchttpclient.netty.handler.HttpHandler - 

Request DefaultHttpRequest(decodeResult: success, version: HTTP/1.1)
POST /session/641f648e71aca2f5667aa4d5337d6f22/execute/sync HTTP/1.1
User-Agent: selenium/4.1.2 (java windows)
Content-Length: 47339
Content-Type: application/json; charset=utf-8
host: localhost:52548
accept: */*

Response DefaultHttpResponse(decodeResult: success, version: HTTP/1.1)
HTTP/1.1 200 OK
Content-Type: application/json; charset=utf-8
cache-control: no-cache
content-length: 80

22:26:26.636 [AsyncHttpClient-1-3] DEBUG org.asynchttpclient.netty.channel.ChannelManager - Adding key: http://localhost:52548 for channel [id: 0x46e5e9e4, L:/127.0.0.1:61665 - R:localhost/127.0.0.1:52548]
22:26:26.686 [main] DEBUG net.thucydides.core.steps.StepInterceptor - STARTING STEP: CampaignsStepDefinitions.userObtainsCampaignsList - {0} should see #description
22:26:26.686 [Forwarding screenshot on session 641f648e71aca2f5667aa4d5337d6f22 to remote] DEBUG org.asynchttpclient.netty.request.NettyRequestSender - Using pooled Channel '[id: 0x46e5e9e4, L:/127.0.0.1:61665 - R:localhost/127.0.0.1:52548]' for 'GET' to 'http://localhost:52548/session/641f648e71aca2f5667aa4d5337d6f22/screenshot'
22:26:26.686 [Forwarding screenshot on session 641f648e71aca2f5667aa4d5337d6f22 to remote] DEBUG org.asynchttpclient.netty.request.NettyRequestSender - Using open Channel [id: 0x46e5e9e4, L:/127.0.0.1:61665 - R:localhost/127.0.0.1:52548] for GET '/session/641f648e71aca2f5667aa4d5337d6f22/screenshot'
22:26:26.886 [AsyncHttpClient-1-1] DEBUG org.asynchttpclient.netty.channel.DefaultChannelPool - Entry count for : http://localhost:61666 : 1
22:26:27.361 [AsyncHttpClient-1-3] DEBUG org.asynchttpclient.netty.handler.HttpHandler - 

Request DefaultFullHttpRequest(decodeResult: success, version: HTTP/1.1, content: EmptyByteBufBE)
GET /session/641f648e71aca2f5667aa4d5337d6f22/screenshot HTTP/1.1
User-Agent: selenium/4.1.2 (java windows)
Cache-Control: no-cache
Content-Type: application/json; charset=utf-8
host: localhost:52548
accept: */*

Response DefaultHttpResponse(decodeResult: success, version: HTTP/1.1)
HTTP/1.1 200 OK
Content-Type: application/json; charset=utf-8
cache-control: no-cache
content-length: 1628360

22:26:27.361 [AsyncHttpClient-1-3] DEBUG org.asynchttpclient.netty.channel.ChannelManager - Adding key: http://localhost:52548 for channel [id: 0x46e5e9e4, L:/127.0.0.1:61665 - R:localhost/127.0.0.1:52548]
22:26:27.471 [main] DEBUG net.serenitybdd.core.photography.Darkroom - Send negative for processing for target\site\serenity\365a68f8a6a6ba7c80e6299202ebfa03563600e34723482ed2093c690fc2bcc1.png
22:26:27.471 [Darkroom Processing Line] DEBUG net.serenitybdd.core.photography.DarkroomProcessingLine - Processing screenshot image in /var/screenshots/screenshot-16854912265403666681
22:26:27.471 [Darkroom Processing Line] DEBUG net.serenitybdd.core.photography.DarkroomProcessingLine - Saving screenshot to target\site\serenity\365a68f8a6a6ba7c80e6299202ebfa03563600e34723482ed2093c690fc2bcc1.png
22:26:27.471 [main] DEBUG net.thucydides.core.steps.StepInterceptor - STEP DONE: {0} should see #description
22:26:27.481 [Forwarding getCurrentUrl on session 641f648e71aca2f5667aa4d5337d6f22 to remote] DEBUG org.asynchttpclient.netty.request.NettyRequestSender - Using pooled Channel '[id: 0x46e5e9e4, L:/127.0.0.1:61665 - R:localhost/127.0.0.1:52548]' for 'GET' to 'http://localhost:52548/session/641f648e71aca2f5667aa4d5337d6f22/url'
22:26:27.481 [Forwarding getCurrentUrl on session 641f648e71aca2f5667aa4d5337d6f22 to remote] DEBUG org.asynchttpclient.netty.request.NettyRequestSender - Using open Channel [id: 0x46e5e9e4, L:/127.0.0.1:61665 - R:localhost/127.0.0.1:52548] for GET '/session/641f648e71aca2f5667aa4d5337d6f22/url'
22:26:27.507 [AsyncHttpClient-1-3] DEBUG org.asynchttpclient.netty.handler.HttpHandler - 

Request DefaultFullHttpRequest(decodeResult: success, version: HTTP/1.1, content: EmptyByteBufBE)
GET /session/641f648e71aca2f5667aa4d5337d6f22/url HTTP/1.1
User-Agent: selenium/4.1.2 (java windows)
Cache-Control: no-cache
Content-Type: application/json; charset=utf-8
host: localhost:52548
accept: */*

Response DefaultHttpResponse(decodeResult: success, version: HTTP/1.1)
HTTP/1.1 200 OK
Content-Type: application/json; charset=utf-8
cache-control: no-cache
content-length: 54

22:26:27.507 [AsyncHttpClient-1-3] DEBUG org.asynchttpclient.netty.channel.ChannelManager - Adding key: http://localhost:52548 for channel [id: 0x46e5e9e4, L:/127.0.0.1:61665 - R:localhost/127.0.0.1:52548]
22:26:27.517 [main] DEBUG net.thucydides.core.steps.StepInterceptor - STARTING STEP: CampaignsStepDefinitions.userObtainsCampaignsList - {0} should see #description
22:26:27.517 [main] DEBUG net.thucydides.core.steps.StepInterceptor - STEP DONE: {0} should see #description
22:26:27.517 [AsyncHttpClient-1-5] DEBUG org.asynchttpclient.netty.handler.WebSocketHandler - Channel Closed: [id: 0xe7e41341, L:/127.0.0.1:61674 ! R:localhost/127.0.0.1:61666] with attribute NettyResponseFuture{currentRetry=5,
	isDone=1,
	isCancelled=0,
	asyncHandler=org.asynchttpclient.ws.WebSocketUpgradeHandler@19ddca3f,
	nettyRequest=org.asynchttpclient.netty.request.NettyRequest@26a4980e,
	future=java.util.concurrent.CompletableFuture@2758f08b[Completed normally],
	uri=ws://localhost:61666/devtools/browser/f5bbb679-276f-4a44-a26b-0f79c4ee9e24,
	keepAlive=true,
	redirectCount=0,
	timeoutsHolder=null,
	inAuth=0,
	touch=1644089177221}
22:26:27.517 [AsyncHttpClient-1-5] DEBUG org.asynchttpclient.netty.channel.ChannelManager - Closing Channel [id: 0xe7e41341, L:/127.0.0.1:61674 ! R:localhost/127.0.0.1:61666] 
22:26:27.517 [Driver Command Executor] DEBUG org.asynchttpclient.netty.request.NettyRequestSender - Using pooled Channel '[id: 0x46e5e9e4, L:/127.0.0.1:61665 - R:localhost/127.0.0.1:52548]' for 'DELETE' to 'http://localhost:52548/session/641f648e71aca2f5667aa4d5337d6f22'
22:26:27.517 [Driver Command Executor] DEBUG org.asynchttpclient.netty.request.NettyRequestSender - Using open Channel [id: 0x46e5e9e4, L:/127.0.0.1:61665 - R:localhost/127.0.0.1:52548] for DELETE '/session/641f648e71aca2f5667aa4d5337d6f22'
22:26:27.970 [AsyncHttpClient-1-4] DEBUG org.asynchttpclient.netty.handler.HttpHandler - Unexpected I/O exception on channel [id: 0x93f4e433, L:/127.0.0.1:61673 - R:localhost/127.0.0.1:61666]
java.net.SocketException: Connection reset
	at java.base/sun.nio.ch.SocketChannelImpl.throwConnectionReset(SocketChannelImpl.java:394)
	at java.base/sun.nio.ch.SocketChannelImpl.read(SocketChannelImpl.java:426)
	at io.netty.buffer.PooledByteBuf.setBytes(PooledByteBuf.java:258)
	at io.netty.buffer.AbstractByteBuf.writeBytes(AbstractByteBuf.java:1132)
	at io.netty.channel.socket.nio.NioSocketChannel.doReadBytes(NioSocketChannel.java:350)
	at io.netty.channel.nio.AbstractNioByteChannel$NioByteUnsafe.read(AbstractNioByteChannel.java:151)
	at io.netty.channel.nio.NioEventLoop.processSelectedKey(NioEventLoop.java:722)
	at io.netty.channel.nio.NioEventLoop.processSelectedKeysOptimized(NioEventLoop.java:658)
	at io.netty.channel.nio.NioEventLoop.processSelectedKeys(NioEventLoop.java:584)
	at io.netty.channel.nio.NioEventLoop.run(NioEventLoop.java:496)
	at io.netty.util.concurrent.SingleThreadEventExecutor$4.run(SingleThreadEventExecutor.java:986)
	at io.netty.util.internal.ThreadExecutorMap$2.run(ThreadExecutorMap.java:74)
	at io.netty.util.concurrent.FastThreadLocalRunnable.run(FastThreadLocalRunnable.java:30)
	at java.base/java.lang.Thread.run(Thread.java:833)
22:26:27.970 [AsyncHttpClient-1-4] DEBUG org.asynchttpclient.netty.channel.ChannelManager - Closing Channel [id: 0x93f4e433, L:/127.0.0.1:61673 - R:localhost/127.0.0.1:61666] 
22:26:27.970 [AsyncHttpClient-1-4] DEBUG org.asynchttpclient.netty.handler.HttpHandler - Channel Closed: [id: 0x93f4e433, L:/127.0.0.1:61673 ! R:localhost/127.0.0.1:61666] with attribute DISCARD
22:26:27.988 [AsyncHttpClient-1-1] DEBUG org.asynchttpclient.netty.channel.DefaultChannelPool - Entry count for : http://localhost:61666 : 1
22:26:27.988 [AsyncHttpClient-1-1] DEBUG org.asynchttpclient.netty.channel.DefaultChannelPool - Adding Candidate expired Channel [id: 0x93f4e433, L:/127.0.0.1:61673 ! R:localhost/127.0.0.1:61666] isIdleTimeoutExpired=false isRemotelyClosed=true isTtlExpired=false
22:26:27.988 [AsyncHttpClient-1-1] DEBUG org.asynchttpclient.netty.channel.DefaultChannelPool - Closing Idle Channel [id: 0x93f4e433, L:/127.0.0.1:61673 ! R:localhost/127.0.0.1:61666]
22:26:27.988 [AsyncHttpClient-1-1] DEBUG org.asynchttpclient.netty.channel.DefaultChannelPool - Closed 1 connections out of 1 in 0 ms
22:26:27.990 [AsyncHttpClient-1-3] DEBUG org.asynchttpclient.netty.handler.HttpHandler - 

Request DefaultFullHttpRequest(decodeResult: success, version: HTTP/1.1, content: EmptyByteBufBE)
DELETE /session/641f648e71aca2f5667aa4d5337d6f22 HTTP/1.1
User-Agent: selenium/4.1.2 (java windows)
Content-Type: application/json; charset=utf-8
host: localhost:52548
accept: */*

Response DefaultHttpResponse(decodeResult: success, version: HTTP/1.1)
HTTP/1.1 200 OK
Content-Type: application/json; charset=utf-8
cache-control: no-cache
content-length: 14

22:26:27.990 [AsyncHttpClient-1-3] DEBUG org.asynchttpclient.netty.channel.ChannelManager - Adding key: http://localhost:52548 for channel [id: 0x46e5e9e4, L:/127.0.0.1:61665 - R:localhost/127.0.0.1:52548]
22:26:28.112 [AsyncHttpClient-1-3] DEBUG org.asynchttpclient.netty.handler.HttpHandler - Channel Closed: [id: 0x46e5e9e4, L:/127.0.0.1:61665 ! R:localhost/127.0.0.1:52548] with attribute DISCARD
  &amp#27;[32mThen &amp#27;[0m&amp#27;[32muser sees the &amp#27;[0m&amp#27;[32m&amp#27;[1m"anne-bebek"&amp#27;[0m&amp#27;[32m campaigns list&amp#27;[0m                            &amp#27;[90m# stepdefinitions.CampaignsStepDefinitions.userObtainsCampaignsList(java.lang.String)&amp#27;[0m
]]></system-out>
    <system-err><![CDATA[Starting ChromeDriver 97.0.4692.71 (adefa7837d02a07a604c1e6eff0b3a09422ab88d-refs/branch-heads/4692@{#1247}) on port 52548
Only local connections are allowed.
Please see https://chromedriver.chromium.org/security-considerations for suggestions on keeping ChromeDriver safe.
ChromeDriver was started successfully.
Feb 05, 2022 10:26:17 PM org.openqa.selenium.remote.ProtocolHandshake createSession
INFO: Detected dialect: W3C
Feb 05, 2022 10:26:17 PM org.openqa.selenium.devtools.CdpVersionFinder findNearestMatch
INFO: Found exact CDP implementation for version 97
]]></system-err>
  </testcase>
  <testcase name="User clicks on category and obtains the list of campaigns #5" classname="List all campaigns" time="12.809">
    <system-out><![CDATA[
Scenario Outline: User clicks on category and obtains the list of campaigns &amp#27;[90m# src/test/resources/features/campaigns.feature:12&amp#27;[0m
22:26:28.221 [main] INFO io.cucumber.core.plugin.SerenityReporter - Running feature from file:///C:/Users/yasemin/Desktop/n11-bootcamp/n11TestAutomationCase1/src/test/resources/features/campaigns.feature
22:26:28.243 [main] DEBUG net.thucydides.core.steps.StepInterceptor - STARTING STEP: CampaignsStepDefinitions.userOpensThePage - !#title
22:26:28.243 [main] DEBUG net.thucydides.core.steps.StepInterceptor - STARTING STEP: CampaignsStepDefinitions.userOpensThePage - {0} opens the #targetPageName
22:26:28.253 [main] INFO net.serenitybdd.core.webdriver.driverproviders.ChromeDriverProvider - Using automatically driver download
22:26:28.476 [main] DEBUG io.github.bonigarcia.wdm.cache.ResolutionCache - Resolution chrome=97 in cache (valid until 22:28:40 05/02/2022 TRT)
22:26:28.476 [main] DEBUG io.github.bonigarcia.wdm.cache.ResolutionCache - Resolution chrome97=97.0.4692.71 in cache (valid until 00:08:14 06/02/2022 TRT)
22:26:28.476 [main] INFO io.github.bonigarcia.wdm.WebDriverManager - Using chromedriver 97.0.4692.71 (resolved driver for Chrome 97)
22:26:28.487 [main] DEBUG io.github.bonigarcia.wdm.WebDriverManager - Driver chromedriver 97.0.4692.71 found in cache
22:26:28.487 [main] INFO io.github.bonigarcia.wdm.WebDriverManager - Exporting webdriver.chrome.driver as C:\Users\yasemin\.cache\selenium\chromedriver\win32\97.0.4692.71\chromedriver.exe
22:26:29.080 [AsyncHttpClient-1-1] DEBUG org.asynchttpclient.netty.channel.DefaultChannelPool - Entry count for : http://localhost:52548 : 1
22:26:29.080 [AsyncHttpClient-1-1] DEBUG org.asynchttpclient.netty.channel.DefaultChannelPool - Adding Candidate expired Channel [id: 0x46e5e9e4, L:/127.0.0.1:61665 ! R:localhost/127.0.0.1:52548] isIdleTimeoutExpired=false isRemotelyClosed=true isTtlExpired=false
22:26:29.080 [AsyncHttpClient-1-1] DEBUG org.asynchttpclient.netty.channel.DefaultChannelPool - Closing Idle Channel [id: 0x46e5e9e4, L:/127.0.0.1:61665 ! R:localhost/127.0.0.1:52548]
22:26:29.080 [AsyncHttpClient-1-1] DEBUG org.asynchttpclient.netty.channel.DefaultChannelPool - Closed 1 connections out of 1 in 0 ms
22:26:29.790 [main] DEBUG net.thucydides.core.reflection.ClassFinder - Could not load class .pages.CampaignPage
22:26:29.790 [main] DEBUG net.thucydides.core.reflection.ClassFinder - Could not load class .pages.N11CampaignsMainPage
22:26:29.790 [main] DEBUG net.thucydides.core.reflection.ClassFinder - Could not load class .questions.CheckDriver
22:26:29.790 [main] DEBUG net.thucydides.core.reflection.ClassFinder - Could not load class .runners.CucumberRunner
22:26:29.790 [main] DEBUG net.thucydides.core.reflection.ClassFinder - Could not load class .stepdefinitions.CampaignsStepDefinitions
22:26:29.790 [main] DEBUG net.thucydides.core.reflection.ClassFinder - Could not load class .tasks.CheckNumOfCampaigns
22:26:29.790 [main] DEBUG net.thucydides.core.reflection.ClassFinder - Could not load class .tasks.ClickCategory
22:26:29.790 [main] DEBUG net.thucydides.core.reflection.ClassFinder - Could not load class .tasks.NavigateTo
22:26:29.790 [main] DEBUG net.thucydides.core.reflection.ClassFinder - Could not load class .tasks.WriteURLsExcel
22:26:29.797 [main] DEBUG net.thucydides.core.reflection.ClassFinder - Could not load class META-INF.versions.9.com.sun.istack.logging.StackHelper
22:26:29.797 [main] DEBUG net.thucydides.core.reflection.ClassFinder - Could not load class META-INF.versions.9.com.sun.xml.bind.v2.runtime.reflect.opt.AccessorInjector
22:26:29.797 [main] DEBUG net.thucydides.core.reflection.ClassFinder - Could not load class META-INF.versions.9.com.sun.xml.bind.v2.runtime.reflect.opt.Injector
22:26:29.797 [main] DEBUG net.thucydides.core.reflection.ClassFinder - Could not load class META-INF.versions.9.com.sun.xml.bind.v2.runtime.reflect.opt.OptimizedAccessorFactory
22:26:29.797 [main] DEBUG net.thucydides.core.reflection.ClassFinder - Could not load class META-INF.versions.9.com.sun.xml.bind.v2.runtime.reflect.opt.OptimizedTransducedAccessorFactory
22:26:29.797 [main] DEBUG net.thucydides.core.reflection.ClassFinder - Could not load class META-INF.versions.9.io.opentelemetry.sdk.internal.CurrentJavaVersionSpecific
22:26:29.797 [main] DEBUG net.thucydides.core.reflection.ClassFinder - Could not load class META-INF.versions.9.io.opentelemetry.sdk.internal.Java9VersionSpecific
22:26:29.797 [main] DEBUG net.thucydides.core.reflection.ClassFinder - Could not load class META-INF.versions.9.javax.xml.bind.ModuleUtil
22:26:29.797 [main] DEBUG net.thucydides.core.reflection.ClassFinder - Could not load class META-INF.versions.9.module-info
22:26:29.797 [main] DEBUG net.thucydides.core.reflection.ClassFinder - Could not load class META-INF.versions.9.org.apache.logging.log4j.util.Base64Util
22:26:29.797 [main] DEBUG net.thucydides.core.reflection.ClassFinder - Could not load class META-INF.versions.9.org.apache.logging.log4j.util.ProcessIdUtil
22:26:29.797 [main] DEBUG net.thucydides.core.reflection.ClassFinder - Could not load class META-INF.versions.9.org.apache.logging.log4j.util.StackLocator
22:26:29.797 [main] DEBUG net.thucydides.core.reflection.ClassFinder - Could not load class META-INF.versions.9.org.apache.logging.log4j.util.internal.DefaultObjectInputFilter
22:26:29.797 [main] DEBUG net.thucydides.core.reflection.ClassFinder - Could not load class META-INF.versions.9.org.apache.xmlbeans.impl.tool.MavenPluginResolver
22:26:29.797 [main] DEBUG net.thucydides.core.reflection.ClassFinder - Could not load class META-INF.versions.9.org.junit.platform.commons.util.ModuleUtils
22:26:29.797 [main] DEBUG net.thucydides.core.reflection.ClassFinder - Could not load class com.microsoft.schemas.office.office.STOLEUpdateMode
22:26:29.797 [main] DEBUG net.thucydides.core.reflection.ClassFinder - Could not load class com.microsoft.schemas.office.office.STScreenSize
22:26:29.797 [main] DEBUG net.thucydides.core.reflection.ClassFinder - Could not load class com.microsoft.schemas.office.visio.x2012.main.SheetType
22:26:29.797 [main] DEBUG net.thucydides.core.reflection.ClassFinder - Could not load class com.microsoft.schemas.office.word.STHorizontalAnchor
22:26:29.797 [main] DEBUG net.thucydides.core.reflection.ClassFinder - Could not load class com.microsoft.schemas.office.word.STVerticalAnchor
22:26:29.797 [main] DEBUG net.thucydides.core.reflection.ClassFinder - Could not load class com.microsoft.schemas.office.word.STWrapSide
22:26:29.797 [main] DEBUG net.thucydides.core.reflection.ClassFinder - Could not load class com.microsoft.schemas.vml.STImageAspect
22:26:29.797 [main] DEBUG net.thucydides.core.reflection.ClassFinder - Could not load class com.microsoft.schemas.vml.STStrokeArrowLength
22:26:29.797 [main] DEBUG net.thucydides.core.reflection.ClassFinder - Could not load class com.microsoft.schemas.vml.STStrokeArrowWidth
22:26:29.797 [main] DEBUG net.thucydides.core.reflection.ClassFinder - Could not load class com.microsoft.schemas.vml.STStrokeEndCap
22:26:29.797 [main] DEBUG net.thucydides.core.reflection.ClassFinder - Could not load class com.microsoft.schemas.vml.STStrokeLineStyle
22:26:29.797 [main] DEBUG net.thucydides.core.reflection.ClassFinder - Could not load class com.sun.xml.bind.v2.runtime.output.FastInfosetStreamWriterOutput
22:26:29.807 [main] DEBUG net.thucydides.core.reflection.ClassFinder - Could not load class module-info
22:26:29.807 [main] DEBUG net.thucydides.core.reflection.ClassFinder - Could not load class org.apache.logging.log4j.util.Activator
22:26:29.807 [main] DEBUG net.thucydides.core.reflection.ClassFinder - Could not load class org.apache.poi.xslf.draw.SVGImageRenderer
22:26:29.807 [main] DEBUG net.thucydides.core.reflection.ClassFinder - Could not load class org.apache.poi.xslf.draw.SVGPOIGraphics2D
22:26:29.807 [main] DEBUG net.thucydides.core.reflection.ClassFinder - Could not load class org.apache.poi.xslf.draw.SVGRenderExtension
22:26:29.817 [main] DEBUG net.thucydides.core.reflection.ClassFinder - Could not load class org.apache.poi.xslf.draw.SVGUserAgent
22:26:29.817 [main] DEBUG net.thucydides.core.reflection.ClassFinder - Could not load class org.apache.poi.xslf.util.SVGFormat
22:26:29.817 [main] DEBUG net.thucydides.core.reflection.ClassFinder - Could not load class org.apache.xmlbeans.impl.schema.TypeSystemHolder
22:26:29.817 [main] DEBUG net.thucydides.core.reflection.ClassFinder - Could not load class org.apache.xmlbeans.impl.tool.MavenPlugin
22:26:29.817 [main] DEBUG net.thucydides.core.reflection.ClassFinder - Could not load class org.apache.xmlbeans.impl.tool.MavenPluginHelp
22:26:29.817 [main] DEBUG net.thucydides.core.reflection.ClassFinder - Could not load class org.apache.xmlbeans.impl.tool.XMLBean
22:26:29.817 [main] DEBUG net.thucydides.core.reflection.ClassFinder - Could not load class org.apache.xmlbeans.impl.xpath.saxon.SaxonXPath
22:26:29.817 [main] DEBUG net.thucydides.core.reflection.ClassFinder - Could not load class org.apache.xmlbeans.impl.xpath.saxon.SaxonXQuery
22:26:29.827 [main] DEBUG net.thucydides.core.reflection.ClassFinder - Could not load class org.etsi.uri.x01903.v13.GenericTimeStampType
22:26:29.827 [main] DEBUG net.thucydides.core.reflection.ClassFinder - Could not load class org.etsi.uri.x01903.v13.QualifierType
22:26:29.837 [main] DEBUG net.thucydides.core.reflection.ClassFinder - Could not load class org.openxmlformats.schemas.drawingml.x2006.chart.CTSerAx
22:26:29.837 [main] DEBUG net.thucydides.core.reflection.ClassFinder - Could not load class org.openxmlformats.schemas.drawingml.x2006.chart.STDepthPercentUShort
22:26:29.837 [main] DEBUG net.thucydides.core.reflection.ClassFinder - Could not load class org.openxmlformats.schemas.drawingml.x2006.chart.STDepthPercentWithSymbol
22:26:29.837 [main] DEBUG net.thucydides.core.reflection.ClassFinder - Could not load class org.openxmlformats.schemas.drawingml.x2006.chart.STHPercentUShort
22:26:29.837 [main] DEBUG net.thucydides.core.reflection.ClassFinder - Could not load class org.openxmlformats.schemas.drawingml.x2006.chart.STHPercentWithSymbol
22:26:29.837 [main] DEBUG net.thucydides.core.reflection.ClassFinder - Could not load class org.openxmlformats.schemas.drawingml.x2006.chart.STHoleSizePercent
22:26:29.837 [main] DEBUG net.thucydides.core.reflection.ClassFinder - Could not load class org.openxmlformats.schemas.drawingml.x2006.chart.STHoleSizeUByte
22:26:29.837 [main] DEBUG net.thucydides.core.reflection.ClassFinder - Could not load class org.openxmlformats.schemas.drawingml.x2006.chart.STOverlapByte
22:26:29.837 [main] DEBUG net.thucydides.core.reflection.ClassFinder - Could not load class org.openxmlformats.schemas.drawingml.x2006.chart.STOverlapPercent
22:26:29.837 [main] DEBUG net.thucydides.core.reflection.ClassFinder - Could not load class org.openxmlformats.schemas.drawingml.x2006.chart.STPageSetupOrientation
22:26:29.837 [main] DEBUG net.thucydides.core.reflection.ClassFinder - Could not load class org.openxmlformats.schemas.drawingml.x2006.main.CTGroupFillProperties
22:26:29.837 [main] DEBUG net.thucydides.core.reflection.ClassFinder - Could not load class org.openxmlformats.schemas.drawingml.x2006.main.CTPath2DQuadBezierTo
22:26:29.837 [main] DEBUG net.thucydides.core.reflection.ClassFinder - Could not load class org.openxmlformats.schemas.drawingml.x2006.main.STEffectContainerType
22:26:29.837 [main] DEBUG net.thucydides.core.reflection.ClassFinder - Could not load class org.openxmlformats.schemas.drawingml.x2006.main.STPresetMaterialType
22:26:29.837 [main] DEBUG net.thucydides.core.reflection.ClassFinder - Could not load class org.openxmlformats.schemas.drawingml.x2006.wordprocessingDrawing.STAlignH
22:26:29.837 [main] DEBUG net.thucydides.core.reflection.ClassFinder - Could not load class org.openxmlformats.schemas.drawingml.x2006.wordprocessingDrawing.STAlignV
22:26:29.837 [main] DEBUG net.thucydides.core.reflection.ClassFinder - Could not load class org.openxmlformats.schemas.officeDocument.x2006.docPropsVTypes.STVectorBaseType
22:26:29.837 [main] DEBUG net.thucydides.core.reflection.ClassFinder - Could not load class org.openxmlformats.schemas.officeDocument.x2006.sharedTypes.STConformanceClass
22:26:29.847 [main] DEBUG net.thucydides.core.reflection.ClassFinder - Could not load class org.openxmlformats.schemas.presentationml.x2006.main.STDirection
22:26:29.847 [main] DEBUG net.thucydides.core.reflection.ClassFinder - Could not load class org.openxmlformats.schemas.presentationml.x2006.main.STTLTimeNodeMasterRelation
22:26:29.847 [main] DEBUG net.thucydides.core.reflection.ClassFinder - Could not load class org.openxmlformats.schemas.presentationml.x2006.main.STTLTimeNodePresetClassType
22:26:29.847 [main] DEBUG net.thucydides.core.reflection.ClassFinder - Could not load class org.openxmlformats.schemas.presentationml.x2006.main.STTLTimeNodeSyncType
22:26:29.847 [main] DEBUG net.thucydides.core.reflection.ClassFinder - Could not load class org.openxmlformats.schemas.presentationml.x2006.main.STTLTriggerEvent
22:26:29.847 [main] DEBUG net.thucydides.core.reflection.ClassFinder - Could not load class org.openxmlformats.schemas.spreadsheetml.x2006.main.STComments
22:26:29.847 [main] DEBUG net.thucydides.core.reflection.ClassFinder - Could not load class org.openxmlformats.schemas.spreadsheetml.x2006.main.STDataValidationImeMode
22:26:29.847 [main] DEBUG net.thucydides.core.reflection.ClassFinder - Could not load class org.openxmlformats.schemas.spreadsheetml.x2006.main.STFieldSortType
22:26:29.847 [main] DEBUG net.thucydides.core.reflection.ClassFinder - Could not load class org.openxmlformats.schemas.spreadsheetml.x2006.main.STOleUpdate
22:26:29.847 [main] DEBUG net.thucydides.core.reflection.ClassFinder - Could not load class org.openxmlformats.schemas.spreadsheetml.x2006.main.STPhoneticAlignment
22:26:29.847 [main] DEBUG net.thucydides.core.reflection.ClassFinder - Could not load class org.openxmlformats.schemas.spreadsheetml.x2006.main.STShowDataAs
22:26:29.847 [main] DEBUG net.thucydides.core.reflection.ClassFinder - Could not load class org.openxmlformats.schemas.spreadsheetml.x2006.main.STSortBy
22:26:29.847 [main] DEBUG net.thucydides.core.reflection.ClassFinder - Could not load class org.openxmlformats.schemas.spreadsheetml.x2006.main.STSortMethod
22:26:29.847 [main] DEBUG net.thucydides.core.reflection.ClassFinder - Could not load class org.openxmlformats.schemas.spreadsheetml.x2006.main.STTableType
22:26:29.847 [main] DEBUG net.thucydides.core.reflection.ClassFinder - Could not load class org.openxmlformats.schemas.spreadsheetml.x2006.main.STTargetScreenSize
22:26:29.847 [main] DEBUG net.thucydides.core.reflection.ClassFinder - Could not load class org.openxmlformats.schemas.spreadsheetml.x2006.main.STTotalsRowFunction
22:26:29.847 [main] DEBUG net.thucydides.core.reflection.ClassFinder - Could not load class org.openxmlformats.schemas.wordprocessingml.x2006.main.CTBookmarkRange
22:26:29.847 [main] DEBUG net.thucydides.core.reflection.ClassFinder - Could not load class org.openxmlformats.schemas.wordprocessingml.x2006.main.CTDocumentBase
22:26:29.847 [main] DEBUG net.thucydides.core.reflection.ClassFinder - Could not load class org.openxmlformats.schemas.wordprocessingml.x2006.main.CTPPrBase
22:26:29.847 [main] DEBUG net.thucydides.core.reflection.ClassFinder - Could not load class org.openxmlformats.schemas.wordprocessingml.x2006.main.CTTblGridBase
22:26:29.847 [main] DEBUG net.thucydides.core.reflection.ClassFinder - Could not load class org.openxmlformats.schemas.wordprocessingml.x2006.main.CTTblPrBase
22:26:29.847 [main] DEBUG net.thucydides.core.reflection.ClassFinder - Could not load class org.openxmlformats.schemas.wordprocessingml.x2006.main.CTTblPrExBase
22:26:29.847 [main] DEBUG net.thucydides.core.reflection.ClassFinder - Could not load class org.openxmlformats.schemas.wordprocessingml.x2006.main.CTTcPrBase
22:26:29.847 [main] DEBUG net.thucydides.core.reflection.ClassFinder - Could not load class org.openxmlformats.schemas.wordprocessingml.x2006.main.CTTcPrInner
22:26:29.847 [main] DEBUG net.thucydides.core.reflection.ClassFinder - Could not load class org.openxmlformats.schemas.wordprocessingml.x2006.main.CTTrPrBase
22:26:29.847 [main] DEBUG net.thucydides.core.reflection.ClassFinder - Could not load class org.openxmlformats.schemas.wordprocessingml.x2006.main.STChapterSep
22:26:29.847 [main] DEBUG net.thucydides.core.reflection.ClassFinder - Could not load class org.openxmlformats.schemas.wordprocessingml.x2006.main.STDropCap
22:26:29.847 [main] DEBUG net.thucydides.core.reflection.ClassFinder - Could not load class org.openxmlformats.schemas.wordprocessingml.x2006.main.STPTabAlignment
22:26:29.847 [main] DEBUG net.thucydides.core.reflection.ClassFinder - Could not load class org.openxmlformats.schemas.wordprocessingml.x2006.main.STPTabLeader
22:26:29.847 [main] DEBUG net.thucydides.core.reflection.ClassFinder - Could not load class org.openxmlformats.schemas.wordprocessingml.x2006.main.STPTabRelativeTo
22:26:29.847 [main] DEBUG net.thucydides.core.reflection.ClassFinder - Could not load class org.openxmlformats.schemas.wordprocessingml.x2006.main.STPageBorderZOrder
22:26:29.847 [main] DEBUG net.thucydides.core.reflection.ClassFinder - Could not load class org.openxmlformats.schemas.wordprocessingml.x2006.main.STZoom
22:26:29.997 [main] DEBUG net.serenitybdd.core.webdriver.driverproviders.ProvideNewDriver - Instantiating driver
22:26:29.997 [main] DEBUG net.serenitybdd.core.webdriver.driverproviders.ProvideNewDriver - Driver capabilities: Capabilities {acceptInsecureCerts: false, browserName: chrome, goog:chromeOptions: {args: [--start-maximized, --test-type, --no-sandbox, --ignore-certificate-errors, \r\n                       ..., --disable-default-apps, --disable-extensions-file-a..., \r\n                       ..., --disable-infobars,--disabl...], extensions: []}}
22:26:30.119 [AsyncHttpClient-1-6] DEBUG org.asynchttpclient.netty.channel.NettyConnectListener - Using new Channel '[id: 0x18312079, L:/127.0.0.1:61755 - R:localhost/127.0.0.1:59231]' for 'POST' to '/session'
22:26:31.360 [AsyncHttpClient-1-6] DEBUG org.asynchttpclient.netty.handler.HttpHandler - 

Request DefaultHttpRequest(decodeResult: success, version: HTTP/1.1)
POST /session HTTP/1.1
User-Agent: selenium/4.1.2 (java windows)
Content-Length: 1191
Content-Type: application/json; charset=utf-8
host: localhost:59231
accept: */*

Response DefaultHttpResponse(decodeResult: success, version: HTTP/1.1)
HTTP/1.1 200 OK
Content-Type: application/json; charset=utf-8
cache-control: no-cache
content-length: 790

22:26:31.360 [AsyncHttpClient-1-6] DEBUG org.asynchttpclient.netty.channel.ChannelManager - Adding key: http://localhost:59231 for channel [id: 0x18312079, L:/127.0.0.1:61755 - R:localhost/127.0.0.1:59231]
22:26:31.369 [AsyncHttpClient-1-7] DEBUG org.asynchttpclient.netty.channel.NettyConnectListener - Using new Channel '[id: 0xdbc0d0b9, L:/127.0.0.1:61762 - R:localhost/127.0.0.1:61756]' for 'GET' to '/json/version'
22:26:31.372 [AsyncHttpClient-1-7] DEBUG org.asynchttpclient.netty.handler.HttpHandler - 

Request DefaultFullHttpRequest(decodeResult: success, version: HTTP/1.1, content: EmptyByteBufBE)
GET /json/version HTTP/1.1
User-Agent: selenium/4.1.2 (java windows)
host: localhost:61756
accept: */*

Response DefaultHttpResponse(decodeResult: success, version: HTTP/1.1)
HTTP/1.1 200 OK
Content-Type: application/json; charset=UTF-8
content-length: 424

22:26:31.372 [AsyncHttpClient-1-7] DEBUG org.asynchttpclient.netty.channel.ChannelManager - Adding key: http://localhost:61756 for channel [id: 0xdbc0d0b9, L:/127.0.0.1:61762 - R:localhost/127.0.0.1:61756]
22:26:31.375 [AsyncHttpClient-1-8] DEBUG org.asynchttpclient.netty.channel.NettyConnectListener - Using new Channel '[id: 0xaf8bfb96, L:/127.0.0.1:61763 - R:localhost/127.0.0.1:61756]' for 'GET' to '/devtools/browser/32992e77-d1d4-403b-b709-7a8dd75d1764'
22:26:31.376 [AsyncHttpClient-1-8] DEBUG org.asynchttpclient.netty.handler.WebSocketHandler - 

Request DefaultFullHttpRequest(decodeResult: success, version: HTTP/1.1, content: EmptyByteBufBE)
GET /devtools/browser/32992e77-d1d4-403b-b709-7a8dd75d1764 HTTP/1.1
upgrade: websocket
connection: upgrade
sec-websocket-key: pilKt5ZQGTnU4Od/rMe/Og==
sec-websocket-version: 13
origin: http://localhost:61756
host: localhost:61756
accept: */*
user-agent: AHC/2.1

Response DefaultHttpResponse(decodeResult: success, version: HTTP/1.1)
HTTP/1.1 101 WebSocket Protocol Handshake
Upgrade: WebSocket
Connection: Upgrade
Sec-WebSocket-Accept: oKiJ+rps7pGgdhkN4PFDw1vj9vs=

22:26:31.380 [Forwarding maximizeCurrentWindow on session 679d8d7c2ba7f97bee76993f646bc7dc to remote] DEBUG org.asynchttpclient.netty.request.NettyRequestSender - Using pooled Channel '[id: 0x18312079, L:/127.0.0.1:61755 - R:localhost/127.0.0.1:59231]' for 'POST' to 'http://localhost:59231/session/679d8d7c2ba7f97bee76993f646bc7dc/window/maximize'
22:26:31.380 [Forwarding maximizeCurrentWindow on session 679d8d7c2ba7f97bee76993f646bc7dc to remote] DEBUG org.asynchttpclient.netty.request.NettyRequestSender - Using open Channel [id: 0x18312079, L:/127.0.0.1:61755 - R:localhost/127.0.0.1:59231] for POST '/session/679d8d7c2ba7f97bee76993f646bc7dc/window/maximize'
22:26:31.395 [AsyncHttpClient-1-6] DEBUG org.asynchttpclient.netty.handler.HttpHandler - 

Request DefaultHttpRequest(decodeResult: success, version: HTTP/1.1)
POST /session/679d8d7c2ba7f97bee76993f646bc7dc/window/maximize HTTP/1.1
User-Agent: selenium/4.1.2 (java windows)
Content-Length: 3
Content-Type: application/json; charset=utf-8
host: localhost:59231
accept: */*

Response DefaultHttpResponse(decodeResult: success, version: HTTP/1.1)
HTTP/1.1 200 OK
Content-Type: application/json; charset=utf-8
cache-control: no-cache
content-length: 51

22:26:31.395 [AsyncHttpClient-1-6] DEBUG org.asynchttpclient.netty.channel.ChannelManager - Adding key: http://localhost:59231 for channel [id: 0x18312079, L:/127.0.0.1:61755 - R:localhost/127.0.0.1:59231]
22:26:32.380 [AsyncHttpClient-1-1] DEBUG org.asynchttpclient.netty.channel.DefaultChannelPool - Entry count for : http://localhost:59231 : 1
22:26:32.380 [AsyncHttpClient-1-1] DEBUG org.asynchttpclient.netty.channel.DefaultChannelPool - Entry count for : http://localhost:61756 : 1
22:26:33.002 [main] DEBUG net.thucydides.core.reflection.ClassFinder - Could not load class .pages.CampaignPage
22:26:33.002 [main] DEBUG net.thucydides.core.reflection.ClassFinder - Could not load class .pages.N11CampaignsMainPage
22:26:33.002 [main] DEBUG net.thucydides.core.reflection.ClassFinder - Could not load class .questions.CheckDriver
22:26:33.002 [main] DEBUG net.thucydides.core.reflection.ClassFinder - Could not load class .runners.CucumberRunner
22:26:33.002 [main] DEBUG net.thucydides.core.reflection.ClassFinder - Could not load class .stepdefinitions.CampaignsStepDefinitions
22:26:33.002 [main] DEBUG net.thucydides.core.reflection.ClassFinder - Could not load class .tasks.CheckNumOfCampaigns
22:26:33.002 [main] DEBUG net.thucydides.core.reflection.ClassFinder - Could not load class .tasks.ClickCategory
22:26:33.002 [main] DEBUG net.thucydides.core.reflection.ClassFinder - Could not load class .tasks.NavigateTo
22:26:33.002 [main] DEBUG net.thucydides.core.reflection.ClassFinder - Could not load class .tasks.WriteURLsExcel
22:26:33.002 [main] DEBUG net.thucydides.core.reflection.ClassFinder - Could not load class META-INF.versions.9.com.sun.istack.logging.StackHelper
22:26:33.002 [main] DEBUG net.thucydides.core.reflection.ClassFinder - Could not load class META-INF.versions.9.com.sun.xml.bind.v2.runtime.reflect.opt.AccessorInjector
22:26:33.002 [main] DEBUG net.thucydides.core.reflection.ClassFinder - Could not load class META-INF.versions.9.com.sun.xml.bind.v2.runtime.reflect.opt.Injector
22:26:33.002 [main] DEBUG net.thucydides.core.reflection.ClassFinder - Could not load class META-INF.versions.9.com.sun.xml.bind.v2.runtime.reflect.opt.OptimizedAccessorFactory
22:26:33.002 [main] DEBUG net.thucydides.core.reflection.ClassFinder - Could not load class META-INF.versions.9.com.sun.xml.bind.v2.runtime.reflect.opt.OptimizedTransducedAccessorFactory
22:26:33.002 [main] DEBUG net.thucydides.core.reflection.ClassFinder - Could not load class META-INF.versions.9.io.opentelemetry.sdk.internal.CurrentJavaVersionSpecific
22:26:33.002 [main] DEBUG net.thucydides.core.reflection.ClassFinder - Could not load class META-INF.versions.9.io.opentelemetry.sdk.internal.Java9VersionSpecific
22:26:33.002 [main] DEBUG net.thucydides.core.reflection.ClassFinder - Could not load class META-INF.versions.9.javax.xml.bind.ModuleUtil
22:26:33.002 [main] DEBUG net.thucydides.core.reflection.ClassFinder - Could not load class META-INF.versions.9.module-info
22:26:33.002 [main] DEBUG net.thucydides.core.reflection.ClassFinder - Could not load class META-INF.versions.9.org.apache.logging.log4j.util.Base64Util
22:26:33.002 [main] DEBUG net.thucydides.core.reflection.ClassFinder - Could not load class META-INF.versions.9.org.apache.logging.log4j.util.ProcessIdUtil
22:26:33.002 [main] DEBUG net.thucydides.core.reflection.ClassFinder - Could not load class META-INF.versions.9.org.apache.logging.log4j.util.StackLocator
22:26:33.002 [main] DEBUG net.thucydides.core.reflection.ClassFinder - Could not load class META-INF.versions.9.org.apache.logging.log4j.util.internal.DefaultObjectInputFilter
22:26:33.002 [main] DEBUG net.thucydides.core.reflection.ClassFinder - Could not load class META-INF.versions.9.org.apache.xmlbeans.impl.tool.MavenPluginResolver
22:26:33.002 [main] DEBUG net.thucydides.core.reflection.ClassFinder - Could not load class META-INF.versions.9.org.junit.platform.commons.util.ModuleUtils
22:26:33.002 [main] DEBUG net.thucydides.core.reflection.ClassFinder - Could not load class com.microsoft.schemas.office.office.STOLEUpdateMode
22:26:33.002 [main] DEBUG net.thucydides.core.reflection.ClassFinder - Could not load class com.microsoft.schemas.office.office.STScreenSize
22:26:33.002 [main] DEBUG net.thucydides.core.reflection.ClassFinder - Could not load class com.microsoft.schemas.office.visio.x2012.main.SheetType
22:26:33.002 [main] DEBUG net.thucydides.core.reflection.ClassFinder - Could not load class com.microsoft.schemas.office.word.STHorizontalAnchor
22:26:33.002 [main] DEBUG net.thucydides.core.reflection.ClassFinder - Could not load class com.microsoft.schemas.office.word.STVerticalAnchor
22:26:33.002 [main] DEBUG net.thucydides.core.reflection.ClassFinder - Could not load class com.microsoft.schemas.office.word.STWrapSide
22:26:33.002 [main] DEBUG net.thucydides.core.reflection.ClassFinder - Could not load class com.microsoft.schemas.vml.STImageAspect
22:26:33.002 [main] DEBUG net.thucydides.core.reflection.ClassFinder - Could not load class com.microsoft.schemas.vml.STStrokeArrowLength
22:26:33.012 [main] DEBUG net.thucydides.core.reflection.ClassFinder - Could not load class com.microsoft.schemas.vml.STStrokeArrowWidth
22:26:33.012 [main] DEBUG net.thucydides.core.reflection.ClassFinder - Could not load class com.microsoft.schemas.vml.STStrokeEndCap
22:26:33.012 [main] DEBUG net.thucydides.core.reflection.ClassFinder - Could not load class com.microsoft.schemas.vml.STStrokeLineStyle
22:26:33.012 [main] DEBUG net.thucydides.core.reflection.ClassFinder - Could not load class com.sun.xml.bind.v2.runtime.output.FastInfosetStreamWriterOutput
22:26:33.012 [main] DEBUG net.thucydides.core.reflection.ClassFinder - Could not load class module-info
22:26:33.022 [main] DEBUG net.thucydides.core.reflection.ClassFinder - Could not load class org.apache.logging.log4j.util.Activator
22:26:33.022 [main] DEBUG net.thucydides.core.reflection.ClassFinder - Could not load class org.apache.poi.xslf.draw.SVGImageRenderer
22:26:33.022 [main] DEBUG net.thucydides.core.reflection.ClassFinder - Could not load class org.apache.poi.xslf.draw.SVGPOIGraphics2D
22:26:33.032 [main] DEBUG net.thucydides.core.reflection.ClassFinder - Could not load class org.apache.poi.xslf.draw.SVGRenderExtension
22:26:33.032 [main] DEBUG net.thucydides.core.reflection.ClassFinder - Could not load class org.apache.poi.xslf.draw.SVGUserAgent
22:26:33.032 [main] DEBUG net.thucydides.core.reflection.ClassFinder - Could not load class org.apache.poi.xslf.util.SVGFormat
22:26:33.032 [main] DEBUG net.thucydides.core.reflection.ClassFinder - Could not load class org.apache.xmlbeans.impl.schema.TypeSystemHolder
22:26:33.032 [main] DEBUG net.thucydides.core.reflection.ClassFinder - Could not load class org.apache.xmlbeans.impl.tool.MavenPlugin
22:26:33.042 [main] DEBUG net.thucydides.core.reflection.ClassFinder - Could not load class org.apache.xmlbeans.impl.tool.MavenPluginHelp
22:26:33.042 [main] DEBUG net.thucydides.core.reflection.ClassFinder - Could not load class org.apache.xmlbeans.impl.tool.XMLBean
22:26:33.042 [main] DEBUG net.thucydides.core.reflection.ClassFinder - Could not load class org.apache.xmlbeans.impl.xpath.saxon.SaxonXPath
22:26:33.042 [main] DEBUG net.thucydides.core.reflection.ClassFinder - Could not load class org.apache.xmlbeans.impl.xpath.saxon.SaxonXQuery
22:26:33.052 [main] DEBUG net.thucydides.core.reflection.ClassFinder - Could not load class org.etsi.uri.x01903.v13.GenericTimeStampType
22:26:33.052 [main] DEBUG net.thucydides.core.reflection.ClassFinder - Could not load class org.etsi.uri.x01903.v13.QualifierType
22:26:33.062 [main] DEBUG net.thucydides.core.reflection.ClassFinder - Could not load class org.openxmlformats.schemas.drawingml.x2006.chart.CTSerAx
22:26:33.062 [main] DEBUG net.thucydides.core.reflection.ClassFinder - Could not load class org.openxmlformats.schemas.drawingml.x2006.chart.STDepthPercentUShort
22:26:33.062 [main] DEBUG net.thucydides.core.reflection.ClassFinder - Could not load class org.openxmlformats.schemas.drawingml.x2006.chart.STDepthPercentWithSymbol
22:26:33.062 [main] DEBUG net.thucydides.core.reflection.ClassFinder - Could not load class org.openxmlformats.schemas.drawingml.x2006.chart.STHPercentUShort
22:26:33.062 [main] DEBUG net.thucydides.core.reflection.ClassFinder - Could not load class org.openxmlformats.schemas.drawingml.x2006.chart.STHPercentWithSymbol
22:26:33.062 [main] DEBUG net.thucydides.core.reflection.ClassFinder - Could not load class org.openxmlformats.schemas.drawingml.x2006.chart.STHoleSizePercent
22:26:33.062 [main] DEBUG net.thucydides.core.reflection.ClassFinder - Could not load class org.openxmlformats.schemas.drawingml.x2006.chart.STHoleSizeUByte
22:26:33.062 [main] DEBUG net.thucydides.core.reflection.ClassFinder - Could not load class org.openxmlformats.schemas.drawingml.x2006.chart.STOverlapByte
22:26:33.062 [main] DEBUG net.thucydides.core.reflection.ClassFinder - Could not load class org.openxmlformats.schemas.drawingml.x2006.chart.STOverlapPercent
22:26:33.062 [main] DEBUG net.thucydides.core.reflection.ClassFinder - Could not load class org.openxmlformats.schemas.drawingml.x2006.chart.STPageSetupOrientation
22:26:33.062 [main] DEBUG net.thucydides.core.reflection.ClassFinder - Could not load class org.openxmlformats.schemas.drawingml.x2006.main.CTGroupFillProperties
22:26:33.062 [main] DEBUG net.thucydides.core.reflection.ClassFinder - Could not load class org.openxmlformats.schemas.drawingml.x2006.main.CTPath2DQuadBezierTo
22:26:33.062 [main] DEBUG net.thucydides.core.reflection.ClassFinder - Could not load class org.openxmlformats.schemas.drawingml.x2006.main.STEffectContainerType
22:26:33.062 [main] DEBUG net.thucydides.core.reflection.ClassFinder - Could not load class org.openxmlformats.schemas.drawingml.x2006.main.STPresetMaterialType
22:26:33.072 [main] DEBUG net.thucydides.core.reflection.ClassFinder - Could not load class org.openxmlformats.schemas.drawingml.x2006.wordprocessingDrawing.STAlignH
22:26:33.072 [main] DEBUG net.thucydides.core.reflection.ClassFinder - Could not load class org.openxmlformats.schemas.drawingml.x2006.wordprocessingDrawing.STAlignV
22:26:33.072 [main] DEBUG net.thucydides.core.reflection.ClassFinder - Could not load class org.openxmlformats.schemas.officeDocument.x2006.docPropsVTypes.STVectorBaseType
22:26:33.072 [main] DEBUG net.thucydides.core.reflection.ClassFinder - Could not load class org.openxmlformats.schemas.officeDocument.x2006.sharedTypes.STConformanceClass
22:26:33.072 [main] DEBUG net.thucydides.core.reflection.ClassFinder - Could not load class org.openxmlformats.schemas.presentationml.x2006.main.STDirection
22:26:33.072 [main] DEBUG net.thucydides.core.reflection.ClassFinder - Could not load class org.openxmlformats.schemas.presentationml.x2006.main.STTLTimeNodeMasterRelation
22:26:33.072 [main] DEBUG net.thucydides.core.reflection.ClassFinder - Could not load class org.openxmlformats.schemas.presentationml.x2006.main.STTLTimeNodePresetClassType
22:26:33.072 [main] DEBUG net.thucydides.core.reflection.ClassFinder - Could not load class org.openxmlformats.schemas.presentationml.x2006.main.STTLTimeNodeSyncType
22:26:33.072 [main] DEBUG net.thucydides.core.reflection.ClassFinder - Could not load class org.openxmlformats.schemas.presentationml.x2006.main.STTLTriggerEvent
22:26:33.072 [main] DEBUG net.thucydides.core.reflection.ClassFinder - Could not load class org.openxmlformats.schemas.spreadsheetml.x2006.main.STComments
22:26:33.072 [main] DEBUG net.thucydides.core.reflection.ClassFinder - Could not load class org.openxmlformats.schemas.spreadsheetml.x2006.main.STDataValidationImeMode
22:26:33.072 [main] DEBUG net.thucydides.core.reflection.ClassFinder - Could not load class org.openxmlformats.schemas.spreadsheetml.x2006.main.STFieldSortType
22:26:33.072 [main] DEBUG net.thucydides.core.reflection.ClassFinder - Could not load class org.openxmlformats.schemas.spreadsheetml.x2006.main.STOleUpdate
22:26:33.072 [main] DEBUG net.thucydides.core.reflection.ClassFinder - Could not load class org.openxmlformats.schemas.spreadsheetml.x2006.main.STPhoneticAlignment
22:26:33.072 [main] DEBUG net.thucydides.core.reflection.ClassFinder - Could not load class org.openxmlformats.schemas.spreadsheetml.x2006.main.STShowDataAs
22:26:33.072 [main] DEBUG net.thucydides.core.reflection.ClassFinder - Could not load class org.openxmlformats.schemas.spreadsheetml.x2006.main.STSortBy
22:26:33.072 [main] DEBUG net.thucydides.core.reflection.ClassFinder - Could not load class org.openxmlformats.schemas.spreadsheetml.x2006.main.STSortMethod
22:26:33.072 [main] DEBUG net.thucydides.core.reflection.ClassFinder - Could not load class org.openxmlformats.schemas.spreadsheetml.x2006.main.STTableType
22:26:33.072 [main] DEBUG net.thucydides.core.reflection.ClassFinder - Could not load class org.openxmlformats.schemas.spreadsheetml.x2006.main.STTargetScreenSize
22:26:33.072 [main] DEBUG net.thucydides.core.reflection.ClassFinder - Could not load class org.openxmlformats.schemas.spreadsheetml.x2006.main.STTotalsRowFunction
22:26:33.072 [main] DEBUG net.thucydides.core.reflection.ClassFinder - Could not load class org.openxmlformats.schemas.wordprocessingml.x2006.main.CTBookmarkRange
22:26:33.072 [main] DEBUG net.thucydides.core.reflection.ClassFinder - Could not load class org.openxmlformats.schemas.wordprocessingml.x2006.main.CTDocumentBase
22:26:33.072 [main] DEBUG net.thucydides.core.reflection.ClassFinder - Could not load class org.openxmlformats.schemas.wordprocessingml.x2006.main.CTPPrBase
22:26:33.072 [main] DEBUG net.thucydides.core.reflection.ClassFinder - Could not load class org.openxmlformats.schemas.wordprocessingml.x2006.main.CTTblGridBase
22:26:33.072 [main] DEBUG net.thucydides.core.reflection.ClassFinder - Could not load class org.openxmlformats.schemas.wordprocessingml.x2006.main.CTTblPrBase
22:26:33.072 [main] DEBUG net.thucydides.core.reflection.ClassFinder - Could not load class org.openxmlformats.schemas.wordprocessingml.x2006.main.CTTblPrExBase
22:26:33.072 [main] DEBUG net.thucydides.core.reflection.ClassFinder - Could not load class org.openxmlformats.schemas.wordprocessingml.x2006.main.CTTcPrBase
22:26:33.072 [main] DEBUG net.thucydides.core.reflection.ClassFinder - Could not load class org.openxmlformats.schemas.wordprocessingml.x2006.main.CTTcPrInner
22:26:33.072 [main] DEBUG net.thucydides.core.reflection.ClassFinder - Could not load class org.openxmlformats.schemas.wordprocessingml.x2006.main.CTTrPrBase
22:26:33.072 [main] DEBUG net.thucydides.core.reflection.ClassFinder - Could not load class org.openxmlformats.schemas.wordprocessingml.x2006.main.STChapterSep
22:26:33.082 [main] DEBUG net.thucydides.core.reflection.ClassFinder - Could not load class org.openxmlformats.schemas.wordprocessingml.x2006.main.STDropCap
22:26:33.082 [main] DEBUG net.thucydides.core.reflection.ClassFinder - Could not load class org.openxmlformats.schemas.wordprocessingml.x2006.main.STPTabAlignment
22:26:33.082 [main] DEBUG net.thucydides.core.reflection.ClassFinder - Could not load class org.openxmlformats.schemas.wordprocessingml.x2006.main.STPTabLeader
22:26:33.082 [main] DEBUG net.thucydides.core.reflection.ClassFinder - Could not load class org.openxmlformats.schemas.wordprocessingml.x2006.main.STPTabRelativeTo
22:26:33.082 [main] DEBUG net.thucydides.core.reflection.ClassFinder - Could not load class org.openxmlformats.schemas.wordprocessingml.x2006.main.STPageBorderZOrder
22:26:33.082 [main] DEBUG net.thucydides.core.reflection.ClassFinder - Could not load class org.openxmlformats.schemas.wordprocessingml.x2006.main.STZoom
22:26:33.082 [Forwarding get on session 679d8d7c2ba7f97bee76993f646bc7dc to remote] DEBUG org.asynchttpclient.netty.request.NettyRequestSender - Using pooled Channel '[id: 0x18312079, L:/127.0.0.1:61755 - R:localhost/127.0.0.1:59231]' for 'POST' to 'http://localhost:59231/session/679d8d7c2ba7f97bee76993f646bc7dc/url'
22:26:33.082 [Forwarding get on session 679d8d7c2ba7f97bee76993f646bc7dc to remote] DEBUG org.asynchttpclient.netty.request.NettyRequestSender - Using open Channel [id: 0x18312079, L:/127.0.0.1:61755 - R:localhost/127.0.0.1:59231] for POST '/session/679d8d7c2ba7f97bee76993f646bc7dc/url'
22:26:33.480 [AsyncHttpClient-1-1] DEBUG org.asynchttpclient.netty.channel.DefaultChannelPool - Entry count for : http://localhost:61756 : 1
22:26:34.594 [AsyncHttpClient-1-1] DEBUG org.asynchttpclient.netty.channel.DefaultChannelPool - Entry count for : http://localhost:61756 : 1
22:26:35.700 [AsyncHttpClient-1-1] DEBUG org.asynchttpclient.netty.channel.DefaultChannelPool - Entry count for : http://localhost:61756 : 1
22:26:36.638 [AsyncHttpClient-1-6] DEBUG org.asynchttpclient.netty.handler.HttpHandler - 

Request DefaultHttpRequest(decodeResult: success, version: HTTP/1.1)
POST /session/679d8d7c2ba7f97bee76993f646bc7dc/url HTTP/1.1
User-Agent: selenium/4.1.2 (java windows)
Content-Length: 61
Content-Type: application/json; charset=utf-8
host: localhost:59231
accept: */*

Response DefaultHttpResponse(decodeResult: success, version: HTTP/1.1)
HTTP/1.1 200 OK
Content-Type: application/json; charset=utf-8
cache-control: no-cache
content-length: 14

22:26:36.639 [AsyncHttpClient-1-6] DEBUG org.asynchttpclient.netty.channel.ChannelManager - Adding key: http://localhost:59231 for channel [id: 0x18312079, L:/127.0.0.1:61755 - R:localhost/127.0.0.1:59231]
22:26:36.640 [Forwarding setTimeout on session 679d8d7c2ba7f97bee76993f646bc7dc to remote] DEBUG org.asynchttpclient.netty.request.NettyRequestSender - Using pooled Channel '[id: 0x18312079, L:/127.0.0.1:61755 - R:localhost/127.0.0.1:59231]' for 'POST' to 'http://localhost:59231/session/679d8d7c2ba7f97bee76993f646bc7dc/timeouts'
22:26:36.640 [Forwarding setTimeout on session 679d8d7c2ba7f97bee76993f646bc7dc to remote] DEBUG org.asynchttpclient.netty.request.NettyRequestSender - Using open Channel [id: 0x18312079, L:/127.0.0.1:61755 - R:localhost/127.0.0.1:59231] for POST '/session/679d8d7c2ba7f97bee76993f646bc7dc/timeouts'
22:26:36.641 [AsyncHttpClient-1-6] DEBUG org.asynchttpclient.netty.handler.HttpHandler - 

Request DefaultHttpRequest(decodeResult: success, version: HTTP/1.1)
POST /session/679d8d7c2ba7f97bee76993f646bc7dc/timeouts HTTP/1.1
User-Agent: selenium/4.1.2 (java windows)
Content-Length: 22
Content-Type: application/json; charset=utf-8
host: localhost:59231
accept: */*

Response DefaultHttpResponse(decodeResult: success, version: HTTP/1.1)
HTTP/1.1 200 OK
Content-Type: application/json; charset=utf-8
cache-control: no-cache
content-length: 14

22:26:36.641 [AsyncHttpClient-1-6] DEBUG org.asynchttpclient.netty.channel.ChannelManager - Adding key: http://localhost:59231 for channel [id: 0x18312079, L:/127.0.0.1:61755 - R:localhost/127.0.0.1:59231]
22:26:36.643 [Forwarding getCurrentUrl on session 679d8d7c2ba7f97bee76993f646bc7dc to remote] DEBUG org.asynchttpclient.netty.request.NettyRequestSender - Using pooled Channel '[id: 0x18312079, L:/127.0.0.1:61755 - R:localhost/127.0.0.1:59231]' for 'GET' to 'http://localhost:59231/session/679d8d7c2ba7f97bee76993f646bc7dc/url'
22:26:36.643 [Forwarding getCurrentUrl on session 679d8d7c2ba7f97bee76993f646bc7dc to remote] DEBUG org.asynchttpclient.netty.request.NettyRequestSender - Using open Channel [id: 0x18312079, L:/127.0.0.1:61755 - R:localhost/127.0.0.1:59231] for GET '/session/679d8d7c2ba7f97bee76993f646bc7dc/url'
22:26:36.659 [AsyncHttpClient-1-6] DEBUG org.asynchttpclient.netty.handler.HttpHandler - 

Request DefaultFullHttpRequest(decodeResult: success, version: HTTP/1.1, content: EmptyByteBufBE)
GET /session/679d8d7c2ba7f97bee76993f646bc7dc/url HTTP/1.1
User-Agent: selenium/4.1.2 (java windows)
Cache-Control: no-cache
Content-Type: application/json; charset=utf-8
host: localhost:59231
accept: */*

Response DefaultHttpResponse(decodeResult: success, version: HTTP/1.1)
HTTP/1.1 200 OK
Content-Type: application/json; charset=utf-8
cache-control: no-cache
content-length: 43

22:26:36.659 [AsyncHttpClient-1-6] DEBUG org.asynchttpclient.netty.channel.ChannelManager - Adding key: http://localhost:59231 for channel [id: 0x18312079, L:/127.0.0.1:61755 - R:localhost/127.0.0.1:59231]
22:26:36.661 [Forwarding getCurrentUrl on session 679d8d7c2ba7f97bee76993f646bc7dc to remote] DEBUG org.asynchttpclient.netty.request.NettyRequestSender - Using pooled Channel '[id: 0x18312079, L:/127.0.0.1:61755 - R:localhost/127.0.0.1:59231]' for 'GET' to 'http://localhost:59231/session/679d8d7c2ba7f97bee76993f646bc7dc/url'
22:26:36.661 [Forwarding getCurrentUrl on session 679d8d7c2ba7f97bee76993f646bc7dc to remote] DEBUG org.asynchttpclient.netty.request.NettyRequestSender - Using open Channel [id: 0x18312079, L:/127.0.0.1:61755 - R:localhost/127.0.0.1:59231] for GET '/session/679d8d7c2ba7f97bee76993f646bc7dc/url'
22:26:36.667 [AsyncHttpClient-1-6] DEBUG org.asynchttpclient.netty.handler.HttpHandler - 

Request DefaultFullHttpRequest(decodeResult: success, version: HTTP/1.1, content: EmptyByteBufBE)
GET /session/679d8d7c2ba7f97bee76993f646bc7dc/url HTTP/1.1
User-Agent: selenium/4.1.2 (java windows)
Cache-Control: no-cache
Content-Type: application/json; charset=utf-8
host: localhost:59231
accept: */*

Response DefaultHttpResponse(decodeResult: success, version: HTTP/1.1)
HTTP/1.1 200 OK
Content-Type: application/json; charset=utf-8
cache-control: no-cache
content-length: 43

22:26:36.667 [AsyncHttpClient-1-6] DEBUG org.asynchttpclient.netty.channel.ChannelManager - Adding key: http://localhost:59231 for channel [id: 0x18312079, L:/127.0.0.1:61755 - R:localhost/127.0.0.1:59231]
22:26:36.677 [Forwarding screenshot on session 679d8d7c2ba7f97bee76993f646bc7dc to remote] DEBUG org.asynchttpclient.netty.request.NettyRequestSender - Using pooled Channel '[id: 0x18312079, L:/127.0.0.1:61755 - R:localhost/127.0.0.1:59231]' for 'GET' to 'http://localhost:59231/session/679d8d7c2ba7f97bee76993f646bc7dc/screenshot'
22:26:36.677 [Forwarding screenshot on session 679d8d7c2ba7f97bee76993f646bc7dc to remote] DEBUG org.asynchttpclient.netty.request.NettyRequestSender - Using open Channel [id: 0x18312079, L:/127.0.0.1:61755 - R:localhost/127.0.0.1:59231] for GET '/session/679d8d7c2ba7f97bee76993f646bc7dc/screenshot'
22:26:36.780 [AsyncHttpClient-1-1] DEBUG org.asynchttpclient.netty.channel.DefaultChannelPool - Entry count for : http://localhost:61756 : 1
22:26:37.063 [AsyncHttpClient-1-6] DEBUG org.asynchttpclient.netty.handler.HttpHandler - 

Request DefaultFullHttpRequest(decodeResult: success, version: HTTP/1.1, content: EmptyByteBufBE)
GET /session/679d8d7c2ba7f97bee76993f646bc7dc/screenshot HTTP/1.1
User-Agent: selenium/4.1.2 (java windows)
Cache-Control: no-cache
Content-Type: application/json; charset=utf-8
host: localhost:59231
accept: */*

Response DefaultHttpResponse(decodeResult: success, version: HTTP/1.1)
HTTP/1.1 200 OK
Content-Type: application/json; charset=utf-8
cache-control: no-cache
content-length: 716148

22:26:37.091 [AsyncHttpClient-1-6] DEBUG org.asynchttpclient.netty.channel.ChannelManager - Adding key: http://localhost:59231 for channel [id: 0x18312079, L:/127.0.0.1:61755 - R:localhost/127.0.0.1:59231]
22:26:37.111 [main] DEBUG net.serenitybdd.core.photography.Darkroom - Send negative for processing for target\site\serenity\0b663212aae285cd7e928c04715213693ec5aec7e300b9c9e8ddf126ebdfce52.png
22:26:37.111 [main] DEBUG net.thucydides.core.steps.StepInterceptor - STEP DONE: {0} opens the #targetPageName
22:26:37.121 [main] DEBUG net.thucydides.core.steps.StepInterceptor - STEP DONE: !#title
  &amp#27;[32mGiven &amp#27;[0m&amp#27;[32muser opens the page&amp#27;[0m                                                 &amp#27;[90m# stepdefinitions.CampaignsStepDefinitions.userOpensThePage()&amp#27;[0m
22:26:37.131 [main] DEBUG net.thucydides.core.steps.StepInterceptor - STARTING STEP: CampaignsStepDefinitions.userClicksOnACategory - {0} clicks on #target
22:26:37.131 [main] DEBUG net.serenitybdd.screenplay.targets.IFrameSwitcher - default content already selected for Location pop-up close
22:26:37.131 [Forwarding findElement on session 679d8d7c2ba7f97bee76993f646bc7dc to remote] DEBUG org.asynchttpclient.netty.request.NettyRequestSender - Using pooled Channel '[id: 0x18312079, L:/127.0.0.1:61755 - R:localhost/127.0.0.1:59231]' for 'POST' to 'http://localhost:59231/session/679d8d7c2ba7f97bee76993f646bc7dc/element'
22:26:37.131 [Forwarding findElement on session 679d8d7c2ba7f97bee76993f646bc7dc to remote] DEBUG org.asynchttpclient.netty.request.NettyRequestSender - Using open Channel [id: 0x18312079, L:/127.0.0.1:61755 - R:localhost/127.0.0.1:59231] for POST '/session/679d8d7c2ba7f97bee76993f646bc7dc/element'
22:26:37.334 [AsyncHttpClient-1-6] DEBUG org.asynchttpclient.netty.handler.HttpHandler - 

Request DefaultHttpRequest(decodeResult: success, version: HTTP/1.1)
POST /session/679d8d7c2ba7f97bee76993f646bc7dc/element HTTP/1.1
User-Agent: selenium/4.1.2 (java windows)
Content-Length: 66
Content-Type: application/json; charset=utf-8
host: localhost:59231
accept: */*

Response DefaultHttpResponse(decodeResult: success, version: HTTP/1.1)
HTTP/1.1 200 OK
Content-Type: application/json; charset=utf-8
cache-control: no-cache
content-length: 88

22:26:37.334 [AsyncHttpClient-1-6] DEBUG org.asynchttpclient.netty.channel.ChannelManager - Adding key: http://localhost:59231 for channel [id: 0x18312079, L:/127.0.0.1:61755 - R:localhost/127.0.0.1:59231]
22:26:37.339 [Forwarding isElementDisplayed on session 679d8d7c2ba7f97bee76993f646bc7dc to remote] DEBUG org.asynchttpclient.netty.request.NettyRequestSender - Using pooled Channel '[id: 0x18312079, L:/127.0.0.1:61755 - R:localhost/127.0.0.1:59231]' for 'POST' to 'http://localhost:59231/session/679d8d7c2ba7f97bee76993f646bc7dc/execute/sync'
22:26:37.339 [Forwarding isElementDisplayed on session 679d8d7c2ba7f97bee76993f646bc7dc to remote] DEBUG org.asynchttpclient.netty.request.NettyRequestSender - Using open Channel [id: 0x18312079, L:/127.0.0.1:61755 - R:localhost/127.0.0.1:59231] for POST '/session/679d8d7c2ba7f97bee76993f646bc7dc/execute/sync'
22:26:37.360 [AsyncHttpClient-1-6] DEBUG org.asynchttpclient.netty.handler.HttpHandler - 

Request DefaultHttpRequest(decodeResult: success, version: HTTP/1.1)
POST /session/679d8d7c2ba7f97bee76993f646bc7dc/execute/sync HTTP/1.1
User-Agent: selenium/4.1.2 (java windows)
Content-Length: 48780
Content-Type: application/json; charset=utf-8
host: localhost:59231
accept: */*

Response DefaultHttpResponse(decodeResult: success, version: HTTP/1.1)
HTTP/1.1 200 OK
Content-Type: application/json; charset=utf-8
cache-control: no-cache
content-length: 14

22:26:37.360 [AsyncHttpClient-1-6] DEBUG org.asynchttpclient.netty.channel.ChannelManager - Adding key: http://localhost:59231 for channel [id: 0x18312079, L:/127.0.0.1:61755 - R:localhost/127.0.0.1:59231]
22:26:37.362 [Forwarding findElement on session 679d8d7c2ba7f97bee76993f646bc7dc to remote] DEBUG org.asynchttpclient.netty.request.NettyRequestSender - Using pooled Channel '[id: 0x18312079, L:/127.0.0.1:61755 - R:localhost/127.0.0.1:59231]' for 'POST' to 'http://localhost:59231/session/679d8d7c2ba7f97bee76993f646bc7dc/element'
22:26:37.362 [Forwarding findElement on session 679d8d7c2ba7f97bee76993f646bc7dc to remote] DEBUG org.asynchttpclient.netty.request.NettyRequestSender - Using open Channel [id: 0x18312079, L:/127.0.0.1:61755 - R:localhost/127.0.0.1:59231] for POST '/session/679d8d7c2ba7f97bee76993f646bc7dc/element'
22:26:37.379 [AsyncHttpClient-1-6] DEBUG org.asynchttpclient.netty.handler.HttpHandler - 

Request DefaultHttpRequest(decodeResult: success, version: HTTP/1.1)
POST /session/679d8d7c2ba7f97bee76993f646bc7dc/element HTTP/1.1
User-Agent: selenium/4.1.2 (java windows)
Content-Length: 66
Content-Type: application/json; charset=utf-8
host: localhost:59231
accept: */*

Response DefaultHttpResponse(decodeResult: success, version: HTTP/1.1)
HTTP/1.1 200 OK
Content-Type: application/json; charset=utf-8
cache-control: no-cache
content-length: 88

22:26:37.379 [AsyncHttpClient-1-6] DEBUG org.asynchttpclient.netty.channel.ChannelManager - Adding key: http://localhost:59231 for channel [id: 0x18312079, L:/127.0.0.1:61755 - R:localhost/127.0.0.1:59231]
22:26:37.380 [Forwarding clickElement on session 679d8d7c2ba7f97bee76993f646bc7dc to remote] DEBUG org.asynchttpclient.netty.request.NettyRequestSender - Using pooled Channel '[id: 0x18312079, L:/127.0.0.1:61755 - R:localhost/127.0.0.1:59231]' for 'POST' to 'http://localhost:59231/session/679d8d7c2ba7f97bee76993f646bc7dc/element/2618e5ed-1da7-48f9-89a1-b22089c4b074/click'
22:26:37.380 [Forwarding clickElement on session 679d8d7c2ba7f97bee76993f646bc7dc to remote] DEBUG org.asynchttpclient.netty.request.NettyRequestSender - Using open Channel [id: 0x18312079, L:/127.0.0.1:61755 - R:localhost/127.0.0.1:59231] for POST '/session/679d8d7c2ba7f97bee76993f646bc7dc/element/2618e5ed-1da7-48f9-89a1-b22089c4b074/click'
22:26:37.500 [AsyncHttpClient-1-6] DEBUG org.asynchttpclient.netty.handler.HttpHandler - 

Request DefaultHttpRequest(decodeResult: success, version: HTTP/1.1)
POST /session/679d8d7c2ba7f97bee76993f646bc7dc/element/2618e5ed-1da7-48f9-89a1-b22089c4b074/click HTTP/1.1
User-Agent: selenium/4.1.2 (java windows)
Content-Length: 50
Content-Type: application/json; charset=utf-8
host: localhost:59231
accept: */*

Response DefaultHttpResponse(decodeResult: success, version: HTTP/1.1)
HTTP/1.1 200 OK
Content-Type: application/json; charset=utf-8
cache-control: no-cache
content-length: 14

22:26:37.500 [AsyncHttpClient-1-6] DEBUG org.asynchttpclient.netty.channel.ChannelManager - Adding key: http://localhost:59231 for channel [id: 0x18312079, L:/127.0.0.1:61755 - R:localhost/127.0.0.1:59231]
22:26:37.510 [Forwarding screenshot on session 679d8d7c2ba7f97bee76993f646bc7dc to remote] DEBUG org.asynchttpclient.netty.request.NettyRequestSender - Using pooled Channel '[id: 0x18312079, L:/127.0.0.1:61755 - R:localhost/127.0.0.1:59231]' for 'GET' to 'http://localhost:59231/session/679d8d7c2ba7f97bee76993f646bc7dc/screenshot'
22:26:37.510 [Forwarding screenshot on session 679d8d7c2ba7f97bee76993f646bc7dc to remote] DEBUG org.asynchttpclient.netty.request.NettyRequestSender - Using open Channel [id: 0x18312079, L:/127.0.0.1:61755 - R:localhost/127.0.0.1:59231] for GET '/session/679d8d7c2ba7f97bee76993f646bc7dc/screenshot'
22:26:37.893 [AsyncHttpClient-1-1] DEBUG org.asynchttpclient.netty.channel.DefaultChannelPool - Entry count for : http://localhost:61756 : 1
22:26:37.968 [AsyncHttpClient-1-6] DEBUG org.asynchttpclient.netty.handler.HttpHandler - 

Request DefaultFullHttpRequest(decodeResult: success, version: HTTP/1.1, content: EmptyByteBufBE)
GET /session/679d8d7c2ba7f97bee76993f646bc7dc/screenshot HTTP/1.1
User-Agent: selenium/4.1.2 (java windows)
Cache-Control: no-cache
Content-Type: application/json; charset=utf-8
host: localhost:59231
accept: */*

Response DefaultHttpResponse(decodeResult: success, version: HTTP/1.1)
HTTP/1.1 200 OK
Content-Type: application/json; charset=utf-8
cache-control: no-cache
content-length: 714796

22:26:37.969 [AsyncHttpClient-1-6] DEBUG org.asynchttpclient.netty.channel.ChannelManager - Adding key: http://localhost:59231 for channel [id: 0x18312079, L:/127.0.0.1:61755 - R:localhost/127.0.0.1:59231]
22:26:38.004 [main] DEBUG net.serenitybdd.core.photography.Darkroom - Send negative for processing for target\site\serenity\fa293ad48ca5a0d31f4aa5f484ace2cffaab163c068a5ae8a0b14824f6374eab.png
22:26:38.004 [main] DEBUG net.thucydides.core.steps.StepInterceptor - STEP DONE: {0} clicks on #target
22:26:38.004 [Darkroom Processing Line] DEBUG net.serenitybdd.core.photography.DarkroomProcessingLine - Processing screenshot image in /var/screenshots/screenshot-15085445144677993731
22:26:38.004 [Darkroom Processing Line] DEBUG net.serenitybdd.core.photography.DarkroomProcessingLine - Saving screenshot to target\site\serenity\fa293ad48ca5a0d31f4aa5f484ace2cffaab163c068a5ae8a0b14824f6374eab.png
22:26:38.010 [main] DEBUG net.thucydides.core.steps.StepInterceptor - STARTING STEP: CampaignsStepDefinitions.userClicksOnACategory - {0} clicks on #category
22:26:38.016 [main] DEBUG net.serenitybdd.screenplay.targets.IFrameSwitcher - default content already selected for Kozmetik category
22:26:38.019 [Forwarding findElements on session 679d8d7c2ba7f97bee76993f646bc7dc to remote] DEBUG org.asynchttpclient.netty.request.NettyRequestSender - Using pooled Channel '[id: 0x18312079, L:/127.0.0.1:61755 - R:localhost/127.0.0.1:59231]' for 'POST' to 'http://localhost:59231/session/679d8d7c2ba7f97bee76993f646bc7dc/elements'
22:26:38.019 [Forwarding findElements on session 679d8d7c2ba7f97bee76993f646bc7dc to remote] DEBUG org.asynchttpclient.netty.request.NettyRequestSender - Using open Channel [id: 0x18312079, L:/127.0.0.1:61755 - R:localhost/127.0.0.1:59231] for POST '/session/679d8d7c2ba7f97bee76993f646bc7dc/elements'
22:26:38.045 [AsyncHttpClient-1-6] DEBUG org.asynchttpclient.netty.handler.HttpHandler - 

Request DefaultHttpRequest(decodeResult: success, version: HTTP/1.1)
POST /session/679d8d7c2ba7f97bee76993f646bc7dc/elements HTTP/1.1
User-Agent: selenium/4.1.2 (java windows)
Content-Length: 74
Content-Type: application/json; charset=utf-8
host: localhost:59231
accept: */*

Response DefaultHttpResponse(decodeResult: success, version: HTTP/1.1)
HTTP/1.1 200 OK
Content-Type: application/json; charset=utf-8
cache-control: no-cache
content-length: 90

22:26:38.045 [AsyncHttpClient-1-6] DEBUG org.asynchttpclient.netty.channel.ChannelManager - Adding key: http://localhost:59231 for channel [id: 0x18312079, L:/127.0.0.1:61755 - R:localhost/127.0.0.1:59231]
22:26:38.051 [Forwarding isElementDisplayed on session 679d8d7c2ba7f97bee76993f646bc7dc to remote] DEBUG org.asynchttpclient.netty.request.NettyRequestSender - Using pooled Channel '[id: 0x18312079, L:/127.0.0.1:61755 - R:localhost/127.0.0.1:59231]' for 'POST' to 'http://localhost:59231/session/679d8d7c2ba7f97bee76993f646bc7dc/execute/sync'
22:26:38.051 [Forwarding isElementDisplayed on session 679d8d7c2ba7f97bee76993f646bc7dc to remote] DEBUG org.asynchttpclient.netty.request.NettyRequestSender - Using open Channel [id: 0x18312079, L:/127.0.0.1:61755 - R:localhost/127.0.0.1:59231] for POST '/session/679d8d7c2ba7f97bee76993f646bc7dc/execute/sync'
22:26:38.064 [AsyncHttpClient-1-6] DEBUG org.asynchttpclient.netty.handler.HttpHandler - 

Request DefaultHttpRequest(decodeResult: success, version: HTTP/1.1)
POST /session/679d8d7c2ba7f97bee76993f646bc7dc/execute/sync HTTP/1.1
User-Agent: selenium/4.1.2 (java windows)
Content-Length: 48780
Content-Type: application/json; charset=utf-8
host: localhost:59231
accept: */*

Response DefaultHttpResponse(decodeResult: success, version: HTTP/1.1)
HTTP/1.1 200 OK
Content-Type: application/json; charset=utf-8
cache-control: no-cache
content-length: 14

22:26:38.064 [AsyncHttpClient-1-6] DEBUG org.asynchttpclient.netty.channel.ChannelManager - Adding key: http://localhost:59231 for channel [id: 0x18312079, L:/127.0.0.1:61755 - R:localhost/127.0.0.1:59231]
22:26:38.064 [Forwarding isElementEnabled on session 679d8d7c2ba7f97bee76993f646bc7dc to remote] DEBUG org.asynchttpclient.netty.request.NettyRequestSender - Using pooled Channel '[id: 0x18312079, L:/127.0.0.1:61755 - R:localhost/127.0.0.1:59231]' for 'GET' to 'http://localhost:59231/session/679d8d7c2ba7f97bee76993f646bc7dc/element/dfac8954-7012-480f-895b-c311a4478f9a/enabled'
22:26:38.064 [Forwarding isElementEnabled on session 679d8d7c2ba7f97bee76993f646bc7dc to remote] DEBUG org.asynchttpclient.netty.request.NettyRequestSender - Using open Channel [id: 0x18312079, L:/127.0.0.1:61755 - R:localhost/127.0.0.1:59231] for GET '/session/679d8d7c2ba7f97bee76993f646bc7dc/element/dfac8954-7012-480f-895b-c311a4478f9a/enabled'
22:26:38.074 [AsyncHttpClient-1-6] DEBUG org.asynchttpclient.netty.handler.HttpHandler - 

Request DefaultFullHttpRequest(decodeResult: success, version: HTTP/1.1, content: EmptyByteBufBE)
GET /session/679d8d7c2ba7f97bee76993f646bc7dc/element/dfac8954-7012-480f-895b-c311a4478f9a/enabled HTTP/1.1
User-Agent: selenium/4.1.2 (java windows)
Cache-Control: no-cache
Content-Type: application/json; charset=utf-8
host: localhost:59231
accept: */*

Response DefaultHttpResponse(decodeResult: success, version: HTTP/1.1)
HTTP/1.1 200 OK
Content-Type: application/json; charset=utf-8
cache-control: no-cache
content-length: 14

22:26:38.074 [AsyncHttpClient-1-6] DEBUG org.asynchttpclient.netty.channel.ChannelManager - Adding key: http://localhost:59231 for channel [id: 0x18312079, L:/127.0.0.1:61755 - R:localhost/127.0.0.1:59231]
22:26:38.084 [main] DEBUG net.thucydides.core.steps.StepInterceptor - STARTING STEP: ClickCategory.performAs - {0} clicks on #target
22:26:38.084 [main] DEBUG net.serenitybdd.screenplay.targets.IFrameSwitcher - default content already selected for Kozmetik category
22:26:38.084 [Forwarding findElement on session 679d8d7c2ba7f97bee76993f646bc7dc to remote] DEBUG org.asynchttpclient.netty.request.NettyRequestSender - Using pooled Channel '[id: 0x18312079, L:/127.0.0.1:61755 - R:localhost/127.0.0.1:59231]' for 'POST' to 'http://localhost:59231/session/679d8d7c2ba7f97bee76993f646bc7dc/element'
22:26:38.084 [Forwarding findElement on session 679d8d7c2ba7f97bee76993f646bc7dc to remote] DEBUG org.asynchttpclient.netty.request.NettyRequestSender - Using open Channel [id: 0x18312079, L:/127.0.0.1:61755 - R:localhost/127.0.0.1:59231] for POST '/session/679d8d7c2ba7f97bee76993f646bc7dc/element'
22:26:38.094 [AsyncHttpClient-1-6] DEBUG org.asynchttpclient.netty.handler.HttpHandler - 

Request DefaultHttpRequest(decodeResult: success, version: HTTP/1.1)
POST /session/679d8d7c2ba7f97bee76993f646bc7dc/element HTTP/1.1
User-Agent: selenium/4.1.2 (java windows)
Content-Length: 74
Content-Type: application/json; charset=utf-8
host: localhost:59231
accept: */*

Response DefaultHttpResponse(decodeResult: success, version: HTTP/1.1)
HTTP/1.1 200 OK
Content-Type: application/json; charset=utf-8
cache-control: no-cache
content-length: 88

22:26:38.094 [AsyncHttpClient-1-6] DEBUG org.asynchttpclient.netty.channel.ChannelManager - Adding key: http://localhost:59231 for channel [id: 0x18312079, L:/127.0.0.1:61755 - R:localhost/127.0.0.1:59231]
22:26:38.104 [Forwarding isElementDisplayed on session 679d8d7c2ba7f97bee76993f646bc7dc to remote] DEBUG org.asynchttpclient.netty.request.NettyRequestSender - Using pooled Channel '[id: 0x18312079, L:/127.0.0.1:61755 - R:localhost/127.0.0.1:59231]' for 'POST' to 'http://localhost:59231/session/679d8d7c2ba7f97bee76993f646bc7dc/execute/sync'
22:26:38.104 [Forwarding isElementDisplayed on session 679d8d7c2ba7f97bee76993f646bc7dc to remote] DEBUG org.asynchttpclient.netty.request.NettyRequestSender - Using open Channel [id: 0x18312079, L:/127.0.0.1:61755 - R:localhost/127.0.0.1:59231] for POST '/session/679d8d7c2ba7f97bee76993f646bc7dc/execute/sync'
22:26:38.114 [AsyncHttpClient-1-6] DEBUG org.asynchttpclient.netty.handler.HttpHandler - 

Request DefaultHttpRequest(decodeResult: success, version: HTTP/1.1)
POST /session/679d8d7c2ba7f97bee76993f646bc7dc/execute/sync HTTP/1.1
User-Agent: selenium/4.1.2 (java windows)
Content-Length: 48780
Content-Type: application/json; charset=utf-8
host: localhost:59231
accept: */*

Response DefaultHttpResponse(decodeResult: success, version: HTTP/1.1)
HTTP/1.1 200 OK
Content-Type: application/json; charset=utf-8
cache-control: no-cache
content-length: 14

22:26:38.114 [AsyncHttpClient-1-6] DEBUG org.asynchttpclient.netty.channel.ChannelManager - Adding key: http://localhost:59231 for channel [id: 0x18312079, L:/127.0.0.1:61755 - R:localhost/127.0.0.1:59231]
22:26:38.114 [Forwarding findElement on session 679d8d7c2ba7f97bee76993f646bc7dc to remote] DEBUG org.asynchttpclient.netty.request.NettyRequestSender - Using pooled Channel '[id: 0x18312079, L:/127.0.0.1:61755 - R:localhost/127.0.0.1:59231]' for 'POST' to 'http://localhost:59231/session/679d8d7c2ba7f97bee76993f646bc7dc/element'
22:26:38.114 [Forwarding findElement on session 679d8d7c2ba7f97bee76993f646bc7dc to remote] DEBUG org.asynchttpclient.netty.request.NettyRequestSender - Using open Channel [id: 0x18312079, L:/127.0.0.1:61755 - R:localhost/127.0.0.1:59231] for POST '/session/679d8d7c2ba7f97bee76993f646bc7dc/element'
22:26:38.124 [AsyncHttpClient-1-6] DEBUG org.asynchttpclient.netty.handler.HttpHandler - 

Request DefaultHttpRequest(decodeResult: success, version: HTTP/1.1)
POST /session/679d8d7c2ba7f97bee76993f646bc7dc/element HTTP/1.1
User-Agent: selenium/4.1.2 (java windows)
Content-Length: 74
Content-Type: application/json; charset=utf-8
host: localhost:59231
accept: */*

Response DefaultHttpResponse(decodeResult: success, version: HTTP/1.1)
HTTP/1.1 200 OK
Content-Type: application/json; charset=utf-8
cache-control: no-cache
content-length: 88

22:26:38.124 [AsyncHttpClient-1-6] DEBUG org.asynchttpclient.netty.channel.ChannelManager - Adding key: http://localhost:59231 for channel [id: 0x18312079, L:/127.0.0.1:61755 - R:localhost/127.0.0.1:59231]
22:26:38.124 [Forwarding clickElement on session 679d8d7c2ba7f97bee76993f646bc7dc to remote] DEBUG org.asynchttpclient.netty.request.NettyRequestSender - Using pooled Channel '[id: 0x18312079, L:/127.0.0.1:61755 - R:localhost/127.0.0.1:59231]' for 'POST' to 'http://localhost:59231/session/679d8d7c2ba7f97bee76993f646bc7dc/element/dfac8954-7012-480f-895b-c311a4478f9a/click'
22:26:38.124 [Forwarding clickElement on session 679d8d7c2ba7f97bee76993f646bc7dc to remote] DEBUG org.asynchttpclient.netty.request.NettyRequestSender - Using open Channel [id: 0x18312079, L:/127.0.0.1:61755 - R:localhost/127.0.0.1:59231] for POST '/session/679d8d7c2ba7f97bee76993f646bc7dc/element/dfac8954-7012-480f-895b-c311a4478f9a/click'
22:26:38.207 [AsyncHttpClient-1-6] DEBUG org.asynchttpclient.netty.handler.HttpHandler - 

Request DefaultHttpRequest(decodeResult: success, version: HTTP/1.1)
POST /session/679d8d7c2ba7f97bee76993f646bc7dc/element/dfac8954-7012-480f-895b-c311a4478f9a/click HTTP/1.1
User-Agent: selenium/4.1.2 (java windows)
Content-Length: 50
Content-Type: application/json; charset=utf-8
host: localhost:59231
accept: */*

Response DefaultHttpResponse(decodeResult: success, version: HTTP/1.1)
HTTP/1.1 200 OK
Content-Type: application/json; charset=utf-8
cache-control: no-cache
content-length: 14

22:26:38.207 [AsyncHttpClient-1-6] DEBUG org.asynchttpclient.netty.channel.ChannelManager - Adding key: http://localhost:59231 for channel [id: 0x18312079, L:/127.0.0.1:61755 - R:localhost/127.0.0.1:59231]
22:26:38.222 [Forwarding screenshot on session 679d8d7c2ba7f97bee76993f646bc7dc to remote] DEBUG org.asynchttpclient.netty.request.NettyRequestSender - Using pooled Channel '[id: 0x18312079, L:/127.0.0.1:61755 - R:localhost/127.0.0.1:59231]' for 'GET' to 'http://localhost:59231/session/679d8d7c2ba7f97bee76993f646bc7dc/screenshot'
22:26:38.222 [Forwarding screenshot on session 679d8d7c2ba7f97bee76993f646bc7dc to remote] DEBUG org.asynchttpclient.netty.request.NettyRequestSender - Using open Channel [id: 0x18312079, L:/127.0.0.1:61755 - R:localhost/127.0.0.1:59231] for GET '/session/679d8d7c2ba7f97bee76993f646bc7dc/screenshot'
22:26:38.627 [AsyncHttpClient-1-6] DEBUG org.asynchttpclient.netty.handler.HttpHandler - 

Request DefaultFullHttpRequest(decodeResult: success, version: HTTP/1.1, content: EmptyByteBufBE)
GET /session/679d8d7c2ba7f97bee76993f646bc7dc/screenshot HTTP/1.1
User-Agent: selenium/4.1.2 (java windows)
Cache-Control: no-cache
Content-Type: application/json; charset=utf-8
host: localhost:59231
accept: */*

Response DefaultHttpResponse(decodeResult: success, version: HTTP/1.1)
HTTP/1.1 200 OK
Content-Type: application/json; charset=utf-8
cache-control: no-cache
content-length: 137096

22:26:38.628 [AsyncHttpClient-1-6] DEBUG org.asynchttpclient.netty.channel.ChannelManager - Adding key: http://localhost:59231 for channel [id: 0x18312079, L:/127.0.0.1:61755 - R:localhost/127.0.0.1:59231]
22:26:38.635 [main] DEBUG net.serenitybdd.core.photography.Darkroom - Send negative for processing for target\site\serenity\10f0520fac5b5a1d1b7ecf818b19db412d6ea641c0e3a3fc8c72fae08398c55a.png
22:26:38.636 [main] DEBUG net.thucydides.core.steps.StepInterceptor - STEP DONE: {0} clicks on #target
22:26:38.636 [Darkroom Processing Line] DEBUG net.serenitybdd.core.photography.DarkroomProcessingLine - Processing screenshot image in /var/screenshots/screenshot-8370083048901772271
22:26:38.636 [Darkroom Processing Line] DEBUG net.serenitybdd.core.photography.DarkroomProcessingLine - Saving screenshot to target\site\serenity\10f0520fac5b5a1d1b7ecf818b19db412d6ea641c0e3a3fc8c72fae08398c55a.png
22:26:38.642 [main] DEBUG net.thucydides.core.steps.StepInterceptor - STEP DONE: {0} clicks on #category
  &amp#27;[32mWhen &amp#27;[0m&amp#27;[32muser clicks on &amp#27;[0m&amp#27;[32m&amp#27;[1m"kozmetik-kisisel-bakim"&amp#27;[0m                              &amp#27;[90m# stepdefinitions.CampaignsStepDefinitions.userClicksOnACategory(java.lang.String)&amp#27;[0m
22:26:38.659 [Forwarding findElements on session 679d8d7c2ba7f97bee76993f646bc7dc to remote] DEBUG org.asynchttpclient.netty.request.NettyRequestSender - Using pooled Channel '[id: 0x18312079, L:/127.0.0.1:61755 - R:localhost/127.0.0.1:59231]' for 'POST' to 'http://localhost:59231/session/679d8d7c2ba7f97bee76993f646bc7dc/elements'
22:26:38.659 [Forwarding findElements on session 679d8d7c2ba7f97bee76993f646bc7dc to remote] DEBUG org.asynchttpclient.netty.request.NettyRequestSender - Using open Channel [id: 0x18312079, L:/127.0.0.1:61755 - R:localhost/127.0.0.1:59231] for POST '/session/679d8d7c2ba7f97bee76993f646bc7dc/elements'
22:26:38.803 [AsyncHttpClient-1-6] DEBUG org.asynchttpclient.netty.handler.HttpHandler - 

Request DefaultHttpRequest(decodeResult: success, version: HTTP/1.1)
POST /session/679d8d7c2ba7f97bee76993f646bc7dc/elements HTTP/1.1
User-Agent: selenium/4.1.2 (java windows)
Content-Length: 84
Content-Type: application/json; charset=utf-8
host: localhost:59231
accept: */*

Response DefaultHttpResponse(decodeResult: success, version: HTTP/1.1)
HTTP/1.1 200 OK
Content-Type: application/json; charset=utf-8
cache-control: no-cache
content-length: 1354

22:26:38.803 [AsyncHttpClient-1-6] DEBUG org.asynchttpclient.netty.channel.ChannelManager - Adding key: http://localhost:59231 for channel [id: 0x18312079, L:/127.0.0.1:61755 - R:localhost/127.0.0.1:59231]
22:26:38.805 [Forwarding findElement on session 679d8d7c2ba7f97bee76993f646bc7dc to remote] DEBUG org.asynchttpclient.netty.request.NettyRequestSender - Using pooled Channel '[id: 0x18312079, L:/127.0.0.1:61755 - R:localhost/127.0.0.1:59231]' for 'POST' to 'http://localhost:59231/session/679d8d7c2ba7f97bee76993f646bc7dc/element'
22:26:38.805 [Forwarding findElement on session 679d8d7c2ba7f97bee76993f646bc7dc to remote] DEBUG org.asynchttpclient.netty.request.NettyRequestSender - Using open Channel [id: 0x18312079, L:/127.0.0.1:61755 - R:localhost/127.0.0.1:59231] for POST '/session/679d8d7c2ba7f97bee76993f646bc7dc/element'
22:26:38.825 [AsyncHttpClient-1-6] DEBUG org.asynchttpclient.netty.handler.HttpHandler - 

Request DefaultHttpRequest(decodeResult: success, version: HTTP/1.1)
POST /session/679d8d7c2ba7f97bee76993f646bc7dc/element HTTP/1.1
User-Agent: selenium/4.1.2 (java windows)
Content-Length: 74
Content-Type: application/json; charset=utf-8
host: localhost:59231
accept: */*

Response DefaultHttpResponse(decodeResult: success, version: HTTP/1.1)
HTTP/1.1 200 OK
Content-Type: application/json; charset=utf-8
cache-control: no-cache
content-length: 88

22:26:38.826 [AsyncHttpClient-1-6] DEBUG org.asynchttpclient.netty.channel.ChannelManager - Adding key: http://localhost:59231 for channel [id: 0x18312079, L:/127.0.0.1:61755 - R:localhost/127.0.0.1:59231]
22:26:38.830 [Forwarding getElementAttribute on session 679d8d7c2ba7f97bee76993f646bc7dc to remote] DEBUG org.asynchttpclient.netty.request.NettyRequestSender - Using pooled Channel '[id: 0x18312079, L:/127.0.0.1:61755 - R:localhost/127.0.0.1:59231]' for 'POST' to 'http://localhost:59231/session/679d8d7c2ba7f97bee76993f646bc7dc/execute/sync'
22:26:38.830 [Forwarding getElementAttribute on session 679d8d7c2ba7f97bee76993f646bc7dc to remote] DEBUG org.asynchttpclient.netty.request.NettyRequestSender - Using open Channel [id: 0x18312079, L:/127.0.0.1:61755 - R:localhost/127.0.0.1:59231] for POST '/session/679d8d7c2ba7f97bee76993f646bc7dc/execute/sync'
22:26:38.869 [AsyncHttpClient-1-6] DEBUG org.asynchttpclient.netty.handler.HttpHandler - 

Request DefaultHttpRequest(decodeResult: success, version: HTTP/1.1)
POST /session/679d8d7c2ba7f97bee76993f646bc7dc/execute/sync HTTP/1.1
User-Agent: selenium/4.1.2 (java windows)
Content-Length: 47339
Content-Type: application/json; charset=utf-8
host: localhost:59231
accept: */*

Response DefaultHttpResponse(decodeResult: success, version: HTTP/1.1)
HTTP/1.1 200 OK
Content-Type: application/json; charset=utf-8
cache-control: no-cache
content-length: 80

22:26:38.869 [AsyncHttpClient-1-6] DEBUG org.asynchttpclient.netty.channel.ChannelManager - Adding key: http://localhost:59231 for channel [id: 0x18312079, L:/127.0.0.1:61755 - R:localhost/127.0.0.1:59231]
22:26:38.872 [Forwarding getElementAttribute on session 679d8d7c2ba7f97bee76993f646bc7dc to remote] DEBUG org.asynchttpclient.netty.request.NettyRequestSender - Using pooled Channel '[id: 0x18312079, L:/127.0.0.1:61755 - R:localhost/127.0.0.1:59231]' for 'POST' to 'http://localhost:59231/session/679d8d7c2ba7f97bee76993f646bc7dc/execute/sync'
22:26:38.872 [Forwarding getElementAttribute on session 679d8d7c2ba7f97bee76993f646bc7dc to remote] DEBUG org.asynchttpclient.netty.request.NettyRequestSender - Using open Channel [id: 0x18312079, L:/127.0.0.1:61755 - R:localhost/127.0.0.1:59231] for POST '/session/679d8d7c2ba7f97bee76993f646bc7dc/execute/sync'
22:26:38.890 [AsyncHttpClient-1-6] DEBUG org.asynchttpclient.netty.handler.HttpHandler - 

Request DefaultHttpRequest(decodeResult: success, version: HTTP/1.1)
POST /session/679d8d7c2ba7f97bee76993f646bc7dc/execute/sync HTTP/1.1
User-Agent: selenium/4.1.2 (java windows)
Content-Length: 47339
Content-Type: application/json; charset=utf-8
host: localhost:59231
accept: */*

Response DefaultHttpResponse(decodeResult: success, version: HTTP/1.1)
HTTP/1.1 200 OK
Content-Type: application/json; charset=utf-8
cache-control: no-cache
content-length: 73

22:26:38.891 [AsyncHttpClient-1-6] DEBUG org.asynchttpclient.netty.channel.ChannelManager - Adding key: http://localhost:59231 for channel [id: 0x18312079, L:/127.0.0.1:61755 - R:localhost/127.0.0.1:59231]
22:26:38.894 [Forwarding getElementAttribute on session 679d8d7c2ba7f97bee76993f646bc7dc to remote] DEBUG org.asynchttpclient.netty.request.NettyRequestSender - Using pooled Channel '[id: 0x18312079, L:/127.0.0.1:61755 - R:localhost/127.0.0.1:59231]' for 'POST' to 'http://localhost:59231/session/679d8d7c2ba7f97bee76993f646bc7dc/execute/sync'
22:26:38.895 [Forwarding getElementAttribute on session 679d8d7c2ba7f97bee76993f646bc7dc to remote] DEBUG org.asynchttpclient.netty.request.NettyRequestSender - Using open Channel [id: 0x18312079, L:/127.0.0.1:61755 - R:localhost/127.0.0.1:59231] for POST '/session/679d8d7c2ba7f97bee76993f646bc7dc/execute/sync'
22:26:38.906 [AsyncHttpClient-1-6] DEBUG org.asynchttpclient.netty.handler.HttpHandler - 

Request DefaultHttpRequest(decodeResult: success, version: HTTP/1.1)
POST /session/679d8d7c2ba7f97bee76993f646bc7dc/execute/sync HTTP/1.1
User-Agent: selenium/4.1.2 (java windows)
Content-Length: 47339
Content-Type: application/json; charset=utf-8
host: localhost:59231
accept: */*

Response DefaultHttpResponse(decodeResult: success, version: HTTP/1.1)
HTTP/1.1 200 OK
Content-Type: application/json; charset=utf-8
cache-control: no-cache
content-length: 89

22:26:38.906 [AsyncHttpClient-1-6] DEBUG org.asynchttpclient.netty.channel.ChannelManager - Adding key: http://localhost:59231 for channel [id: 0x18312079, L:/127.0.0.1:61755 - R:localhost/127.0.0.1:59231]
22:26:38.910 [Forwarding getElementAttribute on session 679d8d7c2ba7f97bee76993f646bc7dc to remote] DEBUG org.asynchttpclient.netty.request.NettyRequestSender - Using pooled Channel '[id: 0x18312079, L:/127.0.0.1:61755 - R:localhost/127.0.0.1:59231]' for 'POST' to 'http://localhost:59231/session/679d8d7c2ba7f97bee76993f646bc7dc/execute/sync'
22:26:38.910 [Forwarding getElementAttribute on session 679d8d7c2ba7f97bee76993f646bc7dc to remote] DEBUG org.asynchttpclient.netty.request.NettyRequestSender - Using open Channel [id: 0x18312079, L:/127.0.0.1:61755 - R:localhost/127.0.0.1:59231] for POST '/session/679d8d7c2ba7f97bee76993f646bc7dc/execute/sync'
22:26:38.926 [AsyncHttpClient-1-6] DEBUG org.asynchttpclient.netty.handler.HttpHandler - 

Request DefaultHttpRequest(decodeResult: success, version: HTTP/1.1)
POST /session/679d8d7c2ba7f97bee76993f646bc7dc/execute/sync HTTP/1.1
User-Agent: selenium/4.1.2 (java windows)
Content-Length: 47339
Content-Type: application/json; charset=utf-8
host: localhost:59231
accept: */*

Response DefaultHttpResponse(decodeResult: success, version: HTTP/1.1)
HTTP/1.1 200 OK
Content-Type: application/json; charset=utf-8
cache-control: no-cache
content-length: 87

22:26:38.926 [AsyncHttpClient-1-6] DEBUG org.asynchttpclient.netty.channel.ChannelManager - Adding key: http://localhost:59231 for channel [id: 0x18312079, L:/127.0.0.1:61755 - R:localhost/127.0.0.1:59231]
22:26:38.931 [Forwarding getElementAttribute on session 679d8d7c2ba7f97bee76993f646bc7dc to remote] DEBUG org.asynchttpclient.netty.request.NettyRequestSender - Using pooled Channel '[id: 0x18312079, L:/127.0.0.1:61755 - R:localhost/127.0.0.1:59231]' for 'POST' to 'http://localhost:59231/session/679d8d7c2ba7f97bee76993f646bc7dc/execute/sync'
22:26:38.931 [Forwarding getElementAttribute on session 679d8d7c2ba7f97bee76993f646bc7dc to remote] DEBUG org.asynchttpclient.netty.request.NettyRequestSender - Using open Channel [id: 0x18312079, L:/127.0.0.1:61755 - R:localhost/127.0.0.1:59231] for POST '/session/679d8d7c2ba7f97bee76993f646bc7dc/execute/sync'
22:26:38.935 [AsyncHttpClient-1-6] DEBUG org.asynchttpclient.netty.handler.HttpHandler - 

Request DefaultHttpRequest(decodeResult: success, version: HTTP/1.1)
POST /session/679d8d7c2ba7f97bee76993f646bc7dc/execute/sync HTTP/1.1
User-Agent: selenium/4.1.2 (java windows)
Content-Length: 47339
Content-Type: application/json; charset=utf-8
host: localhost:59231
accept: */*

Response DefaultHttpResponse(decodeResult: success, version: HTTP/1.1)
HTTP/1.1 200 OK
Content-Type: application/json; charset=utf-8
cache-control: no-cache
content-length: 87

22:26:38.935 [AsyncHttpClient-1-6] DEBUG org.asynchttpclient.netty.channel.ChannelManager - Adding key: http://localhost:59231 for channel [id: 0x18312079, L:/127.0.0.1:61755 - R:localhost/127.0.0.1:59231]
22:26:38.945 [Forwarding getElementAttribute on session 679d8d7c2ba7f97bee76993f646bc7dc to remote] DEBUG org.asynchttpclient.netty.request.NettyRequestSender - Using pooled Channel '[id: 0x18312079, L:/127.0.0.1:61755 - R:localhost/127.0.0.1:59231]' for 'POST' to 'http://localhost:59231/session/679d8d7c2ba7f97bee76993f646bc7dc/execute/sync'
22:26:38.945 [Forwarding getElementAttribute on session 679d8d7c2ba7f97bee76993f646bc7dc to remote] DEBUG org.asynchttpclient.netty.request.NettyRequestSender - Using open Channel [id: 0x18312079, L:/127.0.0.1:61755 - R:localhost/127.0.0.1:59231] for POST '/session/679d8d7c2ba7f97bee76993f646bc7dc/execute/sync'
22:26:38.958 [AsyncHttpClient-1-6] DEBUG org.asynchttpclient.netty.handler.HttpHandler - 

Request DefaultHttpRequest(decodeResult: success, version: HTTP/1.1)
POST /session/679d8d7c2ba7f97bee76993f646bc7dc/execute/sync HTTP/1.1
User-Agent: selenium/4.1.2 (java windows)
Content-Length: 47339
Content-Type: application/json; charset=utf-8
host: localhost:59231
accept: */*

Response DefaultHttpResponse(decodeResult: success, version: HTTP/1.1)
HTTP/1.1 200 OK
Content-Type: application/json; charset=utf-8
cache-control: no-cache
content-length: 108

22:26:38.958 [AsyncHttpClient-1-6] DEBUG org.asynchttpclient.netty.channel.ChannelManager - Adding key: http://localhost:59231 for channel [id: 0x18312079, L:/127.0.0.1:61755 - R:localhost/127.0.0.1:59231]
22:26:38.961 [Forwarding getElementAttribute on session 679d8d7c2ba7f97bee76993f646bc7dc to remote] DEBUG org.asynchttpclient.netty.request.NettyRequestSender - Using pooled Channel '[id: 0x18312079, L:/127.0.0.1:61755 - R:localhost/127.0.0.1:59231]' for 'POST' to 'http://localhost:59231/session/679d8d7c2ba7f97bee76993f646bc7dc/execute/sync'
22:26:38.962 [Forwarding getElementAttribute on session 679d8d7c2ba7f97bee76993f646bc7dc to remote] DEBUG org.asynchttpclient.netty.request.NettyRequestSender - Using open Channel [id: 0x18312079, L:/127.0.0.1:61755 - R:localhost/127.0.0.1:59231] for POST '/session/679d8d7c2ba7f97bee76993f646bc7dc/execute/sync'
22:26:38.975 [AsyncHttpClient-1-6] DEBUG org.asynchttpclient.netty.handler.HttpHandler - 

Request DefaultHttpRequest(decodeResult: success, version: HTTP/1.1)
POST /session/679d8d7c2ba7f97bee76993f646bc7dc/execute/sync HTTP/1.1
User-Agent: selenium/4.1.2 (java windows)
Content-Length: 47339
Content-Type: application/json; charset=utf-8
host: localhost:59231
accept: */*

Response DefaultHttpResponse(decodeResult: success, version: HTTP/1.1)
HTTP/1.1 200 OK
Content-Type: application/json; charset=utf-8
cache-control: no-cache
content-length: 95

22:26:38.975 [AsyncHttpClient-1-6] DEBUG org.asynchttpclient.netty.channel.ChannelManager - Adding key: http://localhost:59231 for channel [id: 0x18312079, L:/127.0.0.1:61755 - R:localhost/127.0.0.1:59231]
22:26:38.979 [Forwarding getElementAttribute on session 679d8d7c2ba7f97bee76993f646bc7dc to remote] DEBUG org.asynchttpclient.netty.request.NettyRequestSender - Using pooled Channel '[id: 0x18312079, L:/127.0.0.1:61755 - R:localhost/127.0.0.1:59231]' for 'POST' to 'http://localhost:59231/session/679d8d7c2ba7f97bee76993f646bc7dc/execute/sync'
22:26:38.979 [Forwarding getElementAttribute on session 679d8d7c2ba7f97bee76993f646bc7dc to remote] DEBUG org.asynchttpclient.netty.request.NettyRequestSender - Using open Channel [id: 0x18312079, L:/127.0.0.1:61755 - R:localhost/127.0.0.1:59231] for POST '/session/679d8d7c2ba7f97bee76993f646bc7dc/execute/sync'
22:26:38.981 [AsyncHttpClient-1-1] DEBUG org.asynchttpclient.netty.channel.DefaultChannelPool - Entry count for : http://localhost:61756 : 1
22:26:38.990 [AsyncHttpClient-1-6] DEBUG org.asynchttpclient.netty.handler.HttpHandler - 

Request DefaultHttpRequest(decodeResult: success, version: HTTP/1.1)
POST /session/679d8d7c2ba7f97bee76993f646bc7dc/execute/sync HTTP/1.1
User-Agent: selenium/4.1.2 (java windows)
Content-Length: 47339
Content-Type: application/json; charset=utf-8
host: localhost:59231
accept: */*

Response DefaultHttpResponse(decodeResult: success, version: HTTP/1.1)
HTTP/1.1 200 OK
Content-Type: application/json; charset=utf-8
cache-control: no-cache
content-length: 117

22:26:38.990 [AsyncHttpClient-1-6] DEBUG org.asynchttpclient.netty.channel.ChannelManager - Adding key: http://localhost:59231 for channel [id: 0x18312079, L:/127.0.0.1:61755 - R:localhost/127.0.0.1:59231]
22:26:38.994 [Forwarding getElementAttribute on session 679d8d7c2ba7f97bee76993f646bc7dc to remote] DEBUG org.asynchttpclient.netty.request.NettyRequestSender - Using pooled Channel '[id: 0x18312079, L:/127.0.0.1:61755 - R:localhost/127.0.0.1:59231]' for 'POST' to 'http://localhost:59231/session/679d8d7c2ba7f97bee76993f646bc7dc/execute/sync'
22:26:38.994 [Forwarding getElementAttribute on session 679d8d7c2ba7f97bee76993f646bc7dc to remote] DEBUG org.asynchttpclient.netty.request.NettyRequestSender - Using open Channel [id: 0x18312079, L:/127.0.0.1:61755 - R:localhost/127.0.0.1:59231] for POST '/session/679d8d7c2ba7f97bee76993f646bc7dc/execute/sync'
22:26:39.004 [AsyncHttpClient-1-6] DEBUG org.asynchttpclient.netty.handler.HttpHandler - 

Request DefaultHttpRequest(decodeResult: success, version: HTTP/1.1)
POST /session/679d8d7c2ba7f97bee76993f646bc7dc/execute/sync HTTP/1.1
User-Agent: selenium/4.1.2 (java windows)
Content-Length: 47339
Content-Type: application/json; charset=utf-8
host: localhost:59231
accept: */*

Response DefaultHttpResponse(decodeResult: success, version: HTTP/1.1)
HTTP/1.1 200 OK
Content-Type: application/json; charset=utf-8
cache-control: no-cache
content-length: 73

22:26:39.004 [AsyncHttpClient-1-6] DEBUG org.asynchttpclient.netty.channel.ChannelManager - Adding key: http://localhost:59231 for channel [id: 0x18312079, L:/127.0.0.1:61755 - R:localhost/127.0.0.1:59231]
22:26:39.009 [Forwarding getElementAttribute on session 679d8d7c2ba7f97bee76993f646bc7dc to remote] DEBUG org.asynchttpclient.netty.request.NettyRequestSender - Using pooled Channel '[id: 0x18312079, L:/127.0.0.1:61755 - R:localhost/127.0.0.1:59231]' for 'POST' to 'http://localhost:59231/session/679d8d7c2ba7f97bee76993f646bc7dc/execute/sync'
22:26:39.009 [Forwarding getElementAttribute on session 679d8d7c2ba7f97bee76993f646bc7dc to remote] DEBUG org.asynchttpclient.netty.request.NettyRequestSender - Using open Channel [id: 0x18312079, L:/127.0.0.1:61755 - R:localhost/127.0.0.1:59231] for POST '/session/679d8d7c2ba7f97bee76993f646bc7dc/execute/sync'
22:26:39.020 [AsyncHttpClient-1-6] DEBUG org.asynchttpclient.netty.handler.HttpHandler - 

Request DefaultHttpRequest(decodeResult: success, version: HTTP/1.1)
POST /session/679d8d7c2ba7f97bee76993f646bc7dc/execute/sync HTTP/1.1
User-Agent: selenium/4.1.2 (java windows)
Content-Length: 47339
Content-Type: application/json; charset=utf-8
host: localhost:59231
accept: */*

Response DefaultHttpResponse(decodeResult: success, version: HTTP/1.1)
HTTP/1.1 200 OK
Content-Type: application/json; charset=utf-8
cache-control: no-cache
content-length: 104

22:26:39.020 [AsyncHttpClient-1-6] DEBUG org.asynchttpclient.netty.channel.ChannelManager - Adding key: http://localhost:59231 for channel [id: 0x18312079, L:/127.0.0.1:61755 - R:localhost/127.0.0.1:59231]
22:26:39.030 [Forwarding getElementAttribute on session 679d8d7c2ba7f97bee76993f646bc7dc to remote] DEBUG org.asynchttpclient.netty.request.NettyRequestSender - Using pooled Channel '[id: 0x18312079, L:/127.0.0.1:61755 - R:localhost/127.0.0.1:59231]' for 'POST' to 'http://localhost:59231/session/679d8d7c2ba7f97bee76993f646bc7dc/execute/sync'
22:26:39.030 [Forwarding getElementAttribute on session 679d8d7c2ba7f97bee76993f646bc7dc to remote] DEBUG org.asynchttpclient.netty.request.NettyRequestSender - Using open Channel [id: 0x18312079, L:/127.0.0.1:61755 - R:localhost/127.0.0.1:59231] for POST '/session/679d8d7c2ba7f97bee76993f646bc7dc/execute/sync'
22:26:39.044 [AsyncHttpClient-1-6] DEBUG org.asynchttpclient.netty.handler.HttpHandler - 

Request DefaultHttpRequest(decodeResult: success, version: HTTP/1.1)
POST /session/679d8d7c2ba7f97bee76993f646bc7dc/execute/sync HTTP/1.1
User-Agent: selenium/4.1.2 (java windows)
Content-Length: 47339
Content-Type: application/json; charset=utf-8
host: localhost:59231
accept: */*

Response DefaultHttpResponse(decodeResult: success, version: HTTP/1.1)
HTTP/1.1 200 OK
Content-Type: application/json; charset=utf-8
cache-control: no-cache
content-length: 80

22:26:39.044 [AsyncHttpClient-1-6] DEBUG org.asynchttpclient.netty.channel.ChannelManager - Adding key: http://localhost:59231 for channel [id: 0x18312079, L:/127.0.0.1:61755 - R:localhost/127.0.0.1:59231]
22:26:39.048 [Forwarding getElementAttribute on session 679d8d7c2ba7f97bee76993f646bc7dc to remote] DEBUG org.asynchttpclient.netty.request.NettyRequestSender - Using pooled Channel '[id: 0x18312079, L:/127.0.0.1:61755 - R:localhost/127.0.0.1:59231]' for 'POST' to 'http://localhost:59231/session/679d8d7c2ba7f97bee76993f646bc7dc/execute/sync'
22:26:39.048 [Forwarding getElementAttribute on session 679d8d7c2ba7f97bee76993f646bc7dc to remote] DEBUG org.asynchttpclient.netty.request.NettyRequestSender - Using open Channel [id: 0x18312079, L:/127.0.0.1:61755 - R:localhost/127.0.0.1:59231] for POST '/session/679d8d7c2ba7f97bee76993f646bc7dc/execute/sync'
22:26:39.059 [AsyncHttpClient-1-6] DEBUG org.asynchttpclient.netty.handler.HttpHandler - 

Request DefaultHttpRequest(decodeResult: success, version: HTTP/1.1)
POST /session/679d8d7c2ba7f97bee76993f646bc7dc/execute/sync HTTP/1.1
User-Agent: selenium/4.1.2 (java windows)
Content-Length: 47339
Content-Type: application/json; charset=utf-8
host: localhost:59231
accept: */*

Response DefaultHttpResponse(decodeResult: success, version: HTTP/1.1)
HTTP/1.1 200 OK
Content-Type: application/json; charset=utf-8
cache-control: no-cache
content-length: 92

22:26:39.059 [AsyncHttpClient-1-6] DEBUG org.asynchttpclient.netty.channel.ChannelManager - Adding key: http://localhost:59231 for channel [id: 0x18312079, L:/127.0.0.1:61755 - R:localhost/127.0.0.1:59231]
22:26:39.062 [Forwarding getElementAttribute on session 679d8d7c2ba7f97bee76993f646bc7dc to remote] DEBUG org.asynchttpclient.netty.request.NettyRequestSender - Using pooled Channel '[id: 0x18312079, L:/127.0.0.1:61755 - R:localhost/127.0.0.1:59231]' for 'POST' to 'http://localhost:59231/session/679d8d7c2ba7f97bee76993f646bc7dc/execute/sync'
22:26:39.063 [Forwarding getElementAttribute on session 679d8d7c2ba7f97bee76993f646bc7dc to remote] DEBUG org.asynchttpclient.netty.request.NettyRequestSender - Using open Channel [id: 0x18312079, L:/127.0.0.1:61755 - R:localhost/127.0.0.1:59231] for POST '/session/679d8d7c2ba7f97bee76993f646bc7dc/execute/sync'
22:26:39.073 [AsyncHttpClient-1-6] DEBUG org.asynchttpclient.netty.handler.HttpHandler - 

Request DefaultHttpRequest(decodeResult: success, version: HTTP/1.1)
POST /session/679d8d7c2ba7f97bee76993f646bc7dc/execute/sync HTTP/1.1
User-Agent: selenium/4.1.2 (java windows)
Content-Length: 47339
Content-Type: application/json; charset=utf-8
host: localhost:59231
accept: */*

Response DefaultHttpResponse(decodeResult: success, version: HTTP/1.1)
HTTP/1.1 200 OK
Content-Type: application/json; charset=utf-8
cache-control: no-cache
content-length: 83

22:26:39.073 [AsyncHttpClient-1-6] DEBUG org.asynchttpclient.netty.channel.ChannelManager - Adding key: http://localhost:59231 for channel [id: 0x18312079, L:/127.0.0.1:61755 - R:localhost/127.0.0.1:59231]
22:26:39.078 [Forwarding getElementAttribute on session 679d8d7c2ba7f97bee76993f646bc7dc to remote] DEBUG org.asynchttpclient.netty.request.NettyRequestSender - Using pooled Channel '[id: 0x18312079, L:/127.0.0.1:61755 - R:localhost/127.0.0.1:59231]' for 'POST' to 'http://localhost:59231/session/679d8d7c2ba7f97bee76993f646bc7dc/execute/sync'
22:26:39.078 [Forwarding getElementAttribute on session 679d8d7c2ba7f97bee76993f646bc7dc to remote] DEBUG org.asynchttpclient.netty.request.NettyRequestSender - Using open Channel [id: 0x18312079, L:/127.0.0.1:61755 - R:localhost/127.0.0.1:59231] for POST '/session/679d8d7c2ba7f97bee76993f646bc7dc/execute/sync'
22:26:39.088 [AsyncHttpClient-1-6] DEBUG org.asynchttpclient.netty.handler.HttpHandler - 

Request DefaultHttpRequest(decodeResult: success, version: HTTP/1.1)
POST /session/679d8d7c2ba7f97bee76993f646bc7dc/execute/sync HTTP/1.1
User-Agent: selenium/4.1.2 (java windows)
Content-Length: 47339
Content-Type: application/json; charset=utf-8
host: localhost:59231
accept: */*

Response DefaultHttpResponse(decodeResult: success, version: HTTP/1.1)
HTTP/1.1 200 OK
Content-Type: application/json; charset=utf-8
cache-control: no-cache
content-length: 95

22:26:39.088 [AsyncHttpClient-1-6] DEBUG org.asynchttpclient.netty.channel.ChannelManager - Adding key: http://localhost:59231 for channel [id: 0x18312079, L:/127.0.0.1:61755 - R:localhost/127.0.0.1:59231]
22:26:39.092 [Forwarding getElementAttribute on session 679d8d7c2ba7f97bee76993f646bc7dc to remote] DEBUG org.asynchttpclient.netty.request.NettyRequestSender - Using pooled Channel '[id: 0x18312079, L:/127.0.0.1:61755 - R:localhost/127.0.0.1:59231]' for 'POST' to 'http://localhost:59231/session/679d8d7c2ba7f97bee76993f646bc7dc/execute/sync'
22:26:39.092 [Forwarding getElementAttribute on session 679d8d7c2ba7f97bee76993f646bc7dc to remote] DEBUG org.asynchttpclient.netty.request.NettyRequestSender - Using open Channel [id: 0x18312079, L:/127.0.0.1:61755 - R:localhost/127.0.0.1:59231] for POST '/session/679d8d7c2ba7f97bee76993f646bc7dc/execute/sync'
22:26:39.107 [AsyncHttpClient-1-6] DEBUG org.asynchttpclient.netty.handler.HttpHandler - 

Request DefaultHttpRequest(decodeResult: success, version: HTTP/1.1)
POST /session/679d8d7c2ba7f97bee76993f646bc7dc/execute/sync HTTP/1.1
User-Agent: selenium/4.1.2 (java windows)
Content-Length: 47339
Content-Type: application/json; charset=utf-8
host: localhost:59231
accept: */*

Response DefaultHttpResponse(decodeResult: success, version: HTTP/1.1)
HTTP/1.1 200 OK
Content-Type: application/json; charset=utf-8
cache-control: no-cache
content-length: 103

22:26:39.107 [AsyncHttpClient-1-6] DEBUG org.asynchttpclient.netty.channel.ChannelManager - Adding key: http://localhost:59231 for channel [id: 0x18312079, L:/127.0.0.1:61755 - R:localhost/127.0.0.1:59231]
22:26:39.110 [Forwarding getElementAttribute on session 679d8d7c2ba7f97bee76993f646bc7dc to remote] DEBUG org.asynchttpclient.netty.request.NettyRequestSender - Using pooled Channel '[id: 0x18312079, L:/127.0.0.1:61755 - R:localhost/127.0.0.1:59231]' for 'POST' to 'http://localhost:59231/session/679d8d7c2ba7f97bee76993f646bc7dc/execute/sync'
22:26:39.111 [Forwarding getElementAttribute on session 679d8d7c2ba7f97bee76993f646bc7dc to remote] DEBUG org.asynchttpclient.netty.request.NettyRequestSender - Using open Channel [id: 0x18312079, L:/127.0.0.1:61755 - R:localhost/127.0.0.1:59231] for POST '/session/679d8d7c2ba7f97bee76993f646bc7dc/execute/sync'
22:26:39.125 [AsyncHttpClient-1-6] DEBUG org.asynchttpclient.netty.handler.HttpHandler - 

Request DefaultHttpRequest(decodeResult: success, version: HTTP/1.1)
POST /session/679d8d7c2ba7f97bee76993f646bc7dc/execute/sync HTTP/1.1
User-Agent: selenium/4.1.2 (java windows)
Content-Length: 47339
Content-Type: application/json; charset=utf-8
host: localhost:59231
accept: */*

Response DefaultHttpResponse(decodeResult: success, version: HTTP/1.1)
HTTP/1.1 200 OK
Content-Type: application/json; charset=utf-8
cache-control: no-cache
content-length: 97

22:26:39.131 [AsyncHttpClient-1-6] DEBUG org.asynchttpclient.netty.channel.ChannelManager - Adding key: http://localhost:59231 for channel [id: 0x18312079, L:/127.0.0.1:61755 - R:localhost/127.0.0.1:59231]
22:26:39.135 [Forwarding getElementAttribute on session 679d8d7c2ba7f97bee76993f646bc7dc to remote] DEBUG org.asynchttpclient.netty.request.NettyRequestSender - Using pooled Channel '[id: 0x18312079, L:/127.0.0.1:61755 - R:localhost/127.0.0.1:59231]' for 'POST' to 'http://localhost:59231/session/679d8d7c2ba7f97bee76993f646bc7dc/execute/sync'
22:26:39.136 [Forwarding getElementAttribute on session 679d8d7c2ba7f97bee76993f646bc7dc to remote] DEBUG org.asynchttpclient.netty.request.NettyRequestSender - Using open Channel [id: 0x18312079, L:/127.0.0.1:61755 - R:localhost/127.0.0.1:59231] for POST '/session/679d8d7c2ba7f97bee76993f646bc7dc/execute/sync'
22:26:39.153 [AsyncHttpClient-1-6] DEBUG org.asynchttpclient.netty.handler.HttpHandler - 

Request DefaultHttpRequest(decodeResult: success, version: HTTP/1.1)
POST /session/679d8d7c2ba7f97bee76993f646bc7dc/execute/sync HTTP/1.1
User-Agent: selenium/4.1.2 (java windows)
Content-Length: 47339
Content-Type: application/json; charset=utf-8
host: localhost:59231
accept: */*

Response DefaultHttpResponse(decodeResult: success, version: HTTP/1.1)
HTTP/1.1 200 OK
Content-Type: application/json; charset=utf-8
cache-control: no-cache
content-length: 72

22:26:39.153 [AsyncHttpClient-1-6] DEBUG org.asynchttpclient.netty.channel.ChannelManager - Adding key: http://localhost:59231 for channel [id: 0x18312079, L:/127.0.0.1:61755 - R:localhost/127.0.0.1:59231]
22:26:39.156 [Forwarding getElementAttribute on session 679d8d7c2ba7f97bee76993f646bc7dc to remote] DEBUG org.asynchttpclient.netty.request.NettyRequestSender - Using pooled Channel '[id: 0x18312079, L:/127.0.0.1:61755 - R:localhost/127.0.0.1:59231]' for 'POST' to 'http://localhost:59231/session/679d8d7c2ba7f97bee76993f646bc7dc/execute/sync'
22:26:39.157 [Forwarding getElementAttribute on session 679d8d7c2ba7f97bee76993f646bc7dc to remote] DEBUG org.asynchttpclient.netty.request.NettyRequestSender - Using open Channel [id: 0x18312079, L:/127.0.0.1:61755 - R:localhost/127.0.0.1:59231] for POST '/session/679d8d7c2ba7f97bee76993f646bc7dc/execute/sync'
22:26:39.186 [AsyncHttpClient-1-6] DEBUG org.asynchttpclient.netty.handler.HttpHandler - 

Request DefaultHttpRequest(decodeResult: success, version: HTTP/1.1)
POST /session/679d8d7c2ba7f97bee76993f646bc7dc/execute/sync HTTP/1.1
User-Agent: selenium/4.1.2 (java windows)
Content-Length: 47339
Content-Type: application/json; charset=utf-8
host: localhost:59231
accept: */*

Response DefaultHttpResponse(decodeResult: success, version: HTTP/1.1)
HTTP/1.1 200 OK
Content-Type: application/json; charset=utf-8
cache-control: no-cache
content-length: 87

22:26:39.187 [AsyncHttpClient-1-6] DEBUG org.asynchttpclient.netty.channel.ChannelManager - Adding key: http://localhost:59231 for channel [id: 0x18312079, L:/127.0.0.1:61755 - R:localhost/127.0.0.1:59231]
22:26:39.228 [Forwarding findElements on session 679d8d7c2ba7f97bee76993f646bc7dc to remote] DEBUG org.asynchttpclient.netty.request.NettyRequestSender - Using pooled Channel '[id: 0x18312079, L:/127.0.0.1:61755 - R:localhost/127.0.0.1:59231]' for 'POST' to 'http://localhost:59231/session/679d8d7c2ba7f97bee76993f646bc7dc/elements'
22:26:39.238 [Forwarding findElements on session 679d8d7c2ba7f97bee76993f646bc7dc to remote] DEBUG org.asynchttpclient.netty.request.NettyRequestSender - Using open Channel [id: 0x18312079, L:/127.0.0.1:61755 - R:localhost/127.0.0.1:59231] for POST '/session/679d8d7c2ba7f97bee76993f646bc7dc/elements'
22:26:39.257 [AsyncHttpClient-1-6] DEBUG org.asynchttpclient.netty.handler.HttpHandler - 

Request DefaultHttpRequest(decodeResult: success, version: HTTP/1.1)
POST /session/679d8d7c2ba7f97bee76993f646bc7dc/elements HTTP/1.1
User-Agent: selenium/4.1.2 (java windows)
Content-Length: 84
Content-Type: application/json; charset=utf-8
host: localhost:59231
accept: */*

Response DefaultHttpResponse(decodeResult: success, version: HTTP/1.1)
HTTP/1.1 200 OK
Content-Type: application/json; charset=utf-8
cache-control: no-cache
content-length: 1354

22:26:39.257 [AsyncHttpClient-1-6] DEBUG org.asynchttpclient.netty.channel.ChannelManager - Adding key: http://localhost:59231 for channel [id: 0x18312079, L:/127.0.0.1:61755 - R:localhost/127.0.0.1:59231]
22:26:39.259 [Forwarding findElement on session 679d8d7c2ba7f97bee76993f646bc7dc to remote] DEBUG org.asynchttpclient.netty.request.NettyRequestSender - Using pooled Channel '[id: 0x18312079, L:/127.0.0.1:61755 - R:localhost/127.0.0.1:59231]' for 'POST' to 'http://localhost:59231/session/679d8d7c2ba7f97bee76993f646bc7dc/element'
22:26:39.259 [Forwarding findElement on session 679d8d7c2ba7f97bee76993f646bc7dc to remote] DEBUG org.asynchttpclient.netty.request.NettyRequestSender - Using open Channel [id: 0x18312079, L:/127.0.0.1:61755 - R:localhost/127.0.0.1:59231] for POST '/session/679d8d7c2ba7f97bee76993f646bc7dc/element'
22:26:39.270 [AsyncHttpClient-1-6] DEBUG org.asynchttpclient.netty.handler.HttpHandler - 

Request DefaultHttpRequest(decodeResult: success, version: HTTP/1.1)
POST /session/679d8d7c2ba7f97bee76993f646bc7dc/element HTTP/1.1
User-Agent: selenium/4.1.2 (java windows)
Content-Length: 74
Content-Type: application/json; charset=utf-8
host: localhost:59231
accept: */*

Response DefaultHttpResponse(decodeResult: success, version: HTTP/1.1)
HTTP/1.1 200 OK
Content-Type: application/json; charset=utf-8
cache-control: no-cache
content-length: 88

22:26:39.270 [AsyncHttpClient-1-6] DEBUG org.asynchttpclient.netty.channel.ChannelManager - Adding key: http://localhost:59231 for channel [id: 0x18312079, L:/127.0.0.1:61755 - R:localhost/127.0.0.1:59231]
22:26:39.274 [Forwarding getElementAttribute on session 679d8d7c2ba7f97bee76993f646bc7dc to remote] DEBUG org.asynchttpclient.netty.request.NettyRequestSender - Using pooled Channel '[id: 0x18312079, L:/127.0.0.1:61755 - R:localhost/127.0.0.1:59231]' for 'POST' to 'http://localhost:59231/session/679d8d7c2ba7f97bee76993f646bc7dc/execute/sync'
22:26:39.274 [Forwarding getElementAttribute on session 679d8d7c2ba7f97bee76993f646bc7dc to remote] DEBUG org.asynchttpclient.netty.request.NettyRequestSender - Using open Channel [id: 0x18312079, L:/127.0.0.1:61755 - R:localhost/127.0.0.1:59231] for POST '/session/679d8d7c2ba7f97bee76993f646bc7dc/execute/sync'
22:26:39.287 [AsyncHttpClient-1-6] DEBUG org.asynchttpclient.netty.handler.HttpHandler - 

Request DefaultHttpRequest(decodeResult: success, version: HTTP/1.1)
POST /session/679d8d7c2ba7f97bee76993f646bc7dc/execute/sync HTTP/1.1
User-Agent: selenium/4.1.2 (java windows)
Content-Length: 47339
Content-Type: application/json; charset=utf-8
host: localhost:59231
accept: */*

Response DefaultHttpResponse(decodeResult: success, version: HTTP/1.1)
HTTP/1.1 200 OK
Content-Type: application/json; charset=utf-8
cache-control: no-cache
content-length: 80

22:26:39.287 [AsyncHttpClient-1-6] DEBUG org.asynchttpclient.netty.channel.ChannelManager - Adding key: http://localhost:59231 for channel [id: 0x18312079, L:/127.0.0.1:61755 - R:localhost/127.0.0.1:59231]
22:26:39.292 [Forwarding getElementAttribute on session 679d8d7c2ba7f97bee76993f646bc7dc to remote] DEBUG org.asynchttpclient.netty.request.NettyRequestSender - Using pooled Channel '[id: 0x18312079, L:/127.0.0.1:61755 - R:localhost/127.0.0.1:59231]' for 'POST' to 'http://localhost:59231/session/679d8d7c2ba7f97bee76993f646bc7dc/execute/sync'
22:26:39.292 [Forwarding getElementAttribute on session 679d8d7c2ba7f97bee76993f646bc7dc to remote] DEBUG org.asynchttpclient.netty.request.NettyRequestSender - Using open Channel [id: 0x18312079, L:/127.0.0.1:61755 - R:localhost/127.0.0.1:59231] for POST '/session/679d8d7c2ba7f97bee76993f646bc7dc/execute/sync'
22:26:39.303 [AsyncHttpClient-1-6] DEBUG org.asynchttpclient.netty.handler.HttpHandler - 

Request DefaultHttpRequest(decodeResult: success, version: HTTP/1.1)
POST /session/679d8d7c2ba7f97bee76993f646bc7dc/execute/sync HTTP/1.1
User-Agent: selenium/4.1.2 (java windows)
Content-Length: 47339
Content-Type: application/json; charset=utf-8
host: localhost:59231
accept: */*

Response DefaultHttpResponse(decodeResult: success, version: HTTP/1.1)
HTTP/1.1 200 OK
Content-Type: application/json; charset=utf-8
cache-control: no-cache
content-length: 73

22:26:39.303 [AsyncHttpClient-1-6] DEBUG org.asynchttpclient.netty.channel.ChannelManager - Adding key: http://localhost:59231 for channel [id: 0x18312079, L:/127.0.0.1:61755 - R:localhost/127.0.0.1:59231]
22:26:39.307 [Forwarding getElementAttribute on session 679d8d7c2ba7f97bee76993f646bc7dc to remote] DEBUG org.asynchttpclient.netty.request.NettyRequestSender - Using pooled Channel '[id: 0x18312079, L:/127.0.0.1:61755 - R:localhost/127.0.0.1:59231]' for 'POST' to 'http://localhost:59231/session/679d8d7c2ba7f97bee76993f646bc7dc/execute/sync'
22:26:39.307 [Forwarding getElementAttribute on session 679d8d7c2ba7f97bee76993f646bc7dc to remote] DEBUG org.asynchttpclient.netty.request.NettyRequestSender - Using open Channel [id: 0x18312079, L:/127.0.0.1:61755 - R:localhost/127.0.0.1:59231] for POST '/session/679d8d7c2ba7f97bee76993f646bc7dc/execute/sync'
22:26:39.325 [AsyncHttpClient-1-6] DEBUG org.asynchttpclient.netty.handler.HttpHandler - 

Request DefaultHttpRequest(decodeResult: success, version: HTTP/1.1)
POST /session/679d8d7c2ba7f97bee76993f646bc7dc/execute/sync HTTP/1.1
User-Agent: selenium/4.1.2 (java windows)
Content-Length: 47339
Content-Type: application/json; charset=utf-8
host: localhost:59231
accept: */*

Response DefaultHttpResponse(decodeResult: success, version: HTTP/1.1)
HTTP/1.1 200 OK
Content-Type: application/json; charset=utf-8
cache-control: no-cache
content-length: 89

22:26:39.325 [AsyncHttpClient-1-6] DEBUG org.asynchttpclient.netty.channel.ChannelManager - Adding key: http://localhost:59231 for channel [id: 0x18312079, L:/127.0.0.1:61755 - R:localhost/127.0.0.1:59231]
22:26:39.330 [Forwarding getElementAttribute on session 679d8d7c2ba7f97bee76993f646bc7dc to remote] DEBUG org.asynchttpclient.netty.request.NettyRequestSender - Using pooled Channel '[id: 0x18312079, L:/127.0.0.1:61755 - R:localhost/127.0.0.1:59231]' for 'POST' to 'http://localhost:59231/session/679d8d7c2ba7f97bee76993f646bc7dc/execute/sync'
22:26:39.330 [Forwarding getElementAttribute on session 679d8d7c2ba7f97bee76993f646bc7dc to remote] DEBUG org.asynchttpclient.netty.request.NettyRequestSender - Using open Channel [id: 0x18312079, L:/127.0.0.1:61755 - R:localhost/127.0.0.1:59231] for POST '/session/679d8d7c2ba7f97bee76993f646bc7dc/execute/sync'
22:26:39.349 [AsyncHttpClient-1-6] DEBUG org.asynchttpclient.netty.handler.HttpHandler - 

Request DefaultHttpRequest(decodeResult: success, version: HTTP/1.1)
POST /session/679d8d7c2ba7f97bee76993f646bc7dc/execute/sync HTTP/1.1
User-Agent: selenium/4.1.2 (java windows)
Content-Length: 47339
Content-Type: application/json; charset=utf-8
host: localhost:59231
accept: */*

Response DefaultHttpResponse(decodeResult: success, version: HTTP/1.1)
HTTP/1.1 200 OK
Content-Type: application/json; charset=utf-8
cache-control: no-cache
content-length: 87

22:26:39.349 [AsyncHttpClient-1-6] DEBUG org.asynchttpclient.netty.channel.ChannelManager - Adding key: http://localhost:59231 for channel [id: 0x18312079, L:/127.0.0.1:61755 - R:localhost/127.0.0.1:59231]
22:26:39.353 [Forwarding getElementAttribute on session 679d8d7c2ba7f97bee76993f646bc7dc to remote] DEBUG org.asynchttpclient.netty.request.NettyRequestSender - Using pooled Channel '[id: 0x18312079, L:/127.0.0.1:61755 - R:localhost/127.0.0.1:59231]' for 'POST' to 'http://localhost:59231/session/679d8d7c2ba7f97bee76993f646bc7dc/execute/sync'
22:26:39.353 [Forwarding getElementAttribute on session 679d8d7c2ba7f97bee76993f646bc7dc to remote] DEBUG org.asynchttpclient.netty.request.NettyRequestSender - Using open Channel [id: 0x18312079, L:/127.0.0.1:61755 - R:localhost/127.0.0.1:59231] for POST '/session/679d8d7c2ba7f97bee76993f646bc7dc/execute/sync'
22:26:39.368 [AsyncHttpClient-1-6] DEBUG org.asynchttpclient.netty.handler.HttpHandler - 

Request DefaultHttpRequest(decodeResult: success, version: HTTP/1.1)
POST /session/679d8d7c2ba7f97bee76993f646bc7dc/execute/sync HTTP/1.1
User-Agent: selenium/4.1.2 (java windows)
Content-Length: 47339
Content-Type: application/json; charset=utf-8
host: localhost:59231
accept: */*

Response DefaultHttpResponse(decodeResult: success, version: HTTP/1.1)
HTTP/1.1 200 OK
Content-Type: application/json; charset=utf-8
cache-control: no-cache
content-length: 87

22:26:39.369 [AsyncHttpClient-1-6] DEBUG org.asynchttpclient.netty.channel.ChannelManager - Adding key: http://localhost:59231 for channel [id: 0x18312079, L:/127.0.0.1:61755 - R:localhost/127.0.0.1:59231]
22:26:39.373 [Forwarding getElementAttribute on session 679d8d7c2ba7f97bee76993f646bc7dc to remote] DEBUG org.asynchttpclient.netty.request.NettyRequestSender - Using pooled Channel '[id: 0x18312079, L:/127.0.0.1:61755 - R:localhost/127.0.0.1:59231]' for 'POST' to 'http://localhost:59231/session/679d8d7c2ba7f97bee76993f646bc7dc/execute/sync'
22:26:39.373 [Forwarding getElementAttribute on session 679d8d7c2ba7f97bee76993f646bc7dc to remote] DEBUG org.asynchttpclient.netty.request.NettyRequestSender - Using open Channel [id: 0x18312079, L:/127.0.0.1:61755 - R:localhost/127.0.0.1:59231] for POST '/session/679d8d7c2ba7f97bee76993f646bc7dc/execute/sync'
22:26:39.384 [AsyncHttpClient-1-6] DEBUG org.asynchttpclient.netty.handler.HttpHandler - 

Request DefaultHttpRequest(decodeResult: success, version: HTTP/1.1)
POST /session/679d8d7c2ba7f97bee76993f646bc7dc/execute/sync HTTP/1.1
User-Agent: selenium/4.1.2 (java windows)
Content-Length: 47339
Content-Type: application/json; charset=utf-8
host: localhost:59231
accept: */*

Response DefaultHttpResponse(decodeResult: success, version: HTTP/1.1)
HTTP/1.1 200 OK
Content-Type: application/json; charset=utf-8
cache-control: no-cache
content-length: 108

22:26:39.384 [AsyncHttpClient-1-6] DEBUG org.asynchttpclient.netty.channel.ChannelManager - Adding key: http://localhost:59231 for channel [id: 0x18312079, L:/127.0.0.1:61755 - R:localhost/127.0.0.1:59231]
22:26:39.388 [Forwarding getElementAttribute on session 679d8d7c2ba7f97bee76993f646bc7dc to remote] DEBUG org.asynchttpclient.netty.request.NettyRequestSender - Using pooled Channel '[id: 0x18312079, L:/127.0.0.1:61755 - R:localhost/127.0.0.1:59231]' for 'POST' to 'http://localhost:59231/session/679d8d7c2ba7f97bee76993f646bc7dc/execute/sync'
22:26:39.388 [Forwarding getElementAttribute on session 679d8d7c2ba7f97bee76993f646bc7dc to remote] DEBUG org.asynchttpclient.netty.request.NettyRequestSender - Using open Channel [id: 0x18312079, L:/127.0.0.1:61755 - R:localhost/127.0.0.1:59231] for POST '/session/679d8d7c2ba7f97bee76993f646bc7dc/execute/sync'
22:26:39.399 [AsyncHttpClient-1-6] DEBUG org.asynchttpclient.netty.handler.HttpHandler - 

Request DefaultHttpRequest(decodeResult: success, version: HTTP/1.1)
POST /session/679d8d7c2ba7f97bee76993f646bc7dc/execute/sync HTTP/1.1
User-Agent: selenium/4.1.2 (java windows)
Content-Length: 47339
Content-Type: application/json; charset=utf-8
host: localhost:59231
accept: */*

Response DefaultHttpResponse(decodeResult: success, version: HTTP/1.1)
HTTP/1.1 200 OK
Content-Type: application/json; charset=utf-8
cache-control: no-cache
content-length: 95

22:26:39.400 [AsyncHttpClient-1-6] DEBUG org.asynchttpclient.netty.channel.ChannelManager - Adding key: http://localhost:59231 for channel [id: 0x18312079, L:/127.0.0.1:61755 - R:localhost/127.0.0.1:59231]
22:26:39.404 [Forwarding getElementAttribute on session 679d8d7c2ba7f97bee76993f646bc7dc to remote] DEBUG org.asynchttpclient.netty.request.NettyRequestSender - Using pooled Channel '[id: 0x18312079, L:/127.0.0.1:61755 - R:localhost/127.0.0.1:59231]' for 'POST' to 'http://localhost:59231/session/679d8d7c2ba7f97bee76993f646bc7dc/execute/sync'
22:26:39.404 [Forwarding getElementAttribute on session 679d8d7c2ba7f97bee76993f646bc7dc to remote] DEBUG org.asynchttpclient.netty.request.NettyRequestSender - Using open Channel [id: 0x18312079, L:/127.0.0.1:61755 - R:localhost/127.0.0.1:59231] for POST '/session/679d8d7c2ba7f97bee76993f646bc7dc/execute/sync'
22:26:39.415 [AsyncHttpClient-1-6] DEBUG org.asynchttpclient.netty.handler.HttpHandler - 

Request DefaultHttpRequest(decodeResult: success, version: HTTP/1.1)
POST /session/679d8d7c2ba7f97bee76993f646bc7dc/execute/sync HTTP/1.1
User-Agent: selenium/4.1.2 (java windows)
Content-Length: 47339
Content-Type: application/json; charset=utf-8
host: localhost:59231
accept: */*

Response DefaultHttpResponse(decodeResult: success, version: HTTP/1.1)
HTTP/1.1 200 OK
Content-Type: application/json; charset=utf-8
cache-control: no-cache
content-length: 117

22:26:39.415 [AsyncHttpClient-1-6] DEBUG org.asynchttpclient.netty.channel.ChannelManager - Adding key: http://localhost:59231 for channel [id: 0x18312079, L:/127.0.0.1:61755 - R:localhost/127.0.0.1:59231]
22:26:39.419 [Forwarding getElementAttribute on session 679d8d7c2ba7f97bee76993f646bc7dc to remote] DEBUG org.asynchttpclient.netty.request.NettyRequestSender - Using pooled Channel '[id: 0x18312079, L:/127.0.0.1:61755 - R:localhost/127.0.0.1:59231]' for 'POST' to 'http://localhost:59231/session/679d8d7c2ba7f97bee76993f646bc7dc/execute/sync'
22:26:39.419 [Forwarding getElementAttribute on session 679d8d7c2ba7f97bee76993f646bc7dc to remote] DEBUG org.asynchttpclient.netty.request.NettyRequestSender - Using open Channel [id: 0x18312079, L:/127.0.0.1:61755 - R:localhost/127.0.0.1:59231] for POST '/session/679d8d7c2ba7f97bee76993f646bc7dc/execute/sync'
22:26:39.432 [AsyncHttpClient-1-6] DEBUG org.asynchttpclient.netty.handler.HttpHandler - 

Request DefaultHttpRequest(decodeResult: success, version: HTTP/1.1)
POST /session/679d8d7c2ba7f97bee76993f646bc7dc/execute/sync HTTP/1.1
User-Agent: selenium/4.1.2 (java windows)
Content-Length: 47339
Content-Type: application/json; charset=utf-8
host: localhost:59231
accept: */*

Response DefaultHttpResponse(decodeResult: success, version: HTTP/1.1)
HTTP/1.1 200 OK
Content-Type: application/json; charset=utf-8
cache-control: no-cache
content-length: 73

22:26:39.432 [AsyncHttpClient-1-6] DEBUG org.asynchttpclient.netty.channel.ChannelManager - Adding key: http://localhost:59231 for channel [id: 0x18312079, L:/127.0.0.1:61755 - R:localhost/127.0.0.1:59231]
22:26:39.437 [Forwarding getElementAttribute on session 679d8d7c2ba7f97bee76993f646bc7dc to remote] DEBUG org.asynchttpclient.netty.request.NettyRequestSender - Using pooled Channel '[id: 0x18312079, L:/127.0.0.1:61755 - R:localhost/127.0.0.1:59231]' for 'POST' to 'http://localhost:59231/session/679d8d7c2ba7f97bee76993f646bc7dc/execute/sync'
22:26:39.437 [Forwarding getElementAttribute on session 679d8d7c2ba7f97bee76993f646bc7dc to remote] DEBUG org.asynchttpclient.netty.request.NettyRequestSender - Using open Channel [id: 0x18312079, L:/127.0.0.1:61755 - R:localhost/127.0.0.1:59231] for POST '/session/679d8d7c2ba7f97bee76993f646bc7dc/execute/sync'
22:26:39.450 [AsyncHttpClient-1-6] DEBUG org.asynchttpclient.netty.handler.HttpHandler - 

Request DefaultHttpRequest(decodeResult: success, version: HTTP/1.1)
POST /session/679d8d7c2ba7f97bee76993f646bc7dc/execute/sync HTTP/1.1
User-Agent: selenium/4.1.2 (java windows)
Content-Length: 47339
Content-Type: application/json; charset=utf-8
host: localhost:59231
accept: */*

Response DefaultHttpResponse(decodeResult: success, version: HTTP/1.1)
HTTP/1.1 200 OK
Content-Type: application/json; charset=utf-8
cache-control: no-cache
content-length: 104

22:26:39.451 [AsyncHttpClient-1-6] DEBUG org.asynchttpclient.netty.channel.ChannelManager - Adding key: http://localhost:59231 for channel [id: 0x18312079, L:/127.0.0.1:61755 - R:localhost/127.0.0.1:59231]
22:26:39.454 [Forwarding getElementAttribute on session 679d8d7c2ba7f97bee76993f646bc7dc to remote] DEBUG org.asynchttpclient.netty.request.NettyRequestSender - Using pooled Channel '[id: 0x18312079, L:/127.0.0.1:61755 - R:localhost/127.0.0.1:59231]' for 'POST' to 'http://localhost:59231/session/679d8d7c2ba7f97bee76993f646bc7dc/execute/sync'
22:26:39.454 [Forwarding getElementAttribute on session 679d8d7c2ba7f97bee76993f646bc7dc to remote] DEBUG org.asynchttpclient.netty.request.NettyRequestSender - Using open Channel [id: 0x18312079, L:/127.0.0.1:61755 - R:localhost/127.0.0.1:59231] for POST '/session/679d8d7c2ba7f97bee76993f646bc7dc/execute/sync'
22:26:39.488 [AsyncHttpClient-1-6] DEBUG org.asynchttpclient.netty.handler.HttpHandler - 

Request DefaultHttpRequest(decodeResult: success, version: HTTP/1.1)
POST /session/679d8d7c2ba7f97bee76993f646bc7dc/execute/sync HTTP/1.1
User-Agent: selenium/4.1.2 (java windows)
Content-Length: 47339
Content-Type: application/json; charset=utf-8
host: localhost:59231
accept: */*

Response DefaultHttpResponse(decodeResult: success, version: HTTP/1.1)
HTTP/1.1 200 OK
Content-Type: application/json; charset=utf-8
cache-control: no-cache
content-length: 80

22:26:39.488 [AsyncHttpClient-1-6] DEBUG org.asynchttpclient.netty.channel.ChannelManager - Adding key: http://localhost:59231 for channel [id: 0x18312079, L:/127.0.0.1:61755 - R:localhost/127.0.0.1:59231]
22:26:39.494 [Forwarding getElementAttribute on session 679d8d7c2ba7f97bee76993f646bc7dc to remote] DEBUG org.asynchttpclient.netty.request.NettyRequestSender - Using pooled Channel '[id: 0x18312079, L:/127.0.0.1:61755 - R:localhost/127.0.0.1:59231]' for 'POST' to 'http://localhost:59231/session/679d8d7c2ba7f97bee76993f646bc7dc/execute/sync'
22:26:39.494 [Forwarding getElementAttribute on session 679d8d7c2ba7f97bee76993f646bc7dc to remote] DEBUG org.asynchttpclient.netty.request.NettyRequestSender - Using open Channel [id: 0x18312079, L:/127.0.0.1:61755 - R:localhost/127.0.0.1:59231] for POST '/session/679d8d7c2ba7f97bee76993f646bc7dc/execute/sync'
22:26:39.510 [AsyncHttpClient-1-6] DEBUG org.asynchttpclient.netty.handler.HttpHandler - 

Request DefaultHttpRequest(decodeResult: success, version: HTTP/1.1)
POST /session/679d8d7c2ba7f97bee76993f646bc7dc/execute/sync HTTP/1.1
User-Agent: selenium/4.1.2 (java windows)
Content-Length: 47339
Content-Type: application/json; charset=utf-8
host: localhost:59231
accept: */*

Response DefaultHttpResponse(decodeResult: success, version: HTTP/1.1)
HTTP/1.1 200 OK
Content-Type: application/json; charset=utf-8
cache-control: no-cache
content-length: 92

22:26:39.510 [AsyncHttpClient-1-6] DEBUG org.asynchttpclient.netty.channel.ChannelManager - Adding key: http://localhost:59231 for channel [id: 0x18312079, L:/127.0.0.1:61755 - R:localhost/127.0.0.1:59231]
22:26:39.514 [Forwarding getElementAttribute on session 679d8d7c2ba7f97bee76993f646bc7dc to remote] DEBUG org.asynchttpclient.netty.request.NettyRequestSender - Using pooled Channel '[id: 0x18312079, L:/127.0.0.1:61755 - R:localhost/127.0.0.1:59231]' for 'POST' to 'http://localhost:59231/session/679d8d7c2ba7f97bee76993f646bc7dc/execute/sync'
22:26:39.514 [Forwarding getElementAttribute on session 679d8d7c2ba7f97bee76993f646bc7dc to remote] DEBUG org.asynchttpclient.netty.request.NettyRequestSender - Using open Channel [id: 0x18312079, L:/127.0.0.1:61755 - R:localhost/127.0.0.1:59231] for POST '/session/679d8d7c2ba7f97bee76993f646bc7dc/execute/sync'
22:26:39.529 [AsyncHttpClient-1-6] DEBUG org.asynchttpclient.netty.handler.HttpHandler - 

Request DefaultHttpRequest(decodeResult: success, version: HTTP/1.1)
POST /session/679d8d7c2ba7f97bee76993f646bc7dc/execute/sync HTTP/1.1
User-Agent: selenium/4.1.2 (java windows)
Content-Length: 47339
Content-Type: application/json; charset=utf-8
host: localhost:59231
accept: */*

Response DefaultHttpResponse(decodeResult: success, version: HTTP/1.1)
HTTP/1.1 200 OK
Content-Type: application/json; charset=utf-8
cache-control: no-cache
content-length: 83

22:26:39.529 [AsyncHttpClient-1-6] DEBUG org.asynchttpclient.netty.channel.ChannelManager - Adding key: http://localhost:59231 for channel [id: 0x18312079, L:/127.0.0.1:61755 - R:localhost/127.0.0.1:59231]
22:26:39.533 [Forwarding getElementAttribute on session 679d8d7c2ba7f97bee76993f646bc7dc to remote] DEBUG org.asynchttpclient.netty.request.NettyRequestSender - Using pooled Channel '[id: 0x18312079, L:/127.0.0.1:61755 - R:localhost/127.0.0.1:59231]' for 'POST' to 'http://localhost:59231/session/679d8d7c2ba7f97bee76993f646bc7dc/execute/sync'
22:26:39.533 [Forwarding getElementAttribute on session 679d8d7c2ba7f97bee76993f646bc7dc to remote] DEBUG org.asynchttpclient.netty.request.NettyRequestSender - Using open Channel [id: 0x18312079, L:/127.0.0.1:61755 - R:localhost/127.0.0.1:59231] for POST '/session/679d8d7c2ba7f97bee76993f646bc7dc/execute/sync'
22:26:39.543 [AsyncHttpClient-1-6] DEBUG org.asynchttpclient.netty.handler.HttpHandler - 

Request DefaultHttpRequest(decodeResult: success, version: HTTP/1.1)
POST /session/679d8d7c2ba7f97bee76993f646bc7dc/execute/sync HTTP/1.1
User-Agent: selenium/4.1.2 (java windows)
Content-Length: 47339
Content-Type: application/json; charset=utf-8
host: localhost:59231
accept: */*

Response DefaultHttpResponse(decodeResult: success, version: HTTP/1.1)
HTTP/1.1 200 OK
Content-Type: application/json; charset=utf-8
cache-control: no-cache
content-length: 95

22:26:39.543 [AsyncHttpClient-1-6] DEBUG org.asynchttpclient.netty.channel.ChannelManager - Adding key: http://localhost:59231 for channel [id: 0x18312079, L:/127.0.0.1:61755 - R:localhost/127.0.0.1:59231]
22:26:39.547 [Forwarding getElementAttribute on session 679d8d7c2ba7f97bee76993f646bc7dc to remote] DEBUG org.asynchttpclient.netty.request.NettyRequestSender - Using pooled Channel '[id: 0x18312079, L:/127.0.0.1:61755 - R:localhost/127.0.0.1:59231]' for 'POST' to 'http://localhost:59231/session/679d8d7c2ba7f97bee76993f646bc7dc/execute/sync'
22:26:39.547 [Forwarding getElementAttribute on session 679d8d7c2ba7f97bee76993f646bc7dc to remote] DEBUG org.asynchttpclient.netty.request.NettyRequestSender - Using open Channel [id: 0x18312079, L:/127.0.0.1:61755 - R:localhost/127.0.0.1:59231] for POST '/session/679d8d7c2ba7f97bee76993f646bc7dc/execute/sync'
22:26:39.557 [AsyncHttpClient-1-6] DEBUG org.asynchttpclient.netty.handler.HttpHandler - 

Request DefaultHttpRequest(decodeResult: success, version: HTTP/1.1)
POST /session/679d8d7c2ba7f97bee76993f646bc7dc/execute/sync HTTP/1.1
User-Agent: selenium/4.1.2 (java windows)
Content-Length: 47339
Content-Type: application/json; charset=utf-8
host: localhost:59231
accept: */*

Response DefaultHttpResponse(decodeResult: success, version: HTTP/1.1)
HTTP/1.1 200 OK
Content-Type: application/json; charset=utf-8
cache-control: no-cache
content-length: 103

22:26:39.557 [AsyncHttpClient-1-6] DEBUG org.asynchttpclient.netty.channel.ChannelManager - Adding key: http://localhost:59231 for channel [id: 0x18312079, L:/127.0.0.1:61755 - R:localhost/127.0.0.1:59231]
22:26:39.561 [Forwarding getElementAttribute on session 679d8d7c2ba7f97bee76993f646bc7dc to remote] DEBUG org.asynchttpclient.netty.request.NettyRequestSender - Using pooled Channel '[id: 0x18312079, L:/127.0.0.1:61755 - R:localhost/127.0.0.1:59231]' for 'POST' to 'http://localhost:59231/session/679d8d7c2ba7f97bee76993f646bc7dc/execute/sync'
22:26:39.561 [Forwarding getElementAttribute on session 679d8d7c2ba7f97bee76993f646bc7dc to remote] DEBUG org.asynchttpclient.netty.request.NettyRequestSender - Using open Channel [id: 0x18312079, L:/127.0.0.1:61755 - R:localhost/127.0.0.1:59231] for POST '/session/679d8d7c2ba7f97bee76993f646bc7dc/execute/sync'
22:26:39.575 [AsyncHttpClient-1-6] DEBUG org.asynchttpclient.netty.handler.HttpHandler - 

Request DefaultHttpRequest(decodeResult: success, version: HTTP/1.1)
POST /session/679d8d7c2ba7f97bee76993f646bc7dc/execute/sync HTTP/1.1
User-Agent: selenium/4.1.2 (java windows)
Content-Length: 47339
Content-Type: application/json; charset=utf-8
host: localhost:59231
accept: */*

Response DefaultHttpResponse(decodeResult: success, version: HTTP/1.1)
HTTP/1.1 200 OK
Content-Type: application/json; charset=utf-8
cache-control: no-cache
content-length: 97

22:26:39.576 [AsyncHttpClient-1-6] DEBUG org.asynchttpclient.netty.channel.ChannelManager - Adding key: http://localhost:59231 for channel [id: 0x18312079, L:/127.0.0.1:61755 - R:localhost/127.0.0.1:59231]
22:26:39.580 [Forwarding getElementAttribute on session 679d8d7c2ba7f97bee76993f646bc7dc to remote] DEBUG org.asynchttpclient.netty.request.NettyRequestSender - Using pooled Channel '[id: 0x18312079, L:/127.0.0.1:61755 - R:localhost/127.0.0.1:59231]' for 'POST' to 'http://localhost:59231/session/679d8d7c2ba7f97bee76993f646bc7dc/execute/sync'
22:26:39.580 [Forwarding getElementAttribute on session 679d8d7c2ba7f97bee76993f646bc7dc to remote] DEBUG org.asynchttpclient.netty.request.NettyRequestSender - Using open Channel [id: 0x18312079, L:/127.0.0.1:61755 - R:localhost/127.0.0.1:59231] for POST '/session/679d8d7c2ba7f97bee76993f646bc7dc/execute/sync'
22:26:39.589 [AsyncHttpClient-1-6] DEBUG org.asynchttpclient.netty.handler.HttpHandler - 

Request DefaultHttpRequest(decodeResult: success, version: HTTP/1.1)
POST /session/679d8d7c2ba7f97bee76993f646bc7dc/execute/sync HTTP/1.1
User-Agent: selenium/4.1.2 (java windows)
Content-Length: 47339
Content-Type: application/json; charset=utf-8
host: localhost:59231
accept: */*

Response DefaultHttpResponse(decodeResult: success, version: HTTP/1.1)
HTTP/1.1 200 OK
Content-Type: application/json; charset=utf-8
cache-control: no-cache
content-length: 72

22:26:39.590 [AsyncHttpClient-1-6] DEBUG org.asynchttpclient.netty.channel.ChannelManager - Adding key: http://localhost:59231 for channel [id: 0x18312079, L:/127.0.0.1:61755 - R:localhost/127.0.0.1:59231]
22:26:39.592 [Forwarding getElementAttribute on session 679d8d7c2ba7f97bee76993f646bc7dc to remote] DEBUG org.asynchttpclient.netty.request.NettyRequestSender - Using pooled Channel '[id: 0x18312079, L:/127.0.0.1:61755 - R:localhost/127.0.0.1:59231]' for 'POST' to 'http://localhost:59231/session/679d8d7c2ba7f97bee76993f646bc7dc/execute/sync'
22:26:39.593 [Forwarding getElementAttribute on session 679d8d7c2ba7f97bee76993f646bc7dc to remote] DEBUG org.asynchttpclient.netty.request.NettyRequestSender - Using open Channel [id: 0x18312079, L:/127.0.0.1:61755 - R:localhost/127.0.0.1:59231] for POST '/session/679d8d7c2ba7f97bee76993f646bc7dc/execute/sync'
22:26:39.607 [AsyncHttpClient-1-6] DEBUG org.asynchttpclient.netty.handler.HttpHandler - 

Request DefaultHttpRequest(decodeResult: success, version: HTTP/1.1)
POST /session/679d8d7c2ba7f97bee76993f646bc7dc/execute/sync HTTP/1.1
User-Agent: selenium/4.1.2 (java windows)
Content-Length: 47339
Content-Type: application/json; charset=utf-8
host: localhost:59231
accept: */*

Response DefaultHttpResponse(decodeResult: success, version: HTTP/1.1)
HTTP/1.1 200 OK
Content-Type: application/json; charset=utf-8
cache-control: no-cache
content-length: 87

22:26:39.607 [AsyncHttpClient-1-6] DEBUG org.asynchttpclient.netty.channel.ChannelManager - Adding key: http://localhost:59231 for channel [id: 0x18312079, L:/127.0.0.1:61755 - R:localhost/127.0.0.1:59231]
22:26:39.744 [main] DEBUG net.thucydides.core.steps.StepInterceptor - STARTING STEP: CampaignsStepDefinitions.userObtainsCampaignsList - {0} should see #description
22:26:39.744 [Forwarding screenshot on session 679d8d7c2ba7f97bee76993f646bc7dc to remote] DEBUG org.asynchttpclient.netty.request.NettyRequestSender - Using pooled Channel '[id: 0x18312079, L:/127.0.0.1:61755 - R:localhost/127.0.0.1:59231]' for 'GET' to 'http://localhost:59231/session/679d8d7c2ba7f97bee76993f646bc7dc/screenshot'
22:26:39.744 [Forwarding screenshot on session 679d8d7c2ba7f97bee76993f646bc7dc to remote] DEBUG org.asynchttpclient.netty.request.NettyRequestSender - Using open Channel [id: 0x18312079, L:/127.0.0.1:61755 - R:localhost/127.0.0.1:59231] for GET '/session/679d8d7c2ba7f97bee76993f646bc7dc/screenshot'
22:26:39.989 [AsyncHttpClient-1-6] DEBUG org.asynchttpclient.netty.handler.HttpHandler - 

Request DefaultFullHttpRequest(decodeResult: success, version: HTTP/1.1, content: EmptyByteBufBE)
GET /session/679d8d7c2ba7f97bee76993f646bc7dc/screenshot HTTP/1.1
User-Agent: selenium/4.1.2 (java windows)
Cache-Control: no-cache
Content-Type: application/json; charset=utf-8
host: localhost:59231
accept: */*

Response DefaultHttpResponse(decodeResult: success, version: HTTP/1.1)
HTTP/1.1 200 OK
Content-Type: application/json; charset=utf-8
cache-control: no-cache
content-length: 131776

22:26:39.990 [AsyncHttpClient-1-6] DEBUG org.asynchttpclient.netty.channel.ChannelManager - Adding key: http://localhost:59231 for channel [id: 0x18312079, L:/127.0.0.1:61755 - R:localhost/127.0.0.1:59231]
22:26:39.997 [main] DEBUG net.serenitybdd.core.photography.Darkroom - Send negative for processing for target\site\serenity\52f7a348e3376f1881e011fca77e5cef73af6abf06257619b77b5298e40095d0.png
22:26:39.997 [main] DEBUG net.thucydides.core.steps.StepInterceptor - STEP DONE: {0} should see #description
22:26:39.997 [Darkroom Processing Line] DEBUG net.serenitybdd.core.photography.DarkroomProcessingLine - Processing screenshot image in /var/screenshots/screenshot-15064112865478608842
22:26:39.997 [Darkroom Processing Line] DEBUG net.serenitybdd.core.photography.DarkroomProcessingLine - Saving screenshot to target\site\serenity\52f7a348e3376f1881e011fca77e5cef73af6abf06257619b77b5298e40095d0.png
22:26:39.998 [Forwarding getCurrentUrl on session 679d8d7c2ba7f97bee76993f646bc7dc to remote] DEBUG org.asynchttpclient.netty.request.NettyRequestSender - Using pooled Channel '[id: 0x18312079, L:/127.0.0.1:61755 - R:localhost/127.0.0.1:59231]' for 'GET' to 'http://localhost:59231/session/679d8d7c2ba7f97bee76993f646bc7dc/url'
22:26:39.998 [Forwarding getCurrentUrl on session 679d8d7c2ba7f97bee76993f646bc7dc to remote] DEBUG org.asynchttpclient.netty.request.NettyRequestSender - Using open Channel [id: 0x18312079, L:/127.0.0.1:61755 - R:localhost/127.0.0.1:59231] for GET '/session/679d8d7c2ba7f97bee76993f646bc7dc/url'
22:26:40.033 [AsyncHttpClient-1-6] DEBUG org.asynchttpclient.netty.handler.HttpHandler - 

Request DefaultFullHttpRequest(decodeResult: success, version: HTTP/1.1, content: EmptyByteBufBE)
GET /session/679d8d7c2ba7f97bee76993f646bc7dc/url HTTP/1.1
User-Agent: selenium/4.1.2 (java windows)
Cache-Control: no-cache
Content-Type: application/json; charset=utf-8
host: localhost:59231
accept: */*

Response DefaultHttpResponse(decodeResult: success, version: HTTP/1.1)
HTTP/1.1 200 OK
Content-Type: application/json; charset=utf-8
cache-control: no-cache
content-length: 66

22:26:40.033 [AsyncHttpClient-1-6] DEBUG org.asynchttpclient.netty.channel.ChannelManager - Adding key: http://localhost:59231 for channel [id: 0x18312079, L:/127.0.0.1:61755 - R:localhost/127.0.0.1:59231]
22:26:40.041 [main] DEBUG net.thucydides.core.steps.StepInterceptor - STARTING STEP: CampaignsStepDefinitions.userObtainsCampaignsList - {0} should see #description
22:26:40.048 [Forwarding screenshot on session 679d8d7c2ba7f97bee76993f646bc7dc to remote] DEBUG org.asynchttpclient.netty.request.NettyRequestSender - Using pooled Channel '[id: 0x18312079, L:/127.0.0.1:61755 - R:localhost/127.0.0.1:59231]' for 'GET' to 'http://localhost:59231/session/679d8d7c2ba7f97bee76993f646bc7dc/screenshot'
22:26:40.048 [Forwarding screenshot on session 679d8d7c2ba7f97bee76993f646bc7dc to remote] DEBUG org.asynchttpclient.netty.request.NettyRequestSender - Using open Channel [id: 0x18312079, L:/127.0.0.1:61755 - R:localhost/127.0.0.1:59231] for GET '/session/679d8d7c2ba7f97bee76993f646bc7dc/screenshot'
22:26:40.081 [AsyncHttpClient-1-1] DEBUG org.asynchttpclient.netty.channel.DefaultChannelPool - Entry count for : http://localhost:61756 : 1
22:26:40.465 [AsyncHttpClient-1-6] DEBUG org.asynchttpclient.netty.handler.HttpHandler - 

Request DefaultFullHttpRequest(decodeResult: success, version: HTTP/1.1, content: EmptyByteBufBE)
GET /session/679d8d7c2ba7f97bee76993f646bc7dc/screenshot HTTP/1.1
User-Agent: selenium/4.1.2 (java windows)
Cache-Control: no-cache
Content-Type: application/json; charset=utf-8
host: localhost:59231
accept: */*

Response DefaultHttpResponse(decodeResult: success, version: HTTP/1.1)
HTTP/1.1 200 OK
Content-Type: application/json; charset=utf-8
cache-control: no-cache
content-length: 1125628

22:26:40.465 [AsyncHttpClient-1-6] DEBUG org.asynchttpclient.netty.channel.ChannelManager - Adding key: http://localhost:59231 for channel [id: 0x18312079, L:/127.0.0.1:61755 - R:localhost/127.0.0.1:59231]
22:26:40.535 [main] DEBUG net.serenitybdd.core.photography.Darkroom - Send negative for processing for target\site\serenity\697123f13638bb487c4a2f586cd17db354dd86f793c566ee027acf7bc21f85c3.png
22:26:40.535 [main] DEBUG net.thucydides.core.steps.StepInterceptor - STEP DONE: {0} should see #description
22:26:40.535 [Darkroom Processing Line] DEBUG net.serenitybdd.core.photography.DarkroomProcessingLine - Processing screenshot image in /var/screenshots/screenshot-17906608280421406539
22:26:40.535 [Darkroom Processing Line] DEBUG net.serenitybdd.core.photography.DarkroomProcessingLine - Saving screenshot to target\site\serenity\697123f13638bb487c4a2f586cd17db354dd86f793c566ee027acf7bc21f85c3.png
22:26:40.535 [AsyncHttpClient-1-8] DEBUG org.asynchttpclient.netty.handler.WebSocketHandler - Channel Closed: [id: 0xaf8bfb96, L:/127.0.0.1:61763 ! R:localhost/127.0.0.1:61756] with attribute NettyResponseFuture{currentRetry=5,
	isDone=1,
	isCancelled=0,
	asyncHandler=org.asynchttpclient.ws.WebSocketUpgradeHandler@20562325,
	nettyRequest=org.asynchttpclient.netty.request.NettyRequest@b06262,
	future=java.util.concurrent.CompletableFuture@14f88a36[Completed normally],
	uri=ws://localhost:61756/devtools/browser/32992e77-d1d4-403b-b709-7a8dd75d1764,
	keepAlive=true,
	redirectCount=0,
	timeoutsHolder=null,
	inAuth=0,
	touch=1644089191377}
22:26:40.535 [AsyncHttpClient-1-8] DEBUG org.asynchttpclient.netty.channel.ChannelManager - Closing Channel [id: 0xaf8bfb96, L:/127.0.0.1:61763 ! R:localhost/127.0.0.1:61756] 
22:26:40.545 [Driver Command Executor] DEBUG org.asynchttpclient.netty.request.NettyRequestSender - Using pooled Channel '[id: 0x18312079, L:/127.0.0.1:61755 - R:localhost/127.0.0.1:59231]' for 'DELETE' to 'http://localhost:59231/session/679d8d7c2ba7f97bee76993f646bc7dc'
22:26:40.545 [Driver Command Executor] DEBUG org.asynchttpclient.netty.request.NettyRequestSender - Using open Channel [id: 0x18312079, L:/127.0.0.1:61755 - R:localhost/127.0.0.1:59231] for DELETE '/session/679d8d7c2ba7f97bee76993f646bc7dc'
22:26:40.771 [AsyncHttpClient-1-7] DEBUG org.asynchttpclient.netty.handler.HttpHandler - Unexpected I/O exception on channel [id: 0xdbc0d0b9, L:/127.0.0.1:61762 - R:localhost/127.0.0.1:61756]
java.net.SocketException: Connection reset
	at java.base/sun.nio.ch.SocketChannelImpl.throwConnectionReset(SocketChannelImpl.java:394)
	at java.base/sun.nio.ch.SocketChannelImpl.read(SocketChannelImpl.java:426)
	at io.netty.buffer.PooledByteBuf.setBytes(PooledByteBuf.java:258)
	at io.netty.buffer.AbstractByteBuf.writeBytes(AbstractByteBuf.java:1132)
	at io.netty.channel.socket.nio.NioSocketChannel.doReadBytes(NioSocketChannel.java:350)
	at io.netty.channel.nio.AbstractNioByteChannel$NioByteUnsafe.read(AbstractNioByteChannel.java:151)
	at io.netty.channel.nio.NioEventLoop.processSelectedKey(NioEventLoop.java:722)
	at io.netty.channel.nio.NioEventLoop.processSelectedKeysOptimized(NioEventLoop.java:658)
	at io.netty.channel.nio.NioEventLoop.processSelectedKeys(NioEventLoop.java:584)
	at io.netty.channel.nio.NioEventLoop.run(NioEventLoop.java:496)
	at io.netty.util.concurrent.SingleThreadEventExecutor$4.run(SingleThreadEventExecutor.java:986)
	at io.netty.util.internal.ThreadExecutorMap$2.run(ThreadExecutorMap.java:74)
	at io.netty.util.concurrent.FastThreadLocalRunnable.run(FastThreadLocalRunnable.java:30)
	at java.base/java.lang.Thread.run(Thread.java:833)
22:26:40.771 [AsyncHttpClient-1-7] DEBUG org.asynchttpclient.netty.channel.ChannelManager - Closing Channel [id: 0xdbc0d0b9, L:/127.0.0.1:61762 - R:localhost/127.0.0.1:61756] 
22:26:40.771 [AsyncHttpClient-1-7] DEBUG org.asynchttpclient.netty.handler.HttpHandler - Channel Closed: [id: 0xdbc0d0b9, L:/127.0.0.1:61762 ! R:localhost/127.0.0.1:61756] with attribute DISCARD
22:26:40.797 [AsyncHttpClient-1-6] DEBUG org.asynchttpclient.netty.handler.HttpHandler - 

Request DefaultFullHttpRequest(decodeResult: success, version: HTTP/1.1, content: EmptyByteBufBE)
DELETE /session/679d8d7c2ba7f97bee76993f646bc7dc HTTP/1.1
User-Agent: selenium/4.1.2 (java windows)
Content-Type: application/json; charset=utf-8
host: localhost:59231
accept: */*

Response DefaultHttpResponse(decodeResult: success, version: HTTP/1.1)
HTTP/1.1 200 OK
Content-Type: application/json; charset=utf-8
cache-control: no-cache
content-length: 14

22:26:40.797 [AsyncHttpClient-1-6] DEBUG org.asynchttpclient.netty.channel.ChannelManager - Adding key: http://localhost:59231 for channel [id: 0x18312079, L:/127.0.0.1:61755 - R:localhost/127.0.0.1:59231]
22:26:40.929 [AsyncHttpClient-1-6] DEBUG org.asynchttpclient.netty.handler.HttpHandler - Channel Closed: [id: 0x18312079, L:/127.0.0.1:61755 ! R:localhost/127.0.0.1:59231] with attribute DISCARD
  &amp#27;[32mThen &amp#27;[0m&amp#27;[32muser sees the &amp#27;[0m&amp#27;[32m&amp#27;[1m"kozmetik-kisisel-bakim"&amp#27;[0m&amp#27;[32m campaigns list&amp#27;[0m                &amp#27;[90m# stepdefinitions.CampaignsStepDefinitions.userObtainsCampaignsList(java.lang.String)&amp#27;[0m
]]></system-out>
    <system-err><![CDATA[Starting ChromeDriver 97.0.4692.71 (adefa7837d02a07a604c1e6eff0b3a09422ab88d-refs/branch-heads/4692@{#1247}) on port 59231
Only local connections are allowed.
Please see https://chromedriver.chromium.org/security-considerations for suggestions on keeping ChromeDriver safe.
ChromeDriver was started successfully.
Feb 05, 2022 10:26:31 PM org.openqa.selenium.remote.ProtocolHandshake createSession
INFO: Detected dialect: W3C
Feb 05, 2022 10:26:31 PM org.openqa.selenium.devtools.CdpVersionFinder findNearestMatch
INFO: Found exact CDP implementation for version 97
]]></system-err>
  </testcase>
  <testcase name="User clicks on category and obtains the list of campaigns #6" classname="List all campaigns" time="13.931">
    <system-out><![CDATA[
Scenario Outline: User clicks on category and obtains the list of campaigns &amp#27;[90m# src/test/resources/features/campaigns.feature:13&amp#27;[0m
22:26:41.039 [main] INFO io.cucumber.core.plugin.SerenityReporter - Running feature from file:///C:/Users/yasemin/Desktop/n11-bootcamp/n11TestAutomationCase1/src/test/resources/features/campaigns.feature
22:26:41.069 [main] DEBUG net.thucydides.core.steps.StepInterceptor - STARTING STEP: CampaignsStepDefinitions.userOpensThePage - !#title
22:26:41.071 [main] DEBUG net.thucydides.core.steps.StepInterceptor - STARTING STEP: CampaignsStepDefinitions.userOpensThePage - {0} opens the #targetPageName
22:26:41.081 [main] INFO net.serenitybdd.core.webdriver.driverproviders.ChromeDriverProvider - Using automatically driver download
22:26:41.180 [AsyncHttpClient-1-1] DEBUG org.asynchttpclient.netty.channel.DefaultChannelPool - Entry count for : http://localhost:59231 : 1
22:26:41.180 [AsyncHttpClient-1-1] DEBUG org.asynchttpclient.netty.channel.DefaultChannelPool - Entry count for : http://localhost:61756 : 1
22:26:41.180 [AsyncHttpClient-1-1] DEBUG org.asynchttpclient.netty.channel.DefaultChannelPool - Adding Candidate expired Channel [id: 0x18312079, L:/127.0.0.1:61755 ! R:localhost/127.0.0.1:59231] isIdleTimeoutExpired=false isRemotelyClosed=true isTtlExpired=false
22:26:41.180 [AsyncHttpClient-1-1] DEBUG org.asynchttpclient.netty.channel.DefaultChannelPool - Closing Idle Channel [id: 0x18312079, L:/127.0.0.1:61755 ! R:localhost/127.0.0.1:59231]
22:26:41.180 [AsyncHttpClient-1-1] DEBUG org.asynchttpclient.netty.channel.DefaultChannelPool - Adding Candidate expired Channel [id: 0xdbc0d0b9, L:/127.0.0.1:61762 ! R:localhost/127.0.0.1:61756] isIdleTimeoutExpired=false isRemotelyClosed=true isTtlExpired=false
22:26:41.180 [AsyncHttpClient-1-1] DEBUG org.asynchttpclient.netty.channel.DefaultChannelPool - Closing Idle Channel [id: 0xdbc0d0b9, L:/127.0.0.1:61762 ! R:localhost/127.0.0.1:61756]
22:26:41.180 [AsyncHttpClient-1-1] DEBUG org.asynchttpclient.netty.channel.DefaultChannelPool - Closed 2 connections out of 2 in 0 ms
22:26:41.303 [main] DEBUG io.github.bonigarcia.wdm.cache.ResolutionCache - Resolution chrome=97 in cache (valid until 22:28:40 05/02/2022 TRT)
22:26:41.303 [main] DEBUG io.github.bonigarcia.wdm.cache.ResolutionCache - Resolution chrome97=97.0.4692.71 in cache (valid until 00:08:14 06/02/2022 TRT)
22:26:41.303 [main] INFO io.github.bonigarcia.wdm.WebDriverManager - Using chromedriver 97.0.4692.71 (resolved driver for Chrome 97)
22:26:41.311 [main] DEBUG io.github.bonigarcia.wdm.WebDriverManager - Driver chromedriver 97.0.4692.71 found in cache
22:26:41.311 [main] INFO io.github.bonigarcia.wdm.WebDriverManager - Exporting webdriver.chrome.driver as C:\Users\yasemin\.cache\selenium\chromedriver\win32\97.0.4692.71\chromedriver.exe
22:26:42.630 [main] DEBUG net.thucydides.core.reflection.ClassFinder - Could not load class .pages.CampaignPage
22:26:42.630 [main] DEBUG net.thucydides.core.reflection.ClassFinder - Could not load class .pages.N11CampaignsMainPage
22:26:42.630 [main] DEBUG net.thucydides.core.reflection.ClassFinder - Could not load class .questions.CheckDriver
22:26:42.630 [main] DEBUG net.thucydides.core.reflection.ClassFinder - Could not load class .runners.CucumberRunner
22:26:42.630 [main] DEBUG net.thucydides.core.reflection.ClassFinder - Could not load class .stepdefinitions.CampaignsStepDefinitions
22:26:42.630 [main] DEBUG net.thucydides.core.reflection.ClassFinder - Could not load class .tasks.CheckNumOfCampaigns
22:26:42.630 [main] DEBUG net.thucydides.core.reflection.ClassFinder - Could not load class .tasks.ClickCategory
22:26:42.630 [main] DEBUG net.thucydides.core.reflection.ClassFinder - Could not load class .tasks.NavigateTo
22:26:42.630 [main] DEBUG net.thucydides.core.reflection.ClassFinder - Could not load class .tasks.WriteURLsExcel
22:26:42.630 [main] DEBUG net.thucydides.core.reflection.ClassFinder - Could not load class META-INF.versions.9.com.sun.istack.logging.StackHelper
22:26:42.630 [main] DEBUG net.thucydides.core.reflection.ClassFinder - Could not load class META-INF.versions.9.com.sun.xml.bind.v2.runtime.reflect.opt.AccessorInjector
22:26:42.630 [main] DEBUG net.thucydides.core.reflection.ClassFinder - Could not load class META-INF.versions.9.com.sun.xml.bind.v2.runtime.reflect.opt.Injector
22:26:42.630 [main] DEBUG net.thucydides.core.reflection.ClassFinder - Could not load class META-INF.versions.9.com.sun.xml.bind.v2.runtime.reflect.opt.OptimizedAccessorFactory
22:26:42.630 [main] DEBUG net.thucydides.core.reflection.ClassFinder - Could not load class META-INF.versions.9.com.sun.xml.bind.v2.runtime.reflect.opt.OptimizedTransducedAccessorFactory
22:26:42.630 [main] DEBUG net.thucydides.core.reflection.ClassFinder - Could not load class META-INF.versions.9.io.opentelemetry.sdk.internal.CurrentJavaVersionSpecific
22:26:42.630 [main] DEBUG net.thucydides.core.reflection.ClassFinder - Could not load class META-INF.versions.9.io.opentelemetry.sdk.internal.Java9VersionSpecific
22:26:42.630 [main] DEBUG net.thucydides.core.reflection.ClassFinder - Could not load class META-INF.versions.9.javax.xml.bind.ModuleUtil
22:26:42.630 [main] DEBUG net.thucydides.core.reflection.ClassFinder - Could not load class META-INF.versions.9.module-info
22:26:42.630 [main] DEBUG net.thucydides.core.reflection.ClassFinder - Could not load class META-INF.versions.9.org.apache.logging.log4j.util.Base64Util
22:26:42.630 [main] DEBUG net.thucydides.core.reflection.ClassFinder - Could not load class META-INF.versions.9.org.apache.logging.log4j.util.ProcessIdUtil
22:26:42.630 [main] DEBUG net.thucydides.core.reflection.ClassFinder - Could not load class META-INF.versions.9.org.apache.logging.log4j.util.StackLocator
22:26:42.630 [main] DEBUG net.thucydides.core.reflection.ClassFinder - Could not load class META-INF.versions.9.org.apache.logging.log4j.util.internal.DefaultObjectInputFilter
22:26:42.630 [main] DEBUG net.thucydides.core.reflection.ClassFinder - Could not load class META-INF.versions.9.org.apache.xmlbeans.impl.tool.MavenPluginResolver
22:26:42.630 [main] DEBUG net.thucydides.core.reflection.ClassFinder - Could not load class META-INF.versions.9.org.junit.platform.commons.util.ModuleUtils
22:26:42.630 [main] DEBUG net.thucydides.core.reflection.ClassFinder - Could not load class com.microsoft.schemas.office.office.STOLEUpdateMode
22:26:42.630 [main] DEBUG net.thucydides.core.reflection.ClassFinder - Could not load class com.microsoft.schemas.office.office.STScreenSize
22:26:42.630 [main] DEBUG net.thucydides.core.reflection.ClassFinder - Could not load class com.microsoft.schemas.office.visio.x2012.main.SheetType
22:26:42.630 [main] DEBUG net.thucydides.core.reflection.ClassFinder - Could not load class com.microsoft.schemas.office.word.STHorizontalAnchor
22:26:42.630 [main] DEBUG net.thucydides.core.reflection.ClassFinder - Could not load class com.microsoft.schemas.office.word.STVerticalAnchor
22:26:42.640 [main] DEBUG net.thucydides.core.reflection.ClassFinder - Could not load class com.microsoft.schemas.office.word.STWrapSide
22:26:42.640 [main] DEBUG net.thucydides.core.reflection.ClassFinder - Could not load class com.microsoft.schemas.vml.STImageAspect
22:26:42.640 [main] DEBUG net.thucydides.core.reflection.ClassFinder - Could not load class com.microsoft.schemas.vml.STStrokeArrowLength
22:26:42.640 [main] DEBUG net.thucydides.core.reflection.ClassFinder - Could not load class com.microsoft.schemas.vml.STStrokeArrowWidth
22:26:42.640 [main] DEBUG net.thucydides.core.reflection.ClassFinder - Could not load class com.microsoft.schemas.vml.STStrokeEndCap
22:26:42.640 [main] DEBUG net.thucydides.core.reflection.ClassFinder - Could not load class com.microsoft.schemas.vml.STStrokeLineStyle
22:26:42.640 [main] DEBUG net.thucydides.core.reflection.ClassFinder - Could not load class com.sun.xml.bind.v2.runtime.output.FastInfosetStreamWriterOutput
22:26:42.640 [main] DEBUG net.thucydides.core.reflection.ClassFinder - Could not load class module-info
22:26:42.640 [main] DEBUG net.thucydides.core.reflection.ClassFinder - Could not load class org.apache.logging.log4j.util.Activator
22:26:42.650 [main] DEBUG net.thucydides.core.reflection.ClassFinder - Could not load class org.apache.poi.xslf.draw.SVGImageRenderer
22:26:42.650 [main] DEBUG net.thucydides.core.reflection.ClassFinder - Could not load class org.apache.poi.xslf.draw.SVGPOIGraphics2D
22:26:42.650 [main] DEBUG net.thucydides.core.reflection.ClassFinder - Could not load class org.apache.poi.xslf.draw.SVGRenderExtension
22:26:42.650 [main] DEBUG net.thucydides.core.reflection.ClassFinder - Could not load class org.apache.poi.xslf.draw.SVGUserAgent
22:26:42.650 [main] DEBUG net.thucydides.core.reflection.ClassFinder - Could not load class org.apache.poi.xslf.util.SVGFormat
22:26:42.650 [main] DEBUG net.thucydides.core.reflection.ClassFinder - Could not load class org.apache.xmlbeans.impl.schema.TypeSystemHolder
22:26:42.650 [main] DEBUG net.thucydides.core.reflection.ClassFinder - Could not load class org.apache.xmlbeans.impl.tool.MavenPlugin
22:26:42.660 [main] DEBUG net.thucydides.core.reflection.ClassFinder - Could not load class org.apache.xmlbeans.impl.tool.MavenPluginHelp
22:26:42.660 [main] DEBUG net.thucydides.core.reflection.ClassFinder - Could not load class org.apache.xmlbeans.impl.tool.XMLBean
22:26:42.660 [main] DEBUG net.thucydides.core.reflection.ClassFinder - Could not load class org.apache.xmlbeans.impl.xpath.saxon.SaxonXPath
22:26:42.660 [main] DEBUG net.thucydides.core.reflection.ClassFinder - Could not load class org.apache.xmlbeans.impl.xpath.saxon.SaxonXQuery
22:26:42.671 [main] DEBUG net.thucydides.core.reflection.ClassFinder - Could not load class org.etsi.uri.x01903.v13.GenericTimeStampType
22:26:42.673 [main] DEBUG net.thucydides.core.reflection.ClassFinder - Could not load class org.etsi.uri.x01903.v13.QualifierType
22:26:42.680 [main] DEBUG net.thucydides.core.reflection.ClassFinder - Could not load class org.openxmlformats.schemas.drawingml.x2006.chart.CTSerAx
22:26:42.680 [main] DEBUG net.thucydides.core.reflection.ClassFinder - Could not load class org.openxmlformats.schemas.drawingml.x2006.chart.STDepthPercentUShort
22:26:42.680 [main] DEBUG net.thucydides.core.reflection.ClassFinder - Could not load class org.openxmlformats.schemas.drawingml.x2006.chart.STDepthPercentWithSymbol
22:26:42.680 [main] DEBUG net.thucydides.core.reflection.ClassFinder - Could not load class org.openxmlformats.schemas.drawingml.x2006.chart.STHPercentUShort
22:26:42.680 [main] DEBUG net.thucydides.core.reflection.ClassFinder - Could not load class org.openxmlformats.schemas.drawingml.x2006.chart.STHPercentWithSymbol
22:26:42.680 [main] DEBUG net.thucydides.core.reflection.ClassFinder - Could not load class org.openxmlformats.schemas.drawingml.x2006.chart.STHoleSizePercent
22:26:42.680 [main] DEBUG net.thucydides.core.reflection.ClassFinder - Could not load class org.openxmlformats.schemas.drawingml.x2006.chart.STHoleSizeUByte
22:26:42.680 [main] DEBUG net.thucydides.core.reflection.ClassFinder - Could not load class org.openxmlformats.schemas.drawingml.x2006.chart.STOverlapByte
22:26:42.680 [main] DEBUG net.thucydides.core.reflection.ClassFinder - Could not load class org.openxmlformats.schemas.drawingml.x2006.chart.STOverlapPercent
22:26:42.680 [main] DEBUG net.thucydides.core.reflection.ClassFinder - Could not load class org.openxmlformats.schemas.drawingml.x2006.chart.STPageSetupOrientation
22:26:42.680 [main] DEBUG net.thucydides.core.reflection.ClassFinder - Could not load class org.openxmlformats.schemas.drawingml.x2006.main.CTGroupFillProperties
22:26:42.680 [main] DEBUG net.thucydides.core.reflection.ClassFinder - Could not load class org.openxmlformats.schemas.drawingml.x2006.main.CTPath2DQuadBezierTo
22:26:42.680 [main] DEBUG net.thucydides.core.reflection.ClassFinder - Could not load class org.openxmlformats.schemas.drawingml.x2006.main.STEffectContainerType
22:26:42.680 [main] DEBUG net.thucydides.core.reflection.ClassFinder - Could not load class org.openxmlformats.schemas.drawingml.x2006.main.STPresetMaterialType
22:26:42.680 [main] DEBUG net.thucydides.core.reflection.ClassFinder - Could not load class org.openxmlformats.schemas.drawingml.x2006.wordprocessingDrawing.STAlignH
22:26:42.680 [main] DEBUG net.thucydides.core.reflection.ClassFinder - Could not load class org.openxmlformats.schemas.drawingml.x2006.wordprocessingDrawing.STAlignV
22:26:42.680 [main] DEBUG net.thucydides.core.reflection.ClassFinder - Could not load class org.openxmlformats.schemas.officeDocument.x2006.docPropsVTypes.STVectorBaseType
22:26:42.680 [main] DEBUG net.thucydides.core.reflection.ClassFinder - Could not load class org.openxmlformats.schemas.officeDocument.x2006.sharedTypes.STConformanceClass
22:26:42.680 [main] DEBUG net.thucydides.core.reflection.ClassFinder - Could not load class org.openxmlformats.schemas.presentationml.x2006.main.STDirection
22:26:42.680 [main] DEBUG net.thucydides.core.reflection.ClassFinder - Could not load class org.openxmlformats.schemas.presentationml.x2006.main.STTLTimeNodeMasterRelation
22:26:42.680 [main] DEBUG net.thucydides.core.reflection.ClassFinder - Could not load class org.openxmlformats.schemas.presentationml.x2006.main.STTLTimeNodePresetClassType
22:26:42.680 [main] DEBUG net.thucydides.core.reflection.ClassFinder - Could not load class org.openxmlformats.schemas.presentationml.x2006.main.STTLTimeNodeSyncType
22:26:42.680 [main] DEBUG net.thucydides.core.reflection.ClassFinder - Could not load class org.openxmlformats.schemas.presentationml.x2006.main.STTLTriggerEvent
22:26:42.680 [main] DEBUG net.thucydides.core.reflection.ClassFinder - Could not load class org.openxmlformats.schemas.spreadsheetml.x2006.main.STComments
22:26:42.680 [main] DEBUG net.thucydides.core.reflection.ClassFinder - Could not load class org.openxmlformats.schemas.spreadsheetml.x2006.main.STDataValidationImeMode
22:26:42.680 [main] DEBUG net.thucydides.core.reflection.ClassFinder - Could not load class org.openxmlformats.schemas.spreadsheetml.x2006.main.STFieldSortType
22:26:42.680 [main] DEBUG net.thucydides.core.reflection.ClassFinder - Could not load class org.openxmlformats.schemas.spreadsheetml.x2006.main.STOleUpdate
22:26:42.680 [main] DEBUG net.thucydides.core.reflection.ClassFinder - Could not load class org.openxmlformats.schemas.spreadsheetml.x2006.main.STPhoneticAlignment
22:26:42.680 [main] DEBUG net.thucydides.core.reflection.ClassFinder - Could not load class org.openxmlformats.schemas.spreadsheetml.x2006.main.STShowDataAs
22:26:42.680 [main] DEBUG net.thucydides.core.reflection.ClassFinder - Could not load class org.openxmlformats.schemas.spreadsheetml.x2006.main.STSortBy
22:26:42.680 [main] DEBUG net.thucydides.core.reflection.ClassFinder - Could not load class org.openxmlformats.schemas.spreadsheetml.x2006.main.STSortMethod
22:26:42.680 [main] DEBUG net.thucydides.core.reflection.ClassFinder - Could not load class org.openxmlformats.schemas.spreadsheetml.x2006.main.STTableType
22:26:42.680 [main] DEBUG net.thucydides.core.reflection.ClassFinder - Could not load class org.openxmlformats.schemas.spreadsheetml.x2006.main.STTargetScreenSize
22:26:42.680 [main] DEBUG net.thucydides.core.reflection.ClassFinder - Could not load class org.openxmlformats.schemas.spreadsheetml.x2006.main.STTotalsRowFunction
22:26:42.690 [main] DEBUG net.thucydides.core.reflection.ClassFinder - Could not load class org.openxmlformats.schemas.wordprocessingml.x2006.main.CTBookmarkRange
22:26:42.690 [main] DEBUG net.thucydides.core.reflection.ClassFinder - Could not load class org.openxmlformats.schemas.wordprocessingml.x2006.main.CTDocumentBase
22:26:42.690 [main] DEBUG net.thucydides.core.reflection.ClassFinder - Could not load class org.openxmlformats.schemas.wordprocessingml.x2006.main.CTPPrBase
22:26:42.690 [main] DEBUG net.thucydides.core.reflection.ClassFinder - Could not load class org.openxmlformats.schemas.wordprocessingml.x2006.main.CTTblGridBase
22:26:42.690 [main] DEBUG net.thucydides.core.reflection.ClassFinder - Could not load class org.openxmlformats.schemas.wordprocessingml.x2006.main.CTTblPrBase
22:26:42.690 [main] DEBUG net.thucydides.core.reflection.ClassFinder - Could not load class org.openxmlformats.schemas.wordprocessingml.x2006.main.CTTblPrExBase
22:26:42.690 [main] DEBUG net.thucydides.core.reflection.ClassFinder - Could not load class org.openxmlformats.schemas.wordprocessingml.x2006.main.CTTcPrBase
22:26:42.690 [main] DEBUG net.thucydides.core.reflection.ClassFinder - Could not load class org.openxmlformats.schemas.wordprocessingml.x2006.main.CTTcPrInner
22:26:42.690 [main] DEBUG net.thucydides.core.reflection.ClassFinder - Could not load class org.openxmlformats.schemas.wordprocessingml.x2006.main.CTTrPrBase
22:26:42.690 [main] DEBUG net.thucydides.core.reflection.ClassFinder - Could not load class org.openxmlformats.schemas.wordprocessingml.x2006.main.STChapterSep
22:26:42.690 [main] DEBUG net.thucydides.core.reflection.ClassFinder - Could not load class org.openxmlformats.schemas.wordprocessingml.x2006.main.STDropCap
22:26:42.690 [main] DEBUG net.thucydides.core.reflection.ClassFinder - Could not load class org.openxmlformats.schemas.wordprocessingml.x2006.main.STPTabAlignment
22:26:42.690 [main] DEBUG net.thucydides.core.reflection.ClassFinder - Could not load class org.openxmlformats.schemas.wordprocessingml.x2006.main.STPTabLeader
22:26:42.690 [main] DEBUG net.thucydides.core.reflection.ClassFinder - Could not load class org.openxmlformats.schemas.wordprocessingml.x2006.main.STPTabRelativeTo
22:26:42.690 [main] DEBUG net.thucydides.core.reflection.ClassFinder - Could not load class org.openxmlformats.schemas.wordprocessingml.x2006.main.STPageBorderZOrder
22:26:42.690 [main] DEBUG net.thucydides.core.reflection.ClassFinder - Could not load class org.openxmlformats.schemas.wordprocessingml.x2006.main.STZoom
22:26:42.830 [main] DEBUG net.serenitybdd.core.webdriver.driverproviders.ProvideNewDriver - Instantiating driver
22:26:42.830 [main] DEBUG net.serenitybdd.core.webdriver.driverproviders.ProvideNewDriver - Driver capabilities: Capabilities {acceptInsecureCerts: false, browserName: chrome, goog:chromeOptions: {args: [--start-maximized, --test-type, --no-sandbox, --ignore-certificate-errors, \r\n                       ..., --disable-default-apps, --disable-extensions-file-a..., \r\n                       ..., --disable-infobars,--disabl...], extensions: []}}
22:26:42.960 [AsyncHttpClient-1-9] DEBUG org.asynchttpclient.netty.channel.NettyConnectListener - Using new Channel '[id: 0xec682889, L:/127.0.0.1:61838 - R:localhost/127.0.0.1:52991]' for 'POST' to '/session'
22:26:43.878 [AsyncHttpClient-1-9] DEBUG org.asynchttpclient.netty.handler.HttpHandler - 

Request DefaultHttpRequest(decodeResult: success, version: HTTP/1.1)
POST /session HTTP/1.1
User-Agent: selenium/4.1.2 (java windows)
Content-Length: 1191
Content-Type: application/json; charset=utf-8
host: localhost:52991
accept: */*

Response DefaultHttpResponse(decodeResult: success, version: HTTP/1.1)
HTTP/1.1 200 OK
Content-Type: application/json; charset=utf-8
cache-control: no-cache
content-length: 791

22:26:43.879 [AsyncHttpClient-1-9] DEBUG org.asynchttpclient.netty.channel.ChannelManager - Adding key: http://localhost:52991 for channel [id: 0xec682889, L:/127.0.0.1:61838 - R:localhost/127.0.0.1:52991]
22:26:43.886 [AsyncHttpClient-1-2] DEBUG org.asynchttpclient.netty.channel.NettyConnectListener - Using new Channel '[id: 0xfe7d6d79, L:/127.0.0.1:61845 - R:localhost/127.0.0.1:61839]' for 'GET' to '/json/version'
22:26:43.887 [AsyncHttpClient-1-2] DEBUG org.asynchttpclient.netty.handler.HttpHandler - 

Request DefaultFullHttpRequest(decodeResult: success, version: HTTP/1.1, content: EmptyByteBufBE)
GET /json/version HTTP/1.1
User-Agent: selenium/4.1.2 (java windows)
host: localhost:61839
accept: */*

Response DefaultHttpResponse(decodeResult: success, version: HTTP/1.1)
HTTP/1.1 200 OK
Content-Type: application/json; charset=UTF-8
content-length: 424

22:26:43.887 [AsyncHttpClient-1-2] DEBUG org.asynchttpclient.netty.channel.ChannelManager - Adding key: http://localhost:61839 for channel [id: 0xfe7d6d79, L:/127.0.0.1:61845 - R:localhost/127.0.0.1:61839]
22:26:43.889 [AsyncHttpClient-1-3] DEBUG org.asynchttpclient.netty.channel.NettyConnectListener - Using new Channel '[id: 0x67cf579c, L:/127.0.0.1:61846 - R:localhost/127.0.0.1:61839]' for 'GET' to '/devtools/browser/f00b5df7-8de6-452c-8000-1d7a99d13a8e'
22:26:43.890 [AsyncHttpClient-1-3] DEBUG org.asynchttpclient.netty.handler.WebSocketHandler - 

Request DefaultFullHttpRequest(decodeResult: success, version: HTTP/1.1, content: EmptyByteBufBE)
GET /devtools/browser/f00b5df7-8de6-452c-8000-1d7a99d13a8e HTTP/1.1
upgrade: websocket
connection: upgrade
sec-websocket-key: nTtweT8KuxUeVggYy0yD8g==
sec-websocket-version: 13
origin: http://localhost:61839
host: localhost:61839
accept: */*
user-agent: AHC/2.1

Response DefaultHttpResponse(decodeResult: success, version: HTTP/1.1)
HTTP/1.1 101 WebSocket Protocol Handshake
Upgrade: WebSocket
Connection: Upgrade
Sec-WebSocket-Accept: zyz8IEuxE3ovqxLIBf+THyTYJos=

22:26:43.899 [Forwarding maximizeCurrentWindow on session c8c36ac696ca78d104ed9da332fe022b to remote] DEBUG org.asynchttpclient.netty.request.NettyRequestSender - Using pooled Channel '[id: 0xec682889, L:/127.0.0.1:61838 - R:localhost/127.0.0.1:52991]' for 'POST' to 'http://localhost:52991/session/c8c36ac696ca78d104ed9da332fe022b/window/maximize'
22:26:43.899 [Forwarding maximizeCurrentWindow on session c8c36ac696ca78d104ed9da332fe022b to remote] DEBUG org.asynchttpclient.netty.request.NettyRequestSender - Using open Channel [id: 0xec682889, L:/127.0.0.1:61838 - R:localhost/127.0.0.1:52991] for POST '/session/c8c36ac696ca78d104ed9da332fe022b/window/maximize'
22:26:43.906 [AsyncHttpClient-1-9] DEBUG org.asynchttpclient.netty.handler.HttpHandler - 

Request DefaultHttpRequest(decodeResult: success, version: HTTP/1.1)
POST /session/c8c36ac696ca78d104ed9da332fe022b/window/maximize HTTP/1.1
User-Agent: selenium/4.1.2 (java windows)
Content-Length: 3
Content-Type: application/json; charset=utf-8
host: localhost:52991
accept: */*

Response DefaultHttpResponse(decodeResult: success, version: HTTP/1.1)
HTTP/1.1 200 OK
Content-Type: application/json; charset=utf-8
cache-control: no-cache
content-length: 51

22:26:43.906 [AsyncHttpClient-1-9] DEBUG org.asynchttpclient.netty.channel.ChannelManager - Adding key: http://localhost:52991 for channel [id: 0xec682889, L:/127.0.0.1:61838 - R:localhost/127.0.0.1:52991]
22:26:44.480 [AsyncHttpClient-1-1] DEBUG org.asynchttpclient.netty.channel.DefaultChannelPool - Entry count for : http://localhost:52991 : 1
22:26:44.480 [AsyncHttpClient-1-1] DEBUG org.asynchttpclient.netty.channel.DefaultChannelPool - Entry count for : http://localhost:61839 : 1
22:26:45.280 [main] DEBUG net.thucydides.core.reflection.ClassFinder - Could not load class .pages.CampaignPage
22:26:45.280 [main] DEBUG net.thucydides.core.reflection.ClassFinder - Could not load class .pages.N11CampaignsMainPage
22:26:45.280 [main] DEBUG net.thucydides.core.reflection.ClassFinder - Could not load class .questions.CheckDriver
22:26:45.280 [main] DEBUG net.thucydides.core.reflection.ClassFinder - Could not load class .runners.CucumberRunner
22:26:45.280 [main] DEBUG net.thucydides.core.reflection.ClassFinder - Could not load class .stepdefinitions.CampaignsStepDefinitions
22:26:45.280 [main] DEBUG net.thucydides.core.reflection.ClassFinder - Could not load class .tasks.CheckNumOfCampaigns
22:26:45.280 [main] DEBUG net.thucydides.core.reflection.ClassFinder - Could not load class .tasks.ClickCategory
22:26:45.280 [main] DEBUG net.thucydides.core.reflection.ClassFinder - Could not load class .tasks.NavigateTo
22:26:45.280 [main] DEBUG net.thucydides.core.reflection.ClassFinder - Could not load class .tasks.WriteURLsExcel
22:26:45.280 [main] DEBUG net.thucydides.core.reflection.ClassFinder - Could not load class META-INF.versions.9.com.sun.istack.logging.StackHelper
22:26:45.280 [main] DEBUG net.thucydides.core.reflection.ClassFinder - Could not load class META-INF.versions.9.com.sun.xml.bind.v2.runtime.reflect.opt.AccessorInjector
22:26:45.280 [main] DEBUG net.thucydides.core.reflection.ClassFinder - Could not load class META-INF.versions.9.com.sun.xml.bind.v2.runtime.reflect.opt.Injector
22:26:45.280 [main] DEBUG net.thucydides.core.reflection.ClassFinder - Could not load class META-INF.versions.9.com.sun.xml.bind.v2.runtime.reflect.opt.OptimizedAccessorFactory
22:26:45.280 [main] DEBUG net.thucydides.core.reflection.ClassFinder - Could not load class META-INF.versions.9.com.sun.xml.bind.v2.runtime.reflect.opt.OptimizedTransducedAccessorFactory
22:26:45.280 [main] DEBUG net.thucydides.core.reflection.ClassFinder - Could not load class META-INF.versions.9.io.opentelemetry.sdk.internal.CurrentJavaVersionSpecific
22:26:45.280 [main] DEBUG net.thucydides.core.reflection.ClassFinder - Could not load class META-INF.versions.9.io.opentelemetry.sdk.internal.Java9VersionSpecific
22:26:45.280 [main] DEBUG net.thucydides.core.reflection.ClassFinder - Could not load class META-INF.versions.9.javax.xml.bind.ModuleUtil
22:26:45.280 [main] DEBUG net.thucydides.core.reflection.ClassFinder - Could not load class META-INF.versions.9.module-info
22:26:45.290 [main] DEBUG net.thucydides.core.reflection.ClassFinder - Could not load class META-INF.versions.9.org.apache.logging.log4j.util.Base64Util
22:26:45.290 [main] DEBUG net.thucydides.core.reflection.ClassFinder - Could not load class META-INF.versions.9.org.apache.logging.log4j.util.ProcessIdUtil
22:26:45.290 [main] DEBUG net.thucydides.core.reflection.ClassFinder - Could not load class META-INF.versions.9.org.apache.logging.log4j.util.StackLocator
22:26:45.290 [main] DEBUG net.thucydides.core.reflection.ClassFinder - Could not load class META-INF.versions.9.org.apache.logging.log4j.util.internal.DefaultObjectInputFilter
22:26:45.290 [main] DEBUG net.thucydides.core.reflection.ClassFinder - Could not load class META-INF.versions.9.org.apache.xmlbeans.impl.tool.MavenPluginResolver
22:26:45.290 [main] DEBUG net.thucydides.core.reflection.ClassFinder - Could not load class META-INF.versions.9.org.junit.platform.commons.util.ModuleUtils
22:26:45.290 [main] DEBUG net.thucydides.core.reflection.ClassFinder - Could not load class com.microsoft.schemas.office.office.STOLEUpdateMode
22:26:45.290 [main] DEBUG net.thucydides.core.reflection.ClassFinder - Could not load class com.microsoft.schemas.office.office.STScreenSize
22:26:45.290 [main] DEBUG net.thucydides.core.reflection.ClassFinder - Could not load class com.microsoft.schemas.office.visio.x2012.main.SheetType
22:26:45.290 [main] DEBUG net.thucydides.core.reflection.ClassFinder - Could not load class com.microsoft.schemas.office.word.STHorizontalAnchor
22:26:45.290 [main] DEBUG net.thucydides.core.reflection.ClassFinder - Could not load class com.microsoft.schemas.office.word.STVerticalAnchor
22:26:45.290 [main] DEBUG net.thucydides.core.reflection.ClassFinder - Could not load class com.microsoft.schemas.office.word.STWrapSide
22:26:45.290 [main] DEBUG net.thucydides.core.reflection.ClassFinder - Could not load class com.microsoft.schemas.vml.STImageAspect
22:26:45.290 [main] DEBUG net.thucydides.core.reflection.ClassFinder - Could not load class com.microsoft.schemas.vml.STStrokeArrowLength
22:26:45.290 [main] DEBUG net.thucydides.core.reflection.ClassFinder - Could not load class com.microsoft.schemas.vml.STStrokeArrowWidth
22:26:45.300 [main] DEBUG net.thucydides.core.reflection.ClassFinder - Could not load class com.microsoft.schemas.vml.STStrokeEndCap
22:26:45.300 [main] DEBUG net.thucydides.core.reflection.ClassFinder - Could not load class com.microsoft.schemas.vml.STStrokeLineStyle
22:26:45.300 [main] DEBUG net.thucydides.core.reflection.ClassFinder - Could not load class com.sun.xml.bind.v2.runtime.output.FastInfosetStreamWriterOutput
22:26:45.300 [main] DEBUG net.thucydides.core.reflection.ClassFinder - Could not load class module-info
22:26:45.310 [main] DEBUG net.thucydides.core.reflection.ClassFinder - Could not load class org.apache.logging.log4j.util.Activator
22:26:45.310 [main] DEBUG net.thucydides.core.reflection.ClassFinder - Could not load class org.apache.poi.xslf.draw.SVGImageRenderer
22:26:45.310 [main] DEBUG net.thucydides.core.reflection.ClassFinder - Could not load class org.apache.poi.xslf.draw.SVGPOIGraphics2D
22:26:45.310 [main] DEBUG net.thucydides.core.reflection.ClassFinder - Could not load class org.apache.poi.xslf.draw.SVGRenderExtension
22:26:45.320 [main] DEBUG net.thucydides.core.reflection.ClassFinder - Could not load class org.apache.poi.xslf.draw.SVGUserAgent
22:26:45.320 [main] DEBUG net.thucydides.core.reflection.ClassFinder - Could not load class org.apache.poi.xslf.util.SVGFormat
22:26:45.320 [main] DEBUG net.thucydides.core.reflection.ClassFinder - Could not load class org.apache.xmlbeans.impl.schema.TypeSystemHolder
22:26:45.320 [main] DEBUG net.thucydides.core.reflection.ClassFinder - Could not load class org.apache.xmlbeans.impl.tool.MavenPlugin
22:26:45.330 [main] DEBUG net.thucydides.core.reflection.ClassFinder - Could not load class org.apache.xmlbeans.impl.tool.MavenPluginHelp
22:26:45.330 [main] DEBUG net.thucydides.core.reflection.ClassFinder - Could not load class org.apache.xmlbeans.impl.tool.XMLBean
22:26:45.330 [main] DEBUG net.thucydides.core.reflection.ClassFinder - Could not load class org.apache.xmlbeans.impl.xpath.saxon.SaxonXPath
22:26:45.330 [main] DEBUG net.thucydides.core.reflection.ClassFinder - Could not load class org.apache.xmlbeans.impl.xpath.saxon.SaxonXQuery
22:26:45.350 [main] DEBUG net.thucydides.core.reflection.ClassFinder - Could not load class org.etsi.uri.x01903.v13.GenericTimeStampType
22:26:45.350 [main] DEBUG net.thucydides.core.reflection.ClassFinder - Could not load class org.etsi.uri.x01903.v13.QualifierType
22:26:45.360 [main] DEBUG net.thucydides.core.reflection.ClassFinder - Could not load class org.openxmlformats.schemas.drawingml.x2006.chart.CTSerAx
22:26:45.360 [main] DEBUG net.thucydides.core.reflection.ClassFinder - Could not load class org.openxmlformats.schemas.drawingml.x2006.chart.STDepthPercentUShort
22:26:45.360 [main] DEBUG net.thucydides.core.reflection.ClassFinder - Could not load class org.openxmlformats.schemas.drawingml.x2006.chart.STDepthPercentWithSymbol
22:26:45.360 [main] DEBUG net.thucydides.core.reflection.ClassFinder - Could not load class org.openxmlformats.schemas.drawingml.x2006.chart.STHPercentUShort
22:26:45.360 [main] DEBUG net.thucydides.core.reflection.ClassFinder - Could not load class org.openxmlformats.schemas.drawingml.x2006.chart.STHPercentWithSymbol
22:26:45.360 [main] DEBUG net.thucydides.core.reflection.ClassFinder - Could not load class org.openxmlformats.schemas.drawingml.x2006.chart.STHoleSizePercent
22:26:45.360 [main] DEBUG net.thucydides.core.reflection.ClassFinder - Could not load class org.openxmlformats.schemas.drawingml.x2006.chart.STHoleSizeUByte
22:26:45.360 [main] DEBUG net.thucydides.core.reflection.ClassFinder - Could not load class org.openxmlformats.schemas.drawingml.x2006.chart.STOverlapByte
22:26:45.360 [main] DEBUG net.thucydides.core.reflection.ClassFinder - Could not load class org.openxmlformats.schemas.drawingml.x2006.chart.STOverlapPercent
22:26:45.360 [main] DEBUG net.thucydides.core.reflection.ClassFinder - Could not load class org.openxmlformats.schemas.drawingml.x2006.chart.STPageSetupOrientation
22:26:45.360 [main] DEBUG net.thucydides.core.reflection.ClassFinder - Could not load class org.openxmlformats.schemas.drawingml.x2006.main.CTGroupFillProperties
22:26:45.360 [main] DEBUG net.thucydides.core.reflection.ClassFinder - Could not load class org.openxmlformats.schemas.drawingml.x2006.main.CTPath2DQuadBezierTo
22:26:45.360 [main] DEBUG net.thucydides.core.reflection.ClassFinder - Could not load class org.openxmlformats.schemas.drawingml.x2006.main.STEffectContainerType
22:26:45.360 [main] DEBUG net.thucydides.core.reflection.ClassFinder - Could not load class org.openxmlformats.schemas.drawingml.x2006.main.STPresetMaterialType
22:26:45.360 [main] DEBUG net.thucydides.core.reflection.ClassFinder - Could not load class org.openxmlformats.schemas.drawingml.x2006.wordprocessingDrawing.STAlignH
22:26:45.360 [main] DEBUG net.thucydides.core.reflection.ClassFinder - Could not load class org.openxmlformats.schemas.drawingml.x2006.wordprocessingDrawing.STAlignV
22:26:45.360 [main] DEBUG net.thucydides.core.reflection.ClassFinder - Could not load class org.openxmlformats.schemas.officeDocument.x2006.docPropsVTypes.STVectorBaseType
22:26:45.360 [main] DEBUG net.thucydides.core.reflection.ClassFinder - Could not load class org.openxmlformats.schemas.officeDocument.x2006.sharedTypes.STConformanceClass
22:26:45.360 [main] DEBUG net.thucydides.core.reflection.ClassFinder - Could not load class org.openxmlformats.schemas.presentationml.x2006.main.STDirection
22:26:45.360 [main] DEBUG net.thucydides.core.reflection.ClassFinder - Could not load class org.openxmlformats.schemas.presentationml.x2006.main.STTLTimeNodeMasterRelation
22:26:45.360 [main] DEBUG net.thucydides.core.reflection.ClassFinder - Could not load class org.openxmlformats.schemas.presentationml.x2006.main.STTLTimeNodePresetClassType
22:26:45.360 [main] DEBUG net.thucydides.core.reflection.ClassFinder - Could not load class org.openxmlformats.schemas.presentationml.x2006.main.STTLTimeNodeSyncType
22:26:45.360 [main] DEBUG net.thucydides.core.reflection.ClassFinder - Could not load class org.openxmlformats.schemas.presentationml.x2006.main.STTLTriggerEvent
22:26:45.360 [main] DEBUG net.thucydides.core.reflection.ClassFinder - Could not load class org.openxmlformats.schemas.spreadsheetml.x2006.main.STComments
22:26:45.360 [main] DEBUG net.thucydides.core.reflection.ClassFinder - Could not load class org.openxmlformats.schemas.spreadsheetml.x2006.main.STDataValidationImeMode
22:26:45.360 [main] DEBUG net.thucydides.core.reflection.ClassFinder - Could not load class org.openxmlformats.schemas.spreadsheetml.x2006.main.STFieldSortType
22:26:45.360 [main] DEBUG net.thucydides.core.reflection.ClassFinder - Could not load class org.openxmlformats.schemas.spreadsheetml.x2006.main.STOleUpdate
22:26:45.360 [main] DEBUG net.thucydides.core.reflection.ClassFinder - Could not load class org.openxmlformats.schemas.spreadsheetml.x2006.main.STPhoneticAlignment
22:26:45.360 [main] DEBUG net.thucydides.core.reflection.ClassFinder - Could not load class org.openxmlformats.schemas.spreadsheetml.x2006.main.STShowDataAs
22:26:45.360 [main] DEBUG net.thucydides.core.reflection.ClassFinder - Could not load class org.openxmlformats.schemas.spreadsheetml.x2006.main.STSortBy
22:26:45.360 [main] DEBUG net.thucydides.core.reflection.ClassFinder - Could not load class org.openxmlformats.schemas.spreadsheetml.x2006.main.STSortMethod
22:26:45.370 [main] DEBUG net.thucydides.core.reflection.ClassFinder - Could not load class org.openxmlformats.schemas.spreadsheetml.x2006.main.STTableType
22:26:45.370 [main] DEBUG net.thucydides.core.reflection.ClassFinder - Could not load class org.openxmlformats.schemas.spreadsheetml.x2006.main.STTargetScreenSize
22:26:45.370 [main] DEBUG net.thucydides.core.reflection.ClassFinder - Could not load class org.openxmlformats.schemas.spreadsheetml.x2006.main.STTotalsRowFunction
22:26:45.370 [main] DEBUG net.thucydides.core.reflection.ClassFinder - Could not load class org.openxmlformats.schemas.wordprocessingml.x2006.main.CTBookmarkRange
22:26:45.370 [main] DEBUG net.thucydides.core.reflection.ClassFinder - Could not load class org.openxmlformats.schemas.wordprocessingml.x2006.main.CTDocumentBase
22:26:45.370 [main] DEBUG net.thucydides.core.reflection.ClassFinder - Could not load class org.openxmlformats.schemas.wordprocessingml.x2006.main.CTPPrBase
22:26:45.370 [main] DEBUG net.thucydides.core.reflection.ClassFinder - Could not load class org.openxmlformats.schemas.wordprocessingml.x2006.main.CTTblGridBase
22:26:45.370 [main] DEBUG net.thucydides.core.reflection.ClassFinder - Could not load class org.openxmlformats.schemas.wordprocessingml.x2006.main.CTTblPrBase
22:26:45.370 [main] DEBUG net.thucydides.core.reflection.ClassFinder - Could not load class org.openxmlformats.schemas.wordprocessingml.x2006.main.CTTblPrExBase
22:26:45.370 [main] DEBUG net.thucydides.core.reflection.ClassFinder - Could not load class org.openxmlformats.schemas.wordprocessingml.x2006.main.CTTcPrBase
22:26:45.370 [main] DEBUG net.thucydides.core.reflection.ClassFinder - Could not load class org.openxmlformats.schemas.wordprocessingml.x2006.main.CTTcPrInner
22:26:45.370 [main] DEBUG net.thucydides.core.reflection.ClassFinder - Could not load class org.openxmlformats.schemas.wordprocessingml.x2006.main.CTTrPrBase
22:26:45.370 [main] DEBUG net.thucydides.core.reflection.ClassFinder - Could not load class org.openxmlformats.schemas.wordprocessingml.x2006.main.STChapterSep
22:26:45.370 [main] DEBUG net.thucydides.core.reflection.ClassFinder - Could not load class org.openxmlformats.schemas.wordprocessingml.x2006.main.STDropCap
22:26:45.370 [main] DEBUG net.thucydides.core.reflection.ClassFinder - Could not load class org.openxmlformats.schemas.wordprocessingml.x2006.main.STPTabAlignment
22:26:45.370 [main] DEBUG net.thucydides.core.reflection.ClassFinder - Could not load class org.openxmlformats.schemas.wordprocessingml.x2006.main.STPTabLeader
22:26:45.370 [main] DEBUG net.thucydides.core.reflection.ClassFinder - Could not load class org.openxmlformats.schemas.wordprocessingml.x2006.main.STPTabRelativeTo
22:26:45.370 [main] DEBUG net.thucydides.core.reflection.ClassFinder - Could not load class org.openxmlformats.schemas.wordprocessingml.x2006.main.STPageBorderZOrder
22:26:45.370 [main] DEBUG net.thucydides.core.reflection.ClassFinder - Could not load class org.openxmlformats.schemas.wordprocessingml.x2006.main.STZoom
22:26:45.380 [Forwarding get on session c8c36ac696ca78d104ed9da332fe022b to remote] DEBUG org.asynchttpclient.netty.request.NettyRequestSender - Using pooled Channel '[id: 0xec682889, L:/127.0.0.1:61838 - R:localhost/127.0.0.1:52991]' for 'POST' to 'http://localhost:52991/session/c8c36ac696ca78d104ed9da332fe022b/url'
22:26:45.380 [Forwarding get on session c8c36ac696ca78d104ed9da332fe022b to remote] DEBUG org.asynchttpclient.netty.request.NettyRequestSender - Using open Channel [id: 0xec682889, L:/127.0.0.1:61838 - R:localhost/127.0.0.1:52991] for POST '/session/c8c36ac696ca78d104ed9da332fe022b/url'
22:26:45.585 [AsyncHttpClient-1-1] DEBUG org.asynchttpclient.netty.channel.DefaultChannelPool - Entry count for : http://localhost:61839 : 1
22:26:46.681 [AsyncHttpClient-1-1] DEBUG org.asynchttpclient.netty.channel.DefaultChannelPool - Entry count for : http://localhost:61839 : 1
22:26:47.783 [AsyncHttpClient-1-1] DEBUG org.asynchttpclient.netty.channel.DefaultChannelPool - Entry count for : http://localhost:61839 : 1
22:26:48.536 [AsyncHttpClient-1-9] DEBUG org.asynchttpclient.netty.handler.HttpHandler - 

Request DefaultHttpRequest(decodeResult: success, version: HTTP/1.1)
POST /session/c8c36ac696ca78d104ed9da332fe022b/url HTTP/1.1
User-Agent: selenium/4.1.2 (java windows)
Content-Length: 61
Content-Type: application/json; charset=utf-8
host: localhost:52991
accept: */*

Response DefaultHttpResponse(decodeResult: success, version: HTTP/1.1)
HTTP/1.1 200 OK
Content-Type: application/json; charset=utf-8
cache-control: no-cache
content-length: 14

22:26:48.536 [AsyncHttpClient-1-9] DEBUG org.asynchttpclient.netty.channel.ChannelManager - Adding key: http://localhost:52991 for channel [id: 0xec682889, L:/127.0.0.1:61838 - R:localhost/127.0.0.1:52991]
22:26:48.537 [Forwarding setTimeout on session c8c36ac696ca78d104ed9da332fe022b to remote] DEBUG org.asynchttpclient.netty.request.NettyRequestSender - Using pooled Channel '[id: 0xec682889, L:/127.0.0.1:61838 - R:localhost/127.0.0.1:52991]' for 'POST' to 'http://localhost:52991/session/c8c36ac696ca78d104ed9da332fe022b/timeouts'
22:26:48.537 [Forwarding setTimeout on session c8c36ac696ca78d104ed9da332fe022b to remote] DEBUG org.asynchttpclient.netty.request.NettyRequestSender - Using open Channel [id: 0xec682889, L:/127.0.0.1:61838 - R:localhost/127.0.0.1:52991] for POST '/session/c8c36ac696ca78d104ed9da332fe022b/timeouts'
22:26:48.540 [AsyncHttpClient-1-9] DEBUG org.asynchttpclient.netty.handler.HttpHandler - 

Request DefaultHttpRequest(decodeResult: success, version: HTTP/1.1)
POST /session/c8c36ac696ca78d104ed9da332fe022b/timeouts HTTP/1.1
User-Agent: selenium/4.1.2 (java windows)
Content-Length: 22
Content-Type: application/json; charset=utf-8
host: localhost:52991
accept: */*

Response DefaultHttpResponse(decodeResult: success, version: HTTP/1.1)
HTTP/1.1 200 OK
Content-Type: application/json; charset=utf-8
cache-control: no-cache
content-length: 14

22:26:48.541 [AsyncHttpClient-1-9] DEBUG org.asynchttpclient.netty.channel.ChannelManager - Adding key: http://localhost:52991 for channel [id: 0xec682889, L:/127.0.0.1:61838 - R:localhost/127.0.0.1:52991]
22:26:48.543 [Forwarding getCurrentUrl on session c8c36ac696ca78d104ed9da332fe022b to remote] DEBUG org.asynchttpclient.netty.request.NettyRequestSender - Using pooled Channel '[id: 0xec682889, L:/127.0.0.1:61838 - R:localhost/127.0.0.1:52991]' for 'GET' to 'http://localhost:52991/session/c8c36ac696ca78d104ed9da332fe022b/url'
22:26:48.543 [Forwarding getCurrentUrl on session c8c36ac696ca78d104ed9da332fe022b to remote] DEBUG org.asynchttpclient.netty.request.NettyRequestSender - Using open Channel [id: 0xec682889, L:/127.0.0.1:61838 - R:localhost/127.0.0.1:52991] for GET '/session/c8c36ac696ca78d104ed9da332fe022b/url'
22:26:48.549 [AsyncHttpClient-1-9] DEBUG org.asynchttpclient.netty.handler.HttpHandler - 

Request DefaultFullHttpRequest(decodeResult: success, version: HTTP/1.1, content: EmptyByteBufBE)
GET /session/c8c36ac696ca78d104ed9da332fe022b/url HTTP/1.1
User-Agent: selenium/4.1.2 (java windows)
Cache-Control: no-cache
Content-Type: application/json; charset=utf-8
host: localhost:52991
accept: */*

Response DefaultHttpResponse(decodeResult: success, version: HTTP/1.1)
HTTP/1.1 200 OK
Content-Type: application/json; charset=utf-8
cache-control: no-cache
content-length: 43

22:26:48.550 [AsyncHttpClient-1-9] DEBUG org.asynchttpclient.netty.channel.ChannelManager - Adding key: http://localhost:52991 for channel [id: 0xec682889, L:/127.0.0.1:61838 - R:localhost/127.0.0.1:52991]
22:26:48.552 [Forwarding getCurrentUrl on session c8c36ac696ca78d104ed9da332fe022b to remote] DEBUG org.asynchttpclient.netty.request.NettyRequestSender - Using pooled Channel '[id: 0xec682889, L:/127.0.0.1:61838 - R:localhost/127.0.0.1:52991]' for 'GET' to 'http://localhost:52991/session/c8c36ac696ca78d104ed9da332fe022b/url'
22:26:48.552 [Forwarding getCurrentUrl on session c8c36ac696ca78d104ed9da332fe022b to remote] DEBUG org.asynchttpclient.netty.request.NettyRequestSender - Using open Channel [id: 0xec682889, L:/127.0.0.1:61838 - R:localhost/127.0.0.1:52991] for GET '/session/c8c36ac696ca78d104ed9da332fe022b/url'
22:26:48.558 [AsyncHttpClient-1-9] DEBUG org.asynchttpclient.netty.handler.HttpHandler - 

Request DefaultFullHttpRequest(decodeResult: success, version: HTTP/1.1, content: EmptyByteBufBE)
GET /session/c8c36ac696ca78d104ed9da332fe022b/url HTTP/1.1
User-Agent: selenium/4.1.2 (java windows)
Cache-Control: no-cache
Content-Type: application/json; charset=utf-8
host: localhost:52991
accept: */*

Response DefaultHttpResponse(decodeResult: success, version: HTTP/1.1)
HTTP/1.1 200 OK
Content-Type: application/json; charset=utf-8
cache-control: no-cache
content-length: 43

22:26:48.558 [AsyncHttpClient-1-9] DEBUG org.asynchttpclient.netty.channel.ChannelManager - Adding key: http://localhost:52991 for channel [id: 0xec682889, L:/127.0.0.1:61838 - R:localhost/127.0.0.1:52991]
22:26:48.569 [Forwarding screenshot on session c8c36ac696ca78d104ed9da332fe022b to remote] DEBUG org.asynchttpclient.netty.request.NettyRequestSender - Using pooled Channel '[id: 0xec682889, L:/127.0.0.1:61838 - R:localhost/127.0.0.1:52991]' for 'GET' to 'http://localhost:52991/session/c8c36ac696ca78d104ed9da332fe022b/screenshot'
22:26:48.569 [Forwarding screenshot on session c8c36ac696ca78d104ed9da332fe022b to remote] DEBUG org.asynchttpclient.netty.request.NettyRequestSender - Using open Channel [id: 0xec682889, L:/127.0.0.1:61838 - R:localhost/127.0.0.1:52991] for GET '/session/c8c36ac696ca78d104ed9da332fe022b/screenshot'
22:26:48.885 [AsyncHttpClient-1-1] DEBUG org.asynchttpclient.netty.channel.DefaultChannelPool - Entry count for : http://localhost:61839 : 1
22:26:48.907 [AsyncHttpClient-1-9] DEBUG org.asynchttpclient.netty.handler.HttpHandler - 

Request DefaultFullHttpRequest(decodeResult: success, version: HTTP/1.1, content: EmptyByteBufBE)
GET /session/c8c36ac696ca78d104ed9da332fe022b/screenshot HTTP/1.1
User-Agent: selenium/4.1.2 (java windows)
Cache-Control: no-cache
Content-Type: application/json; charset=utf-8
host: localhost:52991
accept: */*

Response DefaultHttpResponse(decodeResult: success, version: HTTP/1.1)
HTTP/1.1 200 OK
Content-Type: application/json; charset=utf-8
cache-control: no-cache
content-length: 716148

22:26:48.907 [AsyncHttpClient-1-9] DEBUG org.asynchttpclient.netty.channel.ChannelManager - Adding key: http://localhost:52991 for channel [id: 0xec682889, L:/127.0.0.1:61838 - R:localhost/127.0.0.1:52991]
22:26:48.927 [main] DEBUG net.serenitybdd.core.photography.Darkroom - Send negative for processing for target\site\serenity\0b663212aae285cd7e928c04715213693ec5aec7e300b9c9e8ddf126ebdfce52.png
22:26:48.927 [main] DEBUG net.thucydides.core.steps.StepInterceptor - STEP DONE: {0} opens the #targetPageName
22:26:48.937 [main] DEBUG net.thucydides.core.steps.StepInterceptor - STEP DONE: !#title
  &amp#27;[32mGiven &amp#27;[0m&amp#27;[32muser opens the page&amp#27;[0m                                                 &amp#27;[90m# stepdefinitions.CampaignsStepDefinitions.userOpensThePage()&amp#27;[0m
22:26:48.965 [main] DEBUG net.thucydides.core.steps.StepInterceptor - STARTING STEP: CampaignsStepDefinitions.userClicksOnACategory - {0} clicks on #target
22:26:48.965 [main] DEBUG net.serenitybdd.screenplay.targets.IFrameSwitcher - default content already selected for Location pop-up close
22:26:48.965 [Forwarding findElement on session c8c36ac696ca78d104ed9da332fe022b to remote] DEBUG org.asynchttpclient.netty.request.NettyRequestSender - Using pooled Channel '[id: 0xec682889, L:/127.0.0.1:61838 - R:localhost/127.0.0.1:52991]' for 'POST' to 'http://localhost:52991/session/c8c36ac696ca78d104ed9da332fe022b/element'
22:26:48.965 [Forwarding findElement on session c8c36ac696ca78d104ed9da332fe022b to remote] DEBUG org.asynchttpclient.netty.request.NettyRequestSender - Using open Channel [id: 0xec682889, L:/127.0.0.1:61838 - R:localhost/127.0.0.1:52991] for POST '/session/c8c36ac696ca78d104ed9da332fe022b/element'
22:26:48.984 [AsyncHttpClient-1-9] DEBUG org.asynchttpclient.netty.handler.HttpHandler - 

Request DefaultHttpRequest(decodeResult: success, version: HTTP/1.1)
POST /session/c8c36ac696ca78d104ed9da332fe022b/element HTTP/1.1
User-Agent: selenium/4.1.2 (java windows)
Content-Length: 66
Content-Type: application/json; charset=utf-8
host: localhost:52991
accept: */*

Response DefaultHttpResponse(decodeResult: success, version: HTTP/1.1)
HTTP/1.1 200 OK
Content-Type: application/json; charset=utf-8
cache-control: no-cache
content-length: 88

22:26:48.984 [AsyncHttpClient-1-9] DEBUG org.asynchttpclient.netty.channel.ChannelManager - Adding key: http://localhost:52991 for channel [id: 0xec682889, L:/127.0.0.1:61838 - R:localhost/127.0.0.1:52991]
22:26:48.989 [Forwarding isElementDisplayed on session c8c36ac696ca78d104ed9da332fe022b to remote] DEBUG org.asynchttpclient.netty.request.NettyRequestSender - Using pooled Channel '[id: 0xec682889, L:/127.0.0.1:61838 - R:localhost/127.0.0.1:52991]' for 'POST' to 'http://localhost:52991/session/c8c36ac696ca78d104ed9da332fe022b/execute/sync'
22:26:48.989 [Forwarding isElementDisplayed on session c8c36ac696ca78d104ed9da332fe022b to remote] DEBUG org.asynchttpclient.netty.request.NettyRequestSender - Using open Channel [id: 0xec682889, L:/127.0.0.1:61838 - R:localhost/127.0.0.1:52991] for POST '/session/c8c36ac696ca78d104ed9da332fe022b/execute/sync'
22:26:49.120 [AsyncHttpClient-1-9] DEBUG org.asynchttpclient.netty.handler.HttpHandler - 

Request DefaultHttpRequest(decodeResult: success, version: HTTP/1.1)
POST /session/c8c36ac696ca78d104ed9da332fe022b/execute/sync HTTP/1.1
User-Agent: selenium/4.1.2 (java windows)
Content-Length: 48780
Content-Type: application/json; charset=utf-8
host: localhost:52991
accept: */*

Response DefaultHttpResponse(decodeResult: success, version: HTTP/1.1)
HTTP/1.1 200 OK
Content-Type: application/json; charset=utf-8
cache-control: no-cache
content-length: 14

22:26:49.120 [AsyncHttpClient-1-9] DEBUG org.asynchttpclient.netty.channel.ChannelManager - Adding key: http://localhost:52991 for channel [id: 0xec682889, L:/127.0.0.1:61838 - R:localhost/127.0.0.1:52991]
22:26:49.123 [Forwarding findElement on session c8c36ac696ca78d104ed9da332fe022b to remote] DEBUG org.asynchttpclient.netty.request.NettyRequestSender - Using pooled Channel '[id: 0xec682889, L:/127.0.0.1:61838 - R:localhost/127.0.0.1:52991]' for 'POST' to 'http://localhost:52991/session/c8c36ac696ca78d104ed9da332fe022b/element'
22:26:49.123 [Forwarding findElement on session c8c36ac696ca78d104ed9da332fe022b to remote] DEBUG org.asynchttpclient.netty.request.NettyRequestSender - Using open Channel [id: 0xec682889, L:/127.0.0.1:61838 - R:localhost/127.0.0.1:52991] for POST '/session/c8c36ac696ca78d104ed9da332fe022b/element'
22:26:49.137 [AsyncHttpClient-1-9] DEBUG org.asynchttpclient.netty.handler.HttpHandler - 

Request DefaultHttpRequest(decodeResult: success, version: HTTP/1.1)
POST /session/c8c36ac696ca78d104ed9da332fe022b/element HTTP/1.1
User-Agent: selenium/4.1.2 (java windows)
Content-Length: 66
Content-Type: application/json; charset=utf-8
host: localhost:52991
accept: */*

Response DefaultHttpResponse(decodeResult: success, version: HTTP/1.1)
HTTP/1.1 200 OK
Content-Type: application/json; charset=utf-8
cache-control: no-cache
content-length: 88

22:26:49.137 [AsyncHttpClient-1-9] DEBUG org.asynchttpclient.netty.channel.ChannelManager - Adding key: http://localhost:52991 for channel [id: 0xec682889, L:/127.0.0.1:61838 - R:localhost/127.0.0.1:52991]
22:26:49.138 [Forwarding clickElement on session c8c36ac696ca78d104ed9da332fe022b to remote] DEBUG org.asynchttpclient.netty.request.NettyRequestSender - Using pooled Channel '[id: 0xec682889, L:/127.0.0.1:61838 - R:localhost/127.0.0.1:52991]' for 'POST' to 'http://localhost:52991/session/c8c36ac696ca78d104ed9da332fe022b/element/4038dc8d-96bd-4d46-b849-e32c307da340/click'
22:26:49.138 [Forwarding clickElement on session c8c36ac696ca78d104ed9da332fe022b to remote] DEBUG org.asynchttpclient.netty.request.NettyRequestSender - Using open Channel [id: 0xec682889, L:/127.0.0.1:61838 - R:localhost/127.0.0.1:52991] for POST '/session/c8c36ac696ca78d104ed9da332fe022b/element/4038dc8d-96bd-4d46-b849-e32c307da340/click'
22:26:49.247 [AsyncHttpClient-1-9] DEBUG org.asynchttpclient.netty.handler.HttpHandler - 

Request DefaultHttpRequest(decodeResult: success, version: HTTP/1.1)
POST /session/c8c36ac696ca78d104ed9da332fe022b/element/4038dc8d-96bd-4d46-b849-e32c307da340/click HTTP/1.1
User-Agent: selenium/4.1.2 (java windows)
Content-Length: 50
Content-Type: application/json; charset=utf-8
host: localhost:52991
accept: */*

Response DefaultHttpResponse(decodeResult: success, version: HTTP/1.1)
HTTP/1.1 200 OK
Content-Type: application/json; charset=utf-8
cache-control: no-cache
content-length: 14

22:26:49.247 [AsyncHttpClient-1-9] DEBUG org.asynchttpclient.netty.channel.ChannelManager - Adding key: http://localhost:52991 for channel [id: 0xec682889, L:/127.0.0.1:61838 - R:localhost/127.0.0.1:52991]
22:26:49.256 [Forwarding screenshot on session c8c36ac696ca78d104ed9da332fe022b to remote] DEBUG org.asynchttpclient.netty.request.NettyRequestSender - Using pooled Channel '[id: 0xec682889, L:/127.0.0.1:61838 - R:localhost/127.0.0.1:52991]' for 'GET' to 'http://localhost:52991/session/c8c36ac696ca78d104ed9da332fe022b/screenshot'
22:26:49.257 [Forwarding screenshot on session c8c36ac696ca78d104ed9da332fe022b to remote] DEBUG org.asynchttpclient.netty.request.NettyRequestSender - Using open Channel [id: 0xec682889, L:/127.0.0.1:61838 - R:localhost/127.0.0.1:52991] for GET '/session/c8c36ac696ca78d104ed9da332fe022b/screenshot'
22:26:49.734 [AsyncHttpClient-1-9] DEBUG org.asynchttpclient.netty.handler.HttpHandler - 

Request DefaultFullHttpRequest(decodeResult: success, version: HTTP/1.1, content: EmptyByteBufBE)
GET /session/c8c36ac696ca78d104ed9da332fe022b/screenshot HTTP/1.1
User-Agent: selenium/4.1.2 (java windows)
Cache-Control: no-cache
Content-Type: application/json; charset=utf-8
host: localhost:52991
accept: */*

Response DefaultHttpResponse(decodeResult: success, version: HTTP/1.1)
HTTP/1.1 200 OK
Content-Type: application/json; charset=utf-8
cache-control: no-cache
content-length: 717696

22:26:49.735 [AsyncHttpClient-1-9] DEBUG org.asynchttpclient.netty.channel.ChannelManager - Adding key: http://localhost:52991 for channel [id: 0xec682889, L:/127.0.0.1:61838 - R:localhost/127.0.0.1:52991]
22:26:49.756 [main] DEBUG net.serenitybdd.core.photography.Darkroom - Send negative for processing for target\site\serenity\994c487e5506bf21237330788ec067b33267066c8a3b864f47af95f1c3610b99.png
22:26:49.756 [main] DEBUG net.thucydides.core.steps.StepInterceptor - STEP DONE: {0} clicks on #target
22:26:49.756 [Darkroom Processing Line] DEBUG net.serenitybdd.core.photography.DarkroomProcessingLine - Processing screenshot image in /var/screenshots/screenshot-4961914332024311074
22:26:49.756 [Darkroom Processing Line] DEBUG net.serenitybdd.core.photography.DarkroomProcessingLine - Saving screenshot to target\site\serenity\994c487e5506bf21237330788ec067b33267066c8a3b864f47af95f1c3610b99.png
22:26:49.761 [main] DEBUG net.thucydides.core.steps.StepInterceptor - STARTING STEP: CampaignsStepDefinitions.userClicksOnACategory - {0} clicks on #category
22:26:49.767 [main] DEBUG net.serenitybdd.screenplay.targets.IFrameSwitcher - default content already selected for Mucevher category
22:26:49.800 [Forwarding findElements on session c8c36ac696ca78d104ed9da332fe022b to remote] DEBUG org.asynchttpclient.netty.request.NettyRequestSender - Using pooled Channel '[id: 0xec682889, L:/127.0.0.1:61838 - R:localhost/127.0.0.1:52991]' for 'POST' to 'http://localhost:52991/session/c8c36ac696ca78d104ed9da332fe022b/elements'
22:26:49.800 [Forwarding findElements on session c8c36ac696ca78d104ed9da332fe022b to remote] DEBUG org.asynchttpclient.netty.request.NettyRequestSender - Using open Channel [id: 0xec682889, L:/127.0.0.1:61838 - R:localhost/127.0.0.1:52991] for POST '/session/c8c36ac696ca78d104ed9da332fe022b/elements'
22:26:49.830 [AsyncHttpClient-1-9] DEBUG org.asynchttpclient.netty.handler.HttpHandler - 

Request DefaultHttpRequest(decodeResult: success, version: HTTP/1.1)
POST /session/c8c36ac696ca78d104ed9da332fe022b/elements HTTP/1.1
User-Agent: selenium/4.1.2 (java windows)
Content-Length: 74
Content-Type: application/json; charset=utf-8
host: localhost:52991
accept: */*

Response DefaultHttpResponse(decodeResult: success, version: HTTP/1.1)
HTTP/1.1 200 OK
Content-Type: application/json; charset=utf-8
cache-control: no-cache
content-length: 90

22:26:49.831 [AsyncHttpClient-1-9] DEBUG org.asynchttpclient.netty.channel.ChannelManager - Adding key: http://localhost:52991 for channel [id: 0xec682889, L:/127.0.0.1:61838 - R:localhost/127.0.0.1:52991]
22:26:49.838 [Forwarding isElementDisplayed on session c8c36ac696ca78d104ed9da332fe022b to remote] DEBUG org.asynchttpclient.netty.request.NettyRequestSender - Using pooled Channel '[id: 0xec682889, L:/127.0.0.1:61838 - R:localhost/127.0.0.1:52991]' for 'POST' to 'http://localhost:52991/session/c8c36ac696ca78d104ed9da332fe022b/execute/sync'
22:26:49.838 [Forwarding isElementDisplayed on session c8c36ac696ca78d104ed9da332fe022b to remote] DEBUG org.asynchttpclient.netty.request.NettyRequestSender - Using open Channel [id: 0xec682889, L:/127.0.0.1:61838 - R:localhost/127.0.0.1:52991] for POST '/session/c8c36ac696ca78d104ed9da332fe022b/execute/sync'
22:26:49.863 [AsyncHttpClient-1-9] DEBUG org.asynchttpclient.netty.handler.HttpHandler - 

Request DefaultHttpRequest(decodeResult: success, version: HTTP/1.1)
POST /session/c8c36ac696ca78d104ed9da332fe022b/execute/sync HTTP/1.1
User-Agent: selenium/4.1.2 (java windows)
Content-Length: 48780
Content-Type: application/json; charset=utf-8
host: localhost:52991
accept: */*

Response DefaultHttpResponse(decodeResult: success, version: HTTP/1.1)
HTTP/1.1 200 OK
Content-Type: application/json; charset=utf-8
cache-control: no-cache
content-length: 14

22:26:49.863 [AsyncHttpClient-1-9] DEBUG org.asynchttpclient.netty.channel.ChannelManager - Adding key: http://localhost:52991 for channel [id: 0xec682889, L:/127.0.0.1:61838 - R:localhost/127.0.0.1:52991]
22:26:49.864 [Forwarding isElementEnabled on session c8c36ac696ca78d104ed9da332fe022b to remote] DEBUG org.asynchttpclient.netty.request.NettyRequestSender - Using pooled Channel '[id: 0xec682889, L:/127.0.0.1:61838 - R:localhost/127.0.0.1:52991]' for 'GET' to 'http://localhost:52991/session/c8c36ac696ca78d104ed9da332fe022b/element/f5858562-0788-4e5b-8fe1-40a9e941b06b/enabled'
22:26:49.864 [Forwarding isElementEnabled on session c8c36ac696ca78d104ed9da332fe022b to remote] DEBUG org.asynchttpclient.netty.request.NettyRequestSender - Using open Channel [id: 0xec682889, L:/127.0.0.1:61838 - R:localhost/127.0.0.1:52991] for GET '/session/c8c36ac696ca78d104ed9da332fe022b/element/f5858562-0788-4e5b-8fe1-40a9e941b06b/enabled'
22:26:49.903 [AsyncHttpClient-1-9] DEBUG org.asynchttpclient.netty.handler.HttpHandler - 

Request DefaultFullHttpRequest(decodeResult: success, version: HTTP/1.1, content: EmptyByteBufBE)
GET /session/c8c36ac696ca78d104ed9da332fe022b/element/f5858562-0788-4e5b-8fe1-40a9e941b06b/enabled HTTP/1.1
User-Agent: selenium/4.1.2 (java windows)
Cache-Control: no-cache
Content-Type: application/json; charset=utf-8
host: localhost:52991
accept: */*

Response DefaultHttpResponse(decodeResult: success, version: HTTP/1.1)
HTTP/1.1 200 OK
Content-Type: application/json; charset=utf-8
cache-control: no-cache
content-length: 14

22:26:49.903 [AsyncHttpClient-1-9] DEBUG org.asynchttpclient.netty.channel.ChannelManager - Adding key: http://localhost:52991 for channel [id: 0xec682889, L:/127.0.0.1:61838 - R:localhost/127.0.0.1:52991]
22:26:49.912 [main] DEBUG net.thucydides.core.steps.StepInterceptor - STARTING STEP: ClickCategory.performAs - {0} clicks on #target
22:26:49.912 [main] DEBUG net.serenitybdd.screenplay.targets.IFrameSwitcher - default content already selected for Mucevher category
22:26:49.917 [Forwarding findElement on session c8c36ac696ca78d104ed9da332fe022b to remote] DEBUG org.asynchttpclient.netty.request.NettyRequestSender - Using pooled Channel '[id: 0xec682889, L:/127.0.0.1:61838 - R:localhost/127.0.0.1:52991]' for 'POST' to 'http://localhost:52991/session/c8c36ac696ca78d104ed9da332fe022b/element'
22:26:49.917 [Forwarding findElement on session c8c36ac696ca78d104ed9da332fe022b to remote] DEBUG org.asynchttpclient.netty.request.NettyRequestSender - Using open Channel [id: 0xec682889, L:/127.0.0.1:61838 - R:localhost/127.0.0.1:52991] for POST '/session/c8c36ac696ca78d104ed9da332fe022b/element'
22:26:49.936 [AsyncHttpClient-1-9] DEBUG org.asynchttpclient.netty.handler.HttpHandler - 

Request DefaultHttpRequest(decodeResult: success, version: HTTP/1.1)
POST /session/c8c36ac696ca78d104ed9da332fe022b/element HTTP/1.1
User-Agent: selenium/4.1.2 (java windows)
Content-Length: 74
Content-Type: application/json; charset=utf-8
host: localhost:52991
accept: */*

Response DefaultHttpResponse(decodeResult: success, version: HTTP/1.1)
HTTP/1.1 200 OK
Content-Type: application/json; charset=utf-8
cache-control: no-cache
content-length: 88

22:26:49.936 [AsyncHttpClient-1-9] DEBUG org.asynchttpclient.netty.channel.ChannelManager - Adding key: http://localhost:52991 for channel [id: 0xec682889, L:/127.0.0.1:61838 - R:localhost/127.0.0.1:52991]
22:26:49.941 [Forwarding isElementDisplayed on session c8c36ac696ca78d104ed9da332fe022b to remote] DEBUG org.asynchttpclient.netty.request.NettyRequestSender - Using pooled Channel '[id: 0xec682889, L:/127.0.0.1:61838 - R:localhost/127.0.0.1:52991]' for 'POST' to 'http://localhost:52991/session/c8c36ac696ca78d104ed9da332fe022b/execute/sync'
22:26:49.941 [Forwarding isElementDisplayed on session c8c36ac696ca78d104ed9da332fe022b to remote] DEBUG org.asynchttpclient.netty.request.NettyRequestSender - Using open Channel [id: 0xec682889, L:/127.0.0.1:61838 - R:localhost/127.0.0.1:52991] for POST '/session/c8c36ac696ca78d104ed9da332fe022b/execute/sync'
22:26:49.954 [AsyncHttpClient-1-9] DEBUG org.asynchttpclient.netty.handler.HttpHandler - 

Request DefaultHttpRequest(decodeResult: success, version: HTTP/1.1)
POST /session/c8c36ac696ca78d104ed9da332fe022b/execute/sync HTTP/1.1
User-Agent: selenium/4.1.2 (java windows)
Content-Length: 48780
Content-Type: application/json; charset=utf-8
host: localhost:52991
accept: */*

Response DefaultHttpResponse(decodeResult: success, version: HTTP/1.1)
HTTP/1.1 200 OK
Content-Type: application/json; charset=utf-8
cache-control: no-cache
content-length: 14

22:26:49.955 [AsyncHttpClient-1-9] DEBUG org.asynchttpclient.netty.channel.ChannelManager - Adding key: http://localhost:52991 for channel [id: 0xec682889, L:/127.0.0.1:61838 - R:localhost/127.0.0.1:52991]
22:26:49.957 [Forwarding findElement on session c8c36ac696ca78d104ed9da332fe022b to remote] DEBUG org.asynchttpclient.netty.request.NettyRequestSender - Using pooled Channel '[id: 0xec682889, L:/127.0.0.1:61838 - R:localhost/127.0.0.1:52991]' for 'POST' to 'http://localhost:52991/session/c8c36ac696ca78d104ed9da332fe022b/element'
22:26:49.957 [Forwarding findElement on session c8c36ac696ca78d104ed9da332fe022b to remote] DEBUG org.asynchttpclient.netty.request.NettyRequestSender - Using open Channel [id: 0xec682889, L:/127.0.0.1:61838 - R:localhost/127.0.0.1:52991] for POST '/session/c8c36ac696ca78d104ed9da332fe022b/element'
22:26:49.966 [AsyncHttpClient-1-9] DEBUG org.asynchttpclient.netty.handler.HttpHandler - 

Request DefaultHttpRequest(decodeResult: success, version: HTTP/1.1)
POST /session/c8c36ac696ca78d104ed9da332fe022b/element HTTP/1.1
User-Agent: selenium/4.1.2 (java windows)
Content-Length: 74
Content-Type: application/json; charset=utf-8
host: localhost:52991
accept: */*

Response DefaultHttpResponse(decodeResult: success, version: HTTP/1.1)
HTTP/1.1 200 OK
Content-Type: application/json; charset=utf-8
cache-control: no-cache
content-length: 88

22:26:49.966 [AsyncHttpClient-1-9] DEBUG org.asynchttpclient.netty.channel.ChannelManager - Adding key: http://localhost:52991 for channel [id: 0xec682889, L:/127.0.0.1:61838 - R:localhost/127.0.0.1:52991]
22:26:49.968 [Forwarding clickElement on session c8c36ac696ca78d104ed9da332fe022b to remote] DEBUG org.asynchttpclient.netty.request.NettyRequestSender - Using pooled Channel '[id: 0xec682889, L:/127.0.0.1:61838 - R:localhost/127.0.0.1:52991]' for 'POST' to 'http://localhost:52991/session/c8c36ac696ca78d104ed9da332fe022b/element/f5858562-0788-4e5b-8fe1-40a9e941b06b/click'
22:26:49.968 [Forwarding clickElement on session c8c36ac696ca78d104ed9da332fe022b to remote] DEBUG org.asynchttpclient.netty.request.NettyRequestSender - Using open Channel [id: 0xec682889, L:/127.0.0.1:61838 - R:localhost/127.0.0.1:52991] for POST '/session/c8c36ac696ca78d104ed9da332fe022b/element/f5858562-0788-4e5b-8fe1-40a9e941b06b/click'
22:26:49.988 [AsyncHttpClient-1-1] DEBUG org.asynchttpclient.netty.channel.DefaultChannelPool - Entry count for : http://localhost:61839 : 1
22:26:50.162 [AsyncHttpClient-1-9] DEBUG org.asynchttpclient.netty.handler.HttpHandler - 

Request DefaultHttpRequest(decodeResult: success, version: HTTP/1.1)
POST /session/c8c36ac696ca78d104ed9da332fe022b/element/f5858562-0788-4e5b-8fe1-40a9e941b06b/click HTTP/1.1
User-Agent: selenium/4.1.2 (java windows)
Content-Length: 50
Content-Type: application/json; charset=utf-8
host: localhost:52991
accept: */*

Response DefaultHttpResponse(decodeResult: success, version: HTTP/1.1)
HTTP/1.1 200 OK
Content-Type: application/json; charset=utf-8
cache-control: no-cache
content-length: 14

22:26:50.162 [AsyncHttpClient-1-9] DEBUG org.asynchttpclient.netty.channel.ChannelManager - Adding key: http://localhost:52991 for channel [id: 0xec682889, L:/127.0.0.1:61838 - R:localhost/127.0.0.1:52991]
22:26:50.180 [Forwarding screenshot on session c8c36ac696ca78d104ed9da332fe022b to remote] DEBUG org.asynchttpclient.netty.request.NettyRequestSender - Using pooled Channel '[id: 0xec682889, L:/127.0.0.1:61838 - R:localhost/127.0.0.1:52991]' for 'GET' to 'http://localhost:52991/session/c8c36ac696ca78d104ed9da332fe022b/screenshot'
22:26:50.180 [Forwarding screenshot on session c8c36ac696ca78d104ed9da332fe022b to remote] DEBUG org.asynchttpclient.netty.request.NettyRequestSender - Using open Channel [id: 0xec682889, L:/127.0.0.1:61838 - R:localhost/127.0.0.1:52991] for GET '/session/c8c36ac696ca78d104ed9da332fe022b/screenshot'
22:26:50.771 [AsyncHttpClient-1-9] DEBUG org.asynchttpclient.netty.handler.HttpHandler - 

Request DefaultFullHttpRequest(decodeResult: success, version: HTTP/1.1, content: EmptyByteBufBE)
GET /session/c8c36ac696ca78d104ed9da332fe022b/screenshot HTTP/1.1
User-Agent: selenium/4.1.2 (java windows)
Cache-Control: no-cache
Content-Type: application/json; charset=utf-8
host: localhost:52991
accept: */*

Response DefaultHttpResponse(decodeResult: success, version: HTTP/1.1)
HTTP/1.1 200 OK
Content-Type: application/json; charset=utf-8
cache-control: no-cache
content-length: 134012

22:26:50.771 [AsyncHttpClient-1-9] DEBUG org.asynchttpclient.netty.channel.ChannelManager - Adding key: http://localhost:52991 for channel [id: 0xec682889, L:/127.0.0.1:61838 - R:localhost/127.0.0.1:52991]
22:26:50.778 [main] DEBUG net.serenitybdd.core.photography.Darkroom - Send negative for processing for target\site\serenity\a32783fec708ea5f3c6ea553703c026b8491108d33d0a35dc42626e1dac672d7.png
22:26:50.779 [main] DEBUG net.thucydides.core.steps.StepInterceptor - STEP DONE: {0} clicks on #target
22:26:50.779 [Darkroom Processing Line] DEBUG net.serenitybdd.core.photography.DarkroomProcessingLine - Processing screenshot image in /var/screenshots/screenshot-539295542527371997
22:26:50.781 [Darkroom Processing Line] DEBUG net.serenitybdd.core.photography.DarkroomProcessingLine - Saving screenshot to target\site\serenity\a32783fec708ea5f3c6ea553703c026b8491108d33d0a35dc42626e1dac672d7.png
22:26:50.789 [main] DEBUG net.thucydides.core.steps.StepInterceptor - STEP DONE: {0} clicks on #category
  &amp#27;[32mWhen &amp#27;[0m&amp#27;[32muser clicks on &amp#27;[0m&amp#27;[32m&amp#27;[1m"mucevher-saat"&amp#27;[0m                                       &amp#27;[90m# stepdefinitions.CampaignsStepDefinitions.userClicksOnACategory(java.lang.String)&amp#27;[0m
22:26:50.807 [Forwarding findElements on session c8c36ac696ca78d104ed9da332fe022b to remote] DEBUG org.asynchttpclient.netty.request.NettyRequestSender - Using pooled Channel '[id: 0xec682889, L:/127.0.0.1:61838 - R:localhost/127.0.0.1:52991]' for 'POST' to 'http://localhost:52991/session/c8c36ac696ca78d104ed9da332fe022b/elements'
22:26:50.807 [Forwarding findElements on session c8c36ac696ca78d104ed9da332fe022b to remote] DEBUG org.asynchttpclient.netty.request.NettyRequestSender - Using open Channel [id: 0xec682889, L:/127.0.0.1:61838 - R:localhost/127.0.0.1:52991] for POST '/session/c8c36ac696ca78d104ed9da332fe022b/elements'
22:26:50.828 [AsyncHttpClient-1-9] DEBUG org.asynchttpclient.netty.handler.HttpHandler - 

Request DefaultHttpRequest(decodeResult: success, version: HTTP/1.1)
POST /session/c8c36ac696ca78d104ed9da332fe022b/elements HTTP/1.1
User-Agent: selenium/4.1.2 (java windows)
Content-Length: 84
Content-Type: application/json; charset=utf-8
host: localhost:52991
accept: */*

Response DefaultHttpResponse(decodeResult: success, version: HTTP/1.1)
HTTP/1.1 200 OK
Content-Type: application/json; charset=utf-8
cache-control: no-cache
content-length: 6331

22:26:50.828 [AsyncHttpClient-1-9] DEBUG org.asynchttpclient.netty.channel.ChannelManager - Adding key: http://localhost:52991 for channel [id: 0xec682889, L:/127.0.0.1:61838 - R:localhost/127.0.0.1:52991]
22:26:50.831 [Forwarding findElement on session c8c36ac696ca78d104ed9da332fe022b to remote] DEBUG org.asynchttpclient.netty.request.NettyRequestSender - Using pooled Channel '[id: 0xec682889, L:/127.0.0.1:61838 - R:localhost/127.0.0.1:52991]' for 'POST' to 'http://localhost:52991/session/c8c36ac696ca78d104ed9da332fe022b/element'
22:26:50.831 [Forwarding findElement on session c8c36ac696ca78d104ed9da332fe022b to remote] DEBUG org.asynchttpclient.netty.request.NettyRequestSender - Using open Channel [id: 0xec682889, L:/127.0.0.1:61838 - R:localhost/127.0.0.1:52991] for POST '/session/c8c36ac696ca78d104ed9da332fe022b/element'
22:26:50.865 [AsyncHttpClient-1-9] DEBUG org.asynchttpclient.netty.handler.HttpHandler - 

Request DefaultHttpRequest(decodeResult: success, version: HTTP/1.1)
POST /session/c8c36ac696ca78d104ed9da332fe022b/element HTTP/1.1
User-Agent: selenium/4.1.2 (java windows)
Content-Length: 74
Content-Type: application/json; charset=utf-8
host: localhost:52991
accept: */*

Response DefaultHttpResponse(decodeResult: success, version: HTTP/1.1)
HTTP/1.1 200 OK
Content-Type: application/json; charset=utf-8
cache-control: no-cache
content-length: 88

22:26:50.866 [AsyncHttpClient-1-9] DEBUG org.asynchttpclient.netty.channel.ChannelManager - Adding key: http://localhost:52991 for channel [id: 0xec682889, L:/127.0.0.1:61838 - R:localhost/127.0.0.1:52991]
22:26:50.870 [Forwarding getElementAttribute on session c8c36ac696ca78d104ed9da332fe022b to remote] DEBUG org.asynchttpclient.netty.request.NettyRequestSender - Using pooled Channel '[id: 0xec682889, L:/127.0.0.1:61838 - R:localhost/127.0.0.1:52991]' for 'POST' to 'http://localhost:52991/session/c8c36ac696ca78d104ed9da332fe022b/execute/sync'
22:26:50.870 [Forwarding getElementAttribute on session c8c36ac696ca78d104ed9da332fe022b to remote] DEBUG org.asynchttpclient.netty.request.NettyRequestSender - Using open Channel [id: 0xec682889, L:/127.0.0.1:61838 - R:localhost/127.0.0.1:52991] for POST '/session/c8c36ac696ca78d104ed9da332fe022b/execute/sync'
22:26:50.900 [AsyncHttpClient-1-9] DEBUG org.asynchttpclient.netty.handler.HttpHandler - 

Request DefaultHttpRequest(decodeResult: success, version: HTTP/1.1)
POST /session/c8c36ac696ca78d104ed9da332fe022b/execute/sync HTTP/1.1
User-Agent: selenium/4.1.2 (java windows)
Content-Length: 47339
Content-Type: application/json; charset=utf-8
host: localhost:52991
accept: */*

Response DefaultHttpResponse(decodeResult: success, version: HTTP/1.1)
HTTP/1.1 200 OK
Content-Type: application/json; charset=utf-8
cache-control: no-cache
content-length: 109

22:26:50.900 [AsyncHttpClient-1-9] DEBUG org.asynchttpclient.netty.channel.ChannelManager - Adding key: http://localhost:52991 for channel [id: 0xec682889, L:/127.0.0.1:61838 - R:localhost/127.0.0.1:52991]
22:26:50.905 [Forwarding getElementAttribute on session c8c36ac696ca78d104ed9da332fe022b to remote] DEBUG org.asynchttpclient.netty.request.NettyRequestSender - Using pooled Channel '[id: 0xec682889, L:/127.0.0.1:61838 - R:localhost/127.0.0.1:52991]' for 'POST' to 'http://localhost:52991/session/c8c36ac696ca78d104ed9da332fe022b/execute/sync'
22:26:50.905 [Forwarding getElementAttribute on session c8c36ac696ca78d104ed9da332fe022b to remote] DEBUG org.asynchttpclient.netty.request.NettyRequestSender - Using open Channel [id: 0xec682889, L:/127.0.0.1:61838 - R:localhost/127.0.0.1:52991] for POST '/session/c8c36ac696ca78d104ed9da332fe022b/execute/sync'
22:26:50.923 [AsyncHttpClient-1-9] DEBUG org.asynchttpclient.netty.handler.HttpHandler - 

Request DefaultHttpRequest(decodeResult: success, version: HTTP/1.1)
POST /session/c8c36ac696ca78d104ed9da332fe022b/execute/sync HTTP/1.1
User-Agent: selenium/4.1.2 (java windows)
Content-Length: 47339
Content-Type: application/json; charset=utf-8
host: localhost:52991
accept: */*

Response DefaultHttpResponse(decodeResult: success, version: HTTP/1.1)
HTTP/1.1 200 OK
Content-Type: application/json; charset=utf-8
cache-control: no-cache
content-length: 107

22:26:50.923 [AsyncHttpClient-1-9] DEBUG org.asynchttpclient.netty.channel.ChannelManager - Adding key: http://localhost:52991 for channel [id: 0xec682889, L:/127.0.0.1:61838 - R:localhost/127.0.0.1:52991]
22:26:50.928 [Forwarding getElementAttribute on session c8c36ac696ca78d104ed9da332fe022b to remote] DEBUG org.asynchttpclient.netty.request.NettyRequestSender - Using pooled Channel '[id: 0xec682889, L:/127.0.0.1:61838 - R:localhost/127.0.0.1:52991]' for 'POST' to 'http://localhost:52991/session/c8c36ac696ca78d104ed9da332fe022b/execute/sync'
22:26:50.928 [Forwarding getElementAttribute on session c8c36ac696ca78d104ed9da332fe022b to remote] DEBUG org.asynchttpclient.netty.request.NettyRequestSender - Using open Channel [id: 0xec682889, L:/127.0.0.1:61838 - R:localhost/127.0.0.1:52991] for POST '/session/c8c36ac696ca78d104ed9da332fe022b/execute/sync'
22:26:50.945 [AsyncHttpClient-1-9] DEBUG org.asynchttpclient.netty.handler.HttpHandler - 

Request DefaultHttpRequest(decodeResult: success, version: HTTP/1.1)
POST /session/c8c36ac696ca78d104ed9da332fe022b/execute/sync HTTP/1.1
User-Agent: selenium/4.1.2 (java windows)
Content-Length: 47339
Content-Type: application/json; charset=utf-8
host: localhost:52991
accept: */*

Response DefaultHttpResponse(decodeResult: success, version: HTTP/1.1)
HTTP/1.1 200 OK
Content-Type: application/json; charset=utf-8
cache-control: no-cache
content-length: 105

22:26:50.945 [AsyncHttpClient-1-9] DEBUG org.asynchttpclient.netty.channel.ChannelManager - Adding key: http://localhost:52991 for channel [id: 0xec682889, L:/127.0.0.1:61838 - R:localhost/127.0.0.1:52991]
22:26:50.949 [Forwarding getElementAttribute on session c8c36ac696ca78d104ed9da332fe022b to remote] DEBUG org.asynchttpclient.netty.request.NettyRequestSender - Using pooled Channel '[id: 0xec682889, L:/127.0.0.1:61838 - R:localhost/127.0.0.1:52991]' for 'POST' to 'http://localhost:52991/session/c8c36ac696ca78d104ed9da332fe022b/execute/sync'
22:26:50.949 [Forwarding getElementAttribute on session c8c36ac696ca78d104ed9da332fe022b to remote] DEBUG org.asynchttpclient.netty.request.NettyRequestSender - Using open Channel [id: 0xec682889, L:/127.0.0.1:61838 - R:localhost/127.0.0.1:52991] for POST '/session/c8c36ac696ca78d104ed9da332fe022b/execute/sync'
22:26:50.969 [AsyncHttpClient-1-9] DEBUG org.asynchttpclient.netty.handler.HttpHandler - 

Request DefaultHttpRequest(decodeResult: success, version: HTTP/1.1)
POST /session/c8c36ac696ca78d104ed9da332fe022b/execute/sync HTTP/1.1
User-Agent: selenium/4.1.2 (java windows)
Content-Length: 47339
Content-Type: application/json; charset=utf-8
host: localhost:52991
accept: */*

Response DefaultHttpResponse(decodeResult: success, version: HTTP/1.1)
HTTP/1.1 200 OK
Content-Type: application/json; charset=utf-8
cache-control: no-cache
content-length: 116

22:26:50.969 [AsyncHttpClient-1-9] DEBUG org.asynchttpclient.netty.channel.ChannelManager - Adding key: http://localhost:52991 for channel [id: 0xec682889, L:/127.0.0.1:61838 - R:localhost/127.0.0.1:52991]
22:26:50.975 [Forwarding getElementAttribute on session c8c36ac696ca78d104ed9da332fe022b to remote] DEBUG org.asynchttpclient.netty.request.NettyRequestSender - Using pooled Channel '[id: 0xec682889, L:/127.0.0.1:61838 - R:localhost/127.0.0.1:52991]' for 'POST' to 'http://localhost:52991/session/c8c36ac696ca78d104ed9da332fe022b/execute/sync'
22:26:50.975 [Forwarding getElementAttribute on session c8c36ac696ca78d104ed9da332fe022b to remote] DEBUG org.asynchttpclient.netty.request.NettyRequestSender - Using open Channel [id: 0xec682889, L:/127.0.0.1:61838 - R:localhost/127.0.0.1:52991] for POST '/session/c8c36ac696ca78d104ed9da332fe022b/execute/sync'
22:26:50.992 [AsyncHttpClient-1-9] DEBUG org.asynchttpclient.netty.handler.HttpHandler - 

Request DefaultHttpRequest(decodeResult: success, version: HTTP/1.1)
POST /session/c8c36ac696ca78d104ed9da332fe022b/execute/sync HTTP/1.1
User-Agent: selenium/4.1.2 (java windows)
Content-Length: 47339
Content-Type: application/json; charset=utf-8
host: localhost:52991
accept: */*

Response DefaultHttpResponse(decodeResult: success, version: HTTP/1.1)
HTTP/1.1 200 OK
Content-Type: application/json; charset=utf-8
cache-control: no-cache
content-length: 102

22:26:50.992 [AsyncHttpClient-1-9] DEBUG org.asynchttpclient.netty.channel.ChannelManager - Adding key: http://localhost:52991 for channel [id: 0xec682889, L:/127.0.0.1:61838 - R:localhost/127.0.0.1:52991]
22:26:50.997 [Forwarding getElementAttribute on session c8c36ac696ca78d104ed9da332fe022b to remote] DEBUG org.asynchttpclient.netty.request.NettyRequestSender - Using pooled Channel '[id: 0xec682889, L:/127.0.0.1:61838 - R:localhost/127.0.0.1:52991]' for 'POST' to 'http://localhost:52991/session/c8c36ac696ca78d104ed9da332fe022b/execute/sync'
22:26:50.998 [Forwarding getElementAttribute on session c8c36ac696ca78d104ed9da332fe022b to remote] DEBUG org.asynchttpclient.netty.request.NettyRequestSender - Using open Channel [id: 0xec682889, L:/127.0.0.1:61838 - R:localhost/127.0.0.1:52991] for POST '/session/c8c36ac696ca78d104ed9da332fe022b/execute/sync'
22:26:51.012 [AsyncHttpClient-1-9] DEBUG org.asynchttpclient.netty.handler.HttpHandler - 

Request DefaultHttpRequest(decodeResult: success, version: HTTP/1.1)
POST /session/c8c36ac696ca78d104ed9da332fe022b/execute/sync HTTP/1.1
User-Agent: selenium/4.1.2 (java windows)
Content-Length: 47339
Content-Type: application/json; charset=utf-8
host: localhost:52991
accept: */*

Response DefaultHttpResponse(decodeResult: success, version: HTTP/1.1)
HTTP/1.1 200 OK
Content-Type: application/json; charset=utf-8
cache-control: no-cache
content-length: 102

22:26:51.013 [AsyncHttpClient-1-9] DEBUG org.asynchttpclient.netty.channel.ChannelManager - Adding key: http://localhost:52991 for channel [id: 0xec682889, L:/127.0.0.1:61838 - R:localhost/127.0.0.1:52991]
22:26:51.017 [Forwarding getElementAttribute on session c8c36ac696ca78d104ed9da332fe022b to remote] DEBUG org.asynchttpclient.netty.request.NettyRequestSender - Using pooled Channel '[id: 0xec682889, L:/127.0.0.1:61838 - R:localhost/127.0.0.1:52991]' for 'POST' to 'http://localhost:52991/session/c8c36ac696ca78d104ed9da332fe022b/execute/sync'
22:26:51.017 [Forwarding getElementAttribute on session c8c36ac696ca78d104ed9da332fe022b to remote] DEBUG org.asynchttpclient.netty.request.NettyRequestSender - Using open Channel [id: 0xec682889, L:/127.0.0.1:61838 - R:localhost/127.0.0.1:52991] for POST '/session/c8c36ac696ca78d104ed9da332fe022b/execute/sync'
22:26:51.032 [AsyncHttpClient-1-9] DEBUG org.asynchttpclient.netty.handler.HttpHandler - 

Request DefaultHttpRequest(decodeResult: success, version: HTTP/1.1)
POST /session/c8c36ac696ca78d104ed9da332fe022b/execute/sync HTTP/1.1
User-Agent: selenium/4.1.2 (java windows)
Content-Length: 47339
Content-Type: application/json; charset=utf-8
host: localhost:52991
accept: */*

Response DefaultHttpResponse(decodeResult: success, version: HTTP/1.1)
HTTP/1.1 200 OK
Content-Type: application/json; charset=utf-8
cache-control: no-cache
content-length: 110

22:26:51.032 [AsyncHttpClient-1-9] DEBUG org.asynchttpclient.netty.channel.ChannelManager - Adding key: http://localhost:52991 for channel [id: 0xec682889, L:/127.0.0.1:61838 - R:localhost/127.0.0.1:52991]
22:26:51.037 [Forwarding getElementAttribute on session c8c36ac696ca78d104ed9da332fe022b to remote] DEBUG org.asynchttpclient.netty.request.NettyRequestSender - Using pooled Channel '[id: 0xec682889, L:/127.0.0.1:61838 - R:localhost/127.0.0.1:52991]' for 'POST' to 'http://localhost:52991/session/c8c36ac696ca78d104ed9da332fe022b/execute/sync'
22:26:51.037 [Forwarding getElementAttribute on session c8c36ac696ca78d104ed9da332fe022b to remote] DEBUG org.asynchttpclient.netty.request.NettyRequestSender - Using open Channel [id: 0xec682889, L:/127.0.0.1:61838 - R:localhost/127.0.0.1:52991] for POST '/session/c8c36ac696ca78d104ed9da332fe022b/execute/sync'
22:26:51.049 [AsyncHttpClient-1-9] DEBUG org.asynchttpclient.netty.handler.HttpHandler - 

Request DefaultHttpRequest(decodeResult: success, version: HTTP/1.1)
POST /session/c8c36ac696ca78d104ed9da332fe022b/execute/sync HTTP/1.1
User-Agent: selenium/4.1.2 (java windows)
Content-Length: 47339
Content-Type: application/json; charset=utf-8
host: localhost:52991
accept: */*

Response DefaultHttpResponse(decodeResult: success, version: HTTP/1.1)
HTTP/1.1 200 OK
Content-Type: application/json; charset=utf-8
cache-control: no-cache
content-length: 92

22:26:51.049 [AsyncHttpClient-1-9] DEBUG org.asynchttpclient.netty.channel.ChannelManager - Adding key: http://localhost:52991 for channel [id: 0xec682889, L:/127.0.0.1:61838 - R:localhost/127.0.0.1:52991]
22:26:51.053 [Forwarding getElementAttribute on session c8c36ac696ca78d104ed9da332fe022b to remote] DEBUG org.asynchttpclient.netty.request.NettyRequestSender - Using pooled Channel '[id: 0xec682889, L:/127.0.0.1:61838 - R:localhost/127.0.0.1:52991]' for 'POST' to 'http://localhost:52991/session/c8c36ac696ca78d104ed9da332fe022b/execute/sync'
22:26:51.054 [Forwarding getElementAttribute on session c8c36ac696ca78d104ed9da332fe022b to remote] DEBUG org.asynchttpclient.netty.request.NettyRequestSender - Using open Channel [id: 0xec682889, L:/127.0.0.1:61838 - R:localhost/127.0.0.1:52991] for POST '/session/c8c36ac696ca78d104ed9da332fe022b/execute/sync'
22:26:51.065 [AsyncHttpClient-1-9] DEBUG org.asynchttpclient.netty.handler.HttpHandler - 

Request DefaultHttpRequest(decodeResult: success, version: HTTP/1.1)
POST /session/c8c36ac696ca78d104ed9da332fe022b/execute/sync HTTP/1.1
User-Agent: selenium/4.1.2 (java windows)
Content-Length: 47339
Content-Type: application/json; charset=utf-8
host: localhost:52991
accept: */*

Response DefaultHttpResponse(decodeResult: success, version: HTTP/1.1)
HTTP/1.1 200 OK
Content-Type: application/json; charset=utf-8
cache-control: no-cache
content-length: 89

22:26:51.065 [AsyncHttpClient-1-9] DEBUG org.asynchttpclient.netty.channel.ChannelManager - Adding key: http://localhost:52991 for channel [id: 0xec682889, L:/127.0.0.1:61838 - R:localhost/127.0.0.1:52991]
22:26:51.070 [Forwarding getElementAttribute on session c8c36ac696ca78d104ed9da332fe022b to remote] DEBUG org.asynchttpclient.netty.request.NettyRequestSender - Using pooled Channel '[id: 0xec682889, L:/127.0.0.1:61838 - R:localhost/127.0.0.1:52991]' for 'POST' to 'http://localhost:52991/session/c8c36ac696ca78d104ed9da332fe022b/execute/sync'
22:26:51.070 [Forwarding getElementAttribute on session c8c36ac696ca78d104ed9da332fe022b to remote] DEBUG org.asynchttpclient.netty.request.NettyRequestSender - Using open Channel [id: 0xec682889, L:/127.0.0.1:61838 - R:localhost/127.0.0.1:52991] for POST '/session/c8c36ac696ca78d104ed9da332fe022b/execute/sync'
22:26:51.082 [AsyncHttpClient-1-9] DEBUG org.asynchttpclient.netty.handler.HttpHandler - 

Request DefaultHttpRequest(decodeResult: success, version: HTTP/1.1)
POST /session/c8c36ac696ca78d104ed9da332fe022b/execute/sync HTTP/1.1
User-Agent: selenium/4.1.2 (java windows)
Content-Length: 47339
Content-Type: application/json; charset=utf-8
host: localhost:52991
accept: */*

Response DefaultHttpResponse(decodeResult: success, version: HTTP/1.1)
HTTP/1.1 200 OK
Content-Type: application/json; charset=utf-8
cache-control: no-cache
content-length: 103

22:26:51.082 [AsyncHttpClient-1-9] DEBUG org.asynchttpclient.netty.channel.ChannelManager - Adding key: http://localhost:52991 for channel [id: 0xec682889, L:/127.0.0.1:61838 - R:localhost/127.0.0.1:52991]
22:26:51.083 [AsyncHttpClient-1-1] DEBUG org.asynchttpclient.netty.channel.DefaultChannelPool - Entry count for : http://localhost:52991 : 1
22:26:51.083 [AsyncHttpClient-1-1] DEBUG org.asynchttpclient.netty.channel.DefaultChannelPool - Entry count for : http://localhost:61839 : 1
22:26:51.087 [Forwarding getElementAttribute on session c8c36ac696ca78d104ed9da332fe022b to remote] DEBUG org.asynchttpclient.netty.request.NettyRequestSender - Using pooled Channel '[id: 0xec682889, L:/127.0.0.1:61838 - R:localhost/127.0.0.1:52991]' for 'POST' to 'http://localhost:52991/session/c8c36ac696ca78d104ed9da332fe022b/execute/sync'
22:26:51.087 [Forwarding getElementAttribute on session c8c36ac696ca78d104ed9da332fe022b to remote] DEBUG org.asynchttpclient.netty.request.NettyRequestSender - Using open Channel [id: 0xec682889, L:/127.0.0.1:61838 - R:localhost/127.0.0.1:52991] for POST '/session/c8c36ac696ca78d104ed9da332fe022b/execute/sync'
22:26:51.101 [AsyncHttpClient-1-9] DEBUG org.asynchttpclient.netty.handler.HttpHandler - 

Request DefaultHttpRequest(decodeResult: success, version: HTTP/1.1)
POST /session/c8c36ac696ca78d104ed9da332fe022b/execute/sync HTTP/1.1
User-Agent: selenium/4.1.2 (java windows)
Content-Length: 47339
Content-Type: application/json; charset=utf-8
host: localhost:52991
accept: */*

Response DefaultHttpResponse(decodeResult: success, version: HTTP/1.1)
HTTP/1.1 200 OK
Content-Type: application/json; charset=utf-8
cache-control: no-cache
content-length: 106

22:26:51.102 [AsyncHttpClient-1-9] DEBUG org.asynchttpclient.netty.channel.ChannelManager - Adding key: http://localhost:52991 for channel [id: 0xec682889, L:/127.0.0.1:61838 - R:localhost/127.0.0.1:52991]
22:26:51.106 [Forwarding getElementAttribute on session c8c36ac696ca78d104ed9da332fe022b to remote] DEBUG org.asynchttpclient.netty.request.NettyRequestSender - Using pooled Channel '[id: 0xec682889, L:/127.0.0.1:61838 - R:localhost/127.0.0.1:52991]' for 'POST' to 'http://localhost:52991/session/c8c36ac696ca78d104ed9da332fe022b/execute/sync'
22:26:51.106 [Forwarding getElementAttribute on session c8c36ac696ca78d104ed9da332fe022b to remote] DEBUG org.asynchttpclient.netty.request.NettyRequestSender - Using open Channel [id: 0xec682889, L:/127.0.0.1:61838 - R:localhost/127.0.0.1:52991] for POST '/session/c8c36ac696ca78d104ed9da332fe022b/execute/sync'
22:26:51.125 [AsyncHttpClient-1-9] DEBUG org.asynchttpclient.netty.handler.HttpHandler - 

Request DefaultHttpRequest(decodeResult: success, version: HTTP/1.1)
POST /session/c8c36ac696ca78d104ed9da332fe022b/execute/sync HTTP/1.1
User-Agent: selenium/4.1.2 (java windows)
Content-Length: 47339
Content-Type: application/json; charset=utf-8
host: localhost:52991
accept: */*

Response DefaultHttpResponse(decodeResult: success, version: HTTP/1.1)
HTTP/1.1 200 OK
Content-Type: application/json; charset=utf-8
cache-control: no-cache
content-length: 104

22:26:51.125 [AsyncHttpClient-1-9] DEBUG org.asynchttpclient.netty.channel.ChannelManager - Adding key: http://localhost:52991 for channel [id: 0xec682889, L:/127.0.0.1:61838 - R:localhost/127.0.0.1:52991]
22:26:51.131 [Forwarding getElementAttribute on session c8c36ac696ca78d104ed9da332fe022b to remote] DEBUG org.asynchttpclient.netty.request.NettyRequestSender - Using pooled Channel '[id: 0xec682889, L:/127.0.0.1:61838 - R:localhost/127.0.0.1:52991]' for 'POST' to 'http://localhost:52991/session/c8c36ac696ca78d104ed9da332fe022b/execute/sync'
22:26:51.131 [Forwarding getElementAttribute on session c8c36ac696ca78d104ed9da332fe022b to remote] DEBUG org.asynchttpclient.netty.request.NettyRequestSender - Using open Channel [id: 0xec682889, L:/127.0.0.1:61838 - R:localhost/127.0.0.1:52991] for POST '/session/c8c36ac696ca78d104ed9da332fe022b/execute/sync'
22:26:51.145 [AsyncHttpClient-1-9] DEBUG org.asynchttpclient.netty.handler.HttpHandler - 

Request DefaultHttpRequest(decodeResult: success, version: HTTP/1.1)
POST /session/c8c36ac696ca78d104ed9da332fe022b/execute/sync HTTP/1.1
User-Agent: selenium/4.1.2 (java windows)
Content-Length: 47339
Content-Type: application/json; charset=utf-8
host: localhost:52991
accept: */*

Response DefaultHttpResponse(decodeResult: success, version: HTTP/1.1)
HTTP/1.1 200 OK
Content-Type: application/json; charset=utf-8
cache-control: no-cache
content-length: 121

22:26:51.145 [AsyncHttpClient-1-9] DEBUG org.asynchttpclient.netty.channel.ChannelManager - Adding key: http://localhost:52991 for channel [id: 0xec682889, L:/127.0.0.1:61838 - R:localhost/127.0.0.1:52991]
22:26:51.150 [Forwarding getElementAttribute on session c8c36ac696ca78d104ed9da332fe022b to remote] DEBUG org.asynchttpclient.netty.request.NettyRequestSender - Using pooled Channel '[id: 0xec682889, L:/127.0.0.1:61838 - R:localhost/127.0.0.1:52991]' for 'POST' to 'http://localhost:52991/session/c8c36ac696ca78d104ed9da332fe022b/execute/sync'
22:26:51.150 [Forwarding getElementAttribute on session c8c36ac696ca78d104ed9da332fe022b to remote] DEBUG org.asynchttpclient.netty.request.NettyRequestSender - Using open Channel [id: 0xec682889, L:/127.0.0.1:61838 - R:localhost/127.0.0.1:52991] for POST '/session/c8c36ac696ca78d104ed9da332fe022b/execute/sync'
22:26:51.164 [AsyncHttpClient-1-9] DEBUG org.asynchttpclient.netty.handler.HttpHandler - 

Request DefaultHttpRequest(decodeResult: success, version: HTTP/1.1)
POST /session/c8c36ac696ca78d104ed9da332fe022b/execute/sync HTTP/1.1
User-Agent: selenium/4.1.2 (java windows)
Content-Length: 47339
Content-Type: application/json; charset=utf-8
host: localhost:52991
accept: */*

Response DefaultHttpResponse(decodeResult: success, version: HTTP/1.1)
HTTP/1.1 200 OK
Content-Type: application/json; charset=utf-8
cache-control: no-cache
content-length: 109

22:26:51.164 [AsyncHttpClient-1-9] DEBUG org.asynchttpclient.netty.channel.ChannelManager - Adding key: http://localhost:52991 for channel [id: 0xec682889, L:/127.0.0.1:61838 - R:localhost/127.0.0.1:52991]
22:26:51.169 [Forwarding getElementAttribute on session c8c36ac696ca78d104ed9da332fe022b to remote] DEBUG org.asynchttpclient.netty.request.NettyRequestSender - Using pooled Channel '[id: 0xec682889, L:/127.0.0.1:61838 - R:localhost/127.0.0.1:52991]' for 'POST' to 'http://localhost:52991/session/c8c36ac696ca78d104ed9da332fe022b/execute/sync'
22:26:51.169 [Forwarding getElementAttribute on session c8c36ac696ca78d104ed9da332fe022b to remote] DEBUG org.asynchttpclient.netty.request.NettyRequestSender - Using open Channel [id: 0xec682889, L:/127.0.0.1:61838 - R:localhost/127.0.0.1:52991] for POST '/session/c8c36ac696ca78d104ed9da332fe022b/execute/sync'
22:26:51.243 [AsyncHttpClient-1-9] DEBUG org.asynchttpclient.netty.handler.HttpHandler - 

Request DefaultHttpRequest(decodeResult: success, version: HTTP/1.1)
POST /session/c8c36ac696ca78d104ed9da332fe022b/execute/sync HTTP/1.1
User-Agent: selenium/4.1.2 (java windows)
Content-Length: 47339
Content-Type: application/json; charset=utf-8
host: localhost:52991
accept: */*

Response DefaultHttpResponse(decodeResult: success, version: HTTP/1.1)
HTTP/1.1 200 OK
Content-Type: application/json; charset=utf-8
cache-control: no-cache
content-length: 88

22:26:51.244 [AsyncHttpClient-1-9] DEBUG org.asynchttpclient.netty.channel.ChannelManager - Adding key: http://localhost:52991 for channel [id: 0xec682889, L:/127.0.0.1:61838 - R:localhost/127.0.0.1:52991]
22:26:51.248 [Forwarding getElementAttribute on session c8c36ac696ca78d104ed9da332fe022b to remote] DEBUG org.asynchttpclient.netty.request.NettyRequestSender - Using pooled Channel '[id: 0xec682889, L:/127.0.0.1:61838 - R:localhost/127.0.0.1:52991]' for 'POST' to 'http://localhost:52991/session/c8c36ac696ca78d104ed9da332fe022b/execute/sync'
22:26:51.248 [Forwarding getElementAttribute on session c8c36ac696ca78d104ed9da332fe022b to remote] DEBUG org.asynchttpclient.netty.request.NettyRequestSender - Using open Channel [id: 0xec682889, L:/127.0.0.1:61838 - R:localhost/127.0.0.1:52991] for POST '/session/c8c36ac696ca78d104ed9da332fe022b/execute/sync'
22:26:51.261 [AsyncHttpClient-1-9] DEBUG org.asynchttpclient.netty.handler.HttpHandler - 

Request DefaultHttpRequest(decodeResult: success, version: HTTP/1.1)
POST /session/c8c36ac696ca78d104ed9da332fe022b/execute/sync HTTP/1.1
User-Agent: selenium/4.1.2 (java windows)
Content-Length: 47339
Content-Type: application/json; charset=utf-8
host: localhost:52991
accept: */*

Response DefaultHttpResponse(decodeResult: success, version: HTTP/1.1)
HTTP/1.1 200 OK
Content-Type: application/json; charset=utf-8
cache-control: no-cache
content-length: 88

22:26:51.261 [AsyncHttpClient-1-9] DEBUG org.asynchttpclient.netty.channel.ChannelManager - Adding key: http://localhost:52991 for channel [id: 0xec682889, L:/127.0.0.1:61838 - R:localhost/127.0.0.1:52991]
22:26:51.266 [Forwarding getElementAttribute on session c8c36ac696ca78d104ed9da332fe022b to remote] DEBUG org.asynchttpclient.netty.request.NettyRequestSender - Using pooled Channel '[id: 0xec682889, L:/127.0.0.1:61838 - R:localhost/127.0.0.1:52991]' for 'POST' to 'http://localhost:52991/session/c8c36ac696ca78d104ed9da332fe022b/execute/sync'
22:26:51.266 [Forwarding getElementAttribute on session c8c36ac696ca78d104ed9da332fe022b to remote] DEBUG org.asynchttpclient.netty.request.NettyRequestSender - Using open Channel [id: 0xec682889, L:/127.0.0.1:61838 - R:localhost/127.0.0.1:52991] for POST '/session/c8c36ac696ca78d104ed9da332fe022b/execute/sync'
22:26:51.280 [AsyncHttpClient-1-9] DEBUG org.asynchttpclient.netty.handler.HttpHandler - 

Request DefaultHttpRequest(decodeResult: success, version: HTTP/1.1)
POST /session/c8c36ac696ca78d104ed9da332fe022b/execute/sync HTTP/1.1
User-Agent: selenium/4.1.2 (java windows)
Content-Length: 47339
Content-Type: application/json; charset=utf-8
host: localhost:52991
accept: */*

Response DefaultHttpResponse(decodeResult: success, version: HTTP/1.1)
HTTP/1.1 200 OK
Content-Type: application/json; charset=utf-8
cache-control: no-cache
content-length: 86

22:26:51.280 [AsyncHttpClient-1-9] DEBUG org.asynchttpclient.netty.channel.ChannelManager - Adding key: http://localhost:52991 for channel [id: 0xec682889, L:/127.0.0.1:61838 - R:localhost/127.0.0.1:52991]
22:26:51.285 [Forwarding getElementAttribute on session c8c36ac696ca78d104ed9da332fe022b to remote] DEBUG org.asynchttpclient.netty.request.NettyRequestSender - Using pooled Channel '[id: 0xec682889, L:/127.0.0.1:61838 - R:localhost/127.0.0.1:52991]' for 'POST' to 'http://localhost:52991/session/c8c36ac696ca78d104ed9da332fe022b/execute/sync'
22:26:51.285 [Forwarding getElementAttribute on session c8c36ac696ca78d104ed9da332fe022b to remote] DEBUG org.asynchttpclient.netty.request.NettyRequestSender - Using open Channel [id: 0xec682889, L:/127.0.0.1:61838 - R:localhost/127.0.0.1:52991] for POST '/session/c8c36ac696ca78d104ed9da332fe022b/execute/sync'
22:26:51.297 [AsyncHttpClient-1-9] DEBUG org.asynchttpclient.netty.handler.HttpHandler - 

Request DefaultHttpRequest(decodeResult: success, version: HTTP/1.1)
POST /session/c8c36ac696ca78d104ed9da332fe022b/execute/sync HTTP/1.1
User-Agent: selenium/4.1.2 (java windows)
Content-Length: 47339
Content-Type: application/json; charset=utf-8
host: localhost:52991
accept: */*

Response DefaultHttpResponse(decodeResult: success, version: HTTP/1.1)
HTTP/1.1 200 OK
Content-Type: application/json; charset=utf-8
cache-control: no-cache
content-length: 97

22:26:51.297 [AsyncHttpClient-1-9] DEBUG org.asynchttpclient.netty.channel.ChannelManager - Adding key: http://localhost:52991 for channel [id: 0xec682889, L:/127.0.0.1:61838 - R:localhost/127.0.0.1:52991]
22:26:51.302 [Forwarding getElementAttribute on session c8c36ac696ca78d104ed9da332fe022b to remote] DEBUG org.asynchttpclient.netty.request.NettyRequestSender - Using pooled Channel '[id: 0xec682889, L:/127.0.0.1:61838 - R:localhost/127.0.0.1:52991]' for 'POST' to 'http://localhost:52991/session/c8c36ac696ca78d104ed9da332fe022b/execute/sync'
22:26:51.304 [Forwarding getElementAttribute on session c8c36ac696ca78d104ed9da332fe022b to remote] DEBUG org.asynchttpclient.netty.request.NettyRequestSender - Using open Channel [id: 0xec682889, L:/127.0.0.1:61838 - R:localhost/127.0.0.1:52991] for POST '/session/c8c36ac696ca78d104ed9da332fe022b/execute/sync'
22:26:51.332 [AsyncHttpClient-1-9] DEBUG org.asynchttpclient.netty.handler.HttpHandler - 

Request DefaultHttpRequest(decodeResult: success, version: HTTP/1.1)
POST /session/c8c36ac696ca78d104ed9da332fe022b/execute/sync HTTP/1.1
User-Agent: selenium/4.1.2 (java windows)
Content-Length: 47339
Content-Type: application/json; charset=utf-8
host: localhost:52991
accept: */*

Response DefaultHttpResponse(decodeResult: success, version: HTTP/1.1)
HTTP/1.1 200 OK
Content-Type: application/json; charset=utf-8
cache-control: no-cache
content-length: 94

22:26:51.333 [AsyncHttpClient-1-9] DEBUG org.asynchttpclient.netty.channel.ChannelManager - Adding key: http://localhost:52991 for channel [id: 0xec682889, L:/127.0.0.1:61838 - R:localhost/127.0.0.1:52991]
22:26:51.337 [Forwarding getElementAttribute on session c8c36ac696ca78d104ed9da332fe022b to remote] DEBUG org.asynchttpclient.netty.request.NettyRequestSender - Using pooled Channel '[id: 0xec682889, L:/127.0.0.1:61838 - R:localhost/127.0.0.1:52991]' for 'POST' to 'http://localhost:52991/session/c8c36ac696ca78d104ed9da332fe022b/execute/sync'
22:26:51.338 [Forwarding getElementAttribute on session c8c36ac696ca78d104ed9da332fe022b to remote] DEBUG org.asynchttpclient.netty.request.NettyRequestSender - Using open Channel [id: 0xec682889, L:/127.0.0.1:61838 - R:localhost/127.0.0.1:52991] for POST '/session/c8c36ac696ca78d104ed9da332fe022b/execute/sync'
22:26:51.369 [AsyncHttpClient-1-9] DEBUG org.asynchttpclient.netty.handler.HttpHandler - 

Request DefaultHttpRequest(decodeResult: success, version: HTTP/1.1)
POST /session/c8c36ac696ca78d104ed9da332fe022b/execute/sync HTTP/1.1
User-Agent: selenium/4.1.2 (java windows)
Content-Length: 47339
Content-Type: application/json; charset=utf-8
host: localhost:52991
accept: */*

Response DefaultHttpResponse(decodeResult: success, version: HTTP/1.1)
HTTP/1.1 200 OK
Content-Type: application/json; charset=utf-8
cache-control: no-cache
content-length: 100

22:26:51.369 [AsyncHttpClient-1-9] DEBUG org.asynchttpclient.netty.channel.ChannelManager - Adding key: http://localhost:52991 for channel [id: 0xec682889, L:/127.0.0.1:61838 - R:localhost/127.0.0.1:52991]
22:26:51.376 [Forwarding getElementAttribute on session c8c36ac696ca78d104ed9da332fe022b to remote] DEBUG org.asynchttpclient.netty.request.NettyRequestSender - Using pooled Channel '[id: 0xec682889, L:/127.0.0.1:61838 - R:localhost/127.0.0.1:52991]' for 'POST' to 'http://localhost:52991/session/c8c36ac696ca78d104ed9da332fe022b/execute/sync'
22:26:51.376 [Forwarding getElementAttribute on session c8c36ac696ca78d104ed9da332fe022b to remote] DEBUG org.asynchttpclient.netty.request.NettyRequestSender - Using open Channel [id: 0xec682889, L:/127.0.0.1:61838 - R:localhost/127.0.0.1:52991] for POST '/session/c8c36ac696ca78d104ed9da332fe022b/execute/sync'
22:26:51.401 [AsyncHttpClient-1-9] DEBUG org.asynchttpclient.netty.handler.HttpHandler - 

Request DefaultHttpRequest(decodeResult: success, version: HTTP/1.1)
POST /session/c8c36ac696ca78d104ed9da332fe022b/execute/sync HTTP/1.1
User-Agent: selenium/4.1.2 (java windows)
Content-Length: 47339
Content-Type: application/json; charset=utf-8
host: localhost:52991
accept: */*

Response DefaultHttpResponse(decodeResult: success, version: HTTP/1.1)
HTTP/1.1 200 OK
Content-Type: application/json; charset=utf-8
cache-control: no-cache
content-length: 113

22:26:51.401 [AsyncHttpClient-1-9] DEBUG org.asynchttpclient.netty.channel.ChannelManager - Adding key: http://localhost:52991 for channel [id: 0xec682889, L:/127.0.0.1:61838 - R:localhost/127.0.0.1:52991]
22:26:51.406 [Forwarding getElementAttribute on session c8c36ac696ca78d104ed9da332fe022b to remote] DEBUG org.asynchttpclient.netty.request.NettyRequestSender - Using pooled Channel '[id: 0xec682889, L:/127.0.0.1:61838 - R:localhost/127.0.0.1:52991]' for 'POST' to 'http://localhost:52991/session/c8c36ac696ca78d104ed9da332fe022b/execute/sync'
22:26:51.406 [Forwarding getElementAttribute on session c8c36ac696ca78d104ed9da332fe022b to remote] DEBUG org.asynchttpclient.netty.request.NettyRequestSender - Using open Channel [id: 0xec682889, L:/127.0.0.1:61838 - R:localhost/127.0.0.1:52991] for POST '/session/c8c36ac696ca78d104ed9da332fe022b/execute/sync'
22:26:51.418 [AsyncHttpClient-1-9] DEBUG org.asynchttpclient.netty.handler.HttpHandler - 

Request DefaultHttpRequest(decodeResult: success, version: HTTP/1.1)
POST /session/c8c36ac696ca78d104ed9da332fe022b/execute/sync HTTP/1.1
User-Agent: selenium/4.1.2 (java windows)
Content-Length: 47339
Content-Type: application/json; charset=utf-8
host: localhost:52991
accept: */*

Response DefaultHttpResponse(decodeResult: success, version: HTTP/1.1)
HTTP/1.1 200 OK
Content-Type: application/json; charset=utf-8
cache-control: no-cache
content-length: 101

22:26:51.418 [AsyncHttpClient-1-9] DEBUG org.asynchttpclient.netty.channel.ChannelManager - Adding key: http://localhost:52991 for channel [id: 0xec682889, L:/127.0.0.1:61838 - R:localhost/127.0.0.1:52991]
22:26:51.422 [Forwarding getElementAttribute on session c8c36ac696ca78d104ed9da332fe022b to remote] DEBUG org.asynchttpclient.netty.request.NettyRequestSender - Using pooled Channel '[id: 0xec682889, L:/127.0.0.1:61838 - R:localhost/127.0.0.1:52991]' for 'POST' to 'http://localhost:52991/session/c8c36ac696ca78d104ed9da332fe022b/execute/sync'
22:26:51.422 [Forwarding getElementAttribute on session c8c36ac696ca78d104ed9da332fe022b to remote] DEBUG org.asynchttpclient.netty.request.NettyRequestSender - Using open Channel [id: 0xec682889, L:/127.0.0.1:61838 - R:localhost/127.0.0.1:52991] for POST '/session/c8c36ac696ca78d104ed9da332fe022b/execute/sync'
22:26:51.433 [AsyncHttpClient-1-9] DEBUG org.asynchttpclient.netty.handler.HttpHandler - 

Request DefaultHttpRequest(decodeResult: success, version: HTTP/1.1)
POST /session/c8c36ac696ca78d104ed9da332fe022b/execute/sync HTTP/1.1
User-Agent: selenium/4.1.2 (java windows)
Content-Length: 47339
Content-Type: application/json; charset=utf-8
host: localhost:52991
accept: */*

Response DefaultHttpResponse(decodeResult: success, version: HTTP/1.1)
HTTP/1.1 200 OK
Content-Type: application/json; charset=utf-8
cache-control: no-cache
content-length: 104

22:26:51.434 [AsyncHttpClient-1-9] DEBUG org.asynchttpclient.netty.channel.ChannelManager - Adding key: http://localhost:52991 for channel [id: 0xec682889, L:/127.0.0.1:61838 - R:localhost/127.0.0.1:52991]
22:26:51.440 [Forwarding getElementAttribute on session c8c36ac696ca78d104ed9da332fe022b to remote] DEBUG org.asynchttpclient.netty.request.NettyRequestSender - Using pooled Channel '[id: 0xec682889, L:/127.0.0.1:61838 - R:localhost/127.0.0.1:52991]' for 'POST' to 'http://localhost:52991/session/c8c36ac696ca78d104ed9da332fe022b/execute/sync'
22:26:51.440 [Forwarding getElementAttribute on session c8c36ac696ca78d104ed9da332fe022b to remote] DEBUG org.asynchttpclient.netty.request.NettyRequestSender - Using open Channel [id: 0xec682889, L:/127.0.0.1:61838 - R:localhost/127.0.0.1:52991] for POST '/session/c8c36ac696ca78d104ed9da332fe022b/execute/sync'
22:26:51.453 [AsyncHttpClient-1-9] DEBUG org.asynchttpclient.netty.handler.HttpHandler - 

Request DefaultHttpRequest(decodeResult: success, version: HTTP/1.1)
POST /session/c8c36ac696ca78d104ed9da332fe022b/execute/sync HTTP/1.1
User-Agent: selenium/4.1.2 (java windows)
Content-Length: 47339
Content-Type: application/json; charset=utf-8
host: localhost:52991
accept: */*

Response DefaultHttpResponse(decodeResult: success, version: HTTP/1.1)
HTTP/1.1 200 OK
Content-Type: application/json; charset=utf-8
cache-control: no-cache
content-length: 85

22:26:51.453 [AsyncHttpClient-1-9] DEBUG org.asynchttpclient.netty.channel.ChannelManager - Adding key: http://localhost:52991 for channel [id: 0xec682889, L:/127.0.0.1:61838 - R:localhost/127.0.0.1:52991]
22:26:51.456 [Forwarding getElementAttribute on session c8c36ac696ca78d104ed9da332fe022b to remote] DEBUG org.asynchttpclient.netty.request.NettyRequestSender - Using pooled Channel '[id: 0xec682889, L:/127.0.0.1:61838 - R:localhost/127.0.0.1:52991]' for 'POST' to 'http://localhost:52991/session/c8c36ac696ca78d104ed9da332fe022b/execute/sync'
22:26:51.456 [Forwarding getElementAttribute on session c8c36ac696ca78d104ed9da332fe022b to remote] DEBUG org.asynchttpclient.netty.request.NettyRequestSender - Using open Channel [id: 0xec682889, L:/127.0.0.1:61838 - R:localhost/127.0.0.1:52991] for POST '/session/c8c36ac696ca78d104ed9da332fe022b/execute/sync'
22:26:51.466 [AsyncHttpClient-1-9] DEBUG org.asynchttpclient.netty.handler.HttpHandler - 

Request DefaultHttpRequest(decodeResult: success, version: HTTP/1.1)
POST /session/c8c36ac696ca78d104ed9da332fe022b/execute/sync HTTP/1.1
User-Agent: selenium/4.1.2 (java windows)
Content-Length: 47339
Content-Type: application/json; charset=utf-8
host: localhost:52991
accept: */*

Response DefaultHttpResponse(decodeResult: success, version: HTTP/1.1)
HTTP/1.1 200 OK
Content-Type: application/json; charset=utf-8
cache-control: no-cache
content-length: 98

22:26:51.466 [AsyncHttpClient-1-9] DEBUG org.asynchttpclient.netty.channel.ChannelManager - Adding key: http://localhost:52991 for channel [id: 0xec682889, L:/127.0.0.1:61838 - R:localhost/127.0.0.1:52991]
22:26:51.466 [Forwarding getElementAttribute on session c8c36ac696ca78d104ed9da332fe022b to remote] DEBUG org.asynchttpclient.netty.request.NettyRequestSender - Using pooled Channel '[id: 0xec682889, L:/127.0.0.1:61838 - R:localhost/127.0.0.1:52991]' for 'POST' to 'http://localhost:52991/session/c8c36ac696ca78d104ed9da332fe022b/execute/sync'
22:26:51.466 [Forwarding getElementAttribute on session c8c36ac696ca78d104ed9da332fe022b to remote] DEBUG org.asynchttpclient.netty.request.NettyRequestSender - Using open Channel [id: 0xec682889, L:/127.0.0.1:61838 - R:localhost/127.0.0.1:52991] for POST '/session/c8c36ac696ca78d104ed9da332fe022b/execute/sync'
22:26:51.481 [AsyncHttpClient-1-9] DEBUG org.asynchttpclient.netty.handler.HttpHandler - 

Request DefaultHttpRequest(decodeResult: success, version: HTTP/1.1)
POST /session/c8c36ac696ca78d104ed9da332fe022b/execute/sync HTTP/1.1
User-Agent: selenium/4.1.2 (java windows)
Content-Length: 47339
Content-Type: application/json; charset=utf-8
host: localhost:52991
accept: */*

Response DefaultHttpResponse(decodeResult: success, version: HTTP/1.1)
HTTP/1.1 200 OK
Content-Type: application/json; charset=utf-8
cache-control: no-cache
content-length: 105

22:26:51.481 [AsyncHttpClient-1-9] DEBUG org.asynchttpclient.netty.channel.ChannelManager - Adding key: http://localhost:52991 for channel [id: 0xec682889, L:/127.0.0.1:61838 - R:localhost/127.0.0.1:52991]
22:26:51.481 [Forwarding getElementAttribute on session c8c36ac696ca78d104ed9da332fe022b to remote] DEBUG org.asynchttpclient.netty.request.NettyRequestSender - Using pooled Channel '[id: 0xec682889, L:/127.0.0.1:61838 - R:localhost/127.0.0.1:52991]' for 'POST' to 'http://localhost:52991/session/c8c36ac696ca78d104ed9da332fe022b/execute/sync'
22:26:51.481 [Forwarding getElementAttribute on session c8c36ac696ca78d104ed9da332fe022b to remote] DEBUG org.asynchttpclient.netty.request.NettyRequestSender - Using open Channel [id: 0xec682889, L:/127.0.0.1:61838 - R:localhost/127.0.0.1:52991] for POST '/session/c8c36ac696ca78d104ed9da332fe022b/execute/sync'
22:26:51.501 [AsyncHttpClient-1-9] DEBUG org.asynchttpclient.netty.handler.HttpHandler - 

Request DefaultHttpRequest(decodeResult: success, version: HTTP/1.1)
POST /session/c8c36ac696ca78d104ed9da332fe022b/execute/sync HTTP/1.1
User-Agent: selenium/4.1.2 (java windows)
Content-Length: 47339
Content-Type: application/json; charset=utf-8
host: localhost:52991
accept: */*

Response DefaultHttpResponse(decodeResult: success, version: HTTP/1.1)
HTTP/1.1 200 OK
Content-Type: application/json; charset=utf-8
cache-control: no-cache
content-length: 71

22:26:51.501 [AsyncHttpClient-1-9] DEBUG org.asynchttpclient.netty.channel.ChannelManager - Adding key: http://localhost:52991 for channel [id: 0xec682889, L:/127.0.0.1:61838 - R:localhost/127.0.0.1:52991]
22:26:51.501 [Forwarding getElementAttribute on session c8c36ac696ca78d104ed9da332fe022b to remote] DEBUG org.asynchttpclient.netty.request.NettyRequestSender - Using pooled Channel '[id: 0xec682889, L:/127.0.0.1:61838 - R:localhost/127.0.0.1:52991]' for 'POST' to 'http://localhost:52991/session/c8c36ac696ca78d104ed9da332fe022b/execute/sync'
22:26:51.501 [Forwarding getElementAttribute on session c8c36ac696ca78d104ed9da332fe022b to remote] DEBUG org.asynchttpclient.netty.request.NettyRequestSender - Using open Channel [id: 0xec682889, L:/127.0.0.1:61838 - R:localhost/127.0.0.1:52991] for POST '/session/c8c36ac696ca78d104ed9da332fe022b/execute/sync'
22:26:51.516 [AsyncHttpClient-1-9] DEBUG org.asynchttpclient.netty.handler.HttpHandler - 

Request DefaultHttpRequest(decodeResult: success, version: HTTP/1.1)
POST /session/c8c36ac696ca78d104ed9da332fe022b/execute/sync HTTP/1.1
User-Agent: selenium/4.1.2 (java windows)
Content-Length: 47339
Content-Type: application/json; charset=utf-8
host: localhost:52991
accept: */*

Response DefaultHttpResponse(decodeResult: success, version: HTTP/1.1)
HTTP/1.1 200 OK
Content-Type: application/json; charset=utf-8
cache-control: no-cache
content-length: 106

22:26:51.516 [AsyncHttpClient-1-9] DEBUG org.asynchttpclient.netty.channel.ChannelManager - Adding key: http://localhost:52991 for channel [id: 0xec682889, L:/127.0.0.1:61838 - R:localhost/127.0.0.1:52991]
22:26:51.516 [Forwarding getElementAttribute on session c8c36ac696ca78d104ed9da332fe022b to remote] DEBUG org.asynchttpclient.netty.request.NettyRequestSender - Using pooled Channel '[id: 0xec682889, L:/127.0.0.1:61838 - R:localhost/127.0.0.1:52991]' for 'POST' to 'http://localhost:52991/session/c8c36ac696ca78d104ed9da332fe022b/execute/sync'
22:26:51.516 [Forwarding getElementAttribute on session c8c36ac696ca78d104ed9da332fe022b to remote] DEBUG org.asynchttpclient.netty.request.NettyRequestSender - Using open Channel [id: 0xec682889, L:/127.0.0.1:61838 - R:localhost/127.0.0.1:52991] for POST '/session/c8c36ac696ca78d104ed9da332fe022b/execute/sync'
22:26:51.526 [AsyncHttpClient-1-9] DEBUG org.asynchttpclient.netty.handler.HttpHandler - 

Request DefaultHttpRequest(decodeResult: success, version: HTTP/1.1)
POST /session/c8c36ac696ca78d104ed9da332fe022b/execute/sync HTTP/1.1
User-Agent: selenium/4.1.2 (java windows)
Content-Length: 47339
Content-Type: application/json; charset=utf-8
host: localhost:52991
accept: */*

Response DefaultHttpResponse(decodeResult: success, version: HTTP/1.1)
HTTP/1.1 200 OK
Content-Type: application/json; charset=utf-8
cache-control: no-cache
content-length: 92

22:26:51.526 [AsyncHttpClient-1-9] DEBUG org.asynchttpclient.netty.channel.ChannelManager - Adding key: http://localhost:52991 for channel [id: 0xec682889, L:/127.0.0.1:61838 - R:localhost/127.0.0.1:52991]
22:26:51.536 [Forwarding getElementAttribute on session c8c36ac696ca78d104ed9da332fe022b to remote] DEBUG org.asynchttpclient.netty.request.NettyRequestSender - Using pooled Channel '[id: 0xec682889, L:/127.0.0.1:61838 - R:localhost/127.0.0.1:52991]' for 'POST' to 'http://localhost:52991/session/c8c36ac696ca78d104ed9da332fe022b/execute/sync'
22:26:51.536 [Forwarding getElementAttribute on session c8c36ac696ca78d104ed9da332fe022b to remote] DEBUG org.asynchttpclient.netty.request.NettyRequestSender - Using open Channel [id: 0xec682889, L:/127.0.0.1:61838 - R:localhost/127.0.0.1:52991] for POST '/session/c8c36ac696ca78d104ed9da332fe022b/execute/sync'
22:26:51.546 [AsyncHttpClient-1-9] DEBUG org.asynchttpclient.netty.handler.HttpHandler - 

Request DefaultHttpRequest(decodeResult: success, version: HTTP/1.1)
POST /session/c8c36ac696ca78d104ed9da332fe022b/execute/sync HTTP/1.1
User-Agent: selenium/4.1.2 (java windows)
Content-Length: 47339
Content-Type: application/json; charset=utf-8
host: localhost:52991
accept: */*

Response DefaultHttpResponse(decodeResult: success, version: HTTP/1.1)
HTTP/1.1 200 OK
Content-Type: application/json; charset=utf-8
cache-control: no-cache
content-length: 97

22:26:51.546 [AsyncHttpClient-1-9] DEBUG org.asynchttpclient.netty.channel.ChannelManager - Adding key: http://localhost:52991 for channel [id: 0xec682889, L:/127.0.0.1:61838 - R:localhost/127.0.0.1:52991]
22:26:51.546 [Forwarding getElementAttribute on session c8c36ac696ca78d104ed9da332fe022b to remote] DEBUG org.asynchttpclient.netty.request.NettyRequestSender - Using pooled Channel '[id: 0xec682889, L:/127.0.0.1:61838 - R:localhost/127.0.0.1:52991]' for 'POST' to 'http://localhost:52991/session/c8c36ac696ca78d104ed9da332fe022b/execute/sync'
22:26:51.546 [Forwarding getElementAttribute on session c8c36ac696ca78d104ed9da332fe022b to remote] DEBUG org.asynchttpclient.netty.request.NettyRequestSender - Using open Channel [id: 0xec682889, L:/127.0.0.1:61838 - R:localhost/127.0.0.1:52991] for POST '/session/c8c36ac696ca78d104ed9da332fe022b/execute/sync'
22:26:51.566 [AsyncHttpClient-1-9] DEBUG org.asynchttpclient.netty.handler.HttpHandler - 

Request DefaultHttpRequest(decodeResult: success, version: HTTP/1.1)
POST /session/c8c36ac696ca78d104ed9da332fe022b/execute/sync HTTP/1.1
User-Agent: selenium/4.1.2 (java windows)
Content-Length: 47339
Content-Type: application/json; charset=utf-8
host: localhost:52991
accept: */*

Response DefaultHttpResponse(decodeResult: success, version: HTTP/1.1)
HTTP/1.1 200 OK
Content-Type: application/json; charset=utf-8
cache-control: no-cache
content-length: 85

22:26:51.566 [AsyncHttpClient-1-9] DEBUG org.asynchttpclient.netty.channel.ChannelManager - Adding key: http://localhost:52991 for channel [id: 0xec682889, L:/127.0.0.1:61838 - R:localhost/127.0.0.1:52991]
22:26:51.566 [Forwarding getElementAttribute on session c8c36ac696ca78d104ed9da332fe022b to remote] DEBUG org.asynchttpclient.netty.request.NettyRequestSender - Using pooled Channel '[id: 0xec682889, L:/127.0.0.1:61838 - R:localhost/127.0.0.1:52991]' for 'POST' to 'http://localhost:52991/session/c8c36ac696ca78d104ed9da332fe022b/execute/sync'
22:26:51.566 [Forwarding getElementAttribute on session c8c36ac696ca78d104ed9da332fe022b to remote] DEBUG org.asynchttpclient.netty.request.NettyRequestSender - Using open Channel [id: 0xec682889, L:/127.0.0.1:61838 - R:localhost/127.0.0.1:52991] for POST '/session/c8c36ac696ca78d104ed9da332fe022b/execute/sync'
22:26:51.584 [AsyncHttpClient-1-9] DEBUG org.asynchttpclient.netty.handler.HttpHandler - 

Request DefaultHttpRequest(decodeResult: success, version: HTTP/1.1)
POST /session/c8c36ac696ca78d104ed9da332fe022b/execute/sync HTTP/1.1
User-Agent: selenium/4.1.2 (java windows)
Content-Length: 47339
Content-Type: application/json; charset=utf-8
host: localhost:52991
accept: */*

Response DefaultHttpResponse(decodeResult: success, version: HTTP/1.1)
HTTP/1.1 200 OK
Content-Type: application/json; charset=utf-8
cache-control: no-cache
content-length: 93

22:26:51.584 [AsyncHttpClient-1-9] DEBUG org.asynchttpclient.netty.channel.ChannelManager - Adding key: http://localhost:52991 for channel [id: 0xec682889, L:/127.0.0.1:61838 - R:localhost/127.0.0.1:52991]
22:26:51.584 [Forwarding getElementAttribute on session c8c36ac696ca78d104ed9da332fe022b to remote] DEBUG org.asynchttpclient.netty.request.NettyRequestSender - Using pooled Channel '[id: 0xec682889, L:/127.0.0.1:61838 - R:localhost/127.0.0.1:52991]' for 'POST' to 'http://localhost:52991/session/c8c36ac696ca78d104ed9da332fe022b/execute/sync'
22:26:51.584 [Forwarding getElementAttribute on session c8c36ac696ca78d104ed9da332fe022b to remote] DEBUG org.asynchttpclient.netty.request.NettyRequestSender - Using open Channel [id: 0xec682889, L:/127.0.0.1:61838 - R:localhost/127.0.0.1:52991] for POST '/session/c8c36ac696ca78d104ed9da332fe022b/execute/sync'
22:26:51.604 [AsyncHttpClient-1-9] DEBUG org.asynchttpclient.netty.handler.HttpHandler - 

Request DefaultHttpRequest(decodeResult: success, version: HTTP/1.1)
POST /session/c8c36ac696ca78d104ed9da332fe022b/execute/sync HTTP/1.1
User-Agent: selenium/4.1.2 (java windows)
Content-Length: 47339
Content-Type: application/json; charset=utf-8
host: localhost:52991
accept: */*

Response DefaultHttpResponse(decodeResult: success, version: HTTP/1.1)
HTTP/1.1 200 OK
Content-Type: application/json; charset=utf-8
cache-control: no-cache
content-length: 97

22:26:51.604 [AsyncHttpClient-1-9] DEBUG org.asynchttpclient.netty.channel.ChannelManager - Adding key: http://localhost:52991 for channel [id: 0xec682889, L:/127.0.0.1:61838 - R:localhost/127.0.0.1:52991]
22:26:51.604 [Forwarding getElementAttribute on session c8c36ac696ca78d104ed9da332fe022b to remote] DEBUG org.asynchttpclient.netty.request.NettyRequestSender - Using pooled Channel '[id: 0xec682889, L:/127.0.0.1:61838 - R:localhost/127.0.0.1:52991]' for 'POST' to 'http://localhost:52991/session/c8c36ac696ca78d104ed9da332fe022b/execute/sync'
22:26:51.604 [Forwarding getElementAttribute on session c8c36ac696ca78d104ed9da332fe022b to remote] DEBUG org.asynchttpclient.netty.request.NettyRequestSender - Using open Channel [id: 0xec682889, L:/127.0.0.1:61838 - R:localhost/127.0.0.1:52991] for POST '/session/c8c36ac696ca78d104ed9da332fe022b/execute/sync'
22:26:51.614 [AsyncHttpClient-1-9] DEBUG org.asynchttpclient.netty.handler.HttpHandler - 

Request DefaultHttpRequest(decodeResult: success, version: HTTP/1.1)
POST /session/c8c36ac696ca78d104ed9da332fe022b/execute/sync HTTP/1.1
User-Agent: selenium/4.1.2 (java windows)
Content-Length: 47339
Content-Type: application/json; charset=utf-8
host: localhost:52991
accept: */*

Response DefaultHttpResponse(decodeResult: success, version: HTTP/1.1)
HTTP/1.1 200 OK
Content-Type: application/json; charset=utf-8
cache-control: no-cache
content-length: 102

22:26:51.614 [AsyncHttpClient-1-9] DEBUG org.asynchttpclient.netty.channel.ChannelManager - Adding key: http://localhost:52991 for channel [id: 0xec682889, L:/127.0.0.1:61838 - R:localhost/127.0.0.1:52991]
22:26:51.624 [Forwarding getElementAttribute on session c8c36ac696ca78d104ed9da332fe022b to remote] DEBUG org.asynchttpclient.netty.request.NettyRequestSender - Using pooled Channel '[id: 0xec682889, L:/127.0.0.1:61838 - R:localhost/127.0.0.1:52991]' for 'POST' to 'http://localhost:52991/session/c8c36ac696ca78d104ed9da332fe022b/execute/sync'
22:26:51.624 [Forwarding getElementAttribute on session c8c36ac696ca78d104ed9da332fe022b to remote] DEBUG org.asynchttpclient.netty.request.NettyRequestSender - Using open Channel [id: 0xec682889, L:/127.0.0.1:61838 - R:localhost/127.0.0.1:52991] for POST '/session/c8c36ac696ca78d104ed9da332fe022b/execute/sync'
22:26:51.634 [AsyncHttpClient-1-9] DEBUG org.asynchttpclient.netty.handler.HttpHandler - 

Request DefaultHttpRequest(decodeResult: success, version: HTTP/1.1)
POST /session/c8c36ac696ca78d104ed9da332fe022b/execute/sync HTTP/1.1
User-Agent: selenium/4.1.2 (java windows)
Content-Length: 47339
Content-Type: application/json; charset=utf-8
host: localhost:52991
accept: */*

Response DefaultHttpResponse(decodeResult: success, version: HTTP/1.1)
HTTP/1.1 200 OK
Content-Type: application/json; charset=utf-8
cache-control: no-cache
content-length: 108

22:26:51.634 [AsyncHttpClient-1-9] DEBUG org.asynchttpclient.netty.channel.ChannelManager - Adding key: http://localhost:52991 for channel [id: 0xec682889, L:/127.0.0.1:61838 - R:localhost/127.0.0.1:52991]
22:26:51.634 [Forwarding getElementAttribute on session c8c36ac696ca78d104ed9da332fe022b to remote] DEBUG org.asynchttpclient.netty.request.NettyRequestSender - Using pooled Channel '[id: 0xec682889, L:/127.0.0.1:61838 - R:localhost/127.0.0.1:52991]' for 'POST' to 'http://localhost:52991/session/c8c36ac696ca78d104ed9da332fe022b/execute/sync'
22:26:51.634 [Forwarding getElementAttribute on session c8c36ac696ca78d104ed9da332fe022b to remote] DEBUG org.asynchttpclient.netty.request.NettyRequestSender - Using open Channel [id: 0xec682889, L:/127.0.0.1:61838 - R:localhost/127.0.0.1:52991] for POST '/session/c8c36ac696ca78d104ed9da332fe022b/execute/sync'
22:26:51.654 [AsyncHttpClient-1-9] DEBUG org.asynchttpclient.netty.handler.HttpHandler - 

Request DefaultHttpRequest(decodeResult: success, version: HTTP/1.1)
POST /session/c8c36ac696ca78d104ed9da332fe022b/execute/sync HTTP/1.1
User-Agent: selenium/4.1.2 (java windows)
Content-Length: 47339
Content-Type: application/json; charset=utf-8
host: localhost:52991
accept: */*

Response DefaultHttpResponse(decodeResult: success, version: HTTP/1.1)
HTTP/1.1 200 OK
Content-Type: application/json; charset=utf-8
cache-control: no-cache
content-length: 95

22:26:51.654 [AsyncHttpClient-1-9] DEBUG org.asynchttpclient.netty.channel.ChannelManager - Adding key: http://localhost:52991 for channel [id: 0xec682889, L:/127.0.0.1:61838 - R:localhost/127.0.0.1:52991]
22:26:51.664 [Forwarding getElementAttribute on session c8c36ac696ca78d104ed9da332fe022b to remote] DEBUG org.asynchttpclient.netty.request.NettyRequestSender - Using pooled Channel '[id: 0xec682889, L:/127.0.0.1:61838 - R:localhost/127.0.0.1:52991]' for 'POST' to 'http://localhost:52991/session/c8c36ac696ca78d104ed9da332fe022b/execute/sync'
22:26:51.664 [Forwarding getElementAttribute on session c8c36ac696ca78d104ed9da332fe022b to remote] DEBUG org.asynchttpclient.netty.request.NettyRequestSender - Using open Channel [id: 0xec682889, L:/127.0.0.1:61838 - R:localhost/127.0.0.1:52991] for POST '/session/c8c36ac696ca78d104ed9da332fe022b/execute/sync'
22:26:51.666 [AsyncHttpClient-1-9] DEBUG org.asynchttpclient.netty.handler.HttpHandler - 

Request DefaultHttpRequest(decodeResult: success, version: HTTP/1.1)
POST /session/c8c36ac696ca78d104ed9da332fe022b/execute/sync HTTP/1.1
User-Agent: selenium/4.1.2 (java windows)
Content-Length: 47339
Content-Type: application/json; charset=utf-8
host: localhost:52991
accept: */*

Response DefaultHttpResponse(decodeResult: success, version: HTTP/1.1)
HTTP/1.1 200 OK
Content-Type: application/json; charset=utf-8
cache-control: no-cache
content-length: 84

22:26:51.666 [AsyncHttpClient-1-9] DEBUG org.asynchttpclient.netty.channel.ChannelManager - Adding key: http://localhost:52991 for channel [id: 0xec682889, L:/127.0.0.1:61838 - R:localhost/127.0.0.1:52991]
22:26:51.680 [Forwarding getElementAttribute on session c8c36ac696ca78d104ed9da332fe022b to remote] DEBUG org.asynchttpclient.netty.request.NettyRequestSender - Using pooled Channel '[id: 0xec682889, L:/127.0.0.1:61838 - R:localhost/127.0.0.1:52991]' for 'POST' to 'http://localhost:52991/session/c8c36ac696ca78d104ed9da332fe022b/execute/sync'
22:26:51.680 [Forwarding getElementAttribute on session c8c36ac696ca78d104ed9da332fe022b to remote] DEBUG org.asynchttpclient.netty.request.NettyRequestSender - Using open Channel [id: 0xec682889, L:/127.0.0.1:61838 - R:localhost/127.0.0.1:52991] for POST '/session/c8c36ac696ca78d104ed9da332fe022b/execute/sync'
22:26:51.692 [AsyncHttpClient-1-9] DEBUG org.asynchttpclient.netty.handler.HttpHandler - 

Request DefaultHttpRequest(decodeResult: success, version: HTTP/1.1)
POST /session/c8c36ac696ca78d104ed9da332fe022b/execute/sync HTTP/1.1
User-Agent: selenium/4.1.2 (java windows)
Content-Length: 47339
Content-Type: application/json; charset=utf-8
host: localhost:52991
accept: */*

Response DefaultHttpResponse(decodeResult: success, version: HTTP/1.1)
HTTP/1.1 200 OK
Content-Type: application/json; charset=utf-8
cache-control: no-cache
content-length: 85

22:26:51.692 [AsyncHttpClient-1-9] DEBUG org.asynchttpclient.netty.channel.ChannelManager - Adding key: http://localhost:52991 for channel [id: 0xec682889, L:/127.0.0.1:61838 - R:localhost/127.0.0.1:52991]
22:26:51.692 [Forwarding getElementAttribute on session c8c36ac696ca78d104ed9da332fe022b to remote] DEBUG org.asynchttpclient.netty.request.NettyRequestSender - Using pooled Channel '[id: 0xec682889, L:/127.0.0.1:61838 - R:localhost/127.0.0.1:52991]' for 'POST' to 'http://localhost:52991/session/c8c36ac696ca78d104ed9da332fe022b/execute/sync'
22:26:51.692 [Forwarding getElementAttribute on session c8c36ac696ca78d104ed9da332fe022b to remote] DEBUG org.asynchttpclient.netty.request.NettyRequestSender - Using open Channel [id: 0xec682889, L:/127.0.0.1:61838 - R:localhost/127.0.0.1:52991] for POST '/session/c8c36ac696ca78d104ed9da332fe022b/execute/sync'
22:26:51.712 [AsyncHttpClient-1-9] DEBUG org.asynchttpclient.netty.handler.HttpHandler - 

Request DefaultHttpRequest(decodeResult: success, version: HTTP/1.1)
POST /session/c8c36ac696ca78d104ed9da332fe022b/execute/sync HTTP/1.1
User-Agent: selenium/4.1.2 (java windows)
Content-Length: 47339
Content-Type: application/json; charset=utf-8
host: localhost:52991
accept: */*

Response DefaultHttpResponse(decodeResult: success, version: HTTP/1.1)
HTTP/1.1 200 OK
Content-Type: application/json; charset=utf-8
cache-control: no-cache
content-length: 82

22:26:51.712 [AsyncHttpClient-1-9] DEBUG org.asynchttpclient.netty.channel.ChannelManager - Adding key: http://localhost:52991 for channel [id: 0xec682889, L:/127.0.0.1:61838 - R:localhost/127.0.0.1:52991]
22:26:51.712 [Forwarding getElementAttribute on session c8c36ac696ca78d104ed9da332fe022b to remote] DEBUG org.asynchttpclient.netty.request.NettyRequestSender - Using pooled Channel '[id: 0xec682889, L:/127.0.0.1:61838 - R:localhost/127.0.0.1:52991]' for 'POST' to 'http://localhost:52991/session/c8c36ac696ca78d104ed9da332fe022b/execute/sync'
22:26:51.712 [Forwarding getElementAttribute on session c8c36ac696ca78d104ed9da332fe022b to remote] DEBUG org.asynchttpclient.netty.request.NettyRequestSender - Using open Channel [id: 0xec682889, L:/127.0.0.1:61838 - R:localhost/127.0.0.1:52991] for POST '/session/c8c36ac696ca78d104ed9da332fe022b/execute/sync'
22:26:51.722 [AsyncHttpClient-1-9] DEBUG org.asynchttpclient.netty.handler.HttpHandler - 

Request DefaultHttpRequest(decodeResult: success, version: HTTP/1.1)
POST /session/c8c36ac696ca78d104ed9da332fe022b/execute/sync HTTP/1.1
User-Agent: selenium/4.1.2 (java windows)
Content-Length: 47339
Content-Type: application/json; charset=utf-8
host: localhost:52991
accept: */*

Response DefaultHttpResponse(decodeResult: success, version: HTTP/1.1)
HTTP/1.1 200 OK
Content-Type: application/json; charset=utf-8
cache-control: no-cache
content-length: 90

22:26:51.722 [AsyncHttpClient-1-9] DEBUG org.asynchttpclient.netty.channel.ChannelManager - Adding key: http://localhost:52991 for channel [id: 0xec682889, L:/127.0.0.1:61838 - R:localhost/127.0.0.1:52991]
22:26:51.735 [Forwarding getElementAttribute on session c8c36ac696ca78d104ed9da332fe022b to remote] DEBUG org.asynchttpclient.netty.request.NettyRequestSender - Using pooled Channel '[id: 0xec682889, L:/127.0.0.1:61838 - R:localhost/127.0.0.1:52991]' for 'POST' to 'http://localhost:52991/session/c8c36ac696ca78d104ed9da332fe022b/execute/sync'
22:26:51.735 [Forwarding getElementAttribute on session c8c36ac696ca78d104ed9da332fe022b to remote] DEBUG org.asynchttpclient.netty.request.NettyRequestSender - Using open Channel [id: 0xec682889, L:/127.0.0.1:61838 - R:localhost/127.0.0.1:52991] for POST '/session/c8c36ac696ca78d104ed9da332fe022b/execute/sync'
22:26:51.766 [AsyncHttpClient-1-9] DEBUG org.asynchttpclient.netty.handler.HttpHandler - 

Request DefaultHttpRequest(decodeResult: success, version: HTTP/1.1)
POST /session/c8c36ac696ca78d104ed9da332fe022b/execute/sync HTTP/1.1
User-Agent: selenium/4.1.2 (java windows)
Content-Length: 47339
Content-Type: application/json; charset=utf-8
host: localhost:52991
accept: */*

Response DefaultHttpResponse(decodeResult: success, version: HTTP/1.1)
HTTP/1.1 200 OK
Content-Type: application/json; charset=utf-8
cache-control: no-cache
content-length: 117

22:26:51.766 [AsyncHttpClient-1-9] DEBUG org.asynchttpclient.netty.channel.ChannelManager - Adding key: http://localhost:52991 for channel [id: 0xec682889, L:/127.0.0.1:61838 - R:localhost/127.0.0.1:52991]
22:26:51.766 [Forwarding getElementAttribute on session c8c36ac696ca78d104ed9da332fe022b to remote] DEBUG org.asynchttpclient.netty.request.NettyRequestSender - Using pooled Channel '[id: 0xec682889, L:/127.0.0.1:61838 - R:localhost/127.0.0.1:52991]' for 'POST' to 'http://localhost:52991/session/c8c36ac696ca78d104ed9da332fe022b/execute/sync'
22:26:51.766 [Forwarding getElementAttribute on session c8c36ac696ca78d104ed9da332fe022b to remote] DEBUG org.asynchttpclient.netty.request.NettyRequestSender - Using open Channel [id: 0xec682889, L:/127.0.0.1:61838 - R:localhost/127.0.0.1:52991] for POST '/session/c8c36ac696ca78d104ed9da332fe022b/execute/sync'
22:26:51.781 [AsyncHttpClient-1-9] DEBUG org.asynchttpclient.netty.handler.HttpHandler - 

Request DefaultHttpRequest(decodeResult: success, version: HTTP/1.1)
POST /session/c8c36ac696ca78d104ed9da332fe022b/execute/sync HTTP/1.1
User-Agent: selenium/4.1.2 (java windows)
Content-Length: 47339
Content-Type: application/json; charset=utf-8
host: localhost:52991
accept: */*

Response DefaultHttpResponse(decodeResult: success, version: HTTP/1.1)
HTTP/1.1 200 OK
Content-Type: application/json; charset=utf-8
cache-control: no-cache
content-length: 85

22:26:51.781 [AsyncHttpClient-1-9] DEBUG org.asynchttpclient.netty.channel.ChannelManager - Adding key: http://localhost:52991 for channel [id: 0xec682889, L:/127.0.0.1:61838 - R:localhost/127.0.0.1:52991]
22:26:51.781 [Forwarding getElementAttribute on session c8c36ac696ca78d104ed9da332fe022b to remote] DEBUG org.asynchttpclient.netty.request.NettyRequestSender - Using pooled Channel '[id: 0xec682889, L:/127.0.0.1:61838 - R:localhost/127.0.0.1:52991]' for 'POST' to 'http://localhost:52991/session/c8c36ac696ca78d104ed9da332fe022b/execute/sync'
22:26:51.781 [Forwarding getElementAttribute on session c8c36ac696ca78d104ed9da332fe022b to remote] DEBUG org.asynchttpclient.netty.request.NettyRequestSender - Using open Channel [id: 0xec682889, L:/127.0.0.1:61838 - R:localhost/127.0.0.1:52991] for POST '/session/c8c36ac696ca78d104ed9da332fe022b/execute/sync'
22:26:51.791 [AsyncHttpClient-1-9] DEBUG org.asynchttpclient.netty.handler.HttpHandler - 

Request DefaultHttpRequest(decodeResult: success, version: HTTP/1.1)
POST /session/c8c36ac696ca78d104ed9da332fe022b/execute/sync HTTP/1.1
User-Agent: selenium/4.1.2 (java windows)
Content-Length: 47339
Content-Type: application/json; charset=utf-8
host: localhost:52991
accept: */*

Response DefaultHttpResponse(decodeResult: success, version: HTTP/1.1)
HTTP/1.1 200 OK
Content-Type: application/json; charset=utf-8
cache-control: no-cache
content-length: 119

22:26:51.791 [AsyncHttpClient-1-9] DEBUG org.asynchttpclient.netty.channel.ChannelManager - Adding key: http://localhost:52991 for channel [id: 0xec682889, L:/127.0.0.1:61838 - R:localhost/127.0.0.1:52991]
22:26:51.801 [Forwarding getElementAttribute on session c8c36ac696ca78d104ed9da332fe022b to remote] DEBUG org.asynchttpclient.netty.request.NettyRequestSender - Using pooled Channel '[id: 0xec682889, L:/127.0.0.1:61838 - R:localhost/127.0.0.1:52991]' for 'POST' to 'http://localhost:52991/session/c8c36ac696ca78d104ed9da332fe022b/execute/sync'
22:26:51.801 [Forwarding getElementAttribute on session c8c36ac696ca78d104ed9da332fe022b to remote] DEBUG org.asynchttpclient.netty.request.NettyRequestSender - Using open Channel [id: 0xec682889, L:/127.0.0.1:61838 - R:localhost/127.0.0.1:52991] for POST '/session/c8c36ac696ca78d104ed9da332fe022b/execute/sync'
22:26:51.811 [AsyncHttpClient-1-9] DEBUG org.asynchttpclient.netty.handler.HttpHandler - 

Request DefaultHttpRequest(decodeResult: success, version: HTTP/1.1)
POST /session/c8c36ac696ca78d104ed9da332fe022b/execute/sync HTTP/1.1
User-Agent: selenium/4.1.2 (java windows)
Content-Length: 47339
Content-Type: application/json; charset=utf-8
host: localhost:52991
accept: */*

Response DefaultHttpResponse(decodeResult: success, version: HTTP/1.1)
HTTP/1.1 200 OK
Content-Type: application/json; charset=utf-8
cache-control: no-cache
content-length: 106

22:26:51.811 [AsyncHttpClient-1-9] DEBUG org.asynchttpclient.netty.channel.ChannelManager - Adding key: http://localhost:52991 for channel [id: 0xec682889, L:/127.0.0.1:61838 - R:localhost/127.0.0.1:52991]
22:26:51.811 [Forwarding getElementAttribute on session c8c36ac696ca78d104ed9da332fe022b to remote] DEBUG org.asynchttpclient.netty.request.NettyRequestSender - Using pooled Channel '[id: 0xec682889, L:/127.0.0.1:61838 - R:localhost/127.0.0.1:52991]' for 'POST' to 'http://localhost:52991/session/c8c36ac696ca78d104ed9da332fe022b/execute/sync'
22:26:51.811 [Forwarding getElementAttribute on session c8c36ac696ca78d104ed9da332fe022b to remote] DEBUG org.asynchttpclient.netty.request.NettyRequestSender - Using open Channel [id: 0xec682889, L:/127.0.0.1:61838 - R:localhost/127.0.0.1:52991] for POST '/session/c8c36ac696ca78d104ed9da332fe022b/execute/sync'
22:26:51.821 [AsyncHttpClient-1-9] DEBUG org.asynchttpclient.netty.handler.HttpHandler - 

Request DefaultHttpRequest(decodeResult: success, version: HTTP/1.1)
POST /session/c8c36ac696ca78d104ed9da332fe022b/execute/sync HTTP/1.1
User-Agent: selenium/4.1.2 (java windows)
Content-Length: 47339
Content-Type: application/json; charset=utf-8
host: localhost:52991
accept: */*

Response DefaultHttpResponse(decodeResult: success, version: HTTP/1.1)
HTTP/1.1 200 OK
Content-Type: application/json; charset=utf-8
cache-control: no-cache
content-length: 92

22:26:51.821 [AsyncHttpClient-1-9] DEBUG org.asynchttpclient.netty.channel.ChannelManager - Adding key: http://localhost:52991 for channel [id: 0xec682889, L:/127.0.0.1:61838 - R:localhost/127.0.0.1:52991]
22:26:51.831 [Forwarding getElementAttribute on session c8c36ac696ca78d104ed9da332fe022b to remote] DEBUG org.asynchttpclient.netty.request.NettyRequestSender - Using pooled Channel '[id: 0xec682889, L:/127.0.0.1:61838 - R:localhost/127.0.0.1:52991]' for 'POST' to 'http://localhost:52991/session/c8c36ac696ca78d104ed9da332fe022b/execute/sync'
22:26:51.831 [Forwarding getElementAttribute on session c8c36ac696ca78d104ed9da332fe022b to remote] DEBUG org.asynchttpclient.netty.request.NettyRequestSender - Using open Channel [id: 0xec682889, L:/127.0.0.1:61838 - R:localhost/127.0.0.1:52991] for POST '/session/c8c36ac696ca78d104ed9da332fe022b/execute/sync'
22:26:51.841 [AsyncHttpClient-1-9] DEBUG org.asynchttpclient.netty.handler.HttpHandler - 

Request DefaultHttpRequest(decodeResult: success, version: HTTP/1.1)
POST /session/c8c36ac696ca78d104ed9da332fe022b/execute/sync HTTP/1.1
User-Agent: selenium/4.1.2 (java windows)
Content-Length: 47339
Content-Type: application/json; charset=utf-8
host: localhost:52991
accept: */*

Response DefaultHttpResponse(decodeResult: success, version: HTTP/1.1)
HTTP/1.1 200 OK
Content-Type: application/json; charset=utf-8
cache-control: no-cache
content-length: 117

22:26:51.841 [AsyncHttpClient-1-9] DEBUG org.asynchttpclient.netty.channel.ChannelManager - Adding key: http://localhost:52991 for channel [id: 0xec682889, L:/127.0.0.1:61838 - R:localhost/127.0.0.1:52991]
22:26:51.841 [Forwarding getElementAttribute on session c8c36ac696ca78d104ed9da332fe022b to remote] DEBUG org.asynchttpclient.netty.request.NettyRequestSender - Using pooled Channel '[id: 0xec682889, L:/127.0.0.1:61838 - R:localhost/127.0.0.1:52991]' for 'POST' to 'http://localhost:52991/session/c8c36ac696ca78d104ed9da332fe022b/execute/sync'
22:26:51.841 [Forwarding getElementAttribute on session c8c36ac696ca78d104ed9da332fe022b to remote] DEBUG org.asynchttpclient.netty.request.NettyRequestSender - Using open Channel [id: 0xec682889, L:/127.0.0.1:61838 - R:localhost/127.0.0.1:52991] for POST '/session/c8c36ac696ca78d104ed9da332fe022b/execute/sync'
22:26:51.851 [AsyncHttpClient-1-9] DEBUG org.asynchttpclient.netty.handler.HttpHandler - 

Request DefaultHttpRequest(decodeResult: success, version: HTTP/1.1)
POST /session/c8c36ac696ca78d104ed9da332fe022b/execute/sync HTTP/1.1
User-Agent: selenium/4.1.2 (java windows)
Content-Length: 47339
Content-Type: application/json; charset=utf-8
host: localhost:52991
accept: */*

Response DefaultHttpResponse(decodeResult: success, version: HTTP/1.1)
HTTP/1.1 200 OK
Content-Type: application/json; charset=utf-8
cache-control: no-cache
content-length: 105

22:26:51.851 [AsyncHttpClient-1-9] DEBUG org.asynchttpclient.netty.channel.ChannelManager - Adding key: http://localhost:52991 for channel [id: 0xec682889, L:/127.0.0.1:61838 - R:localhost/127.0.0.1:52991]
22:26:51.861 [Forwarding getElementAttribute on session c8c36ac696ca78d104ed9da332fe022b to remote] DEBUG org.asynchttpclient.netty.request.NettyRequestSender - Using pooled Channel '[id: 0xec682889, L:/127.0.0.1:61838 - R:localhost/127.0.0.1:52991]' for 'POST' to 'http://localhost:52991/session/c8c36ac696ca78d104ed9da332fe022b/execute/sync'
22:26:51.861 [Forwarding getElementAttribute on session c8c36ac696ca78d104ed9da332fe022b to remote] DEBUG org.asynchttpclient.netty.request.NettyRequestSender - Using open Channel [id: 0xec682889, L:/127.0.0.1:61838 - R:localhost/127.0.0.1:52991] for POST '/session/c8c36ac696ca78d104ed9da332fe022b/execute/sync'
22:26:51.867 [AsyncHttpClient-1-9] DEBUG org.asynchttpclient.netty.handler.HttpHandler - 

Request DefaultHttpRequest(decodeResult: success, version: HTTP/1.1)
POST /session/c8c36ac696ca78d104ed9da332fe022b/execute/sync HTTP/1.1
User-Agent: selenium/4.1.2 (java windows)
Content-Length: 47339
Content-Type: application/json; charset=utf-8
host: localhost:52991
accept: */*

Response DefaultHttpResponse(decodeResult: success, version: HTTP/1.1)
HTTP/1.1 200 OK
Content-Type: application/json; charset=utf-8
cache-control: no-cache
content-length: 94

22:26:51.867 [AsyncHttpClient-1-9] DEBUG org.asynchttpclient.netty.channel.ChannelManager - Adding key: http://localhost:52991 for channel [id: 0xec682889, L:/127.0.0.1:61838 - R:localhost/127.0.0.1:52991]
22:26:51.867 [Forwarding getElementAttribute on session c8c36ac696ca78d104ed9da332fe022b to remote] DEBUG org.asynchttpclient.netty.request.NettyRequestSender - Using pooled Channel '[id: 0xec682889, L:/127.0.0.1:61838 - R:localhost/127.0.0.1:52991]' for 'POST' to 'http://localhost:52991/session/c8c36ac696ca78d104ed9da332fe022b/execute/sync'
22:26:51.867 [Forwarding getElementAttribute on session c8c36ac696ca78d104ed9da332fe022b to remote] DEBUG org.asynchttpclient.netty.request.NettyRequestSender - Using open Channel [id: 0xec682889, L:/127.0.0.1:61838 - R:localhost/127.0.0.1:52991] for POST '/session/c8c36ac696ca78d104ed9da332fe022b/execute/sync'
22:26:51.907 [AsyncHttpClient-1-9] DEBUG org.asynchttpclient.netty.handler.HttpHandler - 

Request DefaultHttpRequest(decodeResult: success, version: HTTP/1.1)
POST /session/c8c36ac696ca78d104ed9da332fe022b/execute/sync HTTP/1.1
User-Agent: selenium/4.1.2 (java windows)
Content-Length: 47339
Content-Type: application/json; charset=utf-8
host: localhost:52991
accept: */*

Response DefaultHttpResponse(decodeResult: success, version: HTTP/1.1)
HTTP/1.1 200 OK
Content-Type: application/json; charset=utf-8
cache-control: no-cache
content-length: 107

22:26:51.907 [AsyncHttpClient-1-9] DEBUG org.asynchttpclient.netty.channel.ChannelManager - Adding key: http://localhost:52991 for channel [id: 0xec682889, L:/127.0.0.1:61838 - R:localhost/127.0.0.1:52991]
22:26:51.911 [Forwarding getElementAttribute on session c8c36ac696ca78d104ed9da332fe022b to remote] DEBUG org.asynchttpclient.netty.request.NettyRequestSender - Using pooled Channel '[id: 0xec682889, L:/127.0.0.1:61838 - R:localhost/127.0.0.1:52991]' for 'POST' to 'http://localhost:52991/session/c8c36ac696ca78d104ed9da332fe022b/execute/sync'
22:26:51.911 [Forwarding getElementAttribute on session c8c36ac696ca78d104ed9da332fe022b to remote] DEBUG org.asynchttpclient.netty.request.NettyRequestSender - Using open Channel [id: 0xec682889, L:/127.0.0.1:61838 - R:localhost/127.0.0.1:52991] for POST '/session/c8c36ac696ca78d104ed9da332fe022b/execute/sync'
22:26:51.921 [AsyncHttpClient-1-9] DEBUG org.asynchttpclient.netty.handler.HttpHandler - 

Request DefaultHttpRequest(decodeResult: success, version: HTTP/1.1)
POST /session/c8c36ac696ca78d104ed9da332fe022b/execute/sync HTTP/1.1
User-Agent: selenium/4.1.2 (java windows)
Content-Length: 47339
Content-Type: application/json; charset=utf-8
host: localhost:52991
accept: */*

Response DefaultHttpResponse(decodeResult: success, version: HTTP/1.1)
HTTP/1.1 200 OK
Content-Type: application/json; charset=utf-8
cache-control: no-cache
content-length: 114

22:26:51.921 [AsyncHttpClient-1-9] DEBUG org.asynchttpclient.netty.channel.ChannelManager - Adding key: http://localhost:52991 for channel [id: 0xec682889, L:/127.0.0.1:61838 - R:localhost/127.0.0.1:52991]
22:26:51.931 [Forwarding getElementAttribute on session c8c36ac696ca78d104ed9da332fe022b to remote] DEBUG org.asynchttpclient.netty.request.NettyRequestSender - Using pooled Channel '[id: 0xec682889, L:/127.0.0.1:61838 - R:localhost/127.0.0.1:52991]' for 'POST' to 'http://localhost:52991/session/c8c36ac696ca78d104ed9da332fe022b/execute/sync'
22:26:51.931 [Forwarding getElementAttribute on session c8c36ac696ca78d104ed9da332fe022b to remote] DEBUG org.asynchttpclient.netty.request.NettyRequestSender - Using open Channel [id: 0xec682889, L:/127.0.0.1:61838 - R:localhost/127.0.0.1:52991] for POST '/session/c8c36ac696ca78d104ed9da332fe022b/execute/sync'
22:26:51.941 [AsyncHttpClient-1-9] DEBUG org.asynchttpclient.netty.handler.HttpHandler - 

Request DefaultHttpRequest(decodeResult: success, version: HTTP/1.1)
POST /session/c8c36ac696ca78d104ed9da332fe022b/execute/sync HTTP/1.1
User-Agent: selenium/4.1.2 (java windows)
Content-Length: 47339
Content-Type: application/json; charset=utf-8
host: localhost:52991
accept: */*

Response DefaultHttpResponse(decodeResult: success, version: HTTP/1.1)
HTTP/1.1 200 OK
Content-Type: application/json; charset=utf-8
cache-control: no-cache
content-length: 82

22:26:51.941 [AsyncHttpClient-1-9] DEBUG org.asynchttpclient.netty.channel.ChannelManager - Adding key: http://localhost:52991 for channel [id: 0xec682889, L:/127.0.0.1:61838 - R:localhost/127.0.0.1:52991]
22:26:51.941 [Forwarding getElementAttribute on session c8c36ac696ca78d104ed9da332fe022b to remote] DEBUG org.asynchttpclient.netty.request.NettyRequestSender - Using pooled Channel '[id: 0xec682889, L:/127.0.0.1:61838 - R:localhost/127.0.0.1:52991]' for 'POST' to 'http://localhost:52991/session/c8c36ac696ca78d104ed9da332fe022b/execute/sync'
22:26:51.941 [Forwarding getElementAttribute on session c8c36ac696ca78d104ed9da332fe022b to remote] DEBUG org.asynchttpclient.netty.request.NettyRequestSender - Using open Channel [id: 0xec682889, L:/127.0.0.1:61838 - R:localhost/127.0.0.1:52991] for POST '/session/c8c36ac696ca78d104ed9da332fe022b/execute/sync'
22:26:51.951 [AsyncHttpClient-1-9] DEBUG org.asynchttpclient.netty.handler.HttpHandler - 

Request DefaultHttpRequest(decodeResult: success, version: HTTP/1.1)
POST /session/c8c36ac696ca78d104ed9da332fe022b/execute/sync HTTP/1.1
User-Agent: selenium/4.1.2 (java windows)
Content-Length: 47339
Content-Type: application/json; charset=utf-8
host: localhost:52991
accept: */*

Response DefaultHttpResponse(decodeResult: success, version: HTTP/1.1)
HTTP/1.1 200 OK
Content-Type: application/json; charset=utf-8
cache-control: no-cache
content-length: 97

22:26:51.951 [AsyncHttpClient-1-9] DEBUG org.asynchttpclient.netty.channel.ChannelManager - Adding key: http://localhost:52991 for channel [id: 0xec682889, L:/127.0.0.1:61838 - R:localhost/127.0.0.1:52991]
22:26:51.951 [Forwarding getElementAttribute on session c8c36ac696ca78d104ed9da332fe022b to remote] DEBUG org.asynchttpclient.netty.request.NettyRequestSender - Using pooled Channel '[id: 0xec682889, L:/127.0.0.1:61838 - R:localhost/127.0.0.1:52991]' for 'POST' to 'http://localhost:52991/session/c8c36ac696ca78d104ed9da332fe022b/execute/sync'
22:26:51.951 [Forwarding getElementAttribute on session c8c36ac696ca78d104ed9da332fe022b to remote] DEBUG org.asynchttpclient.netty.request.NettyRequestSender - Using open Channel [id: 0xec682889, L:/127.0.0.1:61838 - R:localhost/127.0.0.1:52991] for POST '/session/c8c36ac696ca78d104ed9da332fe022b/execute/sync'
22:26:51.961 [AsyncHttpClient-1-9] DEBUG org.asynchttpclient.netty.handler.HttpHandler - 

Request DefaultHttpRequest(decodeResult: success, version: HTTP/1.1)
POST /session/c8c36ac696ca78d104ed9da332fe022b/execute/sync HTTP/1.1
User-Agent: selenium/4.1.2 (java windows)
Content-Length: 47339
Content-Type: application/json; charset=utf-8
host: localhost:52991
accept: */*

Response DefaultHttpResponse(decodeResult: success, version: HTTP/1.1)
HTTP/1.1 200 OK
Content-Type: application/json; charset=utf-8
cache-control: no-cache
content-length: 103

22:26:51.961 [AsyncHttpClient-1-9] DEBUG org.asynchttpclient.netty.channel.ChannelManager - Adding key: http://localhost:52991 for channel [id: 0xec682889, L:/127.0.0.1:61838 - R:localhost/127.0.0.1:52991]
22:26:51.973 [Forwarding getElementAttribute on session c8c36ac696ca78d104ed9da332fe022b to remote] DEBUG org.asynchttpclient.netty.request.NettyRequestSender - Using pooled Channel '[id: 0xec682889, L:/127.0.0.1:61838 - R:localhost/127.0.0.1:52991]' for 'POST' to 'http://localhost:52991/session/c8c36ac696ca78d104ed9da332fe022b/execute/sync'
22:26:51.973 [Forwarding getElementAttribute on session c8c36ac696ca78d104ed9da332fe022b to remote] DEBUG org.asynchttpclient.netty.request.NettyRequestSender - Using open Channel [id: 0xec682889, L:/127.0.0.1:61838 - R:localhost/127.0.0.1:52991] for POST '/session/c8c36ac696ca78d104ed9da332fe022b/execute/sync'
22:26:51.980 [AsyncHttpClient-1-9] DEBUG org.asynchttpclient.netty.handler.HttpHandler - 

Request DefaultHttpRequest(decodeResult: success, version: HTTP/1.1)
POST /session/c8c36ac696ca78d104ed9da332fe022b/execute/sync HTTP/1.1
User-Agent: selenium/4.1.2 (java windows)
Content-Length: 47339
Content-Type: application/json; charset=utf-8
host: localhost:52991
accept: */*

Response DefaultHttpResponse(decodeResult: success, version: HTTP/1.1)
HTTP/1.1 200 OK
Content-Type: application/json; charset=utf-8
cache-control: no-cache
content-length: 104

22:26:51.980 [AsyncHttpClient-1-9] DEBUG org.asynchttpclient.netty.channel.ChannelManager - Adding key: http://localhost:52991 for channel [id: 0xec682889, L:/127.0.0.1:61838 - R:localhost/127.0.0.1:52991]
22:26:51.980 [Forwarding getElementAttribute on session c8c36ac696ca78d104ed9da332fe022b to remote] DEBUG org.asynchttpclient.netty.request.NettyRequestSender - Using pooled Channel '[id: 0xec682889, L:/127.0.0.1:61838 - R:localhost/127.0.0.1:52991]' for 'POST' to 'http://localhost:52991/session/c8c36ac696ca78d104ed9da332fe022b/execute/sync'
22:26:51.980 [Forwarding getElementAttribute on session c8c36ac696ca78d104ed9da332fe022b to remote] DEBUG org.asynchttpclient.netty.request.NettyRequestSender - Using open Channel [id: 0xec682889, L:/127.0.0.1:61838 - R:localhost/127.0.0.1:52991] for POST '/session/c8c36ac696ca78d104ed9da332fe022b/execute/sync'
22:26:51.990 [AsyncHttpClient-1-9] DEBUG org.asynchttpclient.netty.handler.HttpHandler - 

Request DefaultHttpRequest(decodeResult: success, version: HTTP/1.1)
POST /session/c8c36ac696ca78d104ed9da332fe022b/execute/sync HTTP/1.1
User-Agent: selenium/4.1.2 (java windows)
Content-Length: 47339
Content-Type: application/json; charset=utf-8
host: localhost:52991
accept: */*

Response DefaultHttpResponse(decodeResult: success, version: HTTP/1.1)
HTTP/1.1 200 OK
Content-Type: application/json; charset=utf-8
cache-control: no-cache
content-length: 96

22:26:51.990 [AsyncHttpClient-1-9] DEBUG org.asynchttpclient.netty.channel.ChannelManager - Adding key: http://localhost:52991 for channel [id: 0xec682889, L:/127.0.0.1:61838 - R:localhost/127.0.0.1:52991]
22:26:52.000 [Forwarding getElementAttribute on session c8c36ac696ca78d104ed9da332fe022b to remote] DEBUG org.asynchttpclient.netty.request.NettyRequestSender - Using pooled Channel '[id: 0xec682889, L:/127.0.0.1:61838 - R:localhost/127.0.0.1:52991]' for 'POST' to 'http://localhost:52991/session/c8c36ac696ca78d104ed9da332fe022b/execute/sync'
22:26:52.000 [Forwarding getElementAttribute on session c8c36ac696ca78d104ed9da332fe022b to remote] DEBUG org.asynchttpclient.netty.request.NettyRequestSender - Using open Channel [id: 0xec682889, L:/127.0.0.1:61838 - R:localhost/127.0.0.1:52991] for POST '/session/c8c36ac696ca78d104ed9da332fe022b/execute/sync'
22:26:52.010 [AsyncHttpClient-1-9] DEBUG org.asynchttpclient.netty.handler.HttpHandler - 

Request DefaultHttpRequest(decodeResult: success, version: HTTP/1.1)
POST /session/c8c36ac696ca78d104ed9da332fe022b/execute/sync HTTP/1.1
User-Agent: selenium/4.1.2 (java windows)
Content-Length: 47339
Content-Type: application/json; charset=utf-8
host: localhost:52991
accept: */*

Response DefaultHttpResponse(decodeResult: success, version: HTTP/1.1)
HTTP/1.1 200 OK
Content-Type: application/json; charset=utf-8
cache-control: no-cache
content-length: 94

22:26:52.010 [AsyncHttpClient-1-9] DEBUG org.asynchttpclient.netty.channel.ChannelManager - Adding key: http://localhost:52991 for channel [id: 0xec682889, L:/127.0.0.1:61838 - R:localhost/127.0.0.1:52991]
22:26:52.010 [Forwarding getElementAttribute on session c8c36ac696ca78d104ed9da332fe022b to remote] DEBUG org.asynchttpclient.netty.request.NettyRequestSender - Using pooled Channel '[id: 0xec682889, L:/127.0.0.1:61838 - R:localhost/127.0.0.1:52991]' for 'POST' to 'http://localhost:52991/session/c8c36ac696ca78d104ed9da332fe022b/execute/sync'
22:26:52.010 [Forwarding getElementAttribute on session c8c36ac696ca78d104ed9da332fe022b to remote] DEBUG org.asynchttpclient.netty.request.NettyRequestSender - Using open Channel [id: 0xec682889, L:/127.0.0.1:61838 - R:localhost/127.0.0.1:52991] for POST '/session/c8c36ac696ca78d104ed9da332fe022b/execute/sync'
22:26:52.020 [AsyncHttpClient-1-9] DEBUG org.asynchttpclient.netty.handler.HttpHandler - 

Request DefaultHttpRequest(decodeResult: success, version: HTTP/1.1)
POST /session/c8c36ac696ca78d104ed9da332fe022b/execute/sync HTTP/1.1
User-Agent: selenium/4.1.2 (java windows)
Content-Length: 47339
Content-Type: application/json; charset=utf-8
host: localhost:52991
accept: */*

Response DefaultHttpResponse(decodeResult: success, version: HTTP/1.1)
HTTP/1.1 200 OK
Content-Type: application/json; charset=utf-8
cache-control: no-cache
content-length: 97

22:26:52.020 [AsyncHttpClient-1-9] DEBUG org.asynchttpclient.netty.channel.ChannelManager - Adding key: http://localhost:52991 for channel [id: 0xec682889, L:/127.0.0.1:61838 - R:localhost/127.0.0.1:52991]
22:26:52.030 [Forwarding getElementAttribute on session c8c36ac696ca78d104ed9da332fe022b to remote] DEBUG org.asynchttpclient.netty.request.NettyRequestSender - Using pooled Channel '[id: 0xec682889, L:/127.0.0.1:61838 - R:localhost/127.0.0.1:52991]' for 'POST' to 'http://localhost:52991/session/c8c36ac696ca78d104ed9da332fe022b/execute/sync'
22:26:52.030 [Forwarding getElementAttribute on session c8c36ac696ca78d104ed9da332fe022b to remote] DEBUG org.asynchttpclient.netty.request.NettyRequestSender - Using open Channel [id: 0xec682889, L:/127.0.0.1:61838 - R:localhost/127.0.0.1:52991] for POST '/session/c8c36ac696ca78d104ed9da332fe022b/execute/sync'
22:26:52.042 [AsyncHttpClient-1-9] DEBUG org.asynchttpclient.netty.handler.HttpHandler - 

Request DefaultHttpRequest(decodeResult: success, version: HTTP/1.1)
POST /session/c8c36ac696ca78d104ed9da332fe022b/execute/sync HTTP/1.1
User-Agent: selenium/4.1.2 (java windows)
Content-Length: 47339
Content-Type: application/json; charset=utf-8
host: localhost:52991
accept: */*

Response DefaultHttpResponse(decodeResult: success, version: HTTP/1.1)
HTTP/1.1 200 OK
Content-Type: application/json; charset=utf-8
cache-control: no-cache
content-length: 100

22:26:52.042 [AsyncHttpClient-1-9] DEBUG org.asynchttpclient.netty.channel.ChannelManager - Adding key: http://localhost:52991 for channel [id: 0xec682889, L:/127.0.0.1:61838 - R:localhost/127.0.0.1:52991]
22:26:52.042 [Forwarding getElementAttribute on session c8c36ac696ca78d104ed9da332fe022b to remote] DEBUG org.asynchttpclient.netty.request.NettyRequestSender - Using pooled Channel '[id: 0xec682889, L:/127.0.0.1:61838 - R:localhost/127.0.0.1:52991]' for 'POST' to 'http://localhost:52991/session/c8c36ac696ca78d104ed9da332fe022b/execute/sync'
22:26:52.042 [Forwarding getElementAttribute on session c8c36ac696ca78d104ed9da332fe022b to remote] DEBUG org.asynchttpclient.netty.request.NettyRequestSender - Using open Channel [id: 0xec682889, L:/127.0.0.1:61838 - R:localhost/127.0.0.1:52991] for POST '/session/c8c36ac696ca78d104ed9da332fe022b/execute/sync'
22:26:52.052 [AsyncHttpClient-1-9] DEBUG org.asynchttpclient.netty.handler.HttpHandler - 

Request DefaultHttpRequest(decodeResult: success, version: HTTP/1.1)
POST /session/c8c36ac696ca78d104ed9da332fe022b/execute/sync HTTP/1.1
User-Agent: selenium/4.1.2 (java windows)
Content-Length: 47339
Content-Type: application/json; charset=utf-8
host: localhost:52991
accept: */*

Response DefaultHttpResponse(decodeResult: success, version: HTTP/1.1)
HTTP/1.1 200 OK
Content-Type: application/json; charset=utf-8
cache-control: no-cache
content-length: 95

22:26:52.052 [AsyncHttpClient-1-9] DEBUG org.asynchttpclient.netty.channel.ChannelManager - Adding key: http://localhost:52991 for channel [id: 0xec682889, L:/127.0.0.1:61838 - R:localhost/127.0.0.1:52991]
22:26:52.052 [Forwarding getElementAttribute on session c8c36ac696ca78d104ed9da332fe022b to remote] DEBUG org.asynchttpclient.netty.request.NettyRequestSender - Using pooled Channel '[id: 0xec682889, L:/127.0.0.1:61838 - R:localhost/127.0.0.1:52991]' for 'POST' to 'http://localhost:52991/session/c8c36ac696ca78d104ed9da332fe022b/execute/sync'
22:26:52.052 [Forwarding getElementAttribute on session c8c36ac696ca78d104ed9da332fe022b to remote] DEBUG org.asynchttpclient.netty.request.NettyRequestSender - Using open Channel [id: 0xec682889, L:/127.0.0.1:61838 - R:localhost/127.0.0.1:52991] for POST '/session/c8c36ac696ca78d104ed9da332fe022b/execute/sync'
22:26:52.072 [AsyncHttpClient-1-9] DEBUG org.asynchttpclient.netty.handler.HttpHandler - 

Request DefaultHttpRequest(decodeResult: success, version: HTTP/1.1)
POST /session/c8c36ac696ca78d104ed9da332fe022b/execute/sync HTTP/1.1
User-Agent: selenium/4.1.2 (java windows)
Content-Length: 47339
Content-Type: application/json; charset=utf-8
host: localhost:52991
accept: */*

Response DefaultHttpResponse(decodeResult: success, version: HTTP/1.1)
HTTP/1.1 200 OK
Content-Type: application/json; charset=utf-8
cache-control: no-cache
content-length: 106

22:26:52.072 [AsyncHttpClient-1-9] DEBUG org.asynchttpclient.netty.channel.ChannelManager - Adding key: http://localhost:52991 for channel [id: 0xec682889, L:/127.0.0.1:61838 - R:localhost/127.0.0.1:52991]
22:26:52.072 [Forwarding getElementAttribute on session c8c36ac696ca78d104ed9da332fe022b to remote] DEBUG org.asynchttpclient.netty.request.NettyRequestSender - Using pooled Channel '[id: 0xec682889, L:/127.0.0.1:61838 - R:localhost/127.0.0.1:52991]' for 'POST' to 'http://localhost:52991/session/c8c36ac696ca78d104ed9da332fe022b/execute/sync'
22:26:52.072 [Forwarding getElementAttribute on session c8c36ac696ca78d104ed9da332fe022b to remote] DEBUG org.asynchttpclient.netty.request.NettyRequestSender - Using open Channel [id: 0xec682889, L:/127.0.0.1:61838 - R:localhost/127.0.0.1:52991] for POST '/session/c8c36ac696ca78d104ed9da332fe022b/execute/sync'
22:26:52.082 [AsyncHttpClient-1-9] DEBUG org.asynchttpclient.netty.handler.HttpHandler - 

Request DefaultHttpRequest(decodeResult: success, version: HTTP/1.1)
POST /session/c8c36ac696ca78d104ed9da332fe022b/execute/sync HTTP/1.1
User-Agent: selenium/4.1.2 (java windows)
Content-Length: 47339
Content-Type: application/json; charset=utf-8
host: localhost:52991
accept: */*

Response DefaultHttpResponse(decodeResult: success, version: HTTP/1.1)
HTTP/1.1 200 OK
Content-Type: application/json; charset=utf-8
cache-control: no-cache
content-length: 90

22:26:52.092 [AsyncHttpClient-1-9] DEBUG org.asynchttpclient.netty.channel.ChannelManager - Adding key: http://localhost:52991 for channel [id: 0xec682889, L:/127.0.0.1:61838 - R:localhost/127.0.0.1:52991]
22:26:52.092 [Forwarding getElementAttribute on session c8c36ac696ca78d104ed9da332fe022b to remote] DEBUG org.asynchttpclient.netty.request.NettyRequestSender - Using pooled Channel '[id: 0xec682889, L:/127.0.0.1:61838 - R:localhost/127.0.0.1:52991]' for 'POST' to 'http://localhost:52991/session/c8c36ac696ca78d104ed9da332fe022b/execute/sync'
22:26:52.092 [Forwarding getElementAttribute on session c8c36ac696ca78d104ed9da332fe022b to remote] DEBUG org.asynchttpclient.netty.request.NettyRequestSender - Using open Channel [id: 0xec682889, L:/127.0.0.1:61838 - R:localhost/127.0.0.1:52991] for POST '/session/c8c36ac696ca78d104ed9da332fe022b/execute/sync'
22:26:52.102 [AsyncHttpClient-1-9] DEBUG org.asynchttpclient.netty.handler.HttpHandler - 

Request DefaultHttpRequest(decodeResult: success, version: HTTP/1.1)
POST /session/c8c36ac696ca78d104ed9da332fe022b/execute/sync HTTP/1.1
User-Agent: selenium/4.1.2 (java windows)
Content-Length: 47339
Content-Type: application/json; charset=utf-8
host: localhost:52991
accept: */*

Response DefaultHttpResponse(decodeResult: success, version: HTTP/1.1)
HTTP/1.1 200 OK
Content-Type: application/json; charset=utf-8
cache-control: no-cache
content-length: 106

22:26:52.102 [AsyncHttpClient-1-9] DEBUG org.asynchttpclient.netty.channel.ChannelManager - Adding key: http://localhost:52991 for channel [id: 0xec682889, L:/127.0.0.1:61838 - R:localhost/127.0.0.1:52991]
22:26:52.112 [Forwarding getElementAttribute on session c8c36ac696ca78d104ed9da332fe022b to remote] DEBUG org.asynchttpclient.netty.request.NettyRequestSender - Using pooled Channel '[id: 0xec682889, L:/127.0.0.1:61838 - R:localhost/127.0.0.1:52991]' for 'POST' to 'http://localhost:52991/session/c8c36ac696ca78d104ed9da332fe022b/execute/sync'
22:26:52.112 [Forwarding getElementAttribute on session c8c36ac696ca78d104ed9da332fe022b to remote] DEBUG org.asynchttpclient.netty.request.NettyRequestSender - Using open Channel [id: 0xec682889, L:/127.0.0.1:61838 - R:localhost/127.0.0.1:52991] for POST '/session/c8c36ac696ca78d104ed9da332fe022b/execute/sync'
22:26:52.122 [AsyncHttpClient-1-9] DEBUG org.asynchttpclient.netty.handler.HttpHandler - 

Request DefaultHttpRequest(decodeResult: success, version: HTTP/1.1)
POST /session/c8c36ac696ca78d104ed9da332fe022b/execute/sync HTTP/1.1
User-Agent: selenium/4.1.2 (java windows)
Content-Length: 47339
Content-Type: application/json; charset=utf-8
host: localhost:52991
accept: */*

Response DefaultHttpResponse(decodeResult: success, version: HTTP/1.1)
HTTP/1.1 200 OK
Content-Type: application/json; charset=utf-8
cache-control: no-cache
content-length: 86

22:26:52.122 [AsyncHttpClient-1-9] DEBUG org.asynchttpclient.netty.channel.ChannelManager - Adding key: http://localhost:52991 for channel [id: 0xec682889, L:/127.0.0.1:61838 - R:localhost/127.0.0.1:52991]
22:26:52.122 [Forwarding getElementAttribute on session c8c36ac696ca78d104ed9da332fe022b to remote] DEBUG org.asynchttpclient.netty.request.NettyRequestSender - Using pooled Channel '[id: 0xec682889, L:/127.0.0.1:61838 - R:localhost/127.0.0.1:52991]' for 'POST' to 'http://localhost:52991/session/c8c36ac696ca78d104ed9da332fe022b/execute/sync'
22:26:52.122 [Forwarding getElementAttribute on session c8c36ac696ca78d104ed9da332fe022b to remote] DEBUG org.asynchttpclient.netty.request.NettyRequestSender - Using open Channel [id: 0xec682889, L:/127.0.0.1:61838 - R:localhost/127.0.0.1:52991] for POST '/session/c8c36ac696ca78d104ed9da332fe022b/execute/sync'
22:26:52.142 [AsyncHttpClient-1-9] DEBUG org.asynchttpclient.netty.handler.HttpHandler - 

Request DefaultHttpRequest(decodeResult: success, version: HTTP/1.1)
POST /session/c8c36ac696ca78d104ed9da332fe022b/execute/sync HTTP/1.1
User-Agent: selenium/4.1.2 (java windows)
Content-Length: 47339
Content-Type: application/json; charset=utf-8
host: localhost:52991
accept: */*

Response DefaultHttpResponse(decodeResult: success, version: HTTP/1.1)
HTTP/1.1 200 OK
Content-Type: application/json; charset=utf-8
cache-control: no-cache
content-length: 99

22:26:52.142 [AsyncHttpClient-1-9] DEBUG org.asynchttpclient.netty.channel.ChannelManager - Adding key: http://localhost:52991 for channel [id: 0xec682889, L:/127.0.0.1:61838 - R:localhost/127.0.0.1:52991]
22:26:52.142 [Forwarding getElementAttribute on session c8c36ac696ca78d104ed9da332fe022b to remote] DEBUG org.asynchttpclient.netty.request.NettyRequestSender - Using pooled Channel '[id: 0xec682889, L:/127.0.0.1:61838 - R:localhost/127.0.0.1:52991]' for 'POST' to 'http://localhost:52991/session/c8c36ac696ca78d104ed9da332fe022b/execute/sync'
22:26:52.142 [Forwarding getElementAttribute on session c8c36ac696ca78d104ed9da332fe022b to remote] DEBUG org.asynchttpclient.netty.request.NettyRequestSender - Using open Channel [id: 0xec682889, L:/127.0.0.1:61838 - R:localhost/127.0.0.1:52991] for POST '/session/c8c36ac696ca78d104ed9da332fe022b/execute/sync'
22:26:52.152 [AsyncHttpClient-1-9] DEBUG org.asynchttpclient.netty.handler.HttpHandler - 

Request DefaultHttpRequest(decodeResult: success, version: HTTP/1.1)
POST /session/c8c36ac696ca78d104ed9da332fe022b/execute/sync HTTP/1.1
User-Agent: selenium/4.1.2 (java windows)
Content-Length: 47339
Content-Type: application/json; charset=utf-8
host: localhost:52991
accept: */*

Response DefaultHttpResponse(decodeResult: success, version: HTTP/1.1)
HTTP/1.1 200 OK
Content-Type: application/json; charset=utf-8
cache-control: no-cache
content-length: 96

22:26:52.152 [AsyncHttpClient-1-9] DEBUG org.asynchttpclient.netty.channel.ChannelManager - Adding key: http://localhost:52991 for channel [id: 0xec682889, L:/127.0.0.1:61838 - R:localhost/127.0.0.1:52991]
22:26:52.162 [Forwarding getElementAttribute on session c8c36ac696ca78d104ed9da332fe022b to remote] DEBUG org.asynchttpclient.netty.request.NettyRequestSender - Using pooled Channel '[id: 0xec682889, L:/127.0.0.1:61838 - R:localhost/127.0.0.1:52991]' for 'POST' to 'http://localhost:52991/session/c8c36ac696ca78d104ed9da332fe022b/execute/sync'
22:26:52.162 [Forwarding getElementAttribute on session c8c36ac696ca78d104ed9da332fe022b to remote] DEBUG org.asynchttpclient.netty.request.NettyRequestSender - Using open Channel [id: 0xec682889, L:/127.0.0.1:61838 - R:localhost/127.0.0.1:52991] for POST '/session/c8c36ac696ca78d104ed9da332fe022b/execute/sync'
22:26:52.173 [AsyncHttpClient-1-9] DEBUG org.asynchttpclient.netty.handler.HttpHandler - 

Request DefaultHttpRequest(decodeResult: success, version: HTTP/1.1)
POST /session/c8c36ac696ca78d104ed9da332fe022b/execute/sync HTTP/1.1
User-Agent: selenium/4.1.2 (java windows)
Content-Length: 47339
Content-Type: application/json; charset=utf-8
host: localhost:52991
accept: */*

Response DefaultHttpResponse(decodeResult: success, version: HTTP/1.1)
HTTP/1.1 200 OK
Content-Type: application/json; charset=utf-8
cache-control: no-cache
content-length: 102

22:26:52.173 [AsyncHttpClient-1-9] DEBUG org.asynchttpclient.netty.channel.ChannelManager - Adding key: http://localhost:52991 for channel [id: 0xec682889, L:/127.0.0.1:61838 - R:localhost/127.0.0.1:52991]
22:26:52.177 [Forwarding getElementAttribute on session c8c36ac696ca78d104ed9da332fe022b to remote] DEBUG org.asynchttpclient.netty.request.NettyRequestSender - Using pooled Channel '[id: 0xec682889, L:/127.0.0.1:61838 - R:localhost/127.0.0.1:52991]' for 'POST' to 'http://localhost:52991/session/c8c36ac696ca78d104ed9da332fe022b/execute/sync'
22:26:52.177 [Forwarding getElementAttribute on session c8c36ac696ca78d104ed9da332fe022b to remote] DEBUG org.asynchttpclient.netty.request.NettyRequestSender - Using open Channel [id: 0xec682889, L:/127.0.0.1:61838 - R:localhost/127.0.0.1:52991] for POST '/session/c8c36ac696ca78d104ed9da332fe022b/execute/sync'
22:26:52.180 [AsyncHttpClient-1-1] DEBUG org.asynchttpclient.netty.channel.DefaultChannelPool - Entry count for : http://localhost:61839 : 1
22:26:52.195 [AsyncHttpClient-1-9] DEBUG org.asynchttpclient.netty.handler.HttpHandler - 

Request DefaultHttpRequest(decodeResult: success, version: HTTP/1.1)
POST /session/c8c36ac696ca78d104ed9da332fe022b/execute/sync HTTP/1.1
User-Agent: selenium/4.1.2 (java windows)
Content-Length: 47339
Content-Type: application/json; charset=utf-8
host: localhost:52991
accept: */*

Response DefaultHttpResponse(decodeResult: success, version: HTTP/1.1)
HTTP/1.1 200 OK
Content-Type: application/json; charset=utf-8
cache-control: no-cache
content-length: 115

22:26:52.195 [AsyncHttpClient-1-9] DEBUG org.asynchttpclient.netty.channel.ChannelManager - Adding key: http://localhost:52991 for channel [id: 0xec682889, L:/127.0.0.1:61838 - R:localhost/127.0.0.1:52991]
22:26:52.199 [Forwarding getElementAttribute on session c8c36ac696ca78d104ed9da332fe022b to remote] DEBUG org.asynchttpclient.netty.request.NettyRequestSender - Using pooled Channel '[id: 0xec682889, L:/127.0.0.1:61838 - R:localhost/127.0.0.1:52991]' for 'POST' to 'http://localhost:52991/session/c8c36ac696ca78d104ed9da332fe022b/execute/sync'
22:26:52.199 [Forwarding getElementAttribute on session c8c36ac696ca78d104ed9da332fe022b to remote] DEBUG org.asynchttpclient.netty.request.NettyRequestSender - Using open Channel [id: 0xec682889, L:/127.0.0.1:61838 - R:localhost/127.0.0.1:52991] for POST '/session/c8c36ac696ca78d104ed9da332fe022b/execute/sync'
22:26:52.210 [AsyncHttpClient-1-9] DEBUG org.asynchttpclient.netty.handler.HttpHandler - 

Request DefaultHttpRequest(decodeResult: success, version: HTTP/1.1)
POST /session/c8c36ac696ca78d104ed9da332fe022b/execute/sync HTTP/1.1
User-Agent: selenium/4.1.2 (java windows)
Content-Length: 47339
Content-Type: application/json; charset=utf-8
host: localhost:52991
accept: */*

Response DefaultHttpResponse(decodeResult: success, version: HTTP/1.1)
HTTP/1.1 200 OK
Content-Type: application/json; charset=utf-8
cache-control: no-cache
content-length: 99

22:26:52.210 [AsyncHttpClient-1-9] DEBUG org.asynchttpclient.netty.channel.ChannelManager - Adding key: http://localhost:52991 for channel [id: 0xec682889, L:/127.0.0.1:61838 - R:localhost/127.0.0.1:52991]
22:26:52.214 [Forwarding getElementAttribute on session c8c36ac696ca78d104ed9da332fe022b to remote] DEBUG org.asynchttpclient.netty.request.NettyRequestSender - Using pooled Channel '[id: 0xec682889, L:/127.0.0.1:61838 - R:localhost/127.0.0.1:52991]' for 'POST' to 'http://localhost:52991/session/c8c36ac696ca78d104ed9da332fe022b/execute/sync'
22:26:52.214 [Forwarding getElementAttribute on session c8c36ac696ca78d104ed9da332fe022b to remote] DEBUG org.asynchttpclient.netty.request.NettyRequestSender - Using open Channel [id: 0xec682889, L:/127.0.0.1:61838 - R:localhost/127.0.0.1:52991] for POST '/session/c8c36ac696ca78d104ed9da332fe022b/execute/sync'
22:26:52.226 [AsyncHttpClient-1-9] DEBUG org.asynchttpclient.netty.handler.HttpHandler - 

Request DefaultHttpRequest(decodeResult: success, version: HTTP/1.1)
POST /session/c8c36ac696ca78d104ed9da332fe022b/execute/sync HTTP/1.1
User-Agent: selenium/4.1.2 (java windows)
Content-Length: 47339
Content-Type: application/json; charset=utf-8
host: localhost:52991
accept: */*

Response DefaultHttpResponse(decodeResult: success, version: HTTP/1.1)
HTTP/1.1 200 OK
Content-Type: application/json; charset=utf-8
cache-control: no-cache
content-length: 116

22:26:52.226 [AsyncHttpClient-1-9] DEBUG org.asynchttpclient.netty.channel.ChannelManager - Adding key: http://localhost:52991 for channel [id: 0xec682889, L:/127.0.0.1:61838 - R:localhost/127.0.0.1:52991]
22:26:52.230 [Forwarding getElementAttribute on session c8c36ac696ca78d104ed9da332fe022b to remote] DEBUG org.asynchttpclient.netty.request.NettyRequestSender - Using pooled Channel '[id: 0xec682889, L:/127.0.0.1:61838 - R:localhost/127.0.0.1:52991]' for 'POST' to 'http://localhost:52991/session/c8c36ac696ca78d104ed9da332fe022b/execute/sync'
22:26:52.230 [Forwarding getElementAttribute on session c8c36ac696ca78d104ed9da332fe022b to remote] DEBUG org.asynchttpclient.netty.request.NettyRequestSender - Using open Channel [id: 0xec682889, L:/127.0.0.1:61838 - R:localhost/127.0.0.1:52991] for POST '/session/c8c36ac696ca78d104ed9da332fe022b/execute/sync'
22:26:52.242 [AsyncHttpClient-1-9] DEBUG org.asynchttpclient.netty.handler.HttpHandler - 

Request DefaultHttpRequest(decodeResult: success, version: HTTP/1.1)
POST /session/c8c36ac696ca78d104ed9da332fe022b/execute/sync HTTP/1.1
User-Agent: selenium/4.1.2 (java windows)
Content-Length: 47339
Content-Type: application/json; charset=utf-8
host: localhost:52991
accept: */*

Response DefaultHttpResponse(decodeResult: success, version: HTTP/1.1)
HTTP/1.1 200 OK
Content-Type: application/json; charset=utf-8
cache-control: no-cache
content-length: 87

22:26:52.242 [AsyncHttpClient-1-9] DEBUG org.asynchttpclient.netty.channel.ChannelManager - Adding key: http://localhost:52991 for channel [id: 0xec682889, L:/127.0.0.1:61838 - R:localhost/127.0.0.1:52991]
22:26:52.246 [Forwarding getElementAttribute on session c8c36ac696ca78d104ed9da332fe022b to remote] DEBUG org.asynchttpclient.netty.request.NettyRequestSender - Using pooled Channel '[id: 0xec682889, L:/127.0.0.1:61838 - R:localhost/127.0.0.1:52991]' for 'POST' to 'http://localhost:52991/session/c8c36ac696ca78d104ed9da332fe022b/execute/sync'
22:26:52.246 [Forwarding getElementAttribute on session c8c36ac696ca78d104ed9da332fe022b to remote] DEBUG org.asynchttpclient.netty.request.NettyRequestSender - Using open Channel [id: 0xec682889, L:/127.0.0.1:61838 - R:localhost/127.0.0.1:52991] for POST '/session/c8c36ac696ca78d104ed9da332fe022b/execute/sync'
22:26:52.258 [AsyncHttpClient-1-9] DEBUG org.asynchttpclient.netty.handler.HttpHandler - 

Request DefaultHttpRequest(decodeResult: success, version: HTTP/1.1)
POST /session/c8c36ac696ca78d104ed9da332fe022b/execute/sync HTTP/1.1
User-Agent: selenium/4.1.2 (java windows)
Content-Length: 47339
Content-Type: application/json; charset=utf-8
host: localhost:52991
accept: */*

Response DefaultHttpResponse(decodeResult: success, version: HTTP/1.1)
HTTP/1.1 200 OK
Content-Type: application/json; charset=utf-8
cache-control: no-cache
content-length: 95

22:26:52.258 [AsyncHttpClient-1-9] DEBUG org.asynchttpclient.netty.channel.ChannelManager - Adding key: http://localhost:52991 for channel [id: 0xec682889, L:/127.0.0.1:61838 - R:localhost/127.0.0.1:52991]
22:26:52.261 [Forwarding getElementAttribute on session c8c36ac696ca78d104ed9da332fe022b to remote] DEBUG org.asynchttpclient.netty.request.NettyRequestSender - Using pooled Channel '[id: 0xec682889, L:/127.0.0.1:61838 - R:localhost/127.0.0.1:52991]' for 'POST' to 'http://localhost:52991/session/c8c36ac696ca78d104ed9da332fe022b/execute/sync'
22:26:52.261 [Forwarding getElementAttribute on session c8c36ac696ca78d104ed9da332fe022b to remote] DEBUG org.asynchttpclient.netty.request.NettyRequestSender - Using open Channel [id: 0xec682889, L:/127.0.0.1:61838 - R:localhost/127.0.0.1:52991] for POST '/session/c8c36ac696ca78d104ed9da332fe022b/execute/sync'
22:26:52.273 [AsyncHttpClient-1-9] DEBUG org.asynchttpclient.netty.handler.HttpHandler - 

Request DefaultHttpRequest(decodeResult: success, version: HTTP/1.1)
POST /session/c8c36ac696ca78d104ed9da332fe022b/execute/sync HTTP/1.1
User-Agent: selenium/4.1.2 (java windows)
Content-Length: 47339
Content-Type: application/json; charset=utf-8
host: localhost:52991
accept: */*

Response DefaultHttpResponse(decodeResult: success, version: HTTP/1.1)
HTTP/1.1 200 OK
Content-Type: application/json; charset=utf-8
cache-control: no-cache
content-length: 98

22:26:52.274 [AsyncHttpClient-1-9] DEBUG org.asynchttpclient.netty.channel.ChannelManager - Adding key: http://localhost:52991 for channel [id: 0xec682889, L:/127.0.0.1:61838 - R:localhost/127.0.0.1:52991]
22:26:52.278 [Forwarding getElementAttribute on session c8c36ac696ca78d104ed9da332fe022b to remote] DEBUG org.asynchttpclient.netty.request.NettyRequestSender - Using pooled Channel '[id: 0xec682889, L:/127.0.0.1:61838 - R:localhost/127.0.0.1:52991]' for 'POST' to 'http://localhost:52991/session/c8c36ac696ca78d104ed9da332fe022b/execute/sync'
22:26:52.278 [Forwarding getElementAttribute on session c8c36ac696ca78d104ed9da332fe022b to remote] DEBUG org.asynchttpclient.netty.request.NettyRequestSender - Using open Channel [id: 0xec682889, L:/127.0.0.1:61838 - R:localhost/127.0.0.1:52991] for POST '/session/c8c36ac696ca78d104ed9da332fe022b/execute/sync'
22:26:52.291 [AsyncHttpClient-1-9] DEBUG org.asynchttpclient.netty.handler.HttpHandler - 

Request DefaultHttpRequest(decodeResult: success, version: HTTP/1.1)
POST /session/c8c36ac696ca78d104ed9da332fe022b/execute/sync HTTP/1.1
User-Agent: selenium/4.1.2 (java windows)
Content-Length: 47339
Content-Type: application/json; charset=utf-8
host: localhost:52991
accept: */*

Response DefaultHttpResponse(decodeResult: success, version: HTTP/1.1)
HTTP/1.1 200 OK
Content-Type: application/json; charset=utf-8
cache-control: no-cache
content-length: 93

22:26:52.291 [AsyncHttpClient-1-9] DEBUG org.asynchttpclient.netty.channel.ChannelManager - Adding key: http://localhost:52991 for channel [id: 0xec682889, L:/127.0.0.1:61838 - R:localhost/127.0.0.1:52991]
22:26:52.296 [Forwarding getElementAttribute on session c8c36ac696ca78d104ed9da332fe022b to remote] DEBUG org.asynchttpclient.netty.request.NettyRequestSender - Using pooled Channel '[id: 0xec682889, L:/127.0.0.1:61838 - R:localhost/127.0.0.1:52991]' for 'POST' to 'http://localhost:52991/session/c8c36ac696ca78d104ed9da332fe022b/execute/sync'
22:26:52.296 [Forwarding getElementAttribute on session c8c36ac696ca78d104ed9da332fe022b to remote] DEBUG org.asynchttpclient.netty.request.NettyRequestSender - Using open Channel [id: 0xec682889, L:/127.0.0.1:61838 - R:localhost/127.0.0.1:52991] for POST '/session/c8c36ac696ca78d104ed9da332fe022b/execute/sync'
22:26:52.307 [AsyncHttpClient-1-9] DEBUG org.asynchttpclient.netty.handler.HttpHandler - 

Request DefaultHttpRequest(decodeResult: success, version: HTTP/1.1)
POST /session/c8c36ac696ca78d104ed9da332fe022b/execute/sync HTTP/1.1
User-Agent: selenium/4.1.2 (java windows)
Content-Length: 47339
Content-Type: application/json; charset=utf-8
host: localhost:52991
accept: */*

Response DefaultHttpResponse(decodeResult: success, version: HTTP/1.1)
HTTP/1.1 200 OK
Content-Type: application/json; charset=utf-8
cache-control: no-cache
content-length: 108

22:26:52.308 [AsyncHttpClient-1-9] DEBUG org.asynchttpclient.netty.channel.ChannelManager - Adding key: http://localhost:52991 for channel [id: 0xec682889, L:/127.0.0.1:61838 - R:localhost/127.0.0.1:52991]
22:26:52.311 [Forwarding getElementAttribute on session c8c36ac696ca78d104ed9da332fe022b to remote] DEBUG org.asynchttpclient.netty.request.NettyRequestSender - Using pooled Channel '[id: 0xec682889, L:/127.0.0.1:61838 - R:localhost/127.0.0.1:52991]' for 'POST' to 'http://localhost:52991/session/c8c36ac696ca78d104ed9da332fe022b/execute/sync'
22:26:52.311 [Forwarding getElementAttribute on session c8c36ac696ca78d104ed9da332fe022b to remote] DEBUG org.asynchttpclient.netty.request.NettyRequestSender - Using open Channel [id: 0xec682889, L:/127.0.0.1:61838 - R:localhost/127.0.0.1:52991] for POST '/session/c8c36ac696ca78d104ed9da332fe022b/execute/sync'
22:26:52.323 [AsyncHttpClient-1-9] DEBUG org.asynchttpclient.netty.handler.HttpHandler - 

Request DefaultHttpRequest(decodeResult: success, version: HTTP/1.1)
POST /session/c8c36ac696ca78d104ed9da332fe022b/execute/sync HTTP/1.1
User-Agent: selenium/4.1.2 (java windows)
Content-Length: 47339
Content-Type: application/json; charset=utf-8
host: localhost:52991
accept: */*

Response DefaultHttpResponse(decodeResult: success, version: HTTP/1.1)
HTTP/1.1 200 OK
Content-Type: application/json; charset=utf-8
cache-control: no-cache
content-length: 96

22:26:52.323 [AsyncHttpClient-1-9] DEBUG org.asynchttpclient.netty.channel.ChannelManager - Adding key: http://localhost:52991 for channel [id: 0xec682889, L:/127.0.0.1:61838 - R:localhost/127.0.0.1:52991]
22:26:52.328 [Forwarding getElementAttribute on session c8c36ac696ca78d104ed9da332fe022b to remote] DEBUG org.asynchttpclient.netty.request.NettyRequestSender - Using pooled Channel '[id: 0xec682889, L:/127.0.0.1:61838 - R:localhost/127.0.0.1:52991]' for 'POST' to 'http://localhost:52991/session/c8c36ac696ca78d104ed9da332fe022b/execute/sync'
22:26:52.328 [Forwarding getElementAttribute on session c8c36ac696ca78d104ed9da332fe022b to remote] DEBUG org.asynchttpclient.netty.request.NettyRequestSender - Using open Channel [id: 0xec682889, L:/127.0.0.1:61838 - R:localhost/127.0.0.1:52991] for POST '/session/c8c36ac696ca78d104ed9da332fe022b/execute/sync'
22:26:52.338 [AsyncHttpClient-1-9] DEBUG org.asynchttpclient.netty.handler.HttpHandler - 

Request DefaultHttpRequest(decodeResult: success, version: HTTP/1.1)
POST /session/c8c36ac696ca78d104ed9da332fe022b/execute/sync HTTP/1.1
User-Agent: selenium/4.1.2 (java windows)
Content-Length: 47339
Content-Type: application/json; charset=utf-8
host: localhost:52991
accept: */*

Response DefaultHttpResponse(decodeResult: success, version: HTTP/1.1)
HTTP/1.1 200 OK
Content-Type: application/json; charset=utf-8
cache-control: no-cache
content-length: 110

22:26:52.338 [AsyncHttpClient-1-9] DEBUG org.asynchttpclient.netty.channel.ChannelManager - Adding key: http://localhost:52991 for channel [id: 0xec682889, L:/127.0.0.1:61838 - R:localhost/127.0.0.1:52991]
22:26:52.338 [Forwarding getElementAttribute on session c8c36ac696ca78d104ed9da332fe022b to remote] DEBUG org.asynchttpclient.netty.request.NettyRequestSender - Using pooled Channel '[id: 0xec682889, L:/127.0.0.1:61838 - R:localhost/127.0.0.1:52991]' for 'POST' to 'http://localhost:52991/session/c8c36ac696ca78d104ed9da332fe022b/execute/sync'
22:26:52.338 [Forwarding getElementAttribute on session c8c36ac696ca78d104ed9da332fe022b to remote] DEBUG org.asynchttpclient.netty.request.NettyRequestSender - Using open Channel [id: 0xec682889, L:/127.0.0.1:61838 - R:localhost/127.0.0.1:52991] for POST '/session/c8c36ac696ca78d104ed9da332fe022b/execute/sync'
22:26:52.348 [AsyncHttpClient-1-9] DEBUG org.asynchttpclient.netty.handler.HttpHandler - 

Request DefaultHttpRequest(decodeResult: success, version: HTTP/1.1)
POST /session/c8c36ac696ca78d104ed9da332fe022b/execute/sync HTTP/1.1
User-Agent: selenium/4.1.2 (java windows)
Content-Length: 47339
Content-Type: application/json; charset=utf-8
host: localhost:52991
accept: */*

Response DefaultHttpResponse(decodeResult: success, version: HTTP/1.1)
HTTP/1.1 200 OK
Content-Type: application/json; charset=utf-8
cache-control: no-cache
content-length: 88

22:26:52.348 [AsyncHttpClient-1-9] DEBUG org.asynchttpclient.netty.channel.ChannelManager - Adding key: http://localhost:52991 for channel [id: 0xec682889, L:/127.0.0.1:61838 - R:localhost/127.0.0.1:52991]
22:26:52.348 [Forwarding getElementAttribute on session c8c36ac696ca78d104ed9da332fe022b to remote] DEBUG org.asynchttpclient.netty.request.NettyRequestSender - Using pooled Channel '[id: 0xec682889, L:/127.0.0.1:61838 - R:localhost/127.0.0.1:52991]' for 'POST' to 'http://localhost:52991/session/c8c36ac696ca78d104ed9da332fe022b/execute/sync'
22:26:52.348 [Forwarding getElementAttribute on session c8c36ac696ca78d104ed9da332fe022b to remote] DEBUG org.asynchttpclient.netty.request.NettyRequestSender - Using open Channel [id: 0xec682889, L:/127.0.0.1:61838 - R:localhost/127.0.0.1:52991] for POST '/session/c8c36ac696ca78d104ed9da332fe022b/execute/sync'
22:26:52.358 [AsyncHttpClient-1-9] DEBUG org.asynchttpclient.netty.handler.HttpHandler - 

Request DefaultHttpRequest(decodeResult: success, version: HTTP/1.1)
POST /session/c8c36ac696ca78d104ed9da332fe022b/execute/sync HTTP/1.1
User-Agent: selenium/4.1.2 (java windows)
Content-Length: 47339
Content-Type: application/json; charset=utf-8
host: localhost:52991
accept: */*

Response DefaultHttpResponse(decodeResult: success, version: HTTP/1.1)
HTTP/1.1 200 OK
Content-Type: application/json; charset=utf-8
cache-control: no-cache
content-length: 124

22:26:52.358 [AsyncHttpClient-1-9] DEBUG org.asynchttpclient.netty.channel.ChannelManager - Adding key: http://localhost:52991 for channel [id: 0xec682889, L:/127.0.0.1:61838 - R:localhost/127.0.0.1:52991]
22:26:52.368 [Forwarding getElementAttribute on session c8c36ac696ca78d104ed9da332fe022b to remote] DEBUG org.asynchttpclient.netty.request.NettyRequestSender - Using pooled Channel '[id: 0xec682889, L:/127.0.0.1:61838 - R:localhost/127.0.0.1:52991]' for 'POST' to 'http://localhost:52991/session/c8c36ac696ca78d104ed9da332fe022b/execute/sync'
22:26:52.368 [Forwarding getElementAttribute on session c8c36ac696ca78d104ed9da332fe022b to remote] DEBUG org.asynchttpclient.netty.request.NettyRequestSender - Using open Channel [id: 0xec682889, L:/127.0.0.1:61838 - R:localhost/127.0.0.1:52991] for POST '/session/c8c36ac696ca78d104ed9da332fe022b/execute/sync'
22:26:52.380 [AsyncHttpClient-1-9] DEBUG org.asynchttpclient.netty.handler.HttpHandler - 

Request DefaultHttpRequest(decodeResult: success, version: HTTP/1.1)
POST /session/c8c36ac696ca78d104ed9da332fe022b/execute/sync HTTP/1.1
User-Agent: selenium/4.1.2 (java windows)
Content-Length: 47339
Content-Type: application/json; charset=utf-8
host: localhost:52991
accept: */*

Response DefaultHttpResponse(decodeResult: success, version: HTTP/1.1)
HTTP/1.1 200 OK
Content-Type: application/json; charset=utf-8
cache-control: no-cache
content-length: 98

22:26:52.380 [AsyncHttpClient-1-9] DEBUG org.asynchttpclient.netty.channel.ChannelManager - Adding key: http://localhost:52991 for channel [id: 0xec682889, L:/127.0.0.1:61838 - R:localhost/127.0.0.1:52991]
22:26:52.380 [Forwarding getElementAttribute on session c8c36ac696ca78d104ed9da332fe022b to remote] DEBUG org.asynchttpclient.netty.request.NettyRequestSender - Using pooled Channel '[id: 0xec682889, L:/127.0.0.1:61838 - R:localhost/127.0.0.1:52991]' for 'POST' to 'http://localhost:52991/session/c8c36ac696ca78d104ed9da332fe022b/execute/sync'
22:26:52.380 [Forwarding getElementAttribute on session c8c36ac696ca78d104ed9da332fe022b to remote] DEBUG org.asynchttpclient.netty.request.NettyRequestSender - Using open Channel [id: 0xec682889, L:/127.0.0.1:61838 - R:localhost/127.0.0.1:52991] for POST '/session/c8c36ac696ca78d104ed9da332fe022b/execute/sync'
22:26:52.390 [AsyncHttpClient-1-9] DEBUG org.asynchttpclient.netty.handler.HttpHandler - 

Request DefaultHttpRequest(decodeResult: success, version: HTTP/1.1)
POST /session/c8c36ac696ca78d104ed9da332fe022b/execute/sync HTTP/1.1
User-Agent: selenium/4.1.2 (java windows)
Content-Length: 47339
Content-Type: application/json; charset=utf-8
host: localhost:52991
accept: */*

Response DefaultHttpResponse(decodeResult: success, version: HTTP/1.1)
HTTP/1.1 200 OK
Content-Type: application/json; charset=utf-8
cache-control: no-cache
content-length: 100

22:26:52.390 [AsyncHttpClient-1-9] DEBUG org.asynchttpclient.netty.channel.ChannelManager - Adding key: http://localhost:52991 for channel [id: 0xec682889, L:/127.0.0.1:61838 - R:localhost/127.0.0.1:52991]
22:26:52.390 [Forwarding getElementAttribute on session c8c36ac696ca78d104ed9da332fe022b to remote] DEBUG org.asynchttpclient.netty.request.NettyRequestSender - Using pooled Channel '[id: 0xec682889, L:/127.0.0.1:61838 - R:localhost/127.0.0.1:52991]' for 'POST' to 'http://localhost:52991/session/c8c36ac696ca78d104ed9da332fe022b/execute/sync'
22:26:52.390 [Forwarding getElementAttribute on session c8c36ac696ca78d104ed9da332fe022b to remote] DEBUG org.asynchttpclient.netty.request.NettyRequestSender - Using open Channel [id: 0xec682889, L:/127.0.0.1:61838 - R:localhost/127.0.0.1:52991] for POST '/session/c8c36ac696ca78d104ed9da332fe022b/execute/sync'
22:26:52.400 [AsyncHttpClient-1-9] DEBUG org.asynchttpclient.netty.handler.HttpHandler - 

Request DefaultHttpRequest(decodeResult: success, version: HTTP/1.1)
POST /session/c8c36ac696ca78d104ed9da332fe022b/execute/sync HTTP/1.1
User-Agent: selenium/4.1.2 (java windows)
Content-Length: 47339
Content-Type: application/json; charset=utf-8
host: localhost:52991
accept: */*

Response DefaultHttpResponse(decodeResult: success, version: HTTP/1.1)
HTTP/1.1 200 OK
Content-Type: application/json; charset=utf-8
cache-control: no-cache
content-length: 101

22:26:52.400 [AsyncHttpClient-1-9] DEBUG org.asynchttpclient.netty.channel.ChannelManager - Adding key: http://localhost:52991 for channel [id: 0xec682889, L:/127.0.0.1:61838 - R:localhost/127.0.0.1:52991]
22:26:52.488 [Forwarding findElements on session c8c36ac696ca78d104ed9da332fe022b to remote] DEBUG org.asynchttpclient.netty.request.NettyRequestSender - Using pooled Channel '[id: 0xec682889, L:/127.0.0.1:61838 - R:localhost/127.0.0.1:52991]' for 'POST' to 'http://localhost:52991/session/c8c36ac696ca78d104ed9da332fe022b/elements'
22:26:52.488 [Forwarding findElements on session c8c36ac696ca78d104ed9da332fe022b to remote] DEBUG org.asynchttpclient.netty.request.NettyRequestSender - Using open Channel [id: 0xec682889, L:/127.0.0.1:61838 - R:localhost/127.0.0.1:52991] for POST '/session/c8c36ac696ca78d104ed9da332fe022b/elements'
22:26:52.501 [AsyncHttpClient-1-9] DEBUG org.asynchttpclient.netty.handler.HttpHandler - 

Request DefaultHttpRequest(decodeResult: success, version: HTTP/1.1)
POST /session/c8c36ac696ca78d104ed9da332fe022b/elements HTTP/1.1
User-Agent: selenium/4.1.2 (java windows)
Content-Length: 84
Content-Type: application/json; charset=utf-8
host: localhost:52991
accept: */*

Response DefaultHttpResponse(decodeResult: success, version: HTTP/1.1)
HTTP/1.1 200 OK
Content-Type: application/json; charset=utf-8
cache-control: no-cache
content-length: 6331

22:26:52.501 [AsyncHttpClient-1-9] DEBUG org.asynchttpclient.netty.channel.ChannelManager - Adding key: http://localhost:52991 for channel [id: 0xec682889, L:/127.0.0.1:61838 - R:localhost/127.0.0.1:52991]
22:26:52.501 [Forwarding findElement on session c8c36ac696ca78d104ed9da332fe022b to remote] DEBUG org.asynchttpclient.netty.request.NettyRequestSender - Using pooled Channel '[id: 0xec682889, L:/127.0.0.1:61838 - R:localhost/127.0.0.1:52991]' for 'POST' to 'http://localhost:52991/session/c8c36ac696ca78d104ed9da332fe022b/element'
22:26:52.501 [Forwarding findElement on session c8c36ac696ca78d104ed9da332fe022b to remote] DEBUG org.asynchttpclient.netty.request.NettyRequestSender - Using open Channel [id: 0xec682889, L:/127.0.0.1:61838 - R:localhost/127.0.0.1:52991] for POST '/session/c8c36ac696ca78d104ed9da332fe022b/element'
22:26:52.509 [AsyncHttpClient-1-9] DEBUG org.asynchttpclient.netty.handler.HttpHandler - 

Request DefaultHttpRequest(decodeResult: success, version: HTTP/1.1)
POST /session/c8c36ac696ca78d104ed9da332fe022b/element HTTP/1.1
User-Agent: selenium/4.1.2 (java windows)
Content-Length: 74
Content-Type: application/json; charset=utf-8
host: localhost:52991
accept: */*

Response DefaultHttpResponse(decodeResult: success, version: HTTP/1.1)
HTTP/1.1 200 OK
Content-Type: application/json; charset=utf-8
cache-control: no-cache
content-length: 88

22:26:52.509 [AsyncHttpClient-1-9] DEBUG org.asynchttpclient.netty.channel.ChannelManager - Adding key: http://localhost:52991 for channel [id: 0xec682889, L:/127.0.0.1:61838 - R:localhost/127.0.0.1:52991]
22:26:52.519 [Forwarding getElementAttribute on session c8c36ac696ca78d104ed9da332fe022b to remote] DEBUG org.asynchttpclient.netty.request.NettyRequestSender - Using pooled Channel '[id: 0xec682889, L:/127.0.0.1:61838 - R:localhost/127.0.0.1:52991]' for 'POST' to 'http://localhost:52991/session/c8c36ac696ca78d104ed9da332fe022b/execute/sync'
22:26:52.519 [Forwarding getElementAttribute on session c8c36ac696ca78d104ed9da332fe022b to remote] DEBUG org.asynchttpclient.netty.request.NettyRequestSender - Using open Channel [id: 0xec682889, L:/127.0.0.1:61838 - R:localhost/127.0.0.1:52991] for POST '/session/c8c36ac696ca78d104ed9da332fe022b/execute/sync'
22:26:52.530 [AsyncHttpClient-1-9] DEBUG org.asynchttpclient.netty.handler.HttpHandler - 

Request DefaultHttpRequest(decodeResult: success, version: HTTP/1.1)
POST /session/c8c36ac696ca78d104ed9da332fe022b/execute/sync HTTP/1.1
User-Agent: selenium/4.1.2 (java windows)
Content-Length: 47339
Content-Type: application/json; charset=utf-8
host: localhost:52991
accept: */*

Response DefaultHttpResponse(decodeResult: success, version: HTTP/1.1)
HTTP/1.1 200 OK
Content-Type: application/json; charset=utf-8
cache-control: no-cache
content-length: 109

22:26:52.531 [AsyncHttpClient-1-9] DEBUG org.asynchttpclient.netty.channel.ChannelManager - Adding key: http://localhost:52991 for channel [id: 0xec682889, L:/127.0.0.1:61838 - R:localhost/127.0.0.1:52991]
22:26:52.531 [Forwarding getElementAttribute on session c8c36ac696ca78d104ed9da332fe022b to remote] DEBUG org.asynchttpclient.netty.request.NettyRequestSender - Using pooled Channel '[id: 0xec682889, L:/127.0.0.1:61838 - R:localhost/127.0.0.1:52991]' for 'POST' to 'http://localhost:52991/session/c8c36ac696ca78d104ed9da332fe022b/execute/sync'
22:26:52.531 [Forwarding getElementAttribute on session c8c36ac696ca78d104ed9da332fe022b to remote] DEBUG org.asynchttpclient.netty.request.NettyRequestSender - Using open Channel [id: 0xec682889, L:/127.0.0.1:61838 - R:localhost/127.0.0.1:52991] for POST '/session/c8c36ac696ca78d104ed9da332fe022b/execute/sync'
22:26:52.541 [AsyncHttpClient-1-9] DEBUG org.asynchttpclient.netty.handler.HttpHandler - 

Request DefaultHttpRequest(decodeResult: success, version: HTTP/1.1)
POST /session/c8c36ac696ca78d104ed9da332fe022b/execute/sync HTTP/1.1
User-Agent: selenium/4.1.2 (java windows)
Content-Length: 47339
Content-Type: application/json; charset=utf-8
host: localhost:52991
accept: */*

Response DefaultHttpResponse(decodeResult: success, version: HTTP/1.1)
HTTP/1.1 200 OK
Content-Type: application/json; charset=utf-8
cache-control: no-cache
content-length: 107

22:26:52.541 [AsyncHttpClient-1-9] DEBUG org.asynchttpclient.netty.channel.ChannelManager - Adding key: http://localhost:52991 for channel [id: 0xec682889, L:/127.0.0.1:61838 - R:localhost/127.0.0.1:52991]
22:26:52.541 [Forwarding getElementAttribute on session c8c36ac696ca78d104ed9da332fe022b to remote] DEBUG org.asynchttpclient.netty.request.NettyRequestSender - Using pooled Channel '[id: 0xec682889, L:/127.0.0.1:61838 - R:localhost/127.0.0.1:52991]' for 'POST' to 'http://localhost:52991/session/c8c36ac696ca78d104ed9da332fe022b/execute/sync'
22:26:52.541 [Forwarding getElementAttribute on session c8c36ac696ca78d104ed9da332fe022b to remote] DEBUG org.asynchttpclient.netty.request.NettyRequestSender - Using open Channel [id: 0xec682889, L:/127.0.0.1:61838 - R:localhost/127.0.0.1:52991] for POST '/session/c8c36ac696ca78d104ed9da332fe022b/execute/sync'
22:26:52.551 [AsyncHttpClient-1-9] DEBUG org.asynchttpclient.netty.handler.HttpHandler - 

Request DefaultHttpRequest(decodeResult: success, version: HTTP/1.1)
POST /session/c8c36ac696ca78d104ed9da332fe022b/execute/sync HTTP/1.1
User-Agent: selenium/4.1.2 (java windows)
Content-Length: 47339
Content-Type: application/json; charset=utf-8
host: localhost:52991
accept: */*

Response DefaultHttpResponse(decodeResult: success, version: HTTP/1.1)
HTTP/1.1 200 OK
Content-Type: application/json; charset=utf-8
cache-control: no-cache
content-length: 105

22:26:52.551 [AsyncHttpClient-1-9] DEBUG org.asynchttpclient.netty.channel.ChannelManager - Adding key: http://localhost:52991 for channel [id: 0xec682889, L:/127.0.0.1:61838 - R:localhost/127.0.0.1:52991]
22:26:52.561 [Forwarding getElementAttribute on session c8c36ac696ca78d104ed9da332fe022b to remote] DEBUG org.asynchttpclient.netty.request.NettyRequestSender - Using pooled Channel '[id: 0xec682889, L:/127.0.0.1:61838 - R:localhost/127.0.0.1:52991]' for 'POST' to 'http://localhost:52991/session/c8c36ac696ca78d104ed9da332fe022b/execute/sync'
22:26:52.561 [Forwarding getElementAttribute on session c8c36ac696ca78d104ed9da332fe022b to remote] DEBUG org.asynchttpclient.netty.request.NettyRequestSender - Using open Channel [id: 0xec682889, L:/127.0.0.1:61838 - R:localhost/127.0.0.1:52991] for POST '/session/c8c36ac696ca78d104ed9da332fe022b/execute/sync'
22:26:52.571 [AsyncHttpClient-1-9] DEBUG org.asynchttpclient.netty.handler.HttpHandler - 

Request DefaultHttpRequest(decodeResult: success, version: HTTP/1.1)
POST /session/c8c36ac696ca78d104ed9da332fe022b/execute/sync HTTP/1.1
User-Agent: selenium/4.1.2 (java windows)
Content-Length: 47339
Content-Type: application/json; charset=utf-8
host: localhost:52991
accept: */*

Response DefaultHttpResponse(decodeResult: success, version: HTTP/1.1)
HTTP/1.1 200 OK
Content-Type: application/json; charset=utf-8
cache-control: no-cache
content-length: 116

22:26:52.571 [AsyncHttpClient-1-9] DEBUG org.asynchttpclient.netty.channel.ChannelManager - Adding key: http://localhost:52991 for channel [id: 0xec682889, L:/127.0.0.1:61838 - R:localhost/127.0.0.1:52991]
22:26:52.571 [Forwarding getElementAttribute on session c8c36ac696ca78d104ed9da332fe022b to remote] DEBUG org.asynchttpclient.netty.request.NettyRequestSender - Using pooled Channel '[id: 0xec682889, L:/127.0.0.1:61838 - R:localhost/127.0.0.1:52991]' for 'POST' to 'http://localhost:52991/session/c8c36ac696ca78d104ed9da332fe022b/execute/sync'
22:26:52.571 [Forwarding getElementAttribute on session c8c36ac696ca78d104ed9da332fe022b to remote] DEBUG org.asynchttpclient.netty.request.NettyRequestSender - Using open Channel [id: 0xec682889, L:/127.0.0.1:61838 - R:localhost/127.0.0.1:52991] for POST '/session/c8c36ac696ca78d104ed9da332fe022b/execute/sync'
22:26:52.578 [AsyncHttpClient-1-9] DEBUG org.asynchttpclient.netty.handler.HttpHandler - 

Request DefaultHttpRequest(decodeResult: success, version: HTTP/1.1)
POST /session/c8c36ac696ca78d104ed9da332fe022b/execute/sync HTTP/1.1
User-Agent: selenium/4.1.2 (java windows)
Content-Length: 47339
Content-Type: application/json; charset=utf-8
host: localhost:52991
accept: */*

Response DefaultHttpResponse(decodeResult: success, version: HTTP/1.1)
HTTP/1.1 200 OK
Content-Type: application/json; charset=utf-8
cache-control: no-cache
content-length: 102

22:26:52.578 [AsyncHttpClient-1-9] DEBUG org.asynchttpclient.netty.channel.ChannelManager - Adding key: http://localhost:52991 for channel [id: 0xec682889, L:/127.0.0.1:61838 - R:localhost/127.0.0.1:52991]
22:26:52.591 [Forwarding getElementAttribute on session c8c36ac696ca78d104ed9da332fe022b to remote] DEBUG org.asynchttpclient.netty.request.NettyRequestSender - Using pooled Channel '[id: 0xec682889, L:/127.0.0.1:61838 - R:localhost/127.0.0.1:52991]' for 'POST' to 'http://localhost:52991/session/c8c36ac696ca78d104ed9da332fe022b/execute/sync'
22:26:52.592 [Forwarding getElementAttribute on session c8c36ac696ca78d104ed9da332fe022b to remote] DEBUG org.asynchttpclient.netty.request.NettyRequestSender - Using open Channel [id: 0xec682889, L:/127.0.0.1:61838 - R:localhost/127.0.0.1:52991] for POST '/session/c8c36ac696ca78d104ed9da332fe022b/execute/sync'
22:26:52.603 [AsyncHttpClient-1-9] DEBUG org.asynchttpclient.netty.handler.HttpHandler - 

Request DefaultHttpRequest(decodeResult: success, version: HTTP/1.1)
POST /session/c8c36ac696ca78d104ed9da332fe022b/execute/sync HTTP/1.1
User-Agent: selenium/4.1.2 (java windows)
Content-Length: 47339
Content-Type: application/json; charset=utf-8
host: localhost:52991
accept: */*

Response DefaultHttpResponse(decodeResult: success, version: HTTP/1.1)
HTTP/1.1 200 OK
Content-Type: application/json; charset=utf-8
cache-control: no-cache
content-length: 102

22:26:52.603 [AsyncHttpClient-1-9] DEBUG org.asynchttpclient.netty.channel.ChannelManager - Adding key: http://localhost:52991 for channel [id: 0xec682889, L:/127.0.0.1:61838 - R:localhost/127.0.0.1:52991]
22:26:52.603 [Forwarding getElementAttribute on session c8c36ac696ca78d104ed9da332fe022b to remote] DEBUG org.asynchttpclient.netty.request.NettyRequestSender - Using pooled Channel '[id: 0xec682889, L:/127.0.0.1:61838 - R:localhost/127.0.0.1:52991]' for 'POST' to 'http://localhost:52991/session/c8c36ac696ca78d104ed9da332fe022b/execute/sync'
22:26:52.603 [Forwarding getElementAttribute on session c8c36ac696ca78d104ed9da332fe022b to remote] DEBUG org.asynchttpclient.netty.request.NettyRequestSender - Using open Channel [id: 0xec682889, L:/127.0.0.1:61838 - R:localhost/127.0.0.1:52991] for POST '/session/c8c36ac696ca78d104ed9da332fe022b/execute/sync'
22:26:52.613 [AsyncHttpClient-1-9] DEBUG org.asynchttpclient.netty.handler.HttpHandler - 

Request DefaultHttpRequest(decodeResult: success, version: HTTP/1.1)
POST /session/c8c36ac696ca78d104ed9da332fe022b/execute/sync HTTP/1.1
User-Agent: selenium/4.1.2 (java windows)
Content-Length: 47339
Content-Type: application/json; charset=utf-8
host: localhost:52991
accept: */*

Response DefaultHttpResponse(decodeResult: success, version: HTTP/1.1)
HTTP/1.1 200 OK
Content-Type: application/json; charset=utf-8
cache-control: no-cache
content-length: 110

22:26:52.613 [AsyncHttpClient-1-9] DEBUG org.asynchttpclient.netty.channel.ChannelManager - Adding key: http://localhost:52991 for channel [id: 0xec682889, L:/127.0.0.1:61838 - R:localhost/127.0.0.1:52991]
22:26:52.623 [Forwarding getElementAttribute on session c8c36ac696ca78d104ed9da332fe022b to remote] DEBUG org.asynchttpclient.netty.request.NettyRequestSender - Using pooled Channel '[id: 0xec682889, L:/127.0.0.1:61838 - R:localhost/127.0.0.1:52991]' for 'POST' to 'http://localhost:52991/session/c8c36ac696ca78d104ed9da332fe022b/execute/sync'
22:26:52.623 [Forwarding getElementAttribute on session c8c36ac696ca78d104ed9da332fe022b to remote] DEBUG org.asynchttpclient.netty.request.NettyRequestSender - Using open Channel [id: 0xec682889, L:/127.0.0.1:61838 - R:localhost/127.0.0.1:52991] for POST '/session/c8c36ac696ca78d104ed9da332fe022b/execute/sync'
22:26:52.633 [AsyncHttpClient-1-9] DEBUG org.asynchttpclient.netty.handler.HttpHandler - 

Request DefaultHttpRequest(decodeResult: success, version: HTTP/1.1)
POST /session/c8c36ac696ca78d104ed9da332fe022b/execute/sync HTTP/1.1
User-Agent: selenium/4.1.2 (java windows)
Content-Length: 47339
Content-Type: application/json; charset=utf-8
host: localhost:52991
accept: */*

Response DefaultHttpResponse(decodeResult: success, version: HTTP/1.1)
HTTP/1.1 200 OK
Content-Type: application/json; charset=utf-8
cache-control: no-cache
content-length: 92

22:26:52.633 [AsyncHttpClient-1-9] DEBUG org.asynchttpclient.netty.channel.ChannelManager - Adding key: http://localhost:52991 for channel [id: 0xec682889, L:/127.0.0.1:61838 - R:localhost/127.0.0.1:52991]
22:26:52.643 [Forwarding getElementAttribute on session c8c36ac696ca78d104ed9da332fe022b to remote] DEBUG org.asynchttpclient.netty.request.NettyRequestSender - Using pooled Channel '[id: 0xec682889, L:/127.0.0.1:61838 - R:localhost/127.0.0.1:52991]' for 'POST' to 'http://localhost:52991/session/c8c36ac696ca78d104ed9da332fe022b/execute/sync'
22:26:52.643 [Forwarding getElementAttribute on session c8c36ac696ca78d104ed9da332fe022b to remote] DEBUG org.asynchttpclient.netty.request.NettyRequestSender - Using open Channel [id: 0xec682889, L:/127.0.0.1:61838 - R:localhost/127.0.0.1:52991] for POST '/session/c8c36ac696ca78d104ed9da332fe022b/execute/sync'
22:26:52.664 [AsyncHttpClient-1-9] DEBUG org.asynchttpclient.netty.handler.HttpHandler - 

Request DefaultHttpRequest(decodeResult: success, version: HTTP/1.1)
POST /session/c8c36ac696ca78d104ed9da332fe022b/execute/sync HTTP/1.1
User-Agent: selenium/4.1.2 (java windows)
Content-Length: 47339
Content-Type: application/json; charset=utf-8
host: localhost:52991
accept: */*

Response DefaultHttpResponse(decodeResult: success, version: HTTP/1.1)
HTTP/1.1 200 OK
Content-Type: application/json; charset=utf-8
cache-control: no-cache
content-length: 89

22:26:52.664 [AsyncHttpClient-1-9] DEBUG org.asynchttpclient.netty.channel.ChannelManager - Adding key: http://localhost:52991 for channel [id: 0xec682889, L:/127.0.0.1:61838 - R:localhost/127.0.0.1:52991]
22:26:52.664 [Forwarding getElementAttribute on session c8c36ac696ca78d104ed9da332fe022b to remote] DEBUG org.asynchttpclient.netty.request.NettyRequestSender - Using pooled Channel '[id: 0xec682889, L:/127.0.0.1:61838 - R:localhost/127.0.0.1:52991]' for 'POST' to 'http://localhost:52991/session/c8c36ac696ca78d104ed9da332fe022b/execute/sync'
22:26:52.664 [Forwarding getElementAttribute on session c8c36ac696ca78d104ed9da332fe022b to remote] DEBUG org.asynchttpclient.netty.request.NettyRequestSender - Using open Channel [id: 0xec682889, L:/127.0.0.1:61838 - R:localhost/127.0.0.1:52991] for POST '/session/c8c36ac696ca78d104ed9da332fe022b/execute/sync'
22:26:52.674 [AsyncHttpClient-1-9] DEBUG org.asynchttpclient.netty.handler.HttpHandler - 

Request DefaultHttpRequest(decodeResult: success, version: HTTP/1.1)
POST /session/c8c36ac696ca78d104ed9da332fe022b/execute/sync HTTP/1.1
User-Agent: selenium/4.1.2 (java windows)
Content-Length: 47339
Content-Type: application/json; charset=utf-8
host: localhost:52991
accept: */*

Response DefaultHttpResponse(decodeResult: success, version: HTTP/1.1)
HTTP/1.1 200 OK
Content-Type: application/json; charset=utf-8
cache-control: no-cache
content-length: 103

22:26:52.674 [AsyncHttpClient-1-9] DEBUG org.asynchttpclient.netty.channel.ChannelManager - Adding key: http://localhost:52991 for channel [id: 0xec682889, L:/127.0.0.1:61838 - R:localhost/127.0.0.1:52991]
22:26:52.684 [Forwarding getElementAttribute on session c8c36ac696ca78d104ed9da332fe022b to remote] DEBUG org.asynchttpclient.netty.request.NettyRequestSender - Using pooled Channel '[id: 0xec682889, L:/127.0.0.1:61838 - R:localhost/127.0.0.1:52991]' for 'POST' to 'http://localhost:52991/session/c8c36ac696ca78d104ed9da332fe022b/execute/sync'
22:26:52.684 [Forwarding getElementAttribute on session c8c36ac696ca78d104ed9da332fe022b to remote] DEBUG org.asynchttpclient.netty.request.NettyRequestSender - Using open Channel [id: 0xec682889, L:/127.0.0.1:61838 - R:localhost/127.0.0.1:52991] for POST '/session/c8c36ac696ca78d104ed9da332fe022b/execute/sync'
22:26:52.698 [AsyncHttpClient-1-9] DEBUG org.asynchttpclient.netty.handler.HttpHandler - 

Request DefaultHttpRequest(decodeResult: success, version: HTTP/1.1)
POST /session/c8c36ac696ca78d104ed9da332fe022b/execute/sync HTTP/1.1
User-Agent: selenium/4.1.2 (java windows)
Content-Length: 47339
Content-Type: application/json; charset=utf-8
host: localhost:52991
accept: */*

Response DefaultHttpResponse(decodeResult: success, version: HTTP/1.1)
HTTP/1.1 200 OK
Content-Type: application/json; charset=utf-8
cache-control: no-cache
content-length: 106

22:26:52.698 [AsyncHttpClient-1-9] DEBUG org.asynchttpclient.netty.channel.ChannelManager - Adding key: http://localhost:52991 for channel [id: 0xec682889, L:/127.0.0.1:61838 - R:localhost/127.0.0.1:52991]
22:26:52.698 [Forwarding getElementAttribute on session c8c36ac696ca78d104ed9da332fe022b to remote] DEBUG org.asynchttpclient.netty.request.NettyRequestSender - Using pooled Channel '[id: 0xec682889, L:/127.0.0.1:61838 - R:localhost/127.0.0.1:52991]' for 'POST' to 'http://localhost:52991/session/c8c36ac696ca78d104ed9da332fe022b/execute/sync'
22:26:52.698 [Forwarding getElementAttribute on session c8c36ac696ca78d104ed9da332fe022b to remote] DEBUG org.asynchttpclient.netty.request.NettyRequestSender - Using open Channel [id: 0xec682889, L:/127.0.0.1:61838 - R:localhost/127.0.0.1:52991] for POST '/session/c8c36ac696ca78d104ed9da332fe022b/execute/sync'
22:26:52.713 [AsyncHttpClient-1-9] DEBUG org.asynchttpclient.netty.handler.HttpHandler - 

Request DefaultHttpRequest(decodeResult: success, version: HTTP/1.1)
POST /session/c8c36ac696ca78d104ed9da332fe022b/execute/sync HTTP/1.1
User-Agent: selenium/4.1.2 (java windows)
Content-Length: 47339
Content-Type: application/json; charset=utf-8
host: localhost:52991
accept: */*

Response DefaultHttpResponse(decodeResult: success, version: HTTP/1.1)
HTTP/1.1 200 OK
Content-Type: application/json; charset=utf-8
cache-control: no-cache
content-length: 104

22:26:52.713 [AsyncHttpClient-1-9] DEBUG org.asynchttpclient.netty.channel.ChannelManager - Adding key: http://localhost:52991 for channel [id: 0xec682889, L:/127.0.0.1:61838 - R:localhost/127.0.0.1:52991]
22:26:52.713 [Forwarding getElementAttribute on session c8c36ac696ca78d104ed9da332fe022b to remote] DEBUG org.asynchttpclient.netty.request.NettyRequestSender - Using pooled Channel '[id: 0xec682889, L:/127.0.0.1:61838 - R:localhost/127.0.0.1:52991]' for 'POST' to 'http://localhost:52991/session/c8c36ac696ca78d104ed9da332fe022b/execute/sync'
22:26:52.713 [Forwarding getElementAttribute on session c8c36ac696ca78d104ed9da332fe022b to remote] DEBUG org.asynchttpclient.netty.request.NettyRequestSender - Using open Channel [id: 0xec682889, L:/127.0.0.1:61838 - R:localhost/127.0.0.1:52991] for POST '/session/c8c36ac696ca78d104ed9da332fe022b/execute/sync'
22:26:52.723 [AsyncHttpClient-1-9] DEBUG org.asynchttpclient.netty.handler.HttpHandler - 

Request DefaultHttpRequest(decodeResult: success, version: HTTP/1.1)
POST /session/c8c36ac696ca78d104ed9da332fe022b/execute/sync HTTP/1.1
User-Agent: selenium/4.1.2 (java windows)
Content-Length: 47339
Content-Type: application/json; charset=utf-8
host: localhost:52991
accept: */*

Response DefaultHttpResponse(decodeResult: success, version: HTTP/1.1)
HTTP/1.1 200 OK
Content-Type: application/json; charset=utf-8
cache-control: no-cache
content-length: 121

22:26:52.723 [AsyncHttpClient-1-9] DEBUG org.asynchttpclient.netty.channel.ChannelManager - Adding key: http://localhost:52991 for channel [id: 0xec682889, L:/127.0.0.1:61838 - R:localhost/127.0.0.1:52991]
22:26:52.723 [Forwarding getElementAttribute on session c8c36ac696ca78d104ed9da332fe022b to remote] DEBUG org.asynchttpclient.netty.request.NettyRequestSender - Using pooled Channel '[id: 0xec682889, L:/127.0.0.1:61838 - R:localhost/127.0.0.1:52991]' for 'POST' to 'http://localhost:52991/session/c8c36ac696ca78d104ed9da332fe022b/execute/sync'
22:26:52.723 [Forwarding getElementAttribute on session c8c36ac696ca78d104ed9da332fe022b to remote] DEBUG org.asynchttpclient.netty.request.NettyRequestSender - Using open Channel [id: 0xec682889, L:/127.0.0.1:61838 - R:localhost/127.0.0.1:52991] for POST '/session/c8c36ac696ca78d104ed9da332fe022b/execute/sync'
22:26:52.733 [AsyncHttpClient-1-9] DEBUG org.asynchttpclient.netty.handler.HttpHandler - 

Request DefaultHttpRequest(decodeResult: success, version: HTTP/1.1)
POST /session/c8c36ac696ca78d104ed9da332fe022b/execute/sync HTTP/1.1
User-Agent: selenium/4.1.2 (java windows)
Content-Length: 47339
Content-Type: application/json; charset=utf-8
host: localhost:52991
accept: */*

Response DefaultHttpResponse(decodeResult: success, version: HTTP/1.1)
HTTP/1.1 200 OK
Content-Type: application/json; charset=utf-8
cache-control: no-cache
content-length: 109

22:26:52.733 [AsyncHttpClient-1-9] DEBUG org.asynchttpclient.netty.channel.ChannelManager - Adding key: http://localhost:52991 for channel [id: 0xec682889, L:/127.0.0.1:61838 - R:localhost/127.0.0.1:52991]
22:26:52.743 [Forwarding getElementAttribute on session c8c36ac696ca78d104ed9da332fe022b to remote] DEBUG org.asynchttpclient.netty.request.NettyRequestSender - Using pooled Channel '[id: 0xec682889, L:/127.0.0.1:61838 - R:localhost/127.0.0.1:52991]' for 'POST' to 'http://localhost:52991/session/c8c36ac696ca78d104ed9da332fe022b/execute/sync'
22:26:52.743 [Forwarding getElementAttribute on session c8c36ac696ca78d104ed9da332fe022b to remote] DEBUG org.asynchttpclient.netty.request.NettyRequestSender - Using open Channel [id: 0xec682889, L:/127.0.0.1:61838 - R:localhost/127.0.0.1:52991] for POST '/session/c8c36ac696ca78d104ed9da332fe022b/execute/sync'
22:26:52.753 [AsyncHttpClient-1-9] DEBUG org.asynchttpclient.netty.handler.HttpHandler - 

Request DefaultHttpRequest(decodeResult: success, version: HTTP/1.1)
POST /session/c8c36ac696ca78d104ed9da332fe022b/execute/sync HTTP/1.1
User-Agent: selenium/4.1.2 (java windows)
Content-Length: 47339
Content-Type: application/json; charset=utf-8
host: localhost:52991
accept: */*

Response DefaultHttpResponse(decodeResult: success, version: HTTP/1.1)
HTTP/1.1 200 OK
Content-Type: application/json; charset=utf-8
cache-control: no-cache
content-length: 88

22:26:52.753 [AsyncHttpClient-1-9] DEBUG org.asynchttpclient.netty.channel.ChannelManager - Adding key: http://localhost:52991 for channel [id: 0xec682889, L:/127.0.0.1:61838 - R:localhost/127.0.0.1:52991]
22:26:52.753 [Forwarding getElementAttribute on session c8c36ac696ca78d104ed9da332fe022b to remote] DEBUG org.asynchttpclient.netty.request.NettyRequestSender - Using pooled Channel '[id: 0xec682889, L:/127.0.0.1:61838 - R:localhost/127.0.0.1:52991]' for 'POST' to 'http://localhost:52991/session/c8c36ac696ca78d104ed9da332fe022b/execute/sync'
22:26:52.753 [Forwarding getElementAttribute on session c8c36ac696ca78d104ed9da332fe022b to remote] DEBUG org.asynchttpclient.netty.request.NettyRequestSender - Using open Channel [id: 0xec682889, L:/127.0.0.1:61838 - R:localhost/127.0.0.1:52991] for POST '/session/c8c36ac696ca78d104ed9da332fe022b/execute/sync'
22:26:52.763 [AsyncHttpClient-1-9] DEBUG org.asynchttpclient.netty.handler.HttpHandler - 

Request DefaultHttpRequest(decodeResult: success, version: HTTP/1.1)
POST /session/c8c36ac696ca78d104ed9da332fe022b/execute/sync HTTP/1.1
User-Agent: selenium/4.1.2 (java windows)
Content-Length: 47339
Content-Type: application/json; charset=utf-8
host: localhost:52991
accept: */*

Response DefaultHttpResponse(decodeResult: success, version: HTTP/1.1)
HTTP/1.1 200 OK
Content-Type: application/json; charset=utf-8
cache-control: no-cache
content-length: 88

22:26:52.763 [AsyncHttpClient-1-9] DEBUG org.asynchttpclient.netty.channel.ChannelManager - Adding key: http://localhost:52991 for channel [id: 0xec682889, L:/127.0.0.1:61838 - R:localhost/127.0.0.1:52991]
22:26:52.763 [Forwarding getElementAttribute on session c8c36ac696ca78d104ed9da332fe022b to remote] DEBUG org.asynchttpclient.netty.request.NettyRequestSender - Using pooled Channel '[id: 0xec682889, L:/127.0.0.1:61838 - R:localhost/127.0.0.1:52991]' for 'POST' to 'http://localhost:52991/session/c8c36ac696ca78d104ed9da332fe022b/execute/sync'
22:26:52.763 [Forwarding getElementAttribute on session c8c36ac696ca78d104ed9da332fe022b to remote] DEBUG org.asynchttpclient.netty.request.NettyRequestSender - Using open Channel [id: 0xec682889, L:/127.0.0.1:61838 - R:localhost/127.0.0.1:52991] for POST '/session/c8c36ac696ca78d104ed9da332fe022b/execute/sync'
22:26:52.773 [AsyncHttpClient-1-9] DEBUG org.asynchttpclient.netty.handler.HttpHandler - 

Request DefaultHttpRequest(decodeResult: success, version: HTTP/1.1)
POST /session/c8c36ac696ca78d104ed9da332fe022b/execute/sync HTTP/1.1
User-Agent: selenium/4.1.2 (java windows)
Content-Length: 47339
Content-Type: application/json; charset=utf-8
host: localhost:52991
accept: */*

Response DefaultHttpResponse(decodeResult: success, version: HTTP/1.1)
HTTP/1.1 200 OK
Content-Type: application/json; charset=utf-8
cache-control: no-cache
content-length: 86

22:26:52.773 [AsyncHttpClient-1-9] DEBUG org.asynchttpclient.netty.channel.ChannelManager - Adding key: http://localhost:52991 for channel [id: 0xec682889, L:/127.0.0.1:61838 - R:localhost/127.0.0.1:52991]
22:26:52.783 [Forwarding getElementAttribute on session c8c36ac696ca78d104ed9da332fe022b to remote] DEBUG org.asynchttpclient.netty.request.NettyRequestSender - Using pooled Channel '[id: 0xec682889, L:/127.0.0.1:61838 - R:localhost/127.0.0.1:52991]' for 'POST' to 'http://localhost:52991/session/c8c36ac696ca78d104ed9da332fe022b/execute/sync'
22:26:52.783 [Forwarding getElementAttribute on session c8c36ac696ca78d104ed9da332fe022b to remote] DEBUG org.asynchttpclient.netty.request.NettyRequestSender - Using open Channel [id: 0xec682889, L:/127.0.0.1:61838 - R:localhost/127.0.0.1:52991] for POST '/session/c8c36ac696ca78d104ed9da332fe022b/execute/sync'
22:26:52.793 [AsyncHttpClient-1-9] DEBUG org.asynchttpclient.netty.handler.HttpHandler - 

Request DefaultHttpRequest(decodeResult: success, version: HTTP/1.1)
POST /session/c8c36ac696ca78d104ed9da332fe022b/execute/sync HTTP/1.1
User-Agent: selenium/4.1.2 (java windows)
Content-Length: 47339
Content-Type: application/json; charset=utf-8
host: localhost:52991
accept: */*

Response DefaultHttpResponse(decodeResult: success, version: HTTP/1.1)
HTTP/1.1 200 OK
Content-Type: application/json; charset=utf-8
cache-control: no-cache
content-length: 97

22:26:52.793 [AsyncHttpClient-1-9] DEBUG org.asynchttpclient.netty.channel.ChannelManager - Adding key: http://localhost:52991 for channel [id: 0xec682889, L:/127.0.0.1:61838 - R:localhost/127.0.0.1:52991]
22:26:52.793 [Forwarding getElementAttribute on session c8c36ac696ca78d104ed9da332fe022b to remote] DEBUG org.asynchttpclient.netty.request.NettyRequestSender - Using pooled Channel '[id: 0xec682889, L:/127.0.0.1:61838 - R:localhost/127.0.0.1:52991]' for 'POST' to 'http://localhost:52991/session/c8c36ac696ca78d104ed9da332fe022b/execute/sync'
22:26:52.793 [Forwarding getElementAttribute on session c8c36ac696ca78d104ed9da332fe022b to remote] DEBUG org.asynchttpclient.netty.request.NettyRequestSender - Using open Channel [id: 0xec682889, L:/127.0.0.1:61838 - R:localhost/127.0.0.1:52991] for POST '/session/c8c36ac696ca78d104ed9da332fe022b/execute/sync'
22:26:52.803 [AsyncHttpClient-1-9] DEBUG org.asynchttpclient.netty.handler.HttpHandler - 

Request DefaultHttpRequest(decodeResult: success, version: HTTP/1.1)
POST /session/c8c36ac696ca78d104ed9da332fe022b/execute/sync HTTP/1.1
User-Agent: selenium/4.1.2 (java windows)
Content-Length: 47339
Content-Type: application/json; charset=utf-8
host: localhost:52991
accept: */*

Response DefaultHttpResponse(decodeResult: success, version: HTTP/1.1)
HTTP/1.1 200 OK
Content-Type: application/json; charset=utf-8
cache-control: no-cache
content-length: 94

22:26:52.803 [AsyncHttpClient-1-9] DEBUG org.asynchttpclient.netty.channel.ChannelManager - Adding key: http://localhost:52991 for channel [id: 0xec682889, L:/127.0.0.1:61838 - R:localhost/127.0.0.1:52991]
22:26:52.803 [Forwarding getElementAttribute on session c8c36ac696ca78d104ed9da332fe022b to remote] DEBUG org.asynchttpclient.netty.request.NettyRequestSender - Using pooled Channel '[id: 0xec682889, L:/127.0.0.1:61838 - R:localhost/127.0.0.1:52991]' for 'POST' to 'http://localhost:52991/session/c8c36ac696ca78d104ed9da332fe022b/execute/sync'
22:26:52.803 [Forwarding getElementAttribute on session c8c36ac696ca78d104ed9da332fe022b to remote] DEBUG org.asynchttpclient.netty.request.NettyRequestSender - Using open Channel [id: 0xec682889, L:/127.0.0.1:61838 - R:localhost/127.0.0.1:52991] for POST '/session/c8c36ac696ca78d104ed9da332fe022b/execute/sync'
22:26:52.813 [AsyncHttpClient-1-9] DEBUG org.asynchttpclient.netty.handler.HttpHandler - 

Request DefaultHttpRequest(decodeResult: success, version: HTTP/1.1)
POST /session/c8c36ac696ca78d104ed9da332fe022b/execute/sync HTTP/1.1
User-Agent: selenium/4.1.2 (java windows)
Content-Length: 47339
Content-Type: application/json; charset=utf-8
host: localhost:52991
accept: */*

Response DefaultHttpResponse(decodeResult: success, version: HTTP/1.1)
HTTP/1.1 200 OK
Content-Type: application/json; charset=utf-8
cache-control: no-cache
content-length: 100

22:26:52.813 [AsyncHttpClient-1-9] DEBUG org.asynchttpclient.netty.channel.ChannelManager - Adding key: http://localhost:52991 for channel [id: 0xec682889, L:/127.0.0.1:61838 - R:localhost/127.0.0.1:52991]
22:26:52.823 [Forwarding getElementAttribute on session c8c36ac696ca78d104ed9da332fe022b to remote] DEBUG org.asynchttpclient.netty.request.NettyRequestSender - Using pooled Channel '[id: 0xec682889, L:/127.0.0.1:61838 - R:localhost/127.0.0.1:52991]' for 'POST' to 'http://localhost:52991/session/c8c36ac696ca78d104ed9da332fe022b/execute/sync'
22:26:52.823 [Forwarding getElementAttribute on session c8c36ac696ca78d104ed9da332fe022b to remote] DEBUG org.asynchttpclient.netty.request.NettyRequestSender - Using open Channel [id: 0xec682889, L:/127.0.0.1:61838 - R:localhost/127.0.0.1:52991] for POST '/session/c8c36ac696ca78d104ed9da332fe022b/execute/sync'
22:26:52.824 [AsyncHttpClient-1-9] DEBUG org.asynchttpclient.netty.handler.HttpHandler - 

Request DefaultHttpRequest(decodeResult: success, version: HTTP/1.1)
POST /session/c8c36ac696ca78d104ed9da332fe022b/execute/sync HTTP/1.1
User-Agent: selenium/4.1.2 (java windows)
Content-Length: 47339
Content-Type: application/json; charset=utf-8
host: localhost:52991
accept: */*

Response DefaultHttpResponse(decodeResult: success, version: HTTP/1.1)
HTTP/1.1 200 OK
Content-Type: application/json; charset=utf-8
cache-control: no-cache
content-length: 113

22:26:52.824 [AsyncHttpClient-1-9] DEBUG org.asynchttpclient.netty.channel.ChannelManager - Adding key: http://localhost:52991 for channel [id: 0xec682889, L:/127.0.0.1:61838 - R:localhost/127.0.0.1:52991]
22:26:52.834 [Forwarding getElementAttribute on session c8c36ac696ca78d104ed9da332fe022b to remote] DEBUG org.asynchttpclient.netty.request.NettyRequestSender - Using pooled Channel '[id: 0xec682889, L:/127.0.0.1:61838 - R:localhost/127.0.0.1:52991]' for 'POST' to 'http://localhost:52991/session/c8c36ac696ca78d104ed9da332fe022b/execute/sync'
22:26:52.834 [Forwarding getElementAttribute on session c8c36ac696ca78d104ed9da332fe022b to remote] DEBUG org.asynchttpclient.netty.request.NettyRequestSender - Using open Channel [id: 0xec682889, L:/127.0.0.1:61838 - R:localhost/127.0.0.1:52991] for POST '/session/c8c36ac696ca78d104ed9da332fe022b/execute/sync'
22:26:52.844 [AsyncHttpClient-1-9] DEBUG org.asynchttpclient.netty.handler.HttpHandler - 

Request DefaultHttpRequest(decodeResult: success, version: HTTP/1.1)
POST /session/c8c36ac696ca78d104ed9da332fe022b/execute/sync HTTP/1.1
User-Agent: selenium/4.1.2 (java windows)
Content-Length: 47339
Content-Type: application/json; charset=utf-8
host: localhost:52991
accept: */*

Response DefaultHttpResponse(decodeResult: success, version: HTTP/1.1)
HTTP/1.1 200 OK
Content-Type: application/json; charset=utf-8
cache-control: no-cache
content-length: 101

22:26:52.844 [AsyncHttpClient-1-9] DEBUG org.asynchttpclient.netty.channel.ChannelManager - Adding key: http://localhost:52991 for channel [id: 0xec682889, L:/127.0.0.1:61838 - R:localhost/127.0.0.1:52991]
22:26:52.844 [Forwarding getElementAttribute on session c8c36ac696ca78d104ed9da332fe022b to remote] DEBUG org.asynchttpclient.netty.request.NettyRequestSender - Using pooled Channel '[id: 0xec682889, L:/127.0.0.1:61838 - R:localhost/127.0.0.1:52991]' for 'POST' to 'http://localhost:52991/session/c8c36ac696ca78d104ed9da332fe022b/execute/sync'
22:26:52.844 [Forwarding getElementAttribute on session c8c36ac696ca78d104ed9da332fe022b to remote] DEBUG org.asynchttpclient.netty.request.NettyRequestSender - Using open Channel [id: 0xec682889, L:/127.0.0.1:61838 - R:localhost/127.0.0.1:52991] for POST '/session/c8c36ac696ca78d104ed9da332fe022b/execute/sync'
22:26:52.854 [AsyncHttpClient-1-9] DEBUG org.asynchttpclient.netty.handler.HttpHandler - 

Request DefaultHttpRequest(decodeResult: success, version: HTTP/1.1)
POST /session/c8c36ac696ca78d104ed9da332fe022b/execute/sync HTTP/1.1
User-Agent: selenium/4.1.2 (java windows)
Content-Length: 47339
Content-Type: application/json; charset=utf-8
host: localhost:52991
accept: */*

Response DefaultHttpResponse(decodeResult: success, version: HTTP/1.1)
HTTP/1.1 200 OK
Content-Type: application/json; charset=utf-8
cache-control: no-cache
content-length: 104

22:26:52.854 [AsyncHttpClient-1-9] DEBUG org.asynchttpclient.netty.channel.ChannelManager - Adding key: http://localhost:52991 for channel [id: 0xec682889, L:/127.0.0.1:61838 - R:localhost/127.0.0.1:52991]
22:26:52.864 [Forwarding getElementAttribute on session c8c36ac696ca78d104ed9da332fe022b to remote] DEBUG org.asynchttpclient.netty.request.NettyRequestSender - Using pooled Channel '[id: 0xec682889, L:/127.0.0.1:61838 - R:localhost/127.0.0.1:52991]' for 'POST' to 'http://localhost:52991/session/c8c36ac696ca78d104ed9da332fe022b/execute/sync'
22:26:52.864 [Forwarding getElementAttribute on session c8c36ac696ca78d104ed9da332fe022b to remote] DEBUG org.asynchttpclient.netty.request.NettyRequestSender - Using open Channel [id: 0xec682889, L:/127.0.0.1:61838 - R:localhost/127.0.0.1:52991] for POST '/session/c8c36ac696ca78d104ed9da332fe022b/execute/sync'
22:26:52.874 [AsyncHttpClient-1-9] DEBUG org.asynchttpclient.netty.handler.HttpHandler - 

Request DefaultHttpRequest(decodeResult: success, version: HTTP/1.1)
POST /session/c8c36ac696ca78d104ed9da332fe022b/execute/sync HTTP/1.1
User-Agent: selenium/4.1.2 (java windows)
Content-Length: 47339
Content-Type: application/json; charset=utf-8
host: localhost:52991
accept: */*

Response DefaultHttpResponse(decodeResult: success, version: HTTP/1.1)
HTTP/1.1 200 OK
Content-Type: application/json; charset=utf-8
cache-control: no-cache
content-length: 85

22:26:52.874 [AsyncHttpClient-1-9] DEBUG org.asynchttpclient.netty.channel.ChannelManager - Adding key: http://localhost:52991 for channel [id: 0xec682889, L:/127.0.0.1:61838 - R:localhost/127.0.0.1:52991]
22:26:52.874 [Forwarding getElementAttribute on session c8c36ac696ca78d104ed9da332fe022b to remote] DEBUG org.asynchttpclient.netty.request.NettyRequestSender - Using pooled Channel '[id: 0xec682889, L:/127.0.0.1:61838 - R:localhost/127.0.0.1:52991]' for 'POST' to 'http://localhost:52991/session/c8c36ac696ca78d104ed9da332fe022b/execute/sync'
22:26:52.874 [Forwarding getElementAttribute on session c8c36ac696ca78d104ed9da332fe022b to remote] DEBUG org.asynchttpclient.netty.request.NettyRequestSender - Using open Channel [id: 0xec682889, L:/127.0.0.1:61838 - R:localhost/127.0.0.1:52991] for POST '/session/c8c36ac696ca78d104ed9da332fe022b/execute/sync'
22:26:52.884 [AsyncHttpClient-1-9] DEBUG org.asynchttpclient.netty.handler.HttpHandler - 

Request DefaultHttpRequest(decodeResult: success, version: HTTP/1.1)
POST /session/c8c36ac696ca78d104ed9da332fe022b/execute/sync HTTP/1.1
User-Agent: selenium/4.1.2 (java windows)
Content-Length: 47339
Content-Type: application/json; charset=utf-8
host: localhost:52991
accept: */*

Response DefaultHttpResponse(decodeResult: success, version: HTTP/1.1)
HTTP/1.1 200 OK
Content-Type: application/json; charset=utf-8
cache-control: no-cache
content-length: 98

22:26:52.884 [AsyncHttpClient-1-9] DEBUG org.asynchttpclient.netty.channel.ChannelManager - Adding key: http://localhost:52991 for channel [id: 0xec682889, L:/127.0.0.1:61838 - R:localhost/127.0.0.1:52991]
22:26:52.884 [Forwarding getElementAttribute on session c8c36ac696ca78d104ed9da332fe022b to remote] DEBUG org.asynchttpclient.netty.request.NettyRequestSender - Using pooled Channel '[id: 0xec682889, L:/127.0.0.1:61838 - R:localhost/127.0.0.1:52991]' for 'POST' to 'http://localhost:52991/session/c8c36ac696ca78d104ed9da332fe022b/execute/sync'
22:26:52.884 [Forwarding getElementAttribute on session c8c36ac696ca78d104ed9da332fe022b to remote] DEBUG org.asynchttpclient.netty.request.NettyRequestSender - Using open Channel [id: 0xec682889, L:/127.0.0.1:61838 - R:localhost/127.0.0.1:52991] for POST '/session/c8c36ac696ca78d104ed9da332fe022b/execute/sync'
22:26:52.893 [AsyncHttpClient-1-9] DEBUG org.asynchttpclient.netty.handler.HttpHandler - 

Request DefaultHttpRequest(decodeResult: success, version: HTTP/1.1)
POST /session/c8c36ac696ca78d104ed9da332fe022b/execute/sync HTTP/1.1
User-Agent: selenium/4.1.2 (java windows)
Content-Length: 47339
Content-Type: application/json; charset=utf-8
host: localhost:52991
accept: */*

Response DefaultHttpResponse(decodeResult: success, version: HTTP/1.1)
HTTP/1.1 200 OK
Content-Type: application/json; charset=utf-8
cache-control: no-cache
content-length: 105

22:26:52.893 [AsyncHttpClient-1-9] DEBUG org.asynchttpclient.netty.channel.ChannelManager - Adding key: http://localhost:52991 for channel [id: 0xec682889, L:/127.0.0.1:61838 - R:localhost/127.0.0.1:52991]
22:26:52.903 [Forwarding getElementAttribute on session c8c36ac696ca78d104ed9da332fe022b to remote] DEBUG org.asynchttpclient.netty.request.NettyRequestSender - Using pooled Channel '[id: 0xec682889, L:/127.0.0.1:61838 - R:localhost/127.0.0.1:52991]' for 'POST' to 'http://localhost:52991/session/c8c36ac696ca78d104ed9da332fe022b/execute/sync'
22:26:52.903 [Forwarding getElementAttribute on session c8c36ac696ca78d104ed9da332fe022b to remote] DEBUG org.asynchttpclient.netty.request.NettyRequestSender - Using open Channel [id: 0xec682889, L:/127.0.0.1:61838 - R:localhost/127.0.0.1:52991] for POST '/session/c8c36ac696ca78d104ed9da332fe022b/execute/sync'
22:26:52.913 [AsyncHttpClient-1-9] DEBUG org.asynchttpclient.netty.handler.HttpHandler - 

Request DefaultHttpRequest(decodeResult: success, version: HTTP/1.1)
POST /session/c8c36ac696ca78d104ed9da332fe022b/execute/sync HTTP/1.1
User-Agent: selenium/4.1.2 (java windows)
Content-Length: 47339
Content-Type: application/json; charset=utf-8
host: localhost:52991
accept: */*

Response DefaultHttpResponse(decodeResult: success, version: HTTP/1.1)
HTTP/1.1 200 OK
Content-Type: application/json; charset=utf-8
cache-control: no-cache
content-length: 71

22:26:52.913 [AsyncHttpClient-1-9] DEBUG org.asynchttpclient.netty.channel.ChannelManager - Adding key: http://localhost:52991 for channel [id: 0xec682889, L:/127.0.0.1:61838 - R:localhost/127.0.0.1:52991]
22:26:52.913 [Forwarding getElementAttribute on session c8c36ac696ca78d104ed9da332fe022b to remote] DEBUG org.asynchttpclient.netty.request.NettyRequestSender - Using pooled Channel '[id: 0xec682889, L:/127.0.0.1:61838 - R:localhost/127.0.0.1:52991]' for 'POST' to 'http://localhost:52991/session/c8c36ac696ca78d104ed9da332fe022b/execute/sync'
22:26:52.913 [Forwarding getElementAttribute on session c8c36ac696ca78d104ed9da332fe022b to remote] DEBUG org.asynchttpclient.netty.request.NettyRequestSender - Using open Channel [id: 0xec682889, L:/127.0.0.1:61838 - R:localhost/127.0.0.1:52991] for POST '/session/c8c36ac696ca78d104ed9da332fe022b/execute/sync'
22:26:52.923 [AsyncHttpClient-1-9] DEBUG org.asynchttpclient.netty.handler.HttpHandler - 

Request DefaultHttpRequest(decodeResult: success, version: HTTP/1.1)
POST /session/c8c36ac696ca78d104ed9da332fe022b/execute/sync HTTP/1.1
User-Agent: selenium/4.1.2 (java windows)
Content-Length: 47339
Content-Type: application/json; charset=utf-8
host: localhost:52991
accept: */*

Response DefaultHttpResponse(decodeResult: success, version: HTTP/1.1)
HTTP/1.1 200 OK
Content-Type: application/json; charset=utf-8
cache-control: no-cache
content-length: 106

22:26:52.923 [AsyncHttpClient-1-9] DEBUG org.asynchttpclient.netty.channel.ChannelManager - Adding key: http://localhost:52991 for channel [id: 0xec682889, L:/127.0.0.1:61838 - R:localhost/127.0.0.1:52991]
22:26:52.923 [Forwarding getElementAttribute on session c8c36ac696ca78d104ed9da332fe022b to remote] DEBUG org.asynchttpclient.netty.request.NettyRequestSender - Using pooled Channel '[id: 0xec682889, L:/127.0.0.1:61838 - R:localhost/127.0.0.1:52991]' for 'POST' to 'http://localhost:52991/session/c8c36ac696ca78d104ed9da332fe022b/execute/sync'
22:26:52.923 [Forwarding getElementAttribute on session c8c36ac696ca78d104ed9da332fe022b to remote] DEBUG org.asynchttpclient.netty.request.NettyRequestSender - Using open Channel [id: 0xec682889, L:/127.0.0.1:61838 - R:localhost/127.0.0.1:52991] for POST '/session/c8c36ac696ca78d104ed9da332fe022b/execute/sync'
22:26:52.933 [AsyncHttpClient-1-9] DEBUG org.asynchttpclient.netty.handler.HttpHandler - 

Request DefaultHttpRequest(decodeResult: success, version: HTTP/1.1)
POST /session/c8c36ac696ca78d104ed9da332fe022b/execute/sync HTTP/1.1
User-Agent: selenium/4.1.2 (java windows)
Content-Length: 47339
Content-Type: application/json; charset=utf-8
host: localhost:52991
accept: */*

Response DefaultHttpResponse(decodeResult: success, version: HTTP/1.1)
HTTP/1.1 200 OK
Content-Type: application/json; charset=utf-8
cache-control: no-cache
content-length: 92

22:26:52.933 [AsyncHttpClient-1-9] DEBUG org.asynchttpclient.netty.channel.ChannelManager - Adding key: http://localhost:52991 for channel [id: 0xec682889, L:/127.0.0.1:61838 - R:localhost/127.0.0.1:52991]
22:26:52.943 [Forwarding getElementAttribute on session c8c36ac696ca78d104ed9da332fe022b to remote] DEBUG org.asynchttpclient.netty.request.NettyRequestSender - Using pooled Channel '[id: 0xec682889, L:/127.0.0.1:61838 - R:localhost/127.0.0.1:52991]' for 'POST' to 'http://localhost:52991/session/c8c36ac696ca78d104ed9da332fe022b/execute/sync'
22:26:52.943 [Forwarding getElementAttribute on session c8c36ac696ca78d104ed9da332fe022b to remote] DEBUG org.asynchttpclient.netty.request.NettyRequestSender - Using open Channel [id: 0xec682889, L:/127.0.0.1:61838 - R:localhost/127.0.0.1:52991] for POST '/session/c8c36ac696ca78d104ed9da332fe022b/execute/sync'
22:26:52.953 [AsyncHttpClient-1-9] DEBUG org.asynchttpclient.netty.handler.HttpHandler - 

Request DefaultHttpRequest(decodeResult: success, version: HTTP/1.1)
POST /session/c8c36ac696ca78d104ed9da332fe022b/execute/sync HTTP/1.1
User-Agent: selenium/4.1.2 (java windows)
Content-Length: 47339
Content-Type: application/json; charset=utf-8
host: localhost:52991
accept: */*

Response DefaultHttpResponse(decodeResult: success, version: HTTP/1.1)
HTTP/1.1 200 OK
Content-Type: application/json; charset=utf-8
cache-control: no-cache
content-length: 97

22:26:52.953 [AsyncHttpClient-1-9] DEBUG org.asynchttpclient.netty.channel.ChannelManager - Adding key: http://localhost:52991 for channel [id: 0xec682889, L:/127.0.0.1:61838 - R:localhost/127.0.0.1:52991]
22:26:52.953 [Forwarding getElementAttribute on session c8c36ac696ca78d104ed9da332fe022b to remote] DEBUG org.asynchttpclient.netty.request.NettyRequestSender - Using pooled Channel '[id: 0xec682889, L:/127.0.0.1:61838 - R:localhost/127.0.0.1:52991]' for 'POST' to 'http://localhost:52991/session/c8c36ac696ca78d104ed9da332fe022b/execute/sync'
22:26:52.953 [Forwarding getElementAttribute on session c8c36ac696ca78d104ed9da332fe022b to remote] DEBUG org.asynchttpclient.netty.request.NettyRequestSender - Using open Channel [id: 0xec682889, L:/127.0.0.1:61838 - R:localhost/127.0.0.1:52991] for POST '/session/c8c36ac696ca78d104ed9da332fe022b/execute/sync'
22:26:52.963 [AsyncHttpClient-1-9] DEBUG org.asynchttpclient.netty.handler.HttpHandler - 

Request DefaultHttpRequest(decodeResult: success, version: HTTP/1.1)
POST /session/c8c36ac696ca78d104ed9da332fe022b/execute/sync HTTP/1.1
User-Agent: selenium/4.1.2 (java windows)
Content-Length: 47339
Content-Type: application/json; charset=utf-8
host: localhost:52991
accept: */*

Response DefaultHttpResponse(decodeResult: success, version: HTTP/1.1)
HTTP/1.1 200 OK
Content-Type: application/json; charset=utf-8
cache-control: no-cache
content-length: 85

22:26:52.963 [AsyncHttpClient-1-9] DEBUG org.asynchttpclient.netty.channel.ChannelManager - Adding key: http://localhost:52991 for channel [id: 0xec682889, L:/127.0.0.1:61838 - R:localhost/127.0.0.1:52991]
22:26:52.963 [Forwarding getElementAttribute on session c8c36ac696ca78d104ed9da332fe022b to remote] DEBUG org.asynchttpclient.netty.request.NettyRequestSender - Using pooled Channel '[id: 0xec682889, L:/127.0.0.1:61838 - R:localhost/127.0.0.1:52991]' for 'POST' to 'http://localhost:52991/session/c8c36ac696ca78d104ed9da332fe022b/execute/sync'
22:26:52.963 [Forwarding getElementAttribute on session c8c36ac696ca78d104ed9da332fe022b to remote] DEBUG org.asynchttpclient.netty.request.NettyRequestSender - Using open Channel [id: 0xec682889, L:/127.0.0.1:61838 - R:localhost/127.0.0.1:52991] for POST '/session/c8c36ac696ca78d104ed9da332fe022b/execute/sync'
22:26:52.973 [AsyncHttpClient-1-9] DEBUG org.asynchttpclient.netty.handler.HttpHandler - 

Request DefaultHttpRequest(decodeResult: success, version: HTTP/1.1)
POST /session/c8c36ac696ca78d104ed9da332fe022b/execute/sync HTTP/1.1
User-Agent: selenium/4.1.2 (java windows)
Content-Length: 47339
Content-Type: application/json; charset=utf-8
host: localhost:52991
accept: */*

Response DefaultHttpResponse(decodeResult: success, version: HTTP/1.1)
HTTP/1.1 200 OK
Content-Type: application/json; charset=utf-8
cache-control: no-cache
content-length: 93

22:26:52.973 [AsyncHttpClient-1-9] DEBUG org.asynchttpclient.netty.channel.ChannelManager - Adding key: http://localhost:52991 for channel [id: 0xec682889, L:/127.0.0.1:61838 - R:localhost/127.0.0.1:52991]
22:26:52.983 [Forwarding getElementAttribute on session c8c36ac696ca78d104ed9da332fe022b to remote] DEBUG org.asynchttpclient.netty.request.NettyRequestSender - Using pooled Channel '[id: 0xec682889, L:/127.0.0.1:61838 - R:localhost/127.0.0.1:52991]' for 'POST' to 'http://localhost:52991/session/c8c36ac696ca78d104ed9da332fe022b/execute/sync'
22:26:52.983 [Forwarding getElementAttribute on session c8c36ac696ca78d104ed9da332fe022b to remote] DEBUG org.asynchttpclient.netty.request.NettyRequestSender - Using open Channel [id: 0xec682889, L:/127.0.0.1:61838 - R:localhost/127.0.0.1:52991] for POST '/session/c8c36ac696ca78d104ed9da332fe022b/execute/sync'
22:26:52.993 [AsyncHttpClient-1-9] DEBUG org.asynchttpclient.netty.handler.HttpHandler - 

Request DefaultHttpRequest(decodeResult: success, version: HTTP/1.1)
POST /session/c8c36ac696ca78d104ed9da332fe022b/execute/sync HTTP/1.1
User-Agent: selenium/4.1.2 (java windows)
Content-Length: 47339
Content-Type: application/json; charset=utf-8
host: localhost:52991
accept: */*

Response DefaultHttpResponse(decodeResult: success, version: HTTP/1.1)
HTTP/1.1 200 OK
Content-Type: application/json; charset=utf-8
cache-control: no-cache
content-length: 97

22:26:52.993 [AsyncHttpClient-1-9] DEBUG org.asynchttpclient.netty.channel.ChannelManager - Adding key: http://localhost:52991 for channel [id: 0xec682889, L:/127.0.0.1:61838 - R:localhost/127.0.0.1:52991]
22:26:52.993 [Forwarding getElementAttribute on session c8c36ac696ca78d104ed9da332fe022b to remote] DEBUG org.asynchttpclient.netty.request.NettyRequestSender - Using pooled Channel '[id: 0xec682889, L:/127.0.0.1:61838 - R:localhost/127.0.0.1:52991]' for 'POST' to 'http://localhost:52991/session/c8c36ac696ca78d104ed9da332fe022b/execute/sync'
22:26:52.993 [Forwarding getElementAttribute on session c8c36ac696ca78d104ed9da332fe022b to remote] DEBUG org.asynchttpclient.netty.request.NettyRequestSender - Using open Channel [id: 0xec682889, L:/127.0.0.1:61838 - R:localhost/127.0.0.1:52991] for POST '/session/c8c36ac696ca78d104ed9da332fe022b/execute/sync'
22:26:53.003 [AsyncHttpClient-1-9] DEBUG org.asynchttpclient.netty.handler.HttpHandler - 

Request DefaultHttpRequest(decodeResult: success, version: HTTP/1.1)
POST /session/c8c36ac696ca78d104ed9da332fe022b/execute/sync HTTP/1.1
User-Agent: selenium/4.1.2 (java windows)
Content-Length: 47339
Content-Type: application/json; charset=utf-8
host: localhost:52991
accept: */*

Response DefaultHttpResponse(decodeResult: success, version: HTTP/1.1)
HTTP/1.1 200 OK
Content-Type: application/json; charset=utf-8
cache-control: no-cache
content-length: 102

22:26:53.003 [AsyncHttpClient-1-9] DEBUG org.asynchttpclient.netty.channel.ChannelManager - Adding key: http://localhost:52991 for channel [id: 0xec682889, L:/127.0.0.1:61838 - R:localhost/127.0.0.1:52991]
22:26:53.003 [Forwarding getElementAttribute on session c8c36ac696ca78d104ed9da332fe022b to remote] DEBUG org.asynchttpclient.netty.request.NettyRequestSender - Using pooled Channel '[id: 0xec682889, L:/127.0.0.1:61838 - R:localhost/127.0.0.1:52991]' for 'POST' to 'http://localhost:52991/session/c8c36ac696ca78d104ed9da332fe022b/execute/sync'
22:26:53.003 [Forwarding getElementAttribute on session c8c36ac696ca78d104ed9da332fe022b to remote] DEBUG org.asynchttpclient.netty.request.NettyRequestSender - Using open Channel [id: 0xec682889, L:/127.0.0.1:61838 - R:localhost/127.0.0.1:52991] for POST '/session/c8c36ac696ca78d104ed9da332fe022b/execute/sync'
22:26:53.013 [AsyncHttpClient-1-9] DEBUG org.asynchttpclient.netty.handler.HttpHandler - 

Request DefaultHttpRequest(decodeResult: success, version: HTTP/1.1)
POST /session/c8c36ac696ca78d104ed9da332fe022b/execute/sync HTTP/1.1
User-Agent: selenium/4.1.2 (java windows)
Content-Length: 47339
Content-Type: application/json; charset=utf-8
host: localhost:52991
accept: */*

Response DefaultHttpResponse(decodeResult: success, version: HTTP/1.1)
HTTP/1.1 200 OK
Content-Type: application/json; charset=utf-8
cache-control: no-cache
content-length: 108

22:26:53.013 [AsyncHttpClient-1-9] DEBUG org.asynchttpclient.netty.channel.ChannelManager - Adding key: http://localhost:52991 for channel [id: 0xec682889, L:/127.0.0.1:61838 - R:localhost/127.0.0.1:52991]
22:26:53.023 [Forwarding getElementAttribute on session c8c36ac696ca78d104ed9da332fe022b to remote] DEBUG org.asynchttpclient.netty.request.NettyRequestSender - Using pooled Channel '[id: 0xec682889, L:/127.0.0.1:61838 - R:localhost/127.0.0.1:52991]' for 'POST' to 'http://localhost:52991/session/c8c36ac696ca78d104ed9da332fe022b/execute/sync'
22:26:53.023 [Forwarding getElementAttribute on session c8c36ac696ca78d104ed9da332fe022b to remote] DEBUG org.asynchttpclient.netty.request.NettyRequestSender - Using open Channel [id: 0xec682889, L:/127.0.0.1:61838 - R:localhost/127.0.0.1:52991] for POST '/session/c8c36ac696ca78d104ed9da332fe022b/execute/sync'
22:26:53.033 [AsyncHttpClient-1-9] DEBUG org.asynchttpclient.netty.handler.HttpHandler - 

Request DefaultHttpRequest(decodeResult: success, version: HTTP/1.1)
POST /session/c8c36ac696ca78d104ed9da332fe022b/execute/sync HTTP/1.1
User-Agent: selenium/4.1.2 (java windows)
Content-Length: 47339
Content-Type: application/json; charset=utf-8
host: localhost:52991
accept: */*

Response DefaultHttpResponse(decodeResult: success, version: HTTP/1.1)
HTTP/1.1 200 OK
Content-Type: application/json; charset=utf-8
cache-control: no-cache
content-length: 95

22:26:53.033 [AsyncHttpClient-1-9] DEBUG org.asynchttpclient.netty.channel.ChannelManager - Adding key: http://localhost:52991 for channel [id: 0xec682889, L:/127.0.0.1:61838 - R:localhost/127.0.0.1:52991]
22:26:53.033 [Forwarding getElementAttribute on session c8c36ac696ca78d104ed9da332fe022b to remote] DEBUG org.asynchttpclient.netty.request.NettyRequestSender - Using pooled Channel '[id: 0xec682889, L:/127.0.0.1:61838 - R:localhost/127.0.0.1:52991]' for 'POST' to 'http://localhost:52991/session/c8c36ac696ca78d104ed9da332fe022b/execute/sync'
22:26:53.033 [Forwarding getElementAttribute on session c8c36ac696ca78d104ed9da332fe022b to remote] DEBUG org.asynchttpclient.netty.request.NettyRequestSender - Using open Channel [id: 0xec682889, L:/127.0.0.1:61838 - R:localhost/127.0.0.1:52991] for POST '/session/c8c36ac696ca78d104ed9da332fe022b/execute/sync'
22:26:53.043 [AsyncHttpClient-1-9] DEBUG org.asynchttpclient.netty.handler.HttpHandler - 

Request DefaultHttpRequest(decodeResult: success, version: HTTP/1.1)
POST /session/c8c36ac696ca78d104ed9da332fe022b/execute/sync HTTP/1.1
User-Agent: selenium/4.1.2 (java windows)
Content-Length: 47339
Content-Type: application/json; charset=utf-8
host: localhost:52991
accept: */*

Response DefaultHttpResponse(decodeResult: success, version: HTTP/1.1)
HTTP/1.1 200 OK
Content-Type: application/json; charset=utf-8
cache-control: no-cache
content-length: 84

22:26:53.043 [AsyncHttpClient-1-9] DEBUG org.asynchttpclient.netty.channel.ChannelManager - Adding key: http://localhost:52991 for channel [id: 0xec682889, L:/127.0.0.1:61838 - R:localhost/127.0.0.1:52991]
22:26:53.043 [Forwarding getElementAttribute on session c8c36ac696ca78d104ed9da332fe022b to remote] DEBUG org.asynchttpclient.netty.request.NettyRequestSender - Using pooled Channel '[id: 0xec682889, L:/127.0.0.1:61838 - R:localhost/127.0.0.1:52991]' for 'POST' to 'http://localhost:52991/session/c8c36ac696ca78d104ed9da332fe022b/execute/sync'
22:26:53.043 [Forwarding getElementAttribute on session c8c36ac696ca78d104ed9da332fe022b to remote] DEBUG org.asynchttpclient.netty.request.NettyRequestSender - Using open Channel [id: 0xec682889, L:/127.0.0.1:61838 - R:localhost/127.0.0.1:52991] for POST '/session/c8c36ac696ca78d104ed9da332fe022b/execute/sync'
22:26:53.053 [AsyncHttpClient-1-9] DEBUG org.asynchttpclient.netty.handler.HttpHandler - 

Request DefaultHttpRequest(decodeResult: success, version: HTTP/1.1)
POST /session/c8c36ac696ca78d104ed9da332fe022b/execute/sync HTTP/1.1
User-Agent: selenium/4.1.2 (java windows)
Content-Length: 47339
Content-Type: application/json; charset=utf-8
host: localhost:52991
accept: */*

Response DefaultHttpResponse(decodeResult: success, version: HTTP/1.1)
HTTP/1.1 200 OK
Content-Type: application/json; charset=utf-8
cache-control: no-cache
content-length: 85

22:26:53.053 [AsyncHttpClient-1-9] DEBUG org.asynchttpclient.netty.channel.ChannelManager - Adding key: http://localhost:52991 for channel [id: 0xec682889, L:/127.0.0.1:61838 - R:localhost/127.0.0.1:52991]
22:26:53.063 [Forwarding getElementAttribute on session c8c36ac696ca78d104ed9da332fe022b to remote] DEBUG org.asynchttpclient.netty.request.NettyRequestSender - Using pooled Channel '[id: 0xec682889, L:/127.0.0.1:61838 - R:localhost/127.0.0.1:52991]' for 'POST' to 'http://localhost:52991/session/c8c36ac696ca78d104ed9da332fe022b/execute/sync'
22:26:53.063 [Forwarding getElementAttribute on session c8c36ac696ca78d104ed9da332fe022b to remote] DEBUG org.asynchttpclient.netty.request.NettyRequestSender - Using open Channel [id: 0xec682889, L:/127.0.0.1:61838 - R:localhost/127.0.0.1:52991] for POST '/session/c8c36ac696ca78d104ed9da332fe022b/execute/sync'
22:26:53.073 [AsyncHttpClient-1-9] DEBUG org.asynchttpclient.netty.handler.HttpHandler - 

Request DefaultHttpRequest(decodeResult: success, version: HTTP/1.1)
POST /session/c8c36ac696ca78d104ed9da332fe022b/execute/sync HTTP/1.1
User-Agent: selenium/4.1.2 (java windows)
Content-Length: 47339
Content-Type: application/json; charset=utf-8
host: localhost:52991
accept: */*

Response DefaultHttpResponse(decodeResult: success, version: HTTP/1.1)
HTTP/1.1 200 OK
Content-Type: application/json; charset=utf-8
cache-control: no-cache
content-length: 82

22:26:53.073 [AsyncHttpClient-1-9] DEBUG org.asynchttpclient.netty.channel.ChannelManager - Adding key: http://localhost:52991 for channel [id: 0xec682889, L:/127.0.0.1:61838 - R:localhost/127.0.0.1:52991]
22:26:53.073 [Forwarding getElementAttribute on session c8c36ac696ca78d104ed9da332fe022b to remote] DEBUG org.asynchttpclient.netty.request.NettyRequestSender - Using pooled Channel '[id: 0xec682889, L:/127.0.0.1:61838 - R:localhost/127.0.0.1:52991]' for 'POST' to 'http://localhost:52991/session/c8c36ac696ca78d104ed9da332fe022b/execute/sync'
22:26:53.073 [Forwarding getElementAttribute on session c8c36ac696ca78d104ed9da332fe022b to remote] DEBUG org.asynchttpclient.netty.request.NettyRequestSender - Using open Channel [id: 0xec682889, L:/127.0.0.1:61838 - R:localhost/127.0.0.1:52991] for POST '/session/c8c36ac696ca78d104ed9da332fe022b/execute/sync'
22:26:53.083 [AsyncHttpClient-1-9] DEBUG org.asynchttpclient.netty.handler.HttpHandler - 

Request DefaultHttpRequest(decodeResult: success, version: HTTP/1.1)
POST /session/c8c36ac696ca78d104ed9da332fe022b/execute/sync HTTP/1.1
User-Agent: selenium/4.1.2 (java windows)
Content-Length: 47339
Content-Type: application/json; charset=utf-8
host: localhost:52991
accept: */*

Response DefaultHttpResponse(decodeResult: success, version: HTTP/1.1)
HTTP/1.1 200 OK
Content-Type: application/json; charset=utf-8
cache-control: no-cache
content-length: 90

22:26:53.083 [AsyncHttpClient-1-9] DEBUG org.asynchttpclient.netty.channel.ChannelManager - Adding key: http://localhost:52991 for channel [id: 0xec682889, L:/127.0.0.1:61838 - R:localhost/127.0.0.1:52991]
22:26:53.093 [Forwarding getElementAttribute on session c8c36ac696ca78d104ed9da332fe022b to remote] DEBUG org.asynchttpclient.netty.request.NettyRequestSender - Using pooled Channel '[id: 0xec682889, L:/127.0.0.1:61838 - R:localhost/127.0.0.1:52991]' for 'POST' to 'http://localhost:52991/session/c8c36ac696ca78d104ed9da332fe022b/execute/sync'
22:26:53.093 [Forwarding getElementAttribute on session c8c36ac696ca78d104ed9da332fe022b to remote] DEBUG org.asynchttpclient.netty.request.NettyRequestSender - Using open Channel [id: 0xec682889, L:/127.0.0.1:61838 - R:localhost/127.0.0.1:52991] for POST '/session/c8c36ac696ca78d104ed9da332fe022b/execute/sync'
22:26:53.094 [AsyncHttpClient-1-9] DEBUG org.asynchttpclient.netty.handler.HttpHandler - 

Request DefaultHttpRequest(decodeResult: success, version: HTTP/1.1)
POST /session/c8c36ac696ca78d104ed9da332fe022b/execute/sync HTTP/1.1
User-Agent: selenium/4.1.2 (java windows)
Content-Length: 47339
Content-Type: application/json; charset=utf-8
host: localhost:52991
accept: */*

Response DefaultHttpResponse(decodeResult: success, version: HTTP/1.1)
HTTP/1.1 200 OK
Content-Type: application/json; charset=utf-8
cache-control: no-cache
content-length: 117

22:26:53.094 [AsyncHttpClient-1-9] DEBUG org.asynchttpclient.netty.channel.ChannelManager - Adding key: http://localhost:52991 for channel [id: 0xec682889, L:/127.0.0.1:61838 - R:localhost/127.0.0.1:52991]
22:26:53.104 [Forwarding getElementAttribute on session c8c36ac696ca78d104ed9da332fe022b to remote] DEBUG org.asynchttpclient.netty.request.NettyRequestSender - Using pooled Channel '[id: 0xec682889, L:/127.0.0.1:61838 - R:localhost/127.0.0.1:52991]' for 'POST' to 'http://localhost:52991/session/c8c36ac696ca78d104ed9da332fe022b/execute/sync'
22:26:53.104 [Forwarding getElementAttribute on session c8c36ac696ca78d104ed9da332fe022b to remote] DEBUG org.asynchttpclient.netty.request.NettyRequestSender - Using open Channel [id: 0xec682889, L:/127.0.0.1:61838 - R:localhost/127.0.0.1:52991] for POST '/session/c8c36ac696ca78d104ed9da332fe022b/execute/sync'
22:26:53.114 [AsyncHttpClient-1-9] DEBUG org.asynchttpclient.netty.handler.HttpHandler - 

Request DefaultHttpRequest(decodeResult: success, version: HTTP/1.1)
POST /session/c8c36ac696ca78d104ed9da332fe022b/execute/sync HTTP/1.1
User-Agent: selenium/4.1.2 (java windows)
Content-Length: 47339
Content-Type: application/json; charset=utf-8
host: localhost:52991
accept: */*

Response DefaultHttpResponse(decodeResult: success, version: HTTP/1.1)
HTTP/1.1 200 OK
Content-Type: application/json; charset=utf-8
cache-control: no-cache
content-length: 85

22:26:53.114 [AsyncHttpClient-1-9] DEBUG org.asynchttpclient.netty.channel.ChannelManager - Adding key: http://localhost:52991 for channel [id: 0xec682889, L:/127.0.0.1:61838 - R:localhost/127.0.0.1:52991]
22:26:53.124 [Forwarding getElementAttribute on session c8c36ac696ca78d104ed9da332fe022b to remote] DEBUG org.asynchttpclient.netty.request.NettyRequestSender - Using pooled Channel '[id: 0xec682889, L:/127.0.0.1:61838 - R:localhost/127.0.0.1:52991]' for 'POST' to 'http://localhost:52991/session/c8c36ac696ca78d104ed9da332fe022b/execute/sync'
22:26:53.124 [Forwarding getElementAttribute on session c8c36ac696ca78d104ed9da332fe022b to remote] DEBUG org.asynchttpclient.netty.request.NettyRequestSender - Using open Channel [id: 0xec682889, L:/127.0.0.1:61838 - R:localhost/127.0.0.1:52991] for POST '/session/c8c36ac696ca78d104ed9da332fe022b/execute/sync'
22:26:53.134 [AsyncHttpClient-1-9] DEBUG org.asynchttpclient.netty.handler.HttpHandler - 

Request DefaultHttpRequest(decodeResult: success, version: HTTP/1.1)
POST /session/c8c36ac696ca78d104ed9da332fe022b/execute/sync HTTP/1.1
User-Agent: selenium/4.1.2 (java windows)
Content-Length: 47339
Content-Type: application/json; charset=utf-8
host: localhost:52991
accept: */*

Response DefaultHttpResponse(decodeResult: success, version: HTTP/1.1)
HTTP/1.1 200 OK
Content-Type: application/json; charset=utf-8
cache-control: no-cache
content-length: 119

22:26:53.134 [AsyncHttpClient-1-9] DEBUG org.asynchttpclient.netty.channel.ChannelManager - Adding key: http://localhost:52991 for channel [id: 0xec682889, L:/127.0.0.1:61838 - R:localhost/127.0.0.1:52991]
22:26:53.134 [Forwarding getElementAttribute on session c8c36ac696ca78d104ed9da332fe022b to remote] DEBUG org.asynchttpclient.netty.request.NettyRequestSender - Using pooled Channel '[id: 0xec682889, L:/127.0.0.1:61838 - R:localhost/127.0.0.1:52991]' for 'POST' to 'http://localhost:52991/session/c8c36ac696ca78d104ed9da332fe022b/execute/sync'
22:26:53.134 [Forwarding getElementAttribute on session c8c36ac696ca78d104ed9da332fe022b to remote] DEBUG org.asynchttpclient.netty.request.NettyRequestSender - Using open Channel [id: 0xec682889, L:/127.0.0.1:61838 - R:localhost/127.0.0.1:52991] for POST '/session/c8c36ac696ca78d104ed9da332fe022b/execute/sync'
22:26:53.144 [AsyncHttpClient-1-9] DEBUG org.asynchttpclient.netty.handler.HttpHandler - 

Request DefaultHttpRequest(decodeResult: success, version: HTTP/1.1)
POST /session/c8c36ac696ca78d104ed9da332fe022b/execute/sync HTTP/1.1
User-Agent: selenium/4.1.2 (java windows)
Content-Length: 47339
Content-Type: application/json; charset=utf-8
host: localhost:52991
accept: */*

Response DefaultHttpResponse(decodeResult: success, version: HTTP/1.1)
HTTP/1.1 200 OK
Content-Type: application/json; charset=utf-8
cache-control: no-cache
content-length: 106

22:26:53.144 [AsyncHttpClient-1-9] DEBUG org.asynchttpclient.netty.channel.ChannelManager - Adding key: http://localhost:52991 for channel [id: 0xec682889, L:/127.0.0.1:61838 - R:localhost/127.0.0.1:52991]
22:26:53.154 [Forwarding getElementAttribute on session c8c36ac696ca78d104ed9da332fe022b to remote] DEBUG org.asynchttpclient.netty.request.NettyRequestSender - Using pooled Channel '[id: 0xec682889, L:/127.0.0.1:61838 - R:localhost/127.0.0.1:52991]' for 'POST' to 'http://localhost:52991/session/c8c36ac696ca78d104ed9da332fe022b/execute/sync'
22:26:53.154 [Forwarding getElementAttribute on session c8c36ac696ca78d104ed9da332fe022b to remote] DEBUG org.asynchttpclient.netty.request.NettyRequestSender - Using open Channel [id: 0xec682889, L:/127.0.0.1:61838 - R:localhost/127.0.0.1:52991] for POST '/session/c8c36ac696ca78d104ed9da332fe022b/execute/sync'
22:26:53.164 [AsyncHttpClient-1-9] DEBUG org.asynchttpclient.netty.handler.HttpHandler - 

Request DefaultHttpRequest(decodeResult: success, version: HTTP/1.1)
POST /session/c8c36ac696ca78d104ed9da332fe022b/execute/sync HTTP/1.1
User-Agent: selenium/4.1.2 (java windows)
Content-Length: 47339
Content-Type: application/json; charset=utf-8
host: localhost:52991
accept: */*

Response DefaultHttpResponse(decodeResult: success, version: HTTP/1.1)
HTTP/1.1 200 OK
Content-Type: application/json; charset=utf-8
cache-control: no-cache
content-length: 92

22:26:53.164 [AsyncHttpClient-1-9] DEBUG org.asynchttpclient.netty.channel.ChannelManager - Adding key: http://localhost:52991 for channel [id: 0xec682889, L:/127.0.0.1:61838 - R:localhost/127.0.0.1:52991]
22:26:53.164 [Forwarding getElementAttribute on session c8c36ac696ca78d104ed9da332fe022b to remote] DEBUG org.asynchttpclient.netty.request.NettyRequestSender - Using pooled Channel '[id: 0xec682889, L:/127.0.0.1:61838 - R:localhost/127.0.0.1:52991]' for 'POST' to 'http://localhost:52991/session/c8c36ac696ca78d104ed9da332fe022b/execute/sync'
22:26:53.164 [Forwarding getElementAttribute on session c8c36ac696ca78d104ed9da332fe022b to remote] DEBUG org.asynchttpclient.netty.request.NettyRequestSender - Using open Channel [id: 0xec682889, L:/127.0.0.1:61838 - R:localhost/127.0.0.1:52991] for POST '/session/c8c36ac696ca78d104ed9da332fe022b/execute/sync'
22:26:53.174 [AsyncHttpClient-1-9] DEBUG org.asynchttpclient.netty.handler.HttpHandler - 

Request DefaultHttpRequest(decodeResult: success, version: HTTP/1.1)
POST /session/c8c36ac696ca78d104ed9da332fe022b/execute/sync HTTP/1.1
User-Agent: selenium/4.1.2 (java windows)
Content-Length: 47339
Content-Type: application/json; charset=utf-8
host: localhost:52991
accept: */*

Response DefaultHttpResponse(decodeResult: success, version: HTTP/1.1)
HTTP/1.1 200 OK
Content-Type: application/json; charset=utf-8
cache-control: no-cache
content-length: 117

22:26:53.174 [AsyncHttpClient-1-9] DEBUG org.asynchttpclient.netty.channel.ChannelManager - Adding key: http://localhost:52991 for channel [id: 0xec682889, L:/127.0.0.1:61838 - R:localhost/127.0.0.1:52991]
22:26:53.184 [Forwarding getElementAttribute on session c8c36ac696ca78d104ed9da332fe022b to remote] DEBUG org.asynchttpclient.netty.request.NettyRequestSender - Using pooled Channel '[id: 0xec682889, L:/127.0.0.1:61838 - R:localhost/127.0.0.1:52991]' for 'POST' to 'http://localhost:52991/session/c8c36ac696ca78d104ed9da332fe022b/execute/sync'
22:26:53.184 [Forwarding getElementAttribute on session c8c36ac696ca78d104ed9da332fe022b to remote] DEBUG org.asynchttpclient.netty.request.NettyRequestSender - Using open Channel [id: 0xec682889, L:/127.0.0.1:61838 - R:localhost/127.0.0.1:52991] for POST '/session/c8c36ac696ca78d104ed9da332fe022b/execute/sync'
22:26:53.193 [AsyncHttpClient-1-9] DEBUG org.asynchttpclient.netty.handler.HttpHandler - 

Request DefaultHttpRequest(decodeResult: success, version: HTTP/1.1)
POST /session/c8c36ac696ca78d104ed9da332fe022b/execute/sync HTTP/1.1
User-Agent: selenium/4.1.2 (java windows)
Content-Length: 47339
Content-Type: application/json; charset=utf-8
host: localhost:52991
accept: */*

Response DefaultHttpResponse(decodeResult: success, version: HTTP/1.1)
HTTP/1.1 200 OK
Content-Type: application/json; charset=utf-8
cache-control: no-cache
content-length: 105

22:26:53.193 [AsyncHttpClient-1-9] DEBUG org.asynchttpclient.netty.channel.ChannelManager - Adding key: http://localhost:52991 for channel [id: 0xec682889, L:/127.0.0.1:61838 - R:localhost/127.0.0.1:52991]
22:26:53.193 [Forwarding getElementAttribute on session c8c36ac696ca78d104ed9da332fe022b to remote] DEBUG org.asynchttpclient.netty.request.NettyRequestSender - Using pooled Channel '[id: 0xec682889, L:/127.0.0.1:61838 - R:localhost/127.0.0.1:52991]' for 'POST' to 'http://localhost:52991/session/c8c36ac696ca78d104ed9da332fe022b/execute/sync'
22:26:53.193 [Forwarding getElementAttribute on session c8c36ac696ca78d104ed9da332fe022b to remote] DEBUG org.asynchttpclient.netty.request.NettyRequestSender - Using open Channel [id: 0xec682889, L:/127.0.0.1:61838 - R:localhost/127.0.0.1:52991] for POST '/session/c8c36ac696ca78d104ed9da332fe022b/execute/sync'
22:26:53.203 [AsyncHttpClient-1-9] DEBUG org.asynchttpclient.netty.handler.HttpHandler - 

Request DefaultHttpRequest(decodeResult: success, version: HTTP/1.1)
POST /session/c8c36ac696ca78d104ed9da332fe022b/execute/sync HTTP/1.1
User-Agent: selenium/4.1.2 (java windows)
Content-Length: 47339
Content-Type: application/json; charset=utf-8
host: localhost:52991
accept: */*

Response DefaultHttpResponse(decodeResult: success, version: HTTP/1.1)
HTTP/1.1 200 OK
Content-Type: application/json; charset=utf-8
cache-control: no-cache
content-length: 94

22:26:53.203 [AsyncHttpClient-1-9] DEBUG org.asynchttpclient.netty.channel.ChannelManager - Adding key: http://localhost:52991 for channel [id: 0xec682889, L:/127.0.0.1:61838 - R:localhost/127.0.0.1:52991]
22:26:53.203 [Forwarding getElementAttribute on session c8c36ac696ca78d104ed9da332fe022b to remote] DEBUG org.asynchttpclient.netty.request.NettyRequestSender - Using pooled Channel '[id: 0xec682889, L:/127.0.0.1:61838 - R:localhost/127.0.0.1:52991]' for 'POST' to 'http://localhost:52991/session/c8c36ac696ca78d104ed9da332fe022b/execute/sync'
22:26:53.203 [Forwarding getElementAttribute on session c8c36ac696ca78d104ed9da332fe022b to remote] DEBUG org.asynchttpclient.netty.request.NettyRequestSender - Using open Channel [id: 0xec682889, L:/127.0.0.1:61838 - R:localhost/127.0.0.1:52991] for POST '/session/c8c36ac696ca78d104ed9da332fe022b/execute/sync'
22:26:53.213 [AsyncHttpClient-1-9] DEBUG org.asynchttpclient.netty.handler.HttpHandler - 

Request DefaultHttpRequest(decodeResult: success, version: HTTP/1.1)
POST /session/c8c36ac696ca78d104ed9da332fe022b/execute/sync HTTP/1.1
User-Agent: selenium/4.1.2 (java windows)
Content-Length: 47339
Content-Type: application/json; charset=utf-8
host: localhost:52991
accept: */*

Response DefaultHttpResponse(decodeResult: success, version: HTTP/1.1)
HTTP/1.1 200 OK
Content-Type: application/json; charset=utf-8
cache-control: no-cache
content-length: 107

22:26:53.213 [AsyncHttpClient-1-9] DEBUG org.asynchttpclient.netty.channel.ChannelManager - Adding key: http://localhost:52991 for channel [id: 0xec682889, L:/127.0.0.1:61838 - R:localhost/127.0.0.1:52991]
22:26:53.223 [Forwarding getElementAttribute on session c8c36ac696ca78d104ed9da332fe022b to remote] DEBUG org.asynchttpclient.netty.request.NettyRequestSender - Using pooled Channel '[id: 0xec682889, L:/127.0.0.1:61838 - R:localhost/127.0.0.1:52991]' for 'POST' to 'http://localhost:52991/session/c8c36ac696ca78d104ed9da332fe022b/execute/sync'
22:26:53.223 [Forwarding getElementAttribute on session c8c36ac696ca78d104ed9da332fe022b to remote] DEBUG org.asynchttpclient.netty.request.NettyRequestSender - Using open Channel [id: 0xec682889, L:/127.0.0.1:61838 - R:localhost/127.0.0.1:52991] for POST '/session/c8c36ac696ca78d104ed9da332fe022b/execute/sync'
22:26:53.233 [AsyncHttpClient-1-9] DEBUG org.asynchttpclient.netty.handler.HttpHandler - 

Request DefaultHttpRequest(decodeResult: success, version: HTTP/1.1)
POST /session/c8c36ac696ca78d104ed9da332fe022b/execute/sync HTTP/1.1
User-Agent: selenium/4.1.2 (java windows)
Content-Length: 47339
Content-Type: application/json; charset=utf-8
host: localhost:52991
accept: */*

Response DefaultHttpResponse(decodeResult: success, version: HTTP/1.1)
HTTP/1.1 200 OK
Content-Type: application/json; charset=utf-8
cache-control: no-cache
content-length: 114

22:26:53.233 [AsyncHttpClient-1-9] DEBUG org.asynchttpclient.netty.channel.ChannelManager - Adding key: http://localhost:52991 for channel [id: 0xec682889, L:/127.0.0.1:61838 - R:localhost/127.0.0.1:52991]
22:26:53.233 [Forwarding getElementAttribute on session c8c36ac696ca78d104ed9da332fe022b to remote] DEBUG org.asynchttpclient.netty.request.NettyRequestSender - Using pooled Channel '[id: 0xec682889, L:/127.0.0.1:61838 - R:localhost/127.0.0.1:52991]' for 'POST' to 'http://localhost:52991/session/c8c36ac696ca78d104ed9da332fe022b/execute/sync'
22:26:53.233 [Forwarding getElementAttribute on session c8c36ac696ca78d104ed9da332fe022b to remote] DEBUG org.asynchttpclient.netty.request.NettyRequestSender - Using open Channel [id: 0xec682889, L:/127.0.0.1:61838 - R:localhost/127.0.0.1:52991] for POST '/session/c8c36ac696ca78d104ed9da332fe022b/execute/sync'
22:26:53.243 [AsyncHttpClient-1-9] DEBUG org.asynchttpclient.netty.handler.HttpHandler - 

Request DefaultHttpRequest(decodeResult: success, version: HTTP/1.1)
POST /session/c8c36ac696ca78d104ed9da332fe022b/execute/sync HTTP/1.1
User-Agent: selenium/4.1.2 (java windows)
Content-Length: 47339
Content-Type: application/json; charset=utf-8
host: localhost:52991
accept: */*

Response DefaultHttpResponse(decodeResult: success, version: HTTP/1.1)
HTTP/1.1 200 OK
Content-Type: application/json; charset=utf-8
cache-control: no-cache
content-length: 82

22:26:53.243 [AsyncHttpClient-1-9] DEBUG org.asynchttpclient.netty.channel.ChannelManager - Adding key: http://localhost:52991 for channel [id: 0xec682889, L:/127.0.0.1:61838 - R:localhost/127.0.0.1:52991]
22:26:53.243 [Forwarding getElementAttribute on session c8c36ac696ca78d104ed9da332fe022b to remote] DEBUG org.asynchttpclient.netty.request.NettyRequestSender - Using pooled Channel '[id: 0xec682889, L:/127.0.0.1:61838 - R:localhost/127.0.0.1:52991]' for 'POST' to 'http://localhost:52991/session/c8c36ac696ca78d104ed9da332fe022b/execute/sync'
22:26:53.243 [Forwarding getElementAttribute on session c8c36ac696ca78d104ed9da332fe022b to remote] DEBUG org.asynchttpclient.netty.request.NettyRequestSender - Using open Channel [id: 0xec682889, L:/127.0.0.1:61838 - R:localhost/127.0.0.1:52991] for POST '/session/c8c36ac696ca78d104ed9da332fe022b/execute/sync'
22:26:53.253 [AsyncHttpClient-1-9] DEBUG org.asynchttpclient.netty.handler.HttpHandler - 

Request DefaultHttpRequest(decodeResult: success, version: HTTP/1.1)
POST /session/c8c36ac696ca78d104ed9da332fe022b/execute/sync HTTP/1.1
User-Agent: selenium/4.1.2 (java windows)
Content-Length: 47339
Content-Type: application/json; charset=utf-8
host: localhost:52991
accept: */*

Response DefaultHttpResponse(decodeResult: success, version: HTTP/1.1)
HTTP/1.1 200 OK
Content-Type: application/json; charset=utf-8
cache-control: no-cache
content-length: 97

22:26:53.253 [AsyncHttpClient-1-9] DEBUG org.asynchttpclient.netty.channel.ChannelManager - Adding key: http://localhost:52991 for channel [id: 0xec682889, L:/127.0.0.1:61838 - R:localhost/127.0.0.1:52991]
22:26:53.263 [Forwarding getElementAttribute on session c8c36ac696ca78d104ed9da332fe022b to remote] DEBUG org.asynchttpclient.netty.request.NettyRequestSender - Using pooled Channel '[id: 0xec682889, L:/127.0.0.1:61838 - R:localhost/127.0.0.1:52991]' for 'POST' to 'http://localhost:52991/session/c8c36ac696ca78d104ed9da332fe022b/execute/sync'
22:26:53.263 [Forwarding getElementAttribute on session c8c36ac696ca78d104ed9da332fe022b to remote] DEBUG org.asynchttpclient.netty.request.NettyRequestSender - Using open Channel [id: 0xec682889, L:/127.0.0.1:61838 - R:localhost/127.0.0.1:52991] for POST '/session/c8c36ac696ca78d104ed9da332fe022b/execute/sync'
22:26:53.273 [AsyncHttpClient-1-9] DEBUG org.asynchttpclient.netty.handler.HttpHandler - 

Request DefaultHttpRequest(decodeResult: success, version: HTTP/1.1)
POST /session/c8c36ac696ca78d104ed9da332fe022b/execute/sync HTTP/1.1
User-Agent: selenium/4.1.2 (java windows)
Content-Length: 47339
Content-Type: application/json; charset=utf-8
host: localhost:52991
accept: */*

Response DefaultHttpResponse(decodeResult: success, version: HTTP/1.1)
HTTP/1.1 200 OK
Content-Type: application/json; charset=utf-8
cache-control: no-cache
content-length: 103

22:26:53.273 [AsyncHttpClient-1-9] DEBUG org.asynchttpclient.netty.channel.ChannelManager - Adding key: http://localhost:52991 for channel [id: 0xec682889, L:/127.0.0.1:61838 - R:localhost/127.0.0.1:52991]
22:26:53.273 [Forwarding getElementAttribute on session c8c36ac696ca78d104ed9da332fe022b to remote] DEBUG org.asynchttpclient.netty.request.NettyRequestSender - Using pooled Channel '[id: 0xec682889, L:/127.0.0.1:61838 - R:localhost/127.0.0.1:52991]' for 'POST' to 'http://localhost:52991/session/c8c36ac696ca78d104ed9da332fe022b/execute/sync'
22:26:53.273 [Forwarding getElementAttribute on session c8c36ac696ca78d104ed9da332fe022b to remote] DEBUG org.asynchttpclient.netty.request.NettyRequestSender - Using open Channel [id: 0xec682889, L:/127.0.0.1:61838 - R:localhost/127.0.0.1:52991] for POST '/session/c8c36ac696ca78d104ed9da332fe022b/execute/sync'
22:26:53.283 [AsyncHttpClient-1-1] DEBUG org.asynchttpclient.netty.channel.DefaultChannelPool - Entry count for : http://localhost:61839 : 1
22:26:53.283 [AsyncHttpClient-1-9] DEBUG org.asynchttpclient.netty.handler.HttpHandler - 

Request DefaultHttpRequest(decodeResult: success, version: HTTP/1.1)
POST /session/c8c36ac696ca78d104ed9da332fe022b/execute/sync HTTP/1.1
User-Agent: selenium/4.1.2 (java windows)
Content-Length: 47339
Content-Type: application/json; charset=utf-8
host: localhost:52991
accept: */*

Response DefaultHttpResponse(decodeResult: success, version: HTTP/1.1)
HTTP/1.1 200 OK
Content-Type: application/json; charset=utf-8
cache-control: no-cache
content-length: 104

22:26:53.283 [AsyncHttpClient-1-9] DEBUG org.asynchttpclient.netty.channel.ChannelManager - Adding key: http://localhost:52991 for channel [id: 0xec682889, L:/127.0.0.1:61838 - R:localhost/127.0.0.1:52991]
22:26:53.283 [Forwarding getElementAttribute on session c8c36ac696ca78d104ed9da332fe022b to remote] DEBUG org.asynchttpclient.netty.request.NettyRequestSender - Using pooled Channel '[id: 0xec682889, L:/127.0.0.1:61838 - R:localhost/127.0.0.1:52991]' for 'POST' to 'http://localhost:52991/session/c8c36ac696ca78d104ed9da332fe022b/execute/sync'
22:26:53.283 [Forwarding getElementAttribute on session c8c36ac696ca78d104ed9da332fe022b to remote] DEBUG org.asynchttpclient.netty.request.NettyRequestSender - Using open Channel [id: 0xec682889, L:/127.0.0.1:61838 - R:localhost/127.0.0.1:52991] for POST '/session/c8c36ac696ca78d104ed9da332fe022b/execute/sync'
22:26:53.293 [AsyncHttpClient-1-9] DEBUG org.asynchttpclient.netty.handler.HttpHandler - 

Request DefaultHttpRequest(decodeResult: success, version: HTTP/1.1)
POST /session/c8c36ac696ca78d104ed9da332fe022b/execute/sync HTTP/1.1
User-Agent: selenium/4.1.2 (java windows)
Content-Length: 47339
Content-Type: application/json; charset=utf-8
host: localhost:52991
accept: */*

Response DefaultHttpResponse(decodeResult: success, version: HTTP/1.1)
HTTP/1.1 200 OK
Content-Type: application/json; charset=utf-8
cache-control: no-cache
content-length: 96

22:26:53.293 [AsyncHttpClient-1-9] DEBUG org.asynchttpclient.netty.channel.ChannelManager - Adding key: http://localhost:52991 for channel [id: 0xec682889, L:/127.0.0.1:61838 - R:localhost/127.0.0.1:52991]
22:26:53.303 [Forwarding getElementAttribute on session c8c36ac696ca78d104ed9da332fe022b to remote] DEBUG org.asynchttpclient.netty.request.NettyRequestSender - Using pooled Channel '[id: 0xec682889, L:/127.0.0.1:61838 - R:localhost/127.0.0.1:52991]' for 'POST' to 'http://localhost:52991/session/c8c36ac696ca78d104ed9da332fe022b/execute/sync'
22:26:53.303 [Forwarding getElementAttribute on session c8c36ac696ca78d104ed9da332fe022b to remote] DEBUG org.asynchttpclient.netty.request.NettyRequestSender - Using open Channel [id: 0xec682889, L:/127.0.0.1:61838 - R:localhost/127.0.0.1:52991] for POST '/session/c8c36ac696ca78d104ed9da332fe022b/execute/sync'
22:26:53.313 [AsyncHttpClient-1-9] DEBUG org.asynchttpclient.netty.handler.HttpHandler - 

Request DefaultHttpRequest(decodeResult: success, version: HTTP/1.1)
POST /session/c8c36ac696ca78d104ed9da332fe022b/execute/sync HTTP/1.1
User-Agent: selenium/4.1.2 (java windows)
Content-Length: 47339
Content-Type: application/json; charset=utf-8
host: localhost:52991
accept: */*

Response DefaultHttpResponse(decodeResult: success, version: HTTP/1.1)
HTTP/1.1 200 OK
Content-Type: application/json; charset=utf-8
cache-control: no-cache
content-length: 94

22:26:53.313 [AsyncHttpClient-1-9] DEBUG org.asynchttpclient.netty.channel.ChannelManager - Adding key: http://localhost:52991 for channel [id: 0xec682889, L:/127.0.0.1:61838 - R:localhost/127.0.0.1:52991]
22:26:53.313 [Forwarding getElementAttribute on session c8c36ac696ca78d104ed9da332fe022b to remote] DEBUG org.asynchttpclient.netty.request.NettyRequestSender - Using pooled Channel '[id: 0xec682889, L:/127.0.0.1:61838 - R:localhost/127.0.0.1:52991]' for 'POST' to 'http://localhost:52991/session/c8c36ac696ca78d104ed9da332fe022b/execute/sync'
22:26:53.313 [Forwarding getElementAttribute on session c8c36ac696ca78d104ed9da332fe022b to remote] DEBUG org.asynchttpclient.netty.request.NettyRequestSender - Using open Channel [id: 0xec682889, L:/127.0.0.1:61838 - R:localhost/127.0.0.1:52991] for POST '/session/c8c36ac696ca78d104ed9da332fe022b/execute/sync'
22:26:53.323 [AsyncHttpClient-1-9] DEBUG org.asynchttpclient.netty.handler.HttpHandler - 

Request DefaultHttpRequest(decodeResult: success, version: HTTP/1.1)
POST /session/c8c36ac696ca78d104ed9da332fe022b/execute/sync HTTP/1.1
User-Agent: selenium/4.1.2 (java windows)
Content-Length: 47339
Content-Type: application/json; charset=utf-8
host: localhost:52991
accept: */*

Response DefaultHttpResponse(decodeResult: success, version: HTTP/1.1)
HTTP/1.1 200 OK
Content-Type: application/json; charset=utf-8
cache-control: no-cache
content-length: 97

22:26:53.323 [AsyncHttpClient-1-9] DEBUG org.asynchttpclient.netty.channel.ChannelManager - Adding key: http://localhost:52991 for channel [id: 0xec682889, L:/127.0.0.1:61838 - R:localhost/127.0.0.1:52991]
22:26:53.333 [Forwarding getElementAttribute on session c8c36ac696ca78d104ed9da332fe022b to remote] DEBUG org.asynchttpclient.netty.request.NettyRequestSender - Using pooled Channel '[id: 0xec682889, L:/127.0.0.1:61838 - R:localhost/127.0.0.1:52991]' for 'POST' to 'http://localhost:52991/session/c8c36ac696ca78d104ed9da332fe022b/execute/sync'
22:26:53.333 [Forwarding getElementAttribute on session c8c36ac696ca78d104ed9da332fe022b to remote] DEBUG org.asynchttpclient.netty.request.NettyRequestSender - Using open Channel [id: 0xec682889, L:/127.0.0.1:61838 - R:localhost/127.0.0.1:52991] for POST '/session/c8c36ac696ca78d104ed9da332fe022b/execute/sync'
22:26:53.343 [AsyncHttpClient-1-9] DEBUG org.asynchttpclient.netty.handler.HttpHandler - 

Request DefaultHttpRequest(decodeResult: success, version: HTTP/1.1)
POST /session/c8c36ac696ca78d104ed9da332fe022b/execute/sync HTTP/1.1
User-Agent: selenium/4.1.2 (java windows)
Content-Length: 47339
Content-Type: application/json; charset=utf-8
host: localhost:52991
accept: */*

Response DefaultHttpResponse(decodeResult: success, version: HTTP/1.1)
HTTP/1.1 200 OK
Content-Type: application/json; charset=utf-8
cache-control: no-cache
content-length: 100

22:26:53.343 [AsyncHttpClient-1-9] DEBUG org.asynchttpclient.netty.channel.ChannelManager - Adding key: http://localhost:52991 for channel [id: 0xec682889, L:/127.0.0.1:61838 - R:localhost/127.0.0.1:52991]
22:26:53.343 [Forwarding getElementAttribute on session c8c36ac696ca78d104ed9da332fe022b to remote] DEBUG org.asynchttpclient.netty.request.NettyRequestSender - Using pooled Channel '[id: 0xec682889, L:/127.0.0.1:61838 - R:localhost/127.0.0.1:52991]' for 'POST' to 'http://localhost:52991/session/c8c36ac696ca78d104ed9da332fe022b/execute/sync'
22:26:53.343 [Forwarding getElementAttribute on session c8c36ac696ca78d104ed9da332fe022b to remote] DEBUG org.asynchttpclient.netty.request.NettyRequestSender - Using open Channel [id: 0xec682889, L:/127.0.0.1:61838 - R:localhost/127.0.0.1:52991] for POST '/session/c8c36ac696ca78d104ed9da332fe022b/execute/sync'
22:26:53.353 [AsyncHttpClient-1-9] DEBUG org.asynchttpclient.netty.handler.HttpHandler - 

Request DefaultHttpRequest(decodeResult: success, version: HTTP/1.1)
POST /session/c8c36ac696ca78d104ed9da332fe022b/execute/sync HTTP/1.1
User-Agent: selenium/4.1.2 (java windows)
Content-Length: 47339
Content-Type: application/json; charset=utf-8
host: localhost:52991
accept: */*

Response DefaultHttpResponse(decodeResult: success, version: HTTP/1.1)
HTTP/1.1 200 OK
Content-Type: application/json; charset=utf-8
cache-control: no-cache
content-length: 95

22:26:53.353 [AsyncHttpClient-1-9] DEBUG org.asynchttpclient.netty.channel.ChannelManager - Adding key: http://localhost:52991 for channel [id: 0xec682889, L:/127.0.0.1:61838 - R:localhost/127.0.0.1:52991]
22:26:53.353 [Forwarding getElementAttribute on session c8c36ac696ca78d104ed9da332fe022b to remote] DEBUG org.asynchttpclient.netty.request.NettyRequestSender - Using pooled Channel '[id: 0xec682889, L:/127.0.0.1:61838 - R:localhost/127.0.0.1:52991]' for 'POST' to 'http://localhost:52991/session/c8c36ac696ca78d104ed9da332fe022b/execute/sync'
22:26:53.353 [Forwarding getElementAttribute on session c8c36ac696ca78d104ed9da332fe022b to remote] DEBUG org.asynchttpclient.netty.request.NettyRequestSender - Using open Channel [id: 0xec682889, L:/127.0.0.1:61838 - R:localhost/127.0.0.1:52991] for POST '/session/c8c36ac696ca78d104ed9da332fe022b/execute/sync'
22:26:53.363 [AsyncHttpClient-1-9] DEBUG org.asynchttpclient.netty.handler.HttpHandler - 

Request DefaultHttpRequest(decodeResult: success, version: HTTP/1.1)
POST /session/c8c36ac696ca78d104ed9da332fe022b/execute/sync HTTP/1.1
User-Agent: selenium/4.1.2 (java windows)
Content-Length: 47339
Content-Type: application/json; charset=utf-8
host: localhost:52991
accept: */*

Response DefaultHttpResponse(decodeResult: success, version: HTTP/1.1)
HTTP/1.1 200 OK
Content-Type: application/json; charset=utf-8
cache-control: no-cache
content-length: 106

22:26:53.363 [AsyncHttpClient-1-9] DEBUG org.asynchttpclient.netty.channel.ChannelManager - Adding key: http://localhost:52991 for channel [id: 0xec682889, L:/127.0.0.1:61838 - R:localhost/127.0.0.1:52991]
22:26:53.373 [Forwarding getElementAttribute on session c8c36ac696ca78d104ed9da332fe022b to remote] DEBUG org.asynchttpclient.netty.request.NettyRequestSender - Using pooled Channel '[id: 0xec682889, L:/127.0.0.1:61838 - R:localhost/127.0.0.1:52991]' for 'POST' to 'http://localhost:52991/session/c8c36ac696ca78d104ed9da332fe022b/execute/sync'
22:26:53.373 [Forwarding getElementAttribute on session c8c36ac696ca78d104ed9da332fe022b to remote] DEBUG org.asynchttpclient.netty.request.NettyRequestSender - Using open Channel [id: 0xec682889, L:/127.0.0.1:61838 - R:localhost/127.0.0.1:52991] for POST '/session/c8c36ac696ca78d104ed9da332fe022b/execute/sync'
22:26:53.383 [AsyncHttpClient-1-9] DEBUG org.asynchttpclient.netty.handler.HttpHandler - 

Request DefaultHttpRequest(decodeResult: success, version: HTTP/1.1)
POST /session/c8c36ac696ca78d104ed9da332fe022b/execute/sync HTTP/1.1
User-Agent: selenium/4.1.2 (java windows)
Content-Length: 47339
Content-Type: application/json; charset=utf-8
host: localhost:52991
accept: */*

Response DefaultHttpResponse(decodeResult: success, version: HTTP/1.1)
HTTP/1.1 200 OK
Content-Type: application/json; charset=utf-8
cache-control: no-cache
content-length: 90

22:26:53.383 [AsyncHttpClient-1-9] DEBUG org.asynchttpclient.netty.channel.ChannelManager - Adding key: http://localhost:52991 for channel [id: 0xec682889, L:/127.0.0.1:61838 - R:localhost/127.0.0.1:52991]
22:26:53.383 [Forwarding getElementAttribute on session c8c36ac696ca78d104ed9da332fe022b to remote] DEBUG org.asynchttpclient.netty.request.NettyRequestSender - Using pooled Channel '[id: 0xec682889, L:/127.0.0.1:61838 - R:localhost/127.0.0.1:52991]' for 'POST' to 'http://localhost:52991/session/c8c36ac696ca78d104ed9da332fe022b/execute/sync'
22:26:53.383 [Forwarding getElementAttribute on session c8c36ac696ca78d104ed9da332fe022b to remote] DEBUG org.asynchttpclient.netty.request.NettyRequestSender - Using open Channel [id: 0xec682889, L:/127.0.0.1:61838 - R:localhost/127.0.0.1:52991] for POST '/session/c8c36ac696ca78d104ed9da332fe022b/execute/sync'
22:26:53.393 [AsyncHttpClient-1-9] DEBUG org.asynchttpclient.netty.handler.HttpHandler - 

Request DefaultHttpRequest(decodeResult: success, version: HTTP/1.1)
POST /session/c8c36ac696ca78d104ed9da332fe022b/execute/sync HTTP/1.1
User-Agent: selenium/4.1.2 (java windows)
Content-Length: 47339
Content-Type: application/json; charset=utf-8
host: localhost:52991
accept: */*

Response DefaultHttpResponse(decodeResult: success, version: HTTP/1.1)
HTTP/1.1 200 OK
Content-Type: application/json; charset=utf-8
cache-control: no-cache
content-length: 106

22:26:53.393 [AsyncHttpClient-1-9] DEBUG org.asynchttpclient.netty.channel.ChannelManager - Adding key: http://localhost:52991 for channel [id: 0xec682889, L:/127.0.0.1:61838 - R:localhost/127.0.0.1:52991]
22:26:53.393 [Forwarding getElementAttribute on session c8c36ac696ca78d104ed9da332fe022b to remote] DEBUG org.asynchttpclient.netty.request.NettyRequestSender - Using pooled Channel '[id: 0xec682889, L:/127.0.0.1:61838 - R:localhost/127.0.0.1:52991]' for 'POST' to 'http://localhost:52991/session/c8c36ac696ca78d104ed9da332fe022b/execute/sync'
22:26:53.393 [Forwarding getElementAttribute on session c8c36ac696ca78d104ed9da332fe022b to remote] DEBUG org.asynchttpclient.netty.request.NettyRequestSender - Using open Channel [id: 0xec682889, L:/127.0.0.1:61838 - R:localhost/127.0.0.1:52991] for POST '/session/c8c36ac696ca78d104ed9da332fe022b/execute/sync'
22:26:53.403 [AsyncHttpClient-1-9] DEBUG org.asynchttpclient.netty.handler.HttpHandler - 

Request DefaultHttpRequest(decodeResult: success, version: HTTP/1.1)
POST /session/c8c36ac696ca78d104ed9da332fe022b/execute/sync HTTP/1.1
User-Agent: selenium/4.1.2 (java windows)
Content-Length: 47339
Content-Type: application/json; charset=utf-8
host: localhost:52991
accept: */*

Response DefaultHttpResponse(decodeResult: success, version: HTTP/1.1)
HTTP/1.1 200 OK
Content-Type: application/json; charset=utf-8
cache-control: no-cache
content-length: 86

22:26:53.403 [AsyncHttpClient-1-9] DEBUG org.asynchttpclient.netty.channel.ChannelManager - Adding key: http://localhost:52991 for channel [id: 0xec682889, L:/127.0.0.1:61838 - R:localhost/127.0.0.1:52991]
22:26:53.413 [Forwarding getElementAttribute on session c8c36ac696ca78d104ed9da332fe022b to remote] DEBUG org.asynchttpclient.netty.request.NettyRequestSender - Using pooled Channel '[id: 0xec682889, L:/127.0.0.1:61838 - R:localhost/127.0.0.1:52991]' for 'POST' to 'http://localhost:52991/session/c8c36ac696ca78d104ed9da332fe022b/execute/sync'
22:26:53.413 [Forwarding getElementAttribute on session c8c36ac696ca78d104ed9da332fe022b to remote] DEBUG org.asynchttpclient.netty.request.NettyRequestSender - Using open Channel [id: 0xec682889, L:/127.0.0.1:61838 - R:localhost/127.0.0.1:52991] for POST '/session/c8c36ac696ca78d104ed9da332fe022b/execute/sync'
22:26:53.413 [AsyncHttpClient-1-9] DEBUG org.asynchttpclient.netty.handler.HttpHandler - 

Request DefaultHttpRequest(decodeResult: success, version: HTTP/1.1)
POST /session/c8c36ac696ca78d104ed9da332fe022b/execute/sync HTTP/1.1
User-Agent: selenium/4.1.2 (java windows)
Content-Length: 47339
Content-Type: application/json; charset=utf-8
host: localhost:52991
accept: */*

Response DefaultHttpResponse(decodeResult: success, version: HTTP/1.1)
HTTP/1.1 200 OK
Content-Type: application/json; charset=utf-8
cache-control: no-cache
content-length: 99

22:26:53.413 [AsyncHttpClient-1-9] DEBUG org.asynchttpclient.netty.channel.ChannelManager - Adding key: http://localhost:52991 for channel [id: 0xec682889, L:/127.0.0.1:61838 - R:localhost/127.0.0.1:52991]
22:26:53.423 [Forwarding getElementAttribute on session c8c36ac696ca78d104ed9da332fe022b to remote] DEBUG org.asynchttpclient.netty.request.NettyRequestSender - Using pooled Channel '[id: 0xec682889, L:/127.0.0.1:61838 - R:localhost/127.0.0.1:52991]' for 'POST' to 'http://localhost:52991/session/c8c36ac696ca78d104ed9da332fe022b/execute/sync'
22:26:53.423 [Forwarding getElementAttribute on session c8c36ac696ca78d104ed9da332fe022b to remote] DEBUG org.asynchttpclient.netty.request.NettyRequestSender - Using open Channel [id: 0xec682889, L:/127.0.0.1:61838 - R:localhost/127.0.0.1:52991] for POST '/session/c8c36ac696ca78d104ed9da332fe022b/execute/sync'
22:26:53.433 [AsyncHttpClient-1-9] DEBUG org.asynchttpclient.netty.handler.HttpHandler - 

Request DefaultHttpRequest(decodeResult: success, version: HTTP/1.1)
POST /session/c8c36ac696ca78d104ed9da332fe022b/execute/sync HTTP/1.1
User-Agent: selenium/4.1.2 (java windows)
Content-Length: 47339
Content-Type: application/json; charset=utf-8
host: localhost:52991
accept: */*

Response DefaultHttpResponse(decodeResult: success, version: HTTP/1.1)
HTTP/1.1 200 OK
Content-Type: application/json; charset=utf-8
cache-control: no-cache
content-length: 96

22:26:53.433 [AsyncHttpClient-1-9] DEBUG org.asynchttpclient.netty.channel.ChannelManager - Adding key: http://localhost:52991 for channel [id: 0xec682889, L:/127.0.0.1:61838 - R:localhost/127.0.0.1:52991]
22:26:53.433 [Forwarding getElementAttribute on session c8c36ac696ca78d104ed9da332fe022b to remote] DEBUG org.asynchttpclient.netty.request.NettyRequestSender - Using pooled Channel '[id: 0xec682889, L:/127.0.0.1:61838 - R:localhost/127.0.0.1:52991]' for 'POST' to 'http://localhost:52991/session/c8c36ac696ca78d104ed9da332fe022b/execute/sync'
22:26:53.433 [Forwarding getElementAttribute on session c8c36ac696ca78d104ed9da332fe022b to remote] DEBUG org.asynchttpclient.netty.request.NettyRequestSender - Using open Channel [id: 0xec682889, L:/127.0.0.1:61838 - R:localhost/127.0.0.1:52991] for POST '/session/c8c36ac696ca78d104ed9da332fe022b/execute/sync'
22:26:53.443 [AsyncHttpClient-1-9] DEBUG org.asynchttpclient.netty.handler.HttpHandler - 

Request DefaultHttpRequest(decodeResult: success, version: HTTP/1.1)
POST /session/c8c36ac696ca78d104ed9da332fe022b/execute/sync HTTP/1.1
User-Agent: selenium/4.1.2 (java windows)
Content-Length: 47339
Content-Type: application/json; charset=utf-8
host: localhost:52991
accept: */*

Response DefaultHttpResponse(decodeResult: success, version: HTTP/1.1)
HTTP/1.1 200 OK
Content-Type: application/json; charset=utf-8
cache-control: no-cache
content-length: 102

22:26:53.443 [AsyncHttpClient-1-9] DEBUG org.asynchttpclient.netty.channel.ChannelManager - Adding key: http://localhost:52991 for channel [id: 0xec682889, L:/127.0.0.1:61838 - R:localhost/127.0.0.1:52991]
22:26:53.443 [Forwarding getElementAttribute on session c8c36ac696ca78d104ed9da332fe022b to remote] DEBUG org.asynchttpclient.netty.request.NettyRequestSender - Using pooled Channel '[id: 0xec682889, L:/127.0.0.1:61838 - R:localhost/127.0.0.1:52991]' for 'POST' to 'http://localhost:52991/session/c8c36ac696ca78d104ed9da332fe022b/execute/sync'
22:26:53.443 [Forwarding getElementAttribute on session c8c36ac696ca78d104ed9da332fe022b to remote] DEBUG org.asynchttpclient.netty.request.NettyRequestSender - Using open Channel [id: 0xec682889, L:/127.0.0.1:61838 - R:localhost/127.0.0.1:52991] for POST '/session/c8c36ac696ca78d104ed9da332fe022b/execute/sync'
22:26:53.453 [AsyncHttpClient-1-9] DEBUG org.asynchttpclient.netty.handler.HttpHandler - 

Request DefaultHttpRequest(decodeResult: success, version: HTTP/1.1)
POST /session/c8c36ac696ca78d104ed9da332fe022b/execute/sync HTTP/1.1
User-Agent: selenium/4.1.2 (java windows)
Content-Length: 47339
Content-Type: application/json; charset=utf-8
host: localhost:52991
accept: */*

Response DefaultHttpResponse(decodeResult: success, version: HTTP/1.1)
HTTP/1.1 200 OK
Content-Type: application/json; charset=utf-8
cache-control: no-cache
content-length: 115

22:26:53.453 [AsyncHttpClient-1-9] DEBUG org.asynchttpclient.netty.channel.ChannelManager - Adding key: http://localhost:52991 for channel [id: 0xec682889, L:/127.0.0.1:61838 - R:localhost/127.0.0.1:52991]
22:26:53.463 [Forwarding getElementAttribute on session c8c36ac696ca78d104ed9da332fe022b to remote] DEBUG org.asynchttpclient.netty.request.NettyRequestSender - Using pooled Channel '[id: 0xec682889, L:/127.0.0.1:61838 - R:localhost/127.0.0.1:52991]' for 'POST' to 'http://localhost:52991/session/c8c36ac696ca78d104ed9da332fe022b/execute/sync'
22:26:53.463 [Forwarding getElementAttribute on session c8c36ac696ca78d104ed9da332fe022b to remote] DEBUG org.asynchttpclient.netty.request.NettyRequestSender - Using open Channel [id: 0xec682889, L:/127.0.0.1:61838 - R:localhost/127.0.0.1:52991] for POST '/session/c8c36ac696ca78d104ed9da332fe022b/execute/sync'
22:26:53.473 [AsyncHttpClient-1-9] DEBUG org.asynchttpclient.netty.handler.HttpHandler - 

Request DefaultHttpRequest(decodeResult: success, version: HTTP/1.1)
POST /session/c8c36ac696ca78d104ed9da332fe022b/execute/sync HTTP/1.1
User-Agent: selenium/4.1.2 (java windows)
Content-Length: 47339
Content-Type: application/json; charset=utf-8
host: localhost:52991
accept: */*

Response DefaultHttpResponse(decodeResult: success, version: HTTP/1.1)
HTTP/1.1 200 OK
Content-Type: application/json; charset=utf-8
cache-control: no-cache
content-length: 99

22:26:53.473 [AsyncHttpClient-1-9] DEBUG org.asynchttpclient.netty.channel.ChannelManager - Adding key: http://localhost:52991 for channel [id: 0xec682889, L:/127.0.0.1:61838 - R:localhost/127.0.0.1:52991]
22:26:53.473 [Forwarding getElementAttribute on session c8c36ac696ca78d104ed9da332fe022b to remote] DEBUG org.asynchttpclient.netty.request.NettyRequestSender - Using pooled Channel '[id: 0xec682889, L:/127.0.0.1:61838 - R:localhost/127.0.0.1:52991]' for 'POST' to 'http://localhost:52991/session/c8c36ac696ca78d104ed9da332fe022b/execute/sync'
22:26:53.473 [Forwarding getElementAttribute on session c8c36ac696ca78d104ed9da332fe022b to remote] DEBUG org.asynchttpclient.netty.request.NettyRequestSender - Using open Channel [id: 0xec682889, L:/127.0.0.1:61838 - R:localhost/127.0.0.1:52991] for POST '/session/c8c36ac696ca78d104ed9da332fe022b/execute/sync'
22:26:53.527 [AsyncHttpClient-1-9] DEBUG org.asynchttpclient.netty.handler.HttpHandler - 

Request DefaultHttpRequest(decodeResult: success, version: HTTP/1.1)
POST /session/c8c36ac696ca78d104ed9da332fe022b/execute/sync HTTP/1.1
User-Agent: selenium/4.1.2 (java windows)
Content-Length: 47339
Content-Type: application/json; charset=utf-8
host: localhost:52991
accept: */*

Response DefaultHttpResponse(decodeResult: success, version: HTTP/1.1)
HTTP/1.1 200 OK
Content-Type: application/json; charset=utf-8
cache-control: no-cache
content-length: 116

22:26:53.527 [AsyncHttpClient-1-9] DEBUG org.asynchttpclient.netty.channel.ChannelManager - Adding key: http://localhost:52991 for channel [id: 0xec682889, L:/127.0.0.1:61838 - R:localhost/127.0.0.1:52991]
22:26:53.532 [Forwarding getElementAttribute on session c8c36ac696ca78d104ed9da332fe022b to remote] DEBUG org.asynchttpclient.netty.request.NettyRequestSender - Using pooled Channel '[id: 0xec682889, L:/127.0.0.1:61838 - R:localhost/127.0.0.1:52991]' for 'POST' to 'http://localhost:52991/session/c8c36ac696ca78d104ed9da332fe022b/execute/sync'
22:26:53.532 [Forwarding getElementAttribute on session c8c36ac696ca78d104ed9da332fe022b to remote] DEBUG org.asynchttpclient.netty.request.NettyRequestSender - Using open Channel [id: 0xec682889, L:/127.0.0.1:61838 - R:localhost/127.0.0.1:52991] for POST '/session/c8c36ac696ca78d104ed9da332fe022b/execute/sync'
22:26:53.544 [AsyncHttpClient-1-9] DEBUG org.asynchttpclient.netty.handler.HttpHandler - 

Request DefaultHttpRequest(decodeResult: success, version: HTTP/1.1)
POST /session/c8c36ac696ca78d104ed9da332fe022b/execute/sync HTTP/1.1
User-Agent: selenium/4.1.2 (java windows)
Content-Length: 47339
Content-Type: application/json; charset=utf-8
host: localhost:52991
accept: */*

Response DefaultHttpResponse(decodeResult: success, version: HTTP/1.1)
HTTP/1.1 200 OK
Content-Type: application/json; charset=utf-8
cache-control: no-cache
content-length: 87

22:26:53.544 [AsyncHttpClient-1-9] DEBUG org.asynchttpclient.netty.channel.ChannelManager - Adding key: http://localhost:52991 for channel [id: 0xec682889, L:/127.0.0.1:61838 - R:localhost/127.0.0.1:52991]
22:26:53.548 [Forwarding getElementAttribute on session c8c36ac696ca78d104ed9da332fe022b to remote] DEBUG org.asynchttpclient.netty.request.NettyRequestSender - Using pooled Channel '[id: 0xec682889, L:/127.0.0.1:61838 - R:localhost/127.0.0.1:52991]' for 'POST' to 'http://localhost:52991/session/c8c36ac696ca78d104ed9da332fe022b/execute/sync'
22:26:53.548 [Forwarding getElementAttribute on session c8c36ac696ca78d104ed9da332fe022b to remote] DEBUG org.asynchttpclient.netty.request.NettyRequestSender - Using open Channel [id: 0xec682889, L:/127.0.0.1:61838 - R:localhost/127.0.0.1:52991] for POST '/session/c8c36ac696ca78d104ed9da332fe022b/execute/sync'
22:26:53.553 [AsyncHttpClient-1-9] DEBUG org.asynchttpclient.netty.handler.HttpHandler - 

Request DefaultHttpRequest(decodeResult: success, version: HTTP/1.1)
POST /session/c8c36ac696ca78d104ed9da332fe022b/execute/sync HTTP/1.1
User-Agent: selenium/4.1.2 (java windows)
Content-Length: 47339
Content-Type: application/json; charset=utf-8
host: localhost:52991
accept: */*

Response DefaultHttpResponse(decodeResult: success, version: HTTP/1.1)
HTTP/1.1 200 OK
Content-Type: application/json; charset=utf-8
cache-control: no-cache
content-length: 95

22:26:53.553 [AsyncHttpClient-1-9] DEBUG org.asynchttpclient.netty.channel.ChannelManager - Adding key: http://localhost:52991 for channel [id: 0xec682889, L:/127.0.0.1:61838 - R:localhost/127.0.0.1:52991]
22:26:53.553 [Forwarding getElementAttribute on session c8c36ac696ca78d104ed9da332fe022b to remote] DEBUG org.asynchttpclient.netty.request.NettyRequestSender - Using pooled Channel '[id: 0xec682889, L:/127.0.0.1:61838 - R:localhost/127.0.0.1:52991]' for 'POST' to 'http://localhost:52991/session/c8c36ac696ca78d104ed9da332fe022b/execute/sync'
22:26:53.553 [Forwarding getElementAttribute on session c8c36ac696ca78d104ed9da332fe022b to remote] DEBUG org.asynchttpclient.netty.request.NettyRequestSender - Using open Channel [id: 0xec682889, L:/127.0.0.1:61838 - R:localhost/127.0.0.1:52991] for POST '/session/c8c36ac696ca78d104ed9da332fe022b/execute/sync'
22:26:53.577 [AsyncHttpClient-1-9] DEBUG org.asynchttpclient.netty.handler.HttpHandler - 

Request DefaultHttpRequest(decodeResult: success, version: HTTP/1.1)
POST /session/c8c36ac696ca78d104ed9da332fe022b/execute/sync HTTP/1.1
User-Agent: selenium/4.1.2 (java windows)
Content-Length: 47339
Content-Type: application/json; charset=utf-8
host: localhost:52991
accept: */*

Response DefaultHttpResponse(decodeResult: success, version: HTTP/1.1)
HTTP/1.1 200 OK
Content-Type: application/json; charset=utf-8
cache-control: no-cache
content-length: 98

22:26:53.578 [AsyncHttpClient-1-9] DEBUG org.asynchttpclient.netty.channel.ChannelManager - Adding key: http://localhost:52991 for channel [id: 0xec682889, L:/127.0.0.1:61838 - R:localhost/127.0.0.1:52991]
22:26:53.582 [Forwarding getElementAttribute on session c8c36ac696ca78d104ed9da332fe022b to remote] DEBUG org.asynchttpclient.netty.request.NettyRequestSender - Using pooled Channel '[id: 0xec682889, L:/127.0.0.1:61838 - R:localhost/127.0.0.1:52991]' for 'POST' to 'http://localhost:52991/session/c8c36ac696ca78d104ed9da332fe022b/execute/sync'
22:26:53.582 [Forwarding getElementAttribute on session c8c36ac696ca78d104ed9da332fe022b to remote] DEBUG org.asynchttpclient.netty.request.NettyRequestSender - Using open Channel [id: 0xec682889, L:/127.0.0.1:61838 - R:localhost/127.0.0.1:52991] for POST '/session/c8c36ac696ca78d104ed9da332fe022b/execute/sync'
22:26:53.594 [AsyncHttpClient-1-9] DEBUG org.asynchttpclient.netty.handler.HttpHandler - 

Request DefaultHttpRequest(decodeResult: success, version: HTTP/1.1)
POST /session/c8c36ac696ca78d104ed9da332fe022b/execute/sync HTTP/1.1
User-Agent: selenium/4.1.2 (java windows)
Content-Length: 47339
Content-Type: application/json; charset=utf-8
host: localhost:52991
accept: */*

Response DefaultHttpResponse(decodeResult: success, version: HTTP/1.1)
HTTP/1.1 200 OK
Content-Type: application/json; charset=utf-8
cache-control: no-cache
content-length: 93

22:26:53.594 [AsyncHttpClient-1-9] DEBUG org.asynchttpclient.netty.channel.ChannelManager - Adding key: http://localhost:52991 for channel [id: 0xec682889, L:/127.0.0.1:61838 - R:localhost/127.0.0.1:52991]
22:26:53.598 [Forwarding getElementAttribute on session c8c36ac696ca78d104ed9da332fe022b to remote] DEBUG org.asynchttpclient.netty.request.NettyRequestSender - Using pooled Channel '[id: 0xec682889, L:/127.0.0.1:61838 - R:localhost/127.0.0.1:52991]' for 'POST' to 'http://localhost:52991/session/c8c36ac696ca78d104ed9da332fe022b/execute/sync'
22:26:53.598 [Forwarding getElementAttribute on session c8c36ac696ca78d104ed9da332fe022b to remote] DEBUG org.asynchttpclient.netty.request.NettyRequestSender - Using open Channel [id: 0xec682889, L:/127.0.0.1:61838 - R:localhost/127.0.0.1:52991] for POST '/session/c8c36ac696ca78d104ed9da332fe022b/execute/sync'
22:26:53.609 [AsyncHttpClient-1-9] DEBUG org.asynchttpclient.netty.handler.HttpHandler - 

Request DefaultHttpRequest(decodeResult: success, version: HTTP/1.1)
POST /session/c8c36ac696ca78d104ed9da332fe022b/execute/sync HTTP/1.1
User-Agent: selenium/4.1.2 (java windows)
Content-Length: 47339
Content-Type: application/json; charset=utf-8
host: localhost:52991
accept: */*

Response DefaultHttpResponse(decodeResult: success, version: HTTP/1.1)
HTTP/1.1 200 OK
Content-Type: application/json; charset=utf-8
cache-control: no-cache
content-length: 108

22:26:53.609 [AsyncHttpClient-1-9] DEBUG org.asynchttpclient.netty.channel.ChannelManager - Adding key: http://localhost:52991 for channel [id: 0xec682889, L:/127.0.0.1:61838 - R:localhost/127.0.0.1:52991]
22:26:53.614 [Forwarding getElementAttribute on session c8c36ac696ca78d104ed9da332fe022b to remote] DEBUG org.asynchttpclient.netty.request.NettyRequestSender - Using pooled Channel '[id: 0xec682889, L:/127.0.0.1:61838 - R:localhost/127.0.0.1:52991]' for 'POST' to 'http://localhost:52991/session/c8c36ac696ca78d104ed9da332fe022b/execute/sync'
22:26:53.614 [Forwarding getElementAttribute on session c8c36ac696ca78d104ed9da332fe022b to remote] DEBUG org.asynchttpclient.netty.request.NettyRequestSender - Using open Channel [id: 0xec682889, L:/127.0.0.1:61838 - R:localhost/127.0.0.1:52991] for POST '/session/c8c36ac696ca78d104ed9da332fe022b/execute/sync'
22:26:53.626 [AsyncHttpClient-1-9] DEBUG org.asynchttpclient.netty.handler.HttpHandler - 

Request DefaultHttpRequest(decodeResult: success, version: HTTP/1.1)
POST /session/c8c36ac696ca78d104ed9da332fe022b/execute/sync HTTP/1.1
User-Agent: selenium/4.1.2 (java windows)
Content-Length: 47339
Content-Type: application/json; charset=utf-8
host: localhost:52991
accept: */*

Response DefaultHttpResponse(decodeResult: success, version: HTTP/1.1)
HTTP/1.1 200 OK
Content-Type: application/json; charset=utf-8
cache-control: no-cache
content-length: 96

22:26:53.626 [AsyncHttpClient-1-9] DEBUG org.asynchttpclient.netty.channel.ChannelManager - Adding key: http://localhost:52991 for channel [id: 0xec682889, L:/127.0.0.1:61838 - R:localhost/127.0.0.1:52991]
22:26:53.631 [Forwarding getElementAttribute on session c8c36ac696ca78d104ed9da332fe022b to remote] DEBUG org.asynchttpclient.netty.request.NettyRequestSender - Using pooled Channel '[id: 0xec682889, L:/127.0.0.1:61838 - R:localhost/127.0.0.1:52991]' for 'POST' to 'http://localhost:52991/session/c8c36ac696ca78d104ed9da332fe022b/execute/sync'
22:26:53.631 [Forwarding getElementAttribute on session c8c36ac696ca78d104ed9da332fe022b to remote] DEBUG org.asynchttpclient.netty.request.NettyRequestSender - Using open Channel [id: 0xec682889, L:/127.0.0.1:61838 - R:localhost/127.0.0.1:52991] for POST '/session/c8c36ac696ca78d104ed9da332fe022b/execute/sync'
22:26:53.643 [AsyncHttpClient-1-9] DEBUG org.asynchttpclient.netty.handler.HttpHandler - 

Request DefaultHttpRequest(decodeResult: success, version: HTTP/1.1)
POST /session/c8c36ac696ca78d104ed9da332fe022b/execute/sync HTTP/1.1
User-Agent: selenium/4.1.2 (java windows)
Content-Length: 47339
Content-Type: application/json; charset=utf-8
host: localhost:52991
accept: */*

Response DefaultHttpResponse(decodeResult: success, version: HTTP/1.1)
HTTP/1.1 200 OK
Content-Type: application/json; charset=utf-8
cache-control: no-cache
content-length: 110

22:26:53.643 [AsyncHttpClient-1-9] DEBUG org.asynchttpclient.netty.channel.ChannelManager - Adding key: http://localhost:52991 for channel [id: 0xec682889, L:/127.0.0.1:61838 - R:localhost/127.0.0.1:52991]
22:26:53.646 [Forwarding getElementAttribute on session c8c36ac696ca78d104ed9da332fe022b to remote] DEBUG org.asynchttpclient.netty.request.NettyRequestSender - Using pooled Channel '[id: 0xec682889, L:/127.0.0.1:61838 - R:localhost/127.0.0.1:52991]' for 'POST' to 'http://localhost:52991/session/c8c36ac696ca78d104ed9da332fe022b/execute/sync'
22:26:53.646 [Forwarding getElementAttribute on session c8c36ac696ca78d104ed9da332fe022b to remote] DEBUG org.asynchttpclient.netty.request.NettyRequestSender - Using open Channel [id: 0xec682889, L:/127.0.0.1:61838 - R:localhost/127.0.0.1:52991] for POST '/session/c8c36ac696ca78d104ed9da332fe022b/execute/sync'
22:26:53.658 [AsyncHttpClient-1-9] DEBUG org.asynchttpclient.netty.handler.HttpHandler - 

Request DefaultHttpRequest(decodeResult: success, version: HTTP/1.1)
POST /session/c8c36ac696ca78d104ed9da332fe022b/execute/sync HTTP/1.1
User-Agent: selenium/4.1.2 (java windows)
Content-Length: 47339
Content-Type: application/json; charset=utf-8
host: localhost:52991
accept: */*

Response DefaultHttpResponse(decodeResult: success, version: HTTP/1.1)
HTTP/1.1 200 OK
Content-Type: application/json; charset=utf-8
cache-control: no-cache
content-length: 88

22:26:53.658 [AsyncHttpClient-1-9] DEBUG org.asynchttpclient.netty.channel.ChannelManager - Adding key: http://localhost:52991 for channel [id: 0xec682889, L:/127.0.0.1:61838 - R:localhost/127.0.0.1:52991]
22:26:53.661 [Forwarding getElementAttribute on session c8c36ac696ca78d104ed9da332fe022b to remote] DEBUG org.asynchttpclient.netty.request.NettyRequestSender - Using pooled Channel '[id: 0xec682889, L:/127.0.0.1:61838 - R:localhost/127.0.0.1:52991]' for 'POST' to 'http://localhost:52991/session/c8c36ac696ca78d104ed9da332fe022b/execute/sync'
22:26:53.661 [Forwarding getElementAttribute on session c8c36ac696ca78d104ed9da332fe022b to remote] DEBUG org.asynchttpclient.netty.request.NettyRequestSender - Using open Channel [id: 0xec682889, L:/127.0.0.1:61838 - R:localhost/127.0.0.1:52991] for POST '/session/c8c36ac696ca78d104ed9da332fe022b/execute/sync'
22:26:53.674 [AsyncHttpClient-1-9] DEBUG org.asynchttpclient.netty.handler.HttpHandler - 

Request DefaultHttpRequest(decodeResult: success, version: HTTP/1.1)
POST /session/c8c36ac696ca78d104ed9da332fe022b/execute/sync HTTP/1.1
User-Agent: selenium/4.1.2 (java windows)
Content-Length: 47339
Content-Type: application/json; charset=utf-8
host: localhost:52991
accept: */*

Response DefaultHttpResponse(decodeResult: success, version: HTTP/1.1)
HTTP/1.1 200 OK
Content-Type: application/json; charset=utf-8
cache-control: no-cache
content-length: 124

22:26:53.674 [AsyncHttpClient-1-9] DEBUG org.asynchttpclient.netty.channel.ChannelManager - Adding key: http://localhost:52991 for channel [id: 0xec682889, L:/127.0.0.1:61838 - R:localhost/127.0.0.1:52991]
22:26:53.678 [Forwarding getElementAttribute on session c8c36ac696ca78d104ed9da332fe022b to remote] DEBUG org.asynchttpclient.netty.request.NettyRequestSender - Using pooled Channel '[id: 0xec682889, L:/127.0.0.1:61838 - R:localhost/127.0.0.1:52991]' for 'POST' to 'http://localhost:52991/session/c8c36ac696ca78d104ed9da332fe022b/execute/sync'
22:26:53.678 [Forwarding getElementAttribute on session c8c36ac696ca78d104ed9da332fe022b to remote] DEBUG org.asynchttpclient.netty.request.NettyRequestSender - Using open Channel [id: 0xec682889, L:/127.0.0.1:61838 - R:localhost/127.0.0.1:52991] for POST '/session/c8c36ac696ca78d104ed9da332fe022b/execute/sync'
22:26:53.690 [AsyncHttpClient-1-9] DEBUG org.asynchttpclient.netty.handler.HttpHandler - 

Request DefaultHttpRequest(decodeResult: success, version: HTTP/1.1)
POST /session/c8c36ac696ca78d104ed9da332fe022b/execute/sync HTTP/1.1
User-Agent: selenium/4.1.2 (java windows)
Content-Length: 47339
Content-Type: application/json; charset=utf-8
host: localhost:52991
accept: */*

Response DefaultHttpResponse(decodeResult: success, version: HTTP/1.1)
HTTP/1.1 200 OK
Content-Type: application/json; charset=utf-8
cache-control: no-cache
content-length: 98

22:26:53.690 [AsyncHttpClient-1-9] DEBUG org.asynchttpclient.netty.channel.ChannelManager - Adding key: http://localhost:52991 for channel [id: 0xec682889, L:/127.0.0.1:61838 - R:localhost/127.0.0.1:52991]
22:26:53.695 [Forwarding getElementAttribute on session c8c36ac696ca78d104ed9da332fe022b to remote] DEBUG org.asynchttpclient.netty.request.NettyRequestSender - Using pooled Channel '[id: 0xec682889, L:/127.0.0.1:61838 - R:localhost/127.0.0.1:52991]' for 'POST' to 'http://localhost:52991/session/c8c36ac696ca78d104ed9da332fe022b/execute/sync'
22:26:53.695 [Forwarding getElementAttribute on session c8c36ac696ca78d104ed9da332fe022b to remote] DEBUG org.asynchttpclient.netty.request.NettyRequestSender - Using open Channel [id: 0xec682889, L:/127.0.0.1:61838 - R:localhost/127.0.0.1:52991] for POST '/session/c8c36ac696ca78d104ed9da332fe022b/execute/sync'
22:26:53.708 [AsyncHttpClient-1-9] DEBUG org.asynchttpclient.netty.handler.HttpHandler - 

Request DefaultHttpRequest(decodeResult: success, version: HTTP/1.1)
POST /session/c8c36ac696ca78d104ed9da332fe022b/execute/sync HTTP/1.1
User-Agent: selenium/4.1.2 (java windows)
Content-Length: 47339
Content-Type: application/json; charset=utf-8
host: localhost:52991
accept: */*

Response DefaultHttpResponse(decodeResult: success, version: HTTP/1.1)
HTTP/1.1 200 OK
Content-Type: application/json; charset=utf-8
cache-control: no-cache
content-length: 100

22:26:53.708 [AsyncHttpClient-1-9] DEBUG org.asynchttpclient.netty.channel.ChannelManager - Adding key: http://localhost:52991 for channel [id: 0xec682889, L:/127.0.0.1:61838 - R:localhost/127.0.0.1:52991]
22:26:53.712 [Forwarding getElementAttribute on session c8c36ac696ca78d104ed9da332fe022b to remote] DEBUG org.asynchttpclient.netty.request.NettyRequestSender - Using pooled Channel '[id: 0xec682889, L:/127.0.0.1:61838 - R:localhost/127.0.0.1:52991]' for 'POST' to 'http://localhost:52991/session/c8c36ac696ca78d104ed9da332fe022b/execute/sync'
22:26:53.712 [Forwarding getElementAttribute on session c8c36ac696ca78d104ed9da332fe022b to remote] DEBUG org.asynchttpclient.netty.request.NettyRequestSender - Using open Channel [id: 0xec682889, L:/127.0.0.1:61838 - R:localhost/127.0.0.1:52991] for POST '/session/c8c36ac696ca78d104ed9da332fe022b/execute/sync'
22:26:53.733 [AsyncHttpClient-1-9] DEBUG org.asynchttpclient.netty.handler.HttpHandler - 

Request DefaultHttpRequest(decodeResult: success, version: HTTP/1.1)
POST /session/c8c36ac696ca78d104ed9da332fe022b/execute/sync HTTP/1.1
User-Agent: selenium/4.1.2 (java windows)
Content-Length: 47339
Content-Type: application/json; charset=utf-8
host: localhost:52991
accept: */*

Response DefaultHttpResponse(decodeResult: success, version: HTTP/1.1)
HTTP/1.1 200 OK
Content-Type: application/json; charset=utf-8
cache-control: no-cache
content-length: 101

22:26:53.733 [AsyncHttpClient-1-9] DEBUG org.asynchttpclient.netty.channel.ChannelManager - Adding key: http://localhost:52991 for channel [id: 0xec682889, L:/127.0.0.1:61838 - R:localhost/127.0.0.1:52991]
22:26:53.905 [main] DEBUG net.thucydides.core.steps.StepInterceptor - STARTING STEP: CampaignsStepDefinitions.userObtainsCampaignsList - {0} should see #description
22:26:53.993 [Forwarding screenshot on session c8c36ac696ca78d104ed9da332fe022b to remote] DEBUG org.asynchttpclient.netty.request.NettyRequestSender - Using pooled Channel '[id: 0xec682889, L:/127.0.0.1:61838 - R:localhost/127.0.0.1:52991]' for 'GET' to 'http://localhost:52991/session/c8c36ac696ca78d104ed9da332fe022b/screenshot'
22:26:53.993 [Forwarding screenshot on session c8c36ac696ca78d104ed9da332fe022b to remote] DEBUG org.asynchttpclient.netty.request.NettyRequestSender - Using open Channel [id: 0xec682889, L:/127.0.0.1:61838 - R:localhost/127.0.0.1:52991] for GET '/session/c8c36ac696ca78d104ed9da332fe022b/screenshot'
22:26:54.389 [AsyncHttpClient-1-1] DEBUG org.asynchttpclient.netty.channel.DefaultChannelPool - Entry count for : http://localhost:61839 : 1
22:26:54.549 [AsyncHttpClient-1-9] DEBUG org.asynchttpclient.netty.handler.HttpHandler - 

Request DefaultFullHttpRequest(decodeResult: success, version: HTTP/1.1, content: EmptyByteBufBE)
GET /session/c8c36ac696ca78d104ed9da332fe022b/screenshot HTTP/1.1
User-Agent: selenium/4.1.2 (java windows)
Cache-Control: no-cache
Content-Type: application/json; charset=utf-8
host: localhost:52991
accept: */*

Response DefaultHttpResponse(decodeResult: success, version: HTTP/1.1)
HTTP/1.1 200 OK
Content-Type: application/json; charset=utf-8
cache-control: no-cache
content-length: 1489584

22:26:54.549 [AsyncHttpClient-1-9] DEBUG org.asynchttpclient.netty.channel.ChannelManager - Adding key: http://localhost:52991 for channel [id: 0xec682889, L:/127.0.0.1:61838 - R:localhost/127.0.0.1:52991]
22:26:54.592 [main] DEBUG net.serenitybdd.core.photography.Darkroom - Send negative for processing for target\site\serenity\5bc361c3ba9d2b4fbfe27d52423efff5d28dc3caeef891228c60a19eec4c12f9.png
22:26:54.592 [main] DEBUG net.thucydides.core.steps.StepInterceptor - STEP DONE: {0} should see #description
22:26:54.592 [Darkroom Processing Line] DEBUG net.serenitybdd.core.photography.DarkroomProcessingLine - Processing screenshot image in /var/screenshots/screenshot-9368515185797276104
22:26:54.592 [Darkroom Processing Line] DEBUG net.serenitybdd.core.photography.DarkroomProcessingLine - Saving screenshot to target\site\serenity\5bc361c3ba9d2b4fbfe27d52423efff5d28dc3caeef891228c60a19eec4c12f9.png
22:26:54.596 [Forwarding getCurrentUrl on session c8c36ac696ca78d104ed9da332fe022b to remote] DEBUG org.asynchttpclient.netty.request.NettyRequestSender - Using pooled Channel '[id: 0xec682889, L:/127.0.0.1:61838 - R:localhost/127.0.0.1:52991]' for 'GET' to 'http://localhost:52991/session/c8c36ac696ca78d104ed9da332fe022b/url'
22:26:54.596 [Forwarding getCurrentUrl on session c8c36ac696ca78d104ed9da332fe022b to remote] DEBUG org.asynchttpclient.netty.request.NettyRequestSender - Using open Channel [id: 0xec682889, L:/127.0.0.1:61838 - R:localhost/127.0.0.1:52991] for GET '/session/c8c36ac696ca78d104ed9da332fe022b/url'
22:26:54.598 [AsyncHttpClient-1-9] DEBUG org.asynchttpclient.netty.handler.HttpHandler - 

Request DefaultFullHttpRequest(decodeResult: success, version: HTTP/1.1, content: EmptyByteBufBE)
GET /session/c8c36ac696ca78d104ed9da332fe022b/url HTTP/1.1
User-Agent: selenium/4.1.2 (java windows)
Cache-Control: no-cache
Content-Type: application/json; charset=utf-8
host: localhost:52991
accept: */*

Response DefaultHttpResponse(decodeResult: success, version: HTTP/1.1)
HTTP/1.1 200 OK
Content-Type: application/json; charset=utf-8
cache-control: no-cache
content-length: 57

22:26:54.598 [AsyncHttpClient-1-9] DEBUG org.asynchttpclient.netty.channel.ChannelManager - Adding key: http://localhost:52991 for channel [id: 0xec682889, L:/127.0.0.1:61838 - R:localhost/127.0.0.1:52991]
22:26:54.598 [main] DEBUG net.thucydides.core.steps.StepInterceptor - STARTING STEP: CampaignsStepDefinitions.userObtainsCampaignsList - {0} should see #description
22:26:54.608 [main] DEBUG net.thucydides.core.steps.StepInterceptor - STEP DONE: {0} should see #description
22:26:54.608 [AsyncHttpClient-1-3] DEBUG org.asynchttpclient.netty.handler.WebSocketHandler - Channel Closed: [id: 0x67cf579c, L:/127.0.0.1:61846 ! R:localhost/127.0.0.1:61839] with attribute NettyResponseFuture{currentRetry=5,
	isDone=1,
	isCancelled=0,
	asyncHandler=org.asynchttpclient.ws.WebSocketUpgradeHandler@2e4a4fb4,
	nettyRequest=org.asynchttpclient.netty.request.NettyRequest@3967a61a,
	future=java.util.concurrent.CompletableFuture@789e0a88[Completed normally],
	uri=ws://localhost:61839/devtools/browser/f00b5df7-8de6-452c-8000-1d7a99d13a8e,
	keepAlive=true,
	redirectCount=0,
	timeoutsHolder=null,
	inAuth=0,
	touch=1644089203891}
22:26:54.608 [Driver Command Executor] DEBUG org.asynchttpclient.netty.request.NettyRequestSender - Using pooled Channel '[id: 0xec682889, L:/127.0.0.1:61838 - R:localhost/127.0.0.1:52991]' for 'DELETE' to 'http://localhost:52991/session/c8c36ac696ca78d104ed9da332fe022b'
22:26:54.608 [AsyncHttpClient-1-3] DEBUG org.asynchttpclient.netty.channel.ChannelManager - Closing Channel [id: 0x67cf579c, L:/127.0.0.1:61846 ! R:localhost/127.0.0.1:61839] 
22:26:54.608 [Driver Command Executor] DEBUG org.asynchttpclient.netty.request.NettyRequestSender - Using open Channel [id: 0xec682889, L:/127.0.0.1:61838 - R:localhost/127.0.0.1:52991] for DELETE '/session/c8c36ac696ca78d104ed9da332fe022b'
22:26:54.777 [AsyncHttpClient-1-2] DEBUG org.asynchttpclient.netty.handler.HttpHandler - Unexpected I/O exception on channel [id: 0xfe7d6d79, L:/127.0.0.1:61845 - R:localhost/127.0.0.1:61839]
java.net.SocketException: Connection reset
	at java.base/sun.nio.ch.SocketChannelImpl.throwConnectionReset(SocketChannelImpl.java:394)
	at java.base/sun.nio.ch.SocketChannelImpl.read(SocketChannelImpl.java:426)
	at io.netty.buffer.PooledByteBuf.setBytes(PooledByteBuf.java:258)
	at io.netty.buffer.AbstractByteBuf.writeBytes(AbstractByteBuf.java:1132)
	at io.netty.channel.socket.nio.NioSocketChannel.doReadBytes(NioSocketChannel.java:350)
	at io.netty.channel.nio.AbstractNioByteChannel$NioByteUnsafe.read(AbstractNioByteChannel.java:151)
	at io.netty.channel.nio.NioEventLoop.processSelectedKey(NioEventLoop.java:722)
	at io.netty.channel.nio.NioEventLoop.processSelectedKeysOptimized(NioEventLoop.java:658)
	at io.netty.channel.nio.NioEventLoop.processSelectedKeys(NioEventLoop.java:584)
	at io.netty.channel.nio.NioEventLoop.run(NioEventLoop.java:496)
	at io.netty.util.concurrent.SingleThreadEventExecutor$4.run(SingleThreadEventExecutor.java:986)
	at io.netty.util.internal.ThreadExecutorMap$2.run(ThreadExecutorMap.java:74)
	at io.netty.util.concurrent.FastThreadLocalRunnable.run(FastThreadLocalRunnable.java:30)
	at java.base/java.lang.Thread.run(Thread.java:833)
22:26:54.777 [AsyncHttpClient-1-2] DEBUG org.asynchttpclient.netty.channel.ChannelManager - Closing Channel [id: 0xfe7d6d79, L:/127.0.0.1:61845 - R:localhost/127.0.0.1:61839] 
22:26:54.778 [AsyncHttpClient-1-2] DEBUG org.asynchttpclient.netty.handler.HttpHandler - Channel Closed: [id: 0xfe7d6d79, L:/127.0.0.1:61845 ! R:localhost/127.0.0.1:61839] with attribute DISCARD
22:26:54.800 [AsyncHttpClient-1-9] DEBUG org.asynchttpclient.netty.handler.HttpHandler - 

Request DefaultFullHttpRequest(decodeResult: success, version: HTTP/1.1, content: EmptyByteBufBE)
DELETE /session/c8c36ac696ca78d104ed9da332fe022b HTTP/1.1
User-Agent: selenium/4.1.2 (java windows)
Content-Type: application/json; charset=utf-8
host: localhost:52991
accept: */*

Response DefaultHttpResponse(decodeResult: success, version: HTTP/1.1)
HTTP/1.1 200 OK
Content-Type: application/json; charset=utf-8
cache-control: no-cache
content-length: 14

22:26:54.800 [AsyncHttpClient-1-9] DEBUG org.asynchttpclient.netty.channel.ChannelManager - Adding key: http://localhost:52991 for channel [id: 0xec682889, L:/127.0.0.1:61838 - R:localhost/127.0.0.1:52991]
22:26:54.872 [AsyncHttpClient-1-9] DEBUG org.asynchttpclient.netty.handler.HttpHandler - Channel Closed: [id: 0xec682889, L:/127.0.0.1:61838 ! R:localhost/127.0.0.1:52991] with attribute DISCARD
  &amp#27;[32mThen &amp#27;[0m&amp#27;[32muser sees the &amp#27;[0m&amp#27;[32m&amp#27;[1m"mucevher-saat"&amp#27;[0m&amp#27;[32m campaigns list&amp#27;[0m                         &amp#27;[90m# stepdefinitions.CampaignsStepDefinitions.userObtainsCampaignsList(java.lang.String)&amp#27;[0m
]]></system-out>
    <system-err><![CDATA[Starting ChromeDriver 97.0.4692.71 (adefa7837d02a07a604c1e6eff0b3a09422ab88d-refs/branch-heads/4692@{#1247}) on port 52991
Only local connections are allowed.
Please see https://chromedriver.chromium.org/security-considerations for suggestions on keeping ChromeDriver safe.
ChromeDriver was started successfully.
Feb 05, 2022 10:26:43 PM org.openqa.selenium.remote.ProtocolHandshake createSession
INFO: Detected dialect: W3C
Feb 05, 2022 10:26:43 PM org.openqa.selenium.devtools.CdpVersionFinder findNearestMatch
INFO: Found exact CDP implementation for version 97
]]></system-err>
  </testcase>
  <testcase name="User clicks on category and obtains the list of campaigns #7" classname="List all campaigns" time="13.393">
    <system-out><![CDATA[
Scenario Outline: User clicks on category and obtains the list of campaigns &amp#27;[90m# src/test/resources/features/campaigns.feature:14&amp#27;[0m
22:26:54.972 [main] INFO io.cucumber.core.plugin.SerenityReporter - Running feature from file:///C:/Users/yasemin/Desktop/n11-bootcamp/n11TestAutomationCase1/src/test/resources/features/campaigns.feature
22:26:54.985 [main] DEBUG net.thucydides.core.steps.StepInterceptor - STARTING STEP: CampaignsStepDefinitions.userOpensThePage - !#title
22:26:54.994 [main] DEBUG net.thucydides.core.steps.StepInterceptor - STARTING STEP: CampaignsStepDefinitions.userOpensThePage - {0} opens the #targetPageName
22:26:54.994 [main] INFO net.serenitybdd.core.webdriver.driverproviders.ChromeDriverProvider - Using automatically driver download
22:26:55.163 [main] DEBUG io.github.bonigarcia.wdm.cache.ResolutionCache - Resolution chrome=97 in cache (valid until 22:28:40 05/02/2022 TRT)
22:26:55.163 [main] DEBUG io.github.bonigarcia.wdm.cache.ResolutionCache - Resolution chrome97=97.0.4692.71 in cache (valid until 00:08:14 06/02/2022 TRT)
22:26:55.163 [main] INFO io.github.bonigarcia.wdm.WebDriverManager - Using chromedriver 97.0.4692.71 (resolved driver for Chrome 97)
22:26:55.173 [main] DEBUG io.github.bonigarcia.wdm.WebDriverManager - Driver chromedriver 97.0.4692.71 found in cache
22:26:55.173 [main] INFO io.github.bonigarcia.wdm.WebDriverManager - Exporting webdriver.chrome.driver as C:\Users\yasemin\.cache\selenium\chromedriver\win32\97.0.4692.71\chromedriver.exe
22:26:55.480 [AsyncHttpClient-1-1] DEBUG org.asynchttpclient.netty.channel.DefaultChannelPool - Entry count for : http://localhost:52991 : 1
22:26:55.480 [AsyncHttpClient-1-1] DEBUG org.asynchttpclient.netty.channel.DefaultChannelPool - Entry count for : http://localhost:61839 : 1
22:26:55.480 [AsyncHttpClient-1-1] DEBUG org.asynchttpclient.netty.channel.DefaultChannelPool - Adding Candidate expired Channel [id: 0xec682889, L:/127.0.0.1:61838 ! R:localhost/127.0.0.1:52991] isIdleTimeoutExpired=false isRemotelyClosed=true isTtlExpired=false
22:26:55.480 [AsyncHttpClient-1-1] DEBUG org.asynchttpclient.netty.channel.DefaultChannelPool - Closing Idle Channel [id: 0xec682889, L:/127.0.0.1:61838 ! R:localhost/127.0.0.1:52991]
22:26:55.480 [AsyncHttpClient-1-1] DEBUG org.asynchttpclient.netty.channel.DefaultChannelPool - Adding Candidate expired Channel [id: 0xfe7d6d79, L:/127.0.0.1:61845 ! R:localhost/127.0.0.1:61839] isIdleTimeoutExpired=false isRemotelyClosed=true isTtlExpired=false
22:26:55.480 [AsyncHttpClient-1-1] DEBUG org.asynchttpclient.netty.channel.DefaultChannelPool - Closing Idle Channel [id: 0xfe7d6d79, L:/127.0.0.1:61845 ! R:localhost/127.0.0.1:61839]
22:26:55.480 [AsyncHttpClient-1-1] DEBUG org.asynchttpclient.netty.channel.DefaultChannelPool - Closed 2 connections out of 2 in 0 ms
22:26:56.850 [main] DEBUG net.thucydides.core.reflection.ClassFinder - Could not load class .pages.CampaignPage
22:26:56.850 [main] DEBUG net.thucydides.core.reflection.ClassFinder - Could not load class .pages.N11CampaignsMainPage
22:26:56.850 [main] DEBUG net.thucydides.core.reflection.ClassFinder - Could not load class .questions.CheckDriver
22:26:56.850 [main] DEBUG net.thucydides.core.reflection.ClassFinder - Could not load class .runners.CucumberRunner
22:26:56.850 [main] DEBUG net.thucydides.core.reflection.ClassFinder - Could not load class .stepdefinitions.CampaignsStepDefinitions
22:26:56.850 [main] DEBUG net.thucydides.core.reflection.ClassFinder - Could not load class .tasks.CheckNumOfCampaigns
22:26:56.850 [main] DEBUG net.thucydides.core.reflection.ClassFinder - Could not load class .tasks.ClickCategory
22:26:56.850 [main] DEBUG net.thucydides.core.reflection.ClassFinder - Could not load class .tasks.NavigateTo
22:26:56.850 [main] DEBUG net.thucydides.core.reflection.ClassFinder - Could not load class .tasks.WriteURLsExcel
22:26:56.850 [main] DEBUG net.thucydides.core.reflection.ClassFinder - Could not load class META-INF.versions.9.com.sun.istack.logging.StackHelper
22:26:56.850 [main] DEBUG net.thucydides.core.reflection.ClassFinder - Could not load class META-INF.versions.9.com.sun.xml.bind.v2.runtime.reflect.opt.AccessorInjector
22:26:56.850 [main] DEBUG net.thucydides.core.reflection.ClassFinder - Could not load class META-INF.versions.9.com.sun.xml.bind.v2.runtime.reflect.opt.Injector
22:26:56.850 [main] DEBUG net.thucydides.core.reflection.ClassFinder - Could not load class META-INF.versions.9.com.sun.xml.bind.v2.runtime.reflect.opt.OptimizedAccessorFactory
22:26:56.850 [main] DEBUG net.thucydides.core.reflection.ClassFinder - Could not load class META-INF.versions.9.com.sun.xml.bind.v2.runtime.reflect.opt.OptimizedTransducedAccessorFactory
22:26:56.850 [main] DEBUG net.thucydides.core.reflection.ClassFinder - Could not load class META-INF.versions.9.io.opentelemetry.sdk.internal.CurrentJavaVersionSpecific
22:26:56.850 [main] DEBUG net.thucydides.core.reflection.ClassFinder - Could not load class META-INF.versions.9.io.opentelemetry.sdk.internal.Java9VersionSpecific
22:26:56.850 [main] DEBUG net.thucydides.core.reflection.ClassFinder - Could not load class META-INF.versions.9.javax.xml.bind.ModuleUtil
22:26:56.850 [main] DEBUG net.thucydides.core.reflection.ClassFinder - Could not load class META-INF.versions.9.module-info
22:26:56.850 [main] DEBUG net.thucydides.core.reflection.ClassFinder - Could not load class META-INF.versions.9.org.apache.logging.log4j.util.Base64Util
22:26:56.850 [main] DEBUG net.thucydides.core.reflection.ClassFinder - Could not load class META-INF.versions.9.org.apache.logging.log4j.util.ProcessIdUtil
22:26:56.850 [main] DEBUG net.thucydides.core.reflection.ClassFinder - Could not load class META-INF.versions.9.org.apache.logging.log4j.util.StackLocator
22:26:56.850 [main] DEBUG net.thucydides.core.reflection.ClassFinder - Could not load class META-INF.versions.9.org.apache.logging.log4j.util.internal.DefaultObjectInputFilter
22:26:56.860 [main] DEBUG net.thucydides.core.reflection.ClassFinder - Could not load class META-INF.versions.9.org.apache.xmlbeans.impl.tool.MavenPluginResolver
22:26:56.860 [main] DEBUG net.thucydides.core.reflection.ClassFinder - Could not load class META-INF.versions.9.org.junit.platform.commons.util.ModuleUtils
22:26:56.860 [main] DEBUG net.thucydides.core.reflection.ClassFinder - Could not load class com.microsoft.schemas.office.office.STOLEUpdateMode
22:26:56.860 [main] DEBUG net.thucydides.core.reflection.ClassFinder - Could not load class com.microsoft.schemas.office.office.STScreenSize
22:26:56.860 [main] DEBUG net.thucydides.core.reflection.ClassFinder - Could not load class com.microsoft.schemas.office.visio.x2012.main.SheetType
22:26:56.860 [main] DEBUG net.thucydides.core.reflection.ClassFinder - Could not load class com.microsoft.schemas.office.word.STHorizontalAnchor
22:26:56.860 [main] DEBUG net.thucydides.core.reflection.ClassFinder - Could not load class com.microsoft.schemas.office.word.STVerticalAnchor
22:26:56.860 [main] DEBUG net.thucydides.core.reflection.ClassFinder - Could not load class com.microsoft.schemas.office.word.STWrapSide
22:26:56.860 [main] DEBUG net.thucydides.core.reflection.ClassFinder - Could not load class com.microsoft.schemas.vml.STImageAspect
22:26:56.860 [main] DEBUG net.thucydides.core.reflection.ClassFinder - Could not load class com.microsoft.schemas.vml.STStrokeArrowLength
22:26:56.860 [main] DEBUG net.thucydides.core.reflection.ClassFinder - Could not load class com.microsoft.schemas.vml.STStrokeArrowWidth
22:26:56.860 [main] DEBUG net.thucydides.core.reflection.ClassFinder - Could not load class com.microsoft.schemas.vml.STStrokeEndCap
22:26:56.860 [main] DEBUG net.thucydides.core.reflection.ClassFinder - Could not load class com.microsoft.schemas.vml.STStrokeLineStyle
22:26:56.860 [main] DEBUG net.thucydides.core.reflection.ClassFinder - Could not load class com.sun.xml.bind.v2.runtime.output.FastInfosetStreamWriterOutput
22:26:56.860 [main] DEBUG net.thucydides.core.reflection.ClassFinder - Could not load class module-info
22:26:56.870 [main] DEBUG net.thucydides.core.reflection.ClassFinder - Could not load class org.apache.logging.log4j.util.Activator
22:26:56.870 [main] DEBUG net.thucydides.core.reflection.ClassFinder - Could not load class org.apache.poi.xslf.draw.SVGImageRenderer
22:26:56.870 [main] DEBUG net.thucydides.core.reflection.ClassFinder - Could not load class org.apache.poi.xslf.draw.SVGPOIGraphics2D
22:26:56.880 [main] DEBUG net.thucydides.core.reflection.ClassFinder - Could not load class org.apache.poi.xslf.draw.SVGRenderExtension
22:26:56.880 [main] DEBUG net.thucydides.core.reflection.ClassFinder - Could not load class org.apache.poi.xslf.draw.SVGUserAgent
22:26:56.880 [main] DEBUG net.thucydides.core.reflection.ClassFinder - Could not load class org.apache.poi.xslf.util.SVGFormat
22:26:56.880 [main] DEBUG net.thucydides.core.reflection.ClassFinder - Could not load class org.apache.xmlbeans.impl.schema.TypeSystemHolder
22:26:56.880 [main] DEBUG net.thucydides.core.reflection.ClassFinder - Could not load class org.apache.xmlbeans.impl.tool.MavenPlugin
22:26:56.880 [main] DEBUG net.thucydides.core.reflection.ClassFinder - Could not load class org.apache.xmlbeans.impl.tool.MavenPluginHelp
22:26:56.880 [main] DEBUG net.thucydides.core.reflection.ClassFinder - Could not load class org.apache.xmlbeans.impl.tool.XMLBean
22:26:56.880 [main] DEBUG net.thucydides.core.reflection.ClassFinder - Could not load class org.apache.xmlbeans.impl.xpath.saxon.SaxonXPath
22:26:56.890 [main] DEBUG net.thucydides.core.reflection.ClassFinder - Could not load class org.apache.xmlbeans.impl.xpath.saxon.SaxonXQuery
22:26:56.890 [main] DEBUG net.thucydides.core.reflection.ClassFinder - Could not load class org.etsi.uri.x01903.v13.GenericTimeStampType
22:26:56.890 [main] DEBUG net.thucydides.core.reflection.ClassFinder - Could not load class org.etsi.uri.x01903.v13.QualifierType
22:26:56.900 [main] DEBUG net.thucydides.core.reflection.ClassFinder - Could not load class org.openxmlformats.schemas.drawingml.x2006.chart.CTSerAx
22:26:56.900 [main] DEBUG net.thucydides.core.reflection.ClassFinder - Could not load class org.openxmlformats.schemas.drawingml.x2006.chart.STDepthPercentUShort
22:26:56.900 [main] DEBUG net.thucydides.core.reflection.ClassFinder - Could not load class org.openxmlformats.schemas.drawingml.x2006.chart.STDepthPercentWithSymbol
22:26:56.900 [main] DEBUG net.thucydides.core.reflection.ClassFinder - Could not load class org.openxmlformats.schemas.drawingml.x2006.chart.STHPercentUShort
22:26:56.900 [main] DEBUG net.thucydides.core.reflection.ClassFinder - Could not load class org.openxmlformats.schemas.drawingml.x2006.chart.STHPercentWithSymbol
22:26:56.900 [main] DEBUG net.thucydides.core.reflection.ClassFinder - Could not load class org.openxmlformats.schemas.drawingml.x2006.chart.STHoleSizePercent
22:26:56.900 [main] DEBUG net.thucydides.core.reflection.ClassFinder - Could not load class org.openxmlformats.schemas.drawingml.x2006.chart.STHoleSizeUByte
22:26:56.900 [main] DEBUG net.thucydides.core.reflection.ClassFinder - Could not load class org.openxmlformats.schemas.drawingml.x2006.chart.STOverlapByte
22:26:56.900 [main] DEBUG net.thucydides.core.reflection.ClassFinder - Could not load class org.openxmlformats.schemas.drawingml.x2006.chart.STOverlapPercent
22:26:56.900 [main] DEBUG net.thucydides.core.reflection.ClassFinder - Could not load class org.openxmlformats.schemas.drawingml.x2006.chart.STPageSetupOrientation
22:26:56.900 [main] DEBUG net.thucydides.core.reflection.ClassFinder - Could not load class org.openxmlformats.schemas.drawingml.x2006.main.CTGroupFillProperties
22:26:56.900 [main] DEBUG net.thucydides.core.reflection.ClassFinder - Could not load class org.openxmlformats.schemas.drawingml.x2006.main.CTPath2DQuadBezierTo
22:26:56.910 [main] DEBUG net.thucydides.core.reflection.ClassFinder - Could not load class org.openxmlformats.schemas.drawingml.x2006.main.STEffectContainerType
22:26:56.910 [main] DEBUG net.thucydides.core.reflection.ClassFinder - Could not load class org.openxmlformats.schemas.drawingml.x2006.main.STPresetMaterialType
22:26:56.910 [main] DEBUG net.thucydides.core.reflection.ClassFinder - Could not load class org.openxmlformats.schemas.drawingml.x2006.wordprocessingDrawing.STAlignH
22:26:56.910 [main] DEBUG net.thucydides.core.reflection.ClassFinder - Could not load class org.openxmlformats.schemas.drawingml.x2006.wordprocessingDrawing.STAlignV
22:26:56.910 [main] DEBUG net.thucydides.core.reflection.ClassFinder - Could not load class org.openxmlformats.schemas.officeDocument.x2006.docPropsVTypes.STVectorBaseType
22:26:56.910 [main] DEBUG net.thucydides.core.reflection.ClassFinder - Could not load class org.openxmlformats.schemas.officeDocument.x2006.sharedTypes.STConformanceClass
22:26:56.910 [main] DEBUG net.thucydides.core.reflection.ClassFinder - Could not load class org.openxmlformats.schemas.presentationml.x2006.main.STDirection
22:26:56.910 [main] DEBUG net.thucydides.core.reflection.ClassFinder - Could not load class org.openxmlformats.schemas.presentationml.x2006.main.STTLTimeNodeMasterRelation
22:26:56.910 [main] DEBUG net.thucydides.core.reflection.ClassFinder - Could not load class org.openxmlformats.schemas.presentationml.x2006.main.STTLTimeNodePresetClassType
22:26:56.910 [main] DEBUG net.thucydides.core.reflection.ClassFinder - Could not load class org.openxmlformats.schemas.presentationml.x2006.main.STTLTimeNodeSyncType
22:26:56.910 [main] DEBUG net.thucydides.core.reflection.ClassFinder - Could not load class org.openxmlformats.schemas.presentationml.x2006.main.STTLTriggerEvent
22:26:56.910 [main] DEBUG net.thucydides.core.reflection.ClassFinder - Could not load class org.openxmlformats.schemas.spreadsheetml.x2006.main.STComments
22:26:56.910 [main] DEBUG net.thucydides.core.reflection.ClassFinder - Could not load class org.openxmlformats.schemas.spreadsheetml.x2006.main.STDataValidationImeMode
22:26:56.910 [main] DEBUG net.thucydides.core.reflection.ClassFinder - Could not load class org.openxmlformats.schemas.spreadsheetml.x2006.main.STFieldSortType
22:26:56.910 [main] DEBUG net.thucydides.core.reflection.ClassFinder - Could not load class org.openxmlformats.schemas.spreadsheetml.x2006.main.STOleUpdate
22:26:56.910 [main] DEBUG net.thucydides.core.reflection.ClassFinder - Could not load class org.openxmlformats.schemas.spreadsheetml.x2006.main.STPhoneticAlignment
22:26:56.910 [main] DEBUG net.thucydides.core.reflection.ClassFinder - Could not load class org.openxmlformats.schemas.spreadsheetml.x2006.main.STShowDataAs
22:26:56.910 [main] DEBUG net.thucydides.core.reflection.ClassFinder - Could not load class org.openxmlformats.schemas.spreadsheetml.x2006.main.STSortBy
22:26:56.910 [main] DEBUG net.thucydides.core.reflection.ClassFinder - Could not load class org.openxmlformats.schemas.spreadsheetml.x2006.main.STSortMethod
22:26:56.910 [main] DEBUG net.thucydides.core.reflection.ClassFinder - Could not load class org.openxmlformats.schemas.spreadsheetml.x2006.main.STTableType
22:26:56.910 [main] DEBUG net.thucydides.core.reflection.ClassFinder - Could not load class org.openxmlformats.schemas.spreadsheetml.x2006.main.STTargetScreenSize
22:26:56.920 [main] DEBUG net.thucydides.core.reflection.ClassFinder - Could not load class org.openxmlformats.schemas.spreadsheetml.x2006.main.STTotalsRowFunction
22:26:56.920 [main] DEBUG net.thucydides.core.reflection.ClassFinder - Could not load class org.openxmlformats.schemas.wordprocessingml.x2006.main.CTBookmarkRange
22:26:56.920 [main] DEBUG net.thucydides.core.reflection.ClassFinder - Could not load class org.openxmlformats.schemas.wordprocessingml.x2006.main.CTDocumentBase
22:26:56.920 [main] DEBUG net.thucydides.core.reflection.ClassFinder - Could not load class org.openxmlformats.schemas.wordprocessingml.x2006.main.CTPPrBase
22:26:56.920 [main] DEBUG net.thucydides.core.reflection.ClassFinder - Could not load class org.openxmlformats.schemas.wordprocessingml.x2006.main.CTTblGridBase
22:26:56.920 [main] DEBUG net.thucydides.core.reflection.ClassFinder - Could not load class org.openxmlformats.schemas.wordprocessingml.x2006.main.CTTblPrBase
22:26:56.920 [main] DEBUG net.thucydides.core.reflection.ClassFinder - Could not load class org.openxmlformats.schemas.wordprocessingml.x2006.main.CTTblPrExBase
22:26:56.920 [main] DEBUG net.thucydides.core.reflection.ClassFinder - Could not load class org.openxmlformats.schemas.wordprocessingml.x2006.main.CTTcPrBase
22:26:56.920 [main] DEBUG net.thucydides.core.reflection.ClassFinder - Could not load class org.openxmlformats.schemas.wordprocessingml.x2006.main.CTTcPrInner
22:26:56.920 [main] DEBUG net.thucydides.core.reflection.ClassFinder - Could not load class org.openxmlformats.schemas.wordprocessingml.x2006.main.CTTrPrBase
22:26:56.920 [main] DEBUG net.thucydides.core.reflection.ClassFinder - Could not load class org.openxmlformats.schemas.wordprocessingml.x2006.main.STChapterSep
22:26:56.920 [main] DEBUG net.thucydides.core.reflection.ClassFinder - Could not load class org.openxmlformats.schemas.wordprocessingml.x2006.main.STDropCap
22:26:56.920 [main] DEBUG net.thucydides.core.reflection.ClassFinder - Could not load class org.openxmlformats.schemas.wordprocessingml.x2006.main.STPTabAlignment
22:26:56.920 [main] DEBUG net.thucydides.core.reflection.ClassFinder - Could not load class org.openxmlformats.schemas.wordprocessingml.x2006.main.STPTabLeader
22:26:56.920 [main] DEBUG net.thucydides.core.reflection.ClassFinder - Could not load class org.openxmlformats.schemas.wordprocessingml.x2006.main.STPTabRelativeTo
22:26:56.920 [main] DEBUG net.thucydides.core.reflection.ClassFinder - Could not load class org.openxmlformats.schemas.wordprocessingml.x2006.main.STPageBorderZOrder
22:26:56.920 [main] DEBUG net.thucydides.core.reflection.ClassFinder - Could not load class org.openxmlformats.schemas.wordprocessingml.x2006.main.STZoom
22:26:57.080 [main] DEBUG net.serenitybdd.core.webdriver.driverproviders.ProvideNewDriver - Instantiating driver
22:26:57.080 [main] DEBUG net.serenitybdd.core.webdriver.driverproviders.ProvideNewDriver - Driver capabilities: Capabilities {acceptInsecureCerts: false, browserName: chrome, goog:chromeOptions: {args: [--start-maximized, --test-type, --no-sandbox, --ignore-certificate-errors, \r\n                       ..., --disable-default-apps, --disable-extensions-file-a..., \r\n                       ..., --disable-infobars,--disabl...], extensions: []}}
22:26:57.211 [AsyncHttpClient-1-4] DEBUG org.asynchttpclient.netty.channel.NettyConnectListener - Using new Channel '[id: 0xea311ccb, L:/127.0.0.1:61917 - R:localhost/127.0.0.1:52160]' for 'POST' to '/session'
22:26:58.267 [AsyncHttpClient-1-4] DEBUG org.asynchttpclient.netty.handler.HttpHandler - 

Request DefaultHttpRequest(decodeResult: success, version: HTTP/1.1)
POST /session HTTP/1.1
User-Agent: selenium/4.1.2 (java windows)
Content-Length: 1191
Content-Type: application/json; charset=utf-8
host: localhost:52160
accept: */*

Response DefaultHttpResponse(decodeResult: success, version: HTTP/1.1)
HTTP/1.1 200 OK
Content-Type: application/json; charset=utf-8
cache-control: no-cache
content-length: 791

22:26:58.267 [AsyncHttpClient-1-4] DEBUG org.asynchttpclient.netty.channel.ChannelManager - Adding key: http://localhost:52160 for channel [id: 0xea311ccb, L:/127.0.0.1:61917 - R:localhost/127.0.0.1:52160]
22:26:58.275 [AsyncHttpClient-1-5] DEBUG org.asynchttpclient.netty.channel.NettyConnectListener - Using new Channel '[id: 0xe9367f86, L:/127.0.0.1:61924 - R:localhost/127.0.0.1:61918]' for 'GET' to '/json/version'
22:26:58.276 [AsyncHttpClient-1-5] DEBUG org.asynchttpclient.netty.handler.HttpHandler - 

Request DefaultFullHttpRequest(decodeResult: success, version: HTTP/1.1, content: EmptyByteBufBE)
GET /json/version HTTP/1.1
User-Agent: selenium/4.1.2 (java windows)
host: localhost:61918
accept: */*

Response DefaultHttpResponse(decodeResult: success, version: HTTP/1.1)
HTTP/1.1 200 OK
Content-Type: application/json; charset=UTF-8
content-length: 424

22:26:58.276 [AsyncHttpClient-1-5] DEBUG org.asynchttpclient.netty.channel.ChannelManager - Adding key: http://localhost:61918 for channel [id: 0xe9367f86, L:/127.0.0.1:61924 - R:localhost/127.0.0.1:61918]
22:26:58.278 [AsyncHttpClient-1-6] DEBUG org.asynchttpclient.netty.channel.NettyConnectListener - Using new Channel '[id: 0x52267467, L:/127.0.0.1:61925 - R:localhost/127.0.0.1:61918]' for 'GET' to '/devtools/browser/cd9571a2-d9a3-417c-bf7b-3eedb10b6a72'
22:26:58.279 [AsyncHttpClient-1-6] DEBUG org.asynchttpclient.netty.handler.WebSocketHandler - 

Request DefaultFullHttpRequest(decodeResult: success, version: HTTP/1.1, content: EmptyByteBufBE)
GET /devtools/browser/cd9571a2-d9a3-417c-bf7b-3eedb10b6a72 HTTP/1.1
upgrade: websocket
connection: upgrade
sec-websocket-key: /z4pvxknDff2Mdp4RSialg==
sec-websocket-version: 13
origin: http://localhost:61918
host: localhost:61918
accept: */*
user-agent: AHC/2.1

Response DefaultHttpResponse(decodeResult: success, version: HTTP/1.1)
HTTP/1.1 101 WebSocket Protocol Handshake
Upgrade: WebSocket
Connection: Upgrade
Sec-WebSocket-Accept: 89ALk7NVvaEMFD/DfWe7IYYvt6Y=

22:26:58.283 [Forwarding maximizeCurrentWindow on session c27dca02460eac43222a534df112cecf to remote] DEBUG org.asynchttpclient.netty.request.NettyRequestSender - Using pooled Channel '[id: 0xea311ccb, L:/127.0.0.1:61917 - R:localhost/127.0.0.1:52160]' for 'POST' to 'http://localhost:52160/session/c27dca02460eac43222a534df112cecf/window/maximize'
22:26:58.283 [Forwarding maximizeCurrentWindow on session c27dca02460eac43222a534df112cecf to remote] DEBUG org.asynchttpclient.netty.request.NettyRequestSender - Using open Channel [id: 0xea311ccb, L:/127.0.0.1:61917 - R:localhost/127.0.0.1:52160] for POST '/session/c27dca02460eac43222a534df112cecf/window/maximize'
22:26:58.290 [AsyncHttpClient-1-4] DEBUG org.asynchttpclient.netty.handler.HttpHandler - 

Request DefaultHttpRequest(decodeResult: success, version: HTTP/1.1)
POST /session/c27dca02460eac43222a534df112cecf/window/maximize HTTP/1.1
User-Agent: selenium/4.1.2 (java windows)
Content-Length: 3
Content-Type: application/json; charset=utf-8
host: localhost:52160
accept: */*

Response DefaultHttpResponse(decodeResult: success, version: HTTP/1.1)
HTTP/1.1 200 OK
Content-Type: application/json; charset=utf-8
cache-control: no-cache
content-length: 51

22:26:58.290 [AsyncHttpClient-1-4] DEBUG org.asynchttpclient.netty.channel.ChannelManager - Adding key: http://localhost:52160 for channel [id: 0xea311ccb, L:/127.0.0.1:61917 - R:localhost/127.0.0.1:52160]
22:26:58.780 [AsyncHttpClient-1-1] DEBUG org.asynchttpclient.netty.channel.DefaultChannelPool - Entry count for : http://localhost:52160 : 1
22:26:58.780 [AsyncHttpClient-1-1] DEBUG org.asynchttpclient.netty.channel.DefaultChannelPool - Entry count for : http://localhost:61918 : 1
22:26:59.670 [main] DEBUG net.thucydides.core.reflection.ClassFinder - Could not load class .pages.CampaignPage
22:26:59.670 [main] DEBUG net.thucydides.core.reflection.ClassFinder - Could not load class .pages.N11CampaignsMainPage
22:26:59.670 [main] DEBUG net.thucydides.core.reflection.ClassFinder - Could not load class .questions.CheckDriver
22:26:59.670 [main] DEBUG net.thucydides.core.reflection.ClassFinder - Could not load class .runners.CucumberRunner
22:26:59.670 [main] DEBUG net.thucydides.core.reflection.ClassFinder - Could not load class .stepdefinitions.CampaignsStepDefinitions
22:26:59.670 [main] DEBUG net.thucydides.core.reflection.ClassFinder - Could not load class .tasks.CheckNumOfCampaigns
22:26:59.670 [main] DEBUG net.thucydides.core.reflection.ClassFinder - Could not load class .tasks.ClickCategory
22:26:59.670 [main] DEBUG net.thucydides.core.reflection.ClassFinder - Could not load class .tasks.NavigateTo
22:26:59.670 [main] DEBUG net.thucydides.core.reflection.ClassFinder - Could not load class .tasks.WriteURLsExcel
22:26:59.670 [main] DEBUG net.thucydides.core.reflection.ClassFinder - Could not load class META-INF.versions.9.com.sun.istack.logging.StackHelper
22:26:59.670 [main] DEBUG net.thucydides.core.reflection.ClassFinder - Could not load class META-INF.versions.9.com.sun.xml.bind.v2.runtime.reflect.opt.AccessorInjector
22:26:59.670 [main] DEBUG net.thucydides.core.reflection.ClassFinder - Could not load class META-INF.versions.9.com.sun.xml.bind.v2.runtime.reflect.opt.Injector
22:26:59.670 [main] DEBUG net.thucydides.core.reflection.ClassFinder - Could not load class META-INF.versions.9.com.sun.xml.bind.v2.runtime.reflect.opt.OptimizedAccessorFactory
22:26:59.670 [main] DEBUG net.thucydides.core.reflection.ClassFinder - Could not load class META-INF.versions.9.com.sun.xml.bind.v2.runtime.reflect.opt.OptimizedTransducedAccessorFactory
22:26:59.670 [main] DEBUG net.thucydides.core.reflection.ClassFinder - Could not load class META-INF.versions.9.io.opentelemetry.sdk.internal.CurrentJavaVersionSpecific
22:26:59.670 [main] DEBUG net.thucydides.core.reflection.ClassFinder - Could not load class META-INF.versions.9.io.opentelemetry.sdk.internal.Java9VersionSpecific
22:26:59.670 [main] DEBUG net.thucydides.core.reflection.ClassFinder - Could not load class META-INF.versions.9.javax.xml.bind.ModuleUtil
22:26:59.670 [main] DEBUG net.thucydides.core.reflection.ClassFinder - Could not load class META-INF.versions.9.module-info
22:26:59.670 [main] DEBUG net.thucydides.core.reflection.ClassFinder - Could not load class META-INF.versions.9.org.apache.logging.log4j.util.Base64Util
22:26:59.670 [main] DEBUG net.thucydides.core.reflection.ClassFinder - Could not load class META-INF.versions.9.org.apache.logging.log4j.util.ProcessIdUtil
22:26:59.670 [main] DEBUG net.thucydides.core.reflection.ClassFinder - Could not load class META-INF.versions.9.org.apache.logging.log4j.util.StackLocator
22:26:59.670 [main] DEBUG net.thucydides.core.reflection.ClassFinder - Could not load class META-INF.versions.9.org.apache.logging.log4j.util.internal.DefaultObjectInputFilter
22:26:59.670 [main] DEBUG net.thucydides.core.reflection.ClassFinder - Could not load class META-INF.versions.9.org.apache.xmlbeans.impl.tool.MavenPluginResolver
22:26:59.670 [main] DEBUG net.thucydides.core.reflection.ClassFinder - Could not load class META-INF.versions.9.org.junit.platform.commons.util.ModuleUtils
22:26:59.680 [main] DEBUG net.thucydides.core.reflection.ClassFinder - Could not load class com.microsoft.schemas.office.office.STOLEUpdateMode
22:26:59.680 [main] DEBUG net.thucydides.core.reflection.ClassFinder - Could not load class com.microsoft.schemas.office.office.STScreenSize
22:26:59.680 [main] DEBUG net.thucydides.core.reflection.ClassFinder - Could not load class com.microsoft.schemas.office.visio.x2012.main.SheetType
22:26:59.680 [main] DEBUG net.thucydides.core.reflection.ClassFinder - Could not load class com.microsoft.schemas.office.word.STHorizontalAnchor
22:26:59.680 [main] DEBUG net.thucydides.core.reflection.ClassFinder - Could not load class com.microsoft.schemas.office.word.STVerticalAnchor
22:26:59.680 [main] DEBUG net.thucydides.core.reflection.ClassFinder - Could not load class com.microsoft.schemas.office.word.STWrapSide
22:26:59.680 [main] DEBUG net.thucydides.core.reflection.ClassFinder - Could not load class com.microsoft.schemas.vml.STImageAspect
22:26:59.680 [main] DEBUG net.thucydides.core.reflection.ClassFinder - Could not load class com.microsoft.schemas.vml.STStrokeArrowLength
22:26:59.680 [main] DEBUG net.thucydides.core.reflection.ClassFinder - Could not load class com.microsoft.schemas.vml.STStrokeArrowWidth
22:26:59.680 [main] DEBUG net.thucydides.core.reflection.ClassFinder - Could not load class com.microsoft.schemas.vml.STStrokeEndCap
22:26:59.680 [main] DEBUG net.thucydides.core.reflection.ClassFinder - Could not load class com.microsoft.schemas.vml.STStrokeLineStyle
22:26:59.690 [main] DEBUG net.thucydides.core.reflection.ClassFinder - Could not load class com.sun.xml.bind.v2.runtime.output.FastInfosetStreamWriterOutput
22:26:59.690 [main] DEBUG net.thucydides.core.reflection.ClassFinder - Could not load class module-info
22:26:59.700 [main] DEBUG net.thucydides.core.reflection.ClassFinder - Could not load class org.apache.logging.log4j.util.Activator
22:26:59.710 [main] DEBUG net.thucydides.core.reflection.ClassFinder - Could not load class org.apache.poi.xslf.draw.SVGImageRenderer
22:26:59.710 [main] DEBUG net.thucydides.core.reflection.ClassFinder - Could not load class org.apache.poi.xslf.draw.SVGPOIGraphics2D
22:26:59.710 [main] DEBUG net.thucydides.core.reflection.ClassFinder - Could not load class org.apache.poi.xslf.draw.SVGRenderExtension
22:26:59.710 [main] DEBUG net.thucydides.core.reflection.ClassFinder - Could not load class org.apache.poi.xslf.draw.SVGUserAgent
22:26:59.710 [main] DEBUG net.thucydides.core.reflection.ClassFinder - Could not load class org.apache.poi.xslf.util.SVGFormat
22:26:59.720 [main] DEBUG net.thucydides.core.reflection.ClassFinder - Could not load class org.apache.xmlbeans.impl.schema.TypeSystemHolder
22:26:59.720 [main] DEBUG net.thucydides.core.reflection.ClassFinder - Could not load class org.apache.xmlbeans.impl.tool.MavenPlugin
22:26:59.730 [main] DEBUG net.thucydides.core.reflection.ClassFinder - Could not load class org.apache.xmlbeans.impl.tool.MavenPluginHelp
22:26:59.730 [main] DEBUG net.thucydides.core.reflection.ClassFinder - Could not load class org.apache.xmlbeans.impl.tool.XMLBean
22:26:59.730 [main] DEBUG net.thucydides.core.reflection.ClassFinder - Could not load class org.apache.xmlbeans.impl.xpath.saxon.SaxonXPath
22:26:59.730 [main] DEBUG net.thucydides.core.reflection.ClassFinder - Could not load class org.apache.xmlbeans.impl.xpath.saxon.SaxonXQuery
22:26:59.740 [main] DEBUG net.thucydides.core.reflection.ClassFinder - Could not load class org.etsi.uri.x01903.v13.GenericTimeStampType
22:26:59.740 [main] DEBUG net.thucydides.core.reflection.ClassFinder - Could not load class org.etsi.uri.x01903.v13.QualifierType
22:26:59.750 [main] DEBUG net.thucydides.core.reflection.ClassFinder - Could not load class org.openxmlformats.schemas.drawingml.x2006.chart.CTSerAx
22:26:59.750 [main] DEBUG net.thucydides.core.reflection.ClassFinder - Could not load class org.openxmlformats.schemas.drawingml.x2006.chart.STDepthPercentUShort
22:26:59.750 [main] DEBUG net.thucydides.core.reflection.ClassFinder - Could not load class org.openxmlformats.schemas.drawingml.x2006.chart.STDepthPercentWithSymbol
22:26:59.750 [main] DEBUG net.thucydides.core.reflection.ClassFinder - Could not load class org.openxmlformats.schemas.drawingml.x2006.chart.STHPercentUShort
22:26:59.750 [main] DEBUG net.thucydides.core.reflection.ClassFinder - Could not load class org.openxmlformats.schemas.drawingml.x2006.chart.STHPercentWithSymbol
22:26:59.750 [main] DEBUG net.thucydides.core.reflection.ClassFinder - Could not load class org.openxmlformats.schemas.drawingml.x2006.chart.STHoleSizePercent
22:26:59.750 [main] DEBUG net.thucydides.core.reflection.ClassFinder - Could not load class org.openxmlformats.schemas.drawingml.x2006.chart.STHoleSizeUByte
22:26:59.750 [main] DEBUG net.thucydides.core.reflection.ClassFinder - Could not load class org.openxmlformats.schemas.drawingml.x2006.chart.STOverlapByte
22:26:59.750 [main] DEBUG net.thucydides.core.reflection.ClassFinder - Could not load class org.openxmlformats.schemas.drawingml.x2006.chart.STOverlapPercent
22:26:59.750 [main] DEBUG net.thucydides.core.reflection.ClassFinder - Could not load class org.openxmlformats.schemas.drawingml.x2006.chart.STPageSetupOrientation
22:26:59.750 [main] DEBUG net.thucydides.core.reflection.ClassFinder - Could not load class org.openxmlformats.schemas.drawingml.x2006.main.CTGroupFillProperties
22:26:59.750 [main] DEBUG net.thucydides.core.reflection.ClassFinder - Could not load class org.openxmlformats.schemas.drawingml.x2006.main.CTPath2DQuadBezierTo
22:26:59.750 [main] DEBUG net.thucydides.core.reflection.ClassFinder - Could not load class org.openxmlformats.schemas.drawingml.x2006.main.STEffectContainerType
22:26:59.750 [main] DEBUG net.thucydides.core.reflection.ClassFinder - Could not load class org.openxmlformats.schemas.drawingml.x2006.main.STPresetMaterialType
22:26:59.750 [main] DEBUG net.thucydides.core.reflection.ClassFinder - Could not load class org.openxmlformats.schemas.drawingml.x2006.wordprocessingDrawing.STAlignH
22:26:59.750 [main] DEBUG net.thucydides.core.reflection.ClassFinder - Could not load class org.openxmlformats.schemas.drawingml.x2006.wordprocessingDrawing.STAlignV
22:26:59.750 [main] DEBUG net.thucydides.core.reflection.ClassFinder - Could not load class org.openxmlformats.schemas.officeDocument.x2006.docPropsVTypes.STVectorBaseType
22:26:59.760 [main] DEBUG net.thucydides.core.reflection.ClassFinder - Could not load class org.openxmlformats.schemas.officeDocument.x2006.sharedTypes.STConformanceClass
22:26:59.762 [main] DEBUG net.thucydides.core.reflection.ClassFinder - Could not load class org.openxmlformats.schemas.presentationml.x2006.main.STDirection
22:26:59.762 [main] DEBUG net.thucydides.core.reflection.ClassFinder - Could not load class org.openxmlformats.schemas.presentationml.x2006.main.STTLTimeNodeMasterRelation
22:26:59.762 [main] DEBUG net.thucydides.core.reflection.ClassFinder - Could not load class org.openxmlformats.schemas.presentationml.x2006.main.STTLTimeNodePresetClassType
22:26:59.762 [main] DEBUG net.thucydides.core.reflection.ClassFinder - Could not load class org.openxmlformats.schemas.presentationml.x2006.main.STTLTimeNodeSyncType
22:26:59.762 [main] DEBUG net.thucydides.core.reflection.ClassFinder - Could not load class org.openxmlformats.schemas.presentationml.x2006.main.STTLTriggerEvent
22:26:59.762 [main] DEBUG net.thucydides.core.reflection.ClassFinder - Could not load class org.openxmlformats.schemas.spreadsheetml.x2006.main.STComments
22:26:59.762 [main] DEBUG net.thucydides.core.reflection.ClassFinder - Could not load class org.openxmlformats.schemas.spreadsheetml.x2006.main.STDataValidationImeMode
22:26:59.762 [main] DEBUG net.thucydides.core.reflection.ClassFinder - Could not load class org.openxmlformats.schemas.spreadsheetml.x2006.main.STFieldSortType
22:26:59.762 [main] DEBUG net.thucydides.core.reflection.ClassFinder - Could not load class org.openxmlformats.schemas.spreadsheetml.x2006.main.STOleUpdate
22:26:59.762 [main] DEBUG net.thucydides.core.reflection.ClassFinder - Could not load class org.openxmlformats.schemas.spreadsheetml.x2006.main.STPhoneticAlignment
22:26:59.762 [main] DEBUG net.thucydides.core.reflection.ClassFinder - Could not load class org.openxmlformats.schemas.spreadsheetml.x2006.main.STShowDataAs
22:26:59.762 [main] DEBUG net.thucydides.core.reflection.ClassFinder - Could not load class org.openxmlformats.schemas.spreadsheetml.x2006.main.STSortBy
22:26:59.762 [main] DEBUG net.thucydides.core.reflection.ClassFinder - Could not load class org.openxmlformats.schemas.spreadsheetml.x2006.main.STSortMethod
22:26:59.762 [main] DEBUG net.thucydides.core.reflection.ClassFinder - Could not load class org.openxmlformats.schemas.spreadsheetml.x2006.main.STTableType
22:26:59.762 [main] DEBUG net.thucydides.core.reflection.ClassFinder - Could not load class org.openxmlformats.schemas.spreadsheetml.x2006.main.STTargetScreenSize
22:26:59.762 [main] DEBUG net.thucydides.core.reflection.ClassFinder - Could not load class org.openxmlformats.schemas.spreadsheetml.x2006.main.STTotalsRowFunction
22:26:59.762 [main] DEBUG net.thucydides.core.reflection.ClassFinder - Could not load class org.openxmlformats.schemas.wordprocessingml.x2006.main.CTBookmarkRange
22:26:59.762 [main] DEBUG net.thucydides.core.reflection.ClassFinder - Could not load class org.openxmlformats.schemas.wordprocessingml.x2006.main.CTDocumentBase
22:26:59.762 [main] DEBUG net.thucydides.core.reflection.ClassFinder - Could not load class org.openxmlformats.schemas.wordprocessingml.x2006.main.CTPPrBase
22:26:59.762 [main] DEBUG net.thucydides.core.reflection.ClassFinder - Could not load class org.openxmlformats.schemas.wordprocessingml.x2006.main.CTTblGridBase
22:26:59.762 [main] DEBUG net.thucydides.core.reflection.ClassFinder - Could not load class org.openxmlformats.schemas.wordprocessingml.x2006.main.CTTblPrBase
22:26:59.762 [main] DEBUG net.thucydides.core.reflection.ClassFinder - Could not load class org.openxmlformats.schemas.wordprocessingml.x2006.main.CTTblPrExBase
22:26:59.762 [main] DEBUG net.thucydides.core.reflection.ClassFinder - Could not load class org.openxmlformats.schemas.wordprocessingml.x2006.main.CTTcPrBase
22:26:59.762 [main] DEBUG net.thucydides.core.reflection.ClassFinder - Could not load class org.openxmlformats.schemas.wordprocessingml.x2006.main.CTTcPrInner
22:26:59.762 [main] DEBUG net.thucydides.core.reflection.ClassFinder - Could not load class org.openxmlformats.schemas.wordprocessingml.x2006.main.CTTrPrBase
22:26:59.762 [main] DEBUG net.thucydides.core.reflection.ClassFinder - Could not load class org.openxmlformats.schemas.wordprocessingml.x2006.main.STChapterSep
22:26:59.771 [main] DEBUG net.thucydides.core.reflection.ClassFinder - Could not load class org.openxmlformats.schemas.wordprocessingml.x2006.main.STDropCap
22:26:59.771 [main] DEBUG net.thucydides.core.reflection.ClassFinder - Could not load class org.openxmlformats.schemas.wordprocessingml.x2006.main.STPTabAlignment
22:26:59.771 [main] DEBUG net.thucydides.core.reflection.ClassFinder - Could not load class org.openxmlformats.schemas.wordprocessingml.x2006.main.STPTabLeader
22:26:59.771 [main] DEBUG net.thucydides.core.reflection.ClassFinder - Could not load class org.openxmlformats.schemas.wordprocessingml.x2006.main.STPTabRelativeTo
22:26:59.771 [main] DEBUG net.thucydides.core.reflection.ClassFinder - Could not load class org.openxmlformats.schemas.wordprocessingml.x2006.main.STPageBorderZOrder
22:26:59.771 [main] DEBUG net.thucydides.core.reflection.ClassFinder - Could not load class org.openxmlformats.schemas.wordprocessingml.x2006.main.STZoom
22:26:59.781 [Forwarding get on session c27dca02460eac43222a534df112cecf to remote] DEBUG org.asynchttpclient.netty.request.NettyRequestSender - Using pooled Channel '[id: 0xea311ccb, L:/127.0.0.1:61917 - R:localhost/127.0.0.1:52160]' for 'POST' to 'http://localhost:52160/session/c27dca02460eac43222a534df112cecf/url'
22:26:59.781 [Forwarding get on session c27dca02460eac43222a534df112cecf to remote] DEBUG org.asynchttpclient.netty.request.NettyRequestSender - Using open Channel [id: 0xea311ccb, L:/127.0.0.1:61917 - R:localhost/127.0.0.1:52160] for POST '/session/c27dca02460eac43222a534df112cecf/url'
22:26:59.881 [AsyncHttpClient-1-1] DEBUG org.asynchttpclient.netty.channel.DefaultChannelPool - Entry count for : http://localhost:61918 : 1
22:27:00.980 [AsyncHttpClient-1-1] DEBUG org.asynchttpclient.netty.channel.DefaultChannelPool - Entry count for : http://localhost:61918 : 1
22:27:02.082 [AsyncHttpClient-1-1] DEBUG org.asynchttpclient.netty.channel.DefaultChannelPool - Entry count for : http://localhost:61918 : 1
22:27:03.181 [AsyncHttpClient-1-1] DEBUG org.asynchttpclient.netty.channel.DefaultChannelPool - Entry count for : http://localhost:61918 : 1
22:27:03.300 [AsyncHttpClient-1-4] DEBUG org.asynchttpclient.netty.handler.HttpHandler - 

Request DefaultHttpRequest(decodeResult: success, version: HTTP/1.1)
POST /session/c27dca02460eac43222a534df112cecf/url HTTP/1.1
User-Agent: selenium/4.1.2 (java windows)
Content-Length: 61
Content-Type: application/json; charset=utf-8
host: localhost:52160
accept: */*

Response DefaultHttpResponse(decodeResult: success, version: HTTP/1.1)
HTTP/1.1 200 OK
Content-Type: application/json; charset=utf-8
cache-control: no-cache
content-length: 14

22:27:03.300 [AsyncHttpClient-1-4] DEBUG org.asynchttpclient.netty.channel.ChannelManager - Adding key: http://localhost:52160 for channel [id: 0xea311ccb, L:/127.0.0.1:61917 - R:localhost/127.0.0.1:52160]
22:27:03.301 [Forwarding setTimeout on session c27dca02460eac43222a534df112cecf to remote] DEBUG org.asynchttpclient.netty.request.NettyRequestSender - Using pooled Channel '[id: 0xea311ccb, L:/127.0.0.1:61917 - R:localhost/127.0.0.1:52160]' for 'POST' to 'http://localhost:52160/session/c27dca02460eac43222a534df112cecf/timeouts'
22:27:03.301 [Forwarding setTimeout on session c27dca02460eac43222a534df112cecf to remote] DEBUG org.asynchttpclient.netty.request.NettyRequestSender - Using open Channel [id: 0xea311ccb, L:/127.0.0.1:61917 - R:localhost/127.0.0.1:52160] for POST '/session/c27dca02460eac43222a534df112cecf/timeouts'
22:27:03.307 [AsyncHttpClient-1-4] DEBUG org.asynchttpclient.netty.handler.HttpHandler - 

Request DefaultHttpRequest(decodeResult: success, version: HTTP/1.1)
POST /session/c27dca02460eac43222a534df112cecf/timeouts HTTP/1.1
User-Agent: selenium/4.1.2 (java windows)
Content-Length: 22
Content-Type: application/json; charset=utf-8
host: localhost:52160
accept: */*

Response DefaultHttpResponse(decodeResult: success, version: HTTP/1.1)
HTTP/1.1 200 OK
Content-Type: application/json; charset=utf-8
cache-control: no-cache
content-length: 14

22:27:03.308 [AsyncHttpClient-1-4] DEBUG org.asynchttpclient.netty.channel.ChannelManager - Adding key: http://localhost:52160 for channel [id: 0xea311ccb, L:/127.0.0.1:61917 - R:localhost/127.0.0.1:52160]
22:27:03.310 [Forwarding getCurrentUrl on session c27dca02460eac43222a534df112cecf to remote] DEBUG org.asynchttpclient.netty.request.NettyRequestSender - Using pooled Channel '[id: 0xea311ccb, L:/127.0.0.1:61917 - R:localhost/127.0.0.1:52160]' for 'GET' to 'http://localhost:52160/session/c27dca02460eac43222a534df112cecf/url'
22:27:03.310 [Forwarding getCurrentUrl on session c27dca02460eac43222a534df112cecf to remote] DEBUG org.asynchttpclient.netty.request.NettyRequestSender - Using open Channel [id: 0xea311ccb, L:/127.0.0.1:61917 - R:localhost/127.0.0.1:52160] for GET '/session/c27dca02460eac43222a534df112cecf/url'
22:27:03.355 [AsyncHttpClient-1-4] DEBUG org.asynchttpclient.netty.handler.HttpHandler - 

Request DefaultFullHttpRequest(decodeResult: success, version: HTTP/1.1, content: EmptyByteBufBE)
GET /session/c27dca02460eac43222a534df112cecf/url HTTP/1.1
User-Agent: selenium/4.1.2 (java windows)
Cache-Control: no-cache
Content-Type: application/json; charset=utf-8
host: localhost:52160
accept: */*

Response DefaultHttpResponse(decodeResult: success, version: HTTP/1.1)
HTTP/1.1 200 OK
Content-Type: application/json; charset=utf-8
cache-control: no-cache
content-length: 43

22:27:03.356 [AsyncHttpClient-1-4] DEBUG org.asynchttpclient.netty.channel.ChannelManager - Adding key: http://localhost:52160 for channel [id: 0xea311ccb, L:/127.0.0.1:61917 - R:localhost/127.0.0.1:52160]
22:27:03.357 [Forwarding getCurrentUrl on session c27dca02460eac43222a534df112cecf to remote] DEBUG org.asynchttpclient.netty.request.NettyRequestSender - Using pooled Channel '[id: 0xea311ccb, L:/127.0.0.1:61917 - R:localhost/127.0.0.1:52160]' for 'GET' to 'http://localhost:52160/session/c27dca02460eac43222a534df112cecf/url'
22:27:03.358 [Forwarding getCurrentUrl on session c27dca02460eac43222a534df112cecf to remote] DEBUG org.asynchttpclient.netty.request.NettyRequestSender - Using open Channel [id: 0xea311ccb, L:/127.0.0.1:61917 - R:localhost/127.0.0.1:52160] for GET '/session/c27dca02460eac43222a534df112cecf/url'
22:27:03.362 [AsyncHttpClient-1-4] DEBUG org.asynchttpclient.netty.handler.HttpHandler - 

Request DefaultFullHttpRequest(decodeResult: success, version: HTTP/1.1, content: EmptyByteBufBE)
GET /session/c27dca02460eac43222a534df112cecf/url HTTP/1.1
User-Agent: selenium/4.1.2 (java windows)
Cache-Control: no-cache
Content-Type: application/json; charset=utf-8
host: localhost:52160
accept: */*

Response DefaultHttpResponse(decodeResult: success, version: HTTP/1.1)
HTTP/1.1 200 OK
Content-Type: application/json; charset=utf-8
cache-control: no-cache
content-length: 43

22:27:03.362 [AsyncHttpClient-1-4] DEBUG org.asynchttpclient.netty.channel.ChannelManager - Adding key: http://localhost:52160 for channel [id: 0xea311ccb, L:/127.0.0.1:61917 - R:localhost/127.0.0.1:52160]
22:27:03.374 [Forwarding screenshot on session c27dca02460eac43222a534df112cecf to remote] DEBUG org.asynchttpclient.netty.request.NettyRequestSender - Using pooled Channel '[id: 0xea311ccb, L:/127.0.0.1:61917 - R:localhost/127.0.0.1:52160]' for 'GET' to 'http://localhost:52160/session/c27dca02460eac43222a534df112cecf/screenshot'
22:27:03.374 [Forwarding screenshot on session c27dca02460eac43222a534df112cecf to remote] DEBUG org.asynchttpclient.netty.request.NettyRequestSender - Using open Channel [id: 0xea311ccb, L:/127.0.0.1:61917 - R:localhost/127.0.0.1:52160] for GET '/session/c27dca02460eac43222a534df112cecf/screenshot'
22:27:03.785 [AsyncHttpClient-1-4] DEBUG org.asynchttpclient.netty.handler.HttpHandler - 

Request DefaultFullHttpRequest(decodeResult: success, version: HTTP/1.1, content: EmptyByteBufBE)
GET /session/c27dca02460eac43222a534df112cecf/screenshot HTTP/1.1
User-Agent: selenium/4.1.2 (java windows)
Cache-Control: no-cache
Content-Type: application/json; charset=utf-8
host: localhost:52160
accept: */*

Response DefaultHttpResponse(decodeResult: success, version: HTTP/1.1)
HTTP/1.1 200 OK
Content-Type: application/json; charset=utf-8
cache-control: no-cache
content-length: 716148

22:27:03.787 [AsyncHttpClient-1-4] DEBUG org.asynchttpclient.netty.channel.ChannelManager - Adding key: http://localhost:52160 for channel [id: 0xea311ccb, L:/127.0.0.1:61917 - R:localhost/127.0.0.1:52160]
22:27:03.825 [main] DEBUG net.serenitybdd.core.photography.Darkroom - Send negative for processing for target\site\serenity\0b663212aae285cd7e928c04715213693ec5aec7e300b9c9e8ddf126ebdfce52.png
22:27:03.825 [main] DEBUG net.thucydides.core.steps.StepInterceptor - STEP DONE: {0} opens the #targetPageName
22:27:03.831 [main] DEBUG net.thucydides.core.steps.StepInterceptor - STEP DONE: !#title
  &amp#27;[32mGiven &amp#27;[0m&amp#27;[32muser opens the page&amp#27;[0m                                                 &amp#27;[90m# stepdefinitions.CampaignsStepDefinitions.userOpensThePage()&amp#27;[0m
22:27:03.846 [main] DEBUG net.thucydides.core.steps.StepInterceptor - STARTING STEP: CampaignsStepDefinitions.userClicksOnACategory - {0} clicks on #target
22:27:03.848 [main] DEBUG net.serenitybdd.screenplay.targets.IFrameSwitcher - default content already selected for Location pop-up close
22:27:03.851 [Forwarding findElement on session c27dca02460eac43222a534df112cecf to remote] DEBUG org.asynchttpclient.netty.request.NettyRequestSender - Using pooled Channel '[id: 0xea311ccb, L:/127.0.0.1:61917 - R:localhost/127.0.0.1:52160]' for 'POST' to 'http://localhost:52160/session/c27dca02460eac43222a534df112cecf/element'
22:27:03.852 [Forwarding findElement on session c27dca02460eac43222a534df112cecf to remote] DEBUG org.asynchttpclient.netty.request.NettyRequestSender - Using open Channel [id: 0xea311ccb, L:/127.0.0.1:61917 - R:localhost/127.0.0.1:52160] for POST '/session/c27dca02460eac43222a534df112cecf/element'
22:27:03.889 [AsyncHttpClient-1-4] DEBUG org.asynchttpclient.netty.handler.HttpHandler - 

Request DefaultHttpRequest(decodeResult: success, version: HTTP/1.1)
POST /session/c27dca02460eac43222a534df112cecf/element HTTP/1.1
User-Agent: selenium/4.1.2 (java windows)
Content-Length: 66
Content-Type: application/json; charset=utf-8
host: localhost:52160
accept: */*

Response DefaultHttpResponse(decodeResult: success, version: HTTP/1.1)
HTTP/1.1 200 OK
Content-Type: application/json; charset=utf-8
cache-control: no-cache
content-length: 88

22:27:03.889 [AsyncHttpClient-1-4] DEBUG org.asynchttpclient.netty.channel.ChannelManager - Adding key: http://localhost:52160 for channel [id: 0xea311ccb, L:/127.0.0.1:61917 - R:localhost/127.0.0.1:52160]
22:27:03.894 [Forwarding isElementDisplayed on session c27dca02460eac43222a534df112cecf to remote] DEBUG org.asynchttpclient.netty.request.NettyRequestSender - Using pooled Channel '[id: 0xea311ccb, L:/127.0.0.1:61917 - R:localhost/127.0.0.1:52160]' for 'POST' to 'http://localhost:52160/session/c27dca02460eac43222a534df112cecf/execute/sync'
22:27:03.894 [Forwarding isElementDisplayed on session c27dca02460eac43222a534df112cecf to remote] DEBUG org.asynchttpclient.netty.request.NettyRequestSender - Using open Channel [id: 0xea311ccb, L:/127.0.0.1:61917 - R:localhost/127.0.0.1:52160] for POST '/session/c27dca02460eac43222a534df112cecf/execute/sync'
22:27:03.954 [AsyncHttpClient-1-4] DEBUG org.asynchttpclient.netty.handler.HttpHandler - 

Request DefaultHttpRequest(decodeResult: success, version: HTTP/1.1)
POST /session/c27dca02460eac43222a534df112cecf/execute/sync HTTP/1.1
User-Agent: selenium/4.1.2 (java windows)
Content-Length: 48780
Content-Type: application/json; charset=utf-8
host: localhost:52160
accept: */*

Response DefaultHttpResponse(decodeResult: success, version: HTTP/1.1)
HTTP/1.1 200 OK
Content-Type: application/json; charset=utf-8
cache-control: no-cache
content-length: 14

22:27:03.954 [AsyncHttpClient-1-4] DEBUG org.asynchttpclient.netty.channel.ChannelManager - Adding key: http://localhost:52160 for channel [id: 0xea311ccb, L:/127.0.0.1:61917 - R:localhost/127.0.0.1:52160]
22:27:03.956 [Forwarding findElement on session c27dca02460eac43222a534df112cecf to remote] DEBUG org.asynchttpclient.netty.request.NettyRequestSender - Using pooled Channel '[id: 0xea311ccb, L:/127.0.0.1:61917 - R:localhost/127.0.0.1:52160]' for 'POST' to 'http://localhost:52160/session/c27dca02460eac43222a534df112cecf/element'
22:27:03.956 [Forwarding findElement on session c27dca02460eac43222a534df112cecf to remote] DEBUG org.asynchttpclient.netty.request.NettyRequestSender - Using open Channel [id: 0xea311ccb, L:/127.0.0.1:61917 - R:localhost/127.0.0.1:52160] for POST '/session/c27dca02460eac43222a534df112cecf/element'
22:27:04.282 [AsyncHttpClient-1-1] DEBUG org.asynchttpclient.netty.channel.DefaultChannelPool - Entry count for : http://localhost:61918 : 1
22:27:04.290 [AsyncHttpClient-1-4] DEBUG org.asynchttpclient.netty.handler.HttpHandler - 

Request DefaultHttpRequest(decodeResult: success, version: HTTP/1.1)
POST /session/c27dca02460eac43222a534df112cecf/element HTTP/1.1
User-Agent: selenium/4.1.2 (java windows)
Content-Length: 66
Content-Type: application/json; charset=utf-8
host: localhost:52160
accept: */*

Response DefaultHttpResponse(decodeResult: success, version: HTTP/1.1)
HTTP/1.1 200 OK
Content-Type: application/json; charset=utf-8
cache-control: no-cache
content-length: 88

22:27:04.290 [AsyncHttpClient-1-4] DEBUG org.asynchttpclient.netty.channel.ChannelManager - Adding key: http://localhost:52160 for channel [id: 0xea311ccb, L:/127.0.0.1:61917 - R:localhost/127.0.0.1:52160]
22:27:04.291 [Forwarding clickElement on session c27dca02460eac43222a534df112cecf to remote] DEBUG org.asynchttpclient.netty.request.NettyRequestSender - Using pooled Channel '[id: 0xea311ccb, L:/127.0.0.1:61917 - R:localhost/127.0.0.1:52160]' for 'POST' to 'http://localhost:52160/session/c27dca02460eac43222a534df112cecf/element/df4e54e4-3989-44b6-b365-c363cddf2a22/click'
22:27:04.291 [Forwarding clickElement on session c27dca02460eac43222a534df112cecf to remote] DEBUG org.asynchttpclient.netty.request.NettyRequestSender - Using open Channel [id: 0xea311ccb, L:/127.0.0.1:61917 - R:localhost/127.0.0.1:52160] for POST '/session/c27dca02460eac43222a534df112cecf/element/df4e54e4-3989-44b6-b365-c363cddf2a22/click'
22:27:04.442 [AsyncHttpClient-1-4] DEBUG org.asynchttpclient.netty.handler.HttpHandler - 

Request DefaultHttpRequest(decodeResult: success, version: HTTP/1.1)
POST /session/c27dca02460eac43222a534df112cecf/element/df4e54e4-3989-44b6-b365-c363cddf2a22/click HTTP/1.1
User-Agent: selenium/4.1.2 (java windows)
Content-Length: 50
Content-Type: application/json; charset=utf-8
host: localhost:52160
accept: */*

Response DefaultHttpResponse(decodeResult: success, version: HTTP/1.1)
HTTP/1.1 200 OK
Content-Type: application/json; charset=utf-8
cache-control: no-cache
content-length: 14

22:27:04.442 [AsyncHttpClient-1-4] DEBUG org.asynchttpclient.netty.channel.ChannelManager - Adding key: http://localhost:52160 for channel [id: 0xea311ccb, L:/127.0.0.1:61917 - R:localhost/127.0.0.1:52160]
22:27:04.454 [Forwarding screenshot on session c27dca02460eac43222a534df112cecf to remote] DEBUG org.asynchttpclient.netty.request.NettyRequestSender - Using pooled Channel '[id: 0xea311ccb, L:/127.0.0.1:61917 - R:localhost/127.0.0.1:52160]' for 'GET' to 'http://localhost:52160/session/c27dca02460eac43222a534df112cecf/screenshot'
22:27:04.454 [Forwarding screenshot on session c27dca02460eac43222a534df112cecf to remote] DEBUG org.asynchttpclient.netty.request.NettyRequestSender - Using open Channel [id: 0xea311ccb, L:/127.0.0.1:61917 - R:localhost/127.0.0.1:52160] for GET '/session/c27dca02460eac43222a534df112cecf/screenshot'
22:27:04.991 [AsyncHttpClient-1-4] DEBUG org.asynchttpclient.netty.handler.HttpHandler - 

Request DefaultFullHttpRequest(decodeResult: success, version: HTTP/1.1, content: EmptyByteBufBE)
GET /session/c27dca02460eac43222a534df112cecf/screenshot HTTP/1.1
User-Agent: selenium/4.1.2 (java windows)
Cache-Control: no-cache
Content-Type: application/json; charset=utf-8
host: localhost:52160
accept: */*

Response DefaultHttpResponse(decodeResult: success, version: HTTP/1.1)
HTTP/1.1 200 OK
Content-Type: application/json; charset=utf-8
cache-control: no-cache
content-length: 716984

22:27:04.993 [AsyncHttpClient-1-4] DEBUG org.asynchttpclient.netty.channel.ChannelManager - Adding key: http://localhost:52160 for channel [id: 0xea311ccb, L:/127.0.0.1:61917 - R:localhost/127.0.0.1:52160]
22:27:05.013 [main] DEBUG net.serenitybdd.core.photography.Darkroom - Send negative for processing for target\site\serenity\c72abbbd031b2588126dfe83032ba0a5d1dc0b62e082dc9dde953c2122544cfa.png
22:27:05.013 [main] DEBUG net.thucydides.core.steps.StepInterceptor - STEP DONE: {0} clicks on #target
22:27:05.013 [Darkroom Processing Line] DEBUG net.serenitybdd.core.photography.DarkroomProcessingLine - Processing screenshot image in /var/screenshots/screenshot-3153938248673387054
22:27:05.013 [Darkroom Processing Line] DEBUG net.serenitybdd.core.photography.DarkroomProcessingLine - Saving screenshot to target\site\serenity\c72abbbd031b2588126dfe83032ba0a5d1dc0b62e082dc9dde953c2122544cfa.png
22:27:05.018 [main] DEBUG net.thucydides.core.steps.StepInterceptor - STARTING STEP: CampaignsStepDefinitions.userClicksOnACategory - {0} clicks on #category
22:27:05.024 [main] DEBUG net.serenitybdd.screenplay.targets.IFrameSwitcher - default content already selected for Spor category
22:27:05.026 [Forwarding findElements on session c27dca02460eac43222a534df112cecf to remote] DEBUG org.asynchttpclient.netty.request.NettyRequestSender - Using pooled Channel '[id: 0xea311ccb, L:/127.0.0.1:61917 - R:localhost/127.0.0.1:52160]' for 'POST' to 'http://localhost:52160/session/c27dca02460eac43222a534df112cecf/elements'
22:27:05.026 [Forwarding findElements on session c27dca02460eac43222a534df112cecf to remote] DEBUG org.asynchttpclient.netty.request.NettyRequestSender - Using open Channel [id: 0xea311ccb, L:/127.0.0.1:61917 - R:localhost/127.0.0.1:52160] for POST '/session/c27dca02460eac43222a534df112cecf/elements'
22:27:05.040 [AsyncHttpClient-1-4] DEBUG org.asynchttpclient.netty.handler.HttpHandler - 

Request DefaultHttpRequest(decodeResult: success, version: HTTP/1.1)
POST /session/c27dca02460eac43222a534df112cecf/elements HTTP/1.1
User-Agent: selenium/4.1.2 (java windows)
Content-Length: 74
Content-Type: application/json; charset=utf-8
host: localhost:52160
accept: */*

Response DefaultHttpResponse(decodeResult: success, version: HTTP/1.1)
HTTP/1.1 200 OK
Content-Type: application/json; charset=utf-8
cache-control: no-cache
content-length: 90

22:27:05.041 [AsyncHttpClient-1-4] DEBUG org.asynchttpclient.netty.channel.ChannelManager - Adding key: http://localhost:52160 for channel [id: 0xea311ccb, L:/127.0.0.1:61917 - R:localhost/127.0.0.1:52160]
22:27:05.045 [Forwarding isElementDisplayed on session c27dca02460eac43222a534df112cecf to remote] DEBUG org.asynchttpclient.netty.request.NettyRequestSender - Using pooled Channel '[id: 0xea311ccb, L:/127.0.0.1:61917 - R:localhost/127.0.0.1:52160]' for 'POST' to 'http://localhost:52160/session/c27dca02460eac43222a534df112cecf/execute/sync'
22:27:05.045 [Forwarding isElementDisplayed on session c27dca02460eac43222a534df112cecf to remote] DEBUG org.asynchttpclient.netty.request.NettyRequestSender - Using open Channel [id: 0xea311ccb, L:/127.0.0.1:61917 - R:localhost/127.0.0.1:52160] for POST '/session/c27dca02460eac43222a534df112cecf/execute/sync'
22:27:05.068 [AsyncHttpClient-1-4] DEBUG org.asynchttpclient.netty.handler.HttpHandler - 

Request DefaultHttpRequest(decodeResult: success, version: HTTP/1.1)
POST /session/c27dca02460eac43222a534df112cecf/execute/sync HTTP/1.1
User-Agent: selenium/4.1.2 (java windows)
Content-Length: 48780
Content-Type: application/json; charset=utf-8
host: localhost:52160
accept: */*

Response DefaultHttpResponse(decodeResult: success, version: HTTP/1.1)
HTTP/1.1 200 OK
Content-Type: application/json; charset=utf-8
cache-control: no-cache
content-length: 14

22:27:05.068 [AsyncHttpClient-1-4] DEBUG org.asynchttpclient.netty.channel.ChannelManager - Adding key: http://localhost:52160 for channel [id: 0xea311ccb, L:/127.0.0.1:61917 - R:localhost/127.0.0.1:52160]
22:27:05.068 [Forwarding isElementEnabled on session c27dca02460eac43222a534df112cecf to remote] DEBUG org.asynchttpclient.netty.request.NettyRequestSender - Using pooled Channel '[id: 0xea311ccb, L:/127.0.0.1:61917 - R:localhost/127.0.0.1:52160]' for 'GET' to 'http://localhost:52160/session/c27dca02460eac43222a534df112cecf/element/7ee2ff39-ebe4-47a4-90f4-d4edad6083ba/enabled'
22:27:05.068 [Forwarding isElementEnabled on session c27dca02460eac43222a534df112cecf to remote] DEBUG org.asynchttpclient.netty.request.NettyRequestSender - Using open Channel [id: 0xea311ccb, L:/127.0.0.1:61917 - R:localhost/127.0.0.1:52160] for GET '/session/c27dca02460eac43222a534df112cecf/element/7ee2ff39-ebe4-47a4-90f4-d4edad6083ba/enabled'
22:27:05.080 [AsyncHttpClient-1-4] DEBUG org.asynchttpclient.netty.handler.HttpHandler - 

Request DefaultFullHttpRequest(decodeResult: success, version: HTTP/1.1, content: EmptyByteBufBE)
GET /session/c27dca02460eac43222a534df112cecf/element/7ee2ff39-ebe4-47a4-90f4-d4edad6083ba/enabled HTTP/1.1
User-Agent: selenium/4.1.2 (java windows)
Cache-Control: no-cache
Content-Type: application/json; charset=utf-8
host: localhost:52160
accept: */*

Response DefaultHttpResponse(decodeResult: success, version: HTTP/1.1)
HTTP/1.1 200 OK
Content-Type: application/json; charset=utf-8
cache-control: no-cache
content-length: 14

22:27:05.080 [AsyncHttpClient-1-4] DEBUG org.asynchttpclient.netty.channel.ChannelManager - Adding key: http://localhost:52160 for channel [id: 0xea311ccb, L:/127.0.0.1:61917 - R:localhost/127.0.0.1:52160]
22:27:05.087 [main] DEBUG net.thucydides.core.steps.StepInterceptor - STARTING STEP: ClickCategory.performAs - {0} clicks on #target
22:27:05.088 [main] DEBUG net.serenitybdd.screenplay.targets.IFrameSwitcher - default content already selected for Spor category
22:27:05.092 [Forwarding findElement on session c27dca02460eac43222a534df112cecf to remote] DEBUG org.asynchttpclient.netty.request.NettyRequestSender - Using pooled Channel '[id: 0xea311ccb, L:/127.0.0.1:61917 - R:localhost/127.0.0.1:52160]' for 'POST' to 'http://localhost:52160/session/c27dca02460eac43222a534df112cecf/element'
22:27:05.092 [Forwarding findElement on session c27dca02460eac43222a534df112cecf to remote] DEBUG org.asynchttpclient.netty.request.NettyRequestSender - Using open Channel [id: 0xea311ccb, L:/127.0.0.1:61917 - R:localhost/127.0.0.1:52160] for POST '/session/c27dca02460eac43222a534df112cecf/element'
22:27:05.105 [AsyncHttpClient-1-4] DEBUG org.asynchttpclient.netty.handler.HttpHandler - 

Request DefaultHttpRequest(decodeResult: success, version: HTTP/1.1)
POST /session/c27dca02460eac43222a534df112cecf/element HTTP/1.1
User-Agent: selenium/4.1.2 (java windows)
Content-Length: 74
Content-Type: application/json; charset=utf-8
host: localhost:52160
accept: */*

Response DefaultHttpResponse(decodeResult: success, version: HTTP/1.1)
HTTP/1.1 200 OK
Content-Type: application/json; charset=utf-8
cache-control: no-cache
content-length: 88

22:27:05.105 [AsyncHttpClient-1-4] DEBUG org.asynchttpclient.netty.channel.ChannelManager - Adding key: http://localhost:52160 for channel [id: 0xea311ccb, L:/127.0.0.1:61917 - R:localhost/127.0.0.1:52160]
22:27:05.110 [Forwarding isElementDisplayed on session c27dca02460eac43222a534df112cecf to remote] DEBUG org.asynchttpclient.netty.request.NettyRequestSender - Using pooled Channel '[id: 0xea311ccb, L:/127.0.0.1:61917 - R:localhost/127.0.0.1:52160]' for 'POST' to 'http://localhost:52160/session/c27dca02460eac43222a534df112cecf/execute/sync'
22:27:05.110 [Forwarding isElementDisplayed on session c27dca02460eac43222a534df112cecf to remote] DEBUG org.asynchttpclient.netty.request.NettyRequestSender - Using open Channel [id: 0xea311ccb, L:/127.0.0.1:61917 - R:localhost/127.0.0.1:52160] for POST '/session/c27dca02460eac43222a534df112cecf/execute/sync'
22:27:05.121 [AsyncHttpClient-1-4] DEBUG org.asynchttpclient.netty.handler.HttpHandler - 

Request DefaultHttpRequest(decodeResult: success, version: HTTP/1.1)
POST /session/c27dca02460eac43222a534df112cecf/execute/sync HTTP/1.1
User-Agent: selenium/4.1.2 (java windows)
Content-Length: 48780
Content-Type: application/json; charset=utf-8
host: localhost:52160
accept: */*

Response DefaultHttpResponse(decodeResult: success, version: HTTP/1.1)
HTTP/1.1 200 OK
Content-Type: application/json; charset=utf-8
cache-control: no-cache
content-length: 14

22:27:05.121 [AsyncHttpClient-1-4] DEBUG org.asynchttpclient.netty.channel.ChannelManager - Adding key: http://localhost:52160 for channel [id: 0xea311ccb, L:/127.0.0.1:61917 - R:localhost/127.0.0.1:52160]
22:27:05.123 [Forwarding findElement on session c27dca02460eac43222a534df112cecf to remote] DEBUG org.asynchttpclient.netty.request.NettyRequestSender - Using pooled Channel '[id: 0xea311ccb, L:/127.0.0.1:61917 - R:localhost/127.0.0.1:52160]' for 'POST' to 'http://localhost:52160/session/c27dca02460eac43222a534df112cecf/element'
22:27:05.123 [Forwarding findElement on session c27dca02460eac43222a534df112cecf to remote] DEBUG org.asynchttpclient.netty.request.NettyRequestSender - Using open Channel [id: 0xea311ccb, L:/127.0.0.1:61917 - R:localhost/127.0.0.1:52160] for POST '/session/c27dca02460eac43222a534df112cecf/element'
22:27:05.132 [AsyncHttpClient-1-4] DEBUG org.asynchttpclient.netty.handler.HttpHandler - 

Request DefaultHttpRequest(decodeResult: success, version: HTTP/1.1)
POST /session/c27dca02460eac43222a534df112cecf/element HTTP/1.1
User-Agent: selenium/4.1.2 (java windows)
Content-Length: 74
Content-Type: application/json; charset=utf-8
host: localhost:52160
accept: */*

Response DefaultHttpResponse(decodeResult: success, version: HTTP/1.1)
HTTP/1.1 200 OK
Content-Type: application/json; charset=utf-8
cache-control: no-cache
content-length: 88

22:27:05.132 [AsyncHttpClient-1-4] DEBUG org.asynchttpclient.netty.channel.ChannelManager - Adding key: http://localhost:52160 for channel [id: 0xea311ccb, L:/127.0.0.1:61917 - R:localhost/127.0.0.1:52160]
22:27:05.133 [Forwarding clickElement on session c27dca02460eac43222a534df112cecf to remote] DEBUG org.asynchttpclient.netty.request.NettyRequestSender - Using pooled Channel '[id: 0xea311ccb, L:/127.0.0.1:61917 - R:localhost/127.0.0.1:52160]' for 'POST' to 'http://localhost:52160/session/c27dca02460eac43222a534df112cecf/element/7ee2ff39-ebe4-47a4-90f4-d4edad6083ba/click'
22:27:05.133 [Forwarding clickElement on session c27dca02460eac43222a534df112cecf to remote] DEBUG org.asynchttpclient.netty.request.NettyRequestSender - Using open Channel [id: 0xea311ccb, L:/127.0.0.1:61917 - R:localhost/127.0.0.1:52160] for POST '/session/c27dca02460eac43222a534df112cecf/element/7ee2ff39-ebe4-47a4-90f4-d4edad6083ba/click'
22:27:05.239 [AsyncHttpClient-1-4] DEBUG org.asynchttpclient.netty.handler.HttpHandler - 

Request DefaultHttpRequest(decodeResult: success, version: HTTP/1.1)
POST /session/c27dca02460eac43222a534df112cecf/element/7ee2ff39-ebe4-47a4-90f4-d4edad6083ba/click HTTP/1.1
User-Agent: selenium/4.1.2 (java windows)
Content-Length: 50
Content-Type: application/json; charset=utf-8
host: localhost:52160
accept: */*

Response DefaultHttpResponse(decodeResult: success, version: HTTP/1.1)
HTTP/1.1 200 OK
Content-Type: application/json; charset=utf-8
cache-control: no-cache
content-length: 14

22:27:05.239 [AsyncHttpClient-1-4] DEBUG org.asynchttpclient.netty.channel.ChannelManager - Adding key: http://localhost:52160 for channel [id: 0xea311ccb, L:/127.0.0.1:61917 - R:localhost/127.0.0.1:52160]
22:27:05.256 [Forwarding screenshot on session c27dca02460eac43222a534df112cecf to remote] DEBUG org.asynchttpclient.netty.request.NettyRequestSender - Using pooled Channel '[id: 0xea311ccb, L:/127.0.0.1:61917 - R:localhost/127.0.0.1:52160]' for 'GET' to 'http://localhost:52160/session/c27dca02460eac43222a534df112cecf/screenshot'
22:27:05.256 [Forwarding screenshot on session c27dca02460eac43222a534df112cecf to remote] DEBUG org.asynchttpclient.netty.request.NettyRequestSender - Using open Channel [id: 0xea311ccb, L:/127.0.0.1:61917 - R:localhost/127.0.0.1:52160] for GET '/session/c27dca02460eac43222a534df112cecf/screenshot'
22:27:05.390 [AsyncHttpClient-1-1] DEBUG org.asynchttpclient.netty.channel.DefaultChannelPool - Entry count for : http://localhost:61918 : 1
22:27:06.055 [AsyncHttpClient-1-4] DEBUG org.asynchttpclient.netty.handler.HttpHandler - 

Request DefaultFullHttpRequest(decodeResult: success, version: HTTP/1.1, content: EmptyByteBufBE)
GET /session/c27dca02460eac43222a534df112cecf/screenshot HTTP/1.1
User-Agent: selenium/4.1.2 (java windows)
Cache-Control: no-cache
Content-Type: application/json; charset=utf-8
host: localhost:52160
accept: */*

Response DefaultHttpResponse(decodeResult: success, version: HTTP/1.1)
HTTP/1.1 200 OK
Content-Type: application/json; charset=utf-8
cache-control: no-cache
content-length: 126420

22:27:06.055 [AsyncHttpClient-1-4] DEBUG org.asynchttpclient.netty.channel.ChannelManager - Adding key: http://localhost:52160 for channel [id: 0xea311ccb, L:/127.0.0.1:61917 - R:localhost/127.0.0.1:52160]
22:27:06.061 [main] DEBUG net.serenitybdd.core.photography.Darkroom - Send negative for processing for target\site\serenity\810c6db10cfb73aa6af67d1b263b76a6bad27c7895e79d1eccbefab1575e23bf.png
22:27:06.061 [main] DEBUG net.thucydides.core.steps.StepInterceptor - STEP DONE: {0} clicks on #target
22:27:06.072 [main] DEBUG net.thucydides.core.steps.StepInterceptor - STEP DONE: {0} clicks on #category
  &amp#27;[32mWhen &amp#27;[0m&amp#27;[32muser clicks on &amp#27;[0m&amp#27;[32m&amp#27;[1m"spor-outdoor"&amp#27;[0m                                        &amp#27;[90m# stepdefinitions.CampaignsStepDefinitions.userClicksOnACategory(java.lang.String)&amp#27;[0m
22:27:06.080 [Darkroom Processing Line] DEBUG net.serenitybdd.core.photography.DarkroomProcessingLine - Processing screenshot image in /var/screenshots/screenshot-5903034346221626154
22:27:06.081 [Darkroom Processing Line] DEBUG net.serenitybdd.core.photography.DarkroomProcessingLine - Saving screenshot to target\site\serenity\810c6db10cfb73aa6af67d1b263b76a6bad27c7895e79d1eccbefab1575e23bf.png
22:27:06.104 [Forwarding findElements on session c27dca02460eac43222a534df112cecf to remote] DEBUG org.asynchttpclient.netty.request.NettyRequestSender - Using pooled Channel '[id: 0xea311ccb, L:/127.0.0.1:61917 - R:localhost/127.0.0.1:52160]' for 'POST' to 'http://localhost:52160/session/c27dca02460eac43222a534df112cecf/elements'
22:27:06.104 [Forwarding findElements on session c27dca02460eac43222a534df112cecf to remote] DEBUG org.asynchttpclient.netty.request.NettyRequestSender - Using open Channel [id: 0xea311ccb, L:/127.0.0.1:61917 - R:localhost/127.0.0.1:52160] for POST '/session/c27dca02460eac43222a534df112cecf/elements'
22:27:06.268 [AsyncHttpClient-1-4] DEBUG org.asynchttpclient.netty.handler.HttpHandler - 

Request DefaultHttpRequest(decodeResult: success, version: HTTP/1.1)
POST /session/c27dca02460eac43222a534df112cecf/elements HTTP/1.1
User-Agent: selenium/4.1.2 (java windows)
Content-Length: 84
Content-Type: application/json; charset=utf-8
host: localhost:52160
accept: */*

Response DefaultHttpResponse(decodeResult: success, version: HTTP/1.1)
HTTP/1.1 200 OK
Content-Type: application/json; charset=utf-8
cache-control: no-cache
content-length: 1275

22:27:06.268 [AsyncHttpClient-1-4] DEBUG org.asynchttpclient.netty.channel.ChannelManager - Adding key: http://localhost:52160 for channel [id: 0xea311ccb, L:/127.0.0.1:61917 - R:localhost/127.0.0.1:52160]
22:27:06.269 [Forwarding findElement on session c27dca02460eac43222a534df112cecf to remote] DEBUG org.asynchttpclient.netty.request.NettyRequestSender - Using pooled Channel '[id: 0xea311ccb, L:/127.0.0.1:61917 - R:localhost/127.0.0.1:52160]' for 'POST' to 'http://localhost:52160/session/c27dca02460eac43222a534df112cecf/element'
22:27:06.269 [Forwarding findElement on session c27dca02460eac43222a534df112cecf to remote] DEBUG org.asynchttpclient.netty.request.NettyRequestSender - Using open Channel [id: 0xea311ccb, L:/127.0.0.1:61917 - R:localhost/127.0.0.1:52160] for POST '/session/c27dca02460eac43222a534df112cecf/element'
22:27:06.345 [AsyncHttpClient-1-4] DEBUG org.asynchttpclient.netty.handler.HttpHandler - 

Request DefaultHttpRequest(decodeResult: success, version: HTTP/1.1)
POST /session/c27dca02460eac43222a534df112cecf/element HTTP/1.1
User-Agent: selenium/4.1.2 (java windows)
Content-Length: 74
Content-Type: application/json; charset=utf-8
host: localhost:52160
accept: */*

Response DefaultHttpResponse(decodeResult: success, version: HTTP/1.1)
HTTP/1.1 200 OK
Content-Type: application/json; charset=utf-8
cache-control: no-cache
content-length: 88

22:27:06.345 [AsyncHttpClient-1-4] DEBUG org.asynchttpclient.netty.channel.ChannelManager - Adding key: http://localhost:52160 for channel [id: 0xea311ccb, L:/127.0.0.1:61917 - R:localhost/127.0.0.1:52160]
22:27:06.350 [Forwarding getElementAttribute on session c27dca02460eac43222a534df112cecf to remote] DEBUG org.asynchttpclient.netty.request.NettyRequestSender - Using pooled Channel '[id: 0xea311ccb, L:/127.0.0.1:61917 - R:localhost/127.0.0.1:52160]' for 'POST' to 'http://localhost:52160/session/c27dca02460eac43222a534df112cecf/execute/sync'
22:27:06.350 [Forwarding getElementAttribute on session c27dca02460eac43222a534df112cecf to remote] DEBUG org.asynchttpclient.netty.request.NettyRequestSender - Using open Channel [id: 0xea311ccb, L:/127.0.0.1:61917 - R:localhost/127.0.0.1:52160] for POST '/session/c27dca02460eac43222a534df112cecf/execute/sync'
22:27:06.375 [AsyncHttpClient-1-4] DEBUG org.asynchttpclient.netty.handler.HttpHandler - 

Request DefaultHttpRequest(decodeResult: success, version: HTTP/1.1)
POST /session/c27dca02460eac43222a534df112cecf/execute/sync HTTP/1.1
User-Agent: selenium/4.1.2 (java windows)
Content-Length: 47339
Content-Type: application/json; charset=utf-8
host: localhost:52160
accept: */*

Response DefaultHttpResponse(decodeResult: success, version: HTTP/1.1)
HTTP/1.1 200 OK
Content-Type: application/json; charset=utf-8
cache-control: no-cache
content-length: 112

22:27:06.375 [AsyncHttpClient-1-4] DEBUG org.asynchttpclient.netty.channel.ChannelManager - Adding key: http://localhost:52160 for channel [id: 0xea311ccb, L:/127.0.0.1:61917 - R:localhost/127.0.0.1:52160]
22:27:06.379 [Forwarding getElementAttribute on session c27dca02460eac43222a534df112cecf to remote] DEBUG org.asynchttpclient.netty.request.NettyRequestSender - Using pooled Channel '[id: 0xea311ccb, L:/127.0.0.1:61917 - R:localhost/127.0.0.1:52160]' for 'POST' to 'http://localhost:52160/session/c27dca02460eac43222a534df112cecf/execute/sync'
22:27:06.379 [Forwarding getElementAttribute on session c27dca02460eac43222a534df112cecf to remote] DEBUG org.asynchttpclient.netty.request.NettyRequestSender - Using open Channel [id: 0xea311ccb, L:/127.0.0.1:61917 - R:localhost/127.0.0.1:52160] for POST '/session/c27dca02460eac43222a534df112cecf/execute/sync'
22:27:06.407 [AsyncHttpClient-1-4] DEBUG org.asynchttpclient.netty.handler.HttpHandler - 

Request DefaultHttpRequest(decodeResult: success, version: HTTP/1.1)
POST /session/c27dca02460eac43222a534df112cecf/execute/sync HTTP/1.1
User-Agent: selenium/4.1.2 (java windows)
Content-Length: 47339
Content-Type: application/json; charset=utf-8
host: localhost:52160
accept: */*

Response DefaultHttpResponse(decodeResult: success, version: HTTP/1.1)
HTTP/1.1 200 OK
Content-Type: application/json; charset=utf-8
cache-control: no-cache
content-length: 87

22:27:06.407 [AsyncHttpClient-1-4] DEBUG org.asynchttpclient.netty.channel.ChannelManager - Adding key: http://localhost:52160 for channel [id: 0xea311ccb, L:/127.0.0.1:61917 - R:localhost/127.0.0.1:52160]
22:27:06.410 [Forwarding getElementAttribute on session c27dca02460eac43222a534df112cecf to remote] DEBUG org.asynchttpclient.netty.request.NettyRequestSender - Using pooled Channel '[id: 0xea311ccb, L:/127.0.0.1:61917 - R:localhost/127.0.0.1:52160]' for 'POST' to 'http://localhost:52160/session/c27dca02460eac43222a534df112cecf/execute/sync'
22:27:06.410 [Forwarding getElementAttribute on session c27dca02460eac43222a534df112cecf to remote] DEBUG org.asynchttpclient.netty.request.NettyRequestSender - Using open Channel [id: 0xea311ccb, L:/127.0.0.1:61917 - R:localhost/127.0.0.1:52160] for POST '/session/c27dca02460eac43222a534df112cecf/execute/sync'
22:27:06.442 [AsyncHttpClient-1-4] DEBUG org.asynchttpclient.netty.handler.HttpHandler - 

Request DefaultHttpRequest(decodeResult: success, version: HTTP/1.1)
POST /session/c27dca02460eac43222a534df112cecf/execute/sync HTTP/1.1
User-Agent: selenium/4.1.2 (java windows)
Content-Length: 47339
Content-Type: application/json; charset=utf-8
host: localhost:52160
accept: */*

Response DefaultHttpResponse(decodeResult: success, version: HTTP/1.1)
HTTP/1.1 200 OK
Content-Type: application/json; charset=utf-8
cache-control: no-cache
content-length: 79

22:27:06.442 [AsyncHttpClient-1-4] DEBUG org.asynchttpclient.netty.channel.ChannelManager - Adding key: http://localhost:52160 for channel [id: 0xea311ccb, L:/127.0.0.1:61917 - R:localhost/127.0.0.1:52160]
22:27:06.449 [Forwarding getElementAttribute on session c27dca02460eac43222a534df112cecf to remote] DEBUG org.asynchttpclient.netty.request.NettyRequestSender - Using pooled Channel '[id: 0xea311ccb, L:/127.0.0.1:61917 - R:localhost/127.0.0.1:52160]' for 'POST' to 'http://localhost:52160/session/c27dca02460eac43222a534df112cecf/execute/sync'
22:27:06.449 [Forwarding getElementAttribute on session c27dca02460eac43222a534df112cecf to remote] DEBUG org.asynchttpclient.netty.request.NettyRequestSender - Using open Channel [id: 0xea311ccb, L:/127.0.0.1:61917 - R:localhost/127.0.0.1:52160] for POST '/session/c27dca02460eac43222a534df112cecf/execute/sync'
22:27:06.459 [AsyncHttpClient-1-4] DEBUG org.asynchttpclient.netty.handler.HttpHandler - 

Request DefaultHttpRequest(decodeResult: success, version: HTTP/1.1)
POST /session/c27dca02460eac43222a534df112cecf/execute/sync HTTP/1.1
User-Agent: selenium/4.1.2 (java windows)
Content-Length: 47339
Content-Type: application/json; charset=utf-8
host: localhost:52160
accept: */*

Response DefaultHttpResponse(decodeResult: success, version: HTTP/1.1)
HTTP/1.1 200 OK
Content-Type: application/json; charset=utf-8
cache-control: no-cache
content-length: 83

22:27:06.459 [AsyncHttpClient-1-4] DEBUG org.asynchttpclient.netty.channel.ChannelManager - Adding key: http://localhost:52160 for channel [id: 0xea311ccb, L:/127.0.0.1:61917 - R:localhost/127.0.0.1:52160]
22:27:06.459 [Forwarding getElementAttribute on session c27dca02460eac43222a534df112cecf to remote] DEBUG org.asynchttpclient.netty.request.NettyRequestSender - Using pooled Channel '[id: 0xea311ccb, L:/127.0.0.1:61917 - R:localhost/127.0.0.1:52160]' for 'POST' to 'http://localhost:52160/session/c27dca02460eac43222a534df112cecf/execute/sync'
22:27:06.459 [Forwarding getElementAttribute on session c27dca02460eac43222a534df112cecf to remote] DEBUG org.asynchttpclient.netty.request.NettyRequestSender - Using open Channel [id: 0xea311ccb, L:/127.0.0.1:61917 - R:localhost/127.0.0.1:52160] for POST '/session/c27dca02460eac43222a534df112cecf/execute/sync'
22:27:06.469 [AsyncHttpClient-1-4] DEBUG org.asynchttpclient.netty.handler.HttpHandler - 

Request DefaultHttpRequest(decodeResult: success, version: HTTP/1.1)
POST /session/c27dca02460eac43222a534df112cecf/execute/sync HTTP/1.1
User-Agent: selenium/4.1.2 (java windows)
Content-Length: 47339
Content-Type: application/json; charset=utf-8
host: localhost:52160
accept: */*

Response DefaultHttpResponse(decodeResult: success, version: HTTP/1.1)
HTTP/1.1 200 OK
Content-Type: application/json; charset=utf-8
cache-control: no-cache
content-length: 75

22:27:06.469 [AsyncHttpClient-1-4] DEBUG org.asynchttpclient.netty.channel.ChannelManager - Adding key: http://localhost:52160 for channel [id: 0xea311ccb, L:/127.0.0.1:61917 - R:localhost/127.0.0.1:52160]
22:27:06.480 [AsyncHttpClient-1-1] DEBUG org.asynchttpclient.netty.channel.DefaultChannelPool - Entry count for : http://localhost:52160 : 1
22:27:06.480 [AsyncHttpClient-1-1] DEBUG org.asynchttpclient.netty.channel.DefaultChannelPool - Entry count for : http://localhost:61918 : 1
22:27:06.481 [Forwarding getElementAttribute on session c27dca02460eac43222a534df112cecf to remote] DEBUG org.asynchttpclient.netty.request.NettyRequestSender - Using pooled Channel '[id: 0xea311ccb, L:/127.0.0.1:61917 - R:localhost/127.0.0.1:52160]' for 'POST' to 'http://localhost:52160/session/c27dca02460eac43222a534df112cecf/execute/sync'
22:27:06.481 [Forwarding getElementAttribute on session c27dca02460eac43222a534df112cecf to remote] DEBUG org.asynchttpclient.netty.request.NettyRequestSender - Using open Channel [id: 0xea311ccb, L:/127.0.0.1:61917 - R:localhost/127.0.0.1:52160] for POST '/session/c27dca02460eac43222a534df112cecf/execute/sync'
22:27:06.498 [AsyncHttpClient-1-4] DEBUG org.asynchttpclient.netty.handler.HttpHandler - 

Request DefaultHttpRequest(decodeResult: success, version: HTTP/1.1)
POST /session/c27dca02460eac43222a534df112cecf/execute/sync HTTP/1.1
User-Agent: selenium/4.1.2 (java windows)
Content-Length: 47339
Content-Type: application/json; charset=utf-8
host: localhost:52160
accept: */*

Response DefaultHttpResponse(decodeResult: success, version: HTTP/1.1)
HTTP/1.1 200 OK
Content-Type: application/json; charset=utf-8
cache-control: no-cache
content-length: 79

22:27:06.498 [AsyncHttpClient-1-4] DEBUG org.asynchttpclient.netty.channel.ChannelManager - Adding key: http://localhost:52160 for channel [id: 0xea311ccb, L:/127.0.0.1:61917 - R:localhost/127.0.0.1:52160]
22:27:06.502 [Forwarding getElementAttribute on session c27dca02460eac43222a534df112cecf to remote] DEBUG org.asynchttpclient.netty.request.NettyRequestSender - Using pooled Channel '[id: 0xea311ccb, L:/127.0.0.1:61917 - R:localhost/127.0.0.1:52160]' for 'POST' to 'http://localhost:52160/session/c27dca02460eac43222a534df112cecf/execute/sync'
22:27:06.502 [Forwarding getElementAttribute on session c27dca02460eac43222a534df112cecf to remote] DEBUG org.asynchttpclient.netty.request.NettyRequestSender - Using open Channel [id: 0xea311ccb, L:/127.0.0.1:61917 - R:localhost/127.0.0.1:52160] for POST '/session/c27dca02460eac43222a534df112cecf/execute/sync'
22:27:06.574 [AsyncHttpClient-1-4] DEBUG org.asynchttpclient.netty.handler.HttpHandler - 

Request DefaultHttpRequest(decodeResult: success, version: HTTP/1.1)
POST /session/c27dca02460eac43222a534df112cecf/execute/sync HTTP/1.1
User-Agent: selenium/4.1.2 (java windows)
Content-Length: 47339
Content-Type: application/json; charset=utf-8
host: localhost:52160
accept: */*

Response DefaultHttpResponse(decodeResult: success, version: HTTP/1.1)
HTTP/1.1 200 OK
Content-Type: application/json; charset=utf-8
cache-control: no-cache
content-length: 95

22:27:06.574 [AsyncHttpClient-1-4] DEBUG org.asynchttpclient.netty.channel.ChannelManager - Adding key: http://localhost:52160 for channel [id: 0xea311ccb, L:/127.0.0.1:61917 - R:localhost/127.0.0.1:52160]
22:27:06.578 [Forwarding getElementAttribute on session c27dca02460eac43222a534df112cecf to remote] DEBUG org.asynchttpclient.netty.request.NettyRequestSender - Using pooled Channel '[id: 0xea311ccb, L:/127.0.0.1:61917 - R:localhost/127.0.0.1:52160]' for 'POST' to 'http://localhost:52160/session/c27dca02460eac43222a534df112cecf/execute/sync'
22:27:06.578 [Forwarding getElementAttribute on session c27dca02460eac43222a534df112cecf to remote] DEBUG org.asynchttpclient.netty.request.NettyRequestSender - Using open Channel [id: 0xea311ccb, L:/127.0.0.1:61917 - R:localhost/127.0.0.1:52160] for POST '/session/c27dca02460eac43222a534df112cecf/execute/sync'
22:27:06.597 [AsyncHttpClient-1-4] DEBUG org.asynchttpclient.netty.handler.HttpHandler - 

Request DefaultHttpRequest(decodeResult: success, version: HTTP/1.1)
POST /session/c27dca02460eac43222a534df112cecf/execute/sync HTTP/1.1
User-Agent: selenium/4.1.2 (java windows)
Content-Length: 47339
Content-Type: application/json; charset=utf-8
host: localhost:52160
accept: */*

Response DefaultHttpResponse(decodeResult: success, version: HTTP/1.1)
HTTP/1.1 200 OK
Content-Type: application/json; charset=utf-8
cache-control: no-cache
content-length: 84

22:27:06.597 [AsyncHttpClient-1-4] DEBUG org.asynchttpclient.netty.channel.ChannelManager - Adding key: http://localhost:52160 for channel [id: 0xea311ccb, L:/127.0.0.1:61917 - R:localhost/127.0.0.1:52160]
22:27:06.605 [Forwarding getElementAttribute on session c27dca02460eac43222a534df112cecf to remote] DEBUG org.asynchttpclient.netty.request.NettyRequestSender - Using pooled Channel '[id: 0xea311ccb, L:/127.0.0.1:61917 - R:localhost/127.0.0.1:52160]' for 'POST' to 'http://localhost:52160/session/c27dca02460eac43222a534df112cecf/execute/sync'
22:27:06.605 [Forwarding getElementAttribute on session c27dca02460eac43222a534df112cecf to remote] DEBUG org.asynchttpclient.netty.request.NettyRequestSender - Using open Channel [id: 0xea311ccb, L:/127.0.0.1:61917 - R:localhost/127.0.0.1:52160] for POST '/session/c27dca02460eac43222a534df112cecf/execute/sync'
22:27:06.627 [AsyncHttpClient-1-4] DEBUG org.asynchttpclient.netty.handler.HttpHandler - 

Request DefaultHttpRequest(decodeResult: success, version: HTTP/1.1)
POST /session/c27dca02460eac43222a534df112cecf/execute/sync HTTP/1.1
User-Agent: selenium/4.1.2 (java windows)
Content-Length: 47339
Content-Type: application/json; charset=utf-8
host: localhost:52160
accept: */*

Response DefaultHttpResponse(decodeResult: success, version: HTTP/1.1)
HTTP/1.1 200 OK
Content-Type: application/json; charset=utf-8
cache-control: no-cache
content-length: 114

22:27:06.627 [AsyncHttpClient-1-4] DEBUG org.asynchttpclient.netty.channel.ChannelManager - Adding key: http://localhost:52160 for channel [id: 0xea311ccb, L:/127.0.0.1:61917 - R:localhost/127.0.0.1:52160]
22:27:06.631 [Forwarding getElementAttribute on session c27dca02460eac43222a534df112cecf to remote] DEBUG org.asynchttpclient.netty.request.NettyRequestSender - Using pooled Channel '[id: 0xea311ccb, L:/127.0.0.1:61917 - R:localhost/127.0.0.1:52160]' for 'POST' to 'http://localhost:52160/session/c27dca02460eac43222a534df112cecf/execute/sync'
22:27:06.631 [Forwarding getElementAttribute on session c27dca02460eac43222a534df112cecf to remote] DEBUG org.asynchttpclient.netty.request.NettyRequestSender - Using open Channel [id: 0xea311ccb, L:/127.0.0.1:61917 - R:localhost/127.0.0.1:52160] for POST '/session/c27dca02460eac43222a534df112cecf/execute/sync'
22:27:06.645 [AsyncHttpClient-1-4] DEBUG org.asynchttpclient.netty.handler.HttpHandler - 

Request DefaultHttpRequest(decodeResult: success, version: HTTP/1.1)
POST /session/c27dca02460eac43222a534df112cecf/execute/sync HTTP/1.1
User-Agent: selenium/4.1.2 (java windows)
Content-Length: 47339
Content-Type: application/json; charset=utf-8
host: localhost:52160
accept: */*

Response DefaultHttpResponse(decodeResult: success, version: HTTP/1.1)
HTTP/1.1 200 OK
Content-Type: application/json; charset=utf-8
cache-control: no-cache
content-length: 95

22:27:06.645 [AsyncHttpClient-1-4] DEBUG org.asynchttpclient.netty.channel.ChannelManager - Adding key: http://localhost:52160 for channel [id: 0xea311ccb, L:/127.0.0.1:61917 - R:localhost/127.0.0.1:52160]
22:27:06.649 [Forwarding getElementAttribute on session c27dca02460eac43222a534df112cecf to remote] DEBUG org.asynchttpclient.netty.request.NettyRequestSender - Using pooled Channel '[id: 0xea311ccb, L:/127.0.0.1:61917 - R:localhost/127.0.0.1:52160]' for 'POST' to 'http://localhost:52160/session/c27dca02460eac43222a534df112cecf/execute/sync'
22:27:06.649 [Forwarding getElementAttribute on session c27dca02460eac43222a534df112cecf to remote] DEBUG org.asynchttpclient.netty.request.NettyRequestSender - Using open Channel [id: 0xea311ccb, L:/127.0.0.1:61917 - R:localhost/127.0.0.1:52160] for POST '/session/c27dca02460eac43222a534df112cecf/execute/sync'
22:27:06.661 [AsyncHttpClient-1-4] DEBUG org.asynchttpclient.netty.handler.HttpHandler - 

Request DefaultHttpRequest(decodeResult: success, version: HTTP/1.1)
POST /session/c27dca02460eac43222a534df112cecf/execute/sync HTTP/1.1
User-Agent: selenium/4.1.2 (java windows)
Content-Length: 47339
Content-Type: application/json; charset=utf-8
host: localhost:52160
accept: */*

Response DefaultHttpResponse(decodeResult: success, version: HTTP/1.1)
HTTP/1.1 200 OK
Content-Type: application/json; charset=utf-8
cache-control: no-cache
content-length: 90

22:27:06.661 [AsyncHttpClient-1-4] DEBUG org.asynchttpclient.netty.channel.ChannelManager - Adding key: http://localhost:52160 for channel [id: 0xea311ccb, L:/127.0.0.1:61917 - R:localhost/127.0.0.1:52160]
22:27:06.666 [Forwarding getElementAttribute on session c27dca02460eac43222a534df112cecf to remote] DEBUG org.asynchttpclient.netty.request.NettyRequestSender - Using pooled Channel '[id: 0xea311ccb, L:/127.0.0.1:61917 - R:localhost/127.0.0.1:52160]' for 'POST' to 'http://localhost:52160/session/c27dca02460eac43222a534df112cecf/execute/sync'
22:27:06.666 [Forwarding getElementAttribute on session c27dca02460eac43222a534df112cecf to remote] DEBUG org.asynchttpclient.netty.request.NettyRequestSender - Using open Channel [id: 0xea311ccb, L:/127.0.0.1:61917 - R:localhost/127.0.0.1:52160] for POST '/session/c27dca02460eac43222a534df112cecf/execute/sync'
22:27:06.681 [AsyncHttpClient-1-4] DEBUG org.asynchttpclient.netty.handler.HttpHandler - 

Request DefaultHttpRequest(decodeResult: success, version: HTTP/1.1)
POST /session/c27dca02460eac43222a534df112cecf/execute/sync HTTP/1.1
User-Agent: selenium/4.1.2 (java windows)
Content-Length: 47339
Content-Type: application/json; charset=utf-8
host: localhost:52160
accept: */*

Response DefaultHttpResponse(decodeResult: success, version: HTTP/1.1)
HTTP/1.1 200 OK
Content-Type: application/json; charset=utf-8
cache-control: no-cache
content-length: 89

22:27:06.681 [AsyncHttpClient-1-4] DEBUG org.asynchttpclient.netty.channel.ChannelManager - Adding key: http://localhost:52160 for channel [id: 0xea311ccb, L:/127.0.0.1:61917 - R:localhost/127.0.0.1:52160]
22:27:06.685 [Forwarding getElementAttribute on session c27dca02460eac43222a534df112cecf to remote] DEBUG org.asynchttpclient.netty.request.NettyRequestSender - Using pooled Channel '[id: 0xea311ccb, L:/127.0.0.1:61917 - R:localhost/127.0.0.1:52160]' for 'POST' to 'http://localhost:52160/session/c27dca02460eac43222a534df112cecf/execute/sync'
22:27:06.685 [Forwarding getElementAttribute on session c27dca02460eac43222a534df112cecf to remote] DEBUG org.asynchttpclient.netty.request.NettyRequestSender - Using open Channel [id: 0xea311ccb, L:/127.0.0.1:61917 - R:localhost/127.0.0.1:52160] for POST '/session/c27dca02460eac43222a534df112cecf/execute/sync'
22:27:06.695 [AsyncHttpClient-1-4] DEBUG org.asynchttpclient.netty.handler.HttpHandler - 

Request DefaultHttpRequest(decodeResult: success, version: HTTP/1.1)
POST /session/c27dca02460eac43222a534df112cecf/execute/sync HTTP/1.1
User-Agent: selenium/4.1.2 (java windows)
Content-Length: 47339
Content-Type: application/json; charset=utf-8
host: localhost:52160
accept: */*

Response DefaultHttpResponse(decodeResult: success, version: HTTP/1.1)
HTTP/1.1 200 OK
Content-Type: application/json; charset=utf-8
cache-control: no-cache
content-length: 100

22:27:06.695 [AsyncHttpClient-1-4] DEBUG org.asynchttpclient.netty.channel.ChannelManager - Adding key: http://localhost:52160 for channel [id: 0xea311ccb, L:/127.0.0.1:61917 - R:localhost/127.0.0.1:52160]
22:27:06.699 [Forwarding getElementAttribute on session c27dca02460eac43222a534df112cecf to remote] DEBUG org.asynchttpclient.netty.request.NettyRequestSender - Using pooled Channel '[id: 0xea311ccb, L:/127.0.0.1:61917 - R:localhost/127.0.0.1:52160]' for 'POST' to 'http://localhost:52160/session/c27dca02460eac43222a534df112cecf/execute/sync'
22:27:06.699 [Forwarding getElementAttribute on session c27dca02460eac43222a534df112cecf to remote] DEBUG org.asynchttpclient.netty.request.NettyRequestSender - Using open Channel [id: 0xea311ccb, L:/127.0.0.1:61917 - R:localhost/127.0.0.1:52160] for POST '/session/c27dca02460eac43222a534df112cecf/execute/sync'
22:27:06.709 [AsyncHttpClient-1-4] DEBUG org.asynchttpclient.netty.handler.HttpHandler - 

Request DefaultHttpRequest(decodeResult: success, version: HTTP/1.1)
POST /session/c27dca02460eac43222a534df112cecf/execute/sync HTTP/1.1
User-Agent: selenium/4.1.2 (java windows)
Content-Length: 47339
Content-Type: application/json; charset=utf-8
host: localhost:52160
accept: */*

Response DefaultHttpResponse(decodeResult: success, version: HTTP/1.1)
HTTP/1.1 200 OK
Content-Type: application/json; charset=utf-8
cache-control: no-cache
content-length: 109

22:27:06.710 [AsyncHttpClient-1-4] DEBUG org.asynchttpclient.netty.channel.ChannelManager - Adding key: http://localhost:52160 for channel [id: 0xea311ccb, L:/127.0.0.1:61917 - R:localhost/127.0.0.1:52160]
22:27:06.714 [Forwarding getElementAttribute on session c27dca02460eac43222a534df112cecf to remote] DEBUG org.asynchttpclient.netty.request.NettyRequestSender - Using pooled Channel '[id: 0xea311ccb, L:/127.0.0.1:61917 - R:localhost/127.0.0.1:52160]' for 'POST' to 'http://localhost:52160/session/c27dca02460eac43222a534df112cecf/execute/sync'
22:27:06.714 [Forwarding getElementAttribute on session c27dca02460eac43222a534df112cecf to remote] DEBUG org.asynchttpclient.netty.request.NettyRequestSender - Using open Channel [id: 0xea311ccb, L:/127.0.0.1:61917 - R:localhost/127.0.0.1:52160] for POST '/session/c27dca02460eac43222a534df112cecf/execute/sync'
22:27:06.725 [AsyncHttpClient-1-4] DEBUG org.asynchttpclient.netty.handler.HttpHandler - 

Request DefaultHttpRequest(decodeResult: success, version: HTTP/1.1)
POST /session/c27dca02460eac43222a534df112cecf/execute/sync HTTP/1.1
User-Agent: selenium/4.1.2 (java windows)
Content-Length: 47339
Content-Type: application/json; charset=utf-8
host: localhost:52160
accept: */*

Response DefaultHttpResponse(decodeResult: success, version: HTTP/1.1)
HTTP/1.1 200 OK
Content-Type: application/json; charset=utf-8
cache-control: no-cache
content-length: 103

22:27:06.725 [AsyncHttpClient-1-4] DEBUG org.asynchttpclient.netty.channel.ChannelManager - Adding key: http://localhost:52160 for channel [id: 0xea311ccb, L:/127.0.0.1:61917 - R:localhost/127.0.0.1:52160]
22:27:06.729 [Forwarding getElementAttribute on session c27dca02460eac43222a534df112cecf to remote] DEBUG org.asynchttpclient.netty.request.NettyRequestSender - Using pooled Channel '[id: 0xea311ccb, L:/127.0.0.1:61917 - R:localhost/127.0.0.1:52160]' for 'POST' to 'http://localhost:52160/session/c27dca02460eac43222a534df112cecf/execute/sync'
22:27:06.729 [Forwarding getElementAttribute on session c27dca02460eac43222a534df112cecf to remote] DEBUG org.asynchttpclient.netty.request.NettyRequestSender - Using open Channel [id: 0xea311ccb, L:/127.0.0.1:61917 - R:localhost/127.0.0.1:52160] for POST '/session/c27dca02460eac43222a534df112cecf/execute/sync'
22:27:06.740 [AsyncHttpClient-1-4] DEBUG org.asynchttpclient.netty.handler.HttpHandler - 

Request DefaultHttpRequest(decodeResult: success, version: HTTP/1.1)
POST /session/c27dca02460eac43222a534df112cecf/execute/sync HTTP/1.1
User-Agent: selenium/4.1.2 (java windows)
Content-Length: 47339
Content-Type: application/json; charset=utf-8
host: localhost:52160
accept: */*

Response DefaultHttpResponse(decodeResult: success, version: HTTP/1.1)
HTTP/1.1 200 OK
Content-Type: application/json; charset=utf-8
cache-control: no-cache
content-length: 119

22:27:06.740 [AsyncHttpClient-1-4] DEBUG org.asynchttpclient.netty.channel.ChannelManager - Adding key: http://localhost:52160 for channel [id: 0xea311ccb, L:/127.0.0.1:61917 - R:localhost/127.0.0.1:52160]
22:27:06.743 [Forwarding getElementAttribute on session c27dca02460eac43222a534df112cecf to remote] DEBUG org.asynchttpclient.netty.request.NettyRequestSender - Using pooled Channel '[id: 0xea311ccb, L:/127.0.0.1:61917 - R:localhost/127.0.0.1:52160]' for 'POST' to 'http://localhost:52160/session/c27dca02460eac43222a534df112cecf/execute/sync'
22:27:06.743 [Forwarding getElementAttribute on session c27dca02460eac43222a534df112cecf to remote] DEBUG org.asynchttpclient.netty.request.NettyRequestSender - Using open Channel [id: 0xea311ccb, L:/127.0.0.1:61917 - R:localhost/127.0.0.1:52160] for POST '/session/c27dca02460eac43222a534df112cecf/execute/sync'
22:27:06.755 [AsyncHttpClient-1-4] DEBUG org.asynchttpclient.netty.handler.HttpHandler - 

Request DefaultHttpRequest(decodeResult: success, version: HTTP/1.1)
POST /session/c27dca02460eac43222a534df112cecf/execute/sync HTTP/1.1
User-Agent: selenium/4.1.2 (java windows)
Content-Length: 47339
Content-Type: application/json; charset=utf-8
host: localhost:52160
accept: */*

Response DefaultHttpResponse(decodeResult: success, version: HTTP/1.1)
HTTP/1.1 200 OK
Content-Type: application/json; charset=utf-8
cache-control: no-cache
content-length: 62

22:27:06.755 [AsyncHttpClient-1-4] DEBUG org.asynchttpclient.netty.channel.ChannelManager - Adding key: http://localhost:52160 for channel [id: 0xea311ccb, L:/127.0.0.1:61917 - R:localhost/127.0.0.1:52160]
22:27:06.798 [Forwarding findElements on session c27dca02460eac43222a534df112cecf to remote] DEBUG org.asynchttpclient.netty.request.NettyRequestSender - Using pooled Channel '[id: 0xea311ccb, L:/127.0.0.1:61917 - R:localhost/127.0.0.1:52160]' for 'POST' to 'http://localhost:52160/session/c27dca02460eac43222a534df112cecf/elements'
22:27:06.798 [Forwarding findElements on session c27dca02460eac43222a534df112cecf to remote] DEBUG org.asynchttpclient.netty.request.NettyRequestSender - Using open Channel [id: 0xea311ccb, L:/127.0.0.1:61917 - R:localhost/127.0.0.1:52160] for POST '/session/c27dca02460eac43222a534df112cecf/elements'
22:27:06.816 [AsyncHttpClient-1-4] DEBUG org.asynchttpclient.netty.handler.HttpHandler - 

Request DefaultHttpRequest(decodeResult: success, version: HTTP/1.1)
POST /session/c27dca02460eac43222a534df112cecf/elements HTTP/1.1
User-Agent: selenium/4.1.2 (java windows)
Content-Length: 84
Content-Type: application/json; charset=utf-8
host: localhost:52160
accept: */*

Response DefaultHttpResponse(decodeResult: success, version: HTTP/1.1)
HTTP/1.1 200 OK
Content-Type: application/json; charset=utf-8
cache-control: no-cache
content-length: 1275

22:27:06.816 [AsyncHttpClient-1-4] DEBUG org.asynchttpclient.netty.channel.ChannelManager - Adding key: http://localhost:52160 for channel [id: 0xea311ccb, L:/127.0.0.1:61917 - R:localhost/127.0.0.1:52160]
22:27:06.817 [Forwarding findElement on session c27dca02460eac43222a534df112cecf to remote] DEBUG org.asynchttpclient.netty.request.NettyRequestSender - Using pooled Channel '[id: 0xea311ccb, L:/127.0.0.1:61917 - R:localhost/127.0.0.1:52160]' for 'POST' to 'http://localhost:52160/session/c27dca02460eac43222a534df112cecf/element'
22:27:06.817 [Forwarding findElement on session c27dca02460eac43222a534df112cecf to remote] DEBUG org.asynchttpclient.netty.request.NettyRequestSender - Using open Channel [id: 0xea311ccb, L:/127.0.0.1:61917 - R:localhost/127.0.0.1:52160] for POST '/session/c27dca02460eac43222a534df112cecf/element'
22:27:06.822 [AsyncHttpClient-1-4] DEBUG org.asynchttpclient.netty.handler.HttpHandler - 

Request DefaultHttpRequest(decodeResult: success, version: HTTP/1.1)
POST /session/c27dca02460eac43222a534df112cecf/element HTTP/1.1
User-Agent: selenium/4.1.2 (java windows)
Content-Length: 74
Content-Type: application/json; charset=utf-8
host: localhost:52160
accept: */*

Response DefaultHttpResponse(decodeResult: success, version: HTTP/1.1)
HTTP/1.1 200 OK
Content-Type: application/json; charset=utf-8
cache-control: no-cache
content-length: 88

22:27:06.822 [AsyncHttpClient-1-4] DEBUG org.asynchttpclient.netty.channel.ChannelManager - Adding key: http://localhost:52160 for channel [id: 0xea311ccb, L:/127.0.0.1:61917 - R:localhost/127.0.0.1:52160]
22:27:06.832 [Forwarding getElementAttribute on session c27dca02460eac43222a534df112cecf to remote] DEBUG org.asynchttpclient.netty.request.NettyRequestSender - Using pooled Channel '[id: 0xea311ccb, L:/127.0.0.1:61917 - R:localhost/127.0.0.1:52160]' for 'POST' to 'http://localhost:52160/session/c27dca02460eac43222a534df112cecf/execute/sync'
22:27:06.832 [Forwarding getElementAttribute on session c27dca02460eac43222a534df112cecf to remote] DEBUG org.asynchttpclient.netty.request.NettyRequestSender - Using open Channel [id: 0xea311ccb, L:/127.0.0.1:61917 - R:localhost/127.0.0.1:52160] for POST '/session/c27dca02460eac43222a534df112cecf/execute/sync'
22:27:06.833 [AsyncHttpClient-1-4] DEBUG org.asynchttpclient.netty.handler.HttpHandler - 

Request DefaultHttpRequest(decodeResult: success, version: HTTP/1.1)
POST /session/c27dca02460eac43222a534df112cecf/execute/sync HTTP/1.1
User-Agent: selenium/4.1.2 (java windows)
Content-Length: 47339
Content-Type: application/json; charset=utf-8
host: localhost:52160
accept: */*

Response DefaultHttpResponse(decodeResult: success, version: HTTP/1.1)
HTTP/1.1 200 OK
Content-Type: application/json; charset=utf-8
cache-control: no-cache
content-length: 112

22:27:06.833 [AsyncHttpClient-1-4] DEBUG org.asynchttpclient.netty.channel.ChannelManager - Adding key: http://localhost:52160 for channel [id: 0xea311ccb, L:/127.0.0.1:61917 - R:localhost/127.0.0.1:52160]
22:27:06.843 [Forwarding getElementAttribute on session c27dca02460eac43222a534df112cecf to remote] DEBUG org.asynchttpclient.netty.request.NettyRequestSender - Using pooled Channel '[id: 0xea311ccb, L:/127.0.0.1:61917 - R:localhost/127.0.0.1:52160]' for 'POST' to 'http://localhost:52160/session/c27dca02460eac43222a534df112cecf/execute/sync'
22:27:06.843 [Forwarding getElementAttribute on session c27dca02460eac43222a534df112cecf to remote] DEBUG org.asynchttpclient.netty.request.NettyRequestSender - Using open Channel [id: 0xea311ccb, L:/127.0.0.1:61917 - R:localhost/127.0.0.1:52160] for POST '/session/c27dca02460eac43222a534df112cecf/execute/sync'
22:27:06.853 [AsyncHttpClient-1-4] DEBUG org.asynchttpclient.netty.handler.HttpHandler - 

Request DefaultHttpRequest(decodeResult: success, version: HTTP/1.1)
POST /session/c27dca02460eac43222a534df112cecf/execute/sync HTTP/1.1
User-Agent: selenium/4.1.2 (java windows)
Content-Length: 47339
Content-Type: application/json; charset=utf-8
host: localhost:52160
accept: */*

Response DefaultHttpResponse(decodeResult: success, version: HTTP/1.1)
HTTP/1.1 200 OK
Content-Type: application/json; charset=utf-8
cache-control: no-cache
content-length: 87

22:27:06.853 [AsyncHttpClient-1-4] DEBUG org.asynchttpclient.netty.channel.ChannelManager - Adding key: http://localhost:52160 for channel [id: 0xea311ccb, L:/127.0.0.1:61917 - R:localhost/127.0.0.1:52160]
22:27:06.853 [Forwarding getElementAttribute on session c27dca02460eac43222a534df112cecf to remote] DEBUG org.asynchttpclient.netty.request.NettyRequestSender - Using pooled Channel '[id: 0xea311ccb, L:/127.0.0.1:61917 - R:localhost/127.0.0.1:52160]' for 'POST' to 'http://localhost:52160/session/c27dca02460eac43222a534df112cecf/execute/sync'
22:27:06.853 [Forwarding getElementAttribute on session c27dca02460eac43222a534df112cecf to remote] DEBUG org.asynchttpclient.netty.request.NettyRequestSender - Using open Channel [id: 0xea311ccb, L:/127.0.0.1:61917 - R:localhost/127.0.0.1:52160] for POST '/session/c27dca02460eac43222a534df112cecf/execute/sync'
22:27:06.863 [AsyncHttpClient-1-4] DEBUG org.asynchttpclient.netty.handler.HttpHandler - 

Request DefaultHttpRequest(decodeResult: success, version: HTTP/1.1)
POST /session/c27dca02460eac43222a534df112cecf/execute/sync HTTP/1.1
User-Agent: selenium/4.1.2 (java windows)
Content-Length: 47339
Content-Type: application/json; charset=utf-8
host: localhost:52160
accept: */*

Response DefaultHttpResponse(decodeResult: success, version: HTTP/1.1)
HTTP/1.1 200 OK
Content-Type: application/json; charset=utf-8
cache-control: no-cache
content-length: 79

22:27:06.863 [AsyncHttpClient-1-4] DEBUG org.asynchttpclient.netty.channel.ChannelManager - Adding key: http://localhost:52160 for channel [id: 0xea311ccb, L:/127.0.0.1:61917 - R:localhost/127.0.0.1:52160]
22:27:06.873 [Forwarding getElementAttribute on session c27dca02460eac43222a534df112cecf to remote] DEBUG org.asynchttpclient.netty.request.NettyRequestSender - Using pooled Channel '[id: 0xea311ccb, L:/127.0.0.1:61917 - R:localhost/127.0.0.1:52160]' for 'POST' to 'http://localhost:52160/session/c27dca02460eac43222a534df112cecf/execute/sync'
22:27:06.873 [Forwarding getElementAttribute on session c27dca02460eac43222a534df112cecf to remote] DEBUG org.asynchttpclient.netty.request.NettyRequestSender - Using open Channel [id: 0xea311ccb, L:/127.0.0.1:61917 - R:localhost/127.0.0.1:52160] for POST '/session/c27dca02460eac43222a534df112cecf/execute/sync'
22:27:06.881 [AsyncHttpClient-1-4] DEBUG org.asynchttpclient.netty.handler.HttpHandler - 

Request DefaultHttpRequest(decodeResult: success, version: HTTP/1.1)
POST /session/c27dca02460eac43222a534df112cecf/execute/sync HTTP/1.1
User-Agent: selenium/4.1.2 (java windows)
Content-Length: 47339
Content-Type: application/json; charset=utf-8
host: localhost:52160
accept: */*

Response DefaultHttpResponse(decodeResult: success, version: HTTP/1.1)
HTTP/1.1 200 OK
Content-Type: application/json; charset=utf-8
cache-control: no-cache
content-length: 83

22:27:06.881 [AsyncHttpClient-1-4] DEBUG org.asynchttpclient.netty.channel.ChannelManager - Adding key: http://localhost:52160 for channel [id: 0xea311ccb, L:/127.0.0.1:61917 - R:localhost/127.0.0.1:52160]
22:27:06.881 [Forwarding getElementAttribute on session c27dca02460eac43222a534df112cecf to remote] DEBUG org.asynchttpclient.netty.request.NettyRequestSender - Using pooled Channel '[id: 0xea311ccb, L:/127.0.0.1:61917 - R:localhost/127.0.0.1:52160]' for 'POST' to 'http://localhost:52160/session/c27dca02460eac43222a534df112cecf/execute/sync'
22:27:06.881 [Forwarding getElementAttribute on session c27dca02460eac43222a534df112cecf to remote] DEBUG org.asynchttpclient.netty.request.NettyRequestSender - Using open Channel [id: 0xea311ccb, L:/127.0.0.1:61917 - R:localhost/127.0.0.1:52160] for POST '/session/c27dca02460eac43222a534df112cecf/execute/sync'
22:27:06.891 [AsyncHttpClient-1-4] DEBUG org.asynchttpclient.netty.handler.HttpHandler - 

Request DefaultHttpRequest(decodeResult: success, version: HTTP/1.1)
POST /session/c27dca02460eac43222a534df112cecf/execute/sync HTTP/1.1
User-Agent: selenium/4.1.2 (java windows)
Content-Length: 47339
Content-Type: application/json; charset=utf-8
host: localhost:52160
accept: */*

Response DefaultHttpResponse(decodeResult: success, version: HTTP/1.1)
HTTP/1.1 200 OK
Content-Type: application/json; charset=utf-8
cache-control: no-cache
content-length: 75

22:27:06.891 [AsyncHttpClient-1-4] DEBUG org.asynchttpclient.netty.channel.ChannelManager - Adding key: http://localhost:52160 for channel [id: 0xea311ccb, L:/127.0.0.1:61917 - R:localhost/127.0.0.1:52160]
22:27:06.901 [Forwarding getElementAttribute on session c27dca02460eac43222a534df112cecf to remote] DEBUG org.asynchttpclient.netty.request.NettyRequestSender - Using pooled Channel '[id: 0xea311ccb, L:/127.0.0.1:61917 - R:localhost/127.0.0.1:52160]' for 'POST' to 'http://localhost:52160/session/c27dca02460eac43222a534df112cecf/execute/sync'
22:27:06.901 [Forwarding getElementAttribute on session c27dca02460eac43222a534df112cecf to remote] DEBUG org.asynchttpclient.netty.request.NettyRequestSender - Using open Channel [id: 0xea311ccb, L:/127.0.0.1:61917 - R:localhost/127.0.0.1:52160] for POST '/session/c27dca02460eac43222a534df112cecf/execute/sync'
22:27:06.911 [AsyncHttpClient-1-4] DEBUG org.asynchttpclient.netty.handler.HttpHandler - 

Request DefaultHttpRequest(decodeResult: success, version: HTTP/1.1)
POST /session/c27dca02460eac43222a534df112cecf/execute/sync HTTP/1.1
User-Agent: selenium/4.1.2 (java windows)
Content-Length: 47339
Content-Type: application/json; charset=utf-8
host: localhost:52160
accept: */*

Response DefaultHttpResponse(decodeResult: success, version: HTTP/1.1)
HTTP/1.1 200 OK
Content-Type: application/json; charset=utf-8
cache-control: no-cache
content-length: 79

22:27:06.911 [AsyncHttpClient-1-4] DEBUG org.asynchttpclient.netty.channel.ChannelManager - Adding key: http://localhost:52160 for channel [id: 0xea311ccb, L:/127.0.0.1:61917 - R:localhost/127.0.0.1:52160]
22:27:06.911 [Forwarding getElementAttribute on session c27dca02460eac43222a534df112cecf to remote] DEBUG org.asynchttpclient.netty.request.NettyRequestSender - Using pooled Channel '[id: 0xea311ccb, L:/127.0.0.1:61917 - R:localhost/127.0.0.1:52160]' for 'POST' to 'http://localhost:52160/session/c27dca02460eac43222a534df112cecf/execute/sync'
22:27:06.911 [Forwarding getElementAttribute on session c27dca02460eac43222a534df112cecf to remote] DEBUG org.asynchttpclient.netty.request.NettyRequestSender - Using open Channel [id: 0xea311ccb, L:/127.0.0.1:61917 - R:localhost/127.0.0.1:52160] for POST '/session/c27dca02460eac43222a534df112cecf/execute/sync'
22:27:06.921 [AsyncHttpClient-1-4] DEBUG org.asynchttpclient.netty.handler.HttpHandler - 

Request DefaultHttpRequest(decodeResult: success, version: HTTP/1.1)
POST /session/c27dca02460eac43222a534df112cecf/execute/sync HTTP/1.1
User-Agent: selenium/4.1.2 (java windows)
Content-Length: 47339
Content-Type: application/json; charset=utf-8
host: localhost:52160
accept: */*

Response DefaultHttpResponse(decodeResult: success, version: HTTP/1.1)
HTTP/1.1 200 OK
Content-Type: application/json; charset=utf-8
cache-control: no-cache
content-length: 95

22:27:06.921 [AsyncHttpClient-1-4] DEBUG org.asynchttpclient.netty.channel.ChannelManager - Adding key: http://localhost:52160 for channel [id: 0xea311ccb, L:/127.0.0.1:61917 - R:localhost/127.0.0.1:52160]
22:27:06.931 [Forwarding getElementAttribute on session c27dca02460eac43222a534df112cecf to remote] DEBUG org.asynchttpclient.netty.request.NettyRequestSender - Using pooled Channel '[id: 0xea311ccb, L:/127.0.0.1:61917 - R:localhost/127.0.0.1:52160]' for 'POST' to 'http://localhost:52160/session/c27dca02460eac43222a534df112cecf/execute/sync'
22:27:06.931 [Forwarding getElementAttribute on session c27dca02460eac43222a534df112cecf to remote] DEBUG org.asynchttpclient.netty.request.NettyRequestSender - Using open Channel [id: 0xea311ccb, L:/127.0.0.1:61917 - R:localhost/127.0.0.1:52160] for POST '/session/c27dca02460eac43222a534df112cecf/execute/sync'
22:27:06.941 [AsyncHttpClient-1-4] DEBUG org.asynchttpclient.netty.handler.HttpHandler - 

Request DefaultHttpRequest(decodeResult: success, version: HTTP/1.1)
POST /session/c27dca02460eac43222a534df112cecf/execute/sync HTTP/1.1
User-Agent: selenium/4.1.2 (java windows)
Content-Length: 47339
Content-Type: application/json; charset=utf-8
host: localhost:52160
accept: */*

Response DefaultHttpResponse(decodeResult: success, version: HTTP/1.1)
HTTP/1.1 200 OK
Content-Type: application/json; charset=utf-8
cache-control: no-cache
content-length: 84

22:27:06.941 [AsyncHttpClient-1-4] DEBUG org.asynchttpclient.netty.channel.ChannelManager - Adding key: http://localhost:52160 for channel [id: 0xea311ccb, L:/127.0.0.1:61917 - R:localhost/127.0.0.1:52160]
22:27:06.941 [Forwarding getElementAttribute on session c27dca02460eac43222a534df112cecf to remote] DEBUG org.asynchttpclient.netty.request.NettyRequestSender - Using pooled Channel '[id: 0xea311ccb, L:/127.0.0.1:61917 - R:localhost/127.0.0.1:52160]' for 'POST' to 'http://localhost:52160/session/c27dca02460eac43222a534df112cecf/execute/sync'
22:27:06.941 [Forwarding getElementAttribute on session c27dca02460eac43222a534df112cecf to remote] DEBUG org.asynchttpclient.netty.request.NettyRequestSender - Using open Channel [id: 0xea311ccb, L:/127.0.0.1:61917 - R:localhost/127.0.0.1:52160] for POST '/session/c27dca02460eac43222a534df112cecf/execute/sync'
22:27:06.951 [AsyncHttpClient-1-4] DEBUG org.asynchttpclient.netty.handler.HttpHandler - 

Request DefaultHttpRequest(decodeResult: success, version: HTTP/1.1)
POST /session/c27dca02460eac43222a534df112cecf/execute/sync HTTP/1.1
User-Agent: selenium/4.1.2 (java windows)
Content-Length: 47339
Content-Type: application/json; charset=utf-8
host: localhost:52160
accept: */*

Response DefaultHttpResponse(decodeResult: success, version: HTTP/1.1)
HTTP/1.1 200 OK
Content-Type: application/json; charset=utf-8
cache-control: no-cache
content-length: 114

22:27:06.951 [AsyncHttpClient-1-4] DEBUG org.asynchttpclient.netty.channel.ChannelManager - Adding key: http://localhost:52160 for channel [id: 0xea311ccb, L:/127.0.0.1:61917 - R:localhost/127.0.0.1:52160]
22:27:06.951 [Forwarding getElementAttribute on session c27dca02460eac43222a534df112cecf to remote] DEBUG org.asynchttpclient.netty.request.NettyRequestSender - Using pooled Channel '[id: 0xea311ccb, L:/127.0.0.1:61917 - R:localhost/127.0.0.1:52160]' for 'POST' to 'http://localhost:52160/session/c27dca02460eac43222a534df112cecf/execute/sync'
22:27:06.951 [Forwarding getElementAttribute on session c27dca02460eac43222a534df112cecf to remote] DEBUG org.asynchttpclient.netty.request.NettyRequestSender - Using open Channel [id: 0xea311ccb, L:/127.0.0.1:61917 - R:localhost/127.0.0.1:52160] for POST '/session/c27dca02460eac43222a534df112cecf/execute/sync'
22:27:06.961 [AsyncHttpClient-1-4] DEBUG org.asynchttpclient.netty.handler.HttpHandler - 

Request DefaultHttpRequest(decodeResult: success, version: HTTP/1.1)
POST /session/c27dca02460eac43222a534df112cecf/execute/sync HTTP/1.1
User-Agent: selenium/4.1.2 (java windows)
Content-Length: 47339
Content-Type: application/json; charset=utf-8
host: localhost:52160
accept: */*

Response DefaultHttpResponse(decodeResult: success, version: HTTP/1.1)
HTTP/1.1 200 OK
Content-Type: application/json; charset=utf-8
cache-control: no-cache
content-length: 95

22:27:06.961 [AsyncHttpClient-1-4] DEBUG org.asynchttpclient.netty.channel.ChannelManager - Adding key: http://localhost:52160 for channel [id: 0xea311ccb, L:/127.0.0.1:61917 - R:localhost/127.0.0.1:52160]
22:27:06.971 [Forwarding getElementAttribute on session c27dca02460eac43222a534df112cecf to remote] DEBUG org.asynchttpclient.netty.request.NettyRequestSender - Using pooled Channel '[id: 0xea311ccb, L:/127.0.0.1:61917 - R:localhost/127.0.0.1:52160]' for 'POST' to 'http://localhost:52160/session/c27dca02460eac43222a534df112cecf/execute/sync'
22:27:06.971 [Forwarding getElementAttribute on session c27dca02460eac43222a534df112cecf to remote] DEBUG org.asynchttpclient.netty.request.NettyRequestSender - Using open Channel [id: 0xea311ccb, L:/127.0.0.1:61917 - R:localhost/127.0.0.1:52160] for POST '/session/c27dca02460eac43222a534df112cecf/execute/sync'
22:27:06.980 [AsyncHttpClient-1-4] DEBUG org.asynchttpclient.netty.handler.HttpHandler - 

Request DefaultHttpRequest(decodeResult: success, version: HTTP/1.1)
POST /session/c27dca02460eac43222a534df112cecf/execute/sync HTTP/1.1
User-Agent: selenium/4.1.2 (java windows)
Content-Length: 47339
Content-Type: application/json; charset=utf-8
host: localhost:52160
accept: */*

Response DefaultHttpResponse(decodeResult: success, version: HTTP/1.1)
HTTP/1.1 200 OK
Content-Type: application/json; charset=utf-8
cache-control: no-cache
content-length: 90

22:27:06.980 [AsyncHttpClient-1-4] DEBUG org.asynchttpclient.netty.channel.ChannelManager - Adding key: http://localhost:52160 for channel [id: 0xea311ccb, L:/127.0.0.1:61917 - R:localhost/127.0.0.1:52160]
22:27:06.980 [Forwarding getElementAttribute on session c27dca02460eac43222a534df112cecf to remote] DEBUG org.asynchttpclient.netty.request.NettyRequestSender - Using pooled Channel '[id: 0xea311ccb, L:/127.0.0.1:61917 - R:localhost/127.0.0.1:52160]' for 'POST' to 'http://localhost:52160/session/c27dca02460eac43222a534df112cecf/execute/sync'
22:27:06.980 [Forwarding getElementAttribute on session c27dca02460eac43222a534df112cecf to remote] DEBUG org.asynchttpclient.netty.request.NettyRequestSender - Using open Channel [id: 0xea311ccb, L:/127.0.0.1:61917 - R:localhost/127.0.0.1:52160] for POST '/session/c27dca02460eac43222a534df112cecf/execute/sync'
22:27:07.000 [AsyncHttpClient-1-4] DEBUG org.asynchttpclient.netty.handler.HttpHandler - 

Request DefaultHttpRequest(decodeResult: success, version: HTTP/1.1)
POST /session/c27dca02460eac43222a534df112cecf/execute/sync HTTP/1.1
User-Agent: selenium/4.1.2 (java windows)
Content-Length: 47339
Content-Type: application/json; charset=utf-8
host: localhost:52160
accept: */*

Response DefaultHttpResponse(decodeResult: success, version: HTTP/1.1)
HTTP/1.1 200 OK
Content-Type: application/json; charset=utf-8
cache-control: no-cache
content-length: 89

22:27:07.000 [AsyncHttpClient-1-4] DEBUG org.asynchttpclient.netty.channel.ChannelManager - Adding key: http://localhost:52160 for channel [id: 0xea311ccb, L:/127.0.0.1:61917 - R:localhost/127.0.0.1:52160]
22:27:07.010 [Forwarding getElementAttribute on session c27dca02460eac43222a534df112cecf to remote] DEBUG org.asynchttpclient.netty.request.NettyRequestSender - Using pooled Channel '[id: 0xea311ccb, L:/127.0.0.1:61917 - R:localhost/127.0.0.1:52160]' for 'POST' to 'http://localhost:52160/session/c27dca02460eac43222a534df112cecf/execute/sync'
22:27:07.010 [Forwarding getElementAttribute on session c27dca02460eac43222a534df112cecf to remote] DEBUG org.asynchttpclient.netty.request.NettyRequestSender - Using open Channel [id: 0xea311ccb, L:/127.0.0.1:61917 - R:localhost/127.0.0.1:52160] for POST '/session/c27dca02460eac43222a534df112cecf/execute/sync'
22:27:07.021 [AsyncHttpClient-1-4] DEBUG org.asynchttpclient.netty.handler.HttpHandler - 

Request DefaultHttpRequest(decodeResult: success, version: HTTP/1.1)
POST /session/c27dca02460eac43222a534df112cecf/execute/sync HTTP/1.1
User-Agent: selenium/4.1.2 (java windows)
Content-Length: 47339
Content-Type: application/json; charset=utf-8
host: localhost:52160
accept: */*

Response DefaultHttpResponse(decodeResult: success, version: HTTP/1.1)
HTTP/1.1 200 OK
Content-Type: application/json; charset=utf-8
cache-control: no-cache
content-length: 100

22:27:07.021 [AsyncHttpClient-1-4] DEBUG org.asynchttpclient.netty.channel.ChannelManager - Adding key: http://localhost:52160 for channel [id: 0xea311ccb, L:/127.0.0.1:61917 - R:localhost/127.0.0.1:52160]
22:27:07.031 [Forwarding getElementAttribute on session c27dca02460eac43222a534df112cecf to remote] DEBUG org.asynchttpclient.netty.request.NettyRequestSender - Using pooled Channel '[id: 0xea311ccb, L:/127.0.0.1:61917 - R:localhost/127.0.0.1:52160]' for 'POST' to 'http://localhost:52160/session/c27dca02460eac43222a534df112cecf/execute/sync'
22:27:07.031 [Forwarding getElementAttribute on session c27dca02460eac43222a534df112cecf to remote] DEBUG org.asynchttpclient.netty.request.NettyRequestSender - Using open Channel [id: 0xea311ccb, L:/127.0.0.1:61917 - R:localhost/127.0.0.1:52160] for POST '/session/c27dca02460eac43222a534df112cecf/execute/sync'
22:27:07.044 [AsyncHttpClient-1-4] DEBUG org.asynchttpclient.netty.handler.HttpHandler - 

Request DefaultHttpRequest(decodeResult: success, version: HTTP/1.1)
POST /session/c27dca02460eac43222a534df112cecf/execute/sync HTTP/1.1
User-Agent: selenium/4.1.2 (java windows)
Content-Length: 47339
Content-Type: application/json; charset=utf-8
host: localhost:52160
accept: */*

Response DefaultHttpResponse(decodeResult: success, version: HTTP/1.1)
HTTP/1.1 200 OK
Content-Type: application/json; charset=utf-8
cache-control: no-cache
content-length: 109

22:27:07.044 [AsyncHttpClient-1-4] DEBUG org.asynchttpclient.netty.channel.ChannelManager - Adding key: http://localhost:52160 for channel [id: 0xea311ccb, L:/127.0.0.1:61917 - R:localhost/127.0.0.1:52160]
22:27:07.054 [Forwarding getElementAttribute on session c27dca02460eac43222a534df112cecf to remote] DEBUG org.asynchttpclient.netty.request.NettyRequestSender - Using pooled Channel '[id: 0xea311ccb, L:/127.0.0.1:61917 - R:localhost/127.0.0.1:52160]' for 'POST' to 'http://localhost:52160/session/c27dca02460eac43222a534df112cecf/execute/sync'
22:27:07.054 [Forwarding getElementAttribute on session c27dca02460eac43222a534df112cecf to remote] DEBUG org.asynchttpclient.netty.request.NettyRequestSender - Using open Channel [id: 0xea311ccb, L:/127.0.0.1:61917 - R:localhost/127.0.0.1:52160] for POST '/session/c27dca02460eac43222a534df112cecf/execute/sync'
22:27:07.064 [AsyncHttpClient-1-4] DEBUG org.asynchttpclient.netty.handler.HttpHandler - 

Request DefaultHttpRequest(decodeResult: success, version: HTTP/1.1)
POST /session/c27dca02460eac43222a534df112cecf/execute/sync HTTP/1.1
User-Agent: selenium/4.1.2 (java windows)
Content-Length: 47339
Content-Type: application/json; charset=utf-8
host: localhost:52160
accept: */*

Response DefaultHttpResponse(decodeResult: success, version: HTTP/1.1)
HTTP/1.1 200 OK
Content-Type: application/json; charset=utf-8
cache-control: no-cache
content-length: 103

22:27:07.064 [AsyncHttpClient-1-4] DEBUG org.asynchttpclient.netty.channel.ChannelManager - Adding key: http://localhost:52160 for channel [id: 0xea311ccb, L:/127.0.0.1:61917 - R:localhost/127.0.0.1:52160]
22:27:07.074 [Forwarding getElementAttribute on session c27dca02460eac43222a534df112cecf to remote] DEBUG org.asynchttpclient.netty.request.NettyRequestSender - Using pooled Channel '[id: 0xea311ccb, L:/127.0.0.1:61917 - R:localhost/127.0.0.1:52160]' for 'POST' to 'http://localhost:52160/session/c27dca02460eac43222a534df112cecf/execute/sync'
22:27:07.074 [Forwarding getElementAttribute on session c27dca02460eac43222a534df112cecf to remote] DEBUG org.asynchttpclient.netty.request.NettyRequestSender - Using open Channel [id: 0xea311ccb, L:/127.0.0.1:61917 - R:localhost/127.0.0.1:52160] for POST '/session/c27dca02460eac43222a534df112cecf/execute/sync'
22:27:07.082 [AsyncHttpClient-1-4] DEBUG org.asynchttpclient.netty.handler.HttpHandler - 

Request DefaultHttpRequest(decodeResult: success, version: HTTP/1.1)
POST /session/c27dca02460eac43222a534df112cecf/execute/sync HTTP/1.1
User-Agent: selenium/4.1.2 (java windows)
Content-Length: 47339
Content-Type: application/json; charset=utf-8
host: localhost:52160
accept: */*

Response DefaultHttpResponse(decodeResult: success, version: HTTP/1.1)
HTTP/1.1 200 OK
Content-Type: application/json; charset=utf-8
cache-control: no-cache
content-length: 119

22:27:07.082 [AsyncHttpClient-1-4] DEBUG org.asynchttpclient.netty.channel.ChannelManager - Adding key: http://localhost:52160 for channel [id: 0xea311ccb, L:/127.0.0.1:61917 - R:localhost/127.0.0.1:52160]
22:27:07.082 [Forwarding getElementAttribute on session c27dca02460eac43222a534df112cecf to remote] DEBUG org.asynchttpclient.netty.request.NettyRequestSender - Using pooled Channel '[id: 0xea311ccb, L:/127.0.0.1:61917 - R:localhost/127.0.0.1:52160]' for 'POST' to 'http://localhost:52160/session/c27dca02460eac43222a534df112cecf/execute/sync'
22:27:07.082 [Forwarding getElementAttribute on session c27dca02460eac43222a534df112cecf to remote] DEBUG org.asynchttpclient.netty.request.NettyRequestSender - Using open Channel [id: 0xea311ccb, L:/127.0.0.1:61917 - R:localhost/127.0.0.1:52160] for POST '/session/c27dca02460eac43222a534df112cecf/execute/sync'
22:27:07.100 [AsyncHttpClient-1-4] DEBUG org.asynchttpclient.netty.handler.HttpHandler - 

Request DefaultHttpRequest(decodeResult: success, version: HTTP/1.1)
POST /session/c27dca02460eac43222a534df112cecf/execute/sync HTTP/1.1
User-Agent: selenium/4.1.2 (java windows)
Content-Length: 47339
Content-Type: application/json; charset=utf-8
host: localhost:52160
accept: */*

Response DefaultHttpResponse(decodeResult: success, version: HTTP/1.1)
HTTP/1.1 200 OK
Content-Type: application/json; charset=utf-8
cache-control: no-cache
content-length: 62

22:27:07.100 [AsyncHttpClient-1-4] DEBUG org.asynchttpclient.netty.channel.ChannelManager - Adding key: http://localhost:52160 for channel [id: 0xea311ccb, L:/127.0.0.1:61917 - R:localhost/127.0.0.1:52160]
22:27:07.160 [main] DEBUG net.thucydides.core.steps.StepInterceptor - STARTING STEP: CampaignsStepDefinitions.userObtainsCampaignsList - {0} should see #description
22:27:07.170 [Forwarding screenshot on session c27dca02460eac43222a534df112cecf to remote] DEBUG org.asynchttpclient.netty.request.NettyRequestSender - Using pooled Channel '[id: 0xea311ccb, L:/127.0.0.1:61917 - R:localhost/127.0.0.1:52160]' for 'GET' to 'http://localhost:52160/session/c27dca02460eac43222a534df112cecf/screenshot'
22:27:07.170 [Forwarding screenshot on session c27dca02460eac43222a534df112cecf to remote] DEBUG org.asynchttpclient.netty.request.NettyRequestSender - Using open Channel [id: 0xea311ccb, L:/127.0.0.1:61917 - R:localhost/127.0.0.1:52160] for GET '/session/c27dca02460eac43222a534df112cecf/screenshot'
22:27:07.579 [AsyncHttpClient-1-1] DEBUG org.asynchttpclient.netty.channel.DefaultChannelPool - Entry count for : http://localhost:61918 : 1
22:27:07.951 [AsyncHttpClient-1-4] DEBUG org.asynchttpclient.netty.handler.HttpHandler - 

Request DefaultFullHttpRequest(decodeResult: success, version: HTTP/1.1, content: EmptyByteBufBE)
GET /session/c27dca02460eac43222a534df112cecf/screenshot HTTP/1.1
User-Agent: selenium/4.1.2 (java windows)
Cache-Control: no-cache
Content-Type: application/json; charset=utf-8
host: localhost:52160
accept: */*

Response DefaultHttpResponse(decodeResult: success, version: HTTP/1.1)
HTTP/1.1 200 OK
Content-Type: application/json; charset=utf-8
cache-control: no-cache
content-length: 1694456

22:27:07.955 [AsyncHttpClient-1-4] DEBUG org.asynchttpclient.netty.channel.ChannelManager - Adding key: http://localhost:52160 for channel [id: 0xea311ccb, L:/127.0.0.1:61917 - R:localhost/127.0.0.1:52160]
22:27:07.993 [main] DEBUG net.serenitybdd.core.photography.Darkroom - Send negative for processing for target\site\serenity\ad4652c1096b264ef513d1d571f3b7c930d0bae8dd4c940c6d7ec06c93f28441.png
22:27:07.993 [main] DEBUG net.thucydides.core.steps.StepInterceptor - STEP DONE: {0} should see #description
22:27:07.993 [Darkroom Processing Line] DEBUG net.serenitybdd.core.photography.DarkroomProcessingLine - Processing screenshot image in /var/screenshots/screenshot-802319132169776526
22:27:07.993 [Darkroom Processing Line] DEBUG net.serenitybdd.core.photography.DarkroomProcessingLine - Saving screenshot to target\site\serenity\ad4652c1096b264ef513d1d571f3b7c930d0bae8dd4c940c6d7ec06c93f28441.png
22:27:07.993 [Forwarding getCurrentUrl on session c27dca02460eac43222a534df112cecf to remote] DEBUG org.asynchttpclient.netty.request.NettyRequestSender - Using pooled Channel '[id: 0xea311ccb, L:/127.0.0.1:61917 - R:localhost/127.0.0.1:52160]' for 'GET' to 'http://localhost:52160/session/c27dca02460eac43222a534df112cecf/url'
22:27:07.993 [Forwarding getCurrentUrl on session c27dca02460eac43222a534df112cecf to remote] DEBUG org.asynchttpclient.netty.request.NettyRequestSender - Using open Channel [id: 0xea311ccb, L:/127.0.0.1:61917 - R:localhost/127.0.0.1:52160] for GET '/session/c27dca02460eac43222a534df112cecf/url'
22:27:08.000 [AsyncHttpClient-1-4] DEBUG org.asynchttpclient.netty.handler.HttpHandler - 

Request DefaultFullHttpRequest(decodeResult: success, version: HTTP/1.1, content: EmptyByteBufBE)
GET /session/c27dca02460eac43222a534df112cecf/url HTTP/1.1
User-Agent: selenium/4.1.2 (java windows)
Cache-Control: no-cache
Content-Type: application/json; charset=utf-8
host: localhost:52160
accept: */*

Response DefaultHttpResponse(decodeResult: success, version: HTTP/1.1)
HTTP/1.1 200 OK
Content-Type: application/json; charset=utf-8
cache-control: no-cache
content-length: 56

22:27:08.000 [AsyncHttpClient-1-4] DEBUG org.asynchttpclient.netty.channel.ChannelManager - Adding key: http://localhost:52160 for channel [id: 0xea311ccb, L:/127.0.0.1:61917 - R:localhost/127.0.0.1:52160]
22:27:08.000 [main] DEBUG net.thucydides.core.steps.StepInterceptor - STARTING STEP: CampaignsStepDefinitions.userObtainsCampaignsList - {0} should see #description
22:27:08.010 [main] DEBUG net.thucydides.core.steps.StepInterceptor - STEP DONE: {0} should see #description
22:27:08.014 [AsyncHttpClient-1-6] DEBUG org.asynchttpclient.netty.handler.WebSocketHandler - Channel Closed: [id: 0x52267467, L:/127.0.0.1:61925 ! R:localhost/127.0.0.1:61918] with attribute NettyResponseFuture{currentRetry=5,
	isDone=1,
	isCancelled=0,
	asyncHandler=org.asynchttpclient.ws.WebSocketUpgradeHandler@16de39e0,
	nettyRequest=org.asynchttpclient.netty.request.NettyRequest@555e7f4e,
	future=java.util.concurrent.CompletableFuture@51f27abd[Completed normally],
	uri=ws://localhost:61918/devtools/browser/cd9571a2-d9a3-417c-bf7b-3eedb10b6a72,
	keepAlive=true,
	redirectCount=0,
	timeoutsHolder=null,
	inAuth=0,
	touch=1644089218280}
22:27:08.014 [AsyncHttpClient-1-6] DEBUG org.asynchttpclient.netty.channel.ChannelManager - Closing Channel [id: 0x52267467, L:/127.0.0.1:61925 ! R:localhost/127.0.0.1:61918] 
22:27:08.014 [Driver Command Executor] DEBUG org.asynchttpclient.netty.request.NettyRequestSender - Using pooled Channel '[id: 0xea311ccb, L:/127.0.0.1:61917 - R:localhost/127.0.0.1:52160]' for 'DELETE' to 'http://localhost:52160/session/c27dca02460eac43222a534df112cecf'
22:27:08.014 [Driver Command Executor] DEBUG org.asynchttpclient.netty.request.NettyRequestSender - Using open Channel [id: 0xea311ccb, L:/127.0.0.1:61917 - R:localhost/127.0.0.1:52160] for DELETE '/session/c27dca02460eac43222a534df112cecf'
22:27:08.193 [AsyncHttpClient-1-5] DEBUG org.asynchttpclient.netty.handler.HttpHandler - Unexpected I/O exception on channel [id: 0xe9367f86, L:/127.0.0.1:61924 - R:localhost/127.0.0.1:61918]
java.net.SocketException: Connection reset
	at java.base/sun.nio.ch.SocketChannelImpl.throwConnectionReset(SocketChannelImpl.java:394)
	at java.base/sun.nio.ch.SocketChannelImpl.read(SocketChannelImpl.java:426)
	at io.netty.buffer.PooledByteBuf.setBytes(PooledByteBuf.java:258)
	at io.netty.buffer.AbstractByteBuf.writeBytes(AbstractByteBuf.java:1132)
	at io.netty.channel.socket.nio.NioSocketChannel.doReadBytes(NioSocketChannel.java:350)
	at io.netty.channel.nio.AbstractNioByteChannel$NioByteUnsafe.read(AbstractNioByteChannel.java:151)
	at io.netty.channel.nio.NioEventLoop.processSelectedKey(NioEventLoop.java:722)
	at io.netty.channel.nio.NioEventLoop.processSelectedKeysOptimized(NioEventLoop.java:658)
	at io.netty.channel.nio.NioEventLoop.processSelectedKeys(NioEventLoop.java:584)
	at io.netty.channel.nio.NioEventLoop.run(NioEventLoop.java:496)
	at io.netty.util.concurrent.SingleThreadEventExecutor$4.run(SingleThreadEventExecutor.java:986)
	at io.netty.util.internal.ThreadExecutorMap$2.run(ThreadExecutorMap.java:74)
	at io.netty.util.concurrent.FastThreadLocalRunnable.run(FastThreadLocalRunnable.java:30)
	at java.base/java.lang.Thread.run(Thread.java:833)
22:27:08.193 [AsyncHttpClient-1-5] DEBUG org.asynchttpclient.netty.channel.ChannelManager - Closing Channel [id: 0xe9367f86, L:/127.0.0.1:61924 - R:localhost/127.0.0.1:61918] 
22:27:08.193 [AsyncHttpClient-1-5] DEBUG org.asynchttpclient.netty.handler.HttpHandler - Channel Closed: [id: 0xe9367f86, L:/127.0.0.1:61924 ! R:localhost/127.0.0.1:61918] with attribute DISCARD
22:27:08.213 [AsyncHttpClient-1-4] DEBUG org.asynchttpclient.netty.handler.HttpHandler - 

Request DefaultFullHttpRequest(decodeResult: success, version: HTTP/1.1, content: EmptyByteBufBE)
DELETE /session/c27dca02460eac43222a534df112cecf HTTP/1.1
User-Agent: selenium/4.1.2 (java windows)
Content-Type: application/json; charset=utf-8
host: localhost:52160
accept: */*

Response DefaultHttpResponse(decodeResult: success, version: HTTP/1.1)
HTTP/1.1 200 OK
Content-Type: application/json; charset=utf-8
cache-control: no-cache
content-length: 14

22:27:08.213 [AsyncHttpClient-1-4] DEBUG org.asynchttpclient.netty.channel.ChannelManager - Adding key: http://localhost:52160 for channel [id: 0xea311ccb, L:/127.0.0.1:61917 - R:localhost/127.0.0.1:52160]
22:27:08.273 [AsyncHttpClient-1-4] DEBUG org.asynchttpclient.netty.handler.HttpHandler - Channel Closed: [id: 0xea311ccb, L:/127.0.0.1:61917 ! R:localhost/127.0.0.1:52160] with attribute DISCARD
  &amp#27;[32mThen &amp#27;[0m&amp#27;[32muser sees the &amp#27;[0m&amp#27;[32m&amp#27;[1m"spor-outdoor"&amp#27;[0m&amp#27;[32m campaigns list&amp#27;[0m                          &amp#27;[90m# stepdefinitions.CampaignsStepDefinitions.userObtainsCampaignsList(java.lang.String)&amp#27;[0m
]]></system-out>
    <system-err><![CDATA[Starting ChromeDriver 97.0.4692.71 (adefa7837d02a07a604c1e6eff0b3a09422ab88d-refs/branch-heads/4692@{#1247}) on port 52160
Only local connections are allowed.
Please see https://chromedriver.chromium.org/security-considerations for suggestions on keeping ChromeDriver safe.
ChromeDriver was started successfully.
Feb 05, 2022 10:26:58 PM org.openqa.selenium.remote.ProtocolHandshake createSession
INFO: Detected dialect: W3C
Feb 05, 2022 10:26:58 PM org.openqa.selenium.devtools.CdpVersionFinder findNearestMatch
INFO: Found exact CDP implementation for version 97
]]></system-err>
  </testcase>
  <testcase name="User clicks on category and obtains the list of campaigns #8" classname="List all campaigns" time="15.008">
    <system-out><![CDATA[
Scenario Outline: User clicks on category and obtains the list of campaigns &amp#27;[90m# src/test/resources/features/campaigns.feature:15&amp#27;[0m
22:27:08.357 [main] INFO io.cucumber.core.plugin.SerenityReporter - Running feature from file:///C:/Users/yasemin/Desktop/n11-bootcamp/n11TestAutomationCase1/src/test/resources/features/campaigns.feature
22:27:08.377 [main] DEBUG net.thucydides.core.steps.StepInterceptor - STARTING STEP: CampaignsStepDefinitions.userOpensThePage - !#title
22:27:08.380 [main] DEBUG net.thucydides.core.steps.StepInterceptor - STARTING STEP: CampaignsStepDefinitions.userOpensThePage - {0} opens the #targetPageName
22:27:08.385 [main] INFO net.serenitybdd.core.webdriver.driverproviders.ChromeDriverProvider - Using automatically driver download
22:27:08.545 [main] DEBUG io.github.bonigarcia.wdm.cache.ResolutionCache - Resolution chrome=97 in cache (valid until 22:28:40 05/02/2022 TRT)
22:27:08.545 [main] DEBUG io.github.bonigarcia.wdm.cache.ResolutionCache - Resolution chrome97=97.0.4692.71 in cache (valid until 00:08:14 06/02/2022 TRT)
22:27:08.545 [main] INFO io.github.bonigarcia.wdm.WebDriverManager - Using chromedriver 97.0.4692.71 (resolved driver for Chrome 97)
22:27:08.555 [main] DEBUG io.github.bonigarcia.wdm.WebDriverManager - Driver chromedriver 97.0.4692.71 found in cache
22:27:08.555 [main] INFO io.github.bonigarcia.wdm.WebDriverManager - Exporting webdriver.chrome.driver as C:\Users\yasemin\.cache\selenium\chromedriver\win32\97.0.4692.71\chromedriver.exe
22:27:08.685 [AsyncHttpClient-1-1] DEBUG org.asynchttpclient.netty.channel.DefaultChannelPool - Entry count for : http://localhost:52160 : 1
22:27:08.685 [AsyncHttpClient-1-1] DEBUG org.asynchttpclient.netty.channel.DefaultChannelPool - Entry count for : http://localhost:61918 : 1
22:27:08.685 [AsyncHttpClient-1-1] DEBUG org.asynchttpclient.netty.channel.DefaultChannelPool - Adding Candidate expired Channel [id: 0xea311ccb, L:/127.0.0.1:61917 ! R:localhost/127.0.0.1:52160] isIdleTimeoutExpired=false isRemotelyClosed=true isTtlExpired=false
22:27:08.685 [AsyncHttpClient-1-1] DEBUG org.asynchttpclient.netty.channel.DefaultChannelPool - Closing Idle Channel [id: 0xea311ccb, L:/127.0.0.1:61917 ! R:localhost/127.0.0.1:52160]
22:27:08.685 [AsyncHttpClient-1-1] DEBUG org.asynchttpclient.netty.channel.DefaultChannelPool - Adding Candidate expired Channel [id: 0xe9367f86, L:/127.0.0.1:61924 ! R:localhost/127.0.0.1:61918] isIdleTimeoutExpired=false isRemotelyClosed=true isTtlExpired=false
22:27:08.685 [AsyncHttpClient-1-1] DEBUG org.asynchttpclient.netty.channel.DefaultChannelPool - Closing Idle Channel [id: 0xe9367f86, L:/127.0.0.1:61924 ! R:localhost/127.0.0.1:61918]
22:27:08.685 [AsyncHttpClient-1-1] DEBUG org.asynchttpclient.netty.channel.DefaultChannelPool - Closed 2 connections out of 2 in 0 ms
22:27:09.856 [main] DEBUG net.thucydides.core.reflection.ClassFinder - Could not load class .pages.CampaignPage
22:27:09.856 [main] DEBUG net.thucydides.core.reflection.ClassFinder - Could not load class .pages.N11CampaignsMainPage
22:27:09.856 [main] DEBUG net.thucydides.core.reflection.ClassFinder - Could not load class .questions.CheckDriver
22:27:09.856 [main] DEBUG net.thucydides.core.reflection.ClassFinder - Could not load class .runners.CucumberRunner
22:27:09.856 [main] DEBUG net.thucydides.core.reflection.ClassFinder - Could not load class .stepdefinitions.CampaignsStepDefinitions
22:27:09.856 [main] DEBUG net.thucydides.core.reflection.ClassFinder - Could not load class .tasks.CheckNumOfCampaigns
22:27:09.856 [main] DEBUG net.thucydides.core.reflection.ClassFinder - Could not load class .tasks.ClickCategory
22:27:09.856 [main] DEBUG net.thucydides.core.reflection.ClassFinder - Could not load class .tasks.NavigateTo
22:27:09.856 [main] DEBUG net.thucydides.core.reflection.ClassFinder - Could not load class .tasks.WriteURLsExcel
22:27:09.856 [main] DEBUG net.thucydides.core.reflection.ClassFinder - Could not load class META-INF.versions.9.com.sun.istack.logging.StackHelper
22:27:09.856 [main] DEBUG net.thucydides.core.reflection.ClassFinder - Could not load class META-INF.versions.9.com.sun.xml.bind.v2.runtime.reflect.opt.AccessorInjector
22:27:09.856 [main] DEBUG net.thucydides.core.reflection.ClassFinder - Could not load class META-INF.versions.9.com.sun.xml.bind.v2.runtime.reflect.opt.Injector
22:27:09.856 [main] DEBUG net.thucydides.core.reflection.ClassFinder - Could not load class META-INF.versions.9.com.sun.xml.bind.v2.runtime.reflect.opt.OptimizedAccessorFactory
22:27:09.856 [main] DEBUG net.thucydides.core.reflection.ClassFinder - Could not load class META-INF.versions.9.com.sun.xml.bind.v2.runtime.reflect.opt.OptimizedTransducedAccessorFactory
22:27:09.856 [main] DEBUG net.thucydides.core.reflection.ClassFinder - Could not load class META-INF.versions.9.io.opentelemetry.sdk.internal.CurrentJavaVersionSpecific
22:27:09.856 [main] DEBUG net.thucydides.core.reflection.ClassFinder - Could not load class META-INF.versions.9.io.opentelemetry.sdk.internal.Java9VersionSpecific
22:27:09.856 [main] DEBUG net.thucydides.core.reflection.ClassFinder - Could not load class META-INF.versions.9.javax.xml.bind.ModuleUtil
22:27:09.856 [main] DEBUG net.thucydides.core.reflection.ClassFinder - Could not load class META-INF.versions.9.module-info
22:27:09.856 [main] DEBUG net.thucydides.core.reflection.ClassFinder - Could not load class META-INF.versions.9.org.apache.logging.log4j.util.Base64Util
22:27:09.866 [main] DEBUG net.thucydides.core.reflection.ClassFinder - Could not load class META-INF.versions.9.org.apache.logging.log4j.util.ProcessIdUtil
22:27:09.866 [main] DEBUG net.thucydides.core.reflection.ClassFinder - Could not load class META-INF.versions.9.org.apache.logging.log4j.util.StackLocator
22:27:09.866 [main] DEBUG net.thucydides.core.reflection.ClassFinder - Could not load class META-INF.versions.9.org.apache.logging.log4j.util.internal.DefaultObjectInputFilter
22:27:09.866 [main] DEBUG net.thucydides.core.reflection.ClassFinder - Could not load class META-INF.versions.9.org.apache.xmlbeans.impl.tool.MavenPluginResolver
22:27:09.866 [main] DEBUG net.thucydides.core.reflection.ClassFinder - Could not load class META-INF.versions.9.org.junit.platform.commons.util.ModuleUtils
22:27:09.866 [main] DEBUG net.thucydides.core.reflection.ClassFinder - Could not load class com.microsoft.schemas.office.office.STOLEUpdateMode
22:27:09.866 [main] DEBUG net.thucydides.core.reflection.ClassFinder - Could not load class com.microsoft.schemas.office.office.STScreenSize
22:27:09.866 [main] DEBUG net.thucydides.core.reflection.ClassFinder - Could not load class com.microsoft.schemas.office.visio.x2012.main.SheetType
22:27:09.866 [main] DEBUG net.thucydides.core.reflection.ClassFinder - Could not load class com.microsoft.schemas.office.word.STHorizontalAnchor
22:27:09.866 [main] DEBUG net.thucydides.core.reflection.ClassFinder - Could not load class com.microsoft.schemas.office.word.STVerticalAnchor
22:27:09.866 [main] DEBUG net.thucydides.core.reflection.ClassFinder - Could not load class com.microsoft.schemas.office.word.STWrapSide
22:27:09.866 [main] DEBUG net.thucydides.core.reflection.ClassFinder - Could not load class com.microsoft.schemas.vml.STImageAspect
22:27:09.866 [main] DEBUG net.thucydides.core.reflection.ClassFinder - Could not load class com.microsoft.schemas.vml.STStrokeArrowLength
22:27:09.866 [main] DEBUG net.thucydides.core.reflection.ClassFinder - Could not load class com.microsoft.schemas.vml.STStrokeArrowWidth
22:27:09.866 [main] DEBUG net.thucydides.core.reflection.ClassFinder - Could not load class com.microsoft.schemas.vml.STStrokeEndCap
22:27:09.866 [main] DEBUG net.thucydides.core.reflection.ClassFinder - Could not load class com.microsoft.schemas.vml.STStrokeLineStyle
22:27:09.866 [main] DEBUG net.thucydides.core.reflection.ClassFinder - Could not load class com.sun.xml.bind.v2.runtime.output.FastInfosetStreamWriterOutput
22:27:09.866 [main] DEBUG net.thucydides.core.reflection.ClassFinder - Could not load class module-info
22:27:09.877 [main] DEBUG net.thucydides.core.reflection.ClassFinder - Could not load class org.apache.logging.log4j.util.Activator
22:27:09.881 [main] DEBUG net.thucydides.core.reflection.ClassFinder - Could not load class org.apache.poi.xslf.draw.SVGImageRenderer
22:27:09.881 [main] DEBUG net.thucydides.core.reflection.ClassFinder - Could not load class org.apache.poi.xslf.draw.SVGPOIGraphics2D
22:27:09.881 [main] DEBUG net.thucydides.core.reflection.ClassFinder - Could not load class org.apache.poi.xslf.draw.SVGRenderExtension
22:27:09.881 [main] DEBUG net.thucydides.core.reflection.ClassFinder - Could not load class org.apache.poi.xslf.draw.SVGUserAgent
22:27:09.881 [main] DEBUG net.thucydides.core.reflection.ClassFinder - Could not load class org.apache.poi.xslf.util.SVGFormat
22:27:09.881 [main] DEBUG net.thucydides.core.reflection.ClassFinder - Could not load class org.apache.xmlbeans.impl.schema.TypeSystemHolder
22:27:09.881 [main] DEBUG net.thucydides.core.reflection.ClassFinder - Could not load class org.apache.xmlbeans.impl.tool.MavenPlugin
22:27:09.881 [main] DEBUG net.thucydides.core.reflection.ClassFinder - Could not load class org.apache.xmlbeans.impl.tool.MavenPluginHelp
22:27:09.881 [main] DEBUG net.thucydides.core.reflection.ClassFinder - Could not load class org.apache.xmlbeans.impl.tool.XMLBean
22:27:09.891 [main] DEBUG net.thucydides.core.reflection.ClassFinder - Could not load class org.apache.xmlbeans.impl.xpath.saxon.SaxonXPath
22:27:09.891 [main] DEBUG net.thucydides.core.reflection.ClassFinder - Could not load class org.apache.xmlbeans.impl.xpath.saxon.SaxonXQuery
22:27:09.901 [main] DEBUG net.thucydides.core.reflection.ClassFinder - Could not load class org.etsi.uri.x01903.v13.GenericTimeStampType
22:27:09.901 [main] DEBUG net.thucydides.core.reflection.ClassFinder - Could not load class org.etsi.uri.x01903.v13.QualifierType
22:27:09.901 [main] DEBUG net.thucydides.core.reflection.ClassFinder - Could not load class org.openxmlformats.schemas.drawingml.x2006.chart.CTSerAx
22:27:09.901 [main] DEBUG net.thucydides.core.reflection.ClassFinder - Could not load class org.openxmlformats.schemas.drawingml.x2006.chart.STDepthPercentUShort
22:27:09.901 [main] DEBUG net.thucydides.core.reflection.ClassFinder - Could not load class org.openxmlformats.schemas.drawingml.x2006.chart.STDepthPercentWithSymbol
22:27:09.911 [main] DEBUG net.thucydides.core.reflection.ClassFinder - Could not load class org.openxmlformats.schemas.drawingml.x2006.chart.STHPercentUShort
22:27:09.911 [main] DEBUG net.thucydides.core.reflection.ClassFinder - Could not load class org.openxmlformats.schemas.drawingml.x2006.chart.STHPercentWithSymbol
22:27:09.911 [main] DEBUG net.thucydides.core.reflection.ClassFinder - Could not load class org.openxmlformats.schemas.drawingml.x2006.chart.STHoleSizePercent
22:27:09.911 [main] DEBUG net.thucydides.core.reflection.ClassFinder - Could not load class org.openxmlformats.schemas.drawingml.x2006.chart.STHoleSizeUByte
22:27:09.911 [main] DEBUG net.thucydides.core.reflection.ClassFinder - Could not load class org.openxmlformats.schemas.drawingml.x2006.chart.STOverlapByte
22:27:09.911 [main] DEBUG net.thucydides.core.reflection.ClassFinder - Could not load class org.openxmlformats.schemas.drawingml.x2006.chart.STOverlapPercent
22:27:09.911 [main] DEBUG net.thucydides.core.reflection.ClassFinder - Could not load class org.openxmlformats.schemas.drawingml.x2006.chart.STPageSetupOrientation
22:27:09.911 [main] DEBUG net.thucydides.core.reflection.ClassFinder - Could not load class org.openxmlformats.schemas.drawingml.x2006.main.CTGroupFillProperties
22:27:09.911 [main] DEBUG net.thucydides.core.reflection.ClassFinder - Could not load class org.openxmlformats.schemas.drawingml.x2006.main.CTPath2DQuadBezierTo
22:27:09.911 [main] DEBUG net.thucydides.core.reflection.ClassFinder - Could not load class org.openxmlformats.schemas.drawingml.x2006.main.STEffectContainerType
22:27:09.911 [main] DEBUG net.thucydides.core.reflection.ClassFinder - Could not load class org.openxmlformats.schemas.drawingml.x2006.main.STPresetMaterialType
22:27:09.911 [main] DEBUG net.thucydides.core.reflection.ClassFinder - Could not load class org.openxmlformats.schemas.drawingml.x2006.wordprocessingDrawing.STAlignH
22:27:09.911 [main] DEBUG net.thucydides.core.reflection.ClassFinder - Could not load class org.openxmlformats.schemas.drawingml.x2006.wordprocessingDrawing.STAlignV
22:27:09.911 [main] DEBUG net.thucydides.core.reflection.ClassFinder - Could not load class org.openxmlformats.schemas.officeDocument.x2006.docPropsVTypes.STVectorBaseType
22:27:09.911 [main] DEBUG net.thucydides.core.reflection.ClassFinder - Could not load class org.openxmlformats.schemas.officeDocument.x2006.sharedTypes.STConformanceClass
22:27:09.911 [main] DEBUG net.thucydides.core.reflection.ClassFinder - Could not load class org.openxmlformats.schemas.presentationml.x2006.main.STDirection
22:27:09.911 [main] DEBUG net.thucydides.core.reflection.ClassFinder - Could not load class org.openxmlformats.schemas.presentationml.x2006.main.STTLTimeNodeMasterRelation
22:27:09.911 [main] DEBUG net.thucydides.core.reflection.ClassFinder - Could not load class org.openxmlformats.schemas.presentationml.x2006.main.STTLTimeNodePresetClassType
22:27:09.911 [main] DEBUG net.thucydides.core.reflection.ClassFinder - Could not load class org.openxmlformats.schemas.presentationml.x2006.main.STTLTimeNodeSyncType
22:27:09.911 [main] DEBUG net.thucydides.core.reflection.ClassFinder - Could not load class org.openxmlformats.schemas.presentationml.x2006.main.STTLTriggerEvent
22:27:09.911 [main] DEBUG net.thucydides.core.reflection.ClassFinder - Could not load class org.openxmlformats.schemas.spreadsheetml.x2006.main.STComments
22:27:09.911 [main] DEBUG net.thucydides.core.reflection.ClassFinder - Could not load class org.openxmlformats.schemas.spreadsheetml.x2006.main.STDataValidationImeMode
22:27:09.911 [main] DEBUG net.thucydides.core.reflection.ClassFinder - Could not load class org.openxmlformats.schemas.spreadsheetml.x2006.main.STFieldSortType
22:27:09.911 [main] DEBUG net.thucydides.core.reflection.ClassFinder - Could not load class org.openxmlformats.schemas.spreadsheetml.x2006.main.STOleUpdate
22:27:09.911 [main] DEBUG net.thucydides.core.reflection.ClassFinder - Could not load class org.openxmlformats.schemas.spreadsheetml.x2006.main.STPhoneticAlignment
22:27:09.911 [main] DEBUG net.thucydides.core.reflection.ClassFinder - Could not load class org.openxmlformats.schemas.spreadsheetml.x2006.main.STShowDataAs
22:27:09.911 [main] DEBUG net.thucydides.core.reflection.ClassFinder - Could not load class org.openxmlformats.schemas.spreadsheetml.x2006.main.STSortBy
22:27:09.911 [main] DEBUG net.thucydides.core.reflection.ClassFinder - Could not load class org.openxmlformats.schemas.spreadsheetml.x2006.main.STSortMethod
22:27:09.911 [main] DEBUG net.thucydides.core.reflection.ClassFinder - Could not load class org.openxmlformats.schemas.spreadsheetml.x2006.main.STTableType
22:27:09.911 [main] DEBUG net.thucydides.core.reflection.ClassFinder - Could not load class org.openxmlformats.schemas.spreadsheetml.x2006.main.STTargetScreenSize
22:27:09.911 [main] DEBUG net.thucydides.core.reflection.ClassFinder - Could not load class org.openxmlformats.schemas.spreadsheetml.x2006.main.STTotalsRowFunction
22:27:09.921 [main] DEBUG net.thucydides.core.reflection.ClassFinder - Could not load class org.openxmlformats.schemas.wordprocessingml.x2006.main.CTBookmarkRange
22:27:09.921 [main] DEBUG net.thucydides.core.reflection.ClassFinder - Could not load class org.openxmlformats.schemas.wordprocessingml.x2006.main.CTDocumentBase
22:27:09.921 [main] DEBUG net.thucydides.core.reflection.ClassFinder - Could not load class org.openxmlformats.schemas.wordprocessingml.x2006.main.CTPPrBase
22:27:09.921 [main] DEBUG net.thucydides.core.reflection.ClassFinder - Could not load class org.openxmlformats.schemas.wordprocessingml.x2006.main.CTTblGridBase
22:27:09.921 [main] DEBUG net.thucydides.core.reflection.ClassFinder - Could not load class org.openxmlformats.schemas.wordprocessingml.x2006.main.CTTblPrBase
22:27:09.921 [main] DEBUG net.thucydides.core.reflection.ClassFinder - Could not load class org.openxmlformats.schemas.wordprocessingml.x2006.main.CTTblPrExBase
22:27:09.921 [main] DEBUG net.thucydides.core.reflection.ClassFinder - Could not load class org.openxmlformats.schemas.wordprocessingml.x2006.main.CTTcPrBase
22:27:09.921 [main] DEBUG net.thucydides.core.reflection.ClassFinder - Could not load class org.openxmlformats.schemas.wordprocessingml.x2006.main.CTTcPrInner
22:27:09.921 [main] DEBUG net.thucydides.core.reflection.ClassFinder - Could not load class org.openxmlformats.schemas.wordprocessingml.x2006.main.CTTrPrBase
22:27:09.921 [main] DEBUG net.thucydides.core.reflection.ClassFinder - Could not load class org.openxmlformats.schemas.wordprocessingml.x2006.main.STChapterSep
22:27:09.921 [main] DEBUG net.thucydides.core.reflection.ClassFinder - Could not load class org.openxmlformats.schemas.wordprocessingml.x2006.main.STDropCap
22:27:09.921 [main] DEBUG net.thucydides.core.reflection.ClassFinder - Could not load class org.openxmlformats.schemas.wordprocessingml.x2006.main.STPTabAlignment
22:27:09.921 [main] DEBUG net.thucydides.core.reflection.ClassFinder - Could not load class org.openxmlformats.schemas.wordprocessingml.x2006.main.STPTabLeader
22:27:09.921 [main] DEBUG net.thucydides.core.reflection.ClassFinder - Could not load class org.openxmlformats.schemas.wordprocessingml.x2006.main.STPTabRelativeTo
22:27:09.921 [main] DEBUG net.thucydides.core.reflection.ClassFinder - Could not load class org.openxmlformats.schemas.wordprocessingml.x2006.main.STPageBorderZOrder
22:27:09.921 [main] DEBUG net.thucydides.core.reflection.ClassFinder - Could not load class org.openxmlformats.schemas.wordprocessingml.x2006.main.STZoom
22:27:10.060 [main] DEBUG net.serenitybdd.core.webdriver.driverproviders.ProvideNewDriver - Instantiating driver
22:27:10.060 [main] DEBUG net.serenitybdd.core.webdriver.driverproviders.ProvideNewDriver - Driver capabilities: Capabilities {acceptInsecureCerts: false, browserName: chrome, goog:chromeOptions: {args: [--start-maximized, --test-type, --no-sandbox, --ignore-certificate-errors, \r\n                       ..., --disable-default-apps, --disable-extensions-file-a..., \r\n                       ..., --disable-infobars,--disabl...], extensions: []}}
22:27:10.178 [AsyncHttpClient-1-7] DEBUG org.asynchttpclient.netty.channel.NettyConnectListener - Using new Channel '[id: 0xdf203efe, L:/127.0.0.1:62000 - R:localhost/127.0.0.1:59566]' for 'POST' to '/session'
22:27:11.310 [AsyncHttpClient-1-7] DEBUG org.asynchttpclient.netty.handler.HttpHandler - 

Request DefaultHttpRequest(decodeResult: success, version: HTTP/1.1)
POST /session HTTP/1.1
User-Agent: selenium/4.1.2 (java windows)
Content-Length: 1191
Content-Type: application/json; charset=utf-8
host: localhost:59566
accept: */*

Response DefaultHttpResponse(decodeResult: success, version: HTTP/1.1)
HTTP/1.1 200 OK
Content-Type: application/json; charset=utf-8
cache-control: no-cache
content-length: 791

22:27:11.310 [AsyncHttpClient-1-7] DEBUG org.asynchttpclient.netty.channel.ChannelManager - Adding key: http://localhost:59566 for channel [id: 0xdf203efe, L:/127.0.0.1:62000 - R:localhost/127.0.0.1:59566]
22:27:11.340 [AsyncHttpClient-1-8] DEBUG org.asynchttpclient.netty.channel.NettyConnectListener - Using new Channel '[id: 0x5499c8c5, L:/127.0.0.1:62007 - R:localhost/127.0.0.1:62001]' for 'GET' to '/json/version'
22:27:11.341 [AsyncHttpClient-1-8] DEBUG org.asynchttpclient.netty.handler.HttpHandler - 

Request DefaultFullHttpRequest(decodeResult: success, version: HTTP/1.1, content: EmptyByteBufBE)
GET /json/version HTTP/1.1
User-Agent: selenium/4.1.2 (java windows)
host: localhost:62001
accept: */*

Response DefaultHttpResponse(decodeResult: success, version: HTTP/1.1)
HTTP/1.1 200 OK
Content-Type: application/json; charset=UTF-8
content-length: 424

22:27:11.341 [AsyncHttpClient-1-8] DEBUG org.asynchttpclient.netty.channel.ChannelManager - Adding key: http://localhost:62001 for channel [id: 0x5499c8c5, L:/127.0.0.1:62007 - R:localhost/127.0.0.1:62001]
22:27:11.343 [AsyncHttpClient-1-9] DEBUG org.asynchttpclient.netty.channel.NettyConnectListener - Using new Channel '[id: 0xc89ab99a, L:/127.0.0.1:62008 - R:localhost/127.0.0.1:62001]' for 'GET' to '/devtools/browser/b665681b-6b7f-4898-a569-db69d0dd28ed'
22:27:11.346 [AsyncHttpClient-1-9] DEBUG org.asynchttpclient.netty.handler.WebSocketHandler - 

Request DefaultFullHttpRequest(decodeResult: success, version: HTTP/1.1, content: EmptyByteBufBE)
GET /devtools/browser/b665681b-6b7f-4898-a569-db69d0dd28ed HTTP/1.1
upgrade: websocket
connection: upgrade
sec-websocket-key: epzPOvimaAOGifjRxPnMRg==
sec-websocket-version: 13
origin: http://localhost:62001
host: localhost:62001
accept: */*
user-agent: AHC/2.1

Response DefaultHttpResponse(decodeResult: success, version: HTTP/1.1)
HTTP/1.1 101 WebSocket Protocol Handshake
Upgrade: WebSocket
Connection: Upgrade
Sec-WebSocket-Accept: HA2GK9NkduiZW1KvIeWgj8iZEsc=

22:27:11.350 [Forwarding maximizeCurrentWindow on session 4e093df63270b91dba3a9abdcabe5923 to remote] DEBUG org.asynchttpclient.netty.request.NettyRequestSender - Using pooled Channel '[id: 0xdf203efe, L:/127.0.0.1:62000 - R:localhost/127.0.0.1:59566]' for 'POST' to 'http://localhost:59566/session/4e093df63270b91dba3a9abdcabe5923/window/maximize'
22:27:11.350 [Forwarding maximizeCurrentWindow on session 4e093df63270b91dba3a9abdcabe5923 to remote] DEBUG org.asynchttpclient.netty.request.NettyRequestSender - Using open Channel [id: 0xdf203efe, L:/127.0.0.1:62000 - R:localhost/127.0.0.1:59566] for POST '/session/4e093df63270b91dba3a9abdcabe5923/window/maximize'
22:27:11.361 [AsyncHttpClient-1-7] DEBUG org.asynchttpclient.netty.handler.HttpHandler - 

Request DefaultHttpRequest(decodeResult: success, version: HTTP/1.1)
POST /session/4e093df63270b91dba3a9abdcabe5923/window/maximize HTTP/1.1
User-Agent: selenium/4.1.2 (java windows)
Content-Length: 3
Content-Type: application/json; charset=utf-8
host: localhost:59566
accept: */*

Response DefaultHttpResponse(decodeResult: success, version: HTTP/1.1)
HTTP/1.1 200 OK
Content-Type: application/json; charset=utf-8
cache-control: no-cache
content-length: 51

22:27:11.361 [AsyncHttpClient-1-7] DEBUG org.asynchttpclient.netty.channel.ChannelManager - Adding key: http://localhost:59566 for channel [id: 0xdf203efe, L:/127.0.0.1:62000 - R:localhost/127.0.0.1:59566]
22:27:11.983 [AsyncHttpClient-1-1] DEBUG org.asynchttpclient.netty.channel.DefaultChannelPool - Entry count for : http://localhost:62001 : 1
22:27:11.983 [AsyncHttpClient-1-1] DEBUG org.asynchttpclient.netty.channel.DefaultChannelPool - Entry count for : http://localhost:59566 : 1
22:27:12.682 [main] DEBUG net.thucydides.core.reflection.ClassFinder - Could not load class .pages.CampaignPage
22:27:12.682 [main] DEBUG net.thucydides.core.reflection.ClassFinder - Could not load class .pages.N11CampaignsMainPage
22:27:12.682 [main] DEBUG net.thucydides.core.reflection.ClassFinder - Could not load class .questions.CheckDriver
22:27:12.682 [main] DEBUG net.thucydides.core.reflection.ClassFinder - Could not load class .runners.CucumberRunner
22:27:12.682 [main] DEBUG net.thucydides.core.reflection.ClassFinder - Could not load class .stepdefinitions.CampaignsStepDefinitions
22:27:12.682 [main] DEBUG net.thucydides.core.reflection.ClassFinder - Could not load class .tasks.CheckNumOfCampaigns
22:27:12.682 [main] DEBUG net.thucydides.core.reflection.ClassFinder - Could not load class .tasks.ClickCategory
22:27:12.682 [main] DEBUG net.thucydides.core.reflection.ClassFinder - Could not load class .tasks.NavigateTo
22:27:12.682 [main] DEBUG net.thucydides.core.reflection.ClassFinder - Could not load class .tasks.WriteURLsExcel
22:27:12.682 [main] DEBUG net.thucydides.core.reflection.ClassFinder - Could not load class META-INF.versions.9.com.sun.istack.logging.StackHelper
22:27:12.682 [main] DEBUG net.thucydides.core.reflection.ClassFinder - Could not load class META-INF.versions.9.com.sun.xml.bind.v2.runtime.reflect.opt.AccessorInjector
22:27:12.682 [main] DEBUG net.thucydides.core.reflection.ClassFinder - Could not load class META-INF.versions.9.com.sun.xml.bind.v2.runtime.reflect.opt.Injector
22:27:12.692 [main] DEBUG net.thucydides.core.reflection.ClassFinder - Could not load class META-INF.versions.9.com.sun.xml.bind.v2.runtime.reflect.opt.OptimizedAccessorFactory
22:27:12.692 [main] DEBUG net.thucydides.core.reflection.ClassFinder - Could not load class META-INF.versions.9.com.sun.xml.bind.v2.runtime.reflect.opt.OptimizedTransducedAccessorFactory
22:27:12.692 [main] DEBUG net.thucydides.core.reflection.ClassFinder - Could not load class META-INF.versions.9.io.opentelemetry.sdk.internal.CurrentJavaVersionSpecific
22:27:12.692 [main] DEBUG net.thucydides.core.reflection.ClassFinder - Could not load class META-INF.versions.9.io.opentelemetry.sdk.internal.Java9VersionSpecific
22:27:12.692 [main] DEBUG net.thucydides.core.reflection.ClassFinder - Could not load class META-INF.versions.9.javax.xml.bind.ModuleUtil
22:27:12.692 [main] DEBUG net.thucydides.core.reflection.ClassFinder - Could not load class META-INF.versions.9.module-info
22:27:12.692 [main] DEBUG net.thucydides.core.reflection.ClassFinder - Could not load class META-INF.versions.9.org.apache.logging.log4j.util.Base64Util
22:27:12.692 [main] DEBUG net.thucydides.core.reflection.ClassFinder - Could not load class META-INF.versions.9.org.apache.logging.log4j.util.ProcessIdUtil
22:27:12.692 [main] DEBUG net.thucydides.core.reflection.ClassFinder - Could not load class META-INF.versions.9.org.apache.logging.log4j.util.StackLocator
22:27:12.692 [main] DEBUG net.thucydides.core.reflection.ClassFinder - Could not load class META-INF.versions.9.org.apache.logging.log4j.util.internal.DefaultObjectInputFilter
22:27:12.692 [main] DEBUG net.thucydides.core.reflection.ClassFinder - Could not load class META-INF.versions.9.org.apache.xmlbeans.impl.tool.MavenPluginResolver
22:27:12.692 [main] DEBUG net.thucydides.core.reflection.ClassFinder - Could not load class META-INF.versions.9.org.junit.platform.commons.util.ModuleUtils
22:27:12.692 [main] DEBUG net.thucydides.core.reflection.ClassFinder - Could not load class com.microsoft.schemas.office.office.STOLEUpdateMode
22:27:12.692 [main] DEBUG net.thucydides.core.reflection.ClassFinder - Could not load class com.microsoft.schemas.office.office.STScreenSize
22:27:12.692 [main] DEBUG net.thucydides.core.reflection.ClassFinder - Could not load class com.microsoft.schemas.office.visio.x2012.main.SheetType
22:27:12.692 [main] DEBUG net.thucydides.core.reflection.ClassFinder - Could not load class com.microsoft.schemas.office.word.STHorizontalAnchor
22:27:12.692 [main] DEBUG net.thucydides.core.reflection.ClassFinder - Could not load class com.microsoft.schemas.office.word.STVerticalAnchor
22:27:12.692 [main] DEBUG net.thucydides.core.reflection.ClassFinder - Could not load class com.microsoft.schemas.office.word.STWrapSide
22:27:12.700 [main] DEBUG net.thucydides.core.reflection.ClassFinder - Could not load class com.microsoft.schemas.vml.STImageAspect
22:27:12.700 [main] DEBUG net.thucydides.core.reflection.ClassFinder - Could not load class com.microsoft.schemas.vml.STStrokeArrowLength
22:27:12.700 [main] DEBUG net.thucydides.core.reflection.ClassFinder - Could not load class com.microsoft.schemas.vml.STStrokeArrowWidth
22:27:12.700 [main] DEBUG net.thucydides.core.reflection.ClassFinder - Could not load class com.microsoft.schemas.vml.STStrokeEndCap
22:27:12.700 [main] DEBUG net.thucydides.core.reflection.ClassFinder - Could not load class com.microsoft.schemas.vml.STStrokeLineStyle
22:27:12.700 [main] DEBUG net.thucydides.core.reflection.ClassFinder - Could not load class com.sun.xml.bind.v2.runtime.output.FastInfosetStreamWriterOutput
22:27:12.700 [main] DEBUG net.thucydides.core.reflection.ClassFinder - Could not load class module-info
22:27:12.710 [main] DEBUG net.thucydides.core.reflection.ClassFinder - Could not load class org.apache.logging.log4j.util.Activator
22:27:12.720 [main] DEBUG net.thucydides.core.reflection.ClassFinder - Could not load class org.apache.poi.xslf.draw.SVGImageRenderer
22:27:12.720 [main] DEBUG net.thucydides.core.reflection.ClassFinder - Could not load class org.apache.poi.xslf.draw.SVGPOIGraphics2D
22:27:12.720 [main] DEBUG net.thucydides.core.reflection.ClassFinder - Could not load class org.apache.poi.xslf.draw.SVGRenderExtension
22:27:12.720 [main] DEBUG net.thucydides.core.reflection.ClassFinder - Could not load class org.apache.poi.xslf.draw.SVGUserAgent
22:27:12.720 [main] DEBUG net.thucydides.core.reflection.ClassFinder - Could not load class org.apache.poi.xslf.util.SVGFormat
22:27:12.720 [main] DEBUG net.thucydides.core.reflection.ClassFinder - Could not load class org.apache.xmlbeans.impl.schema.TypeSystemHolder
22:27:12.730 [main] DEBUG net.thucydides.core.reflection.ClassFinder - Could not load class org.apache.xmlbeans.impl.tool.MavenPlugin
22:27:12.730 [main] DEBUG net.thucydides.core.reflection.ClassFinder - Could not load class org.apache.xmlbeans.impl.tool.MavenPluginHelp
22:27:12.730 [main] DEBUG net.thucydides.core.reflection.ClassFinder - Could not load class org.apache.xmlbeans.impl.tool.XMLBean
22:27:12.730 [main] DEBUG net.thucydides.core.reflection.ClassFinder - Could not load class org.apache.xmlbeans.impl.xpath.saxon.SaxonXPath
22:27:12.730 [main] DEBUG net.thucydides.core.reflection.ClassFinder - Could not load class org.apache.xmlbeans.impl.xpath.saxon.SaxonXQuery
22:27:12.750 [main] DEBUG net.thucydides.core.reflection.ClassFinder - Could not load class org.etsi.uri.x01903.v13.GenericTimeStampType
22:27:12.750 [main] DEBUG net.thucydides.core.reflection.ClassFinder - Could not load class org.etsi.uri.x01903.v13.QualifierType
22:27:12.750 [main] DEBUG net.thucydides.core.reflection.ClassFinder - Could not load class org.openxmlformats.schemas.drawingml.x2006.chart.CTSerAx
22:27:12.750 [main] DEBUG net.thucydides.core.reflection.ClassFinder - Could not load class org.openxmlformats.schemas.drawingml.x2006.chart.STDepthPercentUShort
22:27:12.750 [main] DEBUG net.thucydides.core.reflection.ClassFinder - Could not load class org.openxmlformats.schemas.drawingml.x2006.chart.STDepthPercentWithSymbol
22:27:12.750 [main] DEBUG net.thucydides.core.reflection.ClassFinder - Could not load class org.openxmlformats.schemas.drawingml.x2006.chart.STHPercentUShort
22:27:12.750 [main] DEBUG net.thucydides.core.reflection.ClassFinder - Could not load class org.openxmlformats.schemas.drawingml.x2006.chart.STHPercentWithSymbol
22:27:12.750 [main] DEBUG net.thucydides.core.reflection.ClassFinder - Could not load class org.openxmlformats.schemas.drawingml.x2006.chart.STHoleSizePercent
22:27:12.750 [main] DEBUG net.thucydides.core.reflection.ClassFinder - Could not load class org.openxmlformats.schemas.drawingml.x2006.chart.STHoleSizeUByte
22:27:12.750 [main] DEBUG net.thucydides.core.reflection.ClassFinder - Could not load class org.openxmlformats.schemas.drawingml.x2006.chart.STOverlapByte
22:27:12.750 [main] DEBUG net.thucydides.core.reflection.ClassFinder - Could not load class org.openxmlformats.schemas.drawingml.x2006.chart.STOverlapPercent
22:27:12.750 [main] DEBUG net.thucydides.core.reflection.ClassFinder - Could not load class org.openxmlformats.schemas.drawingml.x2006.chart.STPageSetupOrientation
22:27:12.750 [main] DEBUG net.thucydides.core.reflection.ClassFinder - Could not load class org.openxmlformats.schemas.drawingml.x2006.main.CTGroupFillProperties
22:27:12.760 [main] DEBUG net.thucydides.core.reflection.ClassFinder - Could not load class org.openxmlformats.schemas.drawingml.x2006.main.CTPath2DQuadBezierTo
22:27:12.760 [main] DEBUG net.thucydides.core.reflection.ClassFinder - Could not load class org.openxmlformats.schemas.drawingml.x2006.main.STEffectContainerType
22:27:12.760 [main] DEBUG net.thucydides.core.reflection.ClassFinder - Could not load class org.openxmlformats.schemas.drawingml.x2006.main.STPresetMaterialType
22:27:12.760 [main] DEBUG net.thucydides.core.reflection.ClassFinder - Could not load class org.openxmlformats.schemas.drawingml.x2006.wordprocessingDrawing.STAlignH
22:27:12.760 [main] DEBUG net.thucydides.core.reflection.ClassFinder - Could not load class org.openxmlformats.schemas.drawingml.x2006.wordprocessingDrawing.STAlignV
22:27:12.760 [main] DEBUG net.thucydides.core.reflection.ClassFinder - Could not load class org.openxmlformats.schemas.officeDocument.x2006.docPropsVTypes.STVectorBaseType
22:27:12.760 [main] DEBUG net.thucydides.core.reflection.ClassFinder - Could not load class org.openxmlformats.schemas.officeDocument.x2006.sharedTypes.STConformanceClass
22:27:12.760 [main] DEBUG net.thucydides.core.reflection.ClassFinder - Could not load class org.openxmlformats.schemas.presentationml.x2006.main.STDirection
22:27:12.760 [main] DEBUG net.thucydides.core.reflection.ClassFinder - Could not load class org.openxmlformats.schemas.presentationml.x2006.main.STTLTimeNodeMasterRelation
22:27:12.760 [main] DEBUG net.thucydides.core.reflection.ClassFinder - Could not load class org.openxmlformats.schemas.presentationml.x2006.main.STTLTimeNodePresetClassType
22:27:12.760 [main] DEBUG net.thucydides.core.reflection.ClassFinder - Could not load class org.openxmlformats.schemas.presentationml.x2006.main.STTLTimeNodeSyncType
22:27:12.760 [main] DEBUG net.thucydides.core.reflection.ClassFinder - Could not load class org.openxmlformats.schemas.presentationml.x2006.main.STTLTriggerEvent
22:27:12.760 [main] DEBUG net.thucydides.core.reflection.ClassFinder - Could not load class org.openxmlformats.schemas.spreadsheetml.x2006.main.STComments
22:27:12.760 [main] DEBUG net.thucydides.core.reflection.ClassFinder - Could not load class org.openxmlformats.schemas.spreadsheetml.x2006.main.STDataValidationImeMode
22:27:12.760 [main] DEBUG net.thucydides.core.reflection.ClassFinder - Could not load class org.openxmlformats.schemas.spreadsheetml.x2006.main.STFieldSortType
22:27:12.760 [main] DEBUG net.thucydides.core.reflection.ClassFinder - Could not load class org.openxmlformats.schemas.spreadsheetml.x2006.main.STOleUpdate
22:27:12.760 [main] DEBUG net.thucydides.core.reflection.ClassFinder - Could not load class org.openxmlformats.schemas.spreadsheetml.x2006.main.STPhoneticAlignment
22:27:12.760 [main] DEBUG net.thucydides.core.reflection.ClassFinder - Could not load class org.openxmlformats.schemas.spreadsheetml.x2006.main.STShowDataAs
22:27:12.760 [main] DEBUG net.thucydides.core.reflection.ClassFinder - Could not load class org.openxmlformats.schemas.spreadsheetml.x2006.main.STSortBy
22:27:12.760 [main] DEBUG net.thucydides.core.reflection.ClassFinder - Could not load class org.openxmlformats.schemas.spreadsheetml.x2006.main.STSortMethod
22:27:12.760 [main] DEBUG net.thucydides.core.reflection.ClassFinder - Could not load class org.openxmlformats.schemas.spreadsheetml.x2006.main.STTableType
22:27:12.760 [main] DEBUG net.thucydides.core.reflection.ClassFinder - Could not load class org.openxmlformats.schemas.spreadsheetml.x2006.main.STTargetScreenSize
22:27:12.760 [main] DEBUG net.thucydides.core.reflection.ClassFinder - Could not load class org.openxmlformats.schemas.spreadsheetml.x2006.main.STTotalsRowFunction
22:27:12.770 [main] DEBUG net.thucydides.core.reflection.ClassFinder - Could not load class org.openxmlformats.schemas.wordprocessingml.x2006.main.CTBookmarkRange
22:27:12.770 [main] DEBUG net.thucydides.core.reflection.ClassFinder - Could not load class org.openxmlformats.schemas.wordprocessingml.x2006.main.CTDocumentBase
22:27:12.770 [main] DEBUG net.thucydides.core.reflection.ClassFinder - Could not load class org.openxmlformats.schemas.wordprocessingml.x2006.main.CTPPrBase
22:27:12.770 [main] DEBUG net.thucydides.core.reflection.ClassFinder - Could not load class org.openxmlformats.schemas.wordprocessingml.x2006.main.CTTblGridBase
22:27:12.770 [main] DEBUG net.thucydides.core.reflection.ClassFinder - Could not load class org.openxmlformats.schemas.wordprocessingml.x2006.main.CTTblPrBase
22:27:12.770 [main] DEBUG net.thucydides.core.reflection.ClassFinder - Could not load class org.openxmlformats.schemas.wordprocessingml.x2006.main.CTTblPrExBase
22:27:12.770 [main] DEBUG net.thucydides.core.reflection.ClassFinder - Could not load class org.openxmlformats.schemas.wordprocessingml.x2006.main.CTTcPrBase
22:27:12.770 [main] DEBUG net.thucydides.core.reflection.ClassFinder - Could not load class org.openxmlformats.schemas.wordprocessingml.x2006.main.CTTcPrInner
22:27:12.770 [main] DEBUG net.thucydides.core.reflection.ClassFinder - Could not load class org.openxmlformats.schemas.wordprocessingml.x2006.main.CTTrPrBase
22:27:12.770 [main] DEBUG net.thucydides.core.reflection.ClassFinder - Could not load class org.openxmlformats.schemas.wordprocessingml.x2006.main.STChapterSep
22:27:12.770 [main] DEBUG net.thucydides.core.reflection.ClassFinder - Could not load class org.openxmlformats.schemas.wordprocessingml.x2006.main.STDropCap
22:27:12.770 [main] DEBUG net.thucydides.core.reflection.ClassFinder - Could not load class org.openxmlformats.schemas.wordprocessingml.x2006.main.STPTabAlignment
22:27:12.770 [main] DEBUG net.thucydides.core.reflection.ClassFinder - Could not load class org.openxmlformats.schemas.wordprocessingml.x2006.main.STPTabLeader
22:27:12.770 [main] DEBUG net.thucydides.core.reflection.ClassFinder - Could not load class org.openxmlformats.schemas.wordprocessingml.x2006.main.STPTabRelativeTo
22:27:12.770 [main] DEBUG net.thucydides.core.reflection.ClassFinder - Could not load class org.openxmlformats.schemas.wordprocessingml.x2006.main.STPageBorderZOrder
22:27:12.770 [main] DEBUG net.thucydides.core.reflection.ClassFinder - Could not load class org.openxmlformats.schemas.wordprocessingml.x2006.main.STZoom
22:27:12.770 [Forwarding get on session 4e093df63270b91dba3a9abdcabe5923 to remote] DEBUG org.asynchttpclient.netty.request.NettyRequestSender - Using pooled Channel '[id: 0xdf203efe, L:/127.0.0.1:62000 - R:localhost/127.0.0.1:59566]' for 'POST' to 'http://localhost:59566/session/4e093df63270b91dba3a9abdcabe5923/url'
22:27:12.770 [Forwarding get on session 4e093df63270b91dba3a9abdcabe5923 to remote] DEBUG org.asynchttpclient.netty.request.NettyRequestSender - Using open Channel [id: 0xdf203efe, L:/127.0.0.1:62000 - R:localhost/127.0.0.1:59566] for POST '/session/4e093df63270b91dba3a9abdcabe5923/url'
22:27:13.081 [AsyncHttpClient-1-1] DEBUG org.asynchttpclient.netty.channel.DefaultChannelPool - Entry count for : http://localhost:62001 : 1
22:27:14.190 [AsyncHttpClient-1-1] DEBUG org.asynchttpclient.netty.channel.DefaultChannelPool - Entry count for : http://localhost:62001 : 1
22:27:15.281 [AsyncHttpClient-1-1] DEBUG org.asynchttpclient.netty.channel.DefaultChannelPool - Entry count for : http://localhost:62001 : 1
22:27:16.381 [AsyncHttpClient-1-1] DEBUG org.asynchttpclient.netty.channel.DefaultChannelPool - Entry count for : http://localhost:62001 : 1
22:27:17.487 [AsyncHttpClient-1-1] DEBUG org.asynchttpclient.netty.channel.DefaultChannelPool - Entry count for : http://localhost:62001 : 1
22:27:18.384 [AsyncHttpClient-1-7] DEBUG org.asynchttpclient.netty.handler.HttpHandler - 

Request DefaultHttpRequest(decodeResult: success, version: HTTP/1.1)
POST /session/4e093df63270b91dba3a9abdcabe5923/url HTTP/1.1
User-Agent: selenium/4.1.2 (java windows)
Content-Length: 61
Content-Type: application/json; charset=utf-8
host: localhost:59566
accept: */*

Response DefaultHttpResponse(decodeResult: success, version: HTTP/1.1)
HTTP/1.1 200 OK
Content-Type: application/json; charset=utf-8
cache-control: no-cache
content-length: 14

22:27:18.384 [AsyncHttpClient-1-7] DEBUG org.asynchttpclient.netty.channel.ChannelManager - Adding key: http://localhost:59566 for channel [id: 0xdf203efe, L:/127.0.0.1:62000 - R:localhost/127.0.0.1:59566]
22:27:18.386 [Forwarding setTimeout on session 4e093df63270b91dba3a9abdcabe5923 to remote] DEBUG org.asynchttpclient.netty.request.NettyRequestSender - Using pooled Channel '[id: 0xdf203efe, L:/127.0.0.1:62000 - R:localhost/127.0.0.1:59566]' for 'POST' to 'http://localhost:59566/session/4e093df63270b91dba3a9abdcabe5923/timeouts'
22:27:18.386 [Forwarding setTimeout on session 4e093df63270b91dba3a9abdcabe5923 to remote] DEBUG org.asynchttpclient.netty.request.NettyRequestSender - Using open Channel [id: 0xdf203efe, L:/127.0.0.1:62000 - R:localhost/127.0.0.1:59566] for POST '/session/4e093df63270b91dba3a9abdcabe5923/timeouts'
22:27:18.387 [AsyncHttpClient-1-7] DEBUG org.asynchttpclient.netty.handler.HttpHandler - 

Request DefaultHttpRequest(decodeResult: success, version: HTTP/1.1)
POST /session/4e093df63270b91dba3a9abdcabe5923/timeouts HTTP/1.1
User-Agent: selenium/4.1.2 (java windows)
Content-Length: 22
Content-Type: application/json; charset=utf-8
host: localhost:59566
accept: */*

Response DefaultHttpResponse(decodeResult: success, version: HTTP/1.1)
HTTP/1.1 200 OK
Content-Type: application/json; charset=utf-8
cache-control: no-cache
content-length: 14

22:27:18.387 [AsyncHttpClient-1-7] DEBUG org.asynchttpclient.netty.channel.ChannelManager - Adding key: http://localhost:59566 for channel [id: 0xdf203efe, L:/127.0.0.1:62000 - R:localhost/127.0.0.1:59566]
22:27:18.388 [Forwarding getCurrentUrl on session 4e093df63270b91dba3a9abdcabe5923 to remote] DEBUG org.asynchttpclient.netty.request.NettyRequestSender - Using pooled Channel '[id: 0xdf203efe, L:/127.0.0.1:62000 - R:localhost/127.0.0.1:59566]' for 'GET' to 'http://localhost:59566/session/4e093df63270b91dba3a9abdcabe5923/url'
22:27:18.388 [Forwarding getCurrentUrl on session 4e093df63270b91dba3a9abdcabe5923 to remote] DEBUG org.asynchttpclient.netty.request.NettyRequestSender - Using open Channel [id: 0xdf203efe, L:/127.0.0.1:62000 - R:localhost/127.0.0.1:59566] for GET '/session/4e093df63270b91dba3a9abdcabe5923/url'
22:27:18.394 [AsyncHttpClient-1-7] DEBUG org.asynchttpclient.netty.handler.HttpHandler - 

Request DefaultFullHttpRequest(decodeResult: success, version: HTTP/1.1, content: EmptyByteBufBE)
GET /session/4e093df63270b91dba3a9abdcabe5923/url HTTP/1.1
User-Agent: selenium/4.1.2 (java windows)
Cache-Control: no-cache
Content-Type: application/json; charset=utf-8
host: localhost:59566
accept: */*

Response DefaultHttpResponse(decodeResult: success, version: HTTP/1.1)
HTTP/1.1 200 OK
Content-Type: application/json; charset=utf-8
cache-control: no-cache
content-length: 43

22:27:18.395 [AsyncHttpClient-1-7] DEBUG org.asynchttpclient.netty.channel.ChannelManager - Adding key: http://localhost:59566 for channel [id: 0xdf203efe, L:/127.0.0.1:62000 - R:localhost/127.0.0.1:59566]
22:27:18.396 [Forwarding getCurrentUrl on session 4e093df63270b91dba3a9abdcabe5923 to remote] DEBUG org.asynchttpclient.netty.request.NettyRequestSender - Using pooled Channel '[id: 0xdf203efe, L:/127.0.0.1:62000 - R:localhost/127.0.0.1:59566]' for 'GET' to 'http://localhost:59566/session/4e093df63270b91dba3a9abdcabe5923/url'
22:27:18.396 [Forwarding getCurrentUrl on session 4e093df63270b91dba3a9abdcabe5923 to remote] DEBUG org.asynchttpclient.netty.request.NettyRequestSender - Using open Channel [id: 0xdf203efe, L:/127.0.0.1:62000 - R:localhost/127.0.0.1:59566] for GET '/session/4e093df63270b91dba3a9abdcabe5923/url'
22:27:18.401 [AsyncHttpClient-1-7] DEBUG org.asynchttpclient.netty.handler.HttpHandler - 

Request DefaultFullHttpRequest(decodeResult: success, version: HTTP/1.1, content: EmptyByteBufBE)
GET /session/4e093df63270b91dba3a9abdcabe5923/url HTTP/1.1
User-Agent: selenium/4.1.2 (java windows)
Cache-Control: no-cache
Content-Type: application/json; charset=utf-8
host: localhost:59566
accept: */*

Response DefaultHttpResponse(decodeResult: success, version: HTTP/1.1)
HTTP/1.1 200 OK
Content-Type: application/json; charset=utf-8
cache-control: no-cache
content-length: 43

22:27:18.401 [AsyncHttpClient-1-7] DEBUG org.asynchttpclient.netty.channel.ChannelManager - Adding key: http://localhost:59566 for channel [id: 0xdf203efe, L:/127.0.0.1:62000 - R:localhost/127.0.0.1:59566]
22:27:18.411 [Forwarding screenshot on session 4e093df63270b91dba3a9abdcabe5923 to remote] DEBUG org.asynchttpclient.netty.request.NettyRequestSender - Using pooled Channel '[id: 0xdf203efe, L:/127.0.0.1:62000 - R:localhost/127.0.0.1:59566]' for 'GET' to 'http://localhost:59566/session/4e093df63270b91dba3a9abdcabe5923/screenshot'
22:27:18.411 [Forwarding screenshot on session 4e093df63270b91dba3a9abdcabe5923 to remote] DEBUG org.asynchttpclient.netty.request.NettyRequestSender - Using open Channel [id: 0xdf203efe, L:/127.0.0.1:62000 - R:localhost/127.0.0.1:59566] for GET '/session/4e093df63270b91dba3a9abdcabe5923/screenshot'
22:27:18.581 [AsyncHttpClient-1-1] DEBUG org.asynchttpclient.netty.channel.DefaultChannelPool - Entry count for : http://localhost:62001 : 1
22:27:18.756 [AsyncHttpClient-1-7] DEBUG org.asynchttpclient.netty.handler.HttpHandler - 

Request DefaultFullHttpRequest(decodeResult: success, version: HTTP/1.1, content: EmptyByteBufBE)
GET /session/4e093df63270b91dba3a9abdcabe5923/screenshot HTTP/1.1
User-Agent: selenium/4.1.2 (java windows)
Cache-Control: no-cache
Content-Type: application/json; charset=utf-8
host: localhost:59566
accept: */*

Response DefaultHttpResponse(decodeResult: success, version: HTTP/1.1)
HTTP/1.1 200 OK
Content-Type: application/json; charset=utf-8
cache-control: no-cache
content-length: 715588

22:27:18.756 [AsyncHttpClient-1-7] DEBUG org.asynchttpclient.netty.channel.ChannelManager - Adding key: http://localhost:59566 for channel [id: 0xdf203efe, L:/127.0.0.1:62000 - R:localhost/127.0.0.1:59566]
22:27:18.766 [main] DEBUG net.serenitybdd.core.photography.Darkroom - Send negative for processing for target\site\serenity\b6f02b46de1134015d06c229473964c7f665d564479e97bc573b3b44492e0033.png
22:27:18.766 [main] DEBUG net.thucydides.core.steps.StepInterceptor - STEP DONE: {0} opens the #targetPageName
22:27:18.776 [Darkroom Processing Line] DEBUG net.serenitybdd.core.photography.DarkroomProcessingLine - Processing screenshot image in /var/screenshots/screenshot-250976239437497895
22:27:18.776 [Darkroom Processing Line] DEBUG net.serenitybdd.core.photography.DarkroomProcessingLine - Saving screenshot to target\site\serenity\b6f02b46de1134015d06c229473964c7f665d564479e97bc573b3b44492e0033.png
22:27:18.776 [main] DEBUG net.thucydides.core.steps.StepInterceptor - STEP DONE: !#title
  &amp#27;[32mGiven &amp#27;[0m&amp#27;[32muser opens the page&amp#27;[0m                                                 &amp#27;[90m# stepdefinitions.CampaignsStepDefinitions.userOpensThePage()&amp#27;[0m
22:27:18.796 [main] DEBUG net.thucydides.core.steps.StepInterceptor - STARTING STEP: CampaignsStepDefinitions.userClicksOnACategory - {0} clicks on #target
22:27:18.796 [main] DEBUG net.serenitybdd.screenplay.targets.IFrameSwitcher - default content already selected for Location pop-up close
22:27:18.796 [Forwarding findElement on session 4e093df63270b91dba3a9abdcabe5923 to remote] DEBUG org.asynchttpclient.netty.request.NettyRequestSender - Using pooled Channel '[id: 0xdf203efe, L:/127.0.0.1:62000 - R:localhost/127.0.0.1:59566]' for 'POST' to 'http://localhost:59566/session/4e093df63270b91dba3a9abdcabe5923/element'
22:27:18.796 [Forwarding findElement on session 4e093df63270b91dba3a9abdcabe5923 to remote] DEBUG org.asynchttpclient.netty.request.NettyRequestSender - Using open Channel [id: 0xdf203efe, L:/127.0.0.1:62000 - R:localhost/127.0.0.1:59566] for POST '/session/4e093df63270b91dba3a9abdcabe5923/element'
22:27:18.806 [AsyncHttpClient-1-7] DEBUG org.asynchttpclient.netty.handler.HttpHandler - 

Request DefaultHttpRequest(decodeResult: success, version: HTTP/1.1)
POST /session/4e093df63270b91dba3a9abdcabe5923/element HTTP/1.1
User-Agent: selenium/4.1.2 (java windows)
Content-Length: 66
Content-Type: application/json; charset=utf-8
host: localhost:59566
accept: */*

Response DefaultHttpResponse(decodeResult: success, version: HTTP/1.1)
HTTP/1.1 200 OK
Content-Type: application/json; charset=utf-8
cache-control: no-cache
content-length: 88

22:27:18.806 [AsyncHttpClient-1-7] DEBUG org.asynchttpclient.netty.channel.ChannelManager - Adding key: http://localhost:59566 for channel [id: 0xdf203efe, L:/127.0.0.1:62000 - R:localhost/127.0.0.1:59566]
22:27:18.816 [Forwarding isElementDisplayed on session 4e093df63270b91dba3a9abdcabe5923 to remote] DEBUG org.asynchttpclient.netty.request.NettyRequestSender - Using pooled Channel '[id: 0xdf203efe, L:/127.0.0.1:62000 - R:localhost/127.0.0.1:59566]' for 'POST' to 'http://localhost:59566/session/4e093df63270b91dba3a9abdcabe5923/execute/sync'
22:27:18.816 [Forwarding isElementDisplayed on session 4e093df63270b91dba3a9abdcabe5923 to remote] DEBUG org.asynchttpclient.netty.request.NettyRequestSender - Using open Channel [id: 0xdf203efe, L:/127.0.0.1:62000 - R:localhost/127.0.0.1:59566] for POST '/session/4e093df63270b91dba3a9abdcabe5923/execute/sync'
22:27:18.866 [AsyncHttpClient-1-7] DEBUG org.asynchttpclient.netty.handler.HttpHandler - 

Request DefaultHttpRequest(decodeResult: success, version: HTTP/1.1)
POST /session/4e093df63270b91dba3a9abdcabe5923/execute/sync HTTP/1.1
User-Agent: selenium/4.1.2 (java windows)
Content-Length: 48780
Content-Type: application/json; charset=utf-8
host: localhost:59566
accept: */*

Response DefaultHttpResponse(decodeResult: success, version: HTTP/1.1)
HTTP/1.1 200 OK
Content-Type: application/json; charset=utf-8
cache-control: no-cache
content-length: 14

22:27:18.866 [AsyncHttpClient-1-7] DEBUG org.asynchttpclient.netty.channel.ChannelManager - Adding key: http://localhost:59566 for channel [id: 0xdf203efe, L:/127.0.0.1:62000 - R:localhost/127.0.0.1:59566]
22:27:18.866 [Forwarding findElement on session 4e093df63270b91dba3a9abdcabe5923 to remote] DEBUG org.asynchttpclient.netty.request.NettyRequestSender - Using pooled Channel '[id: 0xdf203efe, L:/127.0.0.1:62000 - R:localhost/127.0.0.1:59566]' for 'POST' to 'http://localhost:59566/session/4e093df63270b91dba3a9abdcabe5923/element'
22:27:18.866 [Forwarding findElement on session 4e093df63270b91dba3a9abdcabe5923 to remote] DEBUG org.asynchttpclient.netty.request.NettyRequestSender - Using open Channel [id: 0xdf203efe, L:/127.0.0.1:62000 - R:localhost/127.0.0.1:59566] for POST '/session/4e093df63270b91dba3a9abdcabe5923/element'
22:27:18.953 [AsyncHttpClient-1-7] DEBUG org.asynchttpclient.netty.handler.HttpHandler - 

Request DefaultHttpRequest(decodeResult: success, version: HTTP/1.1)
POST /session/4e093df63270b91dba3a9abdcabe5923/element HTTP/1.1
User-Agent: selenium/4.1.2 (java windows)
Content-Length: 66
Content-Type: application/json; charset=utf-8
host: localhost:59566
accept: */*

Response DefaultHttpResponse(decodeResult: success, version: HTTP/1.1)
HTTP/1.1 200 OK
Content-Type: application/json; charset=utf-8
cache-control: no-cache
content-length: 88

22:27:18.953 [AsyncHttpClient-1-7] DEBUG org.asynchttpclient.netty.channel.ChannelManager - Adding key: http://localhost:59566 for channel [id: 0xdf203efe, L:/127.0.0.1:62000 - R:localhost/127.0.0.1:59566]
22:27:18.955 [Forwarding clickElement on session 4e093df63270b91dba3a9abdcabe5923 to remote] DEBUG org.asynchttpclient.netty.request.NettyRequestSender - Using pooled Channel '[id: 0xdf203efe, L:/127.0.0.1:62000 - R:localhost/127.0.0.1:59566]' for 'POST' to 'http://localhost:59566/session/4e093df63270b91dba3a9abdcabe5923/element/f26793ba-6a59-45a4-9a4c-a87e25589090/click'
22:27:18.955 [Forwarding clickElement on session 4e093df63270b91dba3a9abdcabe5923 to remote] DEBUG org.asynchttpclient.netty.request.NettyRequestSender - Using open Channel [id: 0xdf203efe, L:/127.0.0.1:62000 - R:localhost/127.0.0.1:59566] for POST '/session/4e093df63270b91dba3a9abdcabe5923/element/f26793ba-6a59-45a4-9a4c-a87e25589090/click'
22:27:19.228 [AsyncHttpClient-1-7] DEBUG org.asynchttpclient.netty.handler.HttpHandler - 

Request DefaultHttpRequest(decodeResult: success, version: HTTP/1.1)
POST /session/4e093df63270b91dba3a9abdcabe5923/element/f26793ba-6a59-45a4-9a4c-a87e25589090/click HTTP/1.1
User-Agent: selenium/4.1.2 (java windows)
Content-Length: 50
Content-Type: application/json; charset=utf-8
host: localhost:59566
accept: */*

Response DefaultHttpResponse(decodeResult: success, version: HTTP/1.1)
HTTP/1.1 200 OK
Content-Type: application/json; charset=utf-8
cache-control: no-cache
content-length: 14

22:27:19.228 [AsyncHttpClient-1-7] DEBUG org.asynchttpclient.netty.channel.ChannelManager - Adding key: http://localhost:59566 for channel [id: 0xdf203efe, L:/127.0.0.1:62000 - R:localhost/127.0.0.1:59566]
22:27:19.242 [Forwarding screenshot on session 4e093df63270b91dba3a9abdcabe5923 to remote] DEBUG org.asynchttpclient.netty.request.NettyRequestSender - Using pooled Channel '[id: 0xdf203efe, L:/127.0.0.1:62000 - R:localhost/127.0.0.1:59566]' for 'GET' to 'http://localhost:59566/session/4e093df63270b91dba3a9abdcabe5923/screenshot'
22:27:19.242 [Forwarding screenshot on session 4e093df63270b91dba3a9abdcabe5923 to remote] DEBUG org.asynchttpclient.netty.request.NettyRequestSender - Using open Channel [id: 0xdf203efe, L:/127.0.0.1:62000 - R:localhost/127.0.0.1:59566] for GET '/session/4e093df63270b91dba3a9abdcabe5923/screenshot'
22:27:19.654 [AsyncHttpClient-1-7] DEBUG org.asynchttpclient.netty.handler.HttpHandler - 

Request DefaultFullHttpRequest(decodeResult: success, version: HTTP/1.1, content: EmptyByteBufBE)
GET /session/4e093df63270b91dba3a9abdcabe5923/screenshot HTTP/1.1
User-Agent: selenium/4.1.2 (java windows)
Cache-Control: no-cache
Content-Type: application/json; charset=utf-8
host: localhost:59566
accept: */*

Response DefaultHttpResponse(decodeResult: success, version: HTTP/1.1)
HTTP/1.1 200 OK
Content-Type: application/json; charset=utf-8
cache-control: no-cache
content-length: 716236

22:27:19.656 [AsyncHttpClient-1-7] DEBUG org.asynchttpclient.netty.channel.ChannelManager - Adding key: http://localhost:59566 for channel [id: 0xdf203efe, L:/127.0.0.1:62000 - R:localhost/127.0.0.1:59566]
22:27:19.674 [main] DEBUG net.serenitybdd.core.photography.Darkroom - Send negative for processing for target\site\serenity\45aaab1ebb200b7c84740f2eb74eb87575c0e0ef869f2c2a8342d19b4e32deb5.png
22:27:19.676 [main] DEBUG net.thucydides.core.steps.StepInterceptor - STEP DONE: {0} clicks on #target
22:27:19.676 [Darkroom Processing Line] DEBUG net.serenitybdd.core.photography.DarkroomProcessingLine - Processing screenshot image in /var/screenshots/screenshot-1424824093108026484
22:27:19.676 [Darkroom Processing Line] DEBUG net.serenitybdd.core.photography.DarkroomProcessingLine - Saving screenshot to target\site\serenity\45aaab1ebb200b7c84740f2eb74eb87575c0e0ef869f2c2a8342d19b4e32deb5.png
22:27:19.680 [main] DEBUG net.thucydides.core.steps.StepInterceptor - STARTING STEP: CampaignsStepDefinitions.userClicksOnACategory - {0} clicks on #category
22:27:19.684 [AsyncHttpClient-1-1] DEBUG org.asynchttpclient.netty.channel.DefaultChannelPool - Entry count for : http://localhost:62001 : 1
22:27:19.684 [AsyncHttpClient-1-1] DEBUG org.asynchttpclient.netty.channel.DefaultChannelPool - Entry count for : http://localhost:59566 : 1
22:27:19.685 [main] DEBUG net.serenitybdd.screenplay.targets.IFrameSwitcher - default content already selected for Kitap-muzik-film-oyun category
22:27:19.685 [Forwarding findElements on session 4e093df63270b91dba3a9abdcabe5923 to remote] DEBUG org.asynchttpclient.netty.request.NettyRequestSender - Using pooled Channel '[id: 0xdf203efe, L:/127.0.0.1:62000 - R:localhost/127.0.0.1:59566]' for 'POST' to 'http://localhost:59566/session/4e093df63270b91dba3a9abdcabe5923/elements'
22:27:19.685 [Forwarding findElements on session 4e093df63270b91dba3a9abdcabe5923 to remote] DEBUG org.asynchttpclient.netty.request.NettyRequestSender - Using open Channel [id: 0xdf203efe, L:/127.0.0.1:62000 - R:localhost/127.0.0.1:59566] for POST '/session/4e093df63270b91dba3a9abdcabe5923/elements'
22:27:19.703 [AsyncHttpClient-1-7] DEBUG org.asynchttpclient.netty.handler.HttpHandler - 

Request DefaultHttpRequest(decodeResult: success, version: HTTP/1.1)
POST /session/4e093df63270b91dba3a9abdcabe5923/elements HTTP/1.1
User-Agent: selenium/4.1.2 (java windows)
Content-Length: 74
Content-Type: application/json; charset=utf-8
host: localhost:59566
accept: */*

Response DefaultHttpResponse(decodeResult: success, version: HTTP/1.1)
HTTP/1.1 200 OK
Content-Type: application/json; charset=utf-8
cache-control: no-cache
content-length: 90

22:27:19.703 [AsyncHttpClient-1-7] DEBUG org.asynchttpclient.netty.channel.ChannelManager - Adding key: http://localhost:59566 for channel [id: 0xdf203efe, L:/127.0.0.1:62000 - R:localhost/127.0.0.1:59566]
22:27:19.709 [Forwarding isElementDisplayed on session 4e093df63270b91dba3a9abdcabe5923 to remote] DEBUG org.asynchttpclient.netty.request.NettyRequestSender - Using pooled Channel '[id: 0xdf203efe, L:/127.0.0.1:62000 - R:localhost/127.0.0.1:59566]' for 'POST' to 'http://localhost:59566/session/4e093df63270b91dba3a9abdcabe5923/execute/sync'
22:27:19.709 [Forwarding isElementDisplayed on session 4e093df63270b91dba3a9abdcabe5923 to remote] DEBUG org.asynchttpclient.netty.request.NettyRequestSender - Using open Channel [id: 0xdf203efe, L:/127.0.0.1:62000 - R:localhost/127.0.0.1:59566] for POST '/session/4e093df63270b91dba3a9abdcabe5923/execute/sync'
22:27:19.726 [AsyncHttpClient-1-7] DEBUG org.asynchttpclient.netty.handler.HttpHandler - 

Request DefaultHttpRequest(decodeResult: success, version: HTTP/1.1)
POST /session/4e093df63270b91dba3a9abdcabe5923/execute/sync HTTP/1.1
User-Agent: selenium/4.1.2 (java windows)
Content-Length: 48780
Content-Type: application/json; charset=utf-8
host: localhost:59566
accept: */*

Response DefaultHttpResponse(decodeResult: success, version: HTTP/1.1)
HTTP/1.1 200 OK
Content-Type: application/json; charset=utf-8
cache-control: no-cache
content-length: 14

22:27:19.726 [AsyncHttpClient-1-7] DEBUG org.asynchttpclient.netty.channel.ChannelManager - Adding key: http://localhost:59566 for channel [id: 0xdf203efe, L:/127.0.0.1:62000 - R:localhost/127.0.0.1:59566]
22:27:19.727 [Forwarding isElementEnabled on session 4e093df63270b91dba3a9abdcabe5923 to remote] DEBUG org.asynchttpclient.netty.request.NettyRequestSender - Using pooled Channel '[id: 0xdf203efe, L:/127.0.0.1:62000 - R:localhost/127.0.0.1:59566]' for 'GET' to 'http://localhost:59566/session/4e093df63270b91dba3a9abdcabe5923/element/c159c508-92ed-477f-85d2-90a0ea475f31/enabled'
22:27:19.727 [Forwarding isElementEnabled on session 4e093df63270b91dba3a9abdcabe5923 to remote] DEBUG org.asynchttpclient.netty.request.NettyRequestSender - Using open Channel [id: 0xdf203efe, L:/127.0.0.1:62000 - R:localhost/127.0.0.1:59566] for GET '/session/4e093df63270b91dba3a9abdcabe5923/element/c159c508-92ed-477f-85d2-90a0ea475f31/enabled'
22:27:19.734 [AsyncHttpClient-1-7] DEBUG org.asynchttpclient.netty.handler.HttpHandler - 

Request DefaultFullHttpRequest(decodeResult: success, version: HTTP/1.1, content: EmptyByteBufBE)
GET /session/4e093df63270b91dba3a9abdcabe5923/element/c159c508-92ed-477f-85d2-90a0ea475f31/enabled HTTP/1.1
User-Agent: selenium/4.1.2 (java windows)
Cache-Control: no-cache
Content-Type: application/json; charset=utf-8
host: localhost:59566
accept: */*

Response DefaultHttpResponse(decodeResult: success, version: HTTP/1.1)
HTTP/1.1 200 OK
Content-Type: application/json; charset=utf-8
cache-control: no-cache
content-length: 14

22:27:19.734 [AsyncHttpClient-1-7] DEBUG org.asynchttpclient.netty.channel.ChannelManager - Adding key: http://localhost:59566 for channel [id: 0xdf203efe, L:/127.0.0.1:62000 - R:localhost/127.0.0.1:59566]
22:27:19.742 [main] DEBUG net.thucydides.core.steps.StepInterceptor - STARTING STEP: ClickCategory.performAs - {0} clicks on #target
22:27:19.742 [main] DEBUG net.serenitybdd.screenplay.targets.IFrameSwitcher - default content already selected for Kitap-muzik-film-oyun category
22:27:19.747 [Forwarding findElement on session 4e093df63270b91dba3a9abdcabe5923 to remote] DEBUG org.asynchttpclient.netty.request.NettyRequestSender - Using pooled Channel '[id: 0xdf203efe, L:/127.0.0.1:62000 - R:localhost/127.0.0.1:59566]' for 'POST' to 'http://localhost:59566/session/4e093df63270b91dba3a9abdcabe5923/element'
22:27:19.747 [Forwarding findElement on session 4e093df63270b91dba3a9abdcabe5923 to remote] DEBUG org.asynchttpclient.netty.request.NettyRequestSender - Using open Channel [id: 0xdf203efe, L:/127.0.0.1:62000 - R:localhost/127.0.0.1:59566] for POST '/session/4e093df63270b91dba3a9abdcabe5923/element'
22:27:19.760 [AsyncHttpClient-1-7] DEBUG org.asynchttpclient.netty.handler.HttpHandler - 

Request DefaultHttpRequest(decodeResult: success, version: HTTP/1.1)
POST /session/4e093df63270b91dba3a9abdcabe5923/element HTTP/1.1
User-Agent: selenium/4.1.2 (java windows)
Content-Length: 74
Content-Type: application/json; charset=utf-8
host: localhost:59566
accept: */*

Response DefaultHttpResponse(decodeResult: success, version: HTTP/1.1)
HTTP/1.1 200 OK
Content-Type: application/json; charset=utf-8
cache-control: no-cache
content-length: 88

22:27:19.760 [AsyncHttpClient-1-7] DEBUG org.asynchttpclient.netty.channel.ChannelManager - Adding key: http://localhost:59566 for channel [id: 0xdf203efe, L:/127.0.0.1:62000 - R:localhost/127.0.0.1:59566]
22:27:19.761 [Forwarding isElementDisplayed on session 4e093df63270b91dba3a9abdcabe5923 to remote] DEBUG org.asynchttpclient.netty.request.NettyRequestSender - Using pooled Channel '[id: 0xdf203efe, L:/127.0.0.1:62000 - R:localhost/127.0.0.1:59566]' for 'POST' to 'http://localhost:59566/session/4e093df63270b91dba3a9abdcabe5923/execute/sync'
22:27:19.761 [Forwarding isElementDisplayed on session 4e093df63270b91dba3a9abdcabe5923 to remote] DEBUG org.asynchttpclient.netty.request.NettyRequestSender - Using open Channel [id: 0xdf203efe, L:/127.0.0.1:62000 - R:localhost/127.0.0.1:59566] for POST '/session/4e093df63270b91dba3a9abdcabe5923/execute/sync'
22:27:19.773 [AsyncHttpClient-1-7] DEBUG org.asynchttpclient.netty.handler.HttpHandler - 

Request DefaultHttpRequest(decodeResult: success, version: HTTP/1.1)
POST /session/4e093df63270b91dba3a9abdcabe5923/execute/sync HTTP/1.1
User-Agent: selenium/4.1.2 (java windows)
Content-Length: 48780
Content-Type: application/json; charset=utf-8
host: localhost:59566
accept: */*

Response DefaultHttpResponse(decodeResult: success, version: HTTP/1.1)
HTTP/1.1 200 OK
Content-Type: application/json; charset=utf-8
cache-control: no-cache
content-length: 14

22:27:19.773 [AsyncHttpClient-1-7] DEBUG org.asynchttpclient.netty.channel.ChannelManager - Adding key: http://localhost:59566 for channel [id: 0xdf203efe, L:/127.0.0.1:62000 - R:localhost/127.0.0.1:59566]
22:27:19.773 [Forwarding findElement on session 4e093df63270b91dba3a9abdcabe5923 to remote] DEBUG org.asynchttpclient.netty.request.NettyRequestSender - Using pooled Channel '[id: 0xdf203efe, L:/127.0.0.1:62000 - R:localhost/127.0.0.1:59566]' for 'POST' to 'http://localhost:59566/session/4e093df63270b91dba3a9abdcabe5923/element'
22:27:19.773 [Forwarding findElement on session 4e093df63270b91dba3a9abdcabe5923 to remote] DEBUG org.asynchttpclient.netty.request.NettyRequestSender - Using open Channel [id: 0xdf203efe, L:/127.0.0.1:62000 - R:localhost/127.0.0.1:59566] for POST '/session/4e093df63270b91dba3a9abdcabe5923/element'
22:27:19.785 [AsyncHttpClient-1-7] DEBUG org.asynchttpclient.netty.handler.HttpHandler - 

Request DefaultHttpRequest(decodeResult: success, version: HTTP/1.1)
POST /session/4e093df63270b91dba3a9abdcabe5923/element HTTP/1.1
User-Agent: selenium/4.1.2 (java windows)
Content-Length: 74
Content-Type: application/json; charset=utf-8
host: localhost:59566
accept: */*

Response DefaultHttpResponse(decodeResult: success, version: HTTP/1.1)
HTTP/1.1 200 OK
Content-Type: application/json; charset=utf-8
cache-control: no-cache
content-length: 88

22:27:19.785 [AsyncHttpClient-1-7] DEBUG org.asynchttpclient.netty.channel.ChannelManager - Adding key: http://localhost:59566 for channel [id: 0xdf203efe, L:/127.0.0.1:62000 - R:localhost/127.0.0.1:59566]
22:27:19.786 [Forwarding clickElement on session 4e093df63270b91dba3a9abdcabe5923 to remote] DEBUG org.asynchttpclient.netty.request.NettyRequestSender - Using pooled Channel '[id: 0xdf203efe, L:/127.0.0.1:62000 - R:localhost/127.0.0.1:59566]' for 'POST' to 'http://localhost:59566/session/4e093df63270b91dba3a9abdcabe5923/element/c159c508-92ed-477f-85d2-90a0ea475f31/click'
22:27:19.786 [Forwarding clickElement on session 4e093df63270b91dba3a9abdcabe5923 to remote] DEBUG org.asynchttpclient.netty.request.NettyRequestSender - Using open Channel [id: 0xdf203efe, L:/127.0.0.1:62000 - R:localhost/127.0.0.1:59566] for POST '/session/4e093df63270b91dba3a9abdcabe5923/element/c159c508-92ed-477f-85d2-90a0ea475f31/click'
22:27:19.885 [AsyncHttpClient-1-7] DEBUG org.asynchttpclient.netty.handler.HttpHandler - 

Request DefaultHttpRequest(decodeResult: success, version: HTTP/1.1)
POST /session/4e093df63270b91dba3a9abdcabe5923/element/c159c508-92ed-477f-85d2-90a0ea475f31/click HTTP/1.1
User-Agent: selenium/4.1.2 (java windows)
Content-Length: 50
Content-Type: application/json; charset=utf-8
host: localhost:59566
accept: */*

Response DefaultHttpResponse(decodeResult: success, version: HTTP/1.1)
HTTP/1.1 200 OK
Content-Type: application/json; charset=utf-8
cache-control: no-cache
content-length: 14

22:27:19.885 [AsyncHttpClient-1-7] DEBUG org.asynchttpclient.netty.channel.ChannelManager - Adding key: http://localhost:59566 for channel [id: 0xdf203efe, L:/127.0.0.1:62000 - R:localhost/127.0.0.1:59566]
22:27:19.897 [Forwarding screenshot on session 4e093df63270b91dba3a9abdcabe5923 to remote] DEBUG org.asynchttpclient.netty.request.NettyRequestSender - Using pooled Channel '[id: 0xdf203efe, L:/127.0.0.1:62000 - R:localhost/127.0.0.1:59566]' for 'GET' to 'http://localhost:59566/session/4e093df63270b91dba3a9abdcabe5923/screenshot'
22:27:19.897 [Forwarding screenshot on session 4e093df63270b91dba3a9abdcabe5923 to remote] DEBUG org.asynchttpclient.netty.request.NettyRequestSender - Using open Channel [id: 0xdf203efe, L:/127.0.0.1:62000 - R:localhost/127.0.0.1:59566] for GET '/session/4e093df63270b91dba3a9abdcabe5923/screenshot'
22:27:20.414 [AsyncHttpClient-1-7] DEBUG org.asynchttpclient.netty.handler.HttpHandler - 

Request DefaultFullHttpRequest(decodeResult: success, version: HTTP/1.1, content: EmptyByteBufBE)
GET /session/4e093df63270b91dba3a9abdcabe5923/screenshot HTTP/1.1
User-Agent: selenium/4.1.2 (java windows)
Cache-Control: no-cache
Content-Type: application/json; charset=utf-8
host: localhost:59566
accept: */*

Response DefaultHttpResponse(decodeResult: success, version: HTTP/1.1)
HTTP/1.1 200 OK
Content-Type: application/json; charset=utf-8
cache-control: no-cache
content-length: 117912

22:27:20.414 [AsyncHttpClient-1-7] DEBUG org.asynchttpclient.netty.channel.ChannelManager - Adding key: http://localhost:59566 for channel [id: 0xdf203efe, L:/127.0.0.1:62000 - R:localhost/127.0.0.1:59566]
22:27:20.420 [main] DEBUG net.serenitybdd.core.photography.Darkroom - Send negative for processing for target\site\serenity\1da71f4e8c34ef82529f048ff250f6e4a1c2cc0be9d27f99b3ce47a6daa18edc.png
22:27:20.420 [main] DEBUG net.thucydides.core.steps.StepInterceptor - STEP DONE: {0} clicks on #target
22:27:20.422 [Darkroom Processing Line] DEBUG net.serenitybdd.core.photography.DarkroomProcessingLine - Processing screenshot image in /var/screenshots/screenshot-14589092271155748004
22:27:20.422 [Darkroom Processing Line] DEBUG net.serenitybdd.core.photography.DarkroomProcessingLine - Saving screenshot to target\site\serenity\1da71f4e8c34ef82529f048ff250f6e4a1c2cc0be9d27f99b3ce47a6daa18edc.png
22:27:20.432 [main] DEBUG net.thucydides.core.steps.StepInterceptor - STEP DONE: {0} clicks on #category
  &amp#27;[32mWhen &amp#27;[0m&amp#27;[32muser clicks on &amp#27;[0m&amp#27;[32m&amp#27;[1m"kitap-muzik-film-oyun"&amp#27;[0m                               &amp#27;[90m# stepdefinitions.CampaignsStepDefinitions.userClicksOnACategory(java.lang.String)&amp#27;[0m
22:27:20.454 [Forwarding findElements on session 4e093df63270b91dba3a9abdcabe5923 to remote] DEBUG org.asynchttpclient.netty.request.NettyRequestSender - Using pooled Channel '[id: 0xdf203efe, L:/127.0.0.1:62000 - R:localhost/127.0.0.1:59566]' for 'POST' to 'http://localhost:59566/session/4e093df63270b91dba3a9abdcabe5923/elements'
22:27:20.455 [Forwarding findElements on session 4e093df63270b91dba3a9abdcabe5923 to remote] DEBUG org.asynchttpclient.netty.request.NettyRequestSender - Using open Channel [id: 0xdf203efe, L:/127.0.0.1:62000 - R:localhost/127.0.0.1:59566] for POST '/session/4e093df63270b91dba3a9abdcabe5923/elements'
22:27:20.541 [AsyncHttpClient-1-7] DEBUG org.asynchttpclient.netty.handler.HttpHandler - 

Request DefaultHttpRequest(decodeResult: success, version: HTTP/1.1)
POST /session/4e093df63270b91dba3a9abdcabe5923/elements HTTP/1.1
User-Agent: selenium/4.1.2 (java windows)
Content-Length: 85
Content-Type: application/json; charset=utf-8
host: localhost:59566
accept: */*

Response DefaultHttpResponse(decodeResult: success, version: HTTP/1.1)
HTTP/1.1 200 OK
Content-Type: application/json; charset=utf-8
cache-control: no-cache
content-length: 3408

22:27:20.541 [AsyncHttpClient-1-7] DEBUG org.asynchttpclient.netty.channel.ChannelManager - Adding key: http://localhost:59566 for channel [id: 0xdf203efe, L:/127.0.0.1:62000 - R:localhost/127.0.0.1:59566]
22:27:20.543 [Forwarding findElement on session 4e093df63270b91dba3a9abdcabe5923 to remote] DEBUG org.asynchttpclient.netty.request.NettyRequestSender - Using pooled Channel '[id: 0xdf203efe, L:/127.0.0.1:62000 - R:localhost/127.0.0.1:59566]' for 'POST' to 'http://localhost:59566/session/4e093df63270b91dba3a9abdcabe5923/element'
22:27:20.543 [Forwarding findElement on session 4e093df63270b91dba3a9abdcabe5923 to remote] DEBUG org.asynchttpclient.netty.request.NettyRequestSender - Using open Channel [id: 0xdf203efe, L:/127.0.0.1:62000 - R:localhost/127.0.0.1:59566] for POST '/session/4e093df63270b91dba3a9abdcabe5923/element'
22:27:20.561 [AsyncHttpClient-1-7] DEBUG org.asynchttpclient.netty.handler.HttpHandler - 

Request DefaultHttpRequest(decodeResult: success, version: HTTP/1.1)
POST /session/4e093df63270b91dba3a9abdcabe5923/element HTTP/1.1
User-Agent: selenium/4.1.2 (java windows)
Content-Length: 75
Content-Type: application/json; charset=utf-8
host: localhost:59566
accept: */*

Response DefaultHttpResponse(decodeResult: success, version: HTTP/1.1)
HTTP/1.1 200 OK
Content-Type: application/json; charset=utf-8
cache-control: no-cache
content-length: 88

22:27:20.561 [AsyncHttpClient-1-7] DEBUG org.asynchttpclient.netty.channel.ChannelManager - Adding key: http://localhost:59566 for channel [id: 0xdf203efe, L:/127.0.0.1:62000 - R:localhost/127.0.0.1:59566]
22:27:20.564 [Forwarding getElementAttribute on session 4e093df63270b91dba3a9abdcabe5923 to remote] DEBUG org.asynchttpclient.netty.request.NettyRequestSender - Using pooled Channel '[id: 0xdf203efe, L:/127.0.0.1:62000 - R:localhost/127.0.0.1:59566]' for 'POST' to 'http://localhost:59566/session/4e093df63270b91dba3a9abdcabe5923/execute/sync'
22:27:20.565 [Forwarding getElementAttribute on session 4e093df63270b91dba3a9abdcabe5923 to remote] DEBUG org.asynchttpclient.netty.request.NettyRequestSender - Using open Channel [id: 0xdf203efe, L:/127.0.0.1:62000 - R:localhost/127.0.0.1:59566] for POST '/session/4e093df63270b91dba3a9abdcabe5923/execute/sync'
22:27:20.587 [AsyncHttpClient-1-7] DEBUG org.asynchttpclient.netty.handler.HttpHandler - 

Request DefaultHttpRequest(decodeResult: success, version: HTTP/1.1)
POST /session/4e093df63270b91dba3a9abdcabe5923/execute/sync HTTP/1.1
User-Agent: selenium/4.1.2 (java windows)
Content-Length: 47339
Content-Type: application/json; charset=utf-8
host: localhost:59566
accept: */*

Response DefaultHttpResponse(decodeResult: success, version: HTTP/1.1)
HTTP/1.1 200 OK
Content-Type: application/json; charset=utf-8
cache-control: no-cache
content-length: 81

22:27:20.587 [AsyncHttpClient-1-7] DEBUG org.asynchttpclient.netty.channel.ChannelManager - Adding key: http://localhost:59566 for channel [id: 0xdf203efe, L:/127.0.0.1:62000 - R:localhost/127.0.0.1:59566]
22:27:20.590 [Forwarding getElementAttribute on session 4e093df63270b91dba3a9abdcabe5923 to remote] DEBUG org.asynchttpclient.netty.request.NettyRequestSender - Using pooled Channel '[id: 0xdf203efe, L:/127.0.0.1:62000 - R:localhost/127.0.0.1:59566]' for 'POST' to 'http://localhost:59566/session/4e093df63270b91dba3a9abdcabe5923/execute/sync'
22:27:20.591 [Forwarding getElementAttribute on session 4e093df63270b91dba3a9abdcabe5923 to remote] DEBUG org.asynchttpclient.netty.request.NettyRequestSender - Using open Channel [id: 0xdf203efe, L:/127.0.0.1:62000 - R:localhost/127.0.0.1:59566] for POST '/session/4e093df63270b91dba3a9abdcabe5923/execute/sync'
22:27:20.610 [AsyncHttpClient-1-7] DEBUG org.asynchttpclient.netty.handler.HttpHandler - 

Request DefaultHttpRequest(decodeResult: success, version: HTTP/1.1)
POST /session/4e093df63270b91dba3a9abdcabe5923/execute/sync HTTP/1.1
User-Agent: selenium/4.1.2 (java windows)
Content-Length: 47339
Content-Type: application/json; charset=utf-8
host: localhost:59566
accept: */*

Response DefaultHttpResponse(decodeResult: success, version: HTTP/1.1)
HTTP/1.1 200 OK
Content-Type: application/json; charset=utf-8
cache-control: no-cache
content-length: 70

22:27:20.610 [AsyncHttpClient-1-7] DEBUG org.asynchttpclient.netty.channel.ChannelManager - Adding key: http://localhost:59566 for channel [id: 0xdf203efe, L:/127.0.0.1:62000 - R:localhost/127.0.0.1:59566]
22:27:20.614 [Forwarding getElementAttribute on session 4e093df63270b91dba3a9abdcabe5923 to remote] DEBUG org.asynchttpclient.netty.request.NettyRequestSender - Using pooled Channel '[id: 0xdf203efe, L:/127.0.0.1:62000 - R:localhost/127.0.0.1:59566]' for 'POST' to 'http://localhost:59566/session/4e093df63270b91dba3a9abdcabe5923/execute/sync'
22:27:20.614 [Forwarding getElementAttribute on session 4e093df63270b91dba3a9abdcabe5923 to remote] DEBUG org.asynchttpclient.netty.request.NettyRequestSender - Using open Channel [id: 0xdf203efe, L:/127.0.0.1:62000 - R:localhost/127.0.0.1:59566] for POST '/session/4e093df63270b91dba3a9abdcabe5923/execute/sync'
22:27:20.633 [AsyncHttpClient-1-7] DEBUG org.asynchttpclient.netty.handler.HttpHandler - 

Request DefaultHttpRequest(decodeResult: success, version: HTTP/1.1)
POST /session/4e093df63270b91dba3a9abdcabe5923/execute/sync HTTP/1.1
User-Agent: selenium/4.1.2 (java windows)
Content-Length: 47339
Content-Type: application/json; charset=utf-8
host: localhost:59566
accept: */*

Response DefaultHttpResponse(decodeResult: success, version: HTTP/1.1)
HTTP/1.1 200 OK
Content-Type: application/json; charset=utf-8
cache-control: no-cache
content-length: 85

22:27:20.633 [AsyncHttpClient-1-7] DEBUG org.asynchttpclient.netty.channel.ChannelManager - Adding key: http://localhost:59566 for channel [id: 0xdf203efe, L:/127.0.0.1:62000 - R:localhost/127.0.0.1:59566]
22:27:20.637 [Forwarding getElementAttribute on session 4e093df63270b91dba3a9abdcabe5923 to remote] DEBUG org.asynchttpclient.netty.request.NettyRequestSender - Using pooled Channel '[id: 0xdf203efe, L:/127.0.0.1:62000 - R:localhost/127.0.0.1:59566]' for 'POST' to 'http://localhost:59566/session/4e093df63270b91dba3a9abdcabe5923/execute/sync'
22:27:20.637 [Forwarding getElementAttribute on session 4e093df63270b91dba3a9abdcabe5923 to remote] DEBUG org.asynchttpclient.netty.request.NettyRequestSender - Using open Channel [id: 0xdf203efe, L:/127.0.0.1:62000 - R:localhost/127.0.0.1:59566] for POST '/session/4e093df63270b91dba3a9abdcabe5923/execute/sync'
22:27:20.650 [AsyncHttpClient-1-7] DEBUG org.asynchttpclient.netty.handler.HttpHandler - 

Request DefaultHttpRequest(decodeResult: success, version: HTTP/1.1)
POST /session/4e093df63270b91dba3a9abdcabe5923/execute/sync HTTP/1.1
User-Agent: selenium/4.1.2 (java windows)
Content-Length: 47339
Content-Type: application/json; charset=utf-8
host: localhost:59566
accept: */*

Response DefaultHttpResponse(decodeResult: success, version: HTTP/1.1)
HTTP/1.1 200 OK
Content-Type: application/json; charset=utf-8
cache-control: no-cache
content-length: 78

22:27:20.650 [AsyncHttpClient-1-7] DEBUG org.asynchttpclient.netty.channel.ChannelManager - Adding key: http://localhost:59566 for channel [id: 0xdf203efe, L:/127.0.0.1:62000 - R:localhost/127.0.0.1:59566]
22:27:20.654 [Forwarding getElementAttribute on session 4e093df63270b91dba3a9abdcabe5923 to remote] DEBUG org.asynchttpclient.netty.request.NettyRequestSender - Using pooled Channel '[id: 0xdf203efe, L:/127.0.0.1:62000 - R:localhost/127.0.0.1:59566]' for 'POST' to 'http://localhost:59566/session/4e093df63270b91dba3a9abdcabe5923/execute/sync'
22:27:20.654 [Forwarding getElementAttribute on session 4e093df63270b91dba3a9abdcabe5923 to remote] DEBUG org.asynchttpclient.netty.request.NettyRequestSender - Using open Channel [id: 0xdf203efe, L:/127.0.0.1:62000 - R:localhost/127.0.0.1:59566] for POST '/session/4e093df63270b91dba3a9abdcabe5923/execute/sync'
22:27:20.665 [AsyncHttpClient-1-7] DEBUG org.asynchttpclient.netty.handler.HttpHandler - 

Request DefaultHttpRequest(decodeResult: success, version: HTTP/1.1)
POST /session/4e093df63270b91dba3a9abdcabe5923/execute/sync HTTP/1.1
User-Agent: selenium/4.1.2 (java windows)
Content-Length: 47339
Content-Type: application/json; charset=utf-8
host: localhost:59566
accept: */*

Response DefaultHttpResponse(decodeResult: success, version: HTTP/1.1)
HTTP/1.1 200 OK
Content-Type: application/json; charset=utf-8
cache-control: no-cache
content-length: 71

22:27:20.665 [AsyncHttpClient-1-7] DEBUG org.asynchttpclient.netty.channel.ChannelManager - Adding key: http://localhost:59566 for channel [id: 0xdf203efe, L:/127.0.0.1:62000 - R:localhost/127.0.0.1:59566]
22:27:20.668 [Forwarding getElementAttribute on session 4e093df63270b91dba3a9abdcabe5923 to remote] DEBUG org.asynchttpclient.netty.request.NettyRequestSender - Using pooled Channel '[id: 0xdf203efe, L:/127.0.0.1:62000 - R:localhost/127.0.0.1:59566]' for 'POST' to 'http://localhost:59566/session/4e093df63270b91dba3a9abdcabe5923/execute/sync'
22:27:20.668 [Forwarding getElementAttribute on session 4e093df63270b91dba3a9abdcabe5923 to remote] DEBUG org.asynchttpclient.netty.request.NettyRequestSender - Using open Channel [id: 0xdf203efe, L:/127.0.0.1:62000 - R:localhost/127.0.0.1:59566] for POST '/session/4e093df63270b91dba3a9abdcabe5923/execute/sync'
22:27:20.678 [AsyncHttpClient-1-7] DEBUG org.asynchttpclient.netty.handler.HttpHandler - 

Request DefaultHttpRequest(decodeResult: success, version: HTTP/1.1)
POST /session/4e093df63270b91dba3a9abdcabe5923/execute/sync HTTP/1.1
User-Agent: selenium/4.1.2 (java windows)
Content-Length: 47339
Content-Type: application/json; charset=utf-8
host: localhost:59566
accept: */*

Response DefaultHttpResponse(decodeResult: success, version: HTTP/1.1)
HTTP/1.1 200 OK
Content-Type: application/json; charset=utf-8
cache-control: no-cache
content-length: 92

22:27:20.678 [AsyncHttpClient-1-7] DEBUG org.asynchttpclient.netty.channel.ChannelManager - Adding key: http://localhost:59566 for channel [id: 0xdf203efe, L:/127.0.0.1:62000 - R:localhost/127.0.0.1:59566]
22:27:20.681 [Forwarding getElementAttribute on session 4e093df63270b91dba3a9abdcabe5923 to remote] DEBUG org.asynchttpclient.netty.request.NettyRequestSender - Using pooled Channel '[id: 0xdf203efe, L:/127.0.0.1:62000 - R:localhost/127.0.0.1:59566]' for 'POST' to 'http://localhost:59566/session/4e093df63270b91dba3a9abdcabe5923/execute/sync'
22:27:20.681 [Forwarding getElementAttribute on session 4e093df63270b91dba3a9abdcabe5923 to remote] DEBUG org.asynchttpclient.netty.request.NettyRequestSender - Using open Channel [id: 0xdf203efe, L:/127.0.0.1:62000 - R:localhost/127.0.0.1:59566] for POST '/session/4e093df63270b91dba3a9abdcabe5923/execute/sync'
22:27:20.688 [AsyncHttpClient-1-7] DEBUG org.asynchttpclient.netty.handler.HttpHandler - 

Request DefaultHttpRequest(decodeResult: success, version: HTTP/1.1)
POST /session/4e093df63270b91dba3a9abdcabe5923/execute/sync HTTP/1.1
User-Agent: selenium/4.1.2 (java windows)
Content-Length: 47339
Content-Type: application/json; charset=utf-8
host: localhost:59566
accept: */*

Response DefaultHttpResponse(decodeResult: success, version: HTTP/1.1)
HTTP/1.1 200 OK
Content-Type: application/json; charset=utf-8
cache-control: no-cache
content-length: 93

22:27:20.688 [AsyncHttpClient-1-7] DEBUG org.asynchttpclient.netty.channel.ChannelManager - Adding key: http://localhost:59566 for channel [id: 0xdf203efe, L:/127.0.0.1:62000 - R:localhost/127.0.0.1:59566]
22:27:20.688 [Forwarding getElementAttribute on session 4e093df63270b91dba3a9abdcabe5923 to remote] DEBUG org.asynchttpclient.netty.request.NettyRequestSender - Using pooled Channel '[id: 0xdf203efe, L:/127.0.0.1:62000 - R:localhost/127.0.0.1:59566]' for 'POST' to 'http://localhost:59566/session/4e093df63270b91dba3a9abdcabe5923/execute/sync'
22:27:20.688 [Forwarding getElementAttribute on session 4e093df63270b91dba3a9abdcabe5923 to remote] DEBUG org.asynchttpclient.netty.request.NettyRequestSender - Using open Channel [id: 0xdf203efe, L:/127.0.0.1:62000 - R:localhost/127.0.0.1:59566] for POST '/session/4e093df63270b91dba3a9abdcabe5923/execute/sync'
22:27:20.705 [AsyncHttpClient-1-7] DEBUG org.asynchttpclient.netty.handler.HttpHandler - 

Request DefaultHttpRequest(decodeResult: success, version: HTTP/1.1)
POST /session/4e093df63270b91dba3a9abdcabe5923/execute/sync HTTP/1.1
User-Agent: selenium/4.1.2 (java windows)
Content-Length: 47339
Content-Type: application/json; charset=utf-8
host: localhost:59566
accept: */*

Response DefaultHttpResponse(decodeResult: success, version: HTTP/1.1)
HTTP/1.1 200 OK
Content-Type: application/json; charset=utf-8
cache-control: no-cache
content-length: 94

22:27:20.705 [AsyncHttpClient-1-7] DEBUG org.asynchttpclient.netty.channel.ChannelManager - Adding key: http://localhost:59566 for channel [id: 0xdf203efe, L:/127.0.0.1:62000 - R:localhost/127.0.0.1:59566]
22:27:20.705 [Forwarding getElementAttribute on session 4e093df63270b91dba3a9abdcabe5923 to remote] DEBUG org.asynchttpclient.netty.request.NettyRequestSender - Using pooled Channel '[id: 0xdf203efe, L:/127.0.0.1:62000 - R:localhost/127.0.0.1:59566]' for 'POST' to 'http://localhost:59566/session/4e093df63270b91dba3a9abdcabe5923/execute/sync'
22:27:20.705 [Forwarding getElementAttribute on session 4e093df63270b91dba3a9abdcabe5923 to remote] DEBUG org.asynchttpclient.netty.request.NettyRequestSender - Using open Channel [id: 0xdf203efe, L:/127.0.0.1:62000 - R:localhost/127.0.0.1:59566] for POST '/session/4e093df63270b91dba3a9abdcabe5923/execute/sync'
22:27:20.718 [AsyncHttpClient-1-7] DEBUG org.asynchttpclient.netty.handler.HttpHandler - 

Request DefaultHttpRequest(decodeResult: success, version: HTTP/1.1)
POST /session/4e093df63270b91dba3a9abdcabe5923/execute/sync HTTP/1.1
User-Agent: selenium/4.1.2 (java windows)
Content-Length: 47339
Content-Type: application/json; charset=utf-8
host: localhost:59566
accept: */*

Response DefaultHttpResponse(decodeResult: success, version: HTTP/1.1)
HTTP/1.1 200 OK
Content-Type: application/json; charset=utf-8
cache-control: no-cache
content-length: 82

22:27:20.718 [AsyncHttpClient-1-7] DEBUG org.asynchttpclient.netty.channel.ChannelManager - Adding key: http://localhost:59566 for channel [id: 0xdf203efe, L:/127.0.0.1:62000 - R:localhost/127.0.0.1:59566]
22:27:20.722 [Forwarding getElementAttribute on session 4e093df63270b91dba3a9abdcabe5923 to remote] DEBUG org.asynchttpclient.netty.request.NettyRequestSender - Using pooled Channel '[id: 0xdf203efe, L:/127.0.0.1:62000 - R:localhost/127.0.0.1:59566]' for 'POST' to 'http://localhost:59566/session/4e093df63270b91dba3a9abdcabe5923/execute/sync'
22:27:20.722 [Forwarding getElementAttribute on session 4e093df63270b91dba3a9abdcabe5923 to remote] DEBUG org.asynchttpclient.netty.request.NettyRequestSender - Using open Channel [id: 0xdf203efe, L:/127.0.0.1:62000 - R:localhost/127.0.0.1:59566] for POST '/session/4e093df63270b91dba3a9abdcabe5923/execute/sync'
22:27:20.735 [AsyncHttpClient-1-7] DEBUG org.asynchttpclient.netty.handler.HttpHandler - 

Request DefaultHttpRequest(decodeResult: success, version: HTTP/1.1)
POST /session/4e093df63270b91dba3a9abdcabe5923/execute/sync HTTP/1.1
User-Agent: selenium/4.1.2 (java windows)
Content-Length: 47339
Content-Type: application/json; charset=utf-8
host: localhost:59566
accept: */*

Response DefaultHttpResponse(decodeResult: success, version: HTTP/1.1)
HTTP/1.1 200 OK
Content-Type: application/json; charset=utf-8
cache-control: no-cache
content-length: 76

22:27:20.735 [AsyncHttpClient-1-7] DEBUG org.asynchttpclient.netty.channel.ChannelManager - Adding key: http://localhost:59566 for channel [id: 0xdf203efe, L:/127.0.0.1:62000 - R:localhost/127.0.0.1:59566]
22:27:20.738 [Forwarding getElementAttribute on session 4e093df63270b91dba3a9abdcabe5923 to remote] DEBUG org.asynchttpclient.netty.request.NettyRequestSender - Using pooled Channel '[id: 0xdf203efe, L:/127.0.0.1:62000 - R:localhost/127.0.0.1:59566]' for 'POST' to 'http://localhost:59566/session/4e093df63270b91dba3a9abdcabe5923/execute/sync'
22:27:20.738 [Forwarding getElementAttribute on session 4e093df63270b91dba3a9abdcabe5923 to remote] DEBUG org.asynchttpclient.netty.request.NettyRequestSender - Using open Channel [id: 0xdf203efe, L:/127.0.0.1:62000 - R:localhost/127.0.0.1:59566] for POST '/session/4e093df63270b91dba3a9abdcabe5923/execute/sync'
22:27:20.750 [AsyncHttpClient-1-7] DEBUG org.asynchttpclient.netty.handler.HttpHandler - 

Request DefaultHttpRequest(decodeResult: success, version: HTTP/1.1)
POST /session/4e093df63270b91dba3a9abdcabe5923/execute/sync HTTP/1.1
User-Agent: selenium/4.1.2 (java windows)
Content-Length: 47339
Content-Type: application/json; charset=utf-8
host: localhost:59566
accept: */*

Response DefaultHttpResponse(decodeResult: success, version: HTTP/1.1)
HTTP/1.1 200 OK
Content-Type: application/json; charset=utf-8
cache-control: no-cache
content-length: 93

22:27:20.750 [AsyncHttpClient-1-7] DEBUG org.asynchttpclient.netty.channel.ChannelManager - Adding key: http://localhost:59566 for channel [id: 0xdf203efe, L:/127.0.0.1:62000 - R:localhost/127.0.0.1:59566]
22:27:20.753 [Forwarding getElementAttribute on session 4e093df63270b91dba3a9abdcabe5923 to remote] DEBUG org.asynchttpclient.netty.request.NettyRequestSender - Using pooled Channel '[id: 0xdf203efe, L:/127.0.0.1:62000 - R:localhost/127.0.0.1:59566]' for 'POST' to 'http://localhost:59566/session/4e093df63270b91dba3a9abdcabe5923/execute/sync'
22:27:20.753 [Forwarding getElementAttribute on session 4e093df63270b91dba3a9abdcabe5923 to remote] DEBUG org.asynchttpclient.netty.request.NettyRequestSender - Using open Channel [id: 0xdf203efe, L:/127.0.0.1:62000 - R:localhost/127.0.0.1:59566] for POST '/session/4e093df63270b91dba3a9abdcabe5923/execute/sync'
22:27:20.764 [AsyncHttpClient-1-7] DEBUG org.asynchttpclient.netty.handler.HttpHandler - 

Request DefaultHttpRequest(decodeResult: success, version: HTTP/1.1)
POST /session/4e093df63270b91dba3a9abdcabe5923/execute/sync HTTP/1.1
User-Agent: selenium/4.1.2 (java windows)
Content-Length: 47339
Content-Type: application/json; charset=utf-8
host: localhost:59566
accept: */*

Response DefaultHttpResponse(decodeResult: success, version: HTTP/1.1)
HTTP/1.1 200 OK
Content-Type: application/json; charset=utf-8
cache-control: no-cache
content-length: 65

22:27:20.764 [AsyncHttpClient-1-7] DEBUG org.asynchttpclient.netty.channel.ChannelManager - Adding key: http://localhost:59566 for channel [id: 0xdf203efe, L:/127.0.0.1:62000 - R:localhost/127.0.0.1:59566]
22:27:20.767 [Forwarding getElementAttribute on session 4e093df63270b91dba3a9abdcabe5923 to remote] DEBUG org.asynchttpclient.netty.request.NettyRequestSender - Using pooled Channel '[id: 0xdf203efe, L:/127.0.0.1:62000 - R:localhost/127.0.0.1:59566]' for 'POST' to 'http://localhost:59566/session/4e093df63270b91dba3a9abdcabe5923/execute/sync'
22:27:20.767 [Forwarding getElementAttribute on session 4e093df63270b91dba3a9abdcabe5923 to remote] DEBUG org.asynchttpclient.netty.request.NettyRequestSender - Using open Channel [id: 0xdf203efe, L:/127.0.0.1:62000 - R:localhost/127.0.0.1:59566] for POST '/session/4e093df63270b91dba3a9abdcabe5923/execute/sync'
22:27:20.777 [AsyncHttpClient-1-7] DEBUG org.asynchttpclient.netty.handler.HttpHandler - 

Request DefaultHttpRequest(decodeResult: success, version: HTTP/1.1)
POST /session/4e093df63270b91dba3a9abdcabe5923/execute/sync HTTP/1.1
User-Agent: selenium/4.1.2 (java windows)
Content-Length: 47339
Content-Type: application/json; charset=utf-8
host: localhost:59566
accept: */*

Response DefaultHttpResponse(decodeResult: success, version: HTTP/1.1)
HTTP/1.1 200 OK
Content-Type: application/json; charset=utf-8
cache-control: no-cache
content-length: 82

22:27:20.777 [AsyncHttpClient-1-7] DEBUG org.asynchttpclient.netty.channel.ChannelManager - Adding key: http://localhost:59566 for channel [id: 0xdf203efe, L:/127.0.0.1:62000 - R:localhost/127.0.0.1:59566]
22:27:20.780 [Forwarding getElementAttribute on session 4e093df63270b91dba3a9abdcabe5923 to remote] DEBUG org.asynchttpclient.netty.request.NettyRequestSender - Using pooled Channel '[id: 0xdf203efe, L:/127.0.0.1:62000 - R:localhost/127.0.0.1:59566]' for 'POST' to 'http://localhost:59566/session/4e093df63270b91dba3a9abdcabe5923/execute/sync'
22:27:20.780 [Forwarding getElementAttribute on session 4e093df63270b91dba3a9abdcabe5923 to remote] DEBUG org.asynchttpclient.netty.request.NettyRequestSender - Using open Channel [id: 0xdf203efe, L:/127.0.0.1:62000 - R:localhost/127.0.0.1:59566] for POST '/session/4e093df63270b91dba3a9abdcabe5923/execute/sync'
22:27:20.783 [AsyncHttpClient-1-1] DEBUG org.asynchttpclient.netty.channel.DefaultChannelPool - Entry count for : http://localhost:62001 : 1
22:27:20.788 [AsyncHttpClient-1-7] DEBUG org.asynchttpclient.netty.handler.HttpHandler - 

Request DefaultHttpRequest(decodeResult: success, version: HTTP/1.1)
POST /session/4e093df63270b91dba3a9abdcabe5923/execute/sync HTTP/1.1
User-Agent: selenium/4.1.2 (java windows)
Content-Length: 47339
Content-Type: application/json; charset=utf-8
host: localhost:59566
accept: */*

Response DefaultHttpResponse(decodeResult: success, version: HTTP/1.1)
HTTP/1.1 200 OK
Content-Type: application/json; charset=utf-8
cache-control: no-cache
content-length: 81

22:27:20.788 [AsyncHttpClient-1-7] DEBUG org.asynchttpclient.netty.channel.ChannelManager - Adding key: http://localhost:59566 for channel [id: 0xdf203efe, L:/127.0.0.1:62000 - R:localhost/127.0.0.1:59566]
22:27:20.788 [Forwarding getElementAttribute on session 4e093df63270b91dba3a9abdcabe5923 to remote] DEBUG org.asynchttpclient.netty.request.NettyRequestSender - Using pooled Channel '[id: 0xdf203efe, L:/127.0.0.1:62000 - R:localhost/127.0.0.1:59566]' for 'POST' to 'http://localhost:59566/session/4e093df63270b91dba3a9abdcabe5923/execute/sync'
22:27:20.788 [Forwarding getElementAttribute on session 4e093df63270b91dba3a9abdcabe5923 to remote] DEBUG org.asynchttpclient.netty.request.NettyRequestSender - Using open Channel [id: 0xdf203efe, L:/127.0.0.1:62000 - R:localhost/127.0.0.1:59566] for POST '/session/4e093df63270b91dba3a9abdcabe5923/execute/sync'
22:27:20.809 [AsyncHttpClient-1-7] DEBUG org.asynchttpclient.netty.handler.HttpHandler - 

Request DefaultHttpRequest(decodeResult: success, version: HTTP/1.1)
POST /session/4e093df63270b91dba3a9abdcabe5923/execute/sync HTTP/1.1
User-Agent: selenium/4.1.2 (java windows)
Content-Length: 47339
Content-Type: application/json; charset=utf-8
host: localhost:59566
accept: */*

Response DefaultHttpResponse(decodeResult: success, version: HTTP/1.1)
HTTP/1.1 200 OK
Content-Type: application/json; charset=utf-8
cache-control: no-cache
content-length: 68

22:27:20.809 [AsyncHttpClient-1-7] DEBUG org.asynchttpclient.netty.channel.ChannelManager - Adding key: http://localhost:59566 for channel [id: 0xdf203efe, L:/127.0.0.1:62000 - R:localhost/127.0.0.1:59566]
22:27:20.813 [Forwarding getElementAttribute on session 4e093df63270b91dba3a9abdcabe5923 to remote] DEBUG org.asynchttpclient.netty.request.NettyRequestSender - Using pooled Channel '[id: 0xdf203efe, L:/127.0.0.1:62000 - R:localhost/127.0.0.1:59566]' for 'POST' to 'http://localhost:59566/session/4e093df63270b91dba3a9abdcabe5923/execute/sync'
22:27:20.813 [Forwarding getElementAttribute on session 4e093df63270b91dba3a9abdcabe5923 to remote] DEBUG org.asynchttpclient.netty.request.NettyRequestSender - Using open Channel [id: 0xdf203efe, L:/127.0.0.1:62000 - R:localhost/127.0.0.1:59566] for POST '/session/4e093df63270b91dba3a9abdcabe5923/execute/sync'
22:27:20.827 [AsyncHttpClient-1-7] DEBUG org.asynchttpclient.netty.handler.HttpHandler - 

Request DefaultHttpRequest(decodeResult: success, version: HTTP/1.1)
POST /session/4e093df63270b91dba3a9abdcabe5923/execute/sync HTTP/1.1
User-Agent: selenium/4.1.2 (java windows)
Content-Length: 47339
Content-Type: application/json; charset=utf-8
host: localhost:59566
accept: */*

Response DefaultHttpResponse(decodeResult: success, version: HTTP/1.1)
HTTP/1.1 200 OK
Content-Type: application/json; charset=utf-8
cache-control: no-cache
content-length: 75

22:27:20.827 [AsyncHttpClient-1-7] DEBUG org.asynchttpclient.netty.channel.ChannelManager - Adding key: http://localhost:59566 for channel [id: 0xdf203efe, L:/127.0.0.1:62000 - R:localhost/127.0.0.1:59566]
22:27:20.830 [Forwarding getElementAttribute on session 4e093df63270b91dba3a9abdcabe5923 to remote] DEBUG org.asynchttpclient.netty.request.NettyRequestSender - Using pooled Channel '[id: 0xdf203efe, L:/127.0.0.1:62000 - R:localhost/127.0.0.1:59566]' for 'POST' to 'http://localhost:59566/session/4e093df63270b91dba3a9abdcabe5923/execute/sync'
22:27:20.830 [Forwarding getElementAttribute on session 4e093df63270b91dba3a9abdcabe5923 to remote] DEBUG org.asynchttpclient.netty.request.NettyRequestSender - Using open Channel [id: 0xdf203efe, L:/127.0.0.1:62000 - R:localhost/127.0.0.1:59566] for POST '/session/4e093df63270b91dba3a9abdcabe5923/execute/sync'
22:27:20.841 [AsyncHttpClient-1-7] DEBUG org.asynchttpclient.netty.handler.HttpHandler - 

Request DefaultHttpRequest(decodeResult: success, version: HTTP/1.1)
POST /session/4e093df63270b91dba3a9abdcabe5923/execute/sync HTTP/1.1
User-Agent: selenium/4.1.2 (java windows)
Content-Length: 47339
Content-Type: application/json; charset=utf-8
host: localhost:59566
accept: */*

Response DefaultHttpResponse(decodeResult: success, version: HTTP/1.1)
HTTP/1.1 200 OK
Content-Type: application/json; charset=utf-8
cache-control: no-cache
content-length: 85

22:27:20.841 [AsyncHttpClient-1-7] DEBUG org.asynchttpclient.netty.channel.ChannelManager - Adding key: http://localhost:59566 for channel [id: 0xdf203efe, L:/127.0.0.1:62000 - R:localhost/127.0.0.1:59566]
22:27:20.845 [Forwarding getElementAttribute on session 4e093df63270b91dba3a9abdcabe5923 to remote] DEBUG org.asynchttpclient.netty.request.NettyRequestSender - Using pooled Channel '[id: 0xdf203efe, L:/127.0.0.1:62000 - R:localhost/127.0.0.1:59566]' for 'POST' to 'http://localhost:59566/session/4e093df63270b91dba3a9abdcabe5923/execute/sync'
22:27:20.845 [Forwarding getElementAttribute on session 4e093df63270b91dba3a9abdcabe5923 to remote] DEBUG org.asynchttpclient.netty.request.NettyRequestSender - Using open Channel [id: 0xdf203efe, L:/127.0.0.1:62000 - R:localhost/127.0.0.1:59566] for POST '/session/4e093df63270b91dba3a9abdcabe5923/execute/sync'
22:27:20.857 [AsyncHttpClient-1-7] DEBUG org.asynchttpclient.netty.handler.HttpHandler - 

Request DefaultHttpRequest(decodeResult: success, version: HTTP/1.1)
POST /session/4e093df63270b91dba3a9abdcabe5923/execute/sync HTTP/1.1
User-Agent: selenium/4.1.2 (java windows)
Content-Length: 47339
Content-Type: application/json; charset=utf-8
host: localhost:59566
accept: */*

Response DefaultHttpResponse(decodeResult: success, version: HTTP/1.1)
HTTP/1.1 200 OK
Content-Type: application/json; charset=utf-8
cache-control: no-cache
content-length: 80

22:27:20.857 [AsyncHttpClient-1-7] DEBUG org.asynchttpclient.netty.channel.ChannelManager - Adding key: http://localhost:59566 for channel [id: 0xdf203efe, L:/127.0.0.1:62000 - R:localhost/127.0.0.1:59566]
22:27:20.861 [Forwarding getElementAttribute on session 4e093df63270b91dba3a9abdcabe5923 to remote] DEBUG org.asynchttpclient.netty.request.NettyRequestSender - Using pooled Channel '[id: 0xdf203efe, L:/127.0.0.1:62000 - R:localhost/127.0.0.1:59566]' for 'POST' to 'http://localhost:59566/session/4e093df63270b91dba3a9abdcabe5923/execute/sync'
22:27:20.861 [Forwarding getElementAttribute on session 4e093df63270b91dba3a9abdcabe5923 to remote] DEBUG org.asynchttpclient.netty.request.NettyRequestSender - Using open Channel [id: 0xdf203efe, L:/127.0.0.1:62000 - R:localhost/127.0.0.1:59566] for POST '/session/4e093df63270b91dba3a9abdcabe5923/execute/sync'
22:27:20.872 [AsyncHttpClient-1-7] DEBUG org.asynchttpclient.netty.handler.HttpHandler - 

Request DefaultHttpRequest(decodeResult: success, version: HTTP/1.1)
POST /session/4e093df63270b91dba3a9abdcabe5923/execute/sync HTTP/1.1
User-Agent: selenium/4.1.2 (java windows)
Content-Length: 47339
Content-Type: application/json; charset=utf-8
host: localhost:59566
accept: */*

Response DefaultHttpResponse(decodeResult: success, version: HTTP/1.1)
HTTP/1.1 200 OK
Content-Type: application/json; charset=utf-8
cache-control: no-cache
content-length: 86

22:27:20.872 [AsyncHttpClient-1-7] DEBUG org.asynchttpclient.netty.channel.ChannelManager - Adding key: http://localhost:59566 for channel [id: 0xdf203efe, L:/127.0.0.1:62000 - R:localhost/127.0.0.1:59566]
22:27:20.876 [Forwarding getElementAttribute on session 4e093df63270b91dba3a9abdcabe5923 to remote] DEBUG org.asynchttpclient.netty.request.NettyRequestSender - Using pooled Channel '[id: 0xdf203efe, L:/127.0.0.1:62000 - R:localhost/127.0.0.1:59566]' for 'POST' to 'http://localhost:59566/session/4e093df63270b91dba3a9abdcabe5923/execute/sync'
22:27:20.876 [Forwarding getElementAttribute on session 4e093df63270b91dba3a9abdcabe5923 to remote] DEBUG org.asynchttpclient.netty.request.NettyRequestSender - Using open Channel [id: 0xdf203efe, L:/127.0.0.1:62000 - R:localhost/127.0.0.1:59566] for POST '/session/4e093df63270b91dba3a9abdcabe5923/execute/sync'
22:27:20.888 [AsyncHttpClient-1-7] DEBUG org.asynchttpclient.netty.handler.HttpHandler - 

Request DefaultHttpRequest(decodeResult: success, version: HTTP/1.1)
POST /session/4e093df63270b91dba3a9abdcabe5923/execute/sync HTTP/1.1
User-Agent: selenium/4.1.2 (java windows)
Content-Length: 47339
Content-Type: application/json; charset=utf-8
host: localhost:59566
accept: */*

Response DefaultHttpResponse(decodeResult: success, version: HTTP/1.1)
HTTP/1.1 200 OK
Content-Type: application/json; charset=utf-8
cache-control: no-cache
content-length: 73

22:27:20.888 [AsyncHttpClient-1-7] DEBUG org.asynchttpclient.netty.channel.ChannelManager - Adding key: http://localhost:59566 for channel [id: 0xdf203efe, L:/127.0.0.1:62000 - R:localhost/127.0.0.1:59566]
22:27:20.891 [Forwarding getElementAttribute on session 4e093df63270b91dba3a9abdcabe5923 to remote] DEBUG org.asynchttpclient.netty.request.NettyRequestSender - Using pooled Channel '[id: 0xdf203efe, L:/127.0.0.1:62000 - R:localhost/127.0.0.1:59566]' for 'POST' to 'http://localhost:59566/session/4e093df63270b91dba3a9abdcabe5923/execute/sync'
22:27:20.891 [Forwarding getElementAttribute on session 4e093df63270b91dba3a9abdcabe5923 to remote] DEBUG org.asynchttpclient.netty.request.NettyRequestSender - Using open Channel [id: 0xdf203efe, L:/127.0.0.1:62000 - R:localhost/127.0.0.1:59566] for POST '/session/4e093df63270b91dba3a9abdcabe5923/execute/sync'
22:27:20.909 [AsyncHttpClient-1-7] DEBUG org.asynchttpclient.netty.handler.HttpHandler - 

Request DefaultHttpRequest(decodeResult: success, version: HTTP/1.1)
POST /session/4e093df63270b91dba3a9abdcabe5923/execute/sync HTTP/1.1
User-Agent: selenium/4.1.2 (java windows)
Content-Length: 47339
Content-Type: application/json; charset=utf-8
host: localhost:59566
accept: */*

Response DefaultHttpResponse(decodeResult: success, version: HTTP/1.1)
HTTP/1.1 200 OK
Content-Type: application/json; charset=utf-8
cache-control: no-cache
content-length: 93

22:27:20.909 [AsyncHttpClient-1-7] DEBUG org.asynchttpclient.netty.channel.ChannelManager - Adding key: http://localhost:59566 for channel [id: 0xdf203efe, L:/127.0.0.1:62000 - R:localhost/127.0.0.1:59566]
22:27:20.912 [Forwarding getElementAttribute on session 4e093df63270b91dba3a9abdcabe5923 to remote] DEBUG org.asynchttpclient.netty.request.NettyRequestSender - Using pooled Channel '[id: 0xdf203efe, L:/127.0.0.1:62000 - R:localhost/127.0.0.1:59566]' for 'POST' to 'http://localhost:59566/session/4e093df63270b91dba3a9abdcabe5923/execute/sync'
22:27:20.913 [Forwarding getElementAttribute on session 4e093df63270b91dba3a9abdcabe5923 to remote] DEBUG org.asynchttpclient.netty.request.NettyRequestSender - Using open Channel [id: 0xdf203efe, L:/127.0.0.1:62000 - R:localhost/127.0.0.1:59566] for POST '/session/4e093df63270b91dba3a9abdcabe5923/execute/sync'
22:27:20.930 [AsyncHttpClient-1-7] DEBUG org.asynchttpclient.netty.handler.HttpHandler - 

Request DefaultHttpRequest(decodeResult: success, version: HTTP/1.1)
POST /session/4e093df63270b91dba3a9abdcabe5923/execute/sync HTTP/1.1
User-Agent: selenium/4.1.2 (java windows)
Content-Length: 47339
Content-Type: application/json; charset=utf-8
host: localhost:59566
accept: */*

Response DefaultHttpResponse(decodeResult: success, version: HTTP/1.1)
HTTP/1.1 200 OK
Content-Type: application/json; charset=utf-8
cache-control: no-cache
content-length: 69

22:27:20.930 [AsyncHttpClient-1-7] DEBUG org.asynchttpclient.netty.channel.ChannelManager - Adding key: http://localhost:59566 for channel [id: 0xdf203efe, L:/127.0.0.1:62000 - R:localhost/127.0.0.1:59566]
22:27:20.933 [Forwarding getElementAttribute on session 4e093df63270b91dba3a9abdcabe5923 to remote] DEBUG org.asynchttpclient.netty.request.NettyRequestSender - Using pooled Channel '[id: 0xdf203efe, L:/127.0.0.1:62000 - R:localhost/127.0.0.1:59566]' for 'POST' to 'http://localhost:59566/session/4e093df63270b91dba3a9abdcabe5923/execute/sync'
22:27:20.933 [Forwarding getElementAttribute on session 4e093df63270b91dba3a9abdcabe5923 to remote] DEBUG org.asynchttpclient.netty.request.NettyRequestSender - Using open Channel [id: 0xdf203efe, L:/127.0.0.1:62000 - R:localhost/127.0.0.1:59566] for POST '/session/4e093df63270b91dba3a9abdcabe5923/execute/sync'
22:27:20.944 [AsyncHttpClient-1-7] DEBUG org.asynchttpclient.netty.handler.HttpHandler - 

Request DefaultHttpRequest(decodeResult: success, version: HTTP/1.1)
POST /session/4e093df63270b91dba3a9abdcabe5923/execute/sync HTTP/1.1
User-Agent: selenium/4.1.2 (java windows)
Content-Length: 47339
Content-Type: application/json; charset=utf-8
host: localhost:59566
accept: */*

Response DefaultHttpResponse(decodeResult: success, version: HTTP/1.1)
HTTP/1.1 200 OK
Content-Type: application/json; charset=utf-8
cache-control: no-cache
content-length: 78

22:27:20.944 [AsyncHttpClient-1-7] DEBUG org.asynchttpclient.netty.channel.ChannelManager - Adding key: http://localhost:59566 for channel [id: 0xdf203efe, L:/127.0.0.1:62000 - R:localhost/127.0.0.1:59566]
22:27:20.948 [Forwarding getElementAttribute on session 4e093df63270b91dba3a9abdcabe5923 to remote] DEBUG org.asynchttpclient.netty.request.NettyRequestSender - Using pooled Channel '[id: 0xdf203efe, L:/127.0.0.1:62000 - R:localhost/127.0.0.1:59566]' for 'POST' to 'http://localhost:59566/session/4e093df63270b91dba3a9abdcabe5923/execute/sync'
22:27:20.948 [Forwarding getElementAttribute on session 4e093df63270b91dba3a9abdcabe5923 to remote] DEBUG org.asynchttpclient.netty.request.NettyRequestSender - Using open Channel [id: 0xdf203efe, L:/127.0.0.1:62000 - R:localhost/127.0.0.1:59566] for POST '/session/4e093df63270b91dba3a9abdcabe5923/execute/sync'
22:27:20.958 [AsyncHttpClient-1-7] DEBUG org.asynchttpclient.netty.handler.HttpHandler - 

Request DefaultHttpRequest(decodeResult: success, version: HTTP/1.1)
POST /session/4e093df63270b91dba3a9abdcabe5923/execute/sync HTTP/1.1
User-Agent: selenium/4.1.2 (java windows)
Content-Length: 47339
Content-Type: application/json; charset=utf-8
host: localhost:59566
accept: */*

Response DefaultHttpResponse(decodeResult: success, version: HTTP/1.1)
HTTP/1.1 200 OK
Content-Type: application/json; charset=utf-8
cache-control: no-cache
content-length: 96

22:27:20.958 [AsyncHttpClient-1-7] DEBUG org.asynchttpclient.netty.channel.ChannelManager - Adding key: http://localhost:59566 for channel [id: 0xdf203efe, L:/127.0.0.1:62000 - R:localhost/127.0.0.1:59566]
22:27:20.962 [Forwarding getElementAttribute on session 4e093df63270b91dba3a9abdcabe5923 to remote] DEBUG org.asynchttpclient.netty.request.NettyRequestSender - Using pooled Channel '[id: 0xdf203efe, L:/127.0.0.1:62000 - R:localhost/127.0.0.1:59566]' for 'POST' to 'http://localhost:59566/session/4e093df63270b91dba3a9abdcabe5923/execute/sync'
22:27:20.962 [Forwarding getElementAttribute on session 4e093df63270b91dba3a9abdcabe5923 to remote] DEBUG org.asynchttpclient.netty.request.NettyRequestSender - Using open Channel [id: 0xdf203efe, L:/127.0.0.1:62000 - R:localhost/127.0.0.1:59566] for POST '/session/4e093df63270b91dba3a9abdcabe5923/execute/sync'
22:27:20.977 [AsyncHttpClient-1-7] DEBUG org.asynchttpclient.netty.handler.HttpHandler - 

Request DefaultHttpRequest(decodeResult: success, version: HTTP/1.1)
POST /session/4e093df63270b91dba3a9abdcabe5923/execute/sync HTTP/1.1
User-Agent: selenium/4.1.2 (java windows)
Content-Length: 47339
Content-Type: application/json; charset=utf-8
host: localhost:59566
accept: */*

Response DefaultHttpResponse(decodeResult: success, version: HTTP/1.1)
HTTP/1.1 200 OK
Content-Type: application/json; charset=utf-8
cache-control: no-cache
content-length: 114

22:27:20.977 [AsyncHttpClient-1-7] DEBUG org.asynchttpclient.netty.channel.ChannelManager - Adding key: http://localhost:59566 for channel [id: 0xdf203efe, L:/127.0.0.1:62000 - R:localhost/127.0.0.1:59566]
22:27:20.980 [Forwarding getElementAttribute on session 4e093df63270b91dba3a9abdcabe5923 to remote] DEBUG org.asynchttpclient.netty.request.NettyRequestSender - Using pooled Channel '[id: 0xdf203efe, L:/127.0.0.1:62000 - R:localhost/127.0.0.1:59566]' for 'POST' to 'http://localhost:59566/session/4e093df63270b91dba3a9abdcabe5923/execute/sync'
22:27:20.980 [Forwarding getElementAttribute on session 4e093df63270b91dba3a9abdcabe5923 to remote] DEBUG org.asynchttpclient.netty.request.NettyRequestSender - Using open Channel [id: 0xdf203efe, L:/127.0.0.1:62000 - R:localhost/127.0.0.1:59566] for POST '/session/4e093df63270b91dba3a9abdcabe5923/execute/sync'
22:27:20.994 [AsyncHttpClient-1-7] DEBUG org.asynchttpclient.netty.handler.HttpHandler - 

Request DefaultHttpRequest(decodeResult: success, version: HTTP/1.1)
POST /session/4e093df63270b91dba3a9abdcabe5923/execute/sync HTTP/1.1
User-Agent: selenium/4.1.2 (java windows)
Content-Length: 47339
Content-Type: application/json; charset=utf-8
host: localhost:59566
accept: */*

Response DefaultHttpResponse(decodeResult: success, version: HTTP/1.1)
HTTP/1.1 200 OK
Content-Type: application/json; charset=utf-8
cache-control: no-cache
content-length: 78

22:27:20.994 [AsyncHttpClient-1-7] DEBUG org.asynchttpclient.netty.channel.ChannelManager - Adding key: http://localhost:59566 for channel [id: 0xdf203efe, L:/127.0.0.1:62000 - R:localhost/127.0.0.1:59566]
22:27:20.997 [Forwarding getElementAttribute on session 4e093df63270b91dba3a9abdcabe5923 to remote] DEBUG org.asynchttpclient.netty.request.NettyRequestSender - Using pooled Channel '[id: 0xdf203efe, L:/127.0.0.1:62000 - R:localhost/127.0.0.1:59566]' for 'POST' to 'http://localhost:59566/session/4e093df63270b91dba3a9abdcabe5923/execute/sync'
22:27:20.997 [Forwarding getElementAttribute on session 4e093df63270b91dba3a9abdcabe5923 to remote] DEBUG org.asynchttpclient.netty.request.NettyRequestSender - Using open Channel [id: 0xdf203efe, L:/127.0.0.1:62000 - R:localhost/127.0.0.1:59566] for POST '/session/4e093df63270b91dba3a9abdcabe5923/execute/sync'
22:27:21.011 [AsyncHttpClient-1-7] DEBUG org.asynchttpclient.netty.handler.HttpHandler - 

Request DefaultHttpRequest(decodeResult: success, version: HTTP/1.1)
POST /session/4e093df63270b91dba3a9abdcabe5923/execute/sync HTTP/1.1
User-Agent: selenium/4.1.2 (java windows)
Content-Length: 47339
Content-Type: application/json; charset=utf-8
host: localhost:59566
accept: */*

Response DefaultHttpResponse(decodeResult: success, version: HTTP/1.1)
HTTP/1.1 200 OK
Content-Type: application/json; charset=utf-8
cache-control: no-cache
content-length: 72

22:27:21.011 [AsyncHttpClient-1-7] DEBUG org.asynchttpclient.netty.channel.ChannelManager - Adding key: http://localhost:59566 for channel [id: 0xdf203efe, L:/127.0.0.1:62000 - R:localhost/127.0.0.1:59566]
22:27:21.015 [Forwarding getElementAttribute on session 4e093df63270b91dba3a9abdcabe5923 to remote] DEBUG org.asynchttpclient.netty.request.NettyRequestSender - Using pooled Channel '[id: 0xdf203efe, L:/127.0.0.1:62000 - R:localhost/127.0.0.1:59566]' for 'POST' to 'http://localhost:59566/session/4e093df63270b91dba3a9abdcabe5923/execute/sync'
22:27:21.015 [Forwarding getElementAttribute on session 4e093df63270b91dba3a9abdcabe5923 to remote] DEBUG org.asynchttpclient.netty.request.NettyRequestSender - Using open Channel [id: 0xdf203efe, L:/127.0.0.1:62000 - R:localhost/127.0.0.1:59566] for POST '/session/4e093df63270b91dba3a9abdcabe5923/execute/sync'
22:27:21.027 [AsyncHttpClient-1-7] DEBUG org.asynchttpclient.netty.handler.HttpHandler - 

Request DefaultHttpRequest(decodeResult: success, version: HTTP/1.1)
POST /session/4e093df63270b91dba3a9abdcabe5923/execute/sync HTTP/1.1
User-Agent: selenium/4.1.2 (java windows)
Content-Length: 47339
Content-Type: application/json; charset=utf-8
host: localhost:59566
accept: */*

Response DefaultHttpResponse(decodeResult: success, version: HTTP/1.1)
HTTP/1.1 200 OK
Content-Type: application/json; charset=utf-8
cache-control: no-cache
content-length: 89

22:27:21.027 [AsyncHttpClient-1-7] DEBUG org.asynchttpclient.netty.channel.ChannelManager - Adding key: http://localhost:59566 for channel [id: 0xdf203efe, L:/127.0.0.1:62000 - R:localhost/127.0.0.1:59566]
22:27:21.031 [Forwarding getElementAttribute on session 4e093df63270b91dba3a9abdcabe5923 to remote] DEBUG org.asynchttpclient.netty.request.NettyRequestSender - Using pooled Channel '[id: 0xdf203efe, L:/127.0.0.1:62000 - R:localhost/127.0.0.1:59566]' for 'POST' to 'http://localhost:59566/session/4e093df63270b91dba3a9abdcabe5923/execute/sync'
22:27:21.031 [Forwarding getElementAttribute on session 4e093df63270b91dba3a9abdcabe5923 to remote] DEBUG org.asynchttpclient.netty.request.NettyRequestSender - Using open Channel [id: 0xdf203efe, L:/127.0.0.1:62000 - R:localhost/127.0.0.1:59566] for POST '/session/4e093df63270b91dba3a9abdcabe5923/execute/sync'
22:27:21.044 [AsyncHttpClient-1-7] DEBUG org.asynchttpclient.netty.handler.HttpHandler - 

Request DefaultHttpRequest(decodeResult: success, version: HTTP/1.1)
POST /session/4e093df63270b91dba3a9abdcabe5923/execute/sync HTTP/1.1
User-Agent: selenium/4.1.2 (java windows)
Content-Length: 47339
Content-Type: application/json; charset=utf-8
host: localhost:59566
accept: */*

Response DefaultHttpResponse(decodeResult: success, version: HTTP/1.1)
HTTP/1.1 200 OK
Content-Type: application/json; charset=utf-8
cache-control: no-cache
content-length: 75

22:27:21.045 [AsyncHttpClient-1-7] DEBUG org.asynchttpclient.netty.channel.ChannelManager - Adding key: http://localhost:59566 for channel [id: 0xdf203efe, L:/127.0.0.1:62000 - R:localhost/127.0.0.1:59566]
22:27:21.049 [Forwarding getElementAttribute on session 4e093df63270b91dba3a9abdcabe5923 to remote] DEBUG org.asynchttpclient.netty.request.NettyRequestSender - Using pooled Channel '[id: 0xdf203efe, L:/127.0.0.1:62000 - R:localhost/127.0.0.1:59566]' for 'POST' to 'http://localhost:59566/session/4e093df63270b91dba3a9abdcabe5923/execute/sync'
22:27:21.049 [Forwarding getElementAttribute on session 4e093df63270b91dba3a9abdcabe5923 to remote] DEBUG org.asynchttpclient.netty.request.NettyRequestSender - Using open Channel [id: 0xdf203efe, L:/127.0.0.1:62000 - R:localhost/127.0.0.1:59566] for POST '/session/4e093df63270b91dba3a9abdcabe5923/execute/sync'
22:27:21.062 [AsyncHttpClient-1-7] DEBUG org.asynchttpclient.netty.handler.HttpHandler - 

Request DefaultHttpRequest(decodeResult: success, version: HTTP/1.1)
POST /session/4e093df63270b91dba3a9abdcabe5923/execute/sync HTTP/1.1
User-Agent: selenium/4.1.2 (java windows)
Content-Length: 47339
Content-Type: application/json; charset=utf-8
host: localhost:59566
accept: */*

Response DefaultHttpResponse(decodeResult: success, version: HTTP/1.1)
HTTP/1.1 200 OK
Content-Type: application/json; charset=utf-8
cache-control: no-cache
content-length: 63

22:27:21.063 [AsyncHttpClient-1-7] DEBUG org.asynchttpclient.netty.channel.ChannelManager - Adding key: http://localhost:59566 for channel [id: 0xdf203efe, L:/127.0.0.1:62000 - R:localhost/127.0.0.1:59566]
22:27:21.070 [Forwarding getElementAttribute on session 4e093df63270b91dba3a9abdcabe5923 to remote] DEBUG org.asynchttpclient.netty.request.NettyRequestSender - Using pooled Channel '[id: 0xdf203efe, L:/127.0.0.1:62000 - R:localhost/127.0.0.1:59566]' for 'POST' to 'http://localhost:59566/session/4e093df63270b91dba3a9abdcabe5923/execute/sync'
22:27:21.070 [Forwarding getElementAttribute on session 4e093df63270b91dba3a9abdcabe5923 to remote] DEBUG org.asynchttpclient.netty.request.NettyRequestSender - Using open Channel [id: 0xdf203efe, L:/127.0.0.1:62000 - R:localhost/127.0.0.1:59566] for POST '/session/4e093df63270b91dba3a9abdcabe5923/execute/sync'
22:27:21.087 [AsyncHttpClient-1-7] DEBUG org.asynchttpclient.netty.handler.HttpHandler - 

Request DefaultHttpRequest(decodeResult: success, version: HTTP/1.1)
POST /session/4e093df63270b91dba3a9abdcabe5923/execute/sync HTTP/1.1
User-Agent: selenium/4.1.2 (java windows)
Content-Length: 47339
Content-Type: application/json; charset=utf-8
host: localhost:59566
accept: */*

Response DefaultHttpResponse(decodeResult: success, version: HTTP/1.1)
HTTP/1.1 200 OK
Content-Type: application/json; charset=utf-8
cache-control: no-cache
content-length: 98

22:27:21.087 [AsyncHttpClient-1-7] DEBUG org.asynchttpclient.netty.channel.ChannelManager - Adding key: http://localhost:59566 for channel [id: 0xdf203efe, L:/127.0.0.1:62000 - R:localhost/127.0.0.1:59566]
22:27:21.091 [Forwarding getElementAttribute on session 4e093df63270b91dba3a9abdcabe5923 to remote] DEBUG org.asynchttpclient.netty.request.NettyRequestSender - Using pooled Channel '[id: 0xdf203efe, L:/127.0.0.1:62000 - R:localhost/127.0.0.1:59566]' for 'POST' to 'http://localhost:59566/session/4e093df63270b91dba3a9abdcabe5923/execute/sync'
22:27:21.091 [Forwarding getElementAttribute on session 4e093df63270b91dba3a9abdcabe5923 to remote] DEBUG org.asynchttpclient.netty.request.NettyRequestSender - Using open Channel [id: 0xdf203efe, L:/127.0.0.1:62000 - R:localhost/127.0.0.1:59566] for POST '/session/4e093df63270b91dba3a9abdcabe5923/execute/sync'
22:27:21.104 [AsyncHttpClient-1-7] DEBUG org.asynchttpclient.netty.handler.HttpHandler - 

Request DefaultHttpRequest(decodeResult: success, version: HTTP/1.1)
POST /session/4e093df63270b91dba3a9abdcabe5923/execute/sync HTTP/1.1
User-Agent: selenium/4.1.2 (java windows)
Content-Length: 47339
Content-Type: application/json; charset=utf-8
host: localhost:59566
accept: */*

Response DefaultHttpResponse(decodeResult: success, version: HTTP/1.1)
HTTP/1.1 200 OK
Content-Type: application/json; charset=utf-8
cache-control: no-cache
content-length: 97

22:27:21.105 [AsyncHttpClient-1-7] DEBUG org.asynchttpclient.netty.channel.ChannelManager - Adding key: http://localhost:59566 for channel [id: 0xdf203efe, L:/127.0.0.1:62000 - R:localhost/127.0.0.1:59566]
22:27:21.108 [Forwarding getElementAttribute on session 4e093df63270b91dba3a9abdcabe5923 to remote] DEBUG org.asynchttpclient.netty.request.NettyRequestSender - Using pooled Channel '[id: 0xdf203efe, L:/127.0.0.1:62000 - R:localhost/127.0.0.1:59566]' for 'POST' to 'http://localhost:59566/session/4e093df63270b91dba3a9abdcabe5923/execute/sync'
22:27:21.108 [Forwarding getElementAttribute on session 4e093df63270b91dba3a9abdcabe5923 to remote] DEBUG org.asynchttpclient.netty.request.NettyRequestSender - Using open Channel [id: 0xdf203efe, L:/127.0.0.1:62000 - R:localhost/127.0.0.1:59566] for POST '/session/4e093df63270b91dba3a9abdcabe5923/execute/sync'
22:27:21.124 [AsyncHttpClient-1-7] DEBUG org.asynchttpclient.netty.handler.HttpHandler - 

Request DefaultHttpRequest(decodeResult: success, version: HTTP/1.1)
POST /session/4e093df63270b91dba3a9abdcabe5923/execute/sync HTTP/1.1
User-Agent: selenium/4.1.2 (java windows)
Content-Length: 47339
Content-Type: application/json; charset=utf-8
host: localhost:59566
accept: */*

Response DefaultHttpResponse(decodeResult: success, version: HTTP/1.1)
HTTP/1.1 200 OK
Content-Type: application/json; charset=utf-8
cache-control: no-cache
content-length: 77

22:27:21.125 [AsyncHttpClient-1-7] DEBUG org.asynchttpclient.netty.channel.ChannelManager - Adding key: http://localhost:59566 for channel [id: 0xdf203efe, L:/127.0.0.1:62000 - R:localhost/127.0.0.1:59566]
22:27:21.128 [Forwarding getElementAttribute on session 4e093df63270b91dba3a9abdcabe5923 to remote] DEBUG org.asynchttpclient.netty.request.NettyRequestSender - Using pooled Channel '[id: 0xdf203efe, L:/127.0.0.1:62000 - R:localhost/127.0.0.1:59566]' for 'POST' to 'http://localhost:59566/session/4e093df63270b91dba3a9abdcabe5923/execute/sync'
22:27:21.128 [Forwarding getElementAttribute on session 4e093df63270b91dba3a9abdcabe5923 to remote] DEBUG org.asynchttpclient.netty.request.NettyRequestSender - Using open Channel [id: 0xdf203efe, L:/127.0.0.1:62000 - R:localhost/127.0.0.1:59566] for POST '/session/4e093df63270b91dba3a9abdcabe5923/execute/sync'
22:27:21.141 [AsyncHttpClient-1-7] DEBUG org.asynchttpclient.netty.handler.HttpHandler - 

Request DefaultHttpRequest(decodeResult: success, version: HTTP/1.1)
POST /session/4e093df63270b91dba3a9abdcabe5923/execute/sync HTTP/1.1
User-Agent: selenium/4.1.2 (java windows)
Content-Length: 47339
Content-Type: application/json; charset=utf-8
host: localhost:59566
accept: */*

Response DefaultHttpResponse(decodeResult: success, version: HTTP/1.1)
HTTP/1.1 200 OK
Content-Type: application/json; charset=utf-8
cache-control: no-cache
content-length: 80

22:27:21.141 [AsyncHttpClient-1-7] DEBUG org.asynchttpclient.netty.channel.ChannelManager - Adding key: http://localhost:59566 for channel [id: 0xdf203efe, L:/127.0.0.1:62000 - R:localhost/127.0.0.1:59566]
22:27:21.144 [Forwarding getElementAttribute on session 4e093df63270b91dba3a9abdcabe5923 to remote] DEBUG org.asynchttpclient.netty.request.NettyRequestSender - Using pooled Channel '[id: 0xdf203efe, L:/127.0.0.1:62000 - R:localhost/127.0.0.1:59566]' for 'POST' to 'http://localhost:59566/session/4e093df63270b91dba3a9abdcabe5923/execute/sync'
22:27:21.144 [Forwarding getElementAttribute on session 4e093df63270b91dba3a9abdcabe5923 to remote] DEBUG org.asynchttpclient.netty.request.NettyRequestSender - Using open Channel [id: 0xdf203efe, L:/127.0.0.1:62000 - R:localhost/127.0.0.1:59566] for POST '/session/4e093df63270b91dba3a9abdcabe5923/execute/sync'
22:27:21.157 [AsyncHttpClient-1-7] DEBUG org.asynchttpclient.netty.handler.HttpHandler - 

Request DefaultHttpRequest(decodeResult: success, version: HTTP/1.1)
POST /session/4e093df63270b91dba3a9abdcabe5923/execute/sync HTTP/1.1
User-Agent: selenium/4.1.2 (java windows)
Content-Length: 47339
Content-Type: application/json; charset=utf-8
host: localhost:59566
accept: */*

Response DefaultHttpResponse(decodeResult: success, version: HTTP/1.1)
HTTP/1.1 200 OK
Content-Type: application/json; charset=utf-8
cache-control: no-cache
content-length: 68

22:27:21.157 [AsyncHttpClient-1-7] DEBUG org.asynchttpclient.netty.channel.ChannelManager - Adding key: http://localhost:59566 for channel [id: 0xdf203efe, L:/127.0.0.1:62000 - R:localhost/127.0.0.1:59566]
22:27:21.160 [Forwarding getElementAttribute on session 4e093df63270b91dba3a9abdcabe5923 to remote] DEBUG org.asynchttpclient.netty.request.NettyRequestSender - Using pooled Channel '[id: 0xdf203efe, L:/127.0.0.1:62000 - R:localhost/127.0.0.1:59566]' for 'POST' to 'http://localhost:59566/session/4e093df63270b91dba3a9abdcabe5923/execute/sync'
22:27:21.160 [Forwarding getElementAttribute on session 4e093df63270b91dba3a9abdcabe5923 to remote] DEBUG org.asynchttpclient.netty.request.NettyRequestSender - Using open Channel [id: 0xdf203efe, L:/127.0.0.1:62000 - R:localhost/127.0.0.1:59566] for POST '/session/4e093df63270b91dba3a9abdcabe5923/execute/sync'
22:27:21.173 [AsyncHttpClient-1-7] DEBUG org.asynchttpclient.netty.handler.HttpHandler - 

Request DefaultHttpRequest(decodeResult: success, version: HTTP/1.1)
POST /session/4e093df63270b91dba3a9abdcabe5923/execute/sync HTTP/1.1
User-Agent: selenium/4.1.2 (java windows)
Content-Length: 47339
Content-Type: application/json; charset=utf-8
host: localhost:59566
accept: */*

Response DefaultHttpResponse(decodeResult: success, version: HTTP/1.1)
HTTP/1.1 200 OK
Content-Type: application/json; charset=utf-8
cache-control: no-cache
content-length: 86

22:27:21.173 [AsyncHttpClient-1-7] DEBUG org.asynchttpclient.netty.channel.ChannelManager - Adding key: http://localhost:59566 for channel [id: 0xdf203efe, L:/127.0.0.1:62000 - R:localhost/127.0.0.1:59566]
22:27:21.176 [Forwarding getElementAttribute on session 4e093df63270b91dba3a9abdcabe5923 to remote] DEBUG org.asynchttpclient.netty.request.NettyRequestSender - Using pooled Channel '[id: 0xdf203efe, L:/127.0.0.1:62000 - R:localhost/127.0.0.1:59566]' for 'POST' to 'http://localhost:59566/session/4e093df63270b91dba3a9abdcabe5923/execute/sync'
22:27:21.176 [Forwarding getElementAttribute on session 4e093df63270b91dba3a9abdcabe5923 to remote] DEBUG org.asynchttpclient.netty.request.NettyRequestSender - Using open Channel [id: 0xdf203efe, L:/127.0.0.1:62000 - R:localhost/127.0.0.1:59566] for POST '/session/4e093df63270b91dba3a9abdcabe5923/execute/sync'
22:27:21.189 [AsyncHttpClient-1-7] DEBUG org.asynchttpclient.netty.handler.HttpHandler - 

Request DefaultHttpRequest(decodeResult: success, version: HTTP/1.1)
POST /session/4e093df63270b91dba3a9abdcabe5923/execute/sync HTTP/1.1
User-Agent: selenium/4.1.2 (java windows)
Content-Length: 47339
Content-Type: application/json; charset=utf-8
host: localhost:59566
accept: */*

Response DefaultHttpResponse(decodeResult: success, version: HTTP/1.1)
HTTP/1.1 200 OK
Content-Type: application/json; charset=utf-8
cache-control: no-cache
content-length: 67

22:27:21.189 [AsyncHttpClient-1-7] DEBUG org.asynchttpclient.netty.channel.ChannelManager - Adding key: http://localhost:59566 for channel [id: 0xdf203efe, L:/127.0.0.1:62000 - R:localhost/127.0.0.1:59566]
22:27:21.193 [Forwarding getElementAttribute on session 4e093df63270b91dba3a9abdcabe5923 to remote] DEBUG org.asynchttpclient.netty.request.NettyRequestSender - Using pooled Channel '[id: 0xdf203efe, L:/127.0.0.1:62000 - R:localhost/127.0.0.1:59566]' for 'POST' to 'http://localhost:59566/session/4e093df63270b91dba3a9abdcabe5923/execute/sync'
22:27:21.193 [Forwarding getElementAttribute on session 4e093df63270b91dba3a9abdcabe5923 to remote] DEBUG org.asynchttpclient.netty.request.NettyRequestSender - Using open Channel [id: 0xdf203efe, L:/127.0.0.1:62000 - R:localhost/127.0.0.1:59566] for POST '/session/4e093df63270b91dba3a9abdcabe5923/execute/sync'
22:27:21.208 [AsyncHttpClient-1-7] DEBUG org.asynchttpclient.netty.handler.HttpHandler - 

Request DefaultHttpRequest(decodeResult: success, version: HTTP/1.1)
POST /session/4e093df63270b91dba3a9abdcabe5923/execute/sync HTTP/1.1
User-Agent: selenium/4.1.2 (java windows)
Content-Length: 47339
Content-Type: application/json; charset=utf-8
host: localhost:59566
accept: */*

Response DefaultHttpResponse(decodeResult: success, version: HTTP/1.1)
HTTP/1.1 200 OK
Content-Type: application/json; charset=utf-8
cache-control: no-cache
content-length: 72

22:27:21.208 [AsyncHttpClient-1-7] DEBUG org.asynchttpclient.netty.channel.ChannelManager - Adding key: http://localhost:59566 for channel [id: 0xdf203efe, L:/127.0.0.1:62000 - R:localhost/127.0.0.1:59566]
22:27:21.212 [Forwarding getElementAttribute on session 4e093df63270b91dba3a9abdcabe5923 to remote] DEBUG org.asynchttpclient.netty.request.NettyRequestSender - Using pooled Channel '[id: 0xdf203efe, L:/127.0.0.1:62000 - R:localhost/127.0.0.1:59566]' for 'POST' to 'http://localhost:59566/session/4e093df63270b91dba3a9abdcabe5923/execute/sync'
22:27:21.212 [Forwarding getElementAttribute on session 4e093df63270b91dba3a9abdcabe5923 to remote] DEBUG org.asynchttpclient.netty.request.NettyRequestSender - Using open Channel [id: 0xdf203efe, L:/127.0.0.1:62000 - R:localhost/127.0.0.1:59566] for POST '/session/4e093df63270b91dba3a9abdcabe5923/execute/sync'
22:27:21.224 [AsyncHttpClient-1-7] DEBUG org.asynchttpclient.netty.handler.HttpHandler - 

Request DefaultHttpRequest(decodeResult: success, version: HTTP/1.1)
POST /session/4e093df63270b91dba3a9abdcabe5923/execute/sync HTTP/1.1
User-Agent: selenium/4.1.2 (java windows)
Content-Length: 47339
Content-Type: application/json; charset=utf-8
host: localhost:59566
accept: */*

Response DefaultHttpResponse(decodeResult: success, version: HTTP/1.1)
HTTP/1.1 200 OK
Content-Type: application/json; charset=utf-8
cache-control: no-cache
content-length: 94

22:27:21.224 [AsyncHttpClient-1-7] DEBUG org.asynchttpclient.netty.channel.ChannelManager - Adding key: http://localhost:59566 for channel [id: 0xdf203efe, L:/127.0.0.1:62000 - R:localhost/127.0.0.1:59566]
22:27:21.228 [Forwarding getElementAttribute on session 4e093df63270b91dba3a9abdcabe5923 to remote] DEBUG org.asynchttpclient.netty.request.NettyRequestSender - Using pooled Channel '[id: 0xdf203efe, L:/127.0.0.1:62000 - R:localhost/127.0.0.1:59566]' for 'POST' to 'http://localhost:59566/session/4e093df63270b91dba3a9abdcabe5923/execute/sync'
22:27:21.228 [Forwarding getElementAttribute on session 4e093df63270b91dba3a9abdcabe5923 to remote] DEBUG org.asynchttpclient.netty.request.NettyRequestSender - Using open Channel [id: 0xdf203efe, L:/127.0.0.1:62000 - R:localhost/127.0.0.1:59566] for POST '/session/4e093df63270b91dba3a9abdcabe5923/execute/sync'
22:27:21.245 [AsyncHttpClient-1-7] DEBUG org.asynchttpclient.netty.handler.HttpHandler - 

Request DefaultHttpRequest(decodeResult: success, version: HTTP/1.1)
POST /session/4e093df63270b91dba3a9abdcabe5923/execute/sync HTTP/1.1
User-Agent: selenium/4.1.2 (java windows)
Content-Length: 47339
Content-Type: application/json; charset=utf-8
host: localhost:59566
accept: */*

Response DefaultHttpResponse(decodeResult: success, version: HTTP/1.1)
HTTP/1.1 200 OK
Content-Type: application/json; charset=utf-8
cache-control: no-cache
content-length: 85

22:27:21.245 [AsyncHttpClient-1-7] DEBUG org.asynchttpclient.netty.channel.ChannelManager - Adding key: http://localhost:59566 for channel [id: 0xdf203efe, L:/127.0.0.1:62000 - R:localhost/127.0.0.1:59566]
22:27:21.248 [Forwarding getElementAttribute on session 4e093df63270b91dba3a9abdcabe5923 to remote] DEBUG org.asynchttpclient.netty.request.NettyRequestSender - Using pooled Channel '[id: 0xdf203efe, L:/127.0.0.1:62000 - R:localhost/127.0.0.1:59566]' for 'POST' to 'http://localhost:59566/session/4e093df63270b91dba3a9abdcabe5923/execute/sync'
22:27:21.248 [Forwarding getElementAttribute on session 4e093df63270b91dba3a9abdcabe5923 to remote] DEBUG org.asynchttpclient.netty.request.NettyRequestSender - Using open Channel [id: 0xdf203efe, L:/127.0.0.1:62000 - R:localhost/127.0.0.1:59566] for POST '/session/4e093df63270b91dba3a9abdcabe5923/execute/sync'
22:27:21.263 [AsyncHttpClient-1-7] DEBUG org.asynchttpclient.netty.handler.HttpHandler - 

Request DefaultHttpRequest(decodeResult: success, version: HTTP/1.1)
POST /session/4e093df63270b91dba3a9abdcabe5923/execute/sync HTTP/1.1
User-Agent: selenium/4.1.2 (java windows)
Content-Length: 47339
Content-Type: application/json; charset=utf-8
host: localhost:59566
accept: */*

Response DefaultHttpResponse(decodeResult: success, version: HTTP/1.1)
HTTP/1.1 200 OK
Content-Type: application/json; charset=utf-8
cache-control: no-cache
content-length: 80

22:27:21.263 [AsyncHttpClient-1-7] DEBUG org.asynchttpclient.netty.channel.ChannelManager - Adding key: http://localhost:59566 for channel [id: 0xdf203efe, L:/127.0.0.1:62000 - R:localhost/127.0.0.1:59566]
22:27:21.267 [Forwarding getElementAttribute on session 4e093df63270b91dba3a9abdcabe5923 to remote] DEBUG org.asynchttpclient.netty.request.NettyRequestSender - Using pooled Channel '[id: 0xdf203efe, L:/127.0.0.1:62000 - R:localhost/127.0.0.1:59566]' for 'POST' to 'http://localhost:59566/session/4e093df63270b91dba3a9abdcabe5923/execute/sync'
22:27:21.267 [Forwarding getElementAttribute on session 4e093df63270b91dba3a9abdcabe5923 to remote] DEBUG org.asynchttpclient.netty.request.NettyRequestSender - Using open Channel [id: 0xdf203efe, L:/127.0.0.1:62000 - R:localhost/127.0.0.1:59566] for POST '/session/4e093df63270b91dba3a9abdcabe5923/execute/sync'
22:27:21.279 [AsyncHttpClient-1-7] DEBUG org.asynchttpclient.netty.handler.HttpHandler - 

Request DefaultHttpRequest(decodeResult: success, version: HTTP/1.1)
POST /session/4e093df63270b91dba3a9abdcabe5923/execute/sync HTTP/1.1
User-Agent: selenium/4.1.2 (java windows)
Content-Length: 47339
Content-Type: application/json; charset=utf-8
host: localhost:59566
accept: */*

Response DefaultHttpResponse(decodeResult: success, version: HTTP/1.1)
HTTP/1.1 200 OK
Content-Type: application/json; charset=utf-8
cache-control: no-cache
content-length: 93

22:27:21.279 [AsyncHttpClient-1-7] DEBUG org.asynchttpclient.netty.channel.ChannelManager - Adding key: http://localhost:59566 for channel [id: 0xdf203efe, L:/127.0.0.1:62000 - R:localhost/127.0.0.1:59566]
22:27:21.282 [Forwarding getElementAttribute on session 4e093df63270b91dba3a9abdcabe5923 to remote] DEBUG org.asynchttpclient.netty.request.NettyRequestSender - Using pooled Channel '[id: 0xdf203efe, L:/127.0.0.1:62000 - R:localhost/127.0.0.1:59566]' for 'POST' to 'http://localhost:59566/session/4e093df63270b91dba3a9abdcabe5923/execute/sync'
22:27:21.282 [Forwarding getElementAttribute on session 4e093df63270b91dba3a9abdcabe5923 to remote] DEBUG org.asynchttpclient.netty.request.NettyRequestSender - Using open Channel [id: 0xdf203efe, L:/127.0.0.1:62000 - R:localhost/127.0.0.1:59566] for POST '/session/4e093df63270b91dba3a9abdcabe5923/execute/sync'
22:27:21.293 [AsyncHttpClient-1-7] DEBUG org.asynchttpclient.netty.handler.HttpHandler - 

Request DefaultHttpRequest(decodeResult: success, version: HTTP/1.1)
POST /session/4e093df63270b91dba3a9abdcabe5923/execute/sync HTTP/1.1
User-Agent: selenium/4.1.2 (java windows)
Content-Length: 47339
Content-Type: application/json; charset=utf-8
host: localhost:59566
accept: */*

Response DefaultHttpResponse(decodeResult: success, version: HTTP/1.1)
HTTP/1.1 200 OK
Content-Type: application/json; charset=utf-8
cache-control: no-cache
content-length: 64

22:27:21.293 [AsyncHttpClient-1-7] DEBUG org.asynchttpclient.netty.channel.ChannelManager - Adding key: http://localhost:59566 for channel [id: 0xdf203efe, L:/127.0.0.1:62000 - R:localhost/127.0.0.1:59566]
22:27:21.297 [Forwarding getElementAttribute on session 4e093df63270b91dba3a9abdcabe5923 to remote] DEBUG org.asynchttpclient.netty.request.NettyRequestSender - Using pooled Channel '[id: 0xdf203efe, L:/127.0.0.1:62000 - R:localhost/127.0.0.1:59566]' for 'POST' to 'http://localhost:59566/session/4e093df63270b91dba3a9abdcabe5923/execute/sync'
22:27:21.297 [Forwarding getElementAttribute on session 4e093df63270b91dba3a9abdcabe5923 to remote] DEBUG org.asynchttpclient.netty.request.NettyRequestSender - Using open Channel [id: 0xdf203efe, L:/127.0.0.1:62000 - R:localhost/127.0.0.1:59566] for POST '/session/4e093df63270b91dba3a9abdcabe5923/execute/sync'
22:27:21.304 [AsyncHttpClient-1-7] DEBUG org.asynchttpclient.netty.handler.HttpHandler - 

Request DefaultHttpRequest(decodeResult: success, version: HTTP/1.1)
POST /session/4e093df63270b91dba3a9abdcabe5923/execute/sync HTTP/1.1
User-Agent: selenium/4.1.2 (java windows)
Content-Length: 47339
Content-Type: application/json; charset=utf-8
host: localhost:59566
accept: */*

Response DefaultHttpResponse(decodeResult: success, version: HTTP/1.1)
HTTP/1.1 200 OK
Content-Type: application/json; charset=utf-8
cache-control: no-cache
content-length: 99

22:27:21.304 [AsyncHttpClient-1-7] DEBUG org.asynchttpclient.netty.channel.ChannelManager - Adding key: http://localhost:59566 for channel [id: 0xdf203efe, L:/127.0.0.1:62000 - R:localhost/127.0.0.1:59566]
22:27:21.383 [Forwarding findElements on session 4e093df63270b91dba3a9abdcabe5923 to remote] DEBUG org.asynchttpclient.netty.request.NettyRequestSender - Using pooled Channel '[id: 0xdf203efe, L:/127.0.0.1:62000 - R:localhost/127.0.0.1:59566]' for 'POST' to 'http://localhost:59566/session/4e093df63270b91dba3a9abdcabe5923/elements'
22:27:21.383 [Forwarding findElements on session 4e093df63270b91dba3a9abdcabe5923 to remote] DEBUG org.asynchttpclient.netty.request.NettyRequestSender - Using open Channel [id: 0xdf203efe, L:/127.0.0.1:62000 - R:localhost/127.0.0.1:59566] for POST '/session/4e093df63270b91dba3a9abdcabe5923/elements'
22:27:21.394 [AsyncHttpClient-1-7] DEBUG org.asynchttpclient.netty.handler.HttpHandler - 

Request DefaultHttpRequest(decodeResult: success, version: HTTP/1.1)
POST /session/4e093df63270b91dba3a9abdcabe5923/elements HTTP/1.1
User-Agent: selenium/4.1.2 (java windows)
Content-Length: 85
Content-Type: application/json; charset=utf-8
host: localhost:59566
accept: */*

Response DefaultHttpResponse(decodeResult: success, version: HTTP/1.1)
HTTP/1.1 200 OK
Content-Type: application/json; charset=utf-8
cache-control: no-cache
content-length: 3408

22:27:21.395 [AsyncHttpClient-1-7] DEBUG org.asynchttpclient.netty.channel.ChannelManager - Adding key: http://localhost:59566 for channel [id: 0xdf203efe, L:/127.0.0.1:62000 - R:localhost/127.0.0.1:59566]
22:27:21.396 [Forwarding findElement on session 4e093df63270b91dba3a9abdcabe5923 to remote] DEBUG org.asynchttpclient.netty.request.NettyRequestSender - Using pooled Channel '[id: 0xdf203efe, L:/127.0.0.1:62000 - R:localhost/127.0.0.1:59566]' for 'POST' to 'http://localhost:59566/session/4e093df63270b91dba3a9abdcabe5923/element'
22:27:21.396 [Forwarding findElement on session 4e093df63270b91dba3a9abdcabe5923 to remote] DEBUG org.asynchttpclient.netty.request.NettyRequestSender - Using open Channel [id: 0xdf203efe, L:/127.0.0.1:62000 - R:localhost/127.0.0.1:59566] for POST '/session/4e093df63270b91dba3a9abdcabe5923/element'
22:27:21.403 [AsyncHttpClient-1-7] DEBUG org.asynchttpclient.netty.handler.HttpHandler - 

Request DefaultHttpRequest(decodeResult: success, version: HTTP/1.1)
POST /session/4e093df63270b91dba3a9abdcabe5923/element HTTP/1.1
User-Agent: selenium/4.1.2 (java windows)
Content-Length: 75
Content-Type: application/json; charset=utf-8
host: localhost:59566
accept: */*

Response DefaultHttpResponse(decodeResult: success, version: HTTP/1.1)
HTTP/1.1 200 OK
Content-Type: application/json; charset=utf-8
cache-control: no-cache
content-length: 88

22:27:21.403 [AsyncHttpClient-1-7] DEBUG org.asynchttpclient.netty.channel.ChannelManager - Adding key: http://localhost:59566 for channel [id: 0xdf203efe, L:/127.0.0.1:62000 - R:localhost/127.0.0.1:59566]
22:27:21.407 [Forwarding getElementAttribute on session 4e093df63270b91dba3a9abdcabe5923 to remote] DEBUG org.asynchttpclient.netty.request.NettyRequestSender - Using pooled Channel '[id: 0xdf203efe, L:/127.0.0.1:62000 - R:localhost/127.0.0.1:59566]' for 'POST' to 'http://localhost:59566/session/4e093df63270b91dba3a9abdcabe5923/execute/sync'
22:27:21.407 [Forwarding getElementAttribute on session 4e093df63270b91dba3a9abdcabe5923 to remote] DEBUG org.asynchttpclient.netty.request.NettyRequestSender - Using open Channel [id: 0xdf203efe, L:/127.0.0.1:62000 - R:localhost/127.0.0.1:59566] for POST '/session/4e093df63270b91dba3a9abdcabe5923/execute/sync'
22:27:21.418 [AsyncHttpClient-1-7] DEBUG org.asynchttpclient.netty.handler.HttpHandler - 

Request DefaultHttpRequest(decodeResult: success, version: HTTP/1.1)
POST /session/4e093df63270b91dba3a9abdcabe5923/execute/sync HTTP/1.1
User-Agent: selenium/4.1.2 (java windows)
Content-Length: 47339
Content-Type: application/json; charset=utf-8
host: localhost:59566
accept: */*

Response DefaultHttpResponse(decodeResult: success, version: HTTP/1.1)
HTTP/1.1 200 OK
Content-Type: application/json; charset=utf-8
cache-control: no-cache
content-length: 81

22:27:21.418 [AsyncHttpClient-1-7] DEBUG org.asynchttpclient.netty.channel.ChannelManager - Adding key: http://localhost:59566 for channel [id: 0xdf203efe, L:/127.0.0.1:62000 - R:localhost/127.0.0.1:59566]
22:27:21.424 [Forwarding getElementAttribute on session 4e093df63270b91dba3a9abdcabe5923 to remote] DEBUG org.asynchttpclient.netty.request.NettyRequestSender - Using pooled Channel '[id: 0xdf203efe, L:/127.0.0.1:62000 - R:localhost/127.0.0.1:59566]' for 'POST' to 'http://localhost:59566/session/4e093df63270b91dba3a9abdcabe5923/execute/sync'
22:27:21.424 [Forwarding getElementAttribute on session 4e093df63270b91dba3a9abdcabe5923 to remote] DEBUG org.asynchttpclient.netty.request.NettyRequestSender - Using open Channel [id: 0xdf203efe, L:/127.0.0.1:62000 - R:localhost/127.0.0.1:59566] for POST '/session/4e093df63270b91dba3a9abdcabe5923/execute/sync'
22:27:21.434 [AsyncHttpClient-1-7] DEBUG org.asynchttpclient.netty.handler.HttpHandler - 

Request DefaultHttpRequest(decodeResult: success, version: HTTP/1.1)
POST /session/4e093df63270b91dba3a9abdcabe5923/execute/sync HTTP/1.1
User-Agent: selenium/4.1.2 (java windows)
Content-Length: 47339
Content-Type: application/json; charset=utf-8
host: localhost:59566
accept: */*

Response DefaultHttpResponse(decodeResult: success, version: HTTP/1.1)
HTTP/1.1 200 OK
Content-Type: application/json; charset=utf-8
cache-control: no-cache
content-length: 70

22:27:21.434 [AsyncHttpClient-1-7] DEBUG org.asynchttpclient.netty.channel.ChannelManager - Adding key: http://localhost:59566 for channel [id: 0xdf203efe, L:/127.0.0.1:62000 - R:localhost/127.0.0.1:59566]
22:27:21.438 [Forwarding getElementAttribute on session 4e093df63270b91dba3a9abdcabe5923 to remote] DEBUG org.asynchttpclient.netty.request.NettyRequestSender - Using pooled Channel '[id: 0xdf203efe, L:/127.0.0.1:62000 - R:localhost/127.0.0.1:59566]' for 'POST' to 'http://localhost:59566/session/4e093df63270b91dba3a9abdcabe5923/execute/sync'
22:27:21.438 [Forwarding getElementAttribute on session 4e093df63270b91dba3a9abdcabe5923 to remote] DEBUG org.asynchttpclient.netty.request.NettyRequestSender - Using open Channel [id: 0xdf203efe, L:/127.0.0.1:62000 - R:localhost/127.0.0.1:59566] for POST '/session/4e093df63270b91dba3a9abdcabe5923/execute/sync'
22:27:21.447 [AsyncHttpClient-1-7] DEBUG org.asynchttpclient.netty.handler.HttpHandler - 

Request DefaultHttpRequest(decodeResult: success, version: HTTP/1.1)
POST /session/4e093df63270b91dba3a9abdcabe5923/execute/sync HTTP/1.1
User-Agent: selenium/4.1.2 (java windows)
Content-Length: 47339
Content-Type: application/json; charset=utf-8
host: localhost:59566
accept: */*

Response DefaultHttpResponse(decodeResult: success, version: HTTP/1.1)
HTTP/1.1 200 OK
Content-Type: application/json; charset=utf-8
cache-control: no-cache
content-length: 85

22:27:21.447 [AsyncHttpClient-1-7] DEBUG org.asynchttpclient.netty.channel.ChannelManager - Adding key: http://localhost:59566 for channel [id: 0xdf203efe, L:/127.0.0.1:62000 - R:localhost/127.0.0.1:59566]
22:27:21.451 [Forwarding getElementAttribute on session 4e093df63270b91dba3a9abdcabe5923 to remote] DEBUG org.asynchttpclient.netty.request.NettyRequestSender - Using pooled Channel '[id: 0xdf203efe, L:/127.0.0.1:62000 - R:localhost/127.0.0.1:59566]' for 'POST' to 'http://localhost:59566/session/4e093df63270b91dba3a9abdcabe5923/execute/sync'
22:27:21.451 [Forwarding getElementAttribute on session 4e093df63270b91dba3a9abdcabe5923 to remote] DEBUG org.asynchttpclient.netty.request.NettyRequestSender - Using open Channel [id: 0xdf203efe, L:/127.0.0.1:62000 - R:localhost/127.0.0.1:59566] for POST '/session/4e093df63270b91dba3a9abdcabe5923/execute/sync'
22:27:21.462 [AsyncHttpClient-1-7] DEBUG org.asynchttpclient.netty.handler.HttpHandler - 

Request DefaultHttpRequest(decodeResult: success, version: HTTP/1.1)
POST /session/4e093df63270b91dba3a9abdcabe5923/execute/sync HTTP/1.1
User-Agent: selenium/4.1.2 (java windows)
Content-Length: 47339
Content-Type: application/json; charset=utf-8
host: localhost:59566
accept: */*

Response DefaultHttpResponse(decodeResult: success, version: HTTP/1.1)
HTTP/1.1 200 OK
Content-Type: application/json; charset=utf-8
cache-control: no-cache
content-length: 78

22:27:21.462 [AsyncHttpClient-1-7] DEBUG org.asynchttpclient.netty.channel.ChannelManager - Adding key: http://localhost:59566 for channel [id: 0xdf203efe, L:/127.0.0.1:62000 - R:localhost/127.0.0.1:59566]
22:27:21.465 [Forwarding getElementAttribute on session 4e093df63270b91dba3a9abdcabe5923 to remote] DEBUG org.asynchttpclient.netty.request.NettyRequestSender - Using pooled Channel '[id: 0xdf203efe, L:/127.0.0.1:62000 - R:localhost/127.0.0.1:59566]' for 'POST' to 'http://localhost:59566/session/4e093df63270b91dba3a9abdcabe5923/execute/sync'
22:27:21.465 [Forwarding getElementAttribute on session 4e093df63270b91dba3a9abdcabe5923 to remote] DEBUG org.asynchttpclient.netty.request.NettyRequestSender - Using open Channel [id: 0xdf203efe, L:/127.0.0.1:62000 - R:localhost/127.0.0.1:59566] for POST '/session/4e093df63270b91dba3a9abdcabe5923/execute/sync'
22:27:21.471 [AsyncHttpClient-1-7] DEBUG org.asynchttpclient.netty.handler.HttpHandler - 

Request DefaultHttpRequest(decodeResult: success, version: HTTP/1.1)
POST /session/4e093df63270b91dba3a9abdcabe5923/execute/sync HTTP/1.1
User-Agent: selenium/4.1.2 (java windows)
Content-Length: 47339
Content-Type: application/json; charset=utf-8
host: localhost:59566
accept: */*

Response DefaultHttpResponse(decodeResult: success, version: HTTP/1.1)
HTTP/1.1 200 OK
Content-Type: application/json; charset=utf-8
cache-control: no-cache
content-length: 71

22:27:21.471 [AsyncHttpClient-1-7] DEBUG org.asynchttpclient.netty.channel.ChannelManager - Adding key: http://localhost:59566 for channel [id: 0xdf203efe, L:/127.0.0.1:62000 - R:localhost/127.0.0.1:59566]
22:27:21.471 [Forwarding getElementAttribute on session 4e093df63270b91dba3a9abdcabe5923 to remote] DEBUG org.asynchttpclient.netty.request.NettyRequestSender - Using pooled Channel '[id: 0xdf203efe, L:/127.0.0.1:62000 - R:localhost/127.0.0.1:59566]' for 'POST' to 'http://localhost:59566/session/4e093df63270b91dba3a9abdcabe5923/execute/sync'
22:27:21.471 [Forwarding getElementAttribute on session 4e093df63270b91dba3a9abdcabe5923 to remote] DEBUG org.asynchttpclient.netty.request.NettyRequestSender - Using open Channel [id: 0xdf203efe, L:/127.0.0.1:62000 - R:localhost/127.0.0.1:59566] for POST '/session/4e093df63270b91dba3a9abdcabe5923/execute/sync'
22:27:21.491 [AsyncHttpClient-1-7] DEBUG org.asynchttpclient.netty.handler.HttpHandler - 

Request DefaultHttpRequest(decodeResult: success, version: HTTP/1.1)
POST /session/4e093df63270b91dba3a9abdcabe5923/execute/sync HTTP/1.1
User-Agent: selenium/4.1.2 (java windows)
Content-Length: 47339
Content-Type: application/json; charset=utf-8
host: localhost:59566
accept: */*

Response DefaultHttpResponse(decodeResult: success, version: HTTP/1.1)
HTTP/1.1 200 OK
Content-Type: application/json; charset=utf-8
cache-control: no-cache
content-length: 92

22:27:21.491 [AsyncHttpClient-1-7] DEBUG org.asynchttpclient.netty.channel.ChannelManager - Adding key: http://localhost:59566 for channel [id: 0xdf203efe, L:/127.0.0.1:62000 - R:localhost/127.0.0.1:59566]
22:27:21.495 [Forwarding getElementAttribute on session 4e093df63270b91dba3a9abdcabe5923 to remote] DEBUG org.asynchttpclient.netty.request.NettyRequestSender - Using pooled Channel '[id: 0xdf203efe, L:/127.0.0.1:62000 - R:localhost/127.0.0.1:59566]' for 'POST' to 'http://localhost:59566/session/4e093df63270b91dba3a9abdcabe5923/execute/sync'
22:27:21.495 [Forwarding getElementAttribute on session 4e093df63270b91dba3a9abdcabe5923 to remote] DEBUG org.asynchttpclient.netty.request.NettyRequestSender - Using open Channel [id: 0xdf203efe, L:/127.0.0.1:62000 - R:localhost/127.0.0.1:59566] for POST '/session/4e093df63270b91dba3a9abdcabe5923/execute/sync'
22:27:21.504 [AsyncHttpClient-1-7] DEBUG org.asynchttpclient.netty.handler.HttpHandler - 

Request DefaultHttpRequest(decodeResult: success, version: HTTP/1.1)
POST /session/4e093df63270b91dba3a9abdcabe5923/execute/sync HTTP/1.1
User-Agent: selenium/4.1.2 (java windows)
Content-Length: 47339
Content-Type: application/json; charset=utf-8
host: localhost:59566
accept: */*

Response DefaultHttpResponse(decodeResult: success, version: HTTP/1.1)
HTTP/1.1 200 OK
Content-Type: application/json; charset=utf-8
cache-control: no-cache
content-length: 93

22:27:21.504 [AsyncHttpClient-1-7] DEBUG org.asynchttpclient.netty.channel.ChannelManager - Adding key: http://localhost:59566 for channel [id: 0xdf203efe, L:/127.0.0.1:62000 - R:localhost/127.0.0.1:59566]
22:27:21.508 [Forwarding getElementAttribute on session 4e093df63270b91dba3a9abdcabe5923 to remote] DEBUG org.asynchttpclient.netty.request.NettyRequestSender - Using pooled Channel '[id: 0xdf203efe, L:/127.0.0.1:62000 - R:localhost/127.0.0.1:59566]' for 'POST' to 'http://localhost:59566/session/4e093df63270b91dba3a9abdcabe5923/execute/sync'
22:27:21.508 [Forwarding getElementAttribute on session 4e093df63270b91dba3a9abdcabe5923 to remote] DEBUG org.asynchttpclient.netty.request.NettyRequestSender - Using open Channel [id: 0xdf203efe, L:/127.0.0.1:62000 - R:localhost/127.0.0.1:59566] for POST '/session/4e093df63270b91dba3a9abdcabe5923/execute/sync'
22:27:21.528 [AsyncHttpClient-1-7] DEBUG org.asynchttpclient.netty.handler.HttpHandler - 

Request DefaultHttpRequest(decodeResult: success, version: HTTP/1.1)
POST /session/4e093df63270b91dba3a9abdcabe5923/execute/sync HTTP/1.1
User-Agent: selenium/4.1.2 (java windows)
Content-Length: 47339
Content-Type: application/json; charset=utf-8
host: localhost:59566
accept: */*

Response DefaultHttpResponse(decodeResult: success, version: HTTP/1.1)
HTTP/1.1 200 OK
Content-Type: application/json; charset=utf-8
cache-control: no-cache
content-length: 94

22:27:21.528 [AsyncHttpClient-1-7] DEBUG org.asynchttpclient.netty.channel.ChannelManager - Adding key: http://localhost:59566 for channel [id: 0xdf203efe, L:/127.0.0.1:62000 - R:localhost/127.0.0.1:59566]
22:27:21.531 [Forwarding getElementAttribute on session 4e093df63270b91dba3a9abdcabe5923 to remote] DEBUG org.asynchttpclient.netty.request.NettyRequestSender - Using pooled Channel '[id: 0xdf203efe, L:/127.0.0.1:62000 - R:localhost/127.0.0.1:59566]' for 'POST' to 'http://localhost:59566/session/4e093df63270b91dba3a9abdcabe5923/execute/sync'
22:27:21.531 [Forwarding getElementAttribute on session 4e093df63270b91dba3a9abdcabe5923 to remote] DEBUG org.asynchttpclient.netty.request.NettyRequestSender - Using open Channel [id: 0xdf203efe, L:/127.0.0.1:62000 - R:localhost/127.0.0.1:59566] for POST '/session/4e093df63270b91dba3a9abdcabe5923/execute/sync'
22:27:21.542 [AsyncHttpClient-1-7] DEBUG org.asynchttpclient.netty.handler.HttpHandler - 

Request DefaultHttpRequest(decodeResult: success, version: HTTP/1.1)
POST /session/4e093df63270b91dba3a9abdcabe5923/execute/sync HTTP/1.1
User-Agent: selenium/4.1.2 (java windows)
Content-Length: 47339
Content-Type: application/json; charset=utf-8
host: localhost:59566
accept: */*

Response DefaultHttpResponse(decodeResult: success, version: HTTP/1.1)
HTTP/1.1 200 OK
Content-Type: application/json; charset=utf-8
cache-control: no-cache
content-length: 82

22:27:21.543 [AsyncHttpClient-1-7] DEBUG org.asynchttpclient.netty.channel.ChannelManager - Adding key: http://localhost:59566 for channel [id: 0xdf203efe, L:/127.0.0.1:62000 - R:localhost/127.0.0.1:59566]
22:27:21.545 [Forwarding getElementAttribute on session 4e093df63270b91dba3a9abdcabe5923 to remote] DEBUG org.asynchttpclient.netty.request.NettyRequestSender - Using pooled Channel '[id: 0xdf203efe, L:/127.0.0.1:62000 - R:localhost/127.0.0.1:59566]' for 'POST' to 'http://localhost:59566/session/4e093df63270b91dba3a9abdcabe5923/execute/sync'
22:27:21.545 [Forwarding getElementAttribute on session 4e093df63270b91dba3a9abdcabe5923 to remote] DEBUG org.asynchttpclient.netty.request.NettyRequestSender - Using open Channel [id: 0xdf203efe, L:/127.0.0.1:62000 - R:localhost/127.0.0.1:59566] for POST '/session/4e093df63270b91dba3a9abdcabe5923/execute/sync'
22:27:21.561 [AsyncHttpClient-1-7] DEBUG org.asynchttpclient.netty.handler.HttpHandler - 

Request DefaultHttpRequest(decodeResult: success, version: HTTP/1.1)
POST /session/4e093df63270b91dba3a9abdcabe5923/execute/sync HTTP/1.1
User-Agent: selenium/4.1.2 (java windows)
Content-Length: 47339
Content-Type: application/json; charset=utf-8
host: localhost:59566
accept: */*

Response DefaultHttpResponse(decodeResult: success, version: HTTP/1.1)
HTTP/1.1 200 OK
Content-Type: application/json; charset=utf-8
cache-control: no-cache
content-length: 76

22:27:21.561 [AsyncHttpClient-1-7] DEBUG org.asynchttpclient.netty.channel.ChannelManager - Adding key: http://localhost:59566 for channel [id: 0xdf203efe, L:/127.0.0.1:62000 - R:localhost/127.0.0.1:59566]
22:27:21.564 [Forwarding getElementAttribute on session 4e093df63270b91dba3a9abdcabe5923 to remote] DEBUG org.asynchttpclient.netty.request.NettyRequestSender - Using pooled Channel '[id: 0xdf203efe, L:/127.0.0.1:62000 - R:localhost/127.0.0.1:59566]' for 'POST' to 'http://localhost:59566/session/4e093df63270b91dba3a9abdcabe5923/execute/sync'
22:27:21.564 [Forwarding getElementAttribute on session 4e093df63270b91dba3a9abdcabe5923 to remote] DEBUG org.asynchttpclient.netty.request.NettyRequestSender - Using open Channel [id: 0xdf203efe, L:/127.0.0.1:62000 - R:localhost/127.0.0.1:59566] for POST '/session/4e093df63270b91dba3a9abdcabe5923/execute/sync'
22:27:21.576 [AsyncHttpClient-1-7] DEBUG org.asynchttpclient.netty.handler.HttpHandler - 

Request DefaultHttpRequest(decodeResult: success, version: HTTP/1.1)
POST /session/4e093df63270b91dba3a9abdcabe5923/execute/sync HTTP/1.1
User-Agent: selenium/4.1.2 (java windows)
Content-Length: 47339
Content-Type: application/json; charset=utf-8
host: localhost:59566
accept: */*

Response DefaultHttpResponse(decodeResult: success, version: HTTP/1.1)
HTTP/1.1 200 OK
Content-Type: application/json; charset=utf-8
cache-control: no-cache
content-length: 93

22:27:21.576 [AsyncHttpClient-1-7] DEBUG org.asynchttpclient.netty.channel.ChannelManager - Adding key: http://localhost:59566 for channel [id: 0xdf203efe, L:/127.0.0.1:62000 - R:localhost/127.0.0.1:59566]
22:27:21.579 [Forwarding getElementAttribute on session 4e093df63270b91dba3a9abdcabe5923 to remote] DEBUG org.asynchttpclient.netty.request.NettyRequestSender - Using pooled Channel '[id: 0xdf203efe, L:/127.0.0.1:62000 - R:localhost/127.0.0.1:59566]' for 'POST' to 'http://localhost:59566/session/4e093df63270b91dba3a9abdcabe5923/execute/sync'
22:27:21.579 [Forwarding getElementAttribute on session 4e093df63270b91dba3a9abdcabe5923 to remote] DEBUG org.asynchttpclient.netty.request.NettyRequestSender - Using open Channel [id: 0xdf203efe, L:/127.0.0.1:62000 - R:localhost/127.0.0.1:59566] for POST '/session/4e093df63270b91dba3a9abdcabe5923/execute/sync'
22:27:21.591 [AsyncHttpClient-1-7] DEBUG org.asynchttpclient.netty.handler.HttpHandler - 

Request DefaultHttpRequest(decodeResult: success, version: HTTP/1.1)
POST /session/4e093df63270b91dba3a9abdcabe5923/execute/sync HTTP/1.1
User-Agent: selenium/4.1.2 (java windows)
Content-Length: 47339
Content-Type: application/json; charset=utf-8
host: localhost:59566
accept: */*

Response DefaultHttpResponse(decodeResult: success, version: HTTP/1.1)
HTTP/1.1 200 OK
Content-Type: application/json; charset=utf-8
cache-control: no-cache
content-length: 65

22:27:21.591 [AsyncHttpClient-1-7] DEBUG org.asynchttpclient.netty.channel.ChannelManager - Adding key: http://localhost:59566 for channel [id: 0xdf203efe, L:/127.0.0.1:62000 - R:localhost/127.0.0.1:59566]
22:27:21.594 [Forwarding getElementAttribute on session 4e093df63270b91dba3a9abdcabe5923 to remote] DEBUG org.asynchttpclient.netty.request.NettyRequestSender - Using pooled Channel '[id: 0xdf203efe, L:/127.0.0.1:62000 - R:localhost/127.0.0.1:59566]' for 'POST' to 'http://localhost:59566/session/4e093df63270b91dba3a9abdcabe5923/execute/sync'
22:27:21.594 [Forwarding getElementAttribute on session 4e093df63270b91dba3a9abdcabe5923 to remote] DEBUG org.asynchttpclient.netty.request.NettyRequestSender - Using open Channel [id: 0xdf203efe, L:/127.0.0.1:62000 - R:localhost/127.0.0.1:59566] for POST '/session/4e093df63270b91dba3a9abdcabe5923/execute/sync'
22:27:21.604 [AsyncHttpClient-1-7] DEBUG org.asynchttpclient.netty.handler.HttpHandler - 

Request DefaultHttpRequest(decodeResult: success, version: HTTP/1.1)
POST /session/4e093df63270b91dba3a9abdcabe5923/execute/sync HTTP/1.1
User-Agent: selenium/4.1.2 (java windows)
Content-Length: 47339
Content-Type: application/json; charset=utf-8
host: localhost:59566
accept: */*

Response DefaultHttpResponse(decodeResult: success, version: HTTP/1.1)
HTTP/1.1 200 OK
Content-Type: application/json; charset=utf-8
cache-control: no-cache
content-length: 82

22:27:21.604 [AsyncHttpClient-1-7] DEBUG org.asynchttpclient.netty.channel.ChannelManager - Adding key: http://localhost:59566 for channel [id: 0xdf203efe, L:/127.0.0.1:62000 - R:localhost/127.0.0.1:59566]
22:27:21.604 [Forwarding getElementAttribute on session 4e093df63270b91dba3a9abdcabe5923 to remote] DEBUG org.asynchttpclient.netty.request.NettyRequestSender - Using pooled Channel '[id: 0xdf203efe, L:/127.0.0.1:62000 - R:localhost/127.0.0.1:59566]' for 'POST' to 'http://localhost:59566/session/4e093df63270b91dba3a9abdcabe5923/execute/sync'
22:27:21.604 [Forwarding getElementAttribute on session 4e093df63270b91dba3a9abdcabe5923 to remote] DEBUG org.asynchttpclient.netty.request.NettyRequestSender - Using open Channel [id: 0xdf203efe, L:/127.0.0.1:62000 - R:localhost/127.0.0.1:59566] for POST '/session/4e093df63270b91dba3a9abdcabe5923/execute/sync'
22:27:21.625 [AsyncHttpClient-1-7] DEBUG org.asynchttpclient.netty.handler.HttpHandler - 

Request DefaultHttpRequest(decodeResult: success, version: HTTP/1.1)
POST /session/4e093df63270b91dba3a9abdcabe5923/execute/sync HTTP/1.1
User-Agent: selenium/4.1.2 (java windows)
Content-Length: 47339
Content-Type: application/json; charset=utf-8
host: localhost:59566
accept: */*

Response DefaultHttpResponse(decodeResult: success, version: HTTP/1.1)
HTTP/1.1 200 OK
Content-Type: application/json; charset=utf-8
cache-control: no-cache
content-length: 81

22:27:21.625 [AsyncHttpClient-1-7] DEBUG org.asynchttpclient.netty.channel.ChannelManager - Adding key: http://localhost:59566 for channel [id: 0xdf203efe, L:/127.0.0.1:62000 - R:localhost/127.0.0.1:59566]
22:27:21.628 [Forwarding getElementAttribute on session 4e093df63270b91dba3a9abdcabe5923 to remote] DEBUG org.asynchttpclient.netty.request.NettyRequestSender - Using pooled Channel '[id: 0xdf203efe, L:/127.0.0.1:62000 - R:localhost/127.0.0.1:59566]' for 'POST' to 'http://localhost:59566/session/4e093df63270b91dba3a9abdcabe5923/execute/sync'
22:27:21.628 [Forwarding getElementAttribute on session 4e093df63270b91dba3a9abdcabe5923 to remote] DEBUG org.asynchttpclient.netty.request.NettyRequestSender - Using open Channel [id: 0xdf203efe, L:/127.0.0.1:62000 - R:localhost/127.0.0.1:59566] for POST '/session/4e093df63270b91dba3a9abdcabe5923/execute/sync'
22:27:21.652 [AsyncHttpClient-1-7] DEBUG org.asynchttpclient.netty.handler.HttpHandler - 

Request DefaultHttpRequest(decodeResult: success, version: HTTP/1.1)
POST /session/4e093df63270b91dba3a9abdcabe5923/execute/sync HTTP/1.1
User-Agent: selenium/4.1.2 (java windows)
Content-Length: 47339
Content-Type: application/json; charset=utf-8
host: localhost:59566
accept: */*

Response DefaultHttpResponse(decodeResult: success, version: HTTP/1.1)
HTTP/1.1 200 OK
Content-Type: application/json; charset=utf-8
cache-control: no-cache
content-length: 68

22:27:21.652 [AsyncHttpClient-1-7] DEBUG org.asynchttpclient.netty.channel.ChannelManager - Adding key: http://localhost:59566 for channel [id: 0xdf203efe, L:/127.0.0.1:62000 - R:localhost/127.0.0.1:59566]
22:27:21.656 [Forwarding getElementAttribute on session 4e093df63270b91dba3a9abdcabe5923 to remote] DEBUG org.asynchttpclient.netty.request.NettyRequestSender - Using pooled Channel '[id: 0xdf203efe, L:/127.0.0.1:62000 - R:localhost/127.0.0.1:59566]' for 'POST' to 'http://localhost:59566/session/4e093df63270b91dba3a9abdcabe5923/execute/sync'
22:27:21.656 [Forwarding getElementAttribute on session 4e093df63270b91dba3a9abdcabe5923 to remote] DEBUG org.asynchttpclient.netty.request.NettyRequestSender - Using open Channel [id: 0xdf203efe, L:/127.0.0.1:62000 - R:localhost/127.0.0.1:59566] for POST '/session/4e093df63270b91dba3a9abdcabe5923/execute/sync'
22:27:21.669 [AsyncHttpClient-1-7] DEBUG org.asynchttpclient.netty.handler.HttpHandler - 

Request DefaultHttpRequest(decodeResult: success, version: HTTP/1.1)
POST /session/4e093df63270b91dba3a9abdcabe5923/execute/sync HTTP/1.1
User-Agent: selenium/4.1.2 (java windows)
Content-Length: 47339
Content-Type: application/json; charset=utf-8
host: localhost:59566
accept: */*

Response DefaultHttpResponse(decodeResult: success, version: HTTP/1.1)
HTTP/1.1 200 OK
Content-Type: application/json; charset=utf-8
cache-control: no-cache
content-length: 75

22:27:21.669 [AsyncHttpClient-1-7] DEBUG org.asynchttpclient.netty.channel.ChannelManager - Adding key: http://localhost:59566 for channel [id: 0xdf203efe, L:/127.0.0.1:62000 - R:localhost/127.0.0.1:59566]
22:27:21.672 [Forwarding getElementAttribute on session 4e093df63270b91dba3a9abdcabe5923 to remote] DEBUG org.asynchttpclient.netty.request.NettyRequestSender - Using pooled Channel '[id: 0xdf203efe, L:/127.0.0.1:62000 - R:localhost/127.0.0.1:59566]' for 'POST' to 'http://localhost:59566/session/4e093df63270b91dba3a9abdcabe5923/execute/sync'
22:27:21.672 [Forwarding getElementAttribute on session 4e093df63270b91dba3a9abdcabe5923 to remote] DEBUG org.asynchttpclient.netty.request.NettyRequestSender - Using open Channel [id: 0xdf203efe, L:/127.0.0.1:62000 - R:localhost/127.0.0.1:59566] for POST '/session/4e093df63270b91dba3a9abdcabe5923/execute/sync'
22:27:21.684 [AsyncHttpClient-1-7] DEBUG org.asynchttpclient.netty.handler.HttpHandler - 

Request DefaultHttpRequest(decodeResult: success, version: HTTP/1.1)
POST /session/4e093df63270b91dba3a9abdcabe5923/execute/sync HTTP/1.1
User-Agent: selenium/4.1.2 (java windows)
Content-Length: 47339
Content-Type: application/json; charset=utf-8
host: localhost:59566
accept: */*

Response DefaultHttpResponse(decodeResult: success, version: HTTP/1.1)
HTTP/1.1 200 OK
Content-Type: application/json; charset=utf-8
cache-control: no-cache
content-length: 85

22:27:21.684 [AsyncHttpClient-1-7] DEBUG org.asynchttpclient.netty.channel.ChannelManager - Adding key: http://localhost:59566 for channel [id: 0xdf203efe, L:/127.0.0.1:62000 - R:localhost/127.0.0.1:59566]
22:27:21.690 [Forwarding getElementAttribute on session 4e093df63270b91dba3a9abdcabe5923 to remote] DEBUG org.asynchttpclient.netty.request.NettyRequestSender - Using pooled Channel '[id: 0xdf203efe, L:/127.0.0.1:62000 - R:localhost/127.0.0.1:59566]' for 'POST' to 'http://localhost:59566/session/4e093df63270b91dba3a9abdcabe5923/execute/sync'
22:27:21.690 [Forwarding getElementAttribute on session 4e093df63270b91dba3a9abdcabe5923 to remote] DEBUG org.asynchttpclient.netty.request.NettyRequestSender - Using open Channel [id: 0xdf203efe, L:/127.0.0.1:62000 - R:localhost/127.0.0.1:59566] for POST '/session/4e093df63270b91dba3a9abdcabe5923/execute/sync'
22:27:21.699 [AsyncHttpClient-1-7] DEBUG org.asynchttpclient.netty.handler.HttpHandler - 

Request DefaultHttpRequest(decodeResult: success, version: HTTP/1.1)
POST /session/4e093df63270b91dba3a9abdcabe5923/execute/sync HTTP/1.1
User-Agent: selenium/4.1.2 (java windows)
Content-Length: 47339
Content-Type: application/json; charset=utf-8
host: localhost:59566
accept: */*

Response DefaultHttpResponse(decodeResult: success, version: HTTP/1.1)
HTTP/1.1 200 OK
Content-Type: application/json; charset=utf-8
cache-control: no-cache
content-length: 80

22:27:21.699 [AsyncHttpClient-1-7] DEBUG org.asynchttpclient.netty.channel.ChannelManager - Adding key: http://localhost:59566 for channel [id: 0xdf203efe, L:/127.0.0.1:62000 - R:localhost/127.0.0.1:59566]
22:27:21.702 [Forwarding getElementAttribute on session 4e093df63270b91dba3a9abdcabe5923 to remote] DEBUG org.asynchttpclient.netty.request.NettyRequestSender - Using pooled Channel '[id: 0xdf203efe, L:/127.0.0.1:62000 - R:localhost/127.0.0.1:59566]' for 'POST' to 'http://localhost:59566/session/4e093df63270b91dba3a9abdcabe5923/execute/sync'
22:27:21.702 [Forwarding getElementAttribute on session 4e093df63270b91dba3a9abdcabe5923 to remote] DEBUG org.asynchttpclient.netty.request.NettyRequestSender - Using open Channel [id: 0xdf203efe, L:/127.0.0.1:62000 - R:localhost/127.0.0.1:59566] for POST '/session/4e093df63270b91dba3a9abdcabe5923/execute/sync'
22:27:21.714 [AsyncHttpClient-1-7] DEBUG org.asynchttpclient.netty.handler.HttpHandler - 

Request DefaultHttpRequest(decodeResult: success, version: HTTP/1.1)
POST /session/4e093df63270b91dba3a9abdcabe5923/execute/sync HTTP/1.1
User-Agent: selenium/4.1.2 (java windows)
Content-Length: 47339
Content-Type: application/json; charset=utf-8
host: localhost:59566
accept: */*

Response DefaultHttpResponse(decodeResult: success, version: HTTP/1.1)
HTTP/1.1 200 OK
Content-Type: application/json; charset=utf-8
cache-control: no-cache
content-length: 86

22:27:21.714 [AsyncHttpClient-1-7] DEBUG org.asynchttpclient.netty.channel.ChannelManager - Adding key: http://localhost:59566 for channel [id: 0xdf203efe, L:/127.0.0.1:62000 - R:localhost/127.0.0.1:59566]
22:27:21.717 [Forwarding getElementAttribute on session 4e093df63270b91dba3a9abdcabe5923 to remote] DEBUG org.asynchttpclient.netty.request.NettyRequestSender - Using pooled Channel '[id: 0xdf203efe, L:/127.0.0.1:62000 - R:localhost/127.0.0.1:59566]' for 'POST' to 'http://localhost:59566/session/4e093df63270b91dba3a9abdcabe5923/execute/sync'
22:27:21.717 [Forwarding getElementAttribute on session 4e093df63270b91dba3a9abdcabe5923 to remote] DEBUG org.asynchttpclient.netty.request.NettyRequestSender - Using open Channel [id: 0xdf203efe, L:/127.0.0.1:62000 - R:localhost/127.0.0.1:59566] for POST '/session/4e093df63270b91dba3a9abdcabe5923/execute/sync'
22:27:21.742 [AsyncHttpClient-1-7] DEBUG org.asynchttpclient.netty.handler.HttpHandler - 

Request DefaultHttpRequest(decodeResult: success, version: HTTP/1.1)
POST /session/4e093df63270b91dba3a9abdcabe5923/execute/sync HTTP/1.1
User-Agent: selenium/4.1.2 (java windows)
Content-Length: 47339
Content-Type: application/json; charset=utf-8
host: localhost:59566
accept: */*

Response DefaultHttpResponse(decodeResult: success, version: HTTP/1.1)
HTTP/1.1 200 OK
Content-Type: application/json; charset=utf-8
cache-control: no-cache
content-length: 73

22:27:21.742 [AsyncHttpClient-1-7] DEBUG org.asynchttpclient.netty.channel.ChannelManager - Adding key: http://localhost:59566 for channel [id: 0xdf203efe, L:/127.0.0.1:62000 - R:localhost/127.0.0.1:59566]
22:27:21.746 [Forwarding getElementAttribute on session 4e093df63270b91dba3a9abdcabe5923 to remote] DEBUG org.asynchttpclient.netty.request.NettyRequestSender - Using pooled Channel '[id: 0xdf203efe, L:/127.0.0.1:62000 - R:localhost/127.0.0.1:59566]' for 'POST' to 'http://localhost:59566/session/4e093df63270b91dba3a9abdcabe5923/execute/sync'
22:27:21.746 [Forwarding getElementAttribute on session 4e093df63270b91dba3a9abdcabe5923 to remote] DEBUG org.asynchttpclient.netty.request.NettyRequestSender - Using open Channel [id: 0xdf203efe, L:/127.0.0.1:62000 - R:localhost/127.0.0.1:59566] for POST '/session/4e093df63270b91dba3a9abdcabe5923/execute/sync'
22:27:21.760 [AsyncHttpClient-1-7] DEBUG org.asynchttpclient.netty.handler.HttpHandler - 

Request DefaultHttpRequest(decodeResult: success, version: HTTP/1.1)
POST /session/4e093df63270b91dba3a9abdcabe5923/execute/sync HTTP/1.1
User-Agent: selenium/4.1.2 (java windows)
Content-Length: 47339
Content-Type: application/json; charset=utf-8
host: localhost:59566
accept: */*

Response DefaultHttpResponse(decodeResult: success, version: HTTP/1.1)
HTTP/1.1 200 OK
Content-Type: application/json; charset=utf-8
cache-control: no-cache
content-length: 93

22:27:21.760 [AsyncHttpClient-1-7] DEBUG org.asynchttpclient.netty.channel.ChannelManager - Adding key: http://localhost:59566 for channel [id: 0xdf203efe, L:/127.0.0.1:62000 - R:localhost/127.0.0.1:59566]
22:27:21.764 [Forwarding getElementAttribute on session 4e093df63270b91dba3a9abdcabe5923 to remote] DEBUG org.asynchttpclient.netty.request.NettyRequestSender - Using pooled Channel '[id: 0xdf203efe, L:/127.0.0.1:62000 - R:localhost/127.0.0.1:59566]' for 'POST' to 'http://localhost:59566/session/4e093df63270b91dba3a9abdcabe5923/execute/sync'
22:27:21.764 [Forwarding getElementAttribute on session 4e093df63270b91dba3a9abdcabe5923 to remote] DEBUG org.asynchttpclient.netty.request.NettyRequestSender - Using open Channel [id: 0xdf203efe, L:/127.0.0.1:62000 - R:localhost/127.0.0.1:59566] for POST '/session/4e093df63270b91dba3a9abdcabe5923/execute/sync'
22:27:21.777 [AsyncHttpClient-1-7] DEBUG org.asynchttpclient.netty.handler.HttpHandler - 

Request DefaultHttpRequest(decodeResult: success, version: HTTP/1.1)
POST /session/4e093df63270b91dba3a9abdcabe5923/execute/sync HTTP/1.1
User-Agent: selenium/4.1.2 (java windows)
Content-Length: 47339
Content-Type: application/json; charset=utf-8
host: localhost:59566
accept: */*

Response DefaultHttpResponse(decodeResult: success, version: HTTP/1.1)
HTTP/1.1 200 OK
Content-Type: application/json; charset=utf-8
cache-control: no-cache
content-length: 69

22:27:21.777 [AsyncHttpClient-1-7] DEBUG org.asynchttpclient.netty.channel.ChannelManager - Adding key: http://localhost:59566 for channel [id: 0xdf203efe, L:/127.0.0.1:62000 - R:localhost/127.0.0.1:59566]
22:27:21.781 [Forwarding getElementAttribute on session 4e093df63270b91dba3a9abdcabe5923 to remote] DEBUG org.asynchttpclient.netty.request.NettyRequestSender - Using pooled Channel '[id: 0xdf203efe, L:/127.0.0.1:62000 - R:localhost/127.0.0.1:59566]' for 'POST' to 'http://localhost:59566/session/4e093df63270b91dba3a9abdcabe5923/execute/sync'
22:27:21.781 [Forwarding getElementAttribute on session 4e093df63270b91dba3a9abdcabe5923 to remote] DEBUG org.asynchttpclient.netty.request.NettyRequestSender - Using open Channel [id: 0xdf203efe, L:/127.0.0.1:62000 - R:localhost/127.0.0.1:59566] for POST '/session/4e093df63270b91dba3a9abdcabe5923/execute/sync'
22:27:21.794 [AsyncHttpClient-1-7] DEBUG org.asynchttpclient.netty.handler.HttpHandler - 

Request DefaultHttpRequest(decodeResult: success, version: HTTP/1.1)
POST /session/4e093df63270b91dba3a9abdcabe5923/execute/sync HTTP/1.1
User-Agent: selenium/4.1.2 (java windows)
Content-Length: 47339
Content-Type: application/json; charset=utf-8
host: localhost:59566
accept: */*

Response DefaultHttpResponse(decodeResult: success, version: HTTP/1.1)
HTTP/1.1 200 OK
Content-Type: application/json; charset=utf-8
cache-control: no-cache
content-length: 78

22:27:21.794 [AsyncHttpClient-1-7] DEBUG org.asynchttpclient.netty.channel.ChannelManager - Adding key: http://localhost:59566 for channel [id: 0xdf203efe, L:/127.0.0.1:62000 - R:localhost/127.0.0.1:59566]
22:27:21.798 [Forwarding getElementAttribute on session 4e093df63270b91dba3a9abdcabe5923 to remote] DEBUG org.asynchttpclient.netty.request.NettyRequestSender - Using pooled Channel '[id: 0xdf203efe, L:/127.0.0.1:62000 - R:localhost/127.0.0.1:59566]' for 'POST' to 'http://localhost:59566/session/4e093df63270b91dba3a9abdcabe5923/execute/sync'
22:27:21.798 [Forwarding getElementAttribute on session 4e093df63270b91dba3a9abdcabe5923 to remote] DEBUG org.asynchttpclient.netty.request.NettyRequestSender - Using open Channel [id: 0xdf203efe, L:/127.0.0.1:62000 - R:localhost/127.0.0.1:59566] for POST '/session/4e093df63270b91dba3a9abdcabe5923/execute/sync'
22:27:21.817 [AsyncHttpClient-1-7] DEBUG org.asynchttpclient.netty.handler.HttpHandler - 

Request DefaultHttpRequest(decodeResult: success, version: HTTP/1.1)
POST /session/4e093df63270b91dba3a9abdcabe5923/execute/sync HTTP/1.1
User-Agent: selenium/4.1.2 (java windows)
Content-Length: 47339
Content-Type: application/json; charset=utf-8
host: localhost:59566
accept: */*

Response DefaultHttpResponse(decodeResult: success, version: HTTP/1.1)
HTTP/1.1 200 OK
Content-Type: application/json; charset=utf-8
cache-control: no-cache
content-length: 96

22:27:21.817 [AsyncHttpClient-1-7] DEBUG org.asynchttpclient.netty.channel.ChannelManager - Adding key: http://localhost:59566 for channel [id: 0xdf203efe, L:/127.0.0.1:62000 - R:localhost/127.0.0.1:59566]
22:27:21.826 [Forwarding getElementAttribute on session 4e093df63270b91dba3a9abdcabe5923 to remote] DEBUG org.asynchttpclient.netty.request.NettyRequestSender - Using pooled Channel '[id: 0xdf203efe, L:/127.0.0.1:62000 - R:localhost/127.0.0.1:59566]' for 'POST' to 'http://localhost:59566/session/4e093df63270b91dba3a9abdcabe5923/execute/sync'
22:27:21.826 [Forwarding getElementAttribute on session 4e093df63270b91dba3a9abdcabe5923 to remote] DEBUG org.asynchttpclient.netty.request.NettyRequestSender - Using open Channel [id: 0xdf203efe, L:/127.0.0.1:62000 - R:localhost/127.0.0.1:59566] for POST '/session/4e093df63270b91dba3a9abdcabe5923/execute/sync'
22:27:21.838 [AsyncHttpClient-1-7] DEBUG org.asynchttpclient.netty.handler.HttpHandler - 

Request DefaultHttpRequest(decodeResult: success, version: HTTP/1.1)
POST /session/4e093df63270b91dba3a9abdcabe5923/execute/sync HTTP/1.1
User-Agent: selenium/4.1.2 (java windows)
Content-Length: 47339
Content-Type: application/json; charset=utf-8
host: localhost:59566
accept: */*

Response DefaultHttpResponse(decodeResult: success, version: HTTP/1.1)
HTTP/1.1 200 OK
Content-Type: application/json; charset=utf-8
cache-control: no-cache
content-length: 114

22:27:21.838 [AsyncHttpClient-1-7] DEBUG org.asynchttpclient.netty.channel.ChannelManager - Adding key: http://localhost:59566 for channel [id: 0xdf203efe, L:/127.0.0.1:62000 - R:localhost/127.0.0.1:59566]
22:27:21.842 [Forwarding getElementAttribute on session 4e093df63270b91dba3a9abdcabe5923 to remote] DEBUG org.asynchttpclient.netty.request.NettyRequestSender - Using pooled Channel '[id: 0xdf203efe, L:/127.0.0.1:62000 - R:localhost/127.0.0.1:59566]' for 'POST' to 'http://localhost:59566/session/4e093df63270b91dba3a9abdcabe5923/execute/sync'
22:27:21.842 [Forwarding getElementAttribute on session 4e093df63270b91dba3a9abdcabe5923 to remote] DEBUG org.asynchttpclient.netty.request.NettyRequestSender - Using open Channel [id: 0xdf203efe, L:/127.0.0.1:62000 - R:localhost/127.0.0.1:59566] for POST '/session/4e093df63270b91dba3a9abdcabe5923/execute/sync'
22:27:21.857 [AsyncHttpClient-1-7] DEBUG org.asynchttpclient.netty.handler.HttpHandler - 

Request DefaultHttpRequest(decodeResult: success, version: HTTP/1.1)
POST /session/4e093df63270b91dba3a9abdcabe5923/execute/sync HTTP/1.1
User-Agent: selenium/4.1.2 (java windows)
Content-Length: 47339
Content-Type: application/json; charset=utf-8
host: localhost:59566
accept: */*

Response DefaultHttpResponse(decodeResult: success, version: HTTP/1.1)
HTTP/1.1 200 OK
Content-Type: application/json; charset=utf-8
cache-control: no-cache
content-length: 78

22:27:21.858 [AsyncHttpClient-1-7] DEBUG org.asynchttpclient.netty.channel.ChannelManager - Adding key: http://localhost:59566 for channel [id: 0xdf203efe, L:/127.0.0.1:62000 - R:localhost/127.0.0.1:59566]
22:27:21.861 [Forwarding getElementAttribute on session 4e093df63270b91dba3a9abdcabe5923 to remote] DEBUG org.asynchttpclient.netty.request.NettyRequestSender - Using pooled Channel '[id: 0xdf203efe, L:/127.0.0.1:62000 - R:localhost/127.0.0.1:59566]' for 'POST' to 'http://localhost:59566/session/4e093df63270b91dba3a9abdcabe5923/execute/sync'
22:27:21.861 [Forwarding getElementAttribute on session 4e093df63270b91dba3a9abdcabe5923 to remote] DEBUG org.asynchttpclient.netty.request.NettyRequestSender - Using open Channel [id: 0xdf203efe, L:/127.0.0.1:62000 - R:localhost/127.0.0.1:59566] for POST '/session/4e093df63270b91dba3a9abdcabe5923/execute/sync'
22:27:21.876 [AsyncHttpClient-1-7] DEBUG org.asynchttpclient.netty.handler.HttpHandler - 

Request DefaultHttpRequest(decodeResult: success, version: HTTP/1.1)
POST /session/4e093df63270b91dba3a9abdcabe5923/execute/sync HTTP/1.1
User-Agent: selenium/4.1.2 (java windows)
Content-Length: 47339
Content-Type: application/json; charset=utf-8
host: localhost:59566
accept: */*

Response DefaultHttpResponse(decodeResult: success, version: HTTP/1.1)
HTTP/1.1 200 OK
Content-Type: application/json; charset=utf-8
cache-control: no-cache
content-length: 72

22:27:21.876 [AsyncHttpClient-1-7] DEBUG org.asynchttpclient.netty.channel.ChannelManager - Adding key: http://localhost:59566 for channel [id: 0xdf203efe, L:/127.0.0.1:62000 - R:localhost/127.0.0.1:59566]
22:27:21.879 [Forwarding getElementAttribute on session 4e093df63270b91dba3a9abdcabe5923 to remote] DEBUG org.asynchttpclient.netty.request.NettyRequestSender - Using pooled Channel '[id: 0xdf203efe, L:/127.0.0.1:62000 - R:localhost/127.0.0.1:59566]' for 'POST' to 'http://localhost:59566/session/4e093df63270b91dba3a9abdcabe5923/execute/sync'
22:27:21.879 [Forwarding getElementAttribute on session 4e093df63270b91dba3a9abdcabe5923 to remote] DEBUG org.asynchttpclient.netty.request.NettyRequestSender - Using open Channel [id: 0xdf203efe, L:/127.0.0.1:62000 - R:localhost/127.0.0.1:59566] for POST '/session/4e093df63270b91dba3a9abdcabe5923/execute/sync'
22:27:21.882 [AsyncHttpClient-1-1] DEBUG org.asynchttpclient.netty.channel.DefaultChannelPool - Entry count for : http://localhost:62001 : 1
22:27:21.890 [AsyncHttpClient-1-7] DEBUG org.asynchttpclient.netty.handler.HttpHandler - 

Request DefaultHttpRequest(decodeResult: success, version: HTTP/1.1)
POST /session/4e093df63270b91dba3a9abdcabe5923/execute/sync HTTP/1.1
User-Agent: selenium/4.1.2 (java windows)
Content-Length: 47339
Content-Type: application/json; charset=utf-8
host: localhost:59566
accept: */*

Response DefaultHttpResponse(decodeResult: success, version: HTTP/1.1)
HTTP/1.1 200 OK
Content-Type: application/json; charset=utf-8
cache-control: no-cache
content-length: 89

22:27:21.890 [AsyncHttpClient-1-7] DEBUG org.asynchttpclient.netty.channel.ChannelManager - Adding key: http://localhost:59566 for channel [id: 0xdf203efe, L:/127.0.0.1:62000 - R:localhost/127.0.0.1:59566]
22:27:21.893 [Forwarding getElementAttribute on session 4e093df63270b91dba3a9abdcabe5923 to remote] DEBUG org.asynchttpclient.netty.request.NettyRequestSender - Using pooled Channel '[id: 0xdf203efe, L:/127.0.0.1:62000 - R:localhost/127.0.0.1:59566]' for 'POST' to 'http://localhost:59566/session/4e093df63270b91dba3a9abdcabe5923/execute/sync'
22:27:21.893 [Forwarding getElementAttribute on session 4e093df63270b91dba3a9abdcabe5923 to remote] DEBUG org.asynchttpclient.netty.request.NettyRequestSender - Using open Channel [id: 0xdf203efe, L:/127.0.0.1:62000 - R:localhost/127.0.0.1:59566] for POST '/session/4e093df63270b91dba3a9abdcabe5923/execute/sync'
22:27:21.904 [AsyncHttpClient-1-7] DEBUG org.asynchttpclient.netty.handler.HttpHandler - 

Request DefaultHttpRequest(decodeResult: success, version: HTTP/1.1)
POST /session/4e093df63270b91dba3a9abdcabe5923/execute/sync HTTP/1.1
User-Agent: selenium/4.1.2 (java windows)
Content-Length: 47339
Content-Type: application/json; charset=utf-8
host: localhost:59566
accept: */*

Response DefaultHttpResponse(decodeResult: success, version: HTTP/1.1)
HTTP/1.1 200 OK
Content-Type: application/json; charset=utf-8
cache-control: no-cache
content-length: 75

22:27:21.904 [AsyncHttpClient-1-7] DEBUG org.asynchttpclient.netty.channel.ChannelManager - Adding key: http://localhost:59566 for channel [id: 0xdf203efe, L:/127.0.0.1:62000 - R:localhost/127.0.0.1:59566]
22:27:21.904 [Forwarding getElementAttribute on session 4e093df63270b91dba3a9abdcabe5923 to remote] DEBUG org.asynchttpclient.netty.request.NettyRequestSender - Using pooled Channel '[id: 0xdf203efe, L:/127.0.0.1:62000 - R:localhost/127.0.0.1:59566]' for 'POST' to 'http://localhost:59566/session/4e093df63270b91dba3a9abdcabe5923/execute/sync'
22:27:21.904 [Forwarding getElementAttribute on session 4e093df63270b91dba3a9abdcabe5923 to remote] DEBUG org.asynchttpclient.netty.request.NettyRequestSender - Using open Channel [id: 0xdf203efe, L:/127.0.0.1:62000 - R:localhost/127.0.0.1:59566] for POST '/session/4e093df63270b91dba3a9abdcabe5923/execute/sync'
22:27:21.914 [AsyncHttpClient-1-7] DEBUG org.asynchttpclient.netty.handler.HttpHandler - 

Request DefaultHttpRequest(decodeResult: success, version: HTTP/1.1)
POST /session/4e093df63270b91dba3a9abdcabe5923/execute/sync HTTP/1.1
User-Agent: selenium/4.1.2 (java windows)
Content-Length: 47339
Content-Type: application/json; charset=utf-8
host: localhost:59566
accept: */*

Response DefaultHttpResponse(decodeResult: success, version: HTTP/1.1)
HTTP/1.1 200 OK
Content-Type: application/json; charset=utf-8
cache-control: no-cache
content-length: 63

22:27:21.914 [AsyncHttpClient-1-7] DEBUG org.asynchttpclient.netty.channel.ChannelManager - Adding key: http://localhost:59566 for channel [id: 0xdf203efe, L:/127.0.0.1:62000 - R:localhost/127.0.0.1:59566]
22:27:21.921 [Forwarding getElementAttribute on session 4e093df63270b91dba3a9abdcabe5923 to remote] DEBUG org.asynchttpclient.netty.request.NettyRequestSender - Using pooled Channel '[id: 0xdf203efe, L:/127.0.0.1:62000 - R:localhost/127.0.0.1:59566]' for 'POST' to 'http://localhost:59566/session/4e093df63270b91dba3a9abdcabe5923/execute/sync'
22:27:21.921 [Forwarding getElementAttribute on session 4e093df63270b91dba3a9abdcabe5923 to remote] DEBUG org.asynchttpclient.netty.request.NettyRequestSender - Using open Channel [id: 0xdf203efe, L:/127.0.0.1:62000 - R:localhost/127.0.0.1:59566] for POST '/session/4e093df63270b91dba3a9abdcabe5923/execute/sync'
22:27:21.931 [AsyncHttpClient-1-7] DEBUG org.asynchttpclient.netty.handler.HttpHandler - 

Request DefaultHttpRequest(decodeResult: success, version: HTTP/1.1)
POST /session/4e093df63270b91dba3a9abdcabe5923/execute/sync HTTP/1.1
User-Agent: selenium/4.1.2 (java windows)
Content-Length: 47339
Content-Type: application/json; charset=utf-8
host: localhost:59566
accept: */*

Response DefaultHttpResponse(decodeResult: success, version: HTTP/1.1)
HTTP/1.1 200 OK
Content-Type: application/json; charset=utf-8
cache-control: no-cache
content-length: 98

22:27:21.931 [AsyncHttpClient-1-7] DEBUG org.asynchttpclient.netty.channel.ChannelManager - Adding key: http://localhost:59566 for channel [id: 0xdf203efe, L:/127.0.0.1:62000 - R:localhost/127.0.0.1:59566]
22:27:21.931 [Forwarding getElementAttribute on session 4e093df63270b91dba3a9abdcabe5923 to remote] DEBUG org.asynchttpclient.netty.request.NettyRequestSender - Using pooled Channel '[id: 0xdf203efe, L:/127.0.0.1:62000 - R:localhost/127.0.0.1:59566]' for 'POST' to 'http://localhost:59566/session/4e093df63270b91dba3a9abdcabe5923/execute/sync'
22:27:21.931 [Forwarding getElementAttribute on session 4e093df63270b91dba3a9abdcabe5923 to remote] DEBUG org.asynchttpclient.netty.request.NettyRequestSender - Using open Channel [id: 0xdf203efe, L:/127.0.0.1:62000 - R:localhost/127.0.0.1:59566] for POST '/session/4e093df63270b91dba3a9abdcabe5923/execute/sync'
22:27:21.941 [AsyncHttpClient-1-7] DEBUG org.asynchttpclient.netty.handler.HttpHandler - 

Request DefaultHttpRequest(decodeResult: success, version: HTTP/1.1)
POST /session/4e093df63270b91dba3a9abdcabe5923/execute/sync HTTP/1.1
User-Agent: selenium/4.1.2 (java windows)
Content-Length: 47339
Content-Type: application/json; charset=utf-8
host: localhost:59566
accept: */*

Response DefaultHttpResponse(decodeResult: success, version: HTTP/1.1)
HTTP/1.1 200 OK
Content-Type: application/json; charset=utf-8
cache-control: no-cache
content-length: 97

22:27:21.941 [AsyncHttpClient-1-7] DEBUG org.asynchttpclient.netty.channel.ChannelManager - Adding key: http://localhost:59566 for channel [id: 0xdf203efe, L:/127.0.0.1:62000 - R:localhost/127.0.0.1:59566]
22:27:21.941 [Forwarding getElementAttribute on session 4e093df63270b91dba3a9abdcabe5923 to remote] DEBUG org.asynchttpclient.netty.request.NettyRequestSender - Using pooled Channel '[id: 0xdf203efe, L:/127.0.0.1:62000 - R:localhost/127.0.0.1:59566]' for 'POST' to 'http://localhost:59566/session/4e093df63270b91dba3a9abdcabe5923/execute/sync'
22:27:21.941 [Forwarding getElementAttribute on session 4e093df63270b91dba3a9abdcabe5923 to remote] DEBUG org.asynchttpclient.netty.request.NettyRequestSender - Using open Channel [id: 0xdf203efe, L:/127.0.0.1:62000 - R:localhost/127.0.0.1:59566] for POST '/session/4e093df63270b91dba3a9abdcabe5923/execute/sync'
22:27:21.949 [AsyncHttpClient-1-7] DEBUG org.asynchttpclient.netty.handler.HttpHandler - 

Request DefaultHttpRequest(decodeResult: success, version: HTTP/1.1)
POST /session/4e093df63270b91dba3a9abdcabe5923/execute/sync HTTP/1.1
User-Agent: selenium/4.1.2 (java windows)
Content-Length: 47339
Content-Type: application/json; charset=utf-8
host: localhost:59566
accept: */*

Response DefaultHttpResponse(decodeResult: success, version: HTTP/1.1)
HTTP/1.1 200 OK
Content-Type: application/json; charset=utf-8
cache-control: no-cache
content-length: 77

22:27:21.949 [AsyncHttpClient-1-7] DEBUG org.asynchttpclient.netty.channel.ChannelManager - Adding key: http://localhost:59566 for channel [id: 0xdf203efe, L:/127.0.0.1:62000 - R:localhost/127.0.0.1:59566]
22:27:21.959 [Forwarding getElementAttribute on session 4e093df63270b91dba3a9abdcabe5923 to remote] DEBUG org.asynchttpclient.netty.request.NettyRequestSender - Using pooled Channel '[id: 0xdf203efe, L:/127.0.0.1:62000 - R:localhost/127.0.0.1:59566]' for 'POST' to 'http://localhost:59566/session/4e093df63270b91dba3a9abdcabe5923/execute/sync'
22:27:21.959 [Forwarding getElementAttribute on session 4e093df63270b91dba3a9abdcabe5923 to remote] DEBUG org.asynchttpclient.netty.request.NettyRequestSender - Using open Channel [id: 0xdf203efe, L:/127.0.0.1:62000 - R:localhost/127.0.0.1:59566] for POST '/session/4e093df63270b91dba3a9abdcabe5923/execute/sync'
22:27:21.969 [AsyncHttpClient-1-7] DEBUG org.asynchttpclient.netty.handler.HttpHandler - 

Request DefaultHttpRequest(decodeResult: success, version: HTTP/1.1)
POST /session/4e093df63270b91dba3a9abdcabe5923/execute/sync HTTP/1.1
User-Agent: selenium/4.1.2 (java windows)
Content-Length: 47339
Content-Type: application/json; charset=utf-8
host: localhost:59566
accept: */*

Response DefaultHttpResponse(decodeResult: success, version: HTTP/1.1)
HTTP/1.1 200 OK
Content-Type: application/json; charset=utf-8
cache-control: no-cache
content-length: 80

22:27:21.969 [AsyncHttpClient-1-7] DEBUG org.asynchttpclient.netty.channel.ChannelManager - Adding key: http://localhost:59566 for channel [id: 0xdf203efe, L:/127.0.0.1:62000 - R:localhost/127.0.0.1:59566]
22:27:21.969 [Forwarding getElementAttribute on session 4e093df63270b91dba3a9abdcabe5923 to remote] DEBUG org.asynchttpclient.netty.request.NettyRequestSender - Using pooled Channel '[id: 0xdf203efe, L:/127.0.0.1:62000 - R:localhost/127.0.0.1:59566]' for 'POST' to 'http://localhost:59566/session/4e093df63270b91dba3a9abdcabe5923/execute/sync'
22:27:21.969 [Forwarding getElementAttribute on session 4e093df63270b91dba3a9abdcabe5923 to remote] DEBUG org.asynchttpclient.netty.request.NettyRequestSender - Using open Channel [id: 0xdf203efe, L:/127.0.0.1:62000 - R:localhost/127.0.0.1:59566] for POST '/session/4e093df63270b91dba3a9abdcabe5923/execute/sync'
22:27:21.981 [AsyncHttpClient-1-7] DEBUG org.asynchttpclient.netty.handler.HttpHandler - 

Request DefaultHttpRequest(decodeResult: success, version: HTTP/1.1)
POST /session/4e093df63270b91dba3a9abdcabe5923/execute/sync HTTP/1.1
User-Agent: selenium/4.1.2 (java windows)
Content-Length: 47339
Content-Type: application/json; charset=utf-8
host: localhost:59566
accept: */*

Response DefaultHttpResponse(decodeResult: success, version: HTTP/1.1)
HTTP/1.1 200 OK
Content-Type: application/json; charset=utf-8
cache-control: no-cache
content-length: 68

22:27:21.981 [AsyncHttpClient-1-7] DEBUG org.asynchttpclient.netty.channel.ChannelManager - Adding key: http://localhost:59566 for channel [id: 0xdf203efe, L:/127.0.0.1:62000 - R:localhost/127.0.0.1:59566]
22:27:21.991 [Forwarding getElementAttribute on session 4e093df63270b91dba3a9abdcabe5923 to remote] DEBUG org.asynchttpclient.netty.request.NettyRequestSender - Using pooled Channel '[id: 0xdf203efe, L:/127.0.0.1:62000 - R:localhost/127.0.0.1:59566]' for 'POST' to 'http://localhost:59566/session/4e093df63270b91dba3a9abdcabe5923/execute/sync'
22:27:21.991 [Forwarding getElementAttribute on session 4e093df63270b91dba3a9abdcabe5923 to remote] DEBUG org.asynchttpclient.netty.request.NettyRequestSender - Using open Channel [id: 0xdf203efe, L:/127.0.0.1:62000 - R:localhost/127.0.0.1:59566] for POST '/session/4e093df63270b91dba3a9abdcabe5923/execute/sync'
22:27:22.002 [AsyncHttpClient-1-7] DEBUG org.asynchttpclient.netty.handler.HttpHandler - 

Request DefaultHttpRequest(decodeResult: success, version: HTTP/1.1)
POST /session/4e093df63270b91dba3a9abdcabe5923/execute/sync HTTP/1.1
User-Agent: selenium/4.1.2 (java windows)
Content-Length: 47339
Content-Type: application/json; charset=utf-8
host: localhost:59566
accept: */*

Response DefaultHttpResponse(decodeResult: success, version: HTTP/1.1)
HTTP/1.1 200 OK
Content-Type: application/json; charset=utf-8
cache-control: no-cache
content-length: 86

22:27:22.002 [AsyncHttpClient-1-7] DEBUG org.asynchttpclient.netty.channel.ChannelManager - Adding key: http://localhost:59566 for channel [id: 0xdf203efe, L:/127.0.0.1:62000 - R:localhost/127.0.0.1:59566]
22:27:22.006 [Forwarding getElementAttribute on session 4e093df63270b91dba3a9abdcabe5923 to remote] DEBUG org.asynchttpclient.netty.request.NettyRequestSender - Using pooled Channel '[id: 0xdf203efe, L:/127.0.0.1:62000 - R:localhost/127.0.0.1:59566]' for 'POST' to 'http://localhost:59566/session/4e093df63270b91dba3a9abdcabe5923/execute/sync'
22:27:22.006 [Forwarding getElementAttribute on session 4e093df63270b91dba3a9abdcabe5923 to remote] DEBUG org.asynchttpclient.netty.request.NettyRequestSender - Using open Channel [id: 0xdf203efe, L:/127.0.0.1:62000 - R:localhost/127.0.0.1:59566] for POST '/session/4e093df63270b91dba3a9abdcabe5923/execute/sync'
22:27:22.015 [AsyncHttpClient-1-7] DEBUG org.asynchttpclient.netty.handler.HttpHandler - 

Request DefaultHttpRequest(decodeResult: success, version: HTTP/1.1)
POST /session/4e093df63270b91dba3a9abdcabe5923/execute/sync HTTP/1.1
User-Agent: selenium/4.1.2 (java windows)
Content-Length: 47339
Content-Type: application/json; charset=utf-8
host: localhost:59566
accept: */*

Response DefaultHttpResponse(decodeResult: success, version: HTTP/1.1)
HTTP/1.1 200 OK
Content-Type: application/json; charset=utf-8
cache-control: no-cache
content-length: 67

22:27:22.015 [AsyncHttpClient-1-7] DEBUG org.asynchttpclient.netty.channel.ChannelManager - Adding key: http://localhost:59566 for channel [id: 0xdf203efe, L:/127.0.0.1:62000 - R:localhost/127.0.0.1:59566]
22:27:22.019 [Forwarding getElementAttribute on session 4e093df63270b91dba3a9abdcabe5923 to remote] DEBUG org.asynchttpclient.netty.request.NettyRequestSender - Using pooled Channel '[id: 0xdf203efe, L:/127.0.0.1:62000 - R:localhost/127.0.0.1:59566]' for 'POST' to 'http://localhost:59566/session/4e093df63270b91dba3a9abdcabe5923/execute/sync'
22:27:22.019 [Forwarding getElementAttribute on session 4e093df63270b91dba3a9abdcabe5923 to remote] DEBUG org.asynchttpclient.netty.request.NettyRequestSender - Using open Channel [id: 0xdf203efe, L:/127.0.0.1:62000 - R:localhost/127.0.0.1:59566] for POST '/session/4e093df63270b91dba3a9abdcabe5923/execute/sync'
22:27:22.029 [AsyncHttpClient-1-7] DEBUG org.asynchttpclient.netty.handler.HttpHandler - 

Request DefaultHttpRequest(decodeResult: success, version: HTTP/1.1)
POST /session/4e093df63270b91dba3a9abdcabe5923/execute/sync HTTP/1.1
User-Agent: selenium/4.1.2 (java windows)
Content-Length: 47339
Content-Type: application/json; charset=utf-8
host: localhost:59566
accept: */*

Response DefaultHttpResponse(decodeResult: success, version: HTTP/1.1)
HTTP/1.1 200 OK
Content-Type: application/json; charset=utf-8
cache-control: no-cache
content-length: 72

22:27:22.029 [AsyncHttpClient-1-7] DEBUG org.asynchttpclient.netty.channel.ChannelManager - Adding key: http://localhost:59566 for channel [id: 0xdf203efe, L:/127.0.0.1:62000 - R:localhost/127.0.0.1:59566]
22:27:22.032 [Forwarding getElementAttribute on session 4e093df63270b91dba3a9abdcabe5923 to remote] DEBUG org.asynchttpclient.netty.request.NettyRequestSender - Using pooled Channel '[id: 0xdf203efe, L:/127.0.0.1:62000 - R:localhost/127.0.0.1:59566]' for 'POST' to 'http://localhost:59566/session/4e093df63270b91dba3a9abdcabe5923/execute/sync'
22:27:22.032 [Forwarding getElementAttribute on session 4e093df63270b91dba3a9abdcabe5923 to remote] DEBUG org.asynchttpclient.netty.request.NettyRequestSender - Using open Channel [id: 0xdf203efe, L:/127.0.0.1:62000 - R:localhost/127.0.0.1:59566] for POST '/session/4e093df63270b91dba3a9abdcabe5923/execute/sync'
22:27:22.042 [AsyncHttpClient-1-7] DEBUG org.asynchttpclient.netty.handler.HttpHandler - 

Request DefaultHttpRequest(decodeResult: success, version: HTTP/1.1)
POST /session/4e093df63270b91dba3a9abdcabe5923/execute/sync HTTP/1.1
User-Agent: selenium/4.1.2 (java windows)
Content-Length: 47339
Content-Type: application/json; charset=utf-8
host: localhost:59566
accept: */*

Response DefaultHttpResponse(decodeResult: success, version: HTTP/1.1)
HTTP/1.1 200 OK
Content-Type: application/json; charset=utf-8
cache-control: no-cache
content-length: 94

22:27:22.042 [AsyncHttpClient-1-7] DEBUG org.asynchttpclient.netty.channel.ChannelManager - Adding key: http://localhost:59566 for channel [id: 0xdf203efe, L:/127.0.0.1:62000 - R:localhost/127.0.0.1:59566]
22:27:22.045 [Forwarding getElementAttribute on session 4e093df63270b91dba3a9abdcabe5923 to remote] DEBUG org.asynchttpclient.netty.request.NettyRequestSender - Using pooled Channel '[id: 0xdf203efe, L:/127.0.0.1:62000 - R:localhost/127.0.0.1:59566]' for 'POST' to 'http://localhost:59566/session/4e093df63270b91dba3a9abdcabe5923/execute/sync'
22:27:22.045 [Forwarding getElementAttribute on session 4e093df63270b91dba3a9abdcabe5923 to remote] DEBUG org.asynchttpclient.netty.request.NettyRequestSender - Using open Channel [id: 0xdf203efe, L:/127.0.0.1:62000 - R:localhost/127.0.0.1:59566] for POST '/session/4e093df63270b91dba3a9abdcabe5923/execute/sync'
22:27:22.056 [AsyncHttpClient-1-7] DEBUG org.asynchttpclient.netty.handler.HttpHandler - 

Request DefaultHttpRequest(decodeResult: success, version: HTTP/1.1)
POST /session/4e093df63270b91dba3a9abdcabe5923/execute/sync HTTP/1.1
User-Agent: selenium/4.1.2 (java windows)
Content-Length: 47339
Content-Type: application/json; charset=utf-8
host: localhost:59566
accept: */*

Response DefaultHttpResponse(decodeResult: success, version: HTTP/1.1)
HTTP/1.1 200 OK
Content-Type: application/json; charset=utf-8
cache-control: no-cache
content-length: 85

22:27:22.056 [AsyncHttpClient-1-7] DEBUG org.asynchttpclient.netty.channel.ChannelManager - Adding key: http://localhost:59566 for channel [id: 0xdf203efe, L:/127.0.0.1:62000 - R:localhost/127.0.0.1:59566]
22:27:22.059 [Forwarding getElementAttribute on session 4e093df63270b91dba3a9abdcabe5923 to remote] DEBUG org.asynchttpclient.netty.request.NettyRequestSender - Using pooled Channel '[id: 0xdf203efe, L:/127.0.0.1:62000 - R:localhost/127.0.0.1:59566]' for 'POST' to 'http://localhost:59566/session/4e093df63270b91dba3a9abdcabe5923/execute/sync'
22:27:22.059 [Forwarding getElementAttribute on session 4e093df63270b91dba3a9abdcabe5923 to remote] DEBUG org.asynchttpclient.netty.request.NettyRequestSender - Using open Channel [id: 0xdf203efe, L:/127.0.0.1:62000 - R:localhost/127.0.0.1:59566] for POST '/session/4e093df63270b91dba3a9abdcabe5923/execute/sync'
22:27:22.069 [AsyncHttpClient-1-7] DEBUG org.asynchttpclient.netty.handler.HttpHandler - 

Request DefaultHttpRequest(decodeResult: success, version: HTTP/1.1)
POST /session/4e093df63270b91dba3a9abdcabe5923/execute/sync HTTP/1.1
User-Agent: selenium/4.1.2 (java windows)
Content-Length: 47339
Content-Type: application/json; charset=utf-8
host: localhost:59566
accept: */*

Response DefaultHttpResponse(decodeResult: success, version: HTTP/1.1)
HTTP/1.1 200 OK
Content-Type: application/json; charset=utf-8
cache-control: no-cache
content-length: 80

22:27:22.069 [AsyncHttpClient-1-7] DEBUG org.asynchttpclient.netty.channel.ChannelManager - Adding key: http://localhost:59566 for channel [id: 0xdf203efe, L:/127.0.0.1:62000 - R:localhost/127.0.0.1:59566]
22:27:22.074 [Forwarding getElementAttribute on session 4e093df63270b91dba3a9abdcabe5923 to remote] DEBUG org.asynchttpclient.netty.request.NettyRequestSender - Using pooled Channel '[id: 0xdf203efe, L:/127.0.0.1:62000 - R:localhost/127.0.0.1:59566]' for 'POST' to 'http://localhost:59566/session/4e093df63270b91dba3a9abdcabe5923/execute/sync'
22:27:22.074 [Forwarding getElementAttribute on session 4e093df63270b91dba3a9abdcabe5923 to remote] DEBUG org.asynchttpclient.netty.request.NettyRequestSender - Using open Channel [id: 0xdf203efe, L:/127.0.0.1:62000 - R:localhost/127.0.0.1:59566] for POST '/session/4e093df63270b91dba3a9abdcabe5923/execute/sync'
22:27:22.083 [AsyncHttpClient-1-7] DEBUG org.asynchttpclient.netty.handler.HttpHandler - 

Request DefaultHttpRequest(decodeResult: success, version: HTTP/1.1)
POST /session/4e093df63270b91dba3a9abdcabe5923/execute/sync HTTP/1.1
User-Agent: selenium/4.1.2 (java windows)
Content-Length: 47339
Content-Type: application/json; charset=utf-8
host: localhost:59566
accept: */*

Response DefaultHttpResponse(decodeResult: success, version: HTTP/1.1)
HTTP/1.1 200 OK
Content-Type: application/json; charset=utf-8
cache-control: no-cache
content-length: 93

22:27:22.084 [AsyncHttpClient-1-7] DEBUG org.asynchttpclient.netty.channel.ChannelManager - Adding key: http://localhost:59566 for channel [id: 0xdf203efe, L:/127.0.0.1:62000 - R:localhost/127.0.0.1:59566]
22:27:22.088 [Forwarding getElementAttribute on session 4e093df63270b91dba3a9abdcabe5923 to remote] DEBUG org.asynchttpclient.netty.request.NettyRequestSender - Using pooled Channel '[id: 0xdf203efe, L:/127.0.0.1:62000 - R:localhost/127.0.0.1:59566]' for 'POST' to 'http://localhost:59566/session/4e093df63270b91dba3a9abdcabe5923/execute/sync'
22:27:22.088 [Forwarding getElementAttribute on session 4e093df63270b91dba3a9abdcabe5923 to remote] DEBUG org.asynchttpclient.netty.request.NettyRequestSender - Using open Channel [id: 0xdf203efe, L:/127.0.0.1:62000 - R:localhost/127.0.0.1:59566] for POST '/session/4e093df63270b91dba3a9abdcabe5923/execute/sync'
22:27:22.098 [AsyncHttpClient-1-7] DEBUG org.asynchttpclient.netty.handler.HttpHandler - 

Request DefaultHttpRequest(decodeResult: success, version: HTTP/1.1)
POST /session/4e093df63270b91dba3a9abdcabe5923/execute/sync HTTP/1.1
User-Agent: selenium/4.1.2 (java windows)
Content-Length: 47339
Content-Type: application/json; charset=utf-8
host: localhost:59566
accept: */*

Response DefaultHttpResponse(decodeResult: success, version: HTTP/1.1)
HTTP/1.1 200 OK
Content-Type: application/json; charset=utf-8
cache-control: no-cache
content-length: 64

22:27:22.098 [AsyncHttpClient-1-7] DEBUG org.asynchttpclient.netty.channel.ChannelManager - Adding key: http://localhost:59566 for channel [id: 0xdf203efe, L:/127.0.0.1:62000 - R:localhost/127.0.0.1:59566]
22:27:22.101 [Forwarding getElementAttribute on session 4e093df63270b91dba3a9abdcabe5923 to remote] DEBUG org.asynchttpclient.netty.request.NettyRequestSender - Using pooled Channel '[id: 0xdf203efe, L:/127.0.0.1:62000 - R:localhost/127.0.0.1:59566]' for 'POST' to 'http://localhost:59566/session/4e093df63270b91dba3a9abdcabe5923/execute/sync'
22:27:22.101 [Forwarding getElementAttribute on session 4e093df63270b91dba3a9abdcabe5923 to remote] DEBUG org.asynchttpclient.netty.request.NettyRequestSender - Using open Channel [id: 0xdf203efe, L:/127.0.0.1:62000 - R:localhost/127.0.0.1:59566] for POST '/session/4e093df63270b91dba3a9abdcabe5923/execute/sync'
22:27:22.112 [AsyncHttpClient-1-7] DEBUG org.asynchttpclient.netty.handler.HttpHandler - 

Request DefaultHttpRequest(decodeResult: success, version: HTTP/1.1)
POST /session/4e093df63270b91dba3a9abdcabe5923/execute/sync HTTP/1.1
User-Agent: selenium/4.1.2 (java windows)
Content-Length: 47339
Content-Type: application/json; charset=utf-8
host: localhost:59566
accept: */*

Response DefaultHttpResponse(decodeResult: success, version: HTTP/1.1)
HTTP/1.1 200 OK
Content-Type: application/json; charset=utf-8
cache-control: no-cache
content-length: 99

22:27:22.112 [AsyncHttpClient-1-7] DEBUG org.asynchttpclient.netty.channel.ChannelManager - Adding key: http://localhost:59566 for channel [id: 0xdf203efe, L:/127.0.0.1:62000 - R:localhost/127.0.0.1:59566]
22:27:22.271 [main] DEBUG net.thucydides.core.steps.StepInterceptor - STARTING STEP: CampaignsStepDefinitions.userObtainsCampaignsList - {0} should see #description
22:27:22.281 [Forwarding screenshot on session 4e093df63270b91dba3a9abdcabe5923 to remote] DEBUG org.asynchttpclient.netty.request.NettyRequestSender - Using pooled Channel '[id: 0xdf203efe, L:/127.0.0.1:62000 - R:localhost/127.0.0.1:59566]' for 'GET' to 'http://localhost:59566/session/4e093df63270b91dba3a9abdcabe5923/screenshot'
22:27:22.281 [Forwarding screenshot on session 4e093df63270b91dba3a9abdcabe5923 to remote] DEBUG org.asynchttpclient.netty.request.NettyRequestSender - Using open Channel [id: 0xdf203efe, L:/127.0.0.1:62000 - R:localhost/127.0.0.1:59566] for GET '/session/4e093df63270b91dba3a9abdcabe5923/screenshot'
22:27:22.923 [AsyncHttpClient-1-7] DEBUG org.asynchttpclient.netty.handler.HttpHandler - 

Request DefaultFullHttpRequest(decodeResult: success, version: HTTP/1.1, content: EmptyByteBufBE)
GET /session/4e093df63270b91dba3a9abdcabe5923/screenshot HTTP/1.1
User-Agent: selenium/4.1.2 (java windows)
Cache-Control: no-cache
Content-Type: application/json; charset=utf-8
host: localhost:59566
accept: */*

Response DefaultHttpResponse(decodeResult: success, version: HTTP/1.1)
HTTP/1.1 200 OK
Content-Type: application/json; charset=utf-8
cache-control: no-cache
content-length: 1411520

22:27:22.923 [AsyncHttpClient-1-7] DEBUG org.asynchttpclient.netty.channel.ChannelManager - Adding key: http://localhost:59566 for channel [id: 0xdf203efe, L:/127.0.0.1:62000 - R:localhost/127.0.0.1:59566]
22:27:22.963 [main] DEBUG net.serenitybdd.core.photography.Darkroom - Send negative for processing for target\site\serenity\08694eaa35e9058140f92c31abdd900b39440d7e2cbe85a5a477404575e75fe4.png
22:27:22.963 [Darkroom Processing Line] DEBUG net.serenitybdd.core.photography.DarkroomProcessingLine - Processing screenshot image in /var/screenshots/screenshot-18411053227406940648
22:27:22.963 [Darkroom Processing Line] DEBUG net.serenitybdd.core.photography.DarkroomProcessingLine - Saving screenshot to target\site\serenity\08694eaa35e9058140f92c31abdd900b39440d7e2cbe85a5a477404575e75fe4.png
22:27:22.963 [main] DEBUG net.thucydides.core.steps.StepInterceptor - STEP DONE: {0} should see #description
22:27:22.963 [Forwarding getCurrentUrl on session 4e093df63270b91dba3a9abdcabe5923 to remote] DEBUG org.asynchttpclient.netty.request.NettyRequestSender - Using pooled Channel '[id: 0xdf203efe, L:/127.0.0.1:62000 - R:localhost/127.0.0.1:59566]' for 'GET' to 'http://localhost:59566/session/4e093df63270b91dba3a9abdcabe5923/url'
22:27:22.963 [Forwarding getCurrentUrl on session 4e093df63270b91dba3a9abdcabe5923 to remote] DEBUG org.asynchttpclient.netty.request.NettyRequestSender - Using open Channel [id: 0xdf203efe, L:/127.0.0.1:62000 - R:localhost/127.0.0.1:59566] for GET '/session/4e093df63270b91dba3a9abdcabe5923/url'
22:27:22.972 [AsyncHttpClient-1-7] DEBUG org.asynchttpclient.netty.handler.HttpHandler - 

Request DefaultFullHttpRequest(decodeResult: success, version: HTTP/1.1, content: EmptyByteBufBE)
GET /session/4e093df63270b91dba3a9abdcabe5923/url HTTP/1.1
User-Agent: selenium/4.1.2 (java windows)
Cache-Control: no-cache
Content-Type: application/json; charset=utf-8
host: localhost:59566
accept: */*

Response DefaultHttpResponse(decodeResult: success, version: HTTP/1.1)
HTTP/1.1 200 OK
Content-Type: application/json; charset=utf-8
cache-control: no-cache
content-length: 65

22:27:22.972 [AsyncHttpClient-1-7] DEBUG org.asynchttpclient.netty.channel.ChannelManager - Adding key: http://localhost:59566 for channel [id: 0xdf203efe, L:/127.0.0.1:62000 - R:localhost/127.0.0.1:59566]
22:27:22.972 [main] DEBUG net.thucydides.core.steps.StepInterceptor - STARTING STEP: CampaignsStepDefinitions.userObtainsCampaignsList - {0} should see #description
22:27:22.982 [AsyncHttpClient-1-1] DEBUG org.asynchttpclient.netty.channel.DefaultChannelPool - Entry count for : http://localhost:62001 : 1
22:27:22.982 [AsyncHttpClient-1-1] DEBUG org.asynchttpclient.netty.channel.DefaultChannelPool - Entry count for : http://localhost:59566 : 1
22:27:22.982 [main] DEBUG net.thucydides.core.steps.StepInterceptor - STEP DONE: {0} should see #description
22:27:22.982 [AsyncHttpClient-1-9] DEBUG org.asynchttpclient.netty.handler.WebSocketHandler - Channel Closed: [id: 0xc89ab99a, L:/127.0.0.1:62008 ! R:localhost/127.0.0.1:62001] with attribute NettyResponseFuture{currentRetry=5,
	isDone=1,
	isCancelled=0,
	asyncHandler=org.asynchttpclient.ws.WebSocketUpgradeHandler@70aa751,
	nettyRequest=org.asynchttpclient.netty.request.NettyRequest@2a9b449b,
	future=java.util.concurrent.CompletableFuture@124ac881[Completed normally],
	uri=ws://localhost:62001/devtools/browser/b665681b-6b7f-4898-a569-db69d0dd28ed,
	keepAlive=true,
	redirectCount=0,
	timeoutsHolder=null,
	inAuth=0,
	touch=1644089231346}
22:27:22.982 [AsyncHttpClient-1-9] DEBUG org.asynchttpclient.netty.channel.ChannelManager - Closing Channel [id: 0xc89ab99a, L:/127.0.0.1:62008 ! R:localhost/127.0.0.1:62001] 
22:27:22.982 [Driver Command Executor] DEBUG org.asynchttpclient.netty.request.NettyRequestSender - Using pooled Channel '[id: 0xdf203efe, L:/127.0.0.1:62000 - R:localhost/127.0.0.1:59566]' for 'DELETE' to 'http://localhost:59566/session/4e093df63270b91dba3a9abdcabe5923'
22:27:22.982 [Driver Command Executor] DEBUG org.asynchttpclient.netty.request.NettyRequestSender - Using open Channel [id: 0xdf203efe, L:/127.0.0.1:62000 - R:localhost/127.0.0.1:59566] for DELETE '/session/4e093df63270b91dba3a9abdcabe5923'
22:27:23.154 [AsyncHttpClient-1-8] DEBUG org.asynchttpclient.netty.handler.HttpHandler - Unexpected I/O exception on channel [id: 0x5499c8c5, L:/127.0.0.1:62007 - R:localhost/127.0.0.1:62001]
java.net.SocketException: Connection reset
	at java.base/sun.nio.ch.SocketChannelImpl.throwConnectionReset(SocketChannelImpl.java:394)
	at java.base/sun.nio.ch.SocketChannelImpl.read(SocketChannelImpl.java:426)
	at io.netty.buffer.PooledByteBuf.setBytes(PooledByteBuf.java:258)
	at io.netty.buffer.AbstractByteBuf.writeBytes(AbstractByteBuf.java:1132)
	at io.netty.channel.socket.nio.NioSocketChannel.doReadBytes(NioSocketChannel.java:350)
	at io.netty.channel.nio.AbstractNioByteChannel$NioByteUnsafe.read(AbstractNioByteChannel.java:151)
	at io.netty.channel.nio.NioEventLoop.processSelectedKey(NioEventLoop.java:722)
	at io.netty.channel.nio.NioEventLoop.processSelectedKeysOptimized(NioEventLoop.java:658)
	at io.netty.channel.nio.NioEventLoop.processSelectedKeys(NioEventLoop.java:584)
	at io.netty.channel.nio.NioEventLoop.run(NioEventLoop.java:496)
	at io.netty.util.concurrent.SingleThreadEventExecutor$4.run(SingleThreadEventExecutor.java:986)
	at io.netty.util.internal.ThreadExecutorMap$2.run(ThreadExecutorMap.java:74)
	at io.netty.util.concurrent.FastThreadLocalRunnable.run(FastThreadLocalRunnable.java:30)
	at java.base/java.lang.Thread.run(Thread.java:833)
22:27:23.154 [AsyncHttpClient-1-8] DEBUG org.asynchttpclient.netty.channel.ChannelManager - Closing Channel [id: 0x5499c8c5, L:/127.0.0.1:62007 - R:localhost/127.0.0.1:62001] 
22:27:23.154 [AsyncHttpClient-1-8] DEBUG org.asynchttpclient.netty.handler.HttpHandler - Channel Closed: [id: 0x5499c8c5, L:/127.0.0.1:62007 ! R:localhost/127.0.0.1:62001] with attribute DISCARD
22:27:23.182 [AsyncHttpClient-1-7] DEBUG org.asynchttpclient.netty.handler.HttpHandler - 

Request DefaultFullHttpRequest(decodeResult: success, version: HTTP/1.1, content: EmptyByteBufBE)
DELETE /session/4e093df63270b91dba3a9abdcabe5923 HTTP/1.1
User-Agent: selenium/4.1.2 (java windows)
Content-Type: application/json; charset=utf-8
host: localhost:59566
accept: */*

Response DefaultHttpResponse(decodeResult: success, version: HTTP/1.1)
HTTP/1.1 200 OK
Content-Type: application/json; charset=utf-8
cache-control: no-cache
content-length: 14

22:27:23.182 [AsyncHttpClient-1-7] DEBUG org.asynchttpclient.netty.channel.ChannelManager - Adding key: http://localhost:59566 for channel [id: 0xdf203efe, L:/127.0.0.1:62000 - R:localhost/127.0.0.1:59566]
22:27:23.282 [AsyncHttpClient-1-7] DEBUG org.asynchttpclient.netty.handler.HttpHandler - Channel Closed: [id: 0xdf203efe, L:/127.0.0.1:62000 ! R:localhost/127.0.0.1:59566] with attribute DISCARD
  &amp#27;[32mThen &amp#27;[0m&amp#27;[32muser sees the &amp#27;[0m&amp#27;[32m&amp#27;[1m"kitap-muzik-film-oyun"&amp#27;[0m&amp#27;[32m campaigns list&amp#27;[0m                 &amp#27;[90m# stepdefinitions.CampaignsStepDefinitions.userObtainsCampaignsList(java.lang.String)&amp#27;[0m
]]></system-out>
    <system-err><![CDATA[Starting ChromeDriver 97.0.4692.71 (adefa7837d02a07a604c1e6eff0b3a09422ab88d-refs/branch-heads/4692@{#1247}) on port 59566
Only local connections are allowed.
Please see https://chromedriver.chromium.org/security-considerations for suggestions on keeping ChromeDriver safe.
ChromeDriver was started successfully.
Feb 05, 2022 10:27:11 PM org.openqa.selenium.remote.ProtocolHandshake createSession
INFO: Detected dialect: W3C
Feb 05, 2022 10:27:11 PM org.openqa.selenium.devtools.CdpVersionFinder findNearestMatch
INFO: Found exact CDP implementation for version 97
]]></system-err>
  </testcase>
  <testcase name="User clicks on category and obtains the list of campaigns #9" classname="List all campaigns" time="10.64">
    <system-out><![CDATA[
Scenario Outline: User clicks on category and obtains the list of campaigns &amp#27;[90m# src/test/resources/features/campaigns.feature:16&amp#27;[0m
22:27:23.372 [main] INFO io.cucumber.core.plugin.SerenityReporter - Running feature from file:///C:/Users/yasemin/Desktop/n11-bootcamp/n11TestAutomationCase1/src/test/resources/features/campaigns.feature
22:27:23.380 [main] DEBUG net.thucydides.core.steps.StepInterceptor - STARTING STEP: CampaignsStepDefinitions.userOpensThePage - !#title
22:27:23.390 [main] DEBUG net.thucydides.core.steps.StepInterceptor - STARTING STEP: CampaignsStepDefinitions.userOpensThePage - {0} opens the #targetPageName
22:27:23.390 [main] INFO net.serenitybdd.core.webdriver.driverproviders.ChromeDriverProvider - Using automatically driver download
22:27:23.540 [main] DEBUG io.github.bonigarcia.wdm.cache.ResolutionCache - Resolution chrome=97 in cache (valid until 22:28:40 05/02/2022 TRT)
22:27:23.540 [main] DEBUG io.github.bonigarcia.wdm.cache.ResolutionCache - Resolution chrome97=97.0.4692.71 in cache (valid until 00:08:14 06/02/2022 TRT)
22:27:23.540 [main] INFO io.github.bonigarcia.wdm.WebDriverManager - Using chromedriver 97.0.4692.71 (resolved driver for Chrome 97)
22:27:23.540 [main] DEBUG io.github.bonigarcia.wdm.WebDriverManager - Driver chromedriver 97.0.4692.71 found in cache
22:27:23.540 [main] INFO io.github.bonigarcia.wdm.WebDriverManager - Exporting webdriver.chrome.driver as C:\Users\yasemin\.cache\selenium\chromedriver\win32\97.0.4692.71\chromedriver.exe
22:27:24.080 [AsyncHttpClient-1-1] DEBUG org.asynchttpclient.netty.channel.DefaultChannelPool - Entry count for : http://localhost:62001 : 1
22:27:24.080 [AsyncHttpClient-1-1] DEBUG org.asynchttpclient.netty.channel.DefaultChannelPool - Entry count for : http://localhost:59566 : 1
22:27:24.080 [AsyncHttpClient-1-1] DEBUG org.asynchttpclient.netty.channel.DefaultChannelPool - Adding Candidate expired Channel [id: 0x5499c8c5, L:/127.0.0.1:62007 ! R:localhost/127.0.0.1:62001] isIdleTimeoutExpired=false isRemotelyClosed=true isTtlExpired=false
22:27:24.080 [AsyncHttpClient-1-1] DEBUG org.asynchttpclient.netty.channel.DefaultChannelPool - Closing Idle Channel [id: 0x5499c8c5, L:/127.0.0.1:62007 ! R:localhost/127.0.0.1:62001]
22:27:24.080 [AsyncHttpClient-1-1] DEBUG org.asynchttpclient.netty.channel.DefaultChannelPool - Adding Candidate expired Channel [id: 0xdf203efe, L:/127.0.0.1:62000 ! R:localhost/127.0.0.1:59566] isIdleTimeoutExpired=false isRemotelyClosed=true isTtlExpired=false
22:27:24.080 [AsyncHttpClient-1-1] DEBUG org.asynchttpclient.netty.channel.DefaultChannelPool - Closing Idle Channel [id: 0xdf203efe, L:/127.0.0.1:62000 ! R:localhost/127.0.0.1:59566]
22:27:24.080 [AsyncHttpClient-1-1] DEBUG org.asynchttpclient.netty.channel.DefaultChannelPool - Closed 2 connections out of 2 in 0 ms
22:27:24.820 [main] DEBUG net.thucydides.core.reflection.ClassFinder - Could not load class .pages.CampaignPage
22:27:24.820 [main] DEBUG net.thucydides.core.reflection.ClassFinder - Could not load class .pages.N11CampaignsMainPage
22:27:24.820 [main] DEBUG net.thucydides.core.reflection.ClassFinder - Could not load class .questions.CheckDriver
22:27:24.820 [main] DEBUG net.thucydides.core.reflection.ClassFinder - Could not load class .runners.CucumberRunner
22:27:24.820 [main] DEBUG net.thucydides.core.reflection.ClassFinder - Could not load class .stepdefinitions.CampaignsStepDefinitions
22:27:24.820 [main] DEBUG net.thucydides.core.reflection.ClassFinder - Could not load class .tasks.CheckNumOfCampaigns
22:27:24.820 [main] DEBUG net.thucydides.core.reflection.ClassFinder - Could not load class .tasks.ClickCategory
22:27:24.820 [main] DEBUG net.thucydides.core.reflection.ClassFinder - Could not load class .tasks.NavigateTo
22:27:24.820 [main] DEBUG net.thucydides.core.reflection.ClassFinder - Could not load class .tasks.WriteURLsExcel
22:27:24.820 [main] DEBUG net.thucydides.core.reflection.ClassFinder - Could not load class META-INF.versions.9.com.sun.istack.logging.StackHelper
22:27:24.820 [main] DEBUG net.thucydides.core.reflection.ClassFinder - Could not load class META-INF.versions.9.com.sun.xml.bind.v2.runtime.reflect.opt.AccessorInjector
22:27:24.820 [main] DEBUG net.thucydides.core.reflection.ClassFinder - Could not load class META-INF.versions.9.com.sun.xml.bind.v2.runtime.reflect.opt.Injector
22:27:24.820 [main] DEBUG net.thucydides.core.reflection.ClassFinder - Could not load class META-INF.versions.9.com.sun.xml.bind.v2.runtime.reflect.opt.OptimizedAccessorFactory
22:27:24.820 [main] DEBUG net.thucydides.core.reflection.ClassFinder - Could not load class META-INF.versions.9.com.sun.xml.bind.v2.runtime.reflect.opt.OptimizedTransducedAccessorFactory
22:27:24.820 [main] DEBUG net.thucydides.core.reflection.ClassFinder - Could not load class META-INF.versions.9.io.opentelemetry.sdk.internal.CurrentJavaVersionSpecific
22:27:24.820 [main] DEBUG net.thucydides.core.reflection.ClassFinder - Could not load class META-INF.versions.9.io.opentelemetry.sdk.internal.Java9VersionSpecific
22:27:24.820 [main] DEBUG net.thucydides.core.reflection.ClassFinder - Could not load class META-INF.versions.9.javax.xml.bind.ModuleUtil
22:27:24.820 [main] DEBUG net.thucydides.core.reflection.ClassFinder - Could not load class META-INF.versions.9.module-info
22:27:24.820 [main] DEBUG net.thucydides.core.reflection.ClassFinder - Could not load class META-INF.versions.9.org.apache.logging.log4j.util.Base64Util
22:27:24.820 [main] DEBUG net.thucydides.core.reflection.ClassFinder - Could not load class META-INF.versions.9.org.apache.logging.log4j.util.ProcessIdUtil
22:27:24.820 [main] DEBUG net.thucydides.core.reflection.ClassFinder - Could not load class META-INF.versions.9.org.apache.logging.log4j.util.StackLocator
22:27:24.830 [main] DEBUG net.thucydides.core.reflection.ClassFinder - Could not load class META-INF.versions.9.org.apache.logging.log4j.util.internal.DefaultObjectInputFilter
22:27:24.830 [main] DEBUG net.thucydides.core.reflection.ClassFinder - Could not load class META-INF.versions.9.org.apache.xmlbeans.impl.tool.MavenPluginResolver
22:27:24.830 [main] DEBUG net.thucydides.core.reflection.ClassFinder - Could not load class META-INF.versions.9.org.junit.platform.commons.util.ModuleUtils
22:27:24.830 [main] DEBUG net.thucydides.core.reflection.ClassFinder - Could not load class com.microsoft.schemas.office.office.STOLEUpdateMode
22:27:24.830 [main] DEBUG net.thucydides.core.reflection.ClassFinder - Could not load class com.microsoft.schemas.office.office.STScreenSize
22:27:24.830 [main] DEBUG net.thucydides.core.reflection.ClassFinder - Could not load class com.microsoft.schemas.office.visio.x2012.main.SheetType
22:27:24.830 [main] DEBUG net.thucydides.core.reflection.ClassFinder - Could not load class com.microsoft.schemas.office.word.STHorizontalAnchor
22:27:24.830 [main] DEBUG net.thucydides.core.reflection.ClassFinder - Could not load class com.microsoft.schemas.office.word.STVerticalAnchor
22:27:24.830 [main] DEBUG net.thucydides.core.reflection.ClassFinder - Could not load class com.microsoft.schemas.office.word.STWrapSide
22:27:24.830 [main] DEBUG net.thucydides.core.reflection.ClassFinder - Could not load class com.microsoft.schemas.vml.STImageAspect
22:27:24.830 [main] DEBUG net.thucydides.core.reflection.ClassFinder - Could not load class com.microsoft.schemas.vml.STStrokeArrowLength
22:27:24.830 [main] DEBUG net.thucydides.core.reflection.ClassFinder - Could not load class com.microsoft.schemas.vml.STStrokeArrowWidth
22:27:24.830 [main] DEBUG net.thucydides.core.reflection.ClassFinder - Could not load class com.microsoft.schemas.vml.STStrokeEndCap
22:27:24.830 [main] DEBUG net.thucydides.core.reflection.ClassFinder - Could not load class com.microsoft.schemas.vml.STStrokeLineStyle
22:27:24.830 [main] DEBUG net.thucydides.core.reflection.ClassFinder - Could not load class com.sun.xml.bind.v2.runtime.output.FastInfosetStreamWriterOutput
22:27:24.830 [main] DEBUG net.thucydides.core.reflection.ClassFinder - Could not load class module-info
22:27:24.840 [main] DEBUG net.thucydides.core.reflection.ClassFinder - Could not load class org.apache.logging.log4j.util.Activator
22:27:24.840 [main] DEBUG net.thucydides.core.reflection.ClassFinder - Could not load class org.apache.poi.xslf.draw.SVGImageRenderer
22:27:24.840 [main] DEBUG net.thucydides.core.reflection.ClassFinder - Could not load class org.apache.poi.xslf.draw.SVGPOIGraphics2D
22:27:24.840 [main] DEBUG net.thucydides.core.reflection.ClassFinder - Could not load class org.apache.poi.xslf.draw.SVGRenderExtension
22:27:24.840 [main] DEBUG net.thucydides.core.reflection.ClassFinder - Could not load class org.apache.poi.xslf.draw.SVGUserAgent
22:27:24.840 [main] DEBUG net.thucydides.core.reflection.ClassFinder - Could not load class org.apache.poi.xslf.util.SVGFormat
22:27:24.840 [main] DEBUG net.thucydides.core.reflection.ClassFinder - Could not load class org.apache.xmlbeans.impl.schema.TypeSystemHolder
22:27:24.850 [main] DEBUG net.thucydides.core.reflection.ClassFinder - Could not load class org.apache.xmlbeans.impl.tool.MavenPlugin
22:27:24.850 [main] DEBUG net.thucydides.core.reflection.ClassFinder - Could not load class org.apache.xmlbeans.impl.tool.MavenPluginHelp
22:27:24.850 [main] DEBUG net.thucydides.core.reflection.ClassFinder - Could not load class org.apache.xmlbeans.impl.tool.XMLBean
22:27:24.850 [main] DEBUG net.thucydides.core.reflection.ClassFinder - Could not load class org.apache.xmlbeans.impl.xpath.saxon.SaxonXPath
22:27:24.850 [main] DEBUG net.thucydides.core.reflection.ClassFinder - Could not load class org.apache.xmlbeans.impl.xpath.saxon.SaxonXQuery
22:27:24.860 [main] DEBUG net.thucydides.core.reflection.ClassFinder - Could not load class org.etsi.uri.x01903.v13.GenericTimeStampType
22:27:24.860 [main] DEBUG net.thucydides.core.reflection.ClassFinder - Could not load class org.etsi.uri.x01903.v13.QualifierType
22:27:24.860 [main] DEBUG net.thucydides.core.reflection.ClassFinder - Could not load class org.openxmlformats.schemas.drawingml.x2006.chart.CTSerAx
22:27:24.860 [main] DEBUG net.thucydides.core.reflection.ClassFinder - Could not load class org.openxmlformats.schemas.drawingml.x2006.chart.STDepthPercentUShort
22:27:24.860 [main] DEBUG net.thucydides.core.reflection.ClassFinder - Could not load class org.openxmlformats.schemas.drawingml.x2006.chart.STDepthPercentWithSymbol
22:27:24.860 [main] DEBUG net.thucydides.core.reflection.ClassFinder - Could not load class org.openxmlformats.schemas.drawingml.x2006.chart.STHPercentUShort
22:27:24.860 [main] DEBUG net.thucydides.core.reflection.ClassFinder - Could not load class org.openxmlformats.schemas.drawingml.x2006.chart.STHPercentWithSymbol
22:27:24.860 [main] DEBUG net.thucydides.core.reflection.ClassFinder - Could not load class org.openxmlformats.schemas.drawingml.x2006.chart.STHoleSizePercent
22:27:24.860 [main] DEBUG net.thucydides.core.reflection.ClassFinder - Could not load class org.openxmlformats.schemas.drawingml.x2006.chart.STHoleSizeUByte
22:27:24.860 [main] DEBUG net.thucydides.core.reflection.ClassFinder - Could not load class org.openxmlformats.schemas.drawingml.x2006.chart.STOverlapByte
22:27:24.860 [main] DEBUG net.thucydides.core.reflection.ClassFinder - Could not load class org.openxmlformats.schemas.drawingml.x2006.chart.STOverlapPercent
22:27:24.860 [main] DEBUG net.thucydides.core.reflection.ClassFinder - Could not load class org.openxmlformats.schemas.drawingml.x2006.chart.STPageSetupOrientation
22:27:24.860 [main] DEBUG net.thucydides.core.reflection.ClassFinder - Could not load class org.openxmlformats.schemas.drawingml.x2006.main.CTGroupFillProperties
22:27:24.860 [main] DEBUG net.thucydides.core.reflection.ClassFinder - Could not load class org.openxmlformats.schemas.drawingml.x2006.main.CTPath2DQuadBezierTo
22:27:24.870 [main] DEBUG net.thucydides.core.reflection.ClassFinder - Could not load class org.openxmlformats.schemas.drawingml.x2006.main.STEffectContainerType
22:27:24.870 [main] DEBUG net.thucydides.core.reflection.ClassFinder - Could not load class org.openxmlformats.schemas.drawingml.x2006.main.STPresetMaterialType
22:27:24.870 [main] DEBUG net.thucydides.core.reflection.ClassFinder - Could not load class org.openxmlformats.schemas.drawingml.x2006.wordprocessingDrawing.STAlignH
22:27:24.870 [main] DEBUG net.thucydides.core.reflection.ClassFinder - Could not load class org.openxmlformats.schemas.drawingml.x2006.wordprocessingDrawing.STAlignV
22:27:24.870 [main] DEBUG net.thucydides.core.reflection.ClassFinder - Could not load class org.openxmlformats.schemas.officeDocument.x2006.docPropsVTypes.STVectorBaseType
22:27:24.870 [main] DEBUG net.thucydides.core.reflection.ClassFinder - Could not load class org.openxmlformats.schemas.officeDocument.x2006.sharedTypes.STConformanceClass
22:27:24.870 [main] DEBUG net.thucydides.core.reflection.ClassFinder - Could not load class org.openxmlformats.schemas.presentationml.x2006.main.STDirection
22:27:24.870 [main] DEBUG net.thucydides.core.reflection.ClassFinder - Could not load class org.openxmlformats.schemas.presentationml.x2006.main.STTLTimeNodeMasterRelation
22:27:24.870 [main] DEBUG net.thucydides.core.reflection.ClassFinder - Could not load class org.openxmlformats.schemas.presentationml.x2006.main.STTLTimeNodePresetClassType
22:27:24.870 [main] DEBUG net.thucydides.core.reflection.ClassFinder - Could not load class org.openxmlformats.schemas.presentationml.x2006.main.STTLTimeNodeSyncType
22:27:24.870 [main] DEBUG net.thucydides.core.reflection.ClassFinder - Could not load class org.openxmlformats.schemas.presentationml.x2006.main.STTLTriggerEvent
22:27:24.870 [main] DEBUG net.thucydides.core.reflection.ClassFinder - Could not load class org.openxmlformats.schemas.spreadsheetml.x2006.main.STComments
22:27:24.870 [main] DEBUG net.thucydides.core.reflection.ClassFinder - Could not load class org.openxmlformats.schemas.spreadsheetml.x2006.main.STDataValidationImeMode
22:27:24.870 [main] DEBUG net.thucydides.core.reflection.ClassFinder - Could not load class org.openxmlformats.schemas.spreadsheetml.x2006.main.STFieldSortType
22:27:24.870 [main] DEBUG net.thucydides.core.reflection.ClassFinder - Could not load class org.openxmlformats.schemas.spreadsheetml.x2006.main.STOleUpdate
22:27:24.870 [main] DEBUG net.thucydides.core.reflection.ClassFinder - Could not load class org.openxmlformats.schemas.spreadsheetml.x2006.main.STPhoneticAlignment
22:27:24.870 [main] DEBUG net.thucydides.core.reflection.ClassFinder - Could not load class org.openxmlformats.schemas.spreadsheetml.x2006.main.STShowDataAs
22:27:24.870 [main] DEBUG net.thucydides.core.reflection.ClassFinder - Could not load class org.openxmlformats.schemas.spreadsheetml.x2006.main.STSortBy
22:27:24.870 [main] DEBUG net.thucydides.core.reflection.ClassFinder - Could not load class org.openxmlformats.schemas.spreadsheetml.x2006.main.STSortMethod
22:27:24.870 [main] DEBUG net.thucydides.core.reflection.ClassFinder - Could not load class org.openxmlformats.schemas.spreadsheetml.x2006.main.STTableType
22:27:24.870 [main] DEBUG net.thucydides.core.reflection.ClassFinder - Could not load class org.openxmlformats.schemas.spreadsheetml.x2006.main.STTargetScreenSize
22:27:24.870 [main] DEBUG net.thucydides.core.reflection.ClassFinder - Could not load class org.openxmlformats.schemas.spreadsheetml.x2006.main.STTotalsRowFunction
22:27:24.870 [main] DEBUG net.thucydides.core.reflection.ClassFinder - Could not load class org.openxmlformats.schemas.wordprocessingml.x2006.main.CTBookmarkRange
22:27:24.870 [main] DEBUG net.thucydides.core.reflection.ClassFinder - Could not load class org.openxmlformats.schemas.wordprocessingml.x2006.main.CTDocumentBase
22:27:24.870 [main] DEBUG net.thucydides.core.reflection.ClassFinder - Could not load class org.openxmlformats.schemas.wordprocessingml.x2006.main.CTPPrBase
22:27:24.880 [main] DEBUG net.thucydides.core.reflection.ClassFinder - Could not load class org.openxmlformats.schemas.wordprocessingml.x2006.main.CTTblGridBase
22:27:24.880 [main] DEBUG net.thucydides.core.reflection.ClassFinder - Could not load class org.openxmlformats.schemas.wordprocessingml.x2006.main.CTTblPrBase
22:27:24.880 [main] DEBUG net.thucydides.core.reflection.ClassFinder - Could not load class org.openxmlformats.schemas.wordprocessingml.x2006.main.CTTblPrExBase
22:27:24.880 [main] DEBUG net.thucydides.core.reflection.ClassFinder - Could not load class org.openxmlformats.schemas.wordprocessingml.x2006.main.CTTcPrBase
22:27:24.880 [main] DEBUG net.thucydides.core.reflection.ClassFinder - Could not load class org.openxmlformats.schemas.wordprocessingml.x2006.main.CTTcPrInner
22:27:24.880 [main] DEBUG net.thucydides.core.reflection.ClassFinder - Could not load class org.openxmlformats.schemas.wordprocessingml.x2006.main.CTTrPrBase
22:27:24.880 [main] DEBUG net.thucydides.core.reflection.ClassFinder - Could not load class org.openxmlformats.schemas.wordprocessingml.x2006.main.STChapterSep
22:27:24.881 [main] DEBUG net.thucydides.core.reflection.ClassFinder - Could not load class org.openxmlformats.schemas.wordprocessingml.x2006.main.STDropCap
22:27:24.881 [main] DEBUG net.thucydides.core.reflection.ClassFinder - Could not load class org.openxmlformats.schemas.wordprocessingml.x2006.main.STPTabAlignment
22:27:24.881 [main] DEBUG net.thucydides.core.reflection.ClassFinder - Could not load class org.openxmlformats.schemas.wordprocessingml.x2006.main.STPTabLeader
22:27:24.881 [main] DEBUG net.thucydides.core.reflection.ClassFinder - Could not load class org.openxmlformats.schemas.wordprocessingml.x2006.main.STPTabRelativeTo
22:27:24.881 [main] DEBUG net.thucydides.core.reflection.ClassFinder - Could not load class org.openxmlformats.schemas.wordprocessingml.x2006.main.STPageBorderZOrder
22:27:24.881 [main] DEBUG net.thucydides.core.reflection.ClassFinder - Could not load class org.openxmlformats.schemas.wordprocessingml.x2006.main.STZoom
22:27:25.030 [main] DEBUG net.serenitybdd.core.webdriver.driverproviders.ProvideNewDriver - Instantiating driver
22:27:25.030 [main] DEBUG net.serenitybdd.core.webdriver.driverproviders.ProvideNewDriver - Driver capabilities: Capabilities {acceptInsecureCerts: false, browserName: chrome, goog:chromeOptions: {args: [--start-maximized, --test-type, --no-sandbox, --ignore-certificate-errors, \r\n                       ..., --disable-default-apps, --disable-extensions-file-a..., \r\n                       ..., --disable-infobars,--disabl...], extensions: []}}
22:27:25.234 [AsyncHttpClient-1-2] DEBUG org.asynchttpclient.netty.channel.NettyConnectListener - Using new Channel '[id: 0x8bcb7f26, L:/127.0.0.1:62084 - R:localhost/127.0.0.1:50914]' for 'POST' to '/session'
22:27:26.481 [AsyncHttpClient-1-2] DEBUG org.asynchttpclient.netty.handler.HttpHandler - 

Request DefaultHttpRequest(decodeResult: success, version: HTTP/1.1)
POST /session HTTP/1.1
User-Agent: selenium/4.1.2 (java windows)
Content-Length: 1191
Content-Type: application/json; charset=utf-8
host: localhost:50914
accept: */*

Response DefaultHttpResponse(decodeResult: success, version: HTTP/1.1)
HTTP/1.1 200 OK
Content-Type: application/json; charset=utf-8
cache-control: no-cache
content-length: 789

22:27:26.481 [AsyncHttpClient-1-2] DEBUG org.asynchttpclient.netty.channel.ChannelManager - Adding key: http://localhost:50914 for channel [id: 0x8bcb7f26, L:/127.0.0.1:62084 - R:localhost/127.0.0.1:50914]
22:27:26.489 [AsyncHttpClient-1-3] DEBUG org.asynchttpclient.netty.channel.NettyConnectListener - Using new Channel '[id: 0x499be35b, L:/127.0.0.1:62091 - R:localhost/127.0.0.1:62085]' for 'GET' to '/json/version'
22:27:26.490 [AsyncHttpClient-1-3] DEBUG org.asynchttpclient.netty.handler.HttpHandler - 

Request DefaultFullHttpRequest(decodeResult: success, version: HTTP/1.1, content: EmptyByteBufBE)
GET /json/version HTTP/1.1
User-Agent: selenium/4.1.2 (java windows)
host: localhost:62085
accept: */*

Response DefaultHttpResponse(decodeResult: success, version: HTTP/1.1)
HTTP/1.1 200 OK
Content-Type: application/json; charset=UTF-8
content-length: 424

22:27:26.490 [AsyncHttpClient-1-3] DEBUG org.asynchttpclient.netty.channel.ChannelManager - Adding key: http://localhost:62085 for channel [id: 0x499be35b, L:/127.0.0.1:62091 - R:localhost/127.0.0.1:62085]
22:27:26.492 [AsyncHttpClient-1-4] DEBUG org.asynchttpclient.netty.channel.NettyConnectListener - Using new Channel '[id: 0x0a74f7bf, L:/127.0.0.1:62092 - R:localhost/127.0.0.1:62085]' for 'GET' to '/devtools/browser/43ba6467-70d2-425a-89e4-3dba2106f722'
22:27:26.493 [AsyncHttpClient-1-4] DEBUG org.asynchttpclient.netty.handler.WebSocketHandler - 

Request DefaultFullHttpRequest(decodeResult: success, version: HTTP/1.1, content: EmptyByteBufBE)
GET /devtools/browser/43ba6467-70d2-425a-89e4-3dba2106f722 HTTP/1.1
upgrade: websocket
connection: upgrade
sec-websocket-key: m5zYUEhQ8fJerRWIoWVDWw==
sec-websocket-version: 13
origin: http://localhost:62085
host: localhost:62085
accept: */*
user-agent: AHC/2.1

Response DefaultHttpResponse(decodeResult: success, version: HTTP/1.1)
HTTP/1.1 101 WebSocket Protocol Handshake
Upgrade: WebSocket
Connection: Upgrade
Sec-WebSocket-Accept: +rToGDWhXI2GpJJkPNjUw/HjZWc=

22:27:26.497 [Forwarding maximizeCurrentWindow on session 7cfb0d43e3374d96128ceb0a49ccf95c to remote] DEBUG org.asynchttpclient.netty.request.NettyRequestSender - Using pooled Channel '[id: 0x8bcb7f26, L:/127.0.0.1:62084 - R:localhost/127.0.0.1:50914]' for 'POST' to 'http://localhost:50914/session/7cfb0d43e3374d96128ceb0a49ccf95c/window/maximize'
22:27:26.497 [Forwarding maximizeCurrentWindow on session 7cfb0d43e3374d96128ceb0a49ccf95c to remote] DEBUG org.asynchttpclient.netty.request.NettyRequestSender - Using open Channel [id: 0x8bcb7f26, L:/127.0.0.1:62084 - R:localhost/127.0.0.1:50914] for POST '/session/7cfb0d43e3374d96128ceb0a49ccf95c/window/maximize'
22:27:26.505 [AsyncHttpClient-1-2] DEBUG org.asynchttpclient.netty.handler.HttpHandler - 

Request DefaultHttpRequest(decodeResult: success, version: HTTP/1.1)
POST /session/7cfb0d43e3374d96128ceb0a49ccf95c/window/maximize HTTP/1.1
User-Agent: selenium/4.1.2 (java windows)
Content-Length: 3
Content-Type: application/json; charset=utf-8
host: localhost:50914
accept: */*

Response DefaultHttpResponse(decodeResult: success, version: HTTP/1.1)
HTTP/1.1 200 OK
Content-Type: application/json; charset=utf-8
cache-control: no-cache
content-length: 51

22:27:26.505 [AsyncHttpClient-1-2] DEBUG org.asynchttpclient.netty.channel.ChannelManager - Adding key: http://localhost:50914 for channel [id: 0x8bcb7f26, L:/127.0.0.1:62084 - R:localhost/127.0.0.1:50914]
22:27:27.382 [AsyncHttpClient-1-1] DEBUG org.asynchttpclient.netty.channel.DefaultChannelPool - Entry count for : http://localhost:62085 : 1
22:27:27.382 [AsyncHttpClient-1-1] DEBUG org.asynchttpclient.netty.channel.DefaultChannelPool - Entry count for : http://localhost:50914 : 1
22:27:27.790 [main] DEBUG net.thucydides.core.reflection.ClassFinder - Could not load class .pages.CampaignPage
22:27:27.790 [main] DEBUG net.thucydides.core.reflection.ClassFinder - Could not load class .pages.N11CampaignsMainPage
22:27:27.790 [main] DEBUG net.thucydides.core.reflection.ClassFinder - Could not load class .questions.CheckDriver
22:27:27.790 [main] DEBUG net.thucydides.core.reflection.ClassFinder - Could not load class .runners.CucumberRunner
22:27:27.790 [main] DEBUG net.thucydides.core.reflection.ClassFinder - Could not load class .stepdefinitions.CampaignsStepDefinitions
22:27:27.790 [main] DEBUG net.thucydides.core.reflection.ClassFinder - Could not load class .tasks.CheckNumOfCampaigns
22:27:27.790 [main] DEBUG net.thucydides.core.reflection.ClassFinder - Could not load class .tasks.ClickCategory
22:27:27.790 [main] DEBUG net.thucydides.core.reflection.ClassFinder - Could not load class .tasks.NavigateTo
22:27:27.790 [main] DEBUG net.thucydides.core.reflection.ClassFinder - Could not load class .tasks.WriteURLsExcel
22:27:27.790 [main] DEBUG net.thucydides.core.reflection.ClassFinder - Could not load class META-INF.versions.9.com.sun.istack.logging.StackHelper
22:27:27.790 [main] DEBUG net.thucydides.core.reflection.ClassFinder - Could not load class META-INF.versions.9.com.sun.xml.bind.v2.runtime.reflect.opt.AccessorInjector
22:27:27.790 [main] DEBUG net.thucydides.core.reflection.ClassFinder - Could not load class META-INF.versions.9.com.sun.xml.bind.v2.runtime.reflect.opt.Injector
22:27:27.790 [main] DEBUG net.thucydides.core.reflection.ClassFinder - Could not load class META-INF.versions.9.com.sun.xml.bind.v2.runtime.reflect.opt.OptimizedAccessorFactory
22:27:27.790 [main] DEBUG net.thucydides.core.reflection.ClassFinder - Could not load class META-INF.versions.9.com.sun.xml.bind.v2.runtime.reflect.opt.OptimizedTransducedAccessorFactory
22:27:27.790 [main] DEBUG net.thucydides.core.reflection.ClassFinder - Could not load class META-INF.versions.9.io.opentelemetry.sdk.internal.CurrentJavaVersionSpecific
22:27:27.800 [main] DEBUG net.thucydides.core.reflection.ClassFinder - Could not load class META-INF.versions.9.io.opentelemetry.sdk.internal.Java9VersionSpecific
22:27:27.800 [main] DEBUG net.thucydides.core.reflection.ClassFinder - Could not load class META-INF.versions.9.javax.xml.bind.ModuleUtil
22:27:27.800 [main] DEBUG net.thucydides.core.reflection.ClassFinder - Could not load class META-INF.versions.9.module-info
22:27:27.800 [main] DEBUG net.thucydides.core.reflection.ClassFinder - Could not load class META-INF.versions.9.org.apache.logging.log4j.util.Base64Util
22:27:27.800 [main] DEBUG net.thucydides.core.reflection.ClassFinder - Could not load class META-INF.versions.9.org.apache.logging.log4j.util.ProcessIdUtil
22:27:27.800 [main] DEBUG net.thucydides.core.reflection.ClassFinder - Could not load class META-INF.versions.9.org.apache.logging.log4j.util.StackLocator
22:27:27.800 [main] DEBUG net.thucydides.core.reflection.ClassFinder - Could not load class META-INF.versions.9.org.apache.logging.log4j.util.internal.DefaultObjectInputFilter
22:27:27.800 [main] DEBUG net.thucydides.core.reflection.ClassFinder - Could not load class META-INF.versions.9.org.apache.xmlbeans.impl.tool.MavenPluginResolver
22:27:27.800 [main] DEBUG net.thucydides.core.reflection.ClassFinder - Could not load class META-INF.versions.9.org.junit.platform.commons.util.ModuleUtils
22:27:27.800 [main] DEBUG net.thucydides.core.reflection.ClassFinder - Could not load class com.microsoft.schemas.office.office.STOLEUpdateMode
22:27:27.800 [main] DEBUG net.thucydides.core.reflection.ClassFinder - Could not load class com.microsoft.schemas.office.office.STScreenSize
22:27:27.800 [main] DEBUG net.thucydides.core.reflection.ClassFinder - Could not load class com.microsoft.schemas.office.visio.x2012.main.SheetType
22:27:27.800 [main] DEBUG net.thucydides.core.reflection.ClassFinder - Could not load class com.microsoft.schemas.office.word.STHorizontalAnchor
22:27:27.800 [main] DEBUG net.thucydides.core.reflection.ClassFinder - Could not load class com.microsoft.schemas.office.word.STVerticalAnchor
22:27:27.800 [main] DEBUG net.thucydides.core.reflection.ClassFinder - Could not load class com.microsoft.schemas.office.word.STWrapSide
22:27:27.800 [main] DEBUG net.thucydides.core.reflection.ClassFinder - Could not load class com.microsoft.schemas.vml.STImageAspect
22:27:27.800 [main] DEBUG net.thucydides.core.reflection.ClassFinder - Could not load class com.microsoft.schemas.vml.STStrokeArrowLength
22:27:27.800 [main] DEBUG net.thucydides.core.reflection.ClassFinder - Could not load class com.microsoft.schemas.vml.STStrokeArrowWidth
22:27:27.810 [main] DEBUG net.thucydides.core.reflection.ClassFinder - Could not load class com.microsoft.schemas.vml.STStrokeEndCap
22:27:27.810 [main] DEBUG net.thucydides.core.reflection.ClassFinder - Could not load class com.microsoft.schemas.vml.STStrokeLineStyle
22:27:27.810 [main] DEBUG net.thucydides.core.reflection.ClassFinder - Could not load class com.sun.xml.bind.v2.runtime.output.FastInfosetStreamWriterOutput
22:27:27.810 [main] DEBUG net.thucydides.core.reflection.ClassFinder - Could not load class module-info
22:27:27.810 [main] DEBUG net.thucydides.core.reflection.ClassFinder - Could not load class org.apache.logging.log4j.util.Activator
22:27:27.820 [main] DEBUG net.thucydides.core.reflection.ClassFinder - Could not load class org.apache.poi.xslf.draw.SVGImageRenderer
22:27:27.820 [main] DEBUG net.thucydides.core.reflection.ClassFinder - Could not load class org.apache.poi.xslf.draw.SVGPOIGraphics2D
22:27:27.820 [main] DEBUG net.thucydides.core.reflection.ClassFinder - Could not load class org.apache.poi.xslf.draw.SVGRenderExtension
22:27:27.820 [main] DEBUG net.thucydides.core.reflection.ClassFinder - Could not load class org.apache.poi.xslf.draw.SVGUserAgent
22:27:27.820 [main] DEBUG net.thucydides.core.reflection.ClassFinder - Could not load class org.apache.poi.xslf.util.SVGFormat
22:27:27.820 [main] DEBUG net.thucydides.core.reflection.ClassFinder - Could not load class org.apache.xmlbeans.impl.schema.TypeSystemHolder
22:27:27.830 [main] DEBUG net.thucydides.core.reflection.ClassFinder - Could not load class org.apache.xmlbeans.impl.tool.MavenPlugin
22:27:27.830 [main] DEBUG net.thucydides.core.reflection.ClassFinder - Could not load class org.apache.xmlbeans.impl.tool.MavenPluginHelp
22:27:27.830 [main] DEBUG net.thucydides.core.reflection.ClassFinder - Could not load class org.apache.xmlbeans.impl.tool.XMLBean
22:27:27.830 [main] DEBUG net.thucydides.core.reflection.ClassFinder - Could not load class org.apache.xmlbeans.impl.xpath.saxon.SaxonXPath
22:27:27.830 [main] DEBUG net.thucydides.core.reflection.ClassFinder - Could not load class org.apache.xmlbeans.impl.xpath.saxon.SaxonXQuery
22:27:27.840 [main] DEBUG net.thucydides.core.reflection.ClassFinder - Could not load class org.etsi.uri.x01903.v13.GenericTimeStampType
22:27:27.840 [main] DEBUG net.thucydides.core.reflection.ClassFinder - Could not load class org.etsi.uri.x01903.v13.QualifierType
22:27:27.850 [main] DEBUG net.thucydides.core.reflection.ClassFinder - Could not load class org.openxmlformats.schemas.drawingml.x2006.chart.CTSerAx
22:27:27.850 [main] DEBUG net.thucydides.core.reflection.ClassFinder - Could not load class org.openxmlformats.schemas.drawingml.x2006.chart.STDepthPercentUShort
22:27:27.850 [main] DEBUG net.thucydides.core.reflection.ClassFinder - Could not load class org.openxmlformats.schemas.drawingml.x2006.chart.STDepthPercentWithSymbol
22:27:27.850 [main] DEBUG net.thucydides.core.reflection.ClassFinder - Could not load class org.openxmlformats.schemas.drawingml.x2006.chart.STHPercentUShort
22:27:27.850 [main] DEBUG net.thucydides.core.reflection.ClassFinder - Could not load class org.openxmlformats.schemas.drawingml.x2006.chart.STHPercentWithSymbol
22:27:27.850 [main] DEBUG net.thucydides.core.reflection.ClassFinder - Could not load class org.openxmlformats.schemas.drawingml.x2006.chart.STHoleSizePercent
22:27:27.850 [main] DEBUG net.thucydides.core.reflection.ClassFinder - Could not load class org.openxmlformats.schemas.drawingml.x2006.chart.STHoleSizeUByte
22:27:27.850 [main] DEBUG net.thucydides.core.reflection.ClassFinder - Could not load class org.openxmlformats.schemas.drawingml.x2006.chart.STOverlapByte
22:27:27.850 [main] DEBUG net.thucydides.core.reflection.ClassFinder - Could not load class org.openxmlformats.schemas.drawingml.x2006.chart.STOverlapPercent
22:27:27.850 [main] DEBUG net.thucydides.core.reflection.ClassFinder - Could not load class org.openxmlformats.schemas.drawingml.x2006.chart.STPageSetupOrientation
22:27:27.850 [main] DEBUG net.thucydides.core.reflection.ClassFinder - Could not load class org.openxmlformats.schemas.drawingml.x2006.main.CTGroupFillProperties
22:27:27.850 [main] DEBUG net.thucydides.core.reflection.ClassFinder - Could not load class org.openxmlformats.schemas.drawingml.x2006.main.CTPath2DQuadBezierTo
22:27:27.850 [main] DEBUG net.thucydides.core.reflection.ClassFinder - Could not load class org.openxmlformats.schemas.drawingml.x2006.main.STEffectContainerType
22:27:27.850 [main] DEBUG net.thucydides.core.reflection.ClassFinder - Could not load class org.openxmlformats.schemas.drawingml.x2006.main.STPresetMaterialType
22:27:27.850 [main] DEBUG net.thucydides.core.reflection.ClassFinder - Could not load class org.openxmlformats.schemas.drawingml.x2006.wordprocessingDrawing.STAlignH
22:27:27.860 [main] DEBUG net.thucydides.core.reflection.ClassFinder - Could not load class org.openxmlformats.schemas.drawingml.x2006.wordprocessingDrawing.STAlignV
22:27:27.860 [main] DEBUG net.thucydides.core.reflection.ClassFinder - Could not load class org.openxmlformats.schemas.officeDocument.x2006.docPropsVTypes.STVectorBaseType
22:27:27.860 [main] DEBUG net.thucydides.core.reflection.ClassFinder - Could not load class org.openxmlformats.schemas.officeDocument.x2006.sharedTypes.STConformanceClass
22:27:27.860 [main] DEBUG net.thucydides.core.reflection.ClassFinder - Could not load class org.openxmlformats.schemas.presentationml.x2006.main.STDirection
22:27:27.860 [main] DEBUG net.thucydides.core.reflection.ClassFinder - Could not load class org.openxmlformats.schemas.presentationml.x2006.main.STTLTimeNodeMasterRelation
22:27:27.860 [main] DEBUG net.thucydides.core.reflection.ClassFinder - Could not load class org.openxmlformats.schemas.presentationml.x2006.main.STTLTimeNodePresetClassType
22:27:27.860 [main] DEBUG net.thucydides.core.reflection.ClassFinder - Could not load class org.openxmlformats.schemas.presentationml.x2006.main.STTLTimeNodeSyncType
22:27:27.860 [main] DEBUG net.thucydides.core.reflection.ClassFinder - Could not load class org.openxmlformats.schemas.presentationml.x2006.main.STTLTriggerEvent
22:27:27.860 [main] DEBUG net.thucydides.core.reflection.ClassFinder - Could not load class org.openxmlformats.schemas.spreadsheetml.x2006.main.STComments
22:27:27.860 [main] DEBUG net.thucydides.core.reflection.ClassFinder - Could not load class org.openxmlformats.schemas.spreadsheetml.x2006.main.STDataValidationImeMode
22:27:27.860 [main] DEBUG net.thucydides.core.reflection.ClassFinder - Could not load class org.openxmlformats.schemas.spreadsheetml.x2006.main.STFieldSortType
22:27:27.860 [main] DEBUG net.thucydides.core.reflection.ClassFinder - Could not load class org.openxmlformats.schemas.spreadsheetml.x2006.main.STOleUpdate
22:27:27.860 [main] DEBUG net.thucydides.core.reflection.ClassFinder - Could not load class org.openxmlformats.schemas.spreadsheetml.x2006.main.STPhoneticAlignment
22:27:27.860 [main] DEBUG net.thucydides.core.reflection.ClassFinder - Could not load class org.openxmlformats.schemas.spreadsheetml.x2006.main.STShowDataAs
22:27:27.860 [main] DEBUG net.thucydides.core.reflection.ClassFinder - Could not load class org.openxmlformats.schemas.spreadsheetml.x2006.main.STSortBy
22:27:27.860 [main] DEBUG net.thucydides.core.reflection.ClassFinder - Could not load class org.openxmlformats.schemas.spreadsheetml.x2006.main.STSortMethod
22:27:27.860 [main] DEBUG net.thucydides.core.reflection.ClassFinder - Could not load class org.openxmlformats.schemas.spreadsheetml.x2006.main.STTableType
22:27:27.860 [main] DEBUG net.thucydides.core.reflection.ClassFinder - Could not load class org.openxmlformats.schemas.spreadsheetml.x2006.main.STTargetScreenSize
22:27:27.860 [main] DEBUG net.thucydides.core.reflection.ClassFinder - Could not load class org.openxmlformats.schemas.spreadsheetml.x2006.main.STTotalsRowFunction
22:27:27.860 [main] DEBUG net.thucydides.core.reflection.ClassFinder - Could not load class org.openxmlformats.schemas.wordprocessingml.x2006.main.CTBookmarkRange
22:27:27.860 [main] DEBUG net.thucydides.core.reflection.ClassFinder - Could not load class org.openxmlformats.schemas.wordprocessingml.x2006.main.CTDocumentBase
22:27:27.860 [main] DEBUG net.thucydides.core.reflection.ClassFinder - Could not load class org.openxmlformats.schemas.wordprocessingml.x2006.main.CTPPrBase
22:27:27.860 [main] DEBUG net.thucydides.core.reflection.ClassFinder - Could not load class org.openxmlformats.schemas.wordprocessingml.x2006.main.CTTblGridBase
22:27:27.860 [main] DEBUG net.thucydides.core.reflection.ClassFinder - Could not load class org.openxmlformats.schemas.wordprocessingml.x2006.main.CTTblPrBase
22:27:27.860 [main] DEBUG net.thucydides.core.reflection.ClassFinder - Could not load class org.openxmlformats.schemas.wordprocessingml.x2006.main.CTTblPrExBase
22:27:27.860 [main] DEBUG net.thucydides.core.reflection.ClassFinder - Could not load class org.openxmlformats.schemas.wordprocessingml.x2006.main.CTTcPrBase
22:27:27.860 [main] DEBUG net.thucydides.core.reflection.ClassFinder - Could not load class org.openxmlformats.schemas.wordprocessingml.x2006.main.CTTcPrInner
22:27:27.860 [main] DEBUG net.thucydides.core.reflection.ClassFinder - Could not load class org.openxmlformats.schemas.wordprocessingml.x2006.main.CTTrPrBase
22:27:27.860 [main] DEBUG net.thucydides.core.reflection.ClassFinder - Could not load class org.openxmlformats.schemas.wordprocessingml.x2006.main.STChapterSep
22:27:27.860 [main] DEBUG net.thucydides.core.reflection.ClassFinder - Could not load class org.openxmlformats.schemas.wordprocessingml.x2006.main.STDropCap
22:27:27.860 [main] DEBUG net.thucydides.core.reflection.ClassFinder - Could not load class org.openxmlformats.schemas.wordprocessingml.x2006.main.STPTabAlignment
22:27:27.860 [main] DEBUG net.thucydides.core.reflection.ClassFinder - Could not load class org.openxmlformats.schemas.wordprocessingml.x2006.main.STPTabLeader
22:27:27.870 [main] DEBUG net.thucydides.core.reflection.ClassFinder - Could not load class org.openxmlformats.schemas.wordprocessingml.x2006.main.STPTabRelativeTo
22:27:27.870 [main] DEBUG net.thucydides.core.reflection.ClassFinder - Could not load class org.openxmlformats.schemas.wordprocessingml.x2006.main.STPageBorderZOrder
22:27:27.870 [main] DEBUG net.thucydides.core.reflection.ClassFinder - Could not load class org.openxmlformats.schemas.wordprocessingml.x2006.main.STZoom
22:27:27.870 [Forwarding get on session 7cfb0d43e3374d96128ceb0a49ccf95c to remote] DEBUG org.asynchttpclient.netty.request.NettyRequestSender - Using pooled Channel '[id: 0x8bcb7f26, L:/127.0.0.1:62084 - R:localhost/127.0.0.1:50914]' for 'POST' to 'http://localhost:50914/session/7cfb0d43e3374d96128ceb0a49ccf95c/url'
22:27:27.870 [Forwarding get on session 7cfb0d43e3374d96128ceb0a49ccf95c to remote] DEBUG org.asynchttpclient.netty.request.NettyRequestSender - Using open Channel [id: 0x8bcb7f26, L:/127.0.0.1:62084 - R:localhost/127.0.0.1:50914] for POST '/session/7cfb0d43e3374d96128ceb0a49ccf95c/url'
22:27:28.483 [AsyncHttpClient-1-1] DEBUG org.asynchttpclient.netty.channel.DefaultChannelPool - Entry count for : http://localhost:62085 : 1
22:27:29.585 [AsyncHttpClient-1-1] DEBUG org.asynchttpclient.netty.channel.DefaultChannelPool - Entry count for : http://localhost:62085 : 1
22:27:30.680 [AsyncHttpClient-1-1] DEBUG org.asynchttpclient.netty.channel.DefaultChannelPool - Entry count for : http://localhost:62085 : 1
22:27:31.086 [AsyncHttpClient-1-2] DEBUG org.asynchttpclient.netty.handler.HttpHandler - 

Request DefaultHttpRequest(decodeResult: success, version: HTTP/1.1)
POST /session/7cfb0d43e3374d96128ceb0a49ccf95c/url HTTP/1.1
User-Agent: selenium/4.1.2 (java windows)
Content-Length: 61
Content-Type: application/json; charset=utf-8
host: localhost:50914
accept: */*

Response DefaultHttpResponse(decodeResult: success, version: HTTP/1.1)
HTTP/1.1 200 OK
Content-Type: application/json; charset=utf-8
cache-control: no-cache
content-length: 14

22:27:31.086 [AsyncHttpClient-1-2] DEBUG org.asynchttpclient.netty.channel.ChannelManager - Adding key: http://localhost:50914 for channel [id: 0x8bcb7f26, L:/127.0.0.1:62084 - R:localhost/127.0.0.1:50914]
22:27:31.087 [Forwarding setTimeout on session 7cfb0d43e3374d96128ceb0a49ccf95c to remote] DEBUG org.asynchttpclient.netty.request.NettyRequestSender - Using pooled Channel '[id: 0x8bcb7f26, L:/127.0.0.1:62084 - R:localhost/127.0.0.1:50914]' for 'POST' to 'http://localhost:50914/session/7cfb0d43e3374d96128ceb0a49ccf95c/timeouts'
22:27:31.087 [Forwarding setTimeout on session 7cfb0d43e3374d96128ceb0a49ccf95c to remote] DEBUG org.asynchttpclient.netty.request.NettyRequestSender - Using open Channel [id: 0x8bcb7f26, L:/127.0.0.1:62084 - R:localhost/127.0.0.1:50914] for POST '/session/7cfb0d43e3374d96128ceb0a49ccf95c/timeouts'
22:27:31.089 [AsyncHttpClient-1-2] DEBUG org.asynchttpclient.netty.handler.HttpHandler - 

Request DefaultHttpRequest(decodeResult: success, version: HTTP/1.1)
POST /session/7cfb0d43e3374d96128ceb0a49ccf95c/timeouts HTTP/1.1
User-Agent: selenium/4.1.2 (java windows)
Content-Length: 22
Content-Type: application/json; charset=utf-8
host: localhost:50914
accept: */*

Response DefaultHttpResponse(decodeResult: success, version: HTTP/1.1)
HTTP/1.1 200 OK
Content-Type: application/json; charset=utf-8
cache-control: no-cache
content-length: 14

22:27:31.089 [AsyncHttpClient-1-2] DEBUG org.asynchttpclient.netty.channel.ChannelManager - Adding key: http://localhost:50914 for channel [id: 0x8bcb7f26, L:/127.0.0.1:62084 - R:localhost/127.0.0.1:50914]
22:27:31.091 [Forwarding getCurrentUrl on session 7cfb0d43e3374d96128ceb0a49ccf95c to remote] DEBUG org.asynchttpclient.netty.request.NettyRequestSender - Using pooled Channel '[id: 0x8bcb7f26, L:/127.0.0.1:62084 - R:localhost/127.0.0.1:50914]' for 'GET' to 'http://localhost:50914/session/7cfb0d43e3374d96128ceb0a49ccf95c/url'
22:27:31.091 [Forwarding getCurrentUrl on session 7cfb0d43e3374d96128ceb0a49ccf95c to remote] DEBUG org.asynchttpclient.netty.request.NettyRequestSender - Using open Channel [id: 0x8bcb7f26, L:/127.0.0.1:62084 - R:localhost/127.0.0.1:50914] for GET '/session/7cfb0d43e3374d96128ceb0a49ccf95c/url'
22:27:31.096 [AsyncHttpClient-1-2] DEBUG org.asynchttpclient.netty.handler.HttpHandler - 

Request DefaultFullHttpRequest(decodeResult: success, version: HTTP/1.1, content: EmptyByteBufBE)
GET /session/7cfb0d43e3374d96128ceb0a49ccf95c/url HTTP/1.1
User-Agent: selenium/4.1.2 (java windows)
Cache-Control: no-cache
Content-Type: application/json; charset=utf-8
host: localhost:50914
accept: */*

Response DefaultHttpResponse(decodeResult: success, version: HTTP/1.1)
HTTP/1.1 200 OK
Content-Type: application/json; charset=utf-8
cache-control: no-cache
content-length: 43

22:27:31.096 [AsyncHttpClient-1-2] DEBUG org.asynchttpclient.netty.channel.ChannelManager - Adding key: http://localhost:50914 for channel [id: 0x8bcb7f26, L:/127.0.0.1:62084 - R:localhost/127.0.0.1:50914]
22:27:31.098 [Forwarding getCurrentUrl on session 7cfb0d43e3374d96128ceb0a49ccf95c to remote] DEBUG org.asynchttpclient.netty.request.NettyRequestSender - Using pooled Channel '[id: 0x8bcb7f26, L:/127.0.0.1:62084 - R:localhost/127.0.0.1:50914]' for 'GET' to 'http://localhost:50914/session/7cfb0d43e3374d96128ceb0a49ccf95c/url'
22:27:31.098 [Forwarding getCurrentUrl on session 7cfb0d43e3374d96128ceb0a49ccf95c to remote] DEBUG org.asynchttpclient.netty.request.NettyRequestSender - Using open Channel [id: 0x8bcb7f26, L:/127.0.0.1:62084 - R:localhost/127.0.0.1:50914] for GET '/session/7cfb0d43e3374d96128ceb0a49ccf95c/url'
22:27:31.102 [AsyncHttpClient-1-2] DEBUG org.asynchttpclient.netty.handler.HttpHandler - 

Request DefaultFullHttpRequest(decodeResult: success, version: HTTP/1.1, content: EmptyByteBufBE)
GET /session/7cfb0d43e3374d96128ceb0a49ccf95c/url HTTP/1.1
User-Agent: selenium/4.1.2 (java windows)
Cache-Control: no-cache
Content-Type: application/json; charset=utf-8
host: localhost:50914
accept: */*

Response DefaultHttpResponse(decodeResult: success, version: HTTP/1.1)
HTTP/1.1 200 OK
Content-Type: application/json; charset=utf-8
cache-control: no-cache
content-length: 43

22:27:31.102 [AsyncHttpClient-1-2] DEBUG org.asynchttpclient.netty.channel.ChannelManager - Adding key: http://localhost:50914 for channel [id: 0x8bcb7f26, L:/127.0.0.1:62084 - R:localhost/127.0.0.1:50914]
22:27:31.111 [Forwarding screenshot on session 7cfb0d43e3374d96128ceb0a49ccf95c to remote] DEBUG org.asynchttpclient.netty.request.NettyRequestSender - Using pooled Channel '[id: 0x8bcb7f26, L:/127.0.0.1:62084 - R:localhost/127.0.0.1:50914]' for 'GET' to 'http://localhost:50914/session/7cfb0d43e3374d96128ceb0a49ccf95c/screenshot'
22:27:31.112 [Forwarding screenshot on session 7cfb0d43e3374d96128ceb0a49ccf95c to remote] DEBUG org.asynchttpclient.netty.request.NettyRequestSender - Using open Channel [id: 0x8bcb7f26, L:/127.0.0.1:62084 - R:localhost/127.0.0.1:50914] for GET '/session/7cfb0d43e3374d96128ceb0a49ccf95c/screenshot'
22:27:31.450 [AsyncHttpClient-1-2] DEBUG org.asynchttpclient.netty.handler.HttpHandler - 

Request DefaultFullHttpRequest(decodeResult: success, version: HTTP/1.1, content: EmptyByteBufBE)
GET /session/7cfb0d43e3374d96128ceb0a49ccf95c/screenshot HTTP/1.1
User-Agent: selenium/4.1.2 (java windows)
Cache-Control: no-cache
Content-Type: application/json; charset=utf-8
host: localhost:50914
accept: */*

Response DefaultHttpResponse(decodeResult: success, version: HTTP/1.1)
HTTP/1.1 200 OK
Content-Type: application/json; charset=utf-8
cache-control: no-cache
content-length: 716148

22:27:31.470 [AsyncHttpClient-1-2] DEBUG org.asynchttpclient.netty.channel.ChannelManager - Adding key: http://localhost:50914 for channel [id: 0x8bcb7f26, L:/127.0.0.1:62084 - R:localhost/127.0.0.1:50914]
22:27:31.490 [main] DEBUG net.serenitybdd.core.photography.Darkroom - Send negative for processing for target\site\serenity\0b663212aae285cd7e928c04715213693ec5aec7e300b9c9e8ddf126ebdfce52.png
22:27:31.490 [main] DEBUG net.thucydides.core.steps.StepInterceptor - STEP DONE: {0} opens the #targetPageName
22:27:31.490 [main] DEBUG net.thucydides.core.steps.StepInterceptor - STEP DONE: !#title
  &amp#27;[32mGiven &amp#27;[0m&amp#27;[32muser opens the page&amp#27;[0m                                                 &amp#27;[90m# stepdefinitions.CampaignsStepDefinitions.userOpensThePage()&amp#27;[0m
22:27:31.513 [main] DEBUG net.thucydides.core.steps.StepInterceptor - STARTING STEP: CampaignsStepDefinitions.userClicksOnACategory - {0} clicks on #target
22:27:31.513 [main] DEBUG net.serenitybdd.screenplay.targets.IFrameSwitcher - default content already selected for Location pop-up close
22:27:31.518 [Forwarding findElement on session 7cfb0d43e3374d96128ceb0a49ccf95c to remote] DEBUG org.asynchttpclient.netty.request.NettyRequestSender - Using pooled Channel '[id: 0x8bcb7f26, L:/127.0.0.1:62084 - R:localhost/127.0.0.1:50914]' for 'POST' to 'http://localhost:50914/session/7cfb0d43e3374d96128ceb0a49ccf95c/element'
22:27:31.518 [Forwarding findElement on session 7cfb0d43e3374d96128ceb0a49ccf95c to remote] DEBUG org.asynchttpclient.netty.request.NettyRequestSender - Using open Channel [id: 0x8bcb7f26, L:/127.0.0.1:62084 - R:localhost/127.0.0.1:50914] for POST '/session/7cfb0d43e3374d96128ceb0a49ccf95c/element'
22:27:31.530 [AsyncHttpClient-1-2] DEBUG org.asynchttpclient.netty.handler.HttpHandler - 

Request DefaultHttpRequest(decodeResult: success, version: HTTP/1.1)
POST /session/7cfb0d43e3374d96128ceb0a49ccf95c/element HTTP/1.1
User-Agent: selenium/4.1.2 (java windows)
Content-Length: 66
Content-Type: application/json; charset=utf-8
host: localhost:50914
accept: */*

Response DefaultHttpResponse(decodeResult: success, version: HTTP/1.1)
HTTP/1.1 200 OK
Content-Type: application/json; charset=utf-8
cache-control: no-cache
content-length: 88

22:27:31.530 [AsyncHttpClient-1-2] DEBUG org.asynchttpclient.netty.channel.ChannelManager - Adding key: http://localhost:50914 for channel [id: 0x8bcb7f26, L:/127.0.0.1:62084 - R:localhost/127.0.0.1:50914]
22:27:31.532 [Forwarding isElementDisplayed on session 7cfb0d43e3374d96128ceb0a49ccf95c to remote] DEBUG org.asynchttpclient.netty.request.NettyRequestSender - Using pooled Channel '[id: 0x8bcb7f26, L:/127.0.0.1:62084 - R:localhost/127.0.0.1:50914]' for 'POST' to 'http://localhost:50914/session/7cfb0d43e3374d96128ceb0a49ccf95c/execute/sync'
22:27:31.532 [Forwarding isElementDisplayed on session 7cfb0d43e3374d96128ceb0a49ccf95c to remote] DEBUG org.asynchttpclient.netty.request.NettyRequestSender - Using open Channel [id: 0x8bcb7f26, L:/127.0.0.1:62084 - R:localhost/127.0.0.1:50914] for POST '/session/7cfb0d43e3374d96128ceb0a49ccf95c/execute/sync'
22:27:31.552 [AsyncHttpClient-1-2] DEBUG org.asynchttpclient.netty.handler.HttpHandler - 

Request DefaultHttpRequest(decodeResult: success, version: HTTP/1.1)
POST /session/7cfb0d43e3374d96128ceb0a49ccf95c/execute/sync HTTP/1.1
User-Agent: selenium/4.1.2 (java windows)
Content-Length: 48780
Content-Type: application/json; charset=utf-8
host: localhost:50914
accept: */*

Response DefaultHttpResponse(decodeResult: success, version: HTTP/1.1)
HTTP/1.1 200 OK
Content-Type: application/json; charset=utf-8
cache-control: no-cache
content-length: 14

22:27:31.552 [AsyncHttpClient-1-2] DEBUG org.asynchttpclient.netty.channel.ChannelManager - Adding key: http://localhost:50914 for channel [id: 0x8bcb7f26, L:/127.0.0.1:62084 - R:localhost/127.0.0.1:50914]
22:27:31.562 [Forwarding findElement on session 7cfb0d43e3374d96128ceb0a49ccf95c to remote] DEBUG org.asynchttpclient.netty.request.NettyRequestSender - Using pooled Channel '[id: 0x8bcb7f26, L:/127.0.0.1:62084 - R:localhost/127.0.0.1:50914]' for 'POST' to 'http://localhost:50914/session/7cfb0d43e3374d96128ceb0a49ccf95c/element'
22:27:31.562 [Forwarding findElement on session 7cfb0d43e3374d96128ceb0a49ccf95c to remote] DEBUG org.asynchttpclient.netty.request.NettyRequestSender - Using open Channel [id: 0x8bcb7f26, L:/127.0.0.1:62084 - R:localhost/127.0.0.1:50914] for POST '/session/7cfb0d43e3374d96128ceb0a49ccf95c/element'
22:27:31.572 [AsyncHttpClient-1-2] DEBUG org.asynchttpclient.netty.handler.HttpHandler - 

Request DefaultHttpRequest(decodeResult: success, version: HTTP/1.1)
POST /session/7cfb0d43e3374d96128ceb0a49ccf95c/element HTTP/1.1
User-Agent: selenium/4.1.2 (java windows)
Content-Length: 66
Content-Type: application/json; charset=utf-8
host: localhost:50914
accept: */*

Response DefaultHttpResponse(decodeResult: success, version: HTTP/1.1)
HTTP/1.1 200 OK
Content-Type: application/json; charset=utf-8
cache-control: no-cache
content-length: 88

22:27:31.573 [AsyncHttpClient-1-2] DEBUG org.asynchttpclient.netty.channel.ChannelManager - Adding key: http://localhost:50914 for channel [id: 0x8bcb7f26, L:/127.0.0.1:62084 - R:localhost/127.0.0.1:50914]
22:27:31.573 [Forwarding clickElement on session 7cfb0d43e3374d96128ceb0a49ccf95c to remote] DEBUG org.asynchttpclient.netty.request.NettyRequestSender - Using pooled Channel '[id: 0x8bcb7f26, L:/127.0.0.1:62084 - R:localhost/127.0.0.1:50914]' for 'POST' to 'http://localhost:50914/session/7cfb0d43e3374d96128ceb0a49ccf95c/element/3d147106-2a5e-42b7-9287-27a5b6d6d8d7/click'
22:27:31.573 [Forwarding clickElement on session 7cfb0d43e3374d96128ceb0a49ccf95c to remote] DEBUG org.asynchttpclient.netty.request.NettyRequestSender - Using open Channel [id: 0x8bcb7f26, L:/127.0.0.1:62084 - R:localhost/127.0.0.1:50914] for POST '/session/7cfb0d43e3374d96128ceb0a49ccf95c/element/3d147106-2a5e-42b7-9287-27a5b6d6d8d7/click'
22:27:31.659 [AsyncHttpClient-1-2] DEBUG org.asynchttpclient.netty.handler.HttpHandler - 

Request DefaultHttpRequest(decodeResult: success, version: HTTP/1.1)
POST /session/7cfb0d43e3374d96128ceb0a49ccf95c/element/3d147106-2a5e-42b7-9287-27a5b6d6d8d7/click HTTP/1.1
User-Agent: selenium/4.1.2 (java windows)
Content-Length: 50
Content-Type: application/json; charset=utf-8
host: localhost:50914
accept: */*

Response DefaultHttpResponse(decodeResult: success, version: HTTP/1.1)
HTTP/1.1 200 OK
Content-Type: application/json; charset=utf-8
cache-control: no-cache
content-length: 14

22:27:31.659 [AsyncHttpClient-1-2] DEBUG org.asynchttpclient.netty.channel.ChannelManager - Adding key: http://localhost:50914 for channel [id: 0x8bcb7f26, L:/127.0.0.1:62084 - R:localhost/127.0.0.1:50914]
22:27:31.668 [Forwarding screenshot on session 7cfb0d43e3374d96128ceb0a49ccf95c to remote] DEBUG org.asynchttpclient.netty.request.NettyRequestSender - Using pooled Channel '[id: 0x8bcb7f26, L:/127.0.0.1:62084 - R:localhost/127.0.0.1:50914]' for 'GET' to 'http://localhost:50914/session/7cfb0d43e3374d96128ceb0a49ccf95c/screenshot'
22:27:31.668 [Forwarding screenshot on session 7cfb0d43e3374d96128ceb0a49ccf95c to remote] DEBUG org.asynchttpclient.netty.request.NettyRequestSender - Using open Channel [id: 0x8bcb7f26, L:/127.0.0.1:62084 - R:localhost/127.0.0.1:50914] for GET '/session/7cfb0d43e3374d96128ceb0a49ccf95c/screenshot'
22:27:31.782 [AsyncHttpClient-1-1] DEBUG org.asynchttpclient.netty.channel.DefaultChannelPool - Entry count for : http://localhost:62085 : 1
22:27:32.136 [AsyncHttpClient-1-2] DEBUG org.asynchttpclient.netty.handler.HttpHandler - 

Request DefaultFullHttpRequest(decodeResult: success, version: HTTP/1.1, content: EmptyByteBufBE)
GET /session/7cfb0d43e3374d96128ceb0a49ccf95c/screenshot HTTP/1.1
User-Agent: selenium/4.1.2 (java windows)
Cache-Control: no-cache
Content-Type: application/json; charset=utf-8
host: localhost:50914
accept: */*

Response DefaultHttpResponse(decodeResult: success, version: HTTP/1.1)
HTTP/1.1 200 OK
Content-Type: application/json; charset=utf-8
cache-control: no-cache
content-length: 713124

22:27:32.138 [AsyncHttpClient-1-2] DEBUG org.asynchttpclient.netty.channel.ChannelManager - Adding key: http://localhost:50914 for channel [id: 0x8bcb7f26, L:/127.0.0.1:62084 - R:localhost/127.0.0.1:50914]
22:27:32.157 [main] DEBUG net.serenitybdd.core.photography.Darkroom - Send negative for processing for target\site\serenity\dc9071a83e8f67d7cfa6f4b59318d46722b90340e968f19abd3e2a43f839af7e.png
22:27:32.157 [main] DEBUG net.thucydides.core.steps.StepInterceptor - STEP DONE: {0} clicks on #target
22:27:32.157 [Darkroom Processing Line] DEBUG net.serenitybdd.core.photography.DarkroomProcessingLine - Processing screenshot image in /var/screenshots/screenshot-12026896715528221535
22:27:32.157 [Darkroom Processing Line] DEBUG net.serenitybdd.core.photography.DarkroomProcessingLine - Saving screenshot to target\site\serenity\dc9071a83e8f67d7cfa6f4b59318d46722b90340e968f19abd3e2a43f839af7e.png
22:27:32.162 [main] DEBUG net.thucydides.core.steps.StepInterceptor - STARTING STEP: CampaignsStepDefinitions.userClicksOnACategory - {0} clicks on #category
22:27:32.174 [main] DEBUG net.serenitybdd.screenplay.targets.IFrameSwitcher - default content already selected for Pet N11 category
22:27:32.177 [Forwarding findElements on session 7cfb0d43e3374d96128ceb0a49ccf95c to remote] DEBUG org.asynchttpclient.netty.request.NettyRequestSender - Using pooled Channel '[id: 0x8bcb7f26, L:/127.0.0.1:62084 - R:localhost/127.0.0.1:50914]' for 'POST' to 'http://localhost:50914/session/7cfb0d43e3374d96128ceb0a49ccf95c/elements'
22:27:32.177 [Forwarding findElements on session 7cfb0d43e3374d96128ceb0a49ccf95c to remote] DEBUG org.asynchttpclient.netty.request.NettyRequestSender - Using open Channel [id: 0x8bcb7f26, L:/127.0.0.1:62084 - R:localhost/127.0.0.1:50914] for POST '/session/7cfb0d43e3374d96128ceb0a49ccf95c/elements'
22:27:32.204 [AsyncHttpClient-1-2] DEBUG org.asynchttpclient.netty.handler.HttpHandler - 

Request DefaultHttpRequest(decodeResult: success, version: HTTP/1.1)
POST /session/7cfb0d43e3374d96128ceb0a49ccf95c/elements HTTP/1.1
User-Agent: selenium/4.1.2 (java windows)
Content-Length: 75
Content-Type: application/json; charset=utf-8
host: localhost:50914
accept: */*

Response DefaultHttpResponse(decodeResult: success, version: HTTP/1.1)
HTTP/1.1 200 OK
Content-Type: application/json; charset=utf-8
cache-control: no-cache
content-length: 90

22:27:32.204 [AsyncHttpClient-1-2] DEBUG org.asynchttpclient.netty.channel.ChannelManager - Adding key: http://localhost:50914 for channel [id: 0x8bcb7f26, L:/127.0.0.1:62084 - R:localhost/127.0.0.1:50914]
22:27:32.209 [Forwarding isElementDisplayed on session 7cfb0d43e3374d96128ceb0a49ccf95c to remote] DEBUG org.asynchttpclient.netty.request.NettyRequestSender - Using pooled Channel '[id: 0x8bcb7f26, L:/127.0.0.1:62084 - R:localhost/127.0.0.1:50914]' for 'POST' to 'http://localhost:50914/session/7cfb0d43e3374d96128ceb0a49ccf95c/execute/sync'
22:27:32.209 [Forwarding isElementDisplayed on session 7cfb0d43e3374d96128ceb0a49ccf95c to remote] DEBUG org.asynchttpclient.netty.request.NettyRequestSender - Using open Channel [id: 0x8bcb7f26, L:/127.0.0.1:62084 - R:localhost/127.0.0.1:50914] for POST '/session/7cfb0d43e3374d96128ceb0a49ccf95c/execute/sync'
22:27:32.228 [AsyncHttpClient-1-2] DEBUG org.asynchttpclient.netty.handler.HttpHandler - 

Request DefaultHttpRequest(decodeResult: success, version: HTTP/1.1)
POST /session/7cfb0d43e3374d96128ceb0a49ccf95c/execute/sync HTTP/1.1
User-Agent: selenium/4.1.2 (java windows)
Content-Length: 48780
Content-Type: application/json; charset=utf-8
host: localhost:50914
accept: */*

Response DefaultHttpResponse(decodeResult: success, version: HTTP/1.1)
HTTP/1.1 200 OK
Content-Type: application/json; charset=utf-8
cache-control: no-cache
content-length: 14

22:27:32.228 [AsyncHttpClient-1-2] DEBUG org.asynchttpclient.netty.channel.ChannelManager - Adding key: http://localhost:50914 for channel [id: 0x8bcb7f26, L:/127.0.0.1:62084 - R:localhost/127.0.0.1:50914]
22:27:32.228 [Forwarding isElementEnabled on session 7cfb0d43e3374d96128ceb0a49ccf95c to remote] DEBUG org.asynchttpclient.netty.request.NettyRequestSender - Using pooled Channel '[id: 0x8bcb7f26, L:/127.0.0.1:62084 - R:localhost/127.0.0.1:50914]' for 'GET' to 'http://localhost:50914/session/7cfb0d43e3374d96128ceb0a49ccf95c/element/f23259fa-ee4f-43ad-92e5-dd368763c05c/enabled'
22:27:32.228 [Forwarding isElementEnabled on session 7cfb0d43e3374d96128ceb0a49ccf95c to remote] DEBUG org.asynchttpclient.netty.request.NettyRequestSender - Using open Channel [id: 0x8bcb7f26, L:/127.0.0.1:62084 - R:localhost/127.0.0.1:50914] for GET '/session/7cfb0d43e3374d96128ceb0a49ccf95c/element/f23259fa-ee4f-43ad-92e5-dd368763c05c/enabled'
22:27:32.238 [AsyncHttpClient-1-2] DEBUG org.asynchttpclient.netty.handler.HttpHandler - 

Request DefaultFullHttpRequest(decodeResult: success, version: HTTP/1.1, content: EmptyByteBufBE)
GET /session/7cfb0d43e3374d96128ceb0a49ccf95c/element/f23259fa-ee4f-43ad-92e5-dd368763c05c/enabled HTTP/1.1
User-Agent: selenium/4.1.2 (java windows)
Cache-Control: no-cache
Content-Type: application/json; charset=utf-8
host: localhost:50914
accept: */*

Response DefaultHttpResponse(decodeResult: success, version: HTTP/1.1)
HTTP/1.1 200 OK
Content-Type: application/json; charset=utf-8
cache-control: no-cache
content-length: 14

22:27:32.238 [AsyncHttpClient-1-2] DEBUG org.asynchttpclient.netty.channel.ChannelManager - Adding key: http://localhost:50914 for channel [id: 0x8bcb7f26, L:/127.0.0.1:62084 - R:localhost/127.0.0.1:50914]
22:27:32.243 [main] DEBUG net.thucydides.core.steps.StepInterceptor - STARTING STEP: ClickCategory.performAs - {0} clicks on #target
22:27:32.244 [main] DEBUG net.serenitybdd.screenplay.targets.IFrameSwitcher - default content already selected for Pet N11 category
22:27:32.250 [Forwarding findElement on session 7cfb0d43e3374d96128ceb0a49ccf95c to remote] DEBUG org.asynchttpclient.netty.request.NettyRequestSender - Using pooled Channel '[id: 0x8bcb7f26, L:/127.0.0.1:62084 - R:localhost/127.0.0.1:50914]' for 'POST' to 'http://localhost:50914/session/7cfb0d43e3374d96128ceb0a49ccf95c/element'
22:27:32.250 [Forwarding findElement on session 7cfb0d43e3374d96128ceb0a49ccf95c to remote] DEBUG org.asynchttpclient.netty.request.NettyRequestSender - Using open Channel [id: 0x8bcb7f26, L:/127.0.0.1:62084 - R:localhost/127.0.0.1:50914] for POST '/session/7cfb0d43e3374d96128ceb0a49ccf95c/element'
22:27:32.263 [AsyncHttpClient-1-2] DEBUG org.asynchttpclient.netty.handler.HttpHandler - 

Request DefaultHttpRequest(decodeResult: success, version: HTTP/1.1)
POST /session/7cfb0d43e3374d96128ceb0a49ccf95c/element HTTP/1.1
User-Agent: selenium/4.1.2 (java windows)
Content-Length: 75
Content-Type: application/json; charset=utf-8
host: localhost:50914
accept: */*

Response DefaultHttpResponse(decodeResult: success, version: HTTP/1.1)
HTTP/1.1 200 OK
Content-Type: application/json; charset=utf-8
cache-control: no-cache
content-length: 88

22:27:32.263 [AsyncHttpClient-1-2] DEBUG org.asynchttpclient.netty.channel.ChannelManager - Adding key: http://localhost:50914 for channel [id: 0x8bcb7f26, L:/127.0.0.1:62084 - R:localhost/127.0.0.1:50914]
22:27:32.267 [Forwarding isElementDisplayed on session 7cfb0d43e3374d96128ceb0a49ccf95c to remote] DEBUG org.asynchttpclient.netty.request.NettyRequestSender - Using pooled Channel '[id: 0x8bcb7f26, L:/127.0.0.1:62084 - R:localhost/127.0.0.1:50914]' for 'POST' to 'http://localhost:50914/session/7cfb0d43e3374d96128ceb0a49ccf95c/execute/sync'
22:27:32.267 [Forwarding isElementDisplayed on session 7cfb0d43e3374d96128ceb0a49ccf95c to remote] DEBUG org.asynchttpclient.netty.request.NettyRequestSender - Using open Channel [id: 0x8bcb7f26, L:/127.0.0.1:62084 - R:localhost/127.0.0.1:50914] for POST '/session/7cfb0d43e3374d96128ceb0a49ccf95c/execute/sync'
22:27:32.278 [AsyncHttpClient-1-2] DEBUG org.asynchttpclient.netty.handler.HttpHandler - 

Request DefaultHttpRequest(decodeResult: success, version: HTTP/1.1)
POST /session/7cfb0d43e3374d96128ceb0a49ccf95c/execute/sync HTTP/1.1
User-Agent: selenium/4.1.2 (java windows)
Content-Length: 48780
Content-Type: application/json; charset=utf-8
host: localhost:50914
accept: */*

Response DefaultHttpResponse(decodeResult: success, version: HTTP/1.1)
HTTP/1.1 200 OK
Content-Type: application/json; charset=utf-8
cache-control: no-cache
content-length: 14

22:27:32.278 [AsyncHttpClient-1-2] DEBUG org.asynchttpclient.netty.channel.ChannelManager - Adding key: http://localhost:50914 for channel [id: 0x8bcb7f26, L:/127.0.0.1:62084 - R:localhost/127.0.0.1:50914]
22:27:32.280 [Forwarding findElement on session 7cfb0d43e3374d96128ceb0a49ccf95c to remote] DEBUG org.asynchttpclient.netty.request.NettyRequestSender - Using pooled Channel '[id: 0x8bcb7f26, L:/127.0.0.1:62084 - R:localhost/127.0.0.1:50914]' for 'POST' to 'http://localhost:50914/session/7cfb0d43e3374d96128ceb0a49ccf95c/element'
22:27:32.280 [Forwarding findElement on session 7cfb0d43e3374d96128ceb0a49ccf95c to remote] DEBUG org.asynchttpclient.netty.request.NettyRequestSender - Using open Channel [id: 0x8bcb7f26, L:/127.0.0.1:62084 - R:localhost/127.0.0.1:50914] for POST '/session/7cfb0d43e3374d96128ceb0a49ccf95c/element'
22:27:32.287 [AsyncHttpClient-1-2] DEBUG org.asynchttpclient.netty.handler.HttpHandler - 

Request DefaultHttpRequest(decodeResult: success, version: HTTP/1.1)
POST /session/7cfb0d43e3374d96128ceb0a49ccf95c/element HTTP/1.1
User-Agent: selenium/4.1.2 (java windows)
Content-Length: 75
Content-Type: application/json; charset=utf-8
host: localhost:50914
accept: */*

Response DefaultHttpResponse(decodeResult: success, version: HTTP/1.1)
HTTP/1.1 200 OK
Content-Type: application/json; charset=utf-8
cache-control: no-cache
content-length: 88

22:27:32.287 [AsyncHttpClient-1-2] DEBUG org.asynchttpclient.netty.channel.ChannelManager - Adding key: http://localhost:50914 for channel [id: 0x8bcb7f26, L:/127.0.0.1:62084 - R:localhost/127.0.0.1:50914]
22:27:32.288 [Forwarding clickElement on session 7cfb0d43e3374d96128ceb0a49ccf95c to remote] DEBUG org.asynchttpclient.netty.request.NettyRequestSender - Using pooled Channel '[id: 0x8bcb7f26, L:/127.0.0.1:62084 - R:localhost/127.0.0.1:50914]' for 'POST' to 'http://localhost:50914/session/7cfb0d43e3374d96128ceb0a49ccf95c/element/f23259fa-ee4f-43ad-92e5-dd368763c05c/click'
22:27:32.288 [Forwarding clickElement on session 7cfb0d43e3374d96128ceb0a49ccf95c to remote] DEBUG org.asynchttpclient.netty.request.NettyRequestSender - Using open Channel [id: 0x8bcb7f26, L:/127.0.0.1:62084 - R:localhost/127.0.0.1:50914] for POST '/session/7cfb0d43e3374d96128ceb0a49ccf95c/element/f23259fa-ee4f-43ad-92e5-dd368763c05c/click'
22:27:32.369 [AsyncHttpClient-1-2] DEBUG org.asynchttpclient.netty.handler.HttpHandler - 

Request DefaultHttpRequest(decodeResult: success, version: HTTP/1.1)
POST /session/7cfb0d43e3374d96128ceb0a49ccf95c/element/f23259fa-ee4f-43ad-92e5-dd368763c05c/click HTTP/1.1
User-Agent: selenium/4.1.2 (java windows)
Content-Length: 50
Content-Type: application/json; charset=utf-8
host: localhost:50914
accept: */*

Response DefaultHttpResponse(decodeResult: success, version: HTTP/1.1)
HTTP/1.1 200 OK
Content-Type: application/json; charset=utf-8
cache-control: no-cache
content-length: 14

22:27:32.369 [AsyncHttpClient-1-2] DEBUG org.asynchttpclient.netty.channel.ChannelManager - Adding key: http://localhost:50914 for channel [id: 0x8bcb7f26, L:/127.0.0.1:62084 - R:localhost/127.0.0.1:50914]
22:27:32.387 [Forwarding screenshot on session 7cfb0d43e3374d96128ceb0a49ccf95c to remote] DEBUG org.asynchttpclient.netty.request.NettyRequestSender - Using pooled Channel '[id: 0x8bcb7f26, L:/127.0.0.1:62084 - R:localhost/127.0.0.1:50914]' for 'GET' to 'http://localhost:50914/session/7cfb0d43e3374d96128ceb0a49ccf95c/screenshot'
22:27:32.387 [Forwarding screenshot on session 7cfb0d43e3374d96128ceb0a49ccf95c to remote] DEBUG org.asynchttpclient.netty.request.NettyRequestSender - Using open Channel [id: 0x8bcb7f26, L:/127.0.0.1:62084 - R:localhost/127.0.0.1:50914] for GET '/session/7cfb0d43e3374d96128ceb0a49ccf95c/screenshot'
22:27:32.890 [AsyncHttpClient-1-1] DEBUG org.asynchttpclient.netty.channel.DefaultChannelPool - Entry count for : http://localhost:62085 : 1
22:27:33.009 [AsyncHttpClient-1-2] DEBUG org.asynchttpclient.netty.handler.HttpHandler - 

Request DefaultFullHttpRequest(decodeResult: success, version: HTTP/1.1, content: EmptyByteBufBE)
GET /session/7cfb0d43e3374d96128ceb0a49ccf95c/screenshot HTTP/1.1
User-Agent: selenium/4.1.2 (java windows)
Cache-Control: no-cache
Content-Type: application/json; charset=utf-8
host: localhost:50914
accept: */*

Response DefaultHttpResponse(decodeResult: success, version: HTTP/1.1)
HTTP/1.1 200 OK
Content-Type: application/json; charset=utf-8
cache-control: no-cache
content-length: 121840

22:27:33.009 [AsyncHttpClient-1-2] DEBUG org.asynchttpclient.netty.channel.ChannelManager - Adding key: http://localhost:50914 for channel [id: 0x8bcb7f26, L:/127.0.0.1:62084 - R:localhost/127.0.0.1:50914]
22:27:33.014 [main] DEBUG net.serenitybdd.core.photography.Darkroom - Send negative for processing for target\site\serenity\613da494d33efae6fa31dc252c777a3e3deb7b70cbc7625c41195118248b4236.png
22:27:33.014 [main] DEBUG net.thucydides.core.steps.StepInterceptor - STEP DONE: {0} clicks on #target
22:27:33.014 [Darkroom Processing Line] DEBUG net.serenitybdd.core.photography.DarkroomProcessingLine - Processing screenshot image in /var/screenshots/screenshot-12412489963167898285
22:27:33.014 [Darkroom Processing Line] DEBUG net.serenitybdd.core.photography.DarkroomProcessingLine - Saving screenshot to target\site\serenity\613da494d33efae6fa31dc252c777a3e3deb7b70cbc7625c41195118248b4236.png
22:27:33.021 [main] DEBUG net.thucydides.core.steps.StepInterceptor - STEP DONE: {0} clicks on #category
  &amp#27;[32mWhen &amp#27;[0m&amp#27;[32muser clicks on &amp#27;[0m&amp#27;[32m&amp#27;[1m"tatil-eglence"&amp#27;[0m                                       &amp#27;[90m# stepdefinitions.CampaignsStepDefinitions.userClicksOnACategory(java.lang.String)&amp#27;[0m
22:27:33.035 [Forwarding findElement on session 7cfb0d43e3374d96128ceb0a49ccf95c to remote] DEBUG org.asynchttpclient.netty.request.NettyRequestSender - Using pooled Channel '[id: 0x8bcb7f26, L:/127.0.0.1:62084 - R:localhost/127.0.0.1:50914]' for 'POST' to 'http://localhost:50914/session/7cfb0d43e3374d96128ceb0a49ccf95c/element'
22:27:33.035 [Forwarding findElement on session 7cfb0d43e3374d96128ceb0a49ccf95c to remote] DEBUG org.asynchttpclient.netty.request.NettyRequestSender - Using open Channel [id: 0x8bcb7f26, L:/127.0.0.1:62084 - R:localhost/127.0.0.1:50914] for POST '/session/7cfb0d43e3374d96128ceb0a49ccf95c/element'
22:27:33.054 [AsyncHttpClient-1-2] DEBUG org.asynchttpclient.netty.handler.HttpHandler - 

Request DefaultHttpRequest(decodeResult: success, version: HTTP/1.1)
POST /session/7cfb0d43e3374d96128ceb0a49ccf95c/element HTTP/1.1
User-Agent: selenium/4.1.2 (java windows)
Content-Length: 75
Content-Type: application/json; charset=utf-8
host: localhost:50914
accept: */*

Response DefaultHttpResponse(decodeResult: success, version: HTTP/1.1)
HTTP/1.1 200 OK
Content-Type: application/json; charset=utf-8
cache-control: no-cache
content-length: 88

22:27:33.054 [AsyncHttpClient-1-2] DEBUG org.asynchttpclient.netty.channel.ChannelManager - Adding key: http://localhost:50914 for channel [id: 0x8bcb7f26, L:/127.0.0.1:62084 - R:localhost/127.0.0.1:50914]
22:27:33.058 [Forwarding getElementAttribute on session 7cfb0d43e3374d96128ceb0a49ccf95c to remote] DEBUG org.asynchttpclient.netty.request.NettyRequestSender - Using pooled Channel '[id: 0x8bcb7f26, L:/127.0.0.1:62084 - R:localhost/127.0.0.1:50914]' for 'POST' to 'http://localhost:50914/session/7cfb0d43e3374d96128ceb0a49ccf95c/execute/sync'
22:27:33.058 [Forwarding getElementAttribute on session 7cfb0d43e3374d96128ceb0a49ccf95c to remote] DEBUG org.asynchttpclient.netty.request.NettyRequestSender - Using open Channel [id: 0x8bcb7f26, L:/127.0.0.1:62084 - R:localhost/127.0.0.1:50914] for POST '/session/7cfb0d43e3374d96128ceb0a49ccf95c/execute/sync'
22:27:33.106 [AsyncHttpClient-1-2] DEBUG org.asynchttpclient.netty.handler.HttpHandler - 

Request DefaultHttpRequest(decodeResult: success, version: HTTP/1.1)
POST /session/7cfb0d43e3374d96128ceb0a49ccf95c/execute/sync HTTP/1.1
User-Agent: selenium/4.1.2 (java windows)
Content-Length: 47339
Content-Type: application/json; charset=utf-8
host: localhost:50914
accept: */*

Response DefaultHttpResponse(decodeResult: success, version: HTTP/1.1)
HTTP/1.1 200 OK
Content-Type: application/json; charset=utf-8
cache-control: no-cache
content-length: 99

22:27:33.106 [AsyncHttpClient-1-2] DEBUG org.asynchttpclient.netty.channel.ChannelManager - Adding key: http://localhost:50914 for channel [id: 0x8bcb7f26, L:/127.0.0.1:62084 - R:localhost/127.0.0.1:50914]
22:27:33.134 [Forwarding findElement on session 7cfb0d43e3374d96128ceb0a49ccf95c to remote] DEBUG org.asynchttpclient.netty.request.NettyRequestSender - Using pooled Channel '[id: 0x8bcb7f26, L:/127.0.0.1:62084 - R:localhost/127.0.0.1:50914]' for 'POST' to 'http://localhost:50914/session/7cfb0d43e3374d96128ceb0a49ccf95c/element'
22:27:33.135 [Forwarding findElement on session 7cfb0d43e3374d96128ceb0a49ccf95c to remote] DEBUG org.asynchttpclient.netty.request.NettyRequestSender - Using open Channel [id: 0x8bcb7f26, L:/127.0.0.1:62084 - R:localhost/127.0.0.1:50914] for POST '/session/7cfb0d43e3374d96128ceb0a49ccf95c/element'
22:27:33.159 [AsyncHttpClient-1-2] DEBUG org.asynchttpclient.netty.handler.HttpHandler - 

Request DefaultHttpRequest(decodeResult: success, version: HTTP/1.1)
POST /session/7cfb0d43e3374d96128ceb0a49ccf95c/element HTTP/1.1
User-Agent: selenium/4.1.2 (java windows)
Content-Length: 75
Content-Type: application/json; charset=utf-8
host: localhost:50914
accept: */*

Response DefaultHttpResponse(decodeResult: success, version: HTTP/1.1)
HTTP/1.1 200 OK
Content-Type: application/json; charset=utf-8
cache-control: no-cache
content-length: 88

22:27:33.159 [AsyncHttpClient-1-2] DEBUG org.asynchttpclient.netty.channel.ChannelManager - Adding key: http://localhost:50914 for channel [id: 0x8bcb7f26, L:/127.0.0.1:62084 - R:localhost/127.0.0.1:50914]
22:27:33.163 [Forwarding getElementAttribute on session 7cfb0d43e3374d96128ceb0a49ccf95c to remote] DEBUG org.asynchttpclient.netty.request.NettyRequestSender - Using pooled Channel '[id: 0x8bcb7f26, L:/127.0.0.1:62084 - R:localhost/127.0.0.1:50914]' for 'POST' to 'http://localhost:50914/session/7cfb0d43e3374d96128ceb0a49ccf95c/execute/sync'
22:27:33.163 [Forwarding getElementAttribute on session 7cfb0d43e3374d96128ceb0a49ccf95c to remote] DEBUG org.asynchttpclient.netty.request.NettyRequestSender - Using open Channel [id: 0x8bcb7f26, L:/127.0.0.1:62084 - R:localhost/127.0.0.1:50914] for POST '/session/7cfb0d43e3374d96128ceb0a49ccf95c/execute/sync'
22:27:33.188 [AsyncHttpClient-1-2] DEBUG org.asynchttpclient.netty.handler.HttpHandler - 

Request DefaultHttpRequest(decodeResult: success, version: HTTP/1.1)
POST /session/7cfb0d43e3374d96128ceb0a49ccf95c/execute/sync HTTP/1.1
User-Agent: selenium/4.1.2 (java windows)
Content-Length: 47339
Content-Type: application/json; charset=utf-8
host: localhost:50914
accept: */*

Response DefaultHttpResponse(decodeResult: success, version: HTTP/1.1)
HTTP/1.1 200 OK
Content-Type: application/json; charset=utf-8
cache-control: no-cache
content-length: 99

22:27:33.188 [AsyncHttpClient-1-2] DEBUG org.asynchttpclient.netty.channel.ChannelManager - Adding key: http://localhost:50914 for channel [id: 0x8bcb7f26, L:/127.0.0.1:62084 - R:localhost/127.0.0.1:50914]
22:27:33.275 [main] DEBUG net.thucydides.core.steps.StepInterceptor - STARTING STEP: CampaignsStepDefinitions.userObtainsCampaignsList - {0} should see #description
22:27:33.283 [Forwarding screenshot on session 7cfb0d43e3374d96128ceb0a49ccf95c to remote] DEBUG org.asynchttpclient.netty.request.NettyRequestSender - Using pooled Channel '[id: 0x8bcb7f26, L:/127.0.0.1:62084 - R:localhost/127.0.0.1:50914]' for 'GET' to 'http://localhost:50914/session/7cfb0d43e3374d96128ceb0a49ccf95c/screenshot'
22:27:33.283 [Forwarding screenshot on session 7cfb0d43e3374d96128ceb0a49ccf95c to remote] DEBUG org.asynchttpclient.netty.request.NettyRequestSender - Using open Channel [id: 0x8bcb7f26, L:/127.0.0.1:62084 - R:localhost/127.0.0.1:50914] for GET '/session/7cfb0d43e3374d96128ceb0a49ccf95c/screenshot'
22:27:33.498 [AsyncHttpClient-1-2] DEBUG org.asynchttpclient.netty.handler.HttpHandler - 

Request DefaultFullHttpRequest(decodeResult: success, version: HTTP/1.1, content: EmptyByteBufBE)
GET /session/7cfb0d43e3374d96128ceb0a49ccf95c/screenshot HTTP/1.1
User-Agent: selenium/4.1.2 (java windows)
Cache-Control: no-cache
Content-Type: application/json; charset=utf-8
host: localhost:50914
accept: */*

Response DefaultHttpResponse(decodeResult: success, version: HTTP/1.1)
HTTP/1.1 200 OK
Content-Type: application/json; charset=utf-8
cache-control: no-cache
content-length: 130152

22:27:33.498 [AsyncHttpClient-1-2] DEBUG org.asynchttpclient.netty.channel.ChannelManager - Adding key: http://localhost:50914 for channel [id: 0x8bcb7f26, L:/127.0.0.1:62084 - R:localhost/127.0.0.1:50914]
22:27:33.504 [main] DEBUG net.serenitybdd.core.photography.Darkroom - Send negative for processing for target\site\serenity\c506cdd3b8dee555170494aaba483b24e5a354911e03682c6d3771dd9d46e4ab.png
22:27:33.504 [main] DEBUG net.thucydides.core.steps.StepInterceptor - STEP DONE: {0} should see #description
22:27:33.504 [Darkroom Processing Line] DEBUG net.serenitybdd.core.photography.DarkroomProcessingLine - Processing screenshot image in /var/screenshots/screenshot-1406370354454534427
22:27:33.504 [Darkroom Processing Line] DEBUG net.serenitybdd.core.photography.DarkroomProcessingLine - Saving screenshot to target\site\serenity\c506cdd3b8dee555170494aaba483b24e5a354911e03682c6d3771dd9d46e4ab.png
22:27:33.505 [Forwarding getCurrentUrl on session 7cfb0d43e3374d96128ceb0a49ccf95c to remote] DEBUG org.asynchttpclient.netty.request.NettyRequestSender - Using pooled Channel '[id: 0x8bcb7f26, L:/127.0.0.1:62084 - R:localhost/127.0.0.1:50914]' for 'GET' to 'http://localhost:50914/session/7cfb0d43e3374d96128ceb0a49ccf95c/url'
22:27:33.505 [Forwarding getCurrentUrl on session 7cfb0d43e3374d96128ceb0a49ccf95c to remote] DEBUG org.asynchttpclient.netty.request.NettyRequestSender - Using open Channel [id: 0x8bcb7f26, L:/127.0.0.1:62084 - R:localhost/127.0.0.1:50914] for GET '/session/7cfb0d43e3374d96128ceb0a49ccf95c/url'
22:27:33.509 [AsyncHttpClient-1-2] DEBUG org.asynchttpclient.netty.handler.HttpHandler - 

Request DefaultFullHttpRequest(decodeResult: success, version: HTTP/1.1, content: EmptyByteBufBE)
GET /session/7cfb0d43e3374d96128ceb0a49ccf95c/url HTTP/1.1
User-Agent: selenium/4.1.2 (java windows)
Cache-Control: no-cache
Content-Type: application/json; charset=utf-8
host: localhost:50914
accept: */*

Response DefaultHttpResponse(decodeResult: success, version: HTTP/1.1)
HTTP/1.1 200 OK
Content-Type: application/json; charset=utf-8
cache-control: no-cache
content-length: 57

22:27:33.509 [AsyncHttpClient-1-2] DEBUG org.asynchttpclient.netty.channel.ChannelManager - Adding key: http://localhost:50914 for channel [id: 0x8bcb7f26, L:/127.0.0.1:62084 - R:localhost/127.0.0.1:50914]
22:27:33.518 [main] DEBUG net.thucydides.core.steps.StepInterceptor - STARTING STEP: CampaignsStepDefinitions.userObtainsCampaignsList - {0} should see #description
22:27:33.524 [main] DEBUG net.thucydides.core.steps.StepInterceptor - STEP DONE: {0} should see #description
22:27:33.526 [AsyncHttpClient-1-4] DEBUG org.asynchttpclient.netty.handler.WebSocketHandler - Channel Closed: [id: 0x0a74f7bf, L:/127.0.0.1:62092 ! R:localhost/127.0.0.1:62085] with attribute NettyResponseFuture{currentRetry=5,
	isDone=1,
	isCancelled=0,
	asyncHandler=org.asynchttpclient.ws.WebSocketUpgradeHandler@236c9f3c,
	nettyRequest=org.asynchttpclient.netty.request.NettyRequest@9e834bf,
	future=java.util.concurrent.CompletableFuture@5d5b2620[Completed normally],
	uri=ws://localhost:62085/devtools/browser/43ba6467-70d2-425a-89e4-3dba2106f722,
	keepAlive=true,
	redirectCount=0,
	timeoutsHolder=null,
	inAuth=0,
	touch=1644089246493}
22:27:33.526 [AsyncHttpClient-1-4] DEBUG org.asynchttpclient.netty.channel.ChannelManager - Closing Channel [id: 0x0a74f7bf, L:/127.0.0.1:62092 ! R:localhost/127.0.0.1:62085] 
22:27:33.527 [Driver Command Executor] DEBUG org.asynchttpclient.netty.request.NettyRequestSender - Using pooled Channel '[id: 0x8bcb7f26, L:/127.0.0.1:62084 - R:localhost/127.0.0.1:50914]' for 'DELETE' to 'http://localhost:50914/session/7cfb0d43e3374d96128ceb0a49ccf95c'
22:27:33.527 [Driver Command Executor] DEBUG org.asynchttpclient.netty.request.NettyRequestSender - Using open Channel [id: 0x8bcb7f26, L:/127.0.0.1:62084 - R:localhost/127.0.0.1:50914] for DELETE '/session/7cfb0d43e3374d96128ceb0a49ccf95c'
22:27:33.830 [AsyncHttpClient-1-3] DEBUG org.asynchttpclient.netty.handler.HttpHandler - Unexpected I/O exception on channel [id: 0x499be35b, L:/127.0.0.1:62091 - R:localhost/127.0.0.1:62085]
java.net.SocketException: Connection reset
	at java.base/sun.nio.ch.SocketChannelImpl.throwConnectionReset(SocketChannelImpl.java:394)
	at java.base/sun.nio.ch.SocketChannelImpl.read(SocketChannelImpl.java:426)
	at io.netty.buffer.PooledByteBuf.setBytes(PooledByteBuf.java:258)
	at io.netty.buffer.AbstractByteBuf.writeBytes(AbstractByteBuf.java:1132)
	at io.netty.channel.socket.nio.NioSocketChannel.doReadBytes(NioSocketChannel.java:350)
	at io.netty.channel.nio.AbstractNioByteChannel$NioByteUnsafe.read(AbstractNioByteChannel.java:151)
	at io.netty.channel.nio.NioEventLoop.processSelectedKey(NioEventLoop.java:722)
	at io.netty.channel.nio.NioEventLoop.processSelectedKeysOptimized(NioEventLoop.java:658)
	at io.netty.channel.nio.NioEventLoop.processSelectedKeys(NioEventLoop.java:584)
	at io.netty.channel.nio.NioEventLoop.run(NioEventLoop.java:496)
	at io.netty.util.concurrent.SingleThreadEventExecutor$4.run(SingleThreadEventExecutor.java:986)
	at io.netty.util.internal.ThreadExecutorMap$2.run(ThreadExecutorMap.java:74)
	at io.netty.util.concurrent.FastThreadLocalRunnable.run(FastThreadLocalRunnable.java:30)
	at java.base/java.lang.Thread.run(Thread.java:833)
22:27:33.830 [AsyncHttpClient-1-3] DEBUG org.asynchttpclient.netty.channel.ChannelManager - Closing Channel [id: 0x499be35b, L:/127.0.0.1:62091 - R:localhost/127.0.0.1:62085] 
22:27:33.830 [AsyncHttpClient-1-3] DEBUG org.asynchttpclient.netty.handler.HttpHandler - Channel Closed: [id: 0x499be35b, L:/127.0.0.1:62091 ! R:localhost/127.0.0.1:62085] with attribute DISCARD
22:27:33.850 [AsyncHttpClient-1-2] DEBUG org.asynchttpclient.netty.handler.HttpHandler - 

Request DefaultFullHttpRequest(decodeResult: success, version: HTTP/1.1, content: EmptyByteBufBE)
DELETE /session/7cfb0d43e3374d96128ceb0a49ccf95c HTTP/1.1
User-Agent: selenium/4.1.2 (java windows)
Content-Type: application/json; charset=utf-8
host: localhost:50914
accept: */*

Response DefaultHttpResponse(decodeResult: success, version: HTTP/1.1)
HTTP/1.1 200 OK
Content-Type: application/json; charset=utf-8
cache-control: no-cache
content-length: 14

22:27:33.850 [AsyncHttpClient-1-2] DEBUG org.asynchttpclient.netty.channel.ChannelManager - Adding key: http://localhost:50914 for channel [id: 0x8bcb7f26, L:/127.0.0.1:62084 - R:localhost/127.0.0.1:50914]
22:27:33.932 [AsyncHttpClient-1-2] DEBUG org.asynchttpclient.netty.handler.HttpHandler - Channel Closed: [id: 0x8bcb7f26, L:/127.0.0.1:62084 ! R:localhost/127.0.0.1:50914] with attribute DISCARD
22:27:33.980 [AsyncHttpClient-1-1] DEBUG org.asynchttpclient.netty.channel.DefaultChannelPool - Entry count for : http://localhost:62085 : 1
22:27:33.980 [AsyncHttpClient-1-1] DEBUG org.asynchttpclient.netty.channel.DefaultChannelPool - Entry count for : http://localhost:50914 : 1
22:27:33.980 [AsyncHttpClient-1-1] DEBUG org.asynchttpclient.netty.channel.DefaultChannelPool - Adding Candidate expired Channel [id: 0x499be35b, L:/127.0.0.1:62091 ! R:localhost/127.0.0.1:62085] isIdleTimeoutExpired=false isRemotelyClosed=true isTtlExpired=false
22:27:33.980 [AsyncHttpClient-1-1] DEBUG org.asynchttpclient.netty.channel.DefaultChannelPool - Closing Idle Channel [id: 0x499be35b, L:/127.0.0.1:62091 ! R:localhost/127.0.0.1:62085]
22:27:33.980 [AsyncHttpClient-1-1] DEBUG org.asynchttpclient.netty.channel.DefaultChannelPool - Adding Candidate expired Channel [id: 0x8bcb7f26, L:/127.0.0.1:62084 ! R:localhost/127.0.0.1:50914] isIdleTimeoutExpired=false isRemotelyClosed=true isTtlExpired=false
22:27:33.980 [AsyncHttpClient-1-1] DEBUG org.asynchttpclient.netty.channel.DefaultChannelPool - Closing Idle Channel [id: 0x8bcb7f26, L:/127.0.0.1:62084 ! R:localhost/127.0.0.1:50914]
22:27:33.980 [AsyncHttpClient-1-1] DEBUG org.asynchttpclient.netty.channel.DefaultChannelPool - Closed 2 connections out of 2 in 0 ms
  &amp#27;[32mThen &amp#27;[0m&amp#27;[32muser sees the &amp#27;[0m&amp#27;[32m&amp#27;[1m"tatil-eglence"&amp#27;[0m&amp#27;[32m campaigns list&amp#27;[0m                         &amp#27;[90m# stepdefinitions.CampaignsStepDefinitions.userObtainsCampaignsList(java.lang.String)&amp#27;[0m
]]></system-out>
    <system-err><![CDATA[Starting ChromeDriver 97.0.4692.71 (adefa7837d02a07a604c1e6eff0b3a09422ab88d-refs/branch-heads/4692@{#1247}) on port 50914
Only local connections are allowed.
Please see https://chromedriver.chromium.org/security-considerations for suggestions on keeping ChromeDriver safe.
ChromeDriver was started successfully.
Feb 05, 2022 10:27:26 PM org.openqa.selenium.remote.ProtocolHandshake createSession
INFO: Detected dialect: W3C
Feb 05, 2022 10:27:26 PM org.openqa.selenium.devtools.CdpVersionFinder findNearestMatch
INFO: Found exact CDP implementation for version 97
]]></system-err>
  </testcase>
  <testcase name="User clicks on category and obtains the list of campaigns #10" classname="List all campaigns" time="11.851">
    <system-out><![CDATA[
Scenario Outline: User clicks on category and obtains the list of campaigns &amp#27;[90m# src/test/resources/features/campaigns.feature:17&amp#27;[0m
22:27:34.012 [main] INFO io.cucumber.core.plugin.SerenityReporter - Running feature from file:///C:/Users/yasemin/Desktop/n11-bootcamp/n11TestAutomationCase1/src/test/resources/features/campaigns.feature
22:27:34.023 [main] DEBUG net.thucydides.core.steps.StepInterceptor - STARTING STEP: CampaignsStepDefinitions.userOpensThePage - !#title
22:27:34.023 [main] DEBUG net.thucydides.core.steps.StepInterceptor - STARTING STEP: CampaignsStepDefinitions.userOpensThePage - {0} opens the #targetPageName
22:27:34.033 [main] INFO net.serenitybdd.core.webdriver.driverproviders.ChromeDriverProvider - Using automatically driver download
22:27:34.182 [main] DEBUG io.github.bonigarcia.wdm.cache.ResolutionCache - Resolution chrome=97 in cache (valid until 22:28:40 05/02/2022 TRT)
22:27:34.182 [main] DEBUG io.github.bonigarcia.wdm.cache.ResolutionCache - Resolution chrome97=97.0.4692.71 in cache (valid until 00:08:14 06/02/2022 TRT)
22:27:34.182 [main] INFO io.github.bonigarcia.wdm.WebDriverManager - Using chromedriver 97.0.4692.71 (resolved driver for Chrome 97)
22:27:34.192 [main] DEBUG io.github.bonigarcia.wdm.WebDriverManager - Driver chromedriver 97.0.4692.71 found in cache
22:27:34.192 [main] INFO io.github.bonigarcia.wdm.WebDriverManager - Exporting webdriver.chrome.driver as C:\Users\yasemin\.cache\selenium\chromedriver\win32\97.0.4692.71\chromedriver.exe
22:27:35.450 [main] DEBUG net.thucydides.core.reflection.ClassFinder - Could not load class .pages.CampaignPage
22:27:35.460 [main] DEBUG net.thucydides.core.reflection.ClassFinder - Could not load class .pages.N11CampaignsMainPage
22:27:35.460 [main] DEBUG net.thucydides.core.reflection.ClassFinder - Could not load class .questions.CheckDriver
22:27:35.460 [main] DEBUG net.thucydides.core.reflection.ClassFinder - Could not load class .runners.CucumberRunner
22:27:35.460 [main] DEBUG net.thucydides.core.reflection.ClassFinder - Could not load class .stepdefinitions.CampaignsStepDefinitions
22:27:35.460 [main] DEBUG net.thucydides.core.reflection.ClassFinder - Could not load class .tasks.CheckNumOfCampaigns
22:27:35.460 [main] DEBUG net.thucydides.core.reflection.ClassFinder - Could not load class .tasks.ClickCategory
22:27:35.460 [main] DEBUG net.thucydides.core.reflection.ClassFinder - Could not load class .tasks.NavigateTo
22:27:35.460 [main] DEBUG net.thucydides.core.reflection.ClassFinder - Could not load class .tasks.WriteURLsExcel
22:27:35.460 [main] DEBUG net.thucydides.core.reflection.ClassFinder - Could not load class META-INF.versions.9.com.sun.istack.logging.StackHelper
22:27:35.460 [main] DEBUG net.thucydides.core.reflection.ClassFinder - Could not load class META-INF.versions.9.com.sun.xml.bind.v2.runtime.reflect.opt.AccessorInjector
22:27:35.460 [main] DEBUG net.thucydides.core.reflection.ClassFinder - Could not load class META-INF.versions.9.com.sun.xml.bind.v2.runtime.reflect.opt.Injector
22:27:35.460 [main] DEBUG net.thucydides.core.reflection.ClassFinder - Could not load class META-INF.versions.9.com.sun.xml.bind.v2.runtime.reflect.opt.OptimizedAccessorFactory
22:27:35.460 [main] DEBUG net.thucydides.core.reflection.ClassFinder - Could not load class META-INF.versions.9.com.sun.xml.bind.v2.runtime.reflect.opt.OptimizedTransducedAccessorFactory
22:27:35.460 [main] DEBUG net.thucydides.core.reflection.ClassFinder - Could not load class META-INF.versions.9.io.opentelemetry.sdk.internal.CurrentJavaVersionSpecific
22:27:35.460 [main] DEBUG net.thucydides.core.reflection.ClassFinder - Could not load class META-INF.versions.9.io.opentelemetry.sdk.internal.Java9VersionSpecific
22:27:35.460 [main] DEBUG net.thucydides.core.reflection.ClassFinder - Could not load class META-INF.versions.9.javax.xml.bind.ModuleUtil
22:27:35.460 [main] DEBUG net.thucydides.core.reflection.ClassFinder - Could not load class META-INF.versions.9.module-info
22:27:35.460 [main] DEBUG net.thucydides.core.reflection.ClassFinder - Could not load class META-INF.versions.9.org.apache.logging.log4j.util.Base64Util
22:27:35.460 [main] DEBUG net.thucydides.core.reflection.ClassFinder - Could not load class META-INF.versions.9.org.apache.logging.log4j.util.ProcessIdUtil
22:27:35.460 [main] DEBUG net.thucydides.core.reflection.ClassFinder - Could not load class META-INF.versions.9.org.apache.logging.log4j.util.StackLocator
22:27:35.460 [main] DEBUG net.thucydides.core.reflection.ClassFinder - Could not load class META-INF.versions.9.org.apache.logging.log4j.util.internal.DefaultObjectInputFilter
22:27:35.460 [main] DEBUG net.thucydides.core.reflection.ClassFinder - Could not load class META-INF.versions.9.org.apache.xmlbeans.impl.tool.MavenPluginResolver
22:27:35.460 [main] DEBUG net.thucydides.core.reflection.ClassFinder - Could not load class META-INF.versions.9.org.junit.platform.commons.util.ModuleUtils
22:27:35.460 [main] DEBUG net.thucydides.core.reflection.ClassFinder - Could not load class com.microsoft.schemas.office.office.STOLEUpdateMode
22:27:35.460 [main] DEBUG net.thucydides.core.reflection.ClassFinder - Could not load class com.microsoft.schemas.office.office.STScreenSize
22:27:35.460 [main] DEBUG net.thucydides.core.reflection.ClassFinder - Could not load class com.microsoft.schemas.office.visio.x2012.main.SheetType
22:27:35.460 [main] DEBUG net.thucydides.core.reflection.ClassFinder - Could not load class com.microsoft.schemas.office.word.STHorizontalAnchor
22:27:35.460 [main] DEBUG net.thucydides.core.reflection.ClassFinder - Could not load class com.microsoft.schemas.office.word.STVerticalAnchor
22:27:35.460 [main] DEBUG net.thucydides.core.reflection.ClassFinder - Could not load class com.microsoft.schemas.office.word.STWrapSide
22:27:35.460 [main] DEBUG net.thucydides.core.reflection.ClassFinder - Could not load class com.microsoft.schemas.vml.STImageAspect
22:27:35.460 [main] DEBUG net.thucydides.core.reflection.ClassFinder - Could not load class com.microsoft.schemas.vml.STStrokeArrowLength
22:27:35.460 [main] DEBUG net.thucydides.core.reflection.ClassFinder - Could not load class com.microsoft.schemas.vml.STStrokeArrowWidth
22:27:35.460 [main] DEBUG net.thucydides.core.reflection.ClassFinder - Could not load class com.microsoft.schemas.vml.STStrokeEndCap
22:27:35.460 [main] DEBUG net.thucydides.core.reflection.ClassFinder - Could not load class com.microsoft.schemas.vml.STStrokeLineStyle
22:27:35.460 [main] DEBUG net.thucydides.core.reflection.ClassFinder - Could not load class com.sun.xml.bind.v2.runtime.output.FastInfosetStreamWriterOutput
22:27:35.472 [main] DEBUG net.thucydides.core.reflection.ClassFinder - Could not load class module-info
22:27:35.475 [main] DEBUG net.thucydides.core.reflection.ClassFinder - Could not load class org.apache.logging.log4j.util.Activator
22:27:35.479 [main] DEBUG net.thucydides.core.reflection.ClassFinder - Could not load class org.apache.poi.xslf.draw.SVGImageRenderer
22:27:35.480 [main] DEBUG net.thucydides.core.reflection.ClassFinder - Could not load class org.apache.poi.xslf.draw.SVGPOIGraphics2D
22:27:35.480 [main] DEBUG net.thucydides.core.reflection.ClassFinder - Could not load class org.apache.poi.xslf.draw.SVGRenderExtension
22:27:35.480 [main] DEBUG net.thucydides.core.reflection.ClassFinder - Could not load class org.apache.poi.xslf.draw.SVGUserAgent
22:27:35.480 [main] DEBUG net.thucydides.core.reflection.ClassFinder - Could not load class org.apache.poi.xslf.util.SVGFormat
22:27:35.480 [main] DEBUG net.thucydides.core.reflection.ClassFinder - Could not load class org.apache.xmlbeans.impl.schema.TypeSystemHolder
22:27:35.480 [main] DEBUG net.thucydides.core.reflection.ClassFinder - Could not load class org.apache.xmlbeans.impl.tool.MavenPlugin
22:27:35.480 [main] DEBUG net.thucydides.core.reflection.ClassFinder - Could not load class org.apache.xmlbeans.impl.tool.MavenPluginHelp
22:27:35.480 [main] DEBUG net.thucydides.core.reflection.ClassFinder - Could not load class org.apache.xmlbeans.impl.tool.XMLBean
22:27:35.480 [main] DEBUG net.thucydides.core.reflection.ClassFinder - Could not load class org.apache.xmlbeans.impl.xpath.saxon.SaxonXPath
22:27:35.490 [main] DEBUG net.thucydides.core.reflection.ClassFinder - Could not load class org.apache.xmlbeans.impl.xpath.saxon.SaxonXQuery
22:27:35.500 [main] DEBUG net.thucydides.core.reflection.ClassFinder - Could not load class org.etsi.uri.x01903.v13.GenericTimeStampType
22:27:35.500 [main] DEBUG net.thucydides.core.reflection.ClassFinder - Could not load class org.etsi.uri.x01903.v13.QualifierType
22:27:35.500 [main] DEBUG net.thucydides.core.reflection.ClassFinder - Could not load class org.openxmlformats.schemas.drawingml.x2006.chart.CTSerAx
22:27:35.500 [main] DEBUG net.thucydides.core.reflection.ClassFinder - Could not load class org.openxmlformats.schemas.drawingml.x2006.chart.STDepthPercentUShort
22:27:35.500 [main] DEBUG net.thucydides.core.reflection.ClassFinder - Could not load class org.openxmlformats.schemas.drawingml.x2006.chart.STDepthPercentWithSymbol
22:27:35.500 [main] DEBUG net.thucydides.core.reflection.ClassFinder - Could not load class org.openxmlformats.schemas.drawingml.x2006.chart.STHPercentUShort
22:27:35.500 [main] DEBUG net.thucydides.core.reflection.ClassFinder - Could not load class org.openxmlformats.schemas.drawingml.x2006.chart.STHPercentWithSymbol
22:27:35.500 [main] DEBUG net.thucydides.core.reflection.ClassFinder - Could not load class org.openxmlformats.schemas.drawingml.x2006.chart.STHoleSizePercent
22:27:35.500 [main] DEBUG net.thucydides.core.reflection.ClassFinder - Could not load class org.openxmlformats.schemas.drawingml.x2006.chart.STHoleSizeUByte
22:27:35.500 [main] DEBUG net.thucydides.core.reflection.ClassFinder - Could not load class org.openxmlformats.schemas.drawingml.x2006.chart.STOverlapByte
22:27:35.500 [main] DEBUG net.thucydides.core.reflection.ClassFinder - Could not load class org.openxmlformats.schemas.drawingml.x2006.chart.STOverlapPercent
22:27:35.500 [main] DEBUG net.thucydides.core.reflection.ClassFinder - Could not load class org.openxmlformats.schemas.drawingml.x2006.chart.STPageSetupOrientation
22:27:35.500 [main] DEBUG net.thucydides.core.reflection.ClassFinder - Could not load class org.openxmlformats.schemas.drawingml.x2006.main.CTGroupFillProperties
22:27:35.510 [main] DEBUG net.thucydides.core.reflection.ClassFinder - Could not load class org.openxmlformats.schemas.drawingml.x2006.main.CTPath2DQuadBezierTo
22:27:35.510 [main] DEBUG net.thucydides.core.reflection.ClassFinder - Could not load class org.openxmlformats.schemas.drawingml.x2006.main.STEffectContainerType
22:27:35.510 [main] DEBUG net.thucydides.core.reflection.ClassFinder - Could not load class org.openxmlformats.schemas.drawingml.x2006.main.STPresetMaterialType
22:27:35.510 [main] DEBUG net.thucydides.core.reflection.ClassFinder - Could not load class org.openxmlformats.schemas.drawingml.x2006.wordprocessingDrawing.STAlignH
22:27:35.510 [main] DEBUG net.thucydides.core.reflection.ClassFinder - Could not load class org.openxmlformats.schemas.drawingml.x2006.wordprocessingDrawing.STAlignV
22:27:35.510 [main] DEBUG net.thucydides.core.reflection.ClassFinder - Could not load class org.openxmlformats.schemas.officeDocument.x2006.docPropsVTypes.STVectorBaseType
22:27:35.510 [main] DEBUG net.thucydides.core.reflection.ClassFinder - Could not load class org.openxmlformats.schemas.officeDocument.x2006.sharedTypes.STConformanceClass
22:27:35.510 [main] DEBUG net.thucydides.core.reflection.ClassFinder - Could not load class org.openxmlformats.schemas.presentationml.x2006.main.STDirection
22:27:35.510 [main] DEBUG net.thucydides.core.reflection.ClassFinder - Could not load class org.openxmlformats.schemas.presentationml.x2006.main.STTLTimeNodeMasterRelation
22:27:35.510 [main] DEBUG net.thucydides.core.reflection.ClassFinder - Could not load class org.openxmlformats.schemas.presentationml.x2006.main.STTLTimeNodePresetClassType
22:27:35.510 [main] DEBUG net.thucydides.core.reflection.ClassFinder - Could not load class org.openxmlformats.schemas.presentationml.x2006.main.STTLTimeNodeSyncType
22:27:35.510 [main] DEBUG net.thucydides.core.reflection.ClassFinder - Could not load class org.openxmlformats.schemas.presentationml.x2006.main.STTLTriggerEvent
22:27:35.510 [main] DEBUG net.thucydides.core.reflection.ClassFinder - Could not load class org.openxmlformats.schemas.spreadsheetml.x2006.main.STComments
22:27:35.510 [main] DEBUG net.thucydides.core.reflection.ClassFinder - Could not load class org.openxmlformats.schemas.spreadsheetml.x2006.main.STDataValidationImeMode
22:27:35.510 [main] DEBUG net.thucydides.core.reflection.ClassFinder - Could not load class org.openxmlformats.schemas.spreadsheetml.x2006.main.STFieldSortType
22:27:35.510 [main] DEBUG net.thucydides.core.reflection.ClassFinder - Could not load class org.openxmlformats.schemas.spreadsheetml.x2006.main.STOleUpdate
22:27:35.510 [main] DEBUG net.thucydides.core.reflection.ClassFinder - Could not load class org.openxmlformats.schemas.spreadsheetml.x2006.main.STPhoneticAlignment
22:27:35.510 [main] DEBUG net.thucydides.core.reflection.ClassFinder - Could not load class org.openxmlformats.schemas.spreadsheetml.x2006.main.STShowDataAs
22:27:35.510 [main] DEBUG net.thucydides.core.reflection.ClassFinder - Could not load class org.openxmlformats.schemas.spreadsheetml.x2006.main.STSortBy
22:27:35.510 [main] DEBUG net.thucydides.core.reflection.ClassFinder - Could not load class org.openxmlformats.schemas.spreadsheetml.x2006.main.STSortMethod
22:27:35.510 [main] DEBUG net.thucydides.core.reflection.ClassFinder - Could not load class org.openxmlformats.schemas.spreadsheetml.x2006.main.STTableType
22:27:35.510 [main] DEBUG net.thucydides.core.reflection.ClassFinder - Could not load class org.openxmlformats.schemas.spreadsheetml.x2006.main.STTargetScreenSize
22:27:35.510 [main] DEBUG net.thucydides.core.reflection.ClassFinder - Could not load class org.openxmlformats.schemas.spreadsheetml.x2006.main.STTotalsRowFunction
22:27:35.510 [main] DEBUG net.thucydides.core.reflection.ClassFinder - Could not load class org.openxmlformats.schemas.wordprocessingml.x2006.main.CTBookmarkRange
22:27:35.510 [main] DEBUG net.thucydides.core.reflection.ClassFinder - Could not load class org.openxmlformats.schemas.wordprocessingml.x2006.main.CTDocumentBase
22:27:35.510 [main] DEBUG net.thucydides.core.reflection.ClassFinder - Could not load class org.openxmlformats.schemas.wordprocessingml.x2006.main.CTPPrBase
22:27:35.510 [main] DEBUG net.thucydides.core.reflection.ClassFinder - Could not load class org.openxmlformats.schemas.wordprocessingml.x2006.main.CTTblGridBase
22:27:35.510 [main] DEBUG net.thucydides.core.reflection.ClassFinder - Could not load class org.openxmlformats.schemas.wordprocessingml.x2006.main.CTTblPrBase
22:27:35.510 [main] DEBUG net.thucydides.core.reflection.ClassFinder - Could not load class org.openxmlformats.schemas.wordprocessingml.x2006.main.CTTblPrExBase
22:27:35.510 [main] DEBUG net.thucydides.core.reflection.ClassFinder - Could not load class org.openxmlformats.schemas.wordprocessingml.x2006.main.CTTcPrBase
22:27:35.510 [main] DEBUG net.thucydides.core.reflection.ClassFinder - Could not load class org.openxmlformats.schemas.wordprocessingml.x2006.main.CTTcPrInner
22:27:35.510 [main] DEBUG net.thucydides.core.reflection.ClassFinder - Could not load class org.openxmlformats.schemas.wordprocessingml.x2006.main.CTTrPrBase
22:27:35.510 [main] DEBUG net.thucydides.core.reflection.ClassFinder - Could not load class org.openxmlformats.schemas.wordprocessingml.x2006.main.STChapterSep
22:27:35.520 [main] DEBUG net.thucydides.core.reflection.ClassFinder - Could not load class org.openxmlformats.schemas.wordprocessingml.x2006.main.STDropCap
22:27:35.520 [main] DEBUG net.thucydides.core.reflection.ClassFinder - Could not load class org.openxmlformats.schemas.wordprocessingml.x2006.main.STPTabAlignment
22:27:35.520 [main] DEBUG net.thucydides.core.reflection.ClassFinder - Could not load class org.openxmlformats.schemas.wordprocessingml.x2006.main.STPTabLeader
22:27:35.520 [main] DEBUG net.thucydides.core.reflection.ClassFinder - Could not load class org.openxmlformats.schemas.wordprocessingml.x2006.main.STPTabRelativeTo
22:27:35.520 [main] DEBUG net.thucydides.core.reflection.ClassFinder - Could not load class org.openxmlformats.schemas.wordprocessingml.x2006.main.STPageBorderZOrder
22:27:35.520 [main] DEBUG net.thucydides.core.reflection.ClassFinder - Could not load class org.openxmlformats.schemas.wordprocessingml.x2006.main.STZoom
22:27:35.660 [main] DEBUG net.serenitybdd.core.webdriver.driverproviders.ProvideNewDriver - Instantiating driver
22:27:35.660 [main] DEBUG net.serenitybdd.core.webdriver.driverproviders.ProvideNewDriver - Driver capabilities: Capabilities {acceptInsecureCerts: false, browserName: chrome, goog:chromeOptions: {args: [--start-maximized, --test-type, --no-sandbox, --ignore-certificate-errors, \r\n                       ..., --disable-default-apps, --disable-extensions-file-a..., \r\n                       ..., --disable-infobars,--disabl...], extensions: []}}
22:27:35.789 [AsyncHttpClient-1-5] DEBUG org.asynchttpclient.netty.channel.NettyConnectListener - Using new Channel '[id: 0xe7023fd3, L:/127.0.0.1:62163 - R:localhost/127.0.0.1:57107]' for 'POST' to '/session'
22:27:36.678 [AsyncHttpClient-1-5] DEBUG org.asynchttpclient.netty.handler.HttpHandler - 

Request DefaultHttpRequest(decodeResult: success, version: HTTP/1.1)
POST /session HTTP/1.1
User-Agent: selenium/4.1.2 (java windows)
Content-Length: 1191
Content-Type: application/json; charset=utf-8
host: localhost:57107
accept: */*

Response DefaultHttpResponse(decodeResult: success, version: HTTP/1.1)
HTTP/1.1 200 OK
Content-Type: application/json; charset=utf-8
cache-control: no-cache
content-length: 791

22:27:36.678 [AsyncHttpClient-1-5] DEBUG org.asynchttpclient.netty.channel.ChannelManager - Adding key: http://localhost:57107 for channel [id: 0xe7023fd3, L:/127.0.0.1:62163 - R:localhost/127.0.0.1:57107]
22:27:36.708 [AsyncHttpClient-1-6] DEBUG org.asynchttpclient.netty.channel.NettyConnectListener - Using new Channel '[id: 0x72ae0460, L:/127.0.0.1:62169 - R:localhost/127.0.0.1:62164]' for 'GET' to '/json/version'
22:27:36.714 [AsyncHttpClient-1-6] DEBUG org.asynchttpclient.netty.handler.HttpHandler - 

Request DefaultFullHttpRequest(decodeResult: success, version: HTTP/1.1, content: EmptyByteBufBE)
GET /json/version HTTP/1.1
User-Agent: selenium/4.1.2 (java windows)
host: localhost:62164
accept: */*

Response DefaultHttpResponse(decodeResult: success, version: HTTP/1.1)
HTTP/1.1 200 OK
Content-Type: application/json; charset=UTF-8
content-length: 424

22:27:36.714 [AsyncHttpClient-1-6] DEBUG org.asynchttpclient.netty.channel.ChannelManager - Adding key: http://localhost:62164 for channel [id: 0x72ae0460, L:/127.0.0.1:62169 - R:localhost/127.0.0.1:62164]
22:27:36.719 [AsyncHttpClient-1-7] DEBUG org.asynchttpclient.netty.channel.NettyConnectListener - Using new Channel '[id: 0x966c8362, L:/127.0.0.1:62170 - R:localhost/127.0.0.1:62164]' for 'GET' to '/devtools/browser/3a924434-35a7-41a6-b550-6f5bf2b64899'
22:27:36.720 [AsyncHttpClient-1-7] DEBUG org.asynchttpclient.netty.handler.WebSocketHandler - 

Request DefaultFullHttpRequest(decodeResult: success, version: HTTP/1.1, content: EmptyByteBufBE)
GET /devtools/browser/3a924434-35a7-41a6-b550-6f5bf2b64899 HTTP/1.1
upgrade: websocket
connection: upgrade
sec-websocket-key: V1YoIoIQzt2pgqfpUK4fAw==
sec-websocket-version: 13
origin: http://localhost:62164
host: localhost:62164
accept: */*
user-agent: AHC/2.1

Response DefaultHttpResponse(decodeResult: success, version: HTTP/1.1)
HTTP/1.1 101 WebSocket Protocol Handshake
Upgrade: WebSocket
Connection: Upgrade
Sec-WebSocket-Accept: eSg1564T+klodvOKJSv+fkpKay0=

22:27:36.723 [Forwarding maximizeCurrentWindow on session 9218bb8d944deee199987737ec57913b to remote] DEBUG org.asynchttpclient.netty.request.NettyRequestSender - Using pooled Channel '[id: 0xe7023fd3, L:/127.0.0.1:62163 - R:localhost/127.0.0.1:57107]' for 'POST' to 'http://localhost:57107/session/9218bb8d944deee199987737ec57913b/window/maximize'
22:27:36.723 [Forwarding maximizeCurrentWindow on session 9218bb8d944deee199987737ec57913b to remote] DEBUG org.asynchttpclient.netty.request.NettyRequestSender - Using open Channel [id: 0xe7023fd3, L:/127.0.0.1:62163 - R:localhost/127.0.0.1:57107] for POST '/session/9218bb8d944deee199987737ec57913b/window/maximize'
22:27:36.745 [AsyncHttpClient-1-5] DEBUG org.asynchttpclient.netty.handler.HttpHandler - 

Request DefaultHttpRequest(decodeResult: success, version: HTTP/1.1)
POST /session/9218bb8d944deee199987737ec57913b/window/maximize HTTP/1.1
User-Agent: selenium/4.1.2 (java windows)
Content-Length: 3
Content-Type: application/json; charset=utf-8
host: localhost:57107
accept: */*

Response DefaultHttpResponse(decodeResult: success, version: HTTP/1.1)
HTTP/1.1 200 OK
Content-Type: application/json; charset=utf-8
cache-control: no-cache
content-length: 51

22:27:36.745 [AsyncHttpClient-1-5] DEBUG org.asynchttpclient.netty.channel.ChannelManager - Adding key: http://localhost:57107 for channel [id: 0xe7023fd3, L:/127.0.0.1:62163 - R:localhost/127.0.0.1:57107]
22:27:37.287 [AsyncHttpClient-1-1] DEBUG org.asynchttpclient.netty.channel.DefaultChannelPool - Entry count for : http://localhost:62164 : 1
22:27:37.287 [AsyncHttpClient-1-1] DEBUG org.asynchttpclient.netty.channel.DefaultChannelPool - Entry count for : http://localhost:57107 : 1
22:27:38.081 [main] DEBUG net.thucydides.core.reflection.ClassFinder - Could not load class .pages.CampaignPage
22:27:38.081 [main] DEBUG net.thucydides.core.reflection.ClassFinder - Could not load class .pages.N11CampaignsMainPage
22:27:38.081 [main] DEBUG net.thucydides.core.reflection.ClassFinder - Could not load class .questions.CheckDriver
22:27:38.081 [main] DEBUG net.thucydides.core.reflection.ClassFinder - Could not load class .runners.CucumberRunner
22:27:38.081 [main] DEBUG net.thucydides.core.reflection.ClassFinder - Could not load class .stepdefinitions.CampaignsStepDefinitions
22:27:38.081 [main] DEBUG net.thucydides.core.reflection.ClassFinder - Could not load class .tasks.CheckNumOfCampaigns
22:27:38.081 [main] DEBUG net.thucydides.core.reflection.ClassFinder - Could not load class .tasks.ClickCategory
22:27:38.081 [main] DEBUG net.thucydides.core.reflection.ClassFinder - Could not load class .tasks.NavigateTo
22:27:38.081 [main] DEBUG net.thucydides.core.reflection.ClassFinder - Could not load class .tasks.WriteURLsExcel
22:27:38.081 [main] DEBUG net.thucydides.core.reflection.ClassFinder - Could not load class META-INF.versions.9.com.sun.istack.logging.StackHelper
22:27:38.081 [main] DEBUG net.thucydides.core.reflection.ClassFinder - Could not load class META-INF.versions.9.com.sun.xml.bind.v2.runtime.reflect.opt.AccessorInjector
22:27:38.081 [main] DEBUG net.thucydides.core.reflection.ClassFinder - Could not load class META-INF.versions.9.com.sun.xml.bind.v2.runtime.reflect.opt.Injector
22:27:38.081 [main] DEBUG net.thucydides.core.reflection.ClassFinder - Could not load class META-INF.versions.9.com.sun.xml.bind.v2.runtime.reflect.opt.OptimizedAccessorFactory
22:27:38.081 [main] DEBUG net.thucydides.core.reflection.ClassFinder - Could not load class META-INF.versions.9.com.sun.xml.bind.v2.runtime.reflect.opt.OptimizedTransducedAccessorFactory
22:27:38.081 [main] DEBUG net.thucydides.core.reflection.ClassFinder - Could not load class META-INF.versions.9.io.opentelemetry.sdk.internal.CurrentJavaVersionSpecific
22:27:38.081 [main] DEBUG net.thucydides.core.reflection.ClassFinder - Could not load class META-INF.versions.9.io.opentelemetry.sdk.internal.Java9VersionSpecific
22:27:38.081 [main] DEBUG net.thucydides.core.reflection.ClassFinder - Could not load class META-INF.versions.9.javax.xml.bind.ModuleUtil
22:27:38.081 [main] DEBUG net.thucydides.core.reflection.ClassFinder - Could not load class META-INF.versions.9.module-info
22:27:38.081 [main] DEBUG net.thucydides.core.reflection.ClassFinder - Could not load class META-INF.versions.9.org.apache.logging.log4j.util.Base64Util
22:27:38.081 [main] DEBUG net.thucydides.core.reflection.ClassFinder - Could not load class META-INF.versions.9.org.apache.logging.log4j.util.ProcessIdUtil
22:27:38.091 [main] DEBUG net.thucydides.core.reflection.ClassFinder - Could not load class META-INF.versions.9.org.apache.logging.log4j.util.StackLocator
22:27:38.091 [main] DEBUG net.thucydides.core.reflection.ClassFinder - Could not load class META-INF.versions.9.org.apache.logging.log4j.util.internal.DefaultObjectInputFilter
22:27:38.091 [main] DEBUG net.thucydides.core.reflection.ClassFinder - Could not load class META-INF.versions.9.org.apache.xmlbeans.impl.tool.MavenPluginResolver
22:27:38.091 [main] DEBUG net.thucydides.core.reflection.ClassFinder - Could not load class META-INF.versions.9.org.junit.platform.commons.util.ModuleUtils
22:27:38.091 [main] DEBUG net.thucydides.core.reflection.ClassFinder - Could not load class com.microsoft.schemas.office.office.STOLEUpdateMode
22:27:38.091 [main] DEBUG net.thucydides.core.reflection.ClassFinder - Could not load class com.microsoft.schemas.office.office.STScreenSize
22:27:38.091 [main] DEBUG net.thucydides.core.reflection.ClassFinder - Could not load class com.microsoft.schemas.office.visio.x2012.main.SheetType
22:27:38.091 [main] DEBUG net.thucydides.core.reflection.ClassFinder - Could not load class com.microsoft.schemas.office.word.STHorizontalAnchor
22:27:38.091 [main] DEBUG net.thucydides.core.reflection.ClassFinder - Could not load class com.microsoft.schemas.office.word.STVerticalAnchor
22:27:38.091 [main] DEBUG net.thucydides.core.reflection.ClassFinder - Could not load class com.microsoft.schemas.office.word.STWrapSide
22:27:38.091 [main] DEBUG net.thucydides.core.reflection.ClassFinder - Could not load class com.microsoft.schemas.vml.STImageAspect
22:27:38.091 [main] DEBUG net.thucydides.core.reflection.ClassFinder - Could not load class com.microsoft.schemas.vml.STStrokeArrowLength
22:27:38.091 [main] DEBUG net.thucydides.core.reflection.ClassFinder - Could not load class com.microsoft.schemas.vml.STStrokeArrowWidth
22:27:38.091 [main] DEBUG net.thucydides.core.reflection.ClassFinder - Could not load class com.microsoft.schemas.vml.STStrokeEndCap
22:27:38.091 [main] DEBUG net.thucydides.core.reflection.ClassFinder - Could not load class com.microsoft.schemas.vml.STStrokeLineStyle
22:27:38.091 [main] DEBUG net.thucydides.core.reflection.ClassFinder - Could not load class com.sun.xml.bind.v2.runtime.output.FastInfosetStreamWriterOutput
22:27:38.091 [main] DEBUG net.thucydides.core.reflection.ClassFinder - Could not load class module-info
22:27:38.102 [main] DEBUG net.thucydides.core.reflection.ClassFinder - Could not load class org.apache.logging.log4j.util.Activator
22:27:38.103 [main] DEBUG net.thucydides.core.reflection.ClassFinder - Could not load class org.apache.poi.xslf.draw.SVGImageRenderer
22:27:38.103 [main] DEBUG net.thucydides.core.reflection.ClassFinder - Could not load class org.apache.poi.xslf.draw.SVGPOIGraphics2D
22:27:38.103 [main] DEBUG net.thucydides.core.reflection.ClassFinder - Could not load class org.apache.poi.xslf.draw.SVGRenderExtension
22:27:38.113 [main] DEBUG net.thucydides.core.reflection.ClassFinder - Could not load class org.apache.poi.xslf.draw.SVGUserAgent
22:27:38.113 [main] DEBUG net.thucydides.core.reflection.ClassFinder - Could not load class org.apache.poi.xslf.util.SVGFormat
22:27:38.113 [main] DEBUG net.thucydides.core.reflection.ClassFinder - Could not load class org.apache.xmlbeans.impl.schema.TypeSystemHolder
22:27:38.113 [main] DEBUG net.thucydides.core.reflection.ClassFinder - Could not load class org.apache.xmlbeans.impl.tool.MavenPlugin
22:27:38.113 [main] DEBUG net.thucydides.core.reflection.ClassFinder - Could not load class org.apache.xmlbeans.impl.tool.MavenPluginHelp
22:27:38.113 [main] DEBUG net.thucydides.core.reflection.ClassFinder - Could not load class org.apache.xmlbeans.impl.tool.XMLBean
22:27:38.113 [main] DEBUG net.thucydides.core.reflection.ClassFinder - Could not load class org.apache.xmlbeans.impl.xpath.saxon.SaxonXPath
22:27:38.113 [main] DEBUG net.thucydides.core.reflection.ClassFinder - Could not load class org.apache.xmlbeans.impl.xpath.saxon.SaxonXQuery
22:27:38.131 [main] DEBUG net.thucydides.core.reflection.ClassFinder - Could not load class org.etsi.uri.x01903.v13.GenericTimeStampType
22:27:38.131 [main] DEBUG net.thucydides.core.reflection.ClassFinder - Could not load class org.etsi.uri.x01903.v13.QualifierType
22:27:38.141 [main] DEBUG net.thucydides.core.reflection.ClassFinder - Could not load class org.openxmlformats.schemas.drawingml.x2006.chart.CTSerAx
22:27:38.141 [main] DEBUG net.thucydides.core.reflection.ClassFinder - Could not load class org.openxmlformats.schemas.drawingml.x2006.chart.STDepthPercentUShort
22:27:38.141 [main] DEBUG net.thucydides.core.reflection.ClassFinder - Could not load class org.openxmlformats.schemas.drawingml.x2006.chart.STDepthPercentWithSymbol
22:27:38.141 [main] DEBUG net.thucydides.core.reflection.ClassFinder - Could not load class org.openxmlformats.schemas.drawingml.x2006.chart.STHPercentUShort
22:27:38.141 [main] DEBUG net.thucydides.core.reflection.ClassFinder - Could not load class org.openxmlformats.schemas.drawingml.x2006.chart.STHPercentWithSymbol
22:27:38.141 [main] DEBUG net.thucydides.core.reflection.ClassFinder - Could not load class org.openxmlformats.schemas.drawingml.x2006.chart.STHoleSizePercent
22:27:38.141 [main] DEBUG net.thucydides.core.reflection.ClassFinder - Could not load class org.openxmlformats.schemas.drawingml.x2006.chart.STHoleSizeUByte
22:27:38.141 [main] DEBUG net.thucydides.core.reflection.ClassFinder - Could not load class org.openxmlformats.schemas.drawingml.x2006.chart.STOverlapByte
22:27:38.141 [main] DEBUG net.thucydides.core.reflection.ClassFinder - Could not load class org.openxmlformats.schemas.drawingml.x2006.chart.STOverlapPercent
22:27:38.141 [main] DEBUG net.thucydides.core.reflection.ClassFinder - Could not load class org.openxmlformats.schemas.drawingml.x2006.chart.STPageSetupOrientation
22:27:38.141 [main] DEBUG net.thucydides.core.reflection.ClassFinder - Could not load class org.openxmlformats.schemas.drawingml.x2006.main.CTGroupFillProperties
22:27:38.141 [main] DEBUG net.thucydides.core.reflection.ClassFinder - Could not load class org.openxmlformats.schemas.drawingml.x2006.main.CTPath2DQuadBezierTo
22:27:38.141 [main] DEBUG net.thucydides.core.reflection.ClassFinder - Could not load class org.openxmlformats.schemas.drawingml.x2006.main.STEffectContainerType
22:27:38.141 [main] DEBUG net.thucydides.core.reflection.ClassFinder - Could not load class org.openxmlformats.schemas.drawingml.x2006.main.STPresetMaterialType
22:27:38.141 [main] DEBUG net.thucydides.core.reflection.ClassFinder - Could not load class org.openxmlformats.schemas.drawingml.x2006.wordprocessingDrawing.STAlignH
22:27:38.141 [main] DEBUG net.thucydides.core.reflection.ClassFinder - Could not load class org.openxmlformats.schemas.drawingml.x2006.wordprocessingDrawing.STAlignV
22:27:38.141 [main] DEBUG net.thucydides.core.reflection.ClassFinder - Could not load class org.openxmlformats.schemas.officeDocument.x2006.docPropsVTypes.STVectorBaseType
22:27:38.141 [main] DEBUG net.thucydides.core.reflection.ClassFinder - Could not load class org.openxmlformats.schemas.officeDocument.x2006.sharedTypes.STConformanceClass
22:27:38.141 [main] DEBUG net.thucydides.core.reflection.ClassFinder - Could not load class org.openxmlformats.schemas.presentationml.x2006.main.STDirection
22:27:38.141 [main] DEBUG net.thucydides.core.reflection.ClassFinder - Could not load class org.openxmlformats.schemas.presentationml.x2006.main.STTLTimeNodeMasterRelation
22:27:38.141 [main] DEBUG net.thucydides.core.reflection.ClassFinder - Could not load class org.openxmlformats.schemas.presentationml.x2006.main.STTLTimeNodePresetClassType
22:27:38.141 [main] DEBUG net.thucydides.core.reflection.ClassFinder - Could not load class org.openxmlformats.schemas.presentationml.x2006.main.STTLTimeNodeSyncType
22:27:38.141 [main] DEBUG net.thucydides.core.reflection.ClassFinder - Could not load class org.openxmlformats.schemas.presentationml.x2006.main.STTLTriggerEvent
22:27:38.151 [main] DEBUG net.thucydides.core.reflection.ClassFinder - Could not load class org.openxmlformats.schemas.spreadsheetml.x2006.main.STComments
22:27:38.151 [main] DEBUG net.thucydides.core.reflection.ClassFinder - Could not load class org.openxmlformats.schemas.spreadsheetml.x2006.main.STDataValidationImeMode
22:27:38.151 [main] DEBUG net.thucydides.core.reflection.ClassFinder - Could not load class org.openxmlformats.schemas.spreadsheetml.x2006.main.STFieldSortType
22:27:38.151 [main] DEBUG net.thucydides.core.reflection.ClassFinder - Could not load class org.openxmlformats.schemas.spreadsheetml.x2006.main.STOleUpdate
22:27:38.151 [main] DEBUG net.thucydides.core.reflection.ClassFinder - Could not load class org.openxmlformats.schemas.spreadsheetml.x2006.main.STPhoneticAlignment
22:27:38.151 [main] DEBUG net.thucydides.core.reflection.ClassFinder - Could not load class org.openxmlformats.schemas.spreadsheetml.x2006.main.STShowDataAs
22:27:38.151 [main] DEBUG net.thucydides.core.reflection.ClassFinder - Could not load class org.openxmlformats.schemas.spreadsheetml.x2006.main.STSortBy
22:27:38.151 [main] DEBUG net.thucydides.core.reflection.ClassFinder - Could not load class org.openxmlformats.schemas.spreadsheetml.x2006.main.STSortMethod
22:27:38.151 [main] DEBUG net.thucydides.core.reflection.ClassFinder - Could not load class org.openxmlformats.schemas.spreadsheetml.x2006.main.STTableType
22:27:38.151 [main] DEBUG net.thucydides.core.reflection.ClassFinder - Could not load class org.openxmlformats.schemas.spreadsheetml.x2006.main.STTargetScreenSize
22:27:38.151 [main] DEBUG net.thucydides.core.reflection.ClassFinder - Could not load class org.openxmlformats.schemas.spreadsheetml.x2006.main.STTotalsRowFunction
22:27:38.151 [main] DEBUG net.thucydides.core.reflection.ClassFinder - Could not load class org.openxmlformats.schemas.wordprocessingml.x2006.main.CTBookmarkRange
22:27:38.151 [main] DEBUG net.thucydides.core.reflection.ClassFinder - Could not load class org.openxmlformats.schemas.wordprocessingml.x2006.main.CTDocumentBase
22:27:38.151 [main] DEBUG net.thucydides.core.reflection.ClassFinder - Could not load class org.openxmlformats.schemas.wordprocessingml.x2006.main.CTPPrBase
22:27:38.151 [main] DEBUG net.thucydides.core.reflection.ClassFinder - Could not load class org.openxmlformats.schemas.wordprocessingml.x2006.main.CTTblGridBase
22:27:38.151 [main] DEBUG net.thucydides.core.reflection.ClassFinder - Could not load class org.openxmlformats.schemas.wordprocessingml.x2006.main.CTTblPrBase
22:27:38.151 [main] DEBUG net.thucydides.core.reflection.ClassFinder - Could not load class org.openxmlformats.schemas.wordprocessingml.x2006.main.CTTblPrExBase
22:27:38.151 [main] DEBUG net.thucydides.core.reflection.ClassFinder - Could not load class org.openxmlformats.schemas.wordprocessingml.x2006.main.CTTcPrBase
22:27:38.151 [main] DEBUG net.thucydides.core.reflection.ClassFinder - Could not load class org.openxmlformats.schemas.wordprocessingml.x2006.main.CTTcPrInner
22:27:38.151 [main] DEBUG net.thucydides.core.reflection.ClassFinder - Could not load class org.openxmlformats.schemas.wordprocessingml.x2006.main.CTTrPrBase
22:27:38.151 [main] DEBUG net.thucydides.core.reflection.ClassFinder - Could not load class org.openxmlformats.schemas.wordprocessingml.x2006.main.STChapterSep
22:27:38.151 [main] DEBUG net.thucydides.core.reflection.ClassFinder - Could not load class org.openxmlformats.schemas.wordprocessingml.x2006.main.STDropCap
22:27:38.151 [main] DEBUG net.thucydides.core.reflection.ClassFinder - Could not load class org.openxmlformats.schemas.wordprocessingml.x2006.main.STPTabAlignment
22:27:38.151 [main] DEBUG net.thucydides.core.reflection.ClassFinder - Could not load class org.openxmlformats.schemas.wordprocessingml.x2006.main.STPTabLeader
22:27:38.151 [main] DEBUG net.thucydides.core.reflection.ClassFinder - Could not load class org.openxmlformats.schemas.wordprocessingml.x2006.main.STPTabRelativeTo
22:27:38.151 [main] DEBUG net.thucydides.core.reflection.ClassFinder - Could not load class org.openxmlformats.schemas.wordprocessingml.x2006.main.STPageBorderZOrder
22:27:38.151 [main] DEBUG net.thucydides.core.reflection.ClassFinder - Could not load class org.openxmlformats.schemas.wordprocessingml.x2006.main.STZoom
22:27:38.151 [Forwarding get on session 9218bb8d944deee199987737ec57913b to remote] DEBUG org.asynchttpclient.netty.request.NettyRequestSender - Using pooled Channel '[id: 0xe7023fd3, L:/127.0.0.1:62163 - R:localhost/127.0.0.1:57107]' for 'POST' to 'http://localhost:57107/session/9218bb8d944deee199987737ec57913b/url'
22:27:38.151 [Forwarding get on session 9218bb8d944deee199987737ec57913b to remote] DEBUG org.asynchttpclient.netty.request.NettyRequestSender - Using open Channel [id: 0xe7023fd3, L:/127.0.0.1:62163 - R:localhost/127.0.0.1:57107] for POST '/session/9218bb8d944deee199987737ec57913b/url'
22:27:38.382 [AsyncHttpClient-1-1] DEBUG org.asynchttpclient.netty.channel.DefaultChannelPool - Entry count for : http://localhost:62164 : 1
22:27:39.480 [AsyncHttpClient-1-1] DEBUG org.asynchttpclient.netty.channel.DefaultChannelPool - Entry count for : http://localhost:62164 : 1
22:27:40.580 [AsyncHttpClient-1-1] DEBUG org.asynchttpclient.netty.channel.DefaultChannelPool - Entry count for : http://localhost:62164 : 1
22:27:41.688 [AsyncHttpClient-1-1] DEBUG org.asynchttpclient.netty.channel.DefaultChannelPool - Entry count for : http://localhost:62164 : 1
22:27:42.369 [AsyncHttpClient-1-5] DEBUG org.asynchttpclient.netty.handler.HttpHandler - 

Request DefaultHttpRequest(decodeResult: success, version: HTTP/1.1)
POST /session/9218bb8d944deee199987737ec57913b/url HTTP/1.1
User-Agent: selenium/4.1.2 (java windows)
Content-Length: 61
Content-Type: application/json; charset=utf-8
host: localhost:57107
accept: */*

Response DefaultHttpResponse(decodeResult: success, version: HTTP/1.1)
HTTP/1.1 200 OK
Content-Type: application/json; charset=utf-8
cache-control: no-cache
content-length: 14

22:27:42.369 [AsyncHttpClient-1-5] DEBUG org.asynchttpclient.netty.channel.ChannelManager - Adding key: http://localhost:57107 for channel [id: 0xe7023fd3, L:/127.0.0.1:62163 - R:localhost/127.0.0.1:57107]
22:27:42.371 [Forwarding setTimeout on session 9218bb8d944deee199987737ec57913b to remote] DEBUG org.asynchttpclient.netty.request.NettyRequestSender - Using pooled Channel '[id: 0xe7023fd3, L:/127.0.0.1:62163 - R:localhost/127.0.0.1:57107]' for 'POST' to 'http://localhost:57107/session/9218bb8d944deee199987737ec57913b/timeouts'
22:27:42.371 [Forwarding setTimeout on session 9218bb8d944deee199987737ec57913b to remote] DEBUG org.asynchttpclient.netty.request.NettyRequestSender - Using open Channel [id: 0xe7023fd3, L:/127.0.0.1:62163 - R:localhost/127.0.0.1:57107] for POST '/session/9218bb8d944deee199987737ec57913b/timeouts'
22:27:42.372 [AsyncHttpClient-1-5] DEBUG org.asynchttpclient.netty.handler.HttpHandler - 

Request DefaultHttpRequest(decodeResult: success, version: HTTP/1.1)
POST /session/9218bb8d944deee199987737ec57913b/timeouts HTTP/1.1
User-Agent: selenium/4.1.2 (java windows)
Content-Length: 22
Content-Type: application/json; charset=utf-8
host: localhost:57107
accept: */*

Response DefaultHttpResponse(decodeResult: success, version: HTTP/1.1)
HTTP/1.1 200 OK
Content-Type: application/json; charset=utf-8
cache-control: no-cache
content-length: 14

22:27:42.372 [AsyncHttpClient-1-5] DEBUG org.asynchttpclient.netty.channel.ChannelManager - Adding key: http://localhost:57107 for channel [id: 0xe7023fd3, L:/127.0.0.1:62163 - R:localhost/127.0.0.1:57107]
22:27:42.374 [Forwarding getCurrentUrl on session 9218bb8d944deee199987737ec57913b to remote] DEBUG org.asynchttpclient.netty.request.NettyRequestSender - Using pooled Channel '[id: 0xe7023fd3, L:/127.0.0.1:62163 - R:localhost/127.0.0.1:57107]' for 'GET' to 'http://localhost:57107/session/9218bb8d944deee199987737ec57913b/url'
22:27:42.374 [Forwarding getCurrentUrl on session 9218bb8d944deee199987737ec57913b to remote] DEBUG org.asynchttpclient.netty.request.NettyRequestSender - Using open Channel [id: 0xe7023fd3, L:/127.0.0.1:62163 - R:localhost/127.0.0.1:57107] for GET '/session/9218bb8d944deee199987737ec57913b/url'
22:27:42.385 [AsyncHttpClient-1-5] DEBUG org.asynchttpclient.netty.handler.HttpHandler - 

Request DefaultFullHttpRequest(decodeResult: success, version: HTTP/1.1, content: EmptyByteBufBE)
GET /session/9218bb8d944deee199987737ec57913b/url HTTP/1.1
User-Agent: selenium/4.1.2 (java windows)
Cache-Control: no-cache
Content-Type: application/json; charset=utf-8
host: localhost:57107
accept: */*

Response DefaultHttpResponse(decodeResult: success, version: HTTP/1.1)
HTTP/1.1 200 OK
Content-Type: application/json; charset=utf-8
cache-control: no-cache
content-length: 43

22:27:42.385 [AsyncHttpClient-1-5] DEBUG org.asynchttpclient.netty.channel.ChannelManager - Adding key: http://localhost:57107 for channel [id: 0xe7023fd3, L:/127.0.0.1:62163 - R:localhost/127.0.0.1:57107]
22:27:42.387 [Forwarding getCurrentUrl on session 9218bb8d944deee199987737ec57913b to remote] DEBUG org.asynchttpclient.netty.request.NettyRequestSender - Using pooled Channel '[id: 0xe7023fd3, L:/127.0.0.1:62163 - R:localhost/127.0.0.1:57107]' for 'GET' to 'http://localhost:57107/session/9218bb8d944deee199987737ec57913b/url'
22:27:42.387 [Forwarding getCurrentUrl on session 9218bb8d944deee199987737ec57913b to remote] DEBUG org.asynchttpclient.netty.request.NettyRequestSender - Using open Channel [id: 0xe7023fd3, L:/127.0.0.1:62163 - R:localhost/127.0.0.1:57107] for GET '/session/9218bb8d944deee199987737ec57913b/url'
22:27:42.392 [AsyncHttpClient-1-5] DEBUG org.asynchttpclient.netty.handler.HttpHandler - 

Request DefaultFullHttpRequest(decodeResult: success, version: HTTP/1.1, content: EmptyByteBufBE)
GET /session/9218bb8d944deee199987737ec57913b/url HTTP/1.1
User-Agent: selenium/4.1.2 (java windows)
Cache-Control: no-cache
Content-Type: application/json; charset=utf-8
host: localhost:57107
accept: */*

Response DefaultHttpResponse(decodeResult: success, version: HTTP/1.1)
HTTP/1.1 200 OK
Content-Type: application/json; charset=utf-8
cache-control: no-cache
content-length: 43

22:27:42.392 [AsyncHttpClient-1-5] DEBUG org.asynchttpclient.netty.channel.ChannelManager - Adding key: http://localhost:57107 for channel [id: 0xe7023fd3, L:/127.0.0.1:62163 - R:localhost/127.0.0.1:57107]
22:27:42.402 [Forwarding screenshot on session 9218bb8d944deee199987737ec57913b to remote] DEBUG org.asynchttpclient.netty.request.NettyRequestSender - Using pooled Channel '[id: 0xe7023fd3, L:/127.0.0.1:62163 - R:localhost/127.0.0.1:57107]' for 'GET' to 'http://localhost:57107/session/9218bb8d944deee199987737ec57913b/screenshot'
22:27:42.403 [Forwarding screenshot on session 9218bb8d944deee199987737ec57913b to remote] DEBUG org.asynchttpclient.netty.request.NettyRequestSender - Using open Channel [id: 0xe7023fd3, L:/127.0.0.1:62163 - R:localhost/127.0.0.1:57107] for GET '/session/9218bb8d944deee199987737ec57913b/screenshot'
22:27:42.762 [AsyncHttpClient-1-5] DEBUG org.asynchttpclient.netty.handler.HttpHandler - 

Request DefaultFullHttpRequest(decodeResult: success, version: HTTP/1.1, content: EmptyByteBufBE)
GET /session/9218bb8d944deee199987737ec57913b/screenshot HTTP/1.1
User-Agent: selenium/4.1.2 (java windows)
Cache-Control: no-cache
Content-Type: application/json; charset=utf-8
host: localhost:57107
accept: */*

Response DefaultHttpResponse(decodeResult: success, version: HTTP/1.1)
HTTP/1.1 200 OK
Content-Type: application/json; charset=utf-8
cache-control: no-cache
content-length: 716148

22:27:42.763 [AsyncHttpClient-1-5] DEBUG org.asynchttpclient.netty.channel.ChannelManager - Adding key: http://localhost:57107 for channel [id: 0xe7023fd3, L:/127.0.0.1:62163 - R:localhost/127.0.0.1:57107]
22:27:42.784 [main] DEBUG net.serenitybdd.core.photography.Darkroom - Send negative for processing for target\site\serenity\0b663212aae285cd7e928c04715213693ec5aec7e300b9c9e8ddf126ebdfce52.png
22:27:42.784 [main] DEBUG net.thucydides.core.steps.StepInterceptor - STEP DONE: {0} opens the #targetPageName
22:27:42.784 [AsyncHttpClient-1-1] DEBUG org.asynchttpclient.netty.channel.DefaultChannelPool - Entry count for : http://localhost:62164 : 1
22:27:42.784 [AsyncHttpClient-1-1] DEBUG org.asynchttpclient.netty.channel.DefaultChannelPool - Entry count for : http://localhost:57107 : 1
22:27:42.786 [main] DEBUG net.thucydides.core.steps.StepInterceptor - STEP DONE: !#title
  &amp#27;[32mGiven &amp#27;[0m&amp#27;[32muser opens the page&amp#27;[0m                                                 &amp#27;[90m# stepdefinitions.CampaignsStepDefinitions.userOpensThePage()&amp#27;[0m
22:27:42.806 [main] DEBUG net.thucydides.core.steps.StepInterceptor - STARTING STEP: CampaignsStepDefinitions.userClicksOnACategory - {0} clicks on #target
22:27:42.806 [main] DEBUG net.serenitybdd.screenplay.targets.IFrameSwitcher - default content already selected for Location pop-up close
22:27:42.806 [Forwarding findElement on session 9218bb8d944deee199987737ec57913b to remote] DEBUG org.asynchttpclient.netty.request.NettyRequestSender - Using pooled Channel '[id: 0xe7023fd3, L:/127.0.0.1:62163 - R:localhost/127.0.0.1:57107]' for 'POST' to 'http://localhost:57107/session/9218bb8d944deee199987737ec57913b/element'
22:27:42.806 [Forwarding findElement on session 9218bb8d944deee199987737ec57913b to remote] DEBUG org.asynchttpclient.netty.request.NettyRequestSender - Using open Channel [id: 0xe7023fd3, L:/127.0.0.1:62163 - R:localhost/127.0.0.1:57107] for POST '/session/9218bb8d944deee199987737ec57913b/element'
22:27:42.836 [AsyncHttpClient-1-5] DEBUG org.asynchttpclient.netty.handler.HttpHandler - 

Request DefaultHttpRequest(decodeResult: success, version: HTTP/1.1)
POST /session/9218bb8d944deee199987737ec57913b/element HTTP/1.1
User-Agent: selenium/4.1.2 (java windows)
Content-Length: 66
Content-Type: application/json; charset=utf-8
host: localhost:57107
accept: */*

Response DefaultHttpResponse(decodeResult: success, version: HTTP/1.1)
HTTP/1.1 200 OK
Content-Type: application/json; charset=utf-8
cache-control: no-cache
content-length: 88

22:27:42.838 [AsyncHttpClient-1-5] DEBUG org.asynchttpclient.netty.channel.ChannelManager - Adding key: http://localhost:57107 for channel [id: 0xe7023fd3, L:/127.0.0.1:62163 - R:localhost/127.0.0.1:57107]
22:27:42.838 [Forwarding isElementDisplayed on session 9218bb8d944deee199987737ec57913b to remote] DEBUG org.asynchttpclient.netty.request.NettyRequestSender - Using pooled Channel '[id: 0xe7023fd3, L:/127.0.0.1:62163 - R:localhost/127.0.0.1:57107]' for 'POST' to 'http://localhost:57107/session/9218bb8d944deee199987737ec57913b/execute/sync'
22:27:42.838 [Forwarding isElementDisplayed on session 9218bb8d944deee199987737ec57913b to remote] DEBUG org.asynchttpclient.netty.request.NettyRequestSender - Using open Channel [id: 0xe7023fd3, L:/127.0.0.1:62163 - R:localhost/127.0.0.1:57107] for POST '/session/9218bb8d944deee199987737ec57913b/execute/sync'
22:27:42.882 [AsyncHttpClient-1-5] DEBUG org.asynchttpclient.netty.handler.HttpHandler - 

Request DefaultHttpRequest(decodeResult: success, version: HTTP/1.1)
POST /session/9218bb8d944deee199987737ec57913b/execute/sync HTTP/1.1
User-Agent: selenium/4.1.2 (java windows)
Content-Length: 48780
Content-Type: application/json; charset=utf-8
host: localhost:57107
accept: */*

Response DefaultHttpResponse(decodeResult: success, version: HTTP/1.1)
HTTP/1.1 200 OK
Content-Type: application/json; charset=utf-8
cache-control: no-cache
content-length: 14

22:27:42.882 [AsyncHttpClient-1-5] DEBUG org.asynchttpclient.netty.channel.ChannelManager - Adding key: http://localhost:57107 for channel [id: 0xe7023fd3, L:/127.0.0.1:62163 - R:localhost/127.0.0.1:57107]
22:27:42.893 [Forwarding findElement on session 9218bb8d944deee199987737ec57913b to remote] DEBUG org.asynchttpclient.netty.request.NettyRequestSender - Using pooled Channel '[id: 0xe7023fd3, L:/127.0.0.1:62163 - R:localhost/127.0.0.1:57107]' for 'POST' to 'http://localhost:57107/session/9218bb8d944deee199987737ec57913b/element'
22:27:42.893 [Forwarding findElement on session 9218bb8d944deee199987737ec57913b to remote] DEBUG org.asynchttpclient.netty.request.NettyRequestSender - Using open Channel [id: 0xe7023fd3, L:/127.0.0.1:62163 - R:localhost/127.0.0.1:57107] for POST '/session/9218bb8d944deee199987737ec57913b/element'
22:27:43.065 [AsyncHttpClient-1-5] DEBUG org.asynchttpclient.netty.handler.HttpHandler - 

Request DefaultHttpRequest(decodeResult: success, version: HTTP/1.1)
POST /session/9218bb8d944deee199987737ec57913b/element HTTP/1.1
User-Agent: selenium/4.1.2 (java windows)
Content-Length: 66
Content-Type: application/json; charset=utf-8
host: localhost:57107
accept: */*

Response DefaultHttpResponse(decodeResult: success, version: HTTP/1.1)
HTTP/1.1 200 OK
Content-Type: application/json; charset=utf-8
cache-control: no-cache
content-length: 88

22:27:43.065 [AsyncHttpClient-1-5] DEBUG org.asynchttpclient.netty.channel.ChannelManager - Adding key: http://localhost:57107 for channel [id: 0xe7023fd3, L:/127.0.0.1:62163 - R:localhost/127.0.0.1:57107]
22:27:43.066 [Forwarding clickElement on session 9218bb8d944deee199987737ec57913b to remote] DEBUG org.asynchttpclient.netty.request.NettyRequestSender - Using pooled Channel '[id: 0xe7023fd3, L:/127.0.0.1:62163 - R:localhost/127.0.0.1:57107]' for 'POST' to 'http://localhost:57107/session/9218bb8d944deee199987737ec57913b/element/a6184ac3-7100-48de-b711-a1cf88945fb0/click'
22:27:43.066 [Forwarding clickElement on session 9218bb8d944deee199987737ec57913b to remote] DEBUG org.asynchttpclient.netty.request.NettyRequestSender - Using open Channel [id: 0xe7023fd3, L:/127.0.0.1:62163 - R:localhost/127.0.0.1:57107] for POST '/session/9218bb8d944deee199987737ec57913b/element/a6184ac3-7100-48de-b711-a1cf88945fb0/click'
22:27:43.217 [AsyncHttpClient-1-5] DEBUG org.asynchttpclient.netty.handler.HttpHandler - 

Request DefaultHttpRequest(decodeResult: success, version: HTTP/1.1)
POST /session/9218bb8d944deee199987737ec57913b/element/a6184ac3-7100-48de-b711-a1cf88945fb0/click HTTP/1.1
User-Agent: selenium/4.1.2 (java windows)
Content-Length: 50
Content-Type: application/json; charset=utf-8
host: localhost:57107
accept: */*

Response DefaultHttpResponse(decodeResult: success, version: HTTP/1.1)
HTTP/1.1 200 OK
Content-Type: application/json; charset=utf-8
cache-control: no-cache
content-length: 14

22:27:43.217 [AsyncHttpClient-1-5] DEBUG org.asynchttpclient.netty.channel.ChannelManager - Adding key: http://localhost:57107 for channel [id: 0xe7023fd3, L:/127.0.0.1:62163 - R:localhost/127.0.0.1:57107]
22:27:43.228 [Forwarding screenshot on session 9218bb8d944deee199987737ec57913b to remote] DEBUG org.asynchttpclient.netty.request.NettyRequestSender - Using pooled Channel '[id: 0xe7023fd3, L:/127.0.0.1:62163 - R:localhost/127.0.0.1:57107]' for 'GET' to 'http://localhost:57107/session/9218bb8d944deee199987737ec57913b/screenshot'
22:27:43.228 [Forwarding screenshot on session 9218bb8d944deee199987737ec57913b to remote] DEBUG org.asynchttpclient.netty.request.NettyRequestSender - Using open Channel [id: 0xe7023fd3, L:/127.0.0.1:62163 - R:localhost/127.0.0.1:57107] for GET '/session/9218bb8d944deee199987737ec57913b/screenshot'
22:27:43.718 [AsyncHttpClient-1-5] DEBUG org.asynchttpclient.netty.handler.HttpHandler - 

Request DefaultFullHttpRequest(decodeResult: success, version: HTTP/1.1, content: EmptyByteBufBE)
GET /session/9218bb8d944deee199987737ec57913b/screenshot HTTP/1.1
User-Agent: selenium/4.1.2 (java windows)
Cache-Control: no-cache
Content-Type: application/json; charset=utf-8
host: localhost:57107
accept: */*

Response DefaultHttpResponse(decodeResult: success, version: HTTP/1.1)
HTTP/1.1 200 OK
Content-Type: application/json; charset=utf-8
cache-control: no-cache
content-length: 717468

22:27:43.719 [AsyncHttpClient-1-5] DEBUG org.asynchttpclient.netty.channel.ChannelManager - Adding key: http://localhost:57107 for channel [id: 0xe7023fd3, L:/127.0.0.1:62163 - R:localhost/127.0.0.1:57107]
22:27:43.741 [main] DEBUG net.serenitybdd.core.photography.Darkroom - Send negative for processing for target\site\serenity\c8f74db919fa030a6c2809e9c4d6482385878c7268b8555c31ee3a9e35ae73de.png
22:27:43.741 [main] DEBUG net.thucydides.core.steps.StepInterceptor - STEP DONE: {0} clicks on #target
22:27:43.741 [Darkroom Processing Line] DEBUG net.serenitybdd.core.photography.DarkroomProcessingLine - Processing screenshot image in /var/screenshots/screenshot-8353409082071346293
22:27:43.742 [Darkroom Processing Line] DEBUG net.serenitybdd.core.photography.DarkroomProcessingLine - Saving screenshot to target\site\serenity\c8f74db919fa030a6c2809e9c4d6482385878c7268b8555c31ee3a9e35ae73de.png
22:27:43.747 [main] DEBUG net.thucydides.core.steps.StepInterceptor - STARTING STEP: CampaignsStepDefinitions.userClicksOnACategory - {0} clicks on #category
22:27:43.757 [main] DEBUG net.serenitybdd.screenplay.targets.IFrameSwitcher - default content already selected for Otomotiv-Motosiklet category
22:27:43.761 [Forwarding findElements on session 9218bb8d944deee199987737ec57913b to remote] DEBUG org.asynchttpclient.netty.request.NettyRequestSender - Using pooled Channel '[id: 0xe7023fd3, L:/127.0.0.1:62163 - R:localhost/127.0.0.1:57107]' for 'POST' to 'http://localhost:57107/session/9218bb8d944deee199987737ec57913b/elements'
22:27:43.761 [Forwarding findElements on session 9218bb8d944deee199987737ec57913b to remote] DEBUG org.asynchttpclient.netty.request.NettyRequestSender - Using open Channel [id: 0xe7023fd3, L:/127.0.0.1:62163 - R:localhost/127.0.0.1:57107] for POST '/session/9218bb8d944deee199987737ec57913b/elements'
22:27:43.778 [AsyncHttpClient-1-5] DEBUG org.asynchttpclient.netty.handler.HttpHandler - 

Request DefaultHttpRequest(decodeResult: success, version: HTTP/1.1)
POST /session/9218bb8d944deee199987737ec57913b/elements HTTP/1.1
User-Agent: selenium/4.1.2 (java windows)
Content-Length: 75
Content-Type: application/json; charset=utf-8
host: localhost:57107
accept: */*

Response DefaultHttpResponse(decodeResult: success, version: HTTP/1.1)
HTTP/1.1 200 OK
Content-Type: application/json; charset=utf-8
cache-control: no-cache
content-length: 90

22:27:43.778 [AsyncHttpClient-1-5] DEBUG org.asynchttpclient.netty.channel.ChannelManager - Adding key: http://localhost:57107 for channel [id: 0xe7023fd3, L:/127.0.0.1:62163 - R:localhost/127.0.0.1:57107]
22:27:43.784 [Forwarding isElementDisplayed on session 9218bb8d944deee199987737ec57913b to remote] DEBUG org.asynchttpclient.netty.request.NettyRequestSender - Using pooled Channel '[id: 0xe7023fd3, L:/127.0.0.1:62163 - R:localhost/127.0.0.1:57107]' for 'POST' to 'http://localhost:57107/session/9218bb8d944deee199987737ec57913b/execute/sync'
22:27:43.784 [Forwarding isElementDisplayed on session 9218bb8d944deee199987737ec57913b to remote] DEBUG org.asynchttpclient.netty.request.NettyRequestSender - Using open Channel [id: 0xe7023fd3, L:/127.0.0.1:62163 - R:localhost/127.0.0.1:57107] for POST '/session/9218bb8d944deee199987737ec57913b/execute/sync'
22:27:43.807 [AsyncHttpClient-1-5] DEBUG org.asynchttpclient.netty.handler.HttpHandler - 

Request DefaultHttpRequest(decodeResult: success, version: HTTP/1.1)
POST /session/9218bb8d944deee199987737ec57913b/execute/sync HTTP/1.1
User-Agent: selenium/4.1.2 (java windows)
Content-Length: 48780
Content-Type: application/json; charset=utf-8
host: localhost:57107
accept: */*

Response DefaultHttpResponse(decodeResult: success, version: HTTP/1.1)
HTTP/1.1 200 OK
Content-Type: application/json; charset=utf-8
cache-control: no-cache
content-length: 14

22:27:43.807 [AsyncHttpClient-1-5] DEBUG org.asynchttpclient.netty.channel.ChannelManager - Adding key: http://localhost:57107 for channel [id: 0xe7023fd3, L:/127.0.0.1:62163 - R:localhost/127.0.0.1:57107]
22:27:43.808 [Forwarding isElementEnabled on session 9218bb8d944deee199987737ec57913b to remote] DEBUG org.asynchttpclient.netty.request.NettyRequestSender - Using pooled Channel '[id: 0xe7023fd3, L:/127.0.0.1:62163 - R:localhost/127.0.0.1:57107]' for 'GET' to 'http://localhost:57107/session/9218bb8d944deee199987737ec57913b/element/ec6a9d4d-ce7a-4f99-96b2-484dc75535e4/enabled'
22:27:43.808 [Forwarding isElementEnabled on session 9218bb8d944deee199987737ec57913b to remote] DEBUG org.asynchttpclient.netty.request.NettyRequestSender - Using open Channel [id: 0xe7023fd3, L:/127.0.0.1:62163 - R:localhost/127.0.0.1:57107] for GET '/session/9218bb8d944deee199987737ec57913b/element/ec6a9d4d-ce7a-4f99-96b2-484dc75535e4/enabled'
22:27:43.824 [AsyncHttpClient-1-5] DEBUG org.asynchttpclient.netty.handler.HttpHandler - 

Request DefaultFullHttpRequest(decodeResult: success, version: HTTP/1.1, content: EmptyByteBufBE)
GET /session/9218bb8d944deee199987737ec57913b/element/ec6a9d4d-ce7a-4f99-96b2-484dc75535e4/enabled HTTP/1.1
User-Agent: selenium/4.1.2 (java windows)
Cache-Control: no-cache
Content-Type: application/json; charset=utf-8
host: localhost:57107
accept: */*

Response DefaultHttpResponse(decodeResult: success, version: HTTP/1.1)
HTTP/1.1 200 OK
Content-Type: application/json; charset=utf-8
cache-control: no-cache
content-length: 14

22:27:43.824 [AsyncHttpClient-1-5] DEBUG org.asynchttpclient.netty.channel.ChannelManager - Adding key: http://localhost:57107 for channel [id: 0xe7023fd3, L:/127.0.0.1:62163 - R:localhost/127.0.0.1:57107]
22:27:43.831 [main] DEBUG net.thucydides.core.steps.StepInterceptor - STARTING STEP: ClickCategory.performAs - {0} clicks on #target
22:27:43.831 [main] DEBUG net.serenitybdd.screenplay.targets.IFrameSwitcher - default content already selected for Otomotiv-Motosiklet category
22:27:43.836 [Forwarding findElement on session 9218bb8d944deee199987737ec57913b to remote] DEBUG org.asynchttpclient.netty.request.NettyRequestSender - Using pooled Channel '[id: 0xe7023fd3, L:/127.0.0.1:62163 - R:localhost/127.0.0.1:57107]' for 'POST' to 'http://localhost:57107/session/9218bb8d944deee199987737ec57913b/element'
22:27:43.836 [Forwarding findElement on session 9218bb8d944deee199987737ec57913b to remote] DEBUG org.asynchttpclient.netty.request.NettyRequestSender - Using open Channel [id: 0xe7023fd3, L:/127.0.0.1:62163 - R:localhost/127.0.0.1:57107] for POST '/session/9218bb8d944deee199987737ec57913b/element'
22:27:43.850 [AsyncHttpClient-1-5] DEBUG org.asynchttpclient.netty.handler.HttpHandler - 

Request DefaultHttpRequest(decodeResult: success, version: HTTP/1.1)
POST /session/9218bb8d944deee199987737ec57913b/element HTTP/1.1
User-Agent: selenium/4.1.2 (java windows)
Content-Length: 75
Content-Type: application/json; charset=utf-8
host: localhost:57107
accept: */*

Response DefaultHttpResponse(decodeResult: success, version: HTTP/1.1)
HTTP/1.1 200 OK
Content-Type: application/json; charset=utf-8
cache-control: no-cache
content-length: 88

22:27:43.851 [AsyncHttpClient-1-5] DEBUG org.asynchttpclient.netty.channel.ChannelManager - Adding key: http://localhost:57107 for channel [id: 0xe7023fd3, L:/127.0.0.1:62163 - R:localhost/127.0.0.1:57107]
22:27:43.855 [Forwarding isElementDisplayed on session 9218bb8d944deee199987737ec57913b to remote] DEBUG org.asynchttpclient.netty.request.NettyRequestSender - Using pooled Channel '[id: 0xe7023fd3, L:/127.0.0.1:62163 - R:localhost/127.0.0.1:57107]' for 'POST' to 'http://localhost:57107/session/9218bb8d944deee199987737ec57913b/execute/sync'
22:27:43.855 [Forwarding isElementDisplayed on session 9218bb8d944deee199987737ec57913b to remote] DEBUG org.asynchttpclient.netty.request.NettyRequestSender - Using open Channel [id: 0xe7023fd3, L:/127.0.0.1:62163 - R:localhost/127.0.0.1:57107] for POST '/session/9218bb8d944deee199987737ec57913b/execute/sync'
22:27:43.868 [AsyncHttpClient-1-5] DEBUG org.asynchttpclient.netty.handler.HttpHandler - 

Request DefaultHttpRequest(decodeResult: success, version: HTTP/1.1)
POST /session/9218bb8d944deee199987737ec57913b/execute/sync HTTP/1.1
User-Agent: selenium/4.1.2 (java windows)
Content-Length: 48780
Content-Type: application/json; charset=utf-8
host: localhost:57107
accept: */*

Response DefaultHttpResponse(decodeResult: success, version: HTTP/1.1)
HTTP/1.1 200 OK
Content-Type: application/json; charset=utf-8
cache-control: no-cache
content-length: 14

22:27:43.868 [AsyncHttpClient-1-5] DEBUG org.asynchttpclient.netty.channel.ChannelManager - Adding key: http://localhost:57107 for channel [id: 0xe7023fd3, L:/127.0.0.1:62163 - R:localhost/127.0.0.1:57107]
22:27:43.870 [Forwarding findElement on session 9218bb8d944deee199987737ec57913b to remote] DEBUG org.asynchttpclient.netty.request.NettyRequestSender - Using pooled Channel '[id: 0xe7023fd3, L:/127.0.0.1:62163 - R:localhost/127.0.0.1:57107]' for 'POST' to 'http://localhost:57107/session/9218bb8d944deee199987737ec57913b/element'
22:27:43.870 [Forwarding findElement on session 9218bb8d944deee199987737ec57913b to remote] DEBUG org.asynchttpclient.netty.request.NettyRequestSender - Using open Channel [id: 0xe7023fd3, L:/127.0.0.1:62163 - R:localhost/127.0.0.1:57107] for POST '/session/9218bb8d944deee199987737ec57913b/element'
22:27:43.879 [AsyncHttpClient-1-5] DEBUG org.asynchttpclient.netty.handler.HttpHandler - 

Request DefaultHttpRequest(decodeResult: success, version: HTTP/1.1)
POST /session/9218bb8d944deee199987737ec57913b/element HTTP/1.1
User-Agent: selenium/4.1.2 (java windows)
Content-Length: 75
Content-Type: application/json; charset=utf-8
host: localhost:57107
accept: */*

Response DefaultHttpResponse(decodeResult: success, version: HTTP/1.1)
HTTP/1.1 200 OK
Content-Type: application/json; charset=utf-8
cache-control: no-cache
content-length: 88

22:27:43.879 [AsyncHttpClient-1-5] DEBUG org.asynchttpclient.netty.channel.ChannelManager - Adding key: http://localhost:57107 for channel [id: 0xe7023fd3, L:/127.0.0.1:62163 - R:localhost/127.0.0.1:57107]
22:27:43.880 [Forwarding clickElement on session 9218bb8d944deee199987737ec57913b to remote] DEBUG org.asynchttpclient.netty.request.NettyRequestSender - Using pooled Channel '[id: 0xe7023fd3, L:/127.0.0.1:62163 - R:localhost/127.0.0.1:57107]' for 'POST' to 'http://localhost:57107/session/9218bb8d944deee199987737ec57913b/element/ec6a9d4d-ce7a-4f99-96b2-484dc75535e4/click'
22:27:43.880 [Forwarding clickElement on session 9218bb8d944deee199987737ec57913b to remote] DEBUG org.asynchttpclient.netty.request.NettyRequestSender - Using open Channel [id: 0xe7023fd3, L:/127.0.0.1:62163 - R:localhost/127.0.0.1:57107] for POST '/session/9218bb8d944deee199987737ec57913b/element/ec6a9d4d-ce7a-4f99-96b2-484dc75535e4/click'
22:27:43.882 [AsyncHttpClient-1-1] DEBUG org.asynchttpclient.netty.channel.DefaultChannelPool - Entry count for : http://localhost:62164 : 1
22:27:43.988 [AsyncHttpClient-1-5] DEBUG org.asynchttpclient.netty.handler.HttpHandler - 

Request DefaultHttpRequest(decodeResult: success, version: HTTP/1.1)
POST /session/9218bb8d944deee199987737ec57913b/element/ec6a9d4d-ce7a-4f99-96b2-484dc75535e4/click HTTP/1.1
User-Agent: selenium/4.1.2 (java windows)
Content-Length: 50
Content-Type: application/json; charset=utf-8
host: localhost:57107
accept: */*

Response DefaultHttpResponse(decodeResult: success, version: HTTP/1.1)
HTTP/1.1 200 OK
Content-Type: application/json; charset=utf-8
cache-control: no-cache
content-length: 14

22:27:43.988 [AsyncHttpClient-1-5] DEBUG org.asynchttpclient.netty.channel.ChannelManager - Adding key: http://localhost:57107 for channel [id: 0xe7023fd3, L:/127.0.0.1:62163 - R:localhost/127.0.0.1:57107]
22:27:44.004 [Forwarding screenshot on session 9218bb8d944deee199987737ec57913b to remote] DEBUG org.asynchttpclient.netty.request.NettyRequestSender - Using pooled Channel '[id: 0xe7023fd3, L:/127.0.0.1:62163 - R:localhost/127.0.0.1:57107]' for 'GET' to 'http://localhost:57107/session/9218bb8d944deee199987737ec57913b/screenshot'
22:27:44.004 [Forwarding screenshot on session 9218bb8d944deee199987737ec57913b to remote] DEBUG org.asynchttpclient.netty.request.NettyRequestSender - Using open Channel [id: 0xe7023fd3, L:/127.0.0.1:62163 - R:localhost/127.0.0.1:57107] for GET '/session/9218bb8d944deee199987737ec57913b/screenshot'
22:27:44.611 [AsyncHttpClient-1-5] DEBUG org.asynchttpclient.netty.handler.HttpHandler - 

Request DefaultFullHttpRequest(decodeResult: success, version: HTTP/1.1, content: EmptyByteBufBE)
GET /session/9218bb8d944deee199987737ec57913b/screenshot HTTP/1.1
User-Agent: selenium/4.1.2 (java windows)
Cache-Control: no-cache
Content-Type: application/json; charset=utf-8
host: localhost:57107
accept: */*

Response DefaultHttpResponse(decodeResult: success, version: HTTP/1.1)
HTTP/1.1 200 OK
Content-Type: application/json; charset=utf-8
cache-control: no-cache
content-length: 127144

22:27:44.612 [AsyncHttpClient-1-5] DEBUG org.asynchttpclient.netty.channel.ChannelManager - Adding key: http://localhost:57107 for channel [id: 0xe7023fd3, L:/127.0.0.1:62163 - R:localhost/127.0.0.1:57107]
22:27:44.616 [main] DEBUG net.serenitybdd.core.photography.Darkroom - Send negative for processing for target\site\serenity\f44e3e85cd5ec533a7b02b1a6bd295a0d1924d55c9f241c57feb0437ec3d03d7.png
22:27:44.616 [main] DEBUG net.thucydides.core.steps.StepInterceptor - STEP DONE: {0} clicks on #target
22:27:44.616 [Darkroom Processing Line] DEBUG net.serenitybdd.core.photography.DarkroomProcessingLine - Processing screenshot image in /var/screenshots/screenshot-5159872309910774789
22:27:44.616 [Darkroom Processing Line] DEBUG net.serenitybdd.core.photography.DarkroomProcessingLine - Saving screenshot to target\site\serenity\f44e3e85cd5ec533a7b02b1a6bd295a0d1924d55c9f241c57feb0437ec3d03d7.png
22:27:44.623 [main] DEBUG net.thucydides.core.steps.StepInterceptor - STEP DONE: {0} clicks on #category
  &amp#27;[32mWhen &amp#27;[0m&amp#27;[32muser clicks on &amp#27;[0m&amp#27;[32m&amp#27;[1m"otomotiv-motosiklet"&amp#27;[0m                                 &amp#27;[90m# stepdefinitions.CampaignsStepDefinitions.userClicksOnACategory(java.lang.String)&amp#27;[0m
22:27:44.637 [Forwarding findElements on session 9218bb8d944deee199987737ec57913b to remote] DEBUG org.asynchttpclient.netty.request.NettyRequestSender - Using pooled Channel '[id: 0xe7023fd3, L:/127.0.0.1:62163 - R:localhost/127.0.0.1:57107]' for 'POST' to 'http://localhost:57107/session/9218bb8d944deee199987737ec57913b/elements'
22:27:44.637 [Forwarding findElements on session 9218bb8d944deee199987737ec57913b to remote] DEBUG org.asynchttpclient.netty.request.NettyRequestSender - Using open Channel [id: 0xe7023fd3, L:/127.0.0.1:62163 - R:localhost/127.0.0.1:57107] for POST '/session/9218bb8d944deee199987737ec57913b/elements'
22:27:44.704 [AsyncHttpClient-1-5] DEBUG org.asynchttpclient.netty.handler.HttpHandler - 

Request DefaultHttpRequest(decodeResult: success, version: HTTP/1.1)
POST /session/9218bb8d944deee199987737ec57913b/elements HTTP/1.1
User-Agent: selenium/4.1.2 (java windows)
Content-Length: 85
Content-Type: application/json; charset=utf-8
host: localhost:57107
accept: */*

Response DefaultHttpResponse(decodeResult: success, version: HTTP/1.1)
HTTP/1.1 200 OK
Content-Type: application/json; charset=utf-8
cache-control: no-cache
content-length: 327

22:27:44.704 [AsyncHttpClient-1-5] DEBUG org.asynchttpclient.netty.channel.ChannelManager - Adding key: http://localhost:57107 for channel [id: 0xe7023fd3, L:/127.0.0.1:62163 - R:localhost/127.0.0.1:57107]
22:27:44.706 [Forwarding findElement on session 9218bb8d944deee199987737ec57913b to remote] DEBUG org.asynchttpclient.netty.request.NettyRequestSender - Using pooled Channel '[id: 0xe7023fd3, L:/127.0.0.1:62163 - R:localhost/127.0.0.1:57107]' for 'POST' to 'http://localhost:57107/session/9218bb8d944deee199987737ec57913b/element'
22:27:44.706 [Forwarding findElement on session 9218bb8d944deee199987737ec57913b to remote] DEBUG org.asynchttpclient.netty.request.NettyRequestSender - Using open Channel [id: 0xe7023fd3, L:/127.0.0.1:62163 - R:localhost/127.0.0.1:57107] for POST '/session/9218bb8d944deee199987737ec57913b/element'
22:27:44.718 [AsyncHttpClient-1-5] DEBUG org.asynchttpclient.netty.handler.HttpHandler - 

Request DefaultHttpRequest(decodeResult: success, version: HTTP/1.1)
POST /session/9218bb8d944deee199987737ec57913b/element HTTP/1.1
User-Agent: selenium/4.1.2 (java windows)
Content-Length: 75
Content-Type: application/json; charset=utf-8
host: localhost:57107
accept: */*

Response DefaultHttpResponse(decodeResult: success, version: HTTP/1.1)
HTTP/1.1 200 OK
Content-Type: application/json; charset=utf-8
cache-control: no-cache
content-length: 88

22:27:44.718 [AsyncHttpClient-1-5] DEBUG org.asynchttpclient.netty.channel.ChannelManager - Adding key: http://localhost:57107 for channel [id: 0xe7023fd3, L:/127.0.0.1:62163 - R:localhost/127.0.0.1:57107]
22:27:44.723 [Forwarding getElementAttribute on session 9218bb8d944deee199987737ec57913b to remote] DEBUG org.asynchttpclient.netty.request.NettyRequestSender - Using pooled Channel '[id: 0xe7023fd3, L:/127.0.0.1:62163 - R:localhost/127.0.0.1:57107]' for 'POST' to 'http://localhost:57107/session/9218bb8d944deee199987737ec57913b/execute/sync'
22:27:44.723 [Forwarding getElementAttribute on session 9218bb8d944deee199987737ec57913b to remote] DEBUG org.asynchttpclient.netty.request.NettyRequestSender - Using open Channel [id: 0xe7023fd3, L:/127.0.0.1:62163 - R:localhost/127.0.0.1:57107] for POST '/session/9218bb8d944deee199987737ec57913b/execute/sync'
22:27:44.752 [AsyncHttpClient-1-5] DEBUG org.asynchttpclient.netty.handler.HttpHandler - 

Request DefaultHttpRequest(decodeResult: success, version: HTTP/1.1)
POST /session/9218bb8d944deee199987737ec57913b/execute/sync HTTP/1.1
User-Agent: selenium/4.1.2 (java windows)
Content-Length: 47339
Content-Type: application/json; charset=utf-8
host: localhost:57107
accept: */*

Response DefaultHttpResponse(decodeResult: success, version: HTTP/1.1)
HTTP/1.1 200 OK
Content-Type: application/json; charset=utf-8
cache-control: no-cache
content-length: 73

22:27:44.753 [AsyncHttpClient-1-5] DEBUG org.asynchttpclient.netty.channel.ChannelManager - Adding key: http://localhost:57107 for channel [id: 0xe7023fd3, L:/127.0.0.1:62163 - R:localhost/127.0.0.1:57107]
22:27:44.757 [Forwarding getElementAttribute on session 9218bb8d944deee199987737ec57913b to remote] DEBUG org.asynchttpclient.netty.request.NettyRequestSender - Using pooled Channel '[id: 0xe7023fd3, L:/127.0.0.1:62163 - R:localhost/127.0.0.1:57107]' for 'POST' to 'http://localhost:57107/session/9218bb8d944deee199987737ec57913b/execute/sync'
22:27:44.757 [Forwarding getElementAttribute on session 9218bb8d944deee199987737ec57913b to remote] DEBUG org.asynchttpclient.netty.request.NettyRequestSender - Using open Channel [id: 0xe7023fd3, L:/127.0.0.1:62163 - R:localhost/127.0.0.1:57107] for POST '/session/9218bb8d944deee199987737ec57913b/execute/sync'
22:27:44.834 [AsyncHttpClient-1-5] DEBUG org.asynchttpclient.netty.handler.HttpHandler - 

Request DefaultHttpRequest(decodeResult: success, version: HTTP/1.1)
POST /session/9218bb8d944deee199987737ec57913b/execute/sync HTTP/1.1
User-Agent: selenium/4.1.2 (java windows)
Content-Length: 47339
Content-Type: application/json; charset=utf-8
host: localhost:57107
accept: */*

Response DefaultHttpResponse(decodeResult: success, version: HTTP/1.1)
HTTP/1.1 200 OK
Content-Type: application/json; charset=utf-8
cache-control: no-cache
content-length: 78

22:27:44.834 [AsyncHttpClient-1-5] DEBUG org.asynchttpclient.netty.channel.ChannelManager - Adding key: http://localhost:57107 for channel [id: 0xe7023fd3, L:/127.0.0.1:62163 - R:localhost/127.0.0.1:57107]
22:27:44.840 [Forwarding getElementAttribute on session 9218bb8d944deee199987737ec57913b to remote] DEBUG org.asynchttpclient.netty.request.NettyRequestSender - Using pooled Channel '[id: 0xe7023fd3, L:/127.0.0.1:62163 - R:localhost/127.0.0.1:57107]' for 'POST' to 'http://localhost:57107/session/9218bb8d944deee199987737ec57913b/execute/sync'
22:27:44.840 [Forwarding getElementAttribute on session 9218bb8d944deee199987737ec57913b to remote] DEBUG org.asynchttpclient.netty.request.NettyRequestSender - Using open Channel [id: 0xe7023fd3, L:/127.0.0.1:62163 - R:localhost/127.0.0.1:57107] for POST '/session/9218bb8d944deee199987737ec57913b/execute/sync'
22:27:44.861 [AsyncHttpClient-1-5] DEBUG org.asynchttpclient.netty.handler.HttpHandler - 

Request DefaultHttpRequest(decodeResult: success, version: HTTP/1.1)
POST /session/9218bb8d944deee199987737ec57913b/execute/sync HTTP/1.1
User-Agent: selenium/4.1.2 (java windows)
Content-Length: 47339
Content-Type: application/json; charset=utf-8
host: localhost:57107
accept: */*

Response DefaultHttpResponse(decodeResult: success, version: HTTP/1.1)
HTTP/1.1 200 OK
Content-Type: application/json; charset=utf-8
cache-control: no-cache
content-length: 105

22:27:44.861 [AsyncHttpClient-1-5] DEBUG org.asynchttpclient.netty.channel.ChannelManager - Adding key: http://localhost:57107 for channel [id: 0xe7023fd3, L:/127.0.0.1:62163 - R:localhost/127.0.0.1:57107]
22:27:44.866 [Forwarding getElementAttribute on session 9218bb8d944deee199987737ec57913b to remote] DEBUG org.asynchttpclient.netty.request.NettyRequestSender - Using pooled Channel '[id: 0xe7023fd3, L:/127.0.0.1:62163 - R:localhost/127.0.0.1:57107]' for 'POST' to 'http://localhost:57107/session/9218bb8d944deee199987737ec57913b/execute/sync'
22:27:44.866 [Forwarding getElementAttribute on session 9218bb8d944deee199987737ec57913b to remote] DEBUG org.asynchttpclient.netty.request.NettyRequestSender - Using open Channel [id: 0xe7023fd3, L:/127.0.0.1:62163 - R:localhost/127.0.0.1:57107] for POST '/session/9218bb8d944deee199987737ec57913b/execute/sync'
22:27:44.878 [AsyncHttpClient-1-5] DEBUG org.asynchttpclient.netty.handler.HttpHandler - 

Request DefaultHttpRequest(decodeResult: success, version: HTTP/1.1)
POST /session/9218bb8d944deee199987737ec57913b/execute/sync HTTP/1.1
User-Agent: selenium/4.1.2 (java windows)
Content-Length: 47339
Content-Type: application/json; charset=utf-8
host: localhost:57107
accept: */*

Response DefaultHttpResponse(decodeResult: success, version: HTTP/1.1)
HTTP/1.1 200 OK
Content-Type: application/json; charset=utf-8
cache-control: no-cache
content-length: 94

22:27:44.878 [AsyncHttpClient-1-5] DEBUG org.asynchttpclient.netty.channel.ChannelManager - Adding key: http://localhost:57107 for channel [id: 0xe7023fd3, L:/127.0.0.1:62163 - R:localhost/127.0.0.1:57107]
22:27:44.881 [Forwarding getElementAttribute on session 9218bb8d944deee199987737ec57913b to remote] DEBUG org.asynchttpclient.netty.request.NettyRequestSender - Using pooled Channel '[id: 0xe7023fd3, L:/127.0.0.1:62163 - R:localhost/127.0.0.1:57107]' for 'POST' to 'http://localhost:57107/session/9218bb8d944deee199987737ec57913b/execute/sync'
22:27:44.881 [Forwarding getElementAttribute on session 9218bb8d944deee199987737ec57913b to remote] DEBUG org.asynchttpclient.netty.request.NettyRequestSender - Using open Channel [id: 0xe7023fd3, L:/127.0.0.1:62163 - R:localhost/127.0.0.1:57107] for POST '/session/9218bb8d944deee199987737ec57913b/execute/sync'
22:27:44.891 [AsyncHttpClient-1-5] DEBUG org.asynchttpclient.netty.handler.HttpHandler - 

Request DefaultHttpRequest(decodeResult: success, version: HTTP/1.1)
POST /session/9218bb8d944deee199987737ec57913b/execute/sync HTTP/1.1
User-Agent: selenium/4.1.2 (java windows)
Content-Length: 47339
Content-Type: application/json; charset=utf-8
host: localhost:57107
accept: */*

Response DefaultHttpResponse(decodeResult: success, version: HTTP/1.1)
HTTP/1.1 200 OK
Content-Type: application/json; charset=utf-8
cache-control: no-cache
content-length: 75

22:27:44.891 [AsyncHttpClient-1-5] DEBUG org.asynchttpclient.netty.channel.ChannelManager - Adding key: http://localhost:57107 for channel [id: 0xe7023fd3, L:/127.0.0.1:62163 - R:localhost/127.0.0.1:57107]
22:27:44.933 [Forwarding findElements on session 9218bb8d944deee199987737ec57913b to remote] DEBUG org.asynchttpclient.netty.request.NettyRequestSender - Using pooled Channel '[id: 0xe7023fd3, L:/127.0.0.1:62163 - R:localhost/127.0.0.1:57107]' for 'POST' to 'http://localhost:57107/session/9218bb8d944deee199987737ec57913b/elements'
22:27:44.933 [Forwarding findElements on session 9218bb8d944deee199987737ec57913b to remote] DEBUG org.asynchttpclient.netty.request.NettyRequestSender - Using open Channel [id: 0xe7023fd3, L:/127.0.0.1:62163 - R:localhost/127.0.0.1:57107] for POST '/session/9218bb8d944deee199987737ec57913b/elements'
22:27:44.944 [AsyncHttpClient-1-5] DEBUG org.asynchttpclient.netty.handler.HttpHandler - 

Request DefaultHttpRequest(decodeResult: success, version: HTTP/1.1)
POST /session/9218bb8d944deee199987737ec57913b/elements HTTP/1.1
User-Agent: selenium/4.1.2 (java windows)
Content-Length: 85
Content-Type: application/json; charset=utf-8
host: localhost:57107
accept: */*

Response DefaultHttpResponse(decodeResult: success, version: HTTP/1.1)
HTTP/1.1 200 OK
Content-Type: application/json; charset=utf-8
cache-control: no-cache
content-length: 327

22:27:44.944 [AsyncHttpClient-1-5] DEBUG org.asynchttpclient.netty.channel.ChannelManager - Adding key: http://localhost:57107 for channel [id: 0xe7023fd3, L:/127.0.0.1:62163 - R:localhost/127.0.0.1:57107]
22:27:44.945 [Forwarding findElement on session 9218bb8d944deee199987737ec57913b to remote] DEBUG org.asynchttpclient.netty.request.NettyRequestSender - Using pooled Channel '[id: 0xe7023fd3, L:/127.0.0.1:62163 - R:localhost/127.0.0.1:57107]' for 'POST' to 'http://localhost:57107/session/9218bb8d944deee199987737ec57913b/element'
22:27:44.945 [Forwarding findElement on session 9218bb8d944deee199987737ec57913b to remote] DEBUG org.asynchttpclient.netty.request.NettyRequestSender - Using open Channel [id: 0xe7023fd3, L:/127.0.0.1:62163 - R:localhost/127.0.0.1:57107] for POST '/session/9218bb8d944deee199987737ec57913b/element'
22:27:44.955 [AsyncHttpClient-1-5] DEBUG org.asynchttpclient.netty.handler.HttpHandler - 

Request DefaultHttpRequest(decodeResult: success, version: HTTP/1.1)
POST /session/9218bb8d944deee199987737ec57913b/element HTTP/1.1
User-Agent: selenium/4.1.2 (java windows)
Content-Length: 75
Content-Type: application/json; charset=utf-8
host: localhost:57107
accept: */*

Response DefaultHttpResponse(decodeResult: success, version: HTTP/1.1)
HTTP/1.1 200 OK
Content-Type: application/json; charset=utf-8
cache-control: no-cache
content-length: 88

22:27:44.955 [AsyncHttpClient-1-5] DEBUG org.asynchttpclient.netty.channel.ChannelManager - Adding key: http://localhost:57107 for channel [id: 0xe7023fd3, L:/127.0.0.1:62163 - R:localhost/127.0.0.1:57107]
22:27:44.958 [Forwarding getElementAttribute on session 9218bb8d944deee199987737ec57913b to remote] DEBUG org.asynchttpclient.netty.request.NettyRequestSender - Using pooled Channel '[id: 0xe7023fd3, L:/127.0.0.1:62163 - R:localhost/127.0.0.1:57107]' for 'POST' to 'http://localhost:57107/session/9218bb8d944deee199987737ec57913b/execute/sync'
22:27:44.958 [Forwarding getElementAttribute on session 9218bb8d944deee199987737ec57913b to remote] DEBUG org.asynchttpclient.netty.request.NettyRequestSender - Using open Channel [id: 0xe7023fd3, L:/127.0.0.1:62163 - R:localhost/127.0.0.1:57107] for POST '/session/9218bb8d944deee199987737ec57913b/execute/sync'
22:27:44.973 [AsyncHttpClient-1-5] DEBUG org.asynchttpclient.netty.handler.HttpHandler - 

Request DefaultHttpRequest(decodeResult: success, version: HTTP/1.1)
POST /session/9218bb8d944deee199987737ec57913b/execute/sync HTTP/1.1
User-Agent: selenium/4.1.2 (java windows)
Content-Length: 47339
Content-Type: application/json; charset=utf-8
host: localhost:57107
accept: */*

Response DefaultHttpResponse(decodeResult: success, version: HTTP/1.1)
HTTP/1.1 200 OK
Content-Type: application/json; charset=utf-8
cache-control: no-cache
content-length: 73

22:27:44.974 [AsyncHttpClient-1-5] DEBUG org.asynchttpclient.netty.channel.ChannelManager - Adding key: http://localhost:57107 for channel [id: 0xe7023fd3, L:/127.0.0.1:62163 - R:localhost/127.0.0.1:57107]
22:27:44.978 [Forwarding getElementAttribute on session 9218bb8d944deee199987737ec57913b to remote] DEBUG org.asynchttpclient.netty.request.NettyRequestSender - Using pooled Channel '[id: 0xe7023fd3, L:/127.0.0.1:62163 - R:localhost/127.0.0.1:57107]' for 'POST' to 'http://localhost:57107/session/9218bb8d944deee199987737ec57913b/execute/sync'
22:27:44.978 [Forwarding getElementAttribute on session 9218bb8d944deee199987737ec57913b to remote] DEBUG org.asynchttpclient.netty.request.NettyRequestSender - Using open Channel [id: 0xe7023fd3, L:/127.0.0.1:62163 - R:localhost/127.0.0.1:57107] for POST '/session/9218bb8d944deee199987737ec57913b/execute/sync'
22:27:44.983 [AsyncHttpClient-1-1] DEBUG org.asynchttpclient.netty.channel.DefaultChannelPool - Entry count for : http://localhost:62164 : 1
22:27:44.998 [AsyncHttpClient-1-5] DEBUG org.asynchttpclient.netty.handler.HttpHandler - 

Request DefaultHttpRequest(decodeResult: success, version: HTTP/1.1)
POST /session/9218bb8d944deee199987737ec57913b/execute/sync HTTP/1.1
User-Agent: selenium/4.1.2 (java windows)
Content-Length: 47339
Content-Type: application/json; charset=utf-8
host: localhost:57107
accept: */*

Response DefaultHttpResponse(decodeResult: success, version: HTTP/1.1)
HTTP/1.1 200 OK
Content-Type: application/json; charset=utf-8
cache-control: no-cache
content-length: 78

22:27:44.998 [AsyncHttpClient-1-5] DEBUG org.asynchttpclient.netty.channel.ChannelManager - Adding key: http://localhost:57107 for channel [id: 0xe7023fd3, L:/127.0.0.1:62163 - R:localhost/127.0.0.1:57107]
22:27:45.001 [Forwarding getElementAttribute on session 9218bb8d944deee199987737ec57913b to remote] DEBUG org.asynchttpclient.netty.request.NettyRequestSender - Using pooled Channel '[id: 0xe7023fd3, L:/127.0.0.1:62163 - R:localhost/127.0.0.1:57107]' for 'POST' to 'http://localhost:57107/session/9218bb8d944deee199987737ec57913b/execute/sync'
22:27:45.001 [Forwarding getElementAttribute on session 9218bb8d944deee199987737ec57913b to remote] DEBUG org.asynchttpclient.netty.request.NettyRequestSender - Using open Channel [id: 0xe7023fd3, L:/127.0.0.1:62163 - R:localhost/127.0.0.1:57107] for POST '/session/9218bb8d944deee199987737ec57913b/execute/sync'
22:27:45.015 [AsyncHttpClient-1-5] DEBUG org.asynchttpclient.netty.handler.HttpHandler - 

Request DefaultHttpRequest(decodeResult: success, version: HTTP/1.1)
POST /session/9218bb8d944deee199987737ec57913b/execute/sync HTTP/1.1
User-Agent: selenium/4.1.2 (java windows)
Content-Length: 47339
Content-Type: application/json; charset=utf-8
host: localhost:57107
accept: */*

Response DefaultHttpResponse(decodeResult: success, version: HTTP/1.1)
HTTP/1.1 200 OK
Content-Type: application/json; charset=utf-8
cache-control: no-cache
content-length: 105

22:27:45.015 [AsyncHttpClient-1-5] DEBUG org.asynchttpclient.netty.channel.ChannelManager - Adding key: http://localhost:57107 for channel [id: 0xe7023fd3, L:/127.0.0.1:62163 - R:localhost/127.0.0.1:57107]
22:27:45.019 [Forwarding getElementAttribute on session 9218bb8d944deee199987737ec57913b to remote] DEBUG org.asynchttpclient.netty.request.NettyRequestSender - Using pooled Channel '[id: 0xe7023fd3, L:/127.0.0.1:62163 - R:localhost/127.0.0.1:57107]' for 'POST' to 'http://localhost:57107/session/9218bb8d944deee199987737ec57913b/execute/sync'
22:27:45.019 [Forwarding getElementAttribute on session 9218bb8d944deee199987737ec57913b to remote] DEBUG org.asynchttpclient.netty.request.NettyRequestSender - Using open Channel [id: 0xe7023fd3, L:/127.0.0.1:62163 - R:localhost/127.0.0.1:57107] for POST '/session/9218bb8d944deee199987737ec57913b/execute/sync'
22:27:45.029 [AsyncHttpClient-1-5] DEBUG org.asynchttpclient.netty.handler.HttpHandler - 

Request DefaultHttpRequest(decodeResult: success, version: HTTP/1.1)
POST /session/9218bb8d944deee199987737ec57913b/execute/sync HTTP/1.1
User-Agent: selenium/4.1.2 (java windows)
Content-Length: 47339
Content-Type: application/json; charset=utf-8
host: localhost:57107
accept: */*

Response DefaultHttpResponse(decodeResult: success, version: HTTP/1.1)
HTTP/1.1 200 OK
Content-Type: application/json; charset=utf-8
cache-control: no-cache
content-length: 94

22:27:45.029 [AsyncHttpClient-1-5] DEBUG org.asynchttpclient.netty.channel.ChannelManager - Adding key: http://localhost:57107 for channel [id: 0xe7023fd3, L:/127.0.0.1:62163 - R:localhost/127.0.0.1:57107]
22:27:45.032 [Forwarding getElementAttribute on session 9218bb8d944deee199987737ec57913b to remote] DEBUG org.asynchttpclient.netty.request.NettyRequestSender - Using pooled Channel '[id: 0xe7023fd3, L:/127.0.0.1:62163 - R:localhost/127.0.0.1:57107]' for 'POST' to 'http://localhost:57107/session/9218bb8d944deee199987737ec57913b/execute/sync'
22:27:45.032 [Forwarding getElementAttribute on session 9218bb8d944deee199987737ec57913b to remote] DEBUG org.asynchttpclient.netty.request.NettyRequestSender - Using open Channel [id: 0xe7023fd3, L:/127.0.0.1:62163 - R:localhost/127.0.0.1:57107] for POST '/session/9218bb8d944deee199987737ec57913b/execute/sync'
22:27:45.045 [AsyncHttpClient-1-5] DEBUG org.asynchttpclient.netty.handler.HttpHandler - 

Request DefaultHttpRequest(decodeResult: success, version: HTTP/1.1)
POST /session/9218bb8d944deee199987737ec57913b/execute/sync HTTP/1.1
User-Agent: selenium/4.1.2 (java windows)
Content-Length: 47339
Content-Type: application/json; charset=utf-8
host: localhost:57107
accept: */*

Response DefaultHttpResponse(decodeResult: success, version: HTTP/1.1)
HTTP/1.1 200 OK
Content-Type: application/json; charset=utf-8
cache-control: no-cache
content-length: 75

22:27:45.045 [AsyncHttpClient-1-5] DEBUG org.asynchttpclient.netty.channel.ChannelManager - Adding key: http://localhost:57107 for channel [id: 0xe7023fd3, L:/127.0.0.1:62163 - R:localhost/127.0.0.1:57107]
22:27:45.251 [main] DEBUG net.thucydides.core.steps.StepInterceptor - STARTING STEP: CampaignsStepDefinitions.userObtainsCampaignsList - {0} should see #description
22:27:45.260 [Forwarding screenshot on session 9218bb8d944deee199987737ec57913b to remote] DEBUG org.asynchttpclient.netty.request.NettyRequestSender - Using pooled Channel '[id: 0xe7023fd3, L:/127.0.0.1:62163 - R:localhost/127.0.0.1:57107]' for 'GET' to 'http://localhost:57107/session/9218bb8d944deee199987737ec57913b/screenshot'
22:27:45.260 [Forwarding screenshot on session 9218bb8d944deee199987737ec57913b to remote] DEBUG org.asynchttpclient.netty.request.NettyRequestSender - Using open Channel [id: 0xe7023fd3, L:/127.0.0.1:62163 - R:localhost/127.0.0.1:57107] for GET '/session/9218bb8d944deee199987737ec57913b/screenshot'
22:27:45.498 [AsyncHttpClient-1-5] DEBUG org.asynchttpclient.netty.handler.HttpHandler - 

Request DefaultFullHttpRequest(decodeResult: success, version: HTTP/1.1, content: EmptyByteBufBE)
GET /session/9218bb8d944deee199987737ec57913b/screenshot HTTP/1.1
User-Agent: selenium/4.1.2 (java windows)
Cache-Control: no-cache
Content-Type: application/json; charset=utf-8
host: localhost:57107
accept: */*

Response DefaultHttpResponse(decodeResult: success, version: HTTP/1.1)
HTTP/1.1 200 OK
Content-Type: application/json; charset=utf-8
cache-control: no-cache
content-length: 130776

22:27:45.498 [AsyncHttpClient-1-5] DEBUG org.asynchttpclient.netty.channel.ChannelManager - Adding key: http://localhost:57107 for channel [id: 0xe7023fd3, L:/127.0.0.1:62163 - R:localhost/127.0.0.1:57107]
22:27:45.498 [main] DEBUG net.serenitybdd.core.photography.Darkroom - Send negative for processing for target\site\serenity\586045b21e4c093af77baec6103e1737ef4e8c736d2d4a7018e5fc59031c8014.png
22:27:45.498 [main] DEBUG net.thucydides.core.steps.StepInterceptor - STEP DONE: {0} should see #description
22:27:45.498 [Darkroom Processing Line] DEBUG net.serenitybdd.core.photography.DarkroomProcessingLine - Processing screenshot image in /var/screenshots/screenshot-3692262839085546334
22:27:45.498 [Darkroom Processing Line] DEBUG net.serenitybdd.core.photography.DarkroomProcessingLine - Saving screenshot to target\site\serenity\586045b21e4c093af77baec6103e1737ef4e8c736d2d4a7018e5fc59031c8014.png
22:27:45.498 [Forwarding getCurrentUrl on session 9218bb8d944deee199987737ec57913b to remote] DEBUG org.asynchttpclient.netty.request.NettyRequestSender - Using pooled Channel '[id: 0xe7023fd3, L:/127.0.0.1:62163 - R:localhost/127.0.0.1:57107]' for 'GET' to 'http://localhost:57107/session/9218bb8d944deee199987737ec57913b/url'
22:27:45.498 [Forwarding getCurrentUrl on session 9218bb8d944deee199987737ec57913b to remote] DEBUG org.asynchttpclient.netty.request.NettyRequestSender - Using open Channel [id: 0xe7023fd3, L:/127.0.0.1:62163 - R:localhost/127.0.0.1:57107] for GET '/session/9218bb8d944deee199987737ec57913b/url'
22:27:45.508 [AsyncHttpClient-1-5] DEBUG org.asynchttpclient.netty.handler.HttpHandler - 

Request DefaultFullHttpRequest(decodeResult: success, version: HTTP/1.1, content: EmptyByteBufBE)
GET /session/9218bb8d944deee199987737ec57913b/url HTTP/1.1
User-Agent: selenium/4.1.2 (java windows)
Cache-Control: no-cache
Content-Type: application/json; charset=utf-8
host: localhost:57107
accept: */*

Response DefaultHttpResponse(decodeResult: success, version: HTTP/1.1)
HTTP/1.1 200 OK
Content-Type: application/json; charset=utf-8
cache-control: no-cache
content-length: 63

22:27:45.508 [AsyncHttpClient-1-5] DEBUG org.asynchttpclient.netty.channel.ChannelManager - Adding key: http://localhost:57107 for channel [id: 0xe7023fd3, L:/127.0.0.1:62163 - R:localhost/127.0.0.1:57107]
22:27:45.508 [main] DEBUG net.thucydides.core.steps.StepInterceptor - STARTING STEP: CampaignsStepDefinitions.userObtainsCampaignsList - {0} should see #description
22:27:45.518 [main] DEBUG net.thucydides.core.steps.StepInterceptor - STEP DONE: {0} should see #description
22:27:45.518 [AsyncHttpClient-1-7] DEBUG org.asynchttpclient.netty.handler.WebSocketHandler - Channel Closed: [id: 0x966c8362, L:/127.0.0.1:62170 ! R:localhost/127.0.0.1:62164] with attribute NettyResponseFuture{currentRetry=5,
	isDone=1,
	isCancelled=0,
	asyncHandler=org.asynchttpclient.ws.WebSocketUpgradeHandler@5dcde90f,
	nettyRequest=org.asynchttpclient.netty.request.NettyRequest@4258f9ab,
	future=java.util.concurrent.CompletableFuture@3b966ac5[Completed normally],
	uri=ws://localhost:62164/devtools/browser/3a924434-35a7-41a6-b550-6f5bf2b64899,
	keepAlive=true,
	redirectCount=0,
	timeoutsHolder=null,
	inAuth=0,
	touch=1644089256720}
22:27:45.518 [AsyncHttpClient-1-7] DEBUG org.asynchttpclient.netty.channel.ChannelManager - Closing Channel [id: 0x966c8362, L:/127.0.0.1:62170 ! R:localhost/127.0.0.1:62164] 
22:27:45.518 [Driver Command Executor] DEBUG org.asynchttpclient.netty.request.NettyRequestSender - Using pooled Channel '[id: 0xe7023fd3, L:/127.0.0.1:62163 - R:localhost/127.0.0.1:57107]' for 'DELETE' to 'http://localhost:57107/session/9218bb8d944deee199987737ec57913b'
22:27:45.518 [Driver Command Executor] DEBUG org.asynchttpclient.netty.request.NettyRequestSender - Using open Channel [id: 0xe7023fd3, L:/127.0.0.1:62163 - R:localhost/127.0.0.1:57107] for DELETE '/session/9218bb8d944deee199987737ec57913b'
22:27:45.701 [AsyncHttpClient-1-6] DEBUG org.asynchttpclient.netty.handler.HttpHandler - Unexpected I/O exception on channel [id: 0x72ae0460, L:/127.0.0.1:62169 - R:localhost/127.0.0.1:62164]
java.net.SocketException: Connection reset
	at java.base/sun.nio.ch.SocketChannelImpl.throwConnectionReset(SocketChannelImpl.java:394)
	at java.base/sun.nio.ch.SocketChannelImpl.read(SocketChannelImpl.java:426)
	at io.netty.buffer.PooledByteBuf.setBytes(PooledByteBuf.java:258)
	at io.netty.buffer.AbstractByteBuf.writeBytes(AbstractByteBuf.java:1132)
	at io.netty.channel.socket.nio.NioSocketChannel.doReadBytes(NioSocketChannel.java:350)
	at io.netty.channel.nio.AbstractNioByteChannel$NioByteUnsafe.read(AbstractNioByteChannel.java:151)
	at io.netty.channel.nio.NioEventLoop.processSelectedKey(NioEventLoop.java:722)
	at io.netty.channel.nio.NioEventLoop.processSelectedKeysOptimized(NioEventLoop.java:658)
	at io.netty.channel.nio.NioEventLoop.processSelectedKeys(NioEventLoop.java:584)
	at io.netty.channel.nio.NioEventLoop.run(NioEventLoop.java:496)
	at io.netty.util.concurrent.SingleThreadEventExecutor$4.run(SingleThreadEventExecutor.java:986)
	at io.netty.util.internal.ThreadExecutorMap$2.run(ThreadExecutorMap.java:74)
	at io.netty.util.concurrent.FastThreadLocalRunnable.run(FastThreadLocalRunnable.java:30)
	at java.base/java.lang.Thread.run(Thread.java:833)
22:27:45.701 [AsyncHttpClient-1-6] DEBUG org.asynchttpclient.netty.channel.ChannelManager - Closing Channel [id: 0x72ae0460, L:/127.0.0.1:62169 - R:localhost/127.0.0.1:62164] 
22:27:45.701 [AsyncHttpClient-1-6] DEBUG org.asynchttpclient.netty.handler.HttpHandler - Channel Closed: [id: 0x72ae0460, L:/127.0.0.1:62169 ! R:localhost/127.0.0.1:62164] with attribute DISCARD
22:27:45.731 [AsyncHttpClient-1-5] DEBUG org.asynchttpclient.netty.handler.HttpHandler - 

Request DefaultFullHttpRequest(decodeResult: success, version: HTTP/1.1, content: EmptyByteBufBE)
DELETE /session/9218bb8d944deee199987737ec57913b HTTP/1.1
User-Agent: selenium/4.1.2 (java windows)
Content-Type: application/json; charset=utf-8
host: localhost:57107
accept: */*

Response DefaultHttpResponse(decodeResult: success, version: HTTP/1.1)
HTTP/1.1 200 OK
Content-Type: application/json; charset=utf-8
cache-control: no-cache
content-length: 14

22:27:45.731 [AsyncHttpClient-1-5] DEBUG org.asynchttpclient.netty.channel.ChannelManager - Adding key: http://localhost:57107 for channel [id: 0xe7023fd3, L:/127.0.0.1:62163 - R:localhost/127.0.0.1:57107]
22:27:45.801 [AsyncHttpClient-1-5] DEBUG org.asynchttpclient.netty.handler.HttpHandler - Channel Closed: [id: 0xe7023fd3, L:/127.0.0.1:62163 ! R:localhost/127.0.0.1:57107] with attribute DISCARD
  &amp#27;[32mThen &amp#27;[0m&amp#27;[32muser sees the &amp#27;[0m&amp#27;[32m&amp#27;[1m"otomotiv-motosiklet"&amp#27;[0m&amp#27;[32m campaigns list&amp#27;[0m                   &amp#27;[90m# stepdefinitions.CampaignsStepDefinitions.userObtainsCampaignsList(java.lang.String)&amp#27;[0m
]]></system-out>
    <system-err><![CDATA[Starting ChromeDriver 97.0.4692.71 (adefa7837d02a07a604c1e6eff0b3a09422ab88d-refs/branch-heads/4692@{#1247}) on port 57107
Only local connections are allowed.
Please see https://chromedriver.chromium.org/security-considerations for suggestions on keeping ChromeDriver safe.
ChromeDriver was started successfully.
Feb 05, 2022 10:27:36 PM org.openqa.selenium.remote.ProtocolHandshake createSession
INFO: Detected dialect: W3C
Feb 05, 2022 10:27:36 PM org.openqa.selenium.devtools.CdpVersionFinder findNearestMatch
INFO: Found exact CDP implementation for version 97
]]></system-err>
  </testcase>
</testsuite>